
**************************************************************************
*                                                                        *
*            Mimrec - MEGAlib image reconstruction (and more)            *
*                                                                        *
*             This program is part of MEGAlib version 2.31.00            *
*                (C) by Andreas Zoglauer and contributors                *
*                                                                        *
*                      Master reference for MEGAlib:                     *
*            A. Zoglauer et al., NewAR 50 (7-8), 629-632, 2006           *
*                                                                        *
*            For more information about MEGAlib please visit:            *
*                        http://megalibtoolkit.com                       *
*                                                                        *
**************************************************************************

              You are using a development version of MEGAlib              

Command-line parser: Use file /Users/reginamcaputo/Desktop/ComPair/Simulatons/PerformancePlotMimrecFiles/../PerformancePlotTraFiles/FarFieldPointSource_1MeV_Cos0.5.inc1.id1.tra
   ***  Info  ***  for detector topACD
Ignoring noise threshold, because NoiseThresholdEqualsTriggerThreshold is set
   ***  Info  ***  for detector sideACD
Ignoring noise threshold, because NoiseThresholdEqualsTriggerThreshold is set
   ***  Warning  ***  
You have not defined any trigger criterion for detector: topACD
   ***  Warning  ***  
You have not defined any trigger criterion for detector: sideACD
Geometry MyComPair loaded!

Energy spectrum - some additional statistics:
Number of events:     9856 (inside=9856, outside=0)
Avg. measured energy: 932.956 keV

 FCN=19.9659 FROM MIGRAD    STATUS=CONVERGED      70 CALLS          71 TOTAL
                     EDM=2.40051e-08    STRATEGY= 1      ERROR MATRIX ACCURATE 
  EXT PARAMETER                                   STEP         FIRST   
  NO.   NAME      VALUE            ERROR          SIZE      DERIVATIVE 
   1  Constant     1.64815e+03   2.59239e+01   6.21054e-02  -6.49847e-06
   2  Mean         9.94506e+02   2.65896e-01   8.29957e-04  -1.97968e-04
   3  Sigma        2.03322e+01   2.33026e-01   9.41313e-06  -1.06683e-02
                               ERR DEF= 0.5


 NEW MINIMUM FOUND.  GO BACK TO MINIMIZATION STEP.
 =================================================
                                                  V
                                                  V
                                                  V
                                               VVVVVVV
                                                VVVVV
                                                 VVV
                                                  V

 NEW MINIMUM FOUND.  GO BACK TO MINIMIZATION STEP.
 =================================================
                                                  V
                                                  V
                                                  V
                                               VVVVVVV
                                                VVVVV
                                                 VVV
                                                  V

 NEW MINIMUM FOUND.  GO BACK TO MINIMIZATION STEP.
 =================================================
                                                  V
                                                  V
                                                  V
                                               VVVVVVV
                                                VVVVV
                                                 VVV
                                                  V

 NEW MINIMUM FOUND.  GO BACK TO MINIMIZATION STEP.
 =================================================
                                                  V
                                                  V
                                                  V
                                               VVVVVVV
                                                VVVVV
                                                 VVV
                                                  V



Statistics of ARM histogram and fit
***********************************

Analyzed Compton and pair events:        6860
Compton and pair events in histogram:    5612 (81.8076%)

RMS:                                     6.02982 deg

Total FWHM of fit (not of data!):        5.652 deg (90% confidence interval: 5.45679 deg ... 5.89518 deg)
Maximum of fit (x position):             0.0369151 deg (1-sigma uncertainty: -0.0151285 deg ... 0.088907 deg) with maximum 271.633 cts



 NEW MINIMUM FOUND.  GO BACK TO MINIMIZATION STEP.
 =================================================
                                                  V
                                                  V
                                                  V
                                               VVVVVVV
                                                VVVVV
                                                 VVV
                                                  V



Statistics of ARM histogram and fit
***********************************

Analyzed Compton and pair events:        6860
Compton and pair events in histogram:    4079 (59.4606%)

RMS:                                     2.30981 deg

Total FWHM of fit (not of data!):        5.43709 deg (90% confidence interval: 4.86181 deg ... 6.19479 deg)
Maximum of fit (x position):             0.299324 deg (1-sigma uncertainty: -0.0631405 deg ... 0.718797 deg) with maximum 68.2775 cts

