
**************************************************************************
*                                                                        *
*            Mimrec - MEGAlib image reconstruction (and more)            *
*                                                                        *
*             This program is part of MEGAlib version 2.31.00            *
*                (C) by Andreas Zoglauer and contributors                *
*                                                                        *
*                      Master reference for MEGAlib:                     *
*            A. Zoglauer et al., NewAR 50 (7-8), 629-632, 2006           *
*                                                                        *
*            For more information about MEGAlib please visit:            *
*                        http://megalibtoolkit.com                       *
*                                                                        *
**************************************************************************

              You are using a development version of MEGAlib              

Command-line parser: Use file /Users/busonnew/Compair/MegaLib/MEGAlib/sim_v1/cosTh90/FarFieldPointSource_0.3MeV_Cos0.6.inc1.id1.tra
   ***  Info  ***  for detector topACD
Ignoring noise threshold, because NoiseThresholdEqualsTriggerThreshold is set
   ***  Info  ***  for detector sideACD
Ignoring noise threshold, because NoiseThresholdEqualsTriggerThreshold is set
   ***  Warning  ***  
You have not defined any trigger criterion for detector: topACD
   ***  Warning  ***  
You have not defined any trigger criterion for detector: sideACD
Geometry MyComPair loaded!
Thread 0: Used RAM exceeds the user set maximum (512 MB)  --- finishing...

Response calculation finished after 6.437 seconds (6751 events, 1048.78 events/sec) using ~512 MB of RAM (79530 Bytes/event).
LM-ML-EM classic: We have an empty event. Eliminating event 16...
LM-ML-EM classic: We have an empty event. Eliminating event 78...
LM-ML-EM classic: We have an empty event. Eliminating event 82...
LM-ML-EM classic: We have an empty event. Eliminating event 106...
LM-ML-EM classic: We have an empty event. Eliminating event 144...
LM-ML-EM classic: We have an empty event. Eliminating event 244...
LM-ML-EM classic: We have an empty event. Eliminating event 267...
LM-ML-EM classic: We have an empty event. Eliminating event 276...
LM-ML-EM classic: We have an empty event. Eliminating event 374...
LM-ML-EM classic: We have an empty event. Eliminating event 375...
LM-ML-EM classic: We have an empty event. Eliminating event 410...
LM-ML-EM classic: We have an empty event. Eliminating event 527...
LM-ML-EM classic: We have an empty event. Eliminating event 539...
LM-ML-EM classic: We have an empty event. Eliminating event 564...
LM-ML-EM classic: We have an empty event. Eliminating event 579...
LM-ML-EM classic: We have an empty event. Eliminating event 610...
LM-ML-EM classic: We have an empty event. Eliminating event 629...
LM-ML-EM classic: We have an empty event. Eliminating event 714...
LM-ML-EM classic: We have an empty event. Eliminating event 762...
LM-ML-EM classic: We have an empty event. Eliminating event 834...
LM-ML-EM classic: We have an empty event. Eliminating event 852...
LM-ML-EM classic: We have an empty event. Eliminating event 923...
LM-ML-EM classic: We have an empty event. Eliminating event 945...
LM-ML-EM classic: We have an empty event. Eliminating event 953...
LM-ML-EM classic: We have an empty event. Eliminating event 1000...
LM-ML-EM classic: We have an empty event. Eliminating event 1104...
LM-ML-EM classic: We have an empty event. Eliminating event 1213...
LM-ML-EM classic: We have an empty event. Eliminating event 1359...
LM-ML-EM classic: We have an empty event. Eliminating event 1360...
LM-ML-EM classic: We have an empty event. Eliminating event 1432...
LM-ML-EM classic: We have an empty event. Eliminating event 1504...
LM-ML-EM classic: We have an empty event. Eliminating event 1614...
LM-ML-EM classic: We have an empty event. Eliminating event 1633...
LM-ML-EM classic: We have an empty event. Eliminating event 1692...
LM-ML-EM classic: We have an empty event. Eliminating event 1699...
LM-ML-EM classic: We have an empty event. Eliminating event 1782...
LM-ML-EM classic: We have an empty event. Eliminating event 1974...
LM-ML-EM classic: We have an empty event. Eliminating event 2046...
LM-ML-EM classic: We have an empty event. Eliminating event 2206...
LM-ML-EM classic: We have an empty event. Eliminating event 2223...
LM-ML-EM classic: We have an empty event. Eliminating event 2275...
LM-ML-EM classic: We have an empty event. Eliminating event 2317...
LM-ML-EM classic: We have an empty event. Eliminating event 2333...
LM-ML-EM classic: We have an empty event. Eliminating event 2540...
LM-ML-EM classic: We have an empty event. Eliminating event 2585...
LM-ML-EM classic: We have an empty event. Eliminating event 2614...
LM-ML-EM classic: We have an empty event. Eliminating event 2633...
LM-ML-EM classic: We have an empty event. Eliminating event 2824...
LM-ML-EM classic: We have an empty event. Eliminating event 2861...
LM-ML-EM classic: We have an empty event. Eliminating event 2886...
LM-ML-EM classic: We have an empty event. Eliminating event 2921...
LM-ML-EM classic: We have an empty event. Eliminating event 2958...
LM-ML-EM classic: We have an empty event. Eliminating event 2975...
LM-ML-EM classic: We have an empty event. Eliminating event 2987...
LM-ML-EM classic: We have an empty event. Eliminating event 3028...
LM-ML-EM classic: We have an empty event. Eliminating event 3233...
LM-ML-EM classic: We have an empty event. Eliminating event 3419...
LM-ML-EM classic: We have an empty event. Eliminating event 3546...
LM-ML-EM classic: We have an empty event. Eliminating event 3563...
LM-ML-EM classic: We have an empty event. Eliminating event 3631...
LM-ML-EM classic: We have an empty event. Eliminating event 3684...
LM-ML-EM classic: We have an empty event. Eliminating event 3704...
LM-ML-EM classic: We have an empty event. Eliminating event 3711...
LM-ML-EM classic: We have an empty event. Eliminating event 3787...
LM-ML-EM classic: We have an empty event. Eliminating event 3788...
LM-ML-EM classic: We have an empty event. Eliminating event 3928...
LM-ML-EM classic: We have an empty event. Eliminating event 4053...
LM-ML-EM classic: We have an empty event. Eliminating event 4055...
LM-ML-EM classic: We have an empty event. Eliminating event 4129...
LM-ML-EM classic: We have an empty event. Eliminating event 4185...
LM-ML-EM classic: We have an empty event. Eliminating event 4320...
LM-ML-EM classic: We have an empty event. Eliminating event 4329...
LM-ML-EM classic: We have an empty event. Eliminating event 4516...
LM-ML-EM classic: We have an empty event. Eliminating event 4550...
LM-ML-EM classic: We have an empty event. Eliminating event 4565...
LM-ML-EM classic: We have an empty event. Eliminating event 4584...
LM-ML-EM classic: We have an empty event. Eliminating event 4633...
LM-ML-EM classic: We have an empty event. Eliminating event 4728...
LM-ML-EM classic: We have an empty event. Eliminating event 4803...
LM-ML-EM classic: We have an empty event. Eliminating event 4873...
LM-ML-EM classic: We have an empty event. Eliminating event 4879...
LM-ML-EM classic: We have an empty event. Eliminating event 4892...
LM-ML-EM classic: We have an empty event. Eliminating event 4914...
LM-ML-EM classic: We have an empty event. Eliminating event 4942...
LM-ML-EM classic: We have an empty event. Eliminating event 5004...
LM-ML-EM classic: We have an empty event. Eliminating event 5058...
LM-ML-EM classic: We have an empty event. Eliminating event 5059...
LM-ML-EM classic: We have an empty event. Eliminating event 5145...
LM-ML-EM classic: We have an empty event. Eliminating event 5209...
LM-ML-EM classic: We have an empty event. Eliminating event 5216...
LM-ML-EM classic: We have an empty event. Eliminating event 5413...
LM-ML-EM classic: We have an empty event. Eliminating event 5576...
LM-ML-EM classic: We have an empty event. Eliminating event 5598...
LM-ML-EM classic: We have an empty event. Eliminating event 5710...
LM-ML-EM classic: We have an empty event. Eliminating event 5721...
LM-ML-EM classic: We have an empty event. Eliminating event 5729...
LM-ML-EM classic: We have an empty event. Eliminating event 5766...
LM-ML-EM classic: We have an empty event. Eliminating event 5904...
LM-ML-EM classic: We have an empty event. Eliminating event 5959...
LM-ML-EM classic: We have an empty event. Eliminating event 5998...
LM-ML-EM classic: We have an empty event. Eliminating event 6010...
LM-ML-EM classic: We have an empty event. Eliminating event 6129...
LM-ML-EM classic: We have an empty event. Eliminating event 6141...
LM-ML-EM classic: We have an empty event. Eliminating event 6146...
LM-ML-EM classic: We have an empty event. Eliminating event 6162...
LM-ML-EM classic: We have an empty event. Eliminating event 6171...
LM-ML-EM classic: We have an empty event. Eliminating event 6172...
LM-ML-EM classic: We have an empty event. Eliminating event 6209...
LM-ML-EM classic: We have an empty event. Eliminating event 6313...
LM-ML-EM classic: We have an empty event. Eliminating event 6458...
LM-ML-EM classic: We have an empty event. Eliminating event 6542...
LM-ML-EM classic: We have an empty event. Eliminating event 6547...
LM-ML-EM classic: We have an empty event. Eliminating event 6573...
LM-ML-EM classic: We have an empty event. Eliminating event 6640...
LM-ML-EM classic: We have an empty event. Eliminating event 6656...
LM-ML-EM classic: We have an empty event. Eliminating event 6710...
LM-ML-EM classic: We have an empty event. Eliminating event 6717...
LM-ML-EM classic: We have an empty event. Eliminating event 16...
LM-ML-EM classic: We have an empty event. Eliminating event 78...
LM-ML-EM classic: We have an empty event. Eliminating event 82...
LM-ML-EM classic: We have an empty event. Eliminating event 106...
LM-ML-EM classic: We have an empty event. Eliminating event 144...
LM-ML-EM classic: We have an empty event. Eliminating event 244...
LM-ML-EM classic: We have an empty event. Eliminating event 267...
LM-ML-EM classic: We have an empty event. Eliminating event 276...
LM-ML-EM classic: We have an empty event. Eliminating event 374...
LM-ML-EM classic: We have an empty event. Eliminating event 375...
LM-ML-EM classic: We have an empty event. Eliminating event 410...
LM-ML-EM classic: We have an empty event. Eliminating event 527...
LM-ML-EM classic: We have an empty event. Eliminating event 539...
LM-ML-EM classic: We have an empty event. Eliminating event 564...
LM-ML-EM classic: We have an empty event. Eliminating event 579...
LM-ML-EM classic: We have an empty event. Eliminating event 610...
LM-ML-EM classic: We have an empty event. Eliminating event 629...
LM-ML-EM classic: We have an empty event. Eliminating event 714...
LM-ML-EM classic: We have an empty event. Eliminating event 762...
LM-ML-EM classic: We have an empty event. Eliminating event 834...
LM-ML-EM classic: We have an empty event. Eliminating event 852...
LM-ML-EM classic: We have an empty event. Eliminating event 923...
LM-ML-EM classic: We have an empty event. Eliminating event 945...
LM-ML-EM classic: We have an empty event. Eliminating event 953...
LM-ML-EM classic: We have an empty event. Eliminating event 1000...
LM-ML-EM classic: We have an empty event. Eliminating event 1104...
LM-ML-EM classic: We have an empty event. Eliminating event 1213...
LM-ML-EM classic: We have an empty event. Eliminating event 1359...
LM-ML-EM classic: We have an empty event. Eliminating event 1360...
LM-ML-EM classic: We have an empty event. Eliminating event 1432...
LM-ML-EM classic: We have an empty event. Eliminating event 1504...
LM-ML-EM classic: We have an empty event. Eliminating event 1614...
LM-ML-EM classic: We have an empty event. Eliminating event 1633...
LM-ML-EM classic: We have an empty event. Eliminating event 1692...
LM-ML-EM classic: We have an empty event. Eliminating event 1699...
LM-ML-EM classic: We have an empty event. Eliminating event 1782...
LM-ML-EM classic: We have an empty event. Eliminating event 1974...
LM-ML-EM classic: We have an empty event. Eliminating event 2046...
LM-ML-EM classic: We have an empty event. Eliminating event 2206...
LM-ML-EM classic: We have an empty event. Eliminating event 2223...
LM-ML-EM classic: We have an empty event. Eliminating event 2275...
LM-ML-EM classic: We have an empty event. Eliminating event 2317...
LM-ML-EM classic: We have an empty event. Eliminating event 2333...
LM-ML-EM classic: We have an empty event. Eliminating event 2540...
LM-ML-EM classic: We have an empty event. Eliminating event 2585...
LM-ML-EM classic: We have an empty event. Eliminating event 2614...
LM-ML-EM classic: We have an empty event. Eliminating event 2633...
LM-ML-EM classic: We have an empty event. Eliminating event 2824...
LM-ML-EM classic: We have an empty event. Eliminating event 2861...
LM-ML-EM classic: We have an empty event. Eliminating event 2886...
LM-ML-EM classic: We have an empty event. Eliminating event 2921...
LM-ML-EM classic: We have an empty event. Eliminating event 2958...
LM-ML-EM classic: We have an empty event. Eliminating event 2975...
LM-ML-EM classic: We have an empty event. Eliminating event 2987...
LM-ML-EM classic: We have an empty event. Eliminating event 3028...
LM-ML-EM classic: We have an empty event. Eliminating event 3233...
LM-ML-EM classic: We have an empty event. Eliminating event 3419...
LM-ML-EM classic: We have an empty event. Eliminating event 3546...
LM-ML-EM classic: We have an empty event. Eliminating event 3563...
LM-ML-EM classic: We have an empty event. Eliminating event 3631...
LM-ML-EM classic: We have an empty event. Eliminating event 3684...
LM-ML-EM classic: We have an empty event. Eliminating event 3704...
LM-ML-EM classic: We have an empty event. Eliminating event 3711...
LM-ML-EM classic: We have an empty event. Eliminating event 3787...
LM-ML-EM classic: We have an empty event. Eliminating event 3788...
LM-ML-EM classic: We have an empty event. Eliminating event 3928...
LM-ML-EM classic: We have an empty event. Eliminating event 4053...
LM-ML-EM classic: We have an empty event. Eliminating event 4055...
LM-ML-EM classic: We have an empty event. Eliminating event 4129...
LM-ML-EM classic: We have an empty event. Eliminating event 4185...
LM-ML-EM classic: We have an empty event. Eliminating event 4320...
LM-ML-EM classic: We have an empty event. Eliminating event 4329...
LM-ML-EM classic: We have an empty event. Eliminating event 4516...
LM-ML-EM classic: We have an empty event. Eliminating event 4550...
LM-ML-EM classic: We have an empty event. Eliminating event 4565...
LM-ML-EM classic: We have an empty event. Eliminating event 4584...
LM-ML-EM classic: We have an empty event. Eliminating event 4633...
LM-ML-EM classic: We have an empty event. Eliminating event 4728...
LM-ML-EM classic: We have an empty event. Eliminating event 4803...
LM-ML-EM classic: We have an empty event. Eliminating event 4873...
LM-ML-EM classic: We have an empty event. Eliminating event 4879...
LM-ML-EM classic: We have an empty event. Eliminating event 4892...
LM-ML-EM classic: We have an empty event. Eliminating event 4914...
LM-ML-EM classic: We have an empty event. Eliminating event 4942...
LM-ML-EM classic: We have an empty event. Eliminating event 5004...
LM-ML-EM classic: We have an empty event. Eliminating event 5058...
LM-ML-EM classic: We have an empty event. Eliminating event 5059...
LM-ML-EM classic: We have an empty event. Eliminating event 5145...
LM-ML-EM classic: We have an empty event. Eliminating event 5209...
LM-ML-EM classic: We have an empty event. Eliminating event 5216...
LM-ML-EM classic: We have an empty event. Eliminating event 5413...
LM-ML-EM classic: We have an empty event. Eliminating event 5576...
LM-ML-EM classic: We have an empty event. Eliminating event 5598...
LM-ML-EM classic: We have an empty event. Eliminating event 5710...
LM-ML-EM classic: We have an empty event. Eliminating event 5721...
LM-ML-EM classic: We have an empty event. Eliminating event 5729...
LM-ML-EM classic: We have an empty event. Eliminating event 5766...
LM-ML-EM classic: We have an empty event. Eliminating event 5904...
LM-ML-EM classic: We have an empty event. Eliminating event 5959...
LM-ML-EM classic: We have an empty event. Eliminating event 5998...
LM-ML-EM classic: We have an empty event. Eliminating event 6010...
LM-ML-EM classic: We have an empty event. Eliminating event 6129...
LM-ML-EM classic: We have an empty event. Eliminating event 6141...
LM-ML-EM classic: We have an empty event. Eliminating event 6146...
LM-ML-EM classic: We have an empty event. Eliminating event 6162...
LM-ML-EM classic: We have an empty event. Eliminating event 6171...
LM-ML-EM classic: We have an empty event. Eliminating event 6172...
LM-ML-EM classic: We have an empty event. Eliminating event 6209...
LM-ML-EM classic: We have an empty event. Eliminating event 6313...
LM-ML-EM classic: We have an empty event. Eliminating event 6458...
LM-ML-EM classic: We have an empty event. Eliminating event 6542...
LM-ML-EM classic: We have an empty event. Eliminating event 6547...
LM-ML-EM classic: We have an empty event. Eliminating event 6573...
LM-ML-EM classic: We have an empty event. Eliminating event 6640...
LM-ML-EM classic: We have an empty event. Eliminating event 6656...
LM-ML-EM classic: We have an empty event. Eliminating event 6710...
LM-ML-EM classic: We have an empty event. Eliminating event 6717...
LM-ML-EM classic: We have an empty event. Eliminating event 16...
LM-ML-EM classic: We have an empty event. Eliminating event 78...
LM-ML-EM classic: We have an empty event. Eliminating event 82...
LM-ML-EM classic: We have an empty event. Eliminating event 106...
LM-ML-EM classic: We have an empty event. Eliminating event 144...
LM-ML-EM classic: We have an empty event. Eliminating event 244...
LM-ML-EM classic: We have an empty event. Eliminating event 267...
LM-ML-EM classic: We have an empty event. Eliminating event 276...
LM-ML-EM classic: We have an empty event. Eliminating event 374...
LM-ML-EM classic: We have an empty event. Eliminating event 375...
LM-ML-EM classic: We have an empty event. Eliminating event 410...
LM-ML-EM classic: We have an empty event. Eliminating event 527...
LM-ML-EM classic: We have an empty event. Eliminating event 539...
LM-ML-EM classic: We have an empty event. Eliminating event 564...
LM-ML-EM classic: We have an empty event. Eliminating event 579...
LM-ML-EM classic: We have an empty event. Eliminating event 610...
LM-ML-EM classic: We have an empty event. Eliminating event 629...
LM-ML-EM classic: We have an empty event. Eliminating event 714...
LM-ML-EM classic: We have an empty event. Eliminating event 762...
LM-ML-EM classic: We have an empty event. Eliminating event 834...
LM-ML-EM classic: We have an empty event. Eliminating event 852...
LM-ML-EM classic: We have an empty event. Eliminating event 923...
LM-ML-EM classic: We have an empty event. Eliminating event 945...
LM-ML-EM classic: We have an empty event. Eliminating event 953...
LM-ML-EM classic: We have an empty event. Eliminating event 1000...
LM-ML-EM classic: We have an empty event. Eliminating event 1104...
LM-ML-EM classic: We have an empty event. Eliminating event 1213...
LM-ML-EM classic: We have an empty event. Eliminating event 1359...
LM-ML-EM classic: We have an empty event. Eliminating event 1360...
LM-ML-EM classic: We have an empty event. Eliminating event 1432...
LM-ML-EM classic: We have an empty event. Eliminating event 1504...
LM-ML-EM classic: We have an empty event. Eliminating event 1614...
LM-ML-EM classic: We have an empty event. Eliminating event 1633...
LM-ML-EM classic: We have an empty event. Eliminating event 1692...
LM-ML-EM classic: We have an empty event. Eliminating event 1699...
LM-ML-EM classic: We have an empty event. Eliminating event 1782...
LM-ML-EM classic: We have an empty event. Eliminating event 1974...
LM-ML-EM classic: We have an empty event. Eliminating event 2046...
LM-ML-EM classic: We have an empty event. Eliminating event 2206...
LM-ML-EM classic: We have an empty event. Eliminating event 2223...
LM-ML-EM classic: We have an empty event. Eliminating event 2275...
LM-ML-EM classic: We have an empty event. Eliminating event 2317...
LM-ML-EM classic: We have an empty event. Eliminating event 2333...
LM-ML-EM classic: We have an empty event. Eliminating event 2540...
LM-ML-EM classic: We have an empty event. Eliminating event 2585...
LM-ML-EM classic: We have an empty event. Eliminating event 2614...
LM-ML-EM classic: We have an empty event. Eliminating event 2633...
LM-ML-EM classic: We have an empty event. Eliminating event 2824...
LM-ML-EM classic: We have an empty event. Eliminating event 2861...
LM-ML-EM classic: We have an empty event. Eliminating event 2886...
LM-ML-EM classic: We have an empty event. Eliminating event 2921...
LM-ML-EM classic: We have an empty event. Eliminating event 2958...
LM-ML-EM classic: We have an empty event. Eliminating event 2975...
LM-ML-EM classic: We have an empty event. Eliminating event 2987...
LM-ML-EM classic: We have an empty event. Eliminating event 3028...
LM-ML-EM classic: We have an empty event. Eliminating event 3233...
LM-ML-EM classic: We have an empty event. Eliminating event 3419...
LM-ML-EM classic: We have an empty event. Eliminating event 3546...
LM-ML-EM classic: We have an empty event. Eliminating event 3563...
LM-ML-EM classic: We have an empty event. Eliminating event 3631...
LM-ML-EM classic: We have an empty event. Eliminating event 3684...
LM-ML-EM classic: We have an empty event. Eliminating event 3704...
LM-ML-EM classic: We have an empty event. Eliminating event 3711...
LM-ML-EM classic: We have an empty event. Eliminating event 3787...
LM-ML-EM classic: We have an empty event. Eliminating event 3788...
LM-ML-EM classic: We have an empty event. Eliminating event 3928...
LM-ML-EM classic: We have an empty event. Eliminating event 4053...
LM-ML-EM classic: We have an empty event. Eliminating event 4055...
LM-ML-EM classic: We have an empty event. Eliminating event 4129...
LM-ML-EM classic: We have an empty event. Eliminating event 4185...
LM-ML-EM classic: We have an empty event. Eliminating event 4320...
LM-ML-EM classic: We have an empty event. Eliminating event 4329...
LM-ML-EM classic: We have an empty event. Eliminating event 4516...
LM-ML-EM classic: We have an empty event. Eliminating event 4550...
LM-ML-EM classic: We have an empty event. Eliminating event 4565...
LM-ML-EM classic: We have an empty event. Eliminating event 4584...
LM-ML-EM classic: We have an empty event. Eliminating event 4633...
LM-ML-EM classic: We have an empty event. Eliminating event 4728...
LM-ML-EM classic: We have an empty event. Eliminating event 4803...
LM-ML-EM classic: We have an empty event. Eliminating event 4873...
LM-ML-EM classic: We have an empty event. Eliminating event 4879...
LM-ML-EM classic: We have an empty event. Eliminating event 4892...
LM-ML-EM classic: We have an empty event. Eliminating event 4914...
LM-ML-EM classic: We have an empty event. Eliminating event 4942...
LM-ML-EM classic: We have an empty event. Eliminating event 5004...
LM-ML-EM classic: We have an empty event. Eliminating event 5058...
LM-ML-EM classic: We have an empty event. Eliminating event 5059...
LM-ML-EM classic: We have an empty event. Eliminating event 5145...
LM-ML-EM classic: We have an empty event. Eliminating event 5209...
LM-ML-EM classic: We have an empty event. Eliminating event 5216...
LM-ML-EM classic: We have an empty event. Eliminating event 5413...
LM-ML-EM classic: We have an empty event. Eliminating event 5576...
LM-ML-EM classic: We have an empty event. Eliminating event 5598...
LM-ML-EM classic: We have an empty event. Eliminating event 5710...
LM-ML-EM classic: We have an empty event. Eliminating event 5721...
LM-ML-EM classic: We have an empty event. Eliminating event 5729...
LM-ML-EM classic: We have an empty event. Eliminating event 5766...
LM-ML-EM classic: We have an empty event. Eliminating event 5904...
LM-ML-EM classic: We have an empty event. Eliminating event 5959...
LM-ML-EM classic: We have an empty event. Eliminating event 5998...
LM-ML-EM classic: We have an empty event. Eliminating event 6010...
LM-ML-EM classic: We have an empty event. Eliminating event 6129...
LM-ML-EM classic: We have an empty event. Eliminating event 6141...
LM-ML-EM classic: We have an empty event. Eliminating event 6146...
LM-ML-EM classic: We have an empty event. Eliminating event 6162...
LM-ML-EM classic: We have an empty event. Eliminating event 6171...
LM-ML-EM classic: We have an empty event. Eliminating event 6172...
LM-ML-EM classic: We have an empty event. Eliminating event 6209...
LM-ML-EM classic: We have an empty event. Eliminating event 6313...
LM-ML-EM classic: We have an empty event. Eliminating event 6458...
LM-ML-EM classic: We have an empty event. Eliminating event 6542...
LM-ML-EM classic: We have an empty event. Eliminating event 6547...
LM-ML-EM classic: We have an empty event. Eliminating event 6573...
LM-ML-EM classic: We have an empty event. Eliminating event 6640...
LM-ML-EM classic: We have an empty event. Eliminating event 6656...
LM-ML-EM classic: We have an empty event. Eliminating event 6710...
LM-ML-EM classic: We have an empty event. Eliminating event 6717...
LM-ML-EM classic: We have an empty event. Eliminating event 16...
LM-ML-EM classic: We have an empty event. Eliminating event 78...
LM-ML-EM classic: We have an empty event. Eliminating event 82...
LM-ML-EM classic: We have an empty event. Eliminating event 106...
LM-ML-EM classic: We have an empty event. Eliminating event 144...
LM-ML-EM classic: We have an empty event. Eliminating event 244...
LM-ML-EM classic: We have an empty event. Eliminating event 267...
LM-ML-EM classic: We have an empty event. Eliminating event 276...
LM-ML-EM classic: We have an empty event. Eliminating event 374...
LM-ML-EM classic: We have an empty event. Eliminating event 375...
LM-ML-EM classic: We have an empty event. Eliminating event 410...
LM-ML-EM classic: We have an empty event. Eliminating event 527...
LM-ML-EM classic: We have an empty event. Eliminating event 539...
LM-ML-EM classic: We have an empty event. Eliminating event 564...
LM-ML-EM classic: We have an empty event. Eliminating event 579...
LM-ML-EM classic: We have an empty event. Eliminating event 610...
LM-ML-EM classic: We have an empty event. Eliminating event 629...
LM-ML-EM classic: We have an empty event. Eliminating event 714...
LM-ML-EM classic: We have an empty event. Eliminating event 762...
LM-ML-EM classic: We have an empty event. Eliminating event 834...
LM-ML-EM classic: We have an empty event. Eliminating event 852...
LM-ML-EM classic: We have an empty event. Eliminating event 923...
LM-ML-EM classic: We have an empty event. Eliminating event 945...
LM-ML-EM classic: We have an empty event. Eliminating event 953...
LM-ML-EM classic: We have an empty event. Eliminating event 1000...
LM-ML-EM classic: We have an empty event. Eliminating event 1104...
LM-ML-EM classic: We have an empty event. Eliminating event 1213...
LM-ML-EM classic: We have an empty event. Eliminating event 1359...
LM-ML-EM classic: We have an empty event. Eliminating event 1360...
LM-ML-EM classic: We have an empty event. Eliminating event 1432...
LM-ML-EM classic: We have an empty event. Eliminating event 1504...
LM-ML-EM classic: We have an empty event. Eliminating event 1614...
LM-ML-EM classic: We have an empty event. Eliminating event 1633...
LM-ML-EM classic: We have an empty event. Eliminating event 1692...
LM-ML-EM classic: We have an empty event. Eliminating event 1699...
LM-ML-EM classic: We have an empty event. Eliminating event 1782...
LM-ML-EM classic: We have an empty event. Eliminating event 1974...
LM-ML-EM classic: We have an empty event. Eliminating event 2046...
LM-ML-EM classic: We have an empty event. Eliminating event 2206...
LM-ML-EM classic: We have an empty event. Eliminating event 2223...
LM-ML-EM classic: We have an empty event. Eliminating event 2275...
LM-ML-EM classic: We have an empty event. Eliminating event 2317...
LM-ML-EM classic: We have an empty event. Eliminating event 2333...
LM-ML-EM classic: We have an empty event. Eliminating event 2540...
LM-ML-EM classic: We have an empty event. Eliminating event 2585...
LM-ML-EM classic: We have an empty event. Eliminating event 2614...
LM-ML-EM classic: We have an empty event. Eliminating event 2633...
LM-ML-EM classic: We have an empty event. Eliminating event 2824...
LM-ML-EM classic: We have an empty event. Eliminating event 2861...
LM-ML-EM classic: We have an empty event. Eliminating event 2886...
LM-ML-EM classic: We have an empty event. Eliminating event 2921...
LM-ML-EM classic: We have an empty event. Eliminating event 2958...
LM-ML-EM classic: We have an empty event. Eliminating event 2975...
LM-ML-EM classic: We have an empty event. Eliminating event 2987...
LM-ML-EM classic: We have an empty event. Eliminating event 3028...
LM-ML-EM classic: We have an empty event. Eliminating event 3233...
LM-ML-EM classic: We have an empty event. Eliminating event 3419...
LM-ML-EM classic: We have an empty event. Eliminating event 3546...
LM-ML-EM classic: We have an empty event. Eliminating event 3563...
LM-ML-EM classic: We have an empty event. Eliminating event 3631...
LM-ML-EM classic: We have an empty event. Eliminating event 3684...
LM-ML-EM classic: We have an empty event. Eliminating event 3704...
LM-ML-EM classic: We have an empty event. Eliminating event 3711...
LM-ML-EM classic: We have an empty event. Eliminating event 3787...
LM-ML-EM classic: We have an empty event. Eliminating event 3788...
LM-ML-EM classic: We have an empty event. Eliminating event 3928...
LM-ML-EM classic: We have an empty event. Eliminating event 4053...
LM-ML-EM classic: We have an empty event. Eliminating event 4055...
LM-ML-EM classic: We have an empty event. Eliminating event 4129...
LM-ML-EM classic: We have an empty event. Eliminating event 4185...
LM-ML-EM classic: We have an empty event. Eliminating event 4320...
LM-ML-EM classic: We have an empty event. Eliminating event 4329...
LM-ML-EM classic: We have an empty event. Eliminating event 4516...
LM-ML-EM classic: We have an empty event. Eliminating event 4550...
LM-ML-EM classic: We have an empty event. Eliminating event 4565...
LM-ML-EM classic: We have an empty event. Eliminating event 4584...
LM-ML-EM classic: We have an empty event. Eliminating event 4633...
LM-ML-EM classic: We have an empty event. Eliminating event 4728...
LM-ML-EM classic: We have an empty event. Eliminating event 4803...
LM-ML-EM classic: We have an empty event. Eliminating event 4873...
LM-ML-EM classic: We have an empty event. Eliminating event 4879...
LM-ML-EM classic: We have an empty event. Eliminating event 4892...
LM-ML-EM classic: We have an empty event. Eliminating event 4914...
LM-ML-EM classic: We have an empty event. Eliminating event 4942...
LM-ML-EM classic: We have an empty event. Eliminating event 5004...
LM-ML-EM classic: We have an empty event. Eliminating event 5058...
LM-ML-EM classic: We have an empty event. Eliminating event 5059...
LM-ML-EM classic: We have an empty event. Eliminating event 5145...
LM-ML-EM classic: We have an empty event. Eliminating event 5209...
LM-ML-EM classic: We have an empty event. Eliminating event 5216...
LM-ML-EM classic: We have an empty event. Eliminating event 5413...
LM-ML-EM classic: We have an empty event. Eliminating event 5576...
LM-ML-EM classic: We have an empty event. Eliminating event 5598...
LM-ML-EM classic: We have an empty event. Eliminating event 5710...
LM-ML-EM classic: We have an empty event. Eliminating event 5721...
LM-ML-EM classic: We have an empty event. Eliminating event 5729...
LM-ML-EM classic: We have an empty event. Eliminating event 5766...
LM-ML-EM classic: We have an empty event. Eliminating event 5904...
LM-ML-EM classic: We have an empty event. Eliminating event 5959...
LM-ML-EM classic: We have an empty event. Eliminating event 5998...
LM-ML-EM classic: We have an empty event. Eliminating event 6010...
LM-ML-EM classic: We have an empty event. Eliminating event 6129...
LM-ML-EM classic: We have an empty event. Eliminating event 6141...
LM-ML-EM classic: We have an empty event. Eliminating event 6146...
LM-ML-EM classic: We have an empty event. Eliminating event 6162...
LM-ML-EM classic: We have an empty event. Eliminating event 6171...
LM-ML-EM classic: We have an empty event. Eliminating event 6172...
LM-ML-EM classic: We have an empty event. Eliminating event 6209...
LM-ML-EM classic: We have an empty event. Eliminating event 6313...
LM-ML-EM classic: We have an empty event. Eliminating event 6458...
LM-ML-EM classic: We have an empty event. Eliminating event 6542...
LM-ML-EM classic: We have an empty event. Eliminating event 6547...
LM-ML-EM classic: We have an empty event. Eliminating event 6573...
LM-ML-EM classic: We have an empty event. Eliminating event 6640...
LM-ML-EM classic: We have an empty event. Eliminating event 6656...
LM-ML-EM classic: We have an empty event. Eliminating event 6710...
LM-ML-EM classic: We have an empty event. Eliminating event 6717...
LM-ML-EM classic: We have an empty event. Eliminating event 16...
LM-ML-EM classic: We have an empty event. Eliminating event 78...
LM-ML-EM classic: We have an empty event. Eliminating event 82...
LM-ML-EM classic: We have an empty event. Eliminating event 106...
LM-ML-EM classic: We have an empty event. Eliminating event 144...
LM-ML-EM classic: We have an empty event. Eliminating event 244...
LM-ML-EM classic: We have an empty event. Eliminating event 267...
LM-ML-EM classic: We have an empty event. Eliminating event 276...
LM-ML-EM classic: We have an empty event. Eliminating event 374...
LM-ML-EM classic: We have an empty event. Eliminating event 375...
LM-ML-EM classic: We have an empty event. Eliminating event 410...
LM-ML-EM classic: We have an empty event. Eliminating event 527...
LM-ML-EM classic: We have an empty event. Eliminating event 539...
LM-ML-EM classic: We have an empty event. Eliminating event 564...
LM-ML-EM classic: We have an empty event. Eliminating event 579...
LM-ML-EM classic: We have an empty event. Eliminating event 610...
LM-ML-EM classic: We have an empty event. Eliminating event 629...
LM-ML-EM classic: We have an empty event. Eliminating event 714...
LM-ML-EM classic: We have an empty event. Eliminating event 762...
LM-ML-EM classic: We have an empty event. Eliminating event 834...
LM-ML-EM classic: We have an empty event. Eliminating event 852...
LM-ML-EM classic: We have an empty event. Eliminating event 923...
LM-ML-EM classic: We have an empty event. Eliminating event 945...
LM-ML-EM classic: We have an empty event. Eliminating event 953...
LM-ML-EM classic: We have an empty event. Eliminating event 1000...
LM-ML-EM classic: We have an empty event. Eliminating event 1104...
LM-ML-EM classic: We have an empty event. Eliminating event 1213...
LM-ML-EM classic: We have an empty event. Eliminating event 1359...
LM-ML-EM classic: We have an empty event. Eliminating event 1360...
LM-ML-EM classic: We have an empty event. Eliminating event 1432...
LM-ML-EM classic: We have an empty event. Eliminating event 1504...
LM-ML-EM classic: We have an empty event. Eliminating event 1614...
LM-ML-EM classic: We have an empty event. Eliminating event 1633...
LM-ML-EM classic: We have an empty event. Eliminating event 1692...
LM-ML-EM classic: We have an empty event. Eliminating event 1699...
LM-ML-EM classic: We have an empty event. Eliminating event 1782...
LM-ML-EM classic: We have an empty event. Eliminating event 1974...
LM-ML-EM classic: We have an empty event. Eliminating event 2046...
LM-ML-EM classic: We have an empty event. Eliminating event 2206...
LM-ML-EM classic: We have an empty event. Eliminating event 2223...
LM-ML-EM classic: We have an empty event. Eliminating event 2275...
LM-ML-EM classic: We have an empty event. Eliminating event 2317...
LM-ML-EM classic: We have an empty event. Eliminating event 2333...
LM-ML-EM classic: We have an empty event. Eliminating event 2540...
LM-ML-EM classic: We have an empty event. Eliminating event 2585...
LM-ML-EM classic: We have an empty event. Eliminating event 2614...
LM-ML-EM classic: We have an empty event. Eliminating event 2633...
LM-ML-EM classic: We have an empty event. Eliminating event 2824...
LM-ML-EM classic: We have an empty event. Eliminating event 2861...
LM-ML-EM classic: We have an empty event. Eliminating event 2886...
LM-ML-EM classic: We have an empty event. Eliminating event 2921...
LM-ML-EM classic: We have an empty event. Eliminating event 2958...
LM-ML-EM classic: We have an empty event. Eliminating event 2975...
LM-ML-EM classic: We have an empty event. Eliminating event 2987...
LM-ML-EM classic: We have an empty event. Eliminating event 3028...
LM-ML-EM classic: We have an empty event. Eliminating event 3233...
LM-ML-EM classic: We have an empty event. Eliminating event 3419...
LM-ML-EM classic: We have an empty event. Eliminating event 3546...
LM-ML-EM classic: We have an empty event. Eliminating event 3563...
LM-ML-EM classic: We have an empty event. Eliminating event 3631...
LM-ML-EM classic: We have an empty event. Eliminating event 3684...
LM-ML-EM classic: We have an empty event. Eliminating event 3704...
LM-ML-EM classic: We have an empty event. Eliminating event 3711...
LM-ML-EM classic: We have an empty event. Eliminating event 3787...
LM-ML-EM classic: We have an empty event. Eliminating event 3788...
LM-ML-EM classic: We have an empty event. Eliminating event 3928...
LM-ML-EM classic: We have an empty event. Eliminating event 4053...
LM-ML-EM classic: We have an empty event. Eliminating event 4055...
LM-ML-EM classic: We have an empty event. Eliminating event 4129...
LM-ML-EM classic: We have an empty event. Eliminating event 4185...
LM-ML-EM classic: We have an empty event. Eliminating event 4320...
LM-ML-EM classic: We have an empty event. Eliminating event 4329...
LM-ML-EM classic: We have an empty event. Eliminating event 4516...
LM-ML-EM classic: We have an empty event. Eliminating event 4550...
LM-ML-EM classic: We have an empty event. Eliminating event 4565...
LM-ML-EM classic: We have an empty event. Eliminating event 4584...
LM-ML-EM classic: We have an empty event. Eliminating event 4633...
LM-ML-EM classic: We have an empty event. Eliminating event 4728...
LM-ML-EM classic: We have an empty event. Eliminating event 4803...
LM-ML-EM classic: We have an empty event. Eliminating event 4873...
LM-ML-EM classic: We have an empty event. Eliminating event 4879...
LM-ML-EM classic: We have an empty event. Eliminating event 4892...
LM-ML-EM classic: We have an empty event. Eliminating event 4914...
LM-ML-EM classic: We have an empty event. Eliminating event 4942...
LM-ML-EM classic: We have an empty event. Eliminating event 5004...
LM-ML-EM classic: We have an empty event. Eliminating event 5058...
LM-ML-EM classic: We have an empty event. Eliminating event 5059...
LM-ML-EM classic: We have an empty event. Eliminating event 5145...
LM-ML-EM classic: We have an empty event. Eliminating event 5209...
LM-ML-EM classic: We have an empty event. Eliminating event 5216...
LM-ML-EM classic: We have an empty event. Eliminating event 5413...
LM-ML-EM classic: We have an empty event. Eliminating event 5576...
LM-ML-EM classic: We have an empty event. Eliminating event 5598...
LM-ML-EM classic: We have an empty event. Eliminating event 5710...
LM-ML-EM classic: We have an empty event. Eliminating event 5721...
LM-ML-EM classic: We have an empty event. Eliminating event 5729...
LM-ML-EM classic: We have an empty event. Eliminating event 5766...
LM-ML-EM classic: We have an empty event. Eliminating event 5904...
LM-ML-EM classic: We have an empty event. Eliminating event 5959...
LM-ML-EM classic: We have an empty event. Eliminating event 5998...
LM-ML-EM classic: We have an empty event. Eliminating event 6010...
LM-ML-EM classic: We have an empty event. Eliminating event 6129...
LM-ML-EM classic: We have an empty event. Eliminating event 6141...
LM-ML-EM classic: We have an empty event. Eliminating event 6146...
LM-ML-EM classic: We have an empty event. Eliminating event 6162...
LM-ML-EM classic: We have an empty event. Eliminating event 6171...
LM-ML-EM classic: We have an empty event. Eliminating event 6172...
LM-ML-EM classic: We have an empty event. Eliminating event 6209...
LM-ML-EM classic: We have an empty event. Eliminating event 6313...
LM-ML-EM classic: We have an empty event. Eliminating event 6458...
LM-ML-EM classic: We have an empty event. Eliminating event 6542...
LM-ML-EM classic: We have an empty event. Eliminating event 6547...
LM-ML-EM classic: We have an empty event. Eliminating event 6573...
LM-ML-EM classic: We have an empty event. Eliminating event 6640...
LM-ML-EM classic: We have an empty event. Eliminating event 6656...
LM-ML-EM classic: We have an empty event. Eliminating event 6710...
LM-ML-EM classic: We have an empty event. Eliminating event 6717...
Performed 5 iterations in 3.0274 seconds (1.65158 iterations/second)


Energy spectrum - some additional statistics:
Number of events:     34412 (inside=34412, outside=0)
Avg. measured energy: 296.947 keV

 FCN=442303 FROM MIGRAD    STATUS=CONVERGED      77 CALLS          78 TOTAL
                     EDM=1.1595e-06    STRATEGY= 1      ERROR MATRIX ACCURATE 
  EXT PARAMETER                                   STEP         FIRST   
  NO.   NAME      VALUE            ERROR          SIZE      DERIVATIVE 
   1  Constant     3.05789e+03   5.10280e-01   1.31112e-01   1.11984e-03
   2  Mean         3.14540e+02   2.36511e-03   7.62427e-04  -9.04617e-02
   3  Sigma        1.25058e+01   2.54416e-03   1.71818e-05  -1.65982e+01




Statistics of ARM histogram and fit
***********************************

Analyzed Compton and pair events:        26250
Compton and pair events in histogram:    19687 (74.9981%)

RMS:                                     7.01842 deg

Total FWHM of fit (not of data!):        8.7846 deg (90% confidence interval: 8.23406 deg ... 9.38035 deg)
Maximum of fit (x position):             0.270928 deg (1-sigma uncertainty: 0.195562 deg ... 0.34654 deg) with maximum 654.581 cts





Statistics of ARM histogram and fit
***********************************

Analyzed Compton and pair events:        26250
Compton and pair events in histogram:    15881 (60.499%)

RMS:                                     3.86028 deg

Total FWHM of fit (not of data!):        8.028 deg (90% confidence interval: 7.84944 deg ... 8.24929 deg)
Maximum of fit (x position):             -0.0130436 deg (1-sigma uncertainty: -0.0549876 deg ... 0.0289204 deg) with maximum 304.479 cts

