
**************************************************************************
*                                                                        *
*            Mimrec - MEGAlib image reconstruction (and more)            *
*                                                                        *
*             This program is part of MEGAlib version 2.31.00            *
*                (C) by Andreas Zoglauer and contributors                *
*                                                                        *
*                      Master reference for MEGAlib:                     *
*            A. Zoglauer et al., NewAR 50 (7-8), 629-632, 2006           *
*                                                                        *
*            For more information about MEGAlib please visit:            *
*                        http://megalibtoolkit.com                       *
*                                                                        *
**************************************************************************

              You are using a development version of MEGAlib              

Command-line parser: Use file /Users/busonnew/Compair/MegaLib/MEGAlib/sim_v1/cosTh90/FarFieldPointSource_10MeV_Cos0.6.inc1.id1.tra
   ***  Info  ***  for detector topACD
Ignoring noise threshold, because NoiseThresholdEqualsTriggerThreshold is set
   ***  Info  ***  for detector sideACD
Ignoring noise threshold, because NoiseThresholdEqualsTriggerThreshold is set
   ***  Warning  ***  
You have not defined any trigger criterion for detector: topACD
   ***  Warning  ***  
You have not defined any trigger criterion for detector: sideACD
Geometry MyComPair loaded!

Energy spectrum - some additional statistics:
Number of events:     26454 (inside=26454, outside=0)
Avg. measured energy: 6902.25 keV

 FCN=729083 FROM MIGRAD    STATUS=CONVERGED      95 CALLS          96 TOTAL
                     EDM=2.72087e-07    STRATEGY= 1      ERROR MATRIX ACCURATE 
  EXT PARAMETER                                   STEP         FIRST   
  NO.   NAME      VALUE            ERROR          SIZE      DERIVATIVE 
   1  Constant     8.07325e+02   3.78022e-01   1.16667e-01   1.29124e-03
   2  Mean         9.23203e+03   4.91411e-01   2.03902e-01   1.18522e-03
   3  Sigma        8.87722e+02   7.00854e-01   9.49913e-05   1.61504e+00


Error: You zoomed in too much into your ARM peak! Use a larger window around the peak!
Error: You zoomed in too much into your ARM peak! Use a larger window around the peak!


Statistics of ARM histogram and fit
***********************************

Analyzed Compton and pair events:        11088
Compton and pair events in histogram:    5705 (51.452%)

RMS:                                     28.7803 deg

Total FWHM of fit (not of data!):        -11.8249 deg
Maximum of fit (x position):             45.7445 deg (1-sigma uncertainty: 45.7445 deg ... 45.7445 deg) with maximum 126.398 cts



Error: You zoomed in too much into your ARM peak! Use a larger window around the peak!
Error: You zoomed out too much from your ARM peak or don't have enough bins! Use a smaller window around the peak or more bins!
Error: You zoomed out too much from your ARM peak or don't have enough bins! Use a smaller window around the peak or more bins!


Statistics of ARM histogram and fit
***********************************

Analyzed Compton and pair events:        11088
Compton and pair events in histogram:    2946 (26.5693%)

RMS:                                     19.4934 deg

Total FWHM of fit (not of data!):        71.7552 deg
Maximum of fit (x position):             34.5174 deg (1-sigma uncertainty: 34.1011 deg ... 34.9299 deg) with maximum 88.1725 cts

