
**************************************************************************
*                                                                        *
*            Mimrec - MEGAlib image reconstruction (and more)            *
*                                                                        *
*             This program is part of MEGAlib version 2.31.00            *
*                (C) by Andreas Zoglauer and contributors                *
*                                                                        *
*                      Master reference for MEGAlib:                     *
*            A. Zoglauer et al., NewAR 50 (7-8), 629-632, 2006           *
*                                                                        *
*            For more information about MEGAlib please visit:            *
*                        http://megalibtoolkit.com                       *
*                                                                        *
**************************************************************************

              You are using a development version of MEGAlib              

Command-line parser: Use file /Users/jracusin/proposals/ComPair/simulations/mysims/Sim_a_thon/FarFieldPointSource_1MeV_Cos0.7.inc1.id1.tra
   ***  Info  ***  for detector topACD
Ignoring noise threshold, because NoiseThresholdEqualsTriggerThreshold is set
   ***  Info  ***  for detector sideACD
Ignoring noise threshold, because NoiseThresholdEqualsTriggerThreshold is set
   ***  Warning  ***  
You have not defined any trigger criterion for detector: topACD
   ***  Warning  ***  
You have not defined any trigger criterion for detector: sideACD
Geometry MyComPair loaded!

Energy spectrum - some additional statistics:
Number of events:     10048 (inside=10048, outside=0)
Avg. measured energy: 933.025 keV

 FCN=90.6908 FROM MIGRAD    STATUS=CONVERGED      61 CALLS          62 TOTAL
                     EDM=4.59477e-07    STRATEGY= 1      ERROR MATRIX ACCURATE 
  EXT PARAMETER                                   STEP         FIRST   
  NO.   NAME      VALUE            ERROR          SIZE      DERIVATIVE 
   1  Constant     1.60542e+03   2.39880e+01   1.24720e-01  -1.17381e-06
   2  Mean         9.93935e+02   2.64504e-01   1.74341e-03  -2.30279e-03
   3  Sigma        2.16053e+01   2.08616e-01   1.68461e-05   8.15578e-02
                               ERR DEF= 0.5
 FCN=90.6908 FROM MIGRAD    STATUS=CONVERGED      43 CALLS          44 TOTAL
                     EDM=3.33781e-08    STRATEGY= 1      ERROR MATRIX ACCURATE 
  EXT PARAMETER                                   STEP         FIRST   
  NO.   NAME      VALUE            ERROR          SIZE      DERIVATIVE 
   1  Constant     1.60542e+03   2.39880e+01   1.24726e-01  -6.60815e-06
   2  Mean         9.93935e+02   2.64504e-01   1.74360e-03  -2.00356e-05
   3  Sigma        2.16052e+01   2.08614e-01   1.68489e-05   1.09651e-02
                               ERR DEF= 0.5

Energy spectrum - some additional statistics:
Number of events:     10048 (inside=10048, outside=0)
Avg. measured energy: 933.025 keV

 FCN=74.1383 FROM MIGRAD    STATUS=CONVERGED      86 CALLS          87 TOTAL
                     EDM=1.84992e-10    STRATEGY= 1      ERROR MATRIX ACCURATE 
  EXT PARAMETER                                   STEP         FIRST   
  NO.   NAME      VALUE            ERROR          SIZE      DERIVATIVE 
   1  Constant     8.24268e+02   1.22191e+01   5.82862e-02   7.19799e-07
   2  Mean         9.94391e+02   2.54266e-01   1.51031e-03  -4.54781e-05
   3  Sigma        2.07970e+01   1.94239e-01   1.45928e-05   1.54216e-03
                               ERR DEF= 0.5


 NEW MINIMUM FOUND.  GO BACK TO MINIMIZATION STEP.
 =================================================
                                                  V
                                                  V
                                                  V
                                               VVVVVVV
                                                VVVVV
                                                 VVV
                                                  V



Statistics of ARM histogram and fit
***********************************

Analyzed Compton and pair events:        6953
Compton and pair events in histogram:    5852 (84.1651%)

RMS:                                     5.89085 deg

Total FWHM of fit (not of data!):        5.09403 deg (90% confidence interval: 4.9186 deg ... 5.34245 deg)
Maximum of fit (x position):             -0.31089 deg (1-sigma uncertainty: -0.35647 deg ... -0.0752926 deg) with maximum 310.132 cts





Statistics of ARM histogram and fit
***********************************

Analyzed Compton and pair events:        6953
Compton and pair events in histogram:    4350 (62.5629%)

RMS:                                     2.23379 deg

Total FWHM of fit (not of data!):        4.46417 deg
Maximum of fit (x position):             0.0764725 deg with maximum 84.1665 cts

The fit to the data or the subsequent error calculation was not successful!
Try again with a different range (min/max x-values) or different bin size or more statistics.

