
**************************************************************************
*                                                                        *
*            Mimrec - MEGAlib image reconstruction (and more)            *
*                                                                        *
*             This program is part of MEGAlib version 2.31.00            *
*                (C) by Andreas Zoglauer and contributors                *
*                                                                        *
*                      Master reference for MEGAlib:                     *
*            A. Zoglauer et al., NewAR 50 (7-8), 629-632, 2006           *
*                                                                        *
*            For more information about MEGAlib please visit:            *
*                        http://megalibtoolkit.com                       *
*                                                                        *
**************************************************************************

              You are using a development version of MEGAlib              

Command-line parser: Use file /Users/busonnew/Compair/MegaLib/MEGAlib/sim_v1/cosTh90/FarFieldPointSource_0.3MeV_Cos0.9.inc1.id1.tra
   ***  Info  ***  for detector topACD
Ignoring noise threshold, because NoiseThresholdEqualsTriggerThreshold is set
   ***  Info  ***  for detector sideACD
Ignoring noise threshold, because NoiseThresholdEqualsTriggerThreshold is set
   ***  Warning  ***  
You have not defined any trigger criterion for detector: topACD
   ***  Warning  ***  
You have not defined any trigger criterion for detector: sideACD
Geometry MyComPair loaded!
Thread 0: Used RAM exceeds the user set maximum (512 MB)  --- finishing...

Response calculation finished after 6.363 seconds (6740 events, 1059.25 events/sec) using ~512 MB of RAM (79663 Bytes/event).
LM-ML-EM classic: We have an empty event. Eliminating event 163...
LM-ML-EM classic: We have an empty event. Eliminating event 249...
LM-ML-EM classic: We have an empty event. Eliminating event 254...
LM-ML-EM classic: We have an empty event. Eliminating event 325...
LM-ML-EM classic: We have an empty event. Eliminating event 450...
LM-ML-EM classic: We have an empty event. Eliminating event 507...
LM-ML-EM classic: We have an empty event. Eliminating event 556...
LM-ML-EM classic: We have an empty event. Eliminating event 610...
LM-ML-EM classic: We have an empty event. Eliminating event 622...
LM-ML-EM classic: We have an empty event. Eliminating event 636...
LM-ML-EM classic: We have an empty event. Eliminating event 660...
LM-ML-EM classic: We have an empty event. Eliminating event 827...
LM-ML-EM classic: We have an empty event. Eliminating event 1026...
LM-ML-EM classic: We have an empty event. Eliminating event 1127...
LM-ML-EM classic: We have an empty event. Eliminating event 1221...
LM-ML-EM classic: We have an empty event. Eliminating event 1309...
LM-ML-EM classic: We have an empty event. Eliminating event 1359...
LM-ML-EM classic: We have an empty event. Eliminating event 1433...
LM-ML-EM classic: We have an empty event. Eliminating event 1480...
LM-ML-EM classic: We have an empty event. Eliminating event 1593...
LM-ML-EM classic: We have an empty event. Eliminating event 1630...
LM-ML-EM classic: We have an empty event. Eliminating event 1807...
LM-ML-EM classic: We have an empty event. Eliminating event 1826...
LM-ML-EM classic: We have an empty event. Eliminating event 1837...
LM-ML-EM classic: We have an empty event. Eliminating event 2082...
LM-ML-EM classic: We have an empty event. Eliminating event 2099...
LM-ML-EM classic: We have an empty event. Eliminating event 2192...
LM-ML-EM classic: We have an empty event. Eliminating event 2308...
LM-ML-EM classic: We have an empty event. Eliminating event 2427...
LM-ML-EM classic: We have an empty event. Eliminating event 2476...
LM-ML-EM classic: We have an empty event. Eliminating event 2503...
LM-ML-EM classic: We have an empty event. Eliminating event 2522...
LM-ML-EM classic: We have an empty event. Eliminating event 2581...
LM-ML-EM classic: We have an empty event. Eliminating event 2745...
LM-ML-EM classic: We have an empty event. Eliminating event 2982...
LM-ML-EM classic: We have an empty event. Eliminating event 3007...
LM-ML-EM classic: We have an empty event. Eliminating event 3037...
LM-ML-EM classic: We have an empty event. Eliminating event 3066...
LM-ML-EM classic: We have an empty event. Eliminating event 3088...
LM-ML-EM classic: We have an empty event. Eliminating event 3138...
LM-ML-EM classic: We have an empty event. Eliminating event 3198...
LM-ML-EM classic: We have an empty event. Eliminating event 3583...
LM-ML-EM classic: We have an empty event. Eliminating event 3685...
LM-ML-EM classic: We have an empty event. Eliminating event 3718...
LM-ML-EM classic: We have an empty event. Eliminating event 3732...
LM-ML-EM classic: We have an empty event. Eliminating event 3827...
LM-ML-EM classic: We have an empty event. Eliminating event 3913...
LM-ML-EM classic: We have an empty event. Eliminating event 3958...
LM-ML-EM classic: We have an empty event. Eliminating event 3965...
LM-ML-EM classic: We have an empty event. Eliminating event 3982...
LM-ML-EM classic: We have an empty event. Eliminating event 4047...
LM-ML-EM classic: We have an empty event. Eliminating event 4147...
LM-ML-EM classic: We have an empty event. Eliminating event 4256...
LM-ML-EM classic: We have an empty event. Eliminating event 4466...
LM-ML-EM classic: We have an empty event. Eliminating event 4740...
LM-ML-EM classic: We have an empty event. Eliminating event 4834...
LM-ML-EM classic: We have an empty event. Eliminating event 4938...
LM-ML-EM classic: We have an empty event. Eliminating event 5353...
LM-ML-EM classic: We have an empty event. Eliminating event 5438...
LM-ML-EM classic: We have an empty event. Eliminating event 5469...
LM-ML-EM classic: We have an empty event. Eliminating event 5634...
LM-ML-EM classic: We have an empty event. Eliminating event 5722...
LM-ML-EM classic: We have an empty event. Eliminating event 5726...
LM-ML-EM classic: We have an empty event. Eliminating event 5786...
LM-ML-EM classic: We have an empty event. Eliminating event 5908...
LM-ML-EM classic: We have an empty event. Eliminating event 6000...
LM-ML-EM classic: We have an empty event. Eliminating event 6025...
LM-ML-EM classic: We have an empty event. Eliminating event 6064...
LM-ML-EM classic: We have an empty event. Eliminating event 6240...
LM-ML-EM classic: We have an empty event. Eliminating event 6284...
LM-ML-EM classic: We have an empty event. Eliminating event 6452...
LM-ML-EM classic: We have an empty event. Eliminating event 6481...
LM-ML-EM classic: We have an empty event. Eliminating event 6488...
LM-ML-EM classic: We have an empty event. Eliminating event 163...
LM-ML-EM classic: We have an empty event. Eliminating event 249...
LM-ML-EM classic: We have an empty event. Eliminating event 254...
LM-ML-EM classic: We have an empty event. Eliminating event 325...
LM-ML-EM classic: We have an empty event. Eliminating event 450...
LM-ML-EM classic: We have an empty event. Eliminating event 507...
LM-ML-EM classic: We have an empty event. Eliminating event 556...
LM-ML-EM classic: We have an empty event. Eliminating event 610...
LM-ML-EM classic: We have an empty event. Eliminating event 622...
LM-ML-EM classic: We have an empty event. Eliminating event 636...
LM-ML-EM classic: We have an empty event. Eliminating event 660...
LM-ML-EM classic: We have an empty event. Eliminating event 827...
LM-ML-EM classic: We have an empty event. Eliminating event 1026...
LM-ML-EM classic: We have an empty event. Eliminating event 1127...
LM-ML-EM classic: We have an empty event. Eliminating event 1221...
LM-ML-EM classic: We have an empty event. Eliminating event 1309...
LM-ML-EM classic: We have an empty event. Eliminating event 1359...
LM-ML-EM classic: We have an empty event. Eliminating event 1433...
LM-ML-EM classic: We have an empty event. Eliminating event 1480...
LM-ML-EM classic: We have an empty event. Eliminating event 1593...
LM-ML-EM classic: We have an empty event. Eliminating event 1630...
LM-ML-EM classic: We have an empty event. Eliminating event 1807...
LM-ML-EM classic: We have an empty event. Eliminating event 1826...
LM-ML-EM classic: We have an empty event. Eliminating event 1837...
LM-ML-EM classic: We have an empty event. Eliminating event 2082...
LM-ML-EM classic: We have an empty event. Eliminating event 2099...
LM-ML-EM classic: We have an empty event. Eliminating event 2192...
LM-ML-EM classic: We have an empty event. Eliminating event 2308...
LM-ML-EM classic: We have an empty event. Eliminating event 2427...
LM-ML-EM classic: We have an empty event. Eliminating event 2476...
LM-ML-EM classic: We have an empty event. Eliminating event 2503...
LM-ML-EM classic: We have an empty event. Eliminating event 2522...
LM-ML-EM classic: We have an empty event. Eliminating event 2581...
LM-ML-EM classic: We have an empty event. Eliminating event 2745...
LM-ML-EM classic: We have an empty event. Eliminating event 2982...
LM-ML-EM classic: We have an empty event. Eliminating event 3007...
LM-ML-EM classic: We have an empty event. Eliminating event 3037...
LM-ML-EM classic: We have an empty event. Eliminating event 3066...
LM-ML-EM classic: We have an empty event. Eliminating event 3088...
LM-ML-EM classic: We have an empty event. Eliminating event 3138...
LM-ML-EM classic: We have an empty event. Eliminating event 3198...
LM-ML-EM classic: We have an empty event. Eliminating event 3583...
LM-ML-EM classic: We have an empty event. Eliminating event 3685...
LM-ML-EM classic: We have an empty event. Eliminating event 3718...
LM-ML-EM classic: We have an empty event. Eliminating event 3732...
LM-ML-EM classic: We have an empty event. Eliminating event 3827...
LM-ML-EM classic: We have an empty event. Eliminating event 3913...
LM-ML-EM classic: We have an empty event. Eliminating event 3958...
LM-ML-EM classic: We have an empty event. Eliminating event 3965...
LM-ML-EM classic: We have an empty event. Eliminating event 3982...
LM-ML-EM classic: We have an empty event. Eliminating event 4047...
LM-ML-EM classic: We have an empty event. Eliminating event 4147...
LM-ML-EM classic: We have an empty event. Eliminating event 4256...
LM-ML-EM classic: We have an empty event. Eliminating event 4466...
LM-ML-EM classic: We have an empty event. Eliminating event 4740...
LM-ML-EM classic: We have an empty event. Eliminating event 4834...
LM-ML-EM classic: We have an empty event. Eliminating event 4938...
LM-ML-EM classic: We have an empty event. Eliminating event 5353...
LM-ML-EM classic: We have an empty event. Eliminating event 5438...
LM-ML-EM classic: We have an empty event. Eliminating event 5469...
LM-ML-EM classic: We have an empty event. Eliminating event 5634...
LM-ML-EM classic: We have an empty event. Eliminating event 5722...
LM-ML-EM classic: We have an empty event. Eliminating event 5726...
LM-ML-EM classic: We have an empty event. Eliminating event 5786...
LM-ML-EM classic: We have an empty event. Eliminating event 5908...
LM-ML-EM classic: We have an empty event. Eliminating event 6000...
LM-ML-EM classic: We have an empty event. Eliminating event 6025...
LM-ML-EM classic: We have an empty event. Eliminating event 6064...
LM-ML-EM classic: We have an empty event. Eliminating event 6240...
LM-ML-EM classic: We have an empty event. Eliminating event 6284...
LM-ML-EM classic: We have an empty event. Eliminating event 6452...
LM-ML-EM classic: We have an empty event. Eliminating event 6481...
LM-ML-EM classic: We have an empty event. Eliminating event 6488...
LM-ML-EM classic: We have an empty event. Eliminating event 163...
LM-ML-EM classic: We have an empty event. Eliminating event 249...
LM-ML-EM classic: We have an empty event. Eliminating event 254...
LM-ML-EM classic: We have an empty event. Eliminating event 325...
LM-ML-EM classic: We have an empty event. Eliminating event 450...
LM-ML-EM classic: We have an empty event. Eliminating event 507...
LM-ML-EM classic: We have an empty event. Eliminating event 556...
LM-ML-EM classic: We have an empty event. Eliminating event 610...
LM-ML-EM classic: We have an empty event. Eliminating event 622...
LM-ML-EM classic: We have an empty event. Eliminating event 636...
LM-ML-EM classic: We have an empty event. Eliminating event 660...
LM-ML-EM classic: We have an empty event. Eliminating event 827...
LM-ML-EM classic: We have an empty event. Eliminating event 1026...
LM-ML-EM classic: We have an empty event. Eliminating event 1127...
LM-ML-EM classic: We have an empty event. Eliminating event 1221...
LM-ML-EM classic: We have an empty event. Eliminating event 1309...
LM-ML-EM classic: We have an empty event. Eliminating event 1359...
LM-ML-EM classic: We have an empty event. Eliminating event 1433...
LM-ML-EM classic: We have an empty event. Eliminating event 1480...
LM-ML-EM classic: We have an empty event. Eliminating event 1593...
LM-ML-EM classic: We have an empty event. Eliminating event 1630...
LM-ML-EM classic: We have an empty event. Eliminating event 1807...
LM-ML-EM classic: We have an empty event. Eliminating event 1826...
LM-ML-EM classic: We have an empty event. Eliminating event 1837...
LM-ML-EM classic: We have an empty event. Eliminating event 2082...
LM-ML-EM classic: We have an empty event. Eliminating event 2099...
LM-ML-EM classic: We have an empty event. Eliminating event 2192...
LM-ML-EM classic: We have an empty event. Eliminating event 2308...
LM-ML-EM classic: We have an empty event. Eliminating event 2427...
LM-ML-EM classic: We have an empty event. Eliminating event 2476...
LM-ML-EM classic: We have an empty event. Eliminating event 2503...
LM-ML-EM classic: We have an empty event. Eliminating event 2522...
LM-ML-EM classic: We have an empty event. Eliminating event 2581...
LM-ML-EM classic: We have an empty event. Eliminating event 2745...
LM-ML-EM classic: We have an empty event. Eliminating event 2982...
LM-ML-EM classic: We have an empty event. Eliminating event 3007...
LM-ML-EM classic: We have an empty event. Eliminating event 3037...
LM-ML-EM classic: We have an empty event. Eliminating event 3066...
LM-ML-EM classic: We have an empty event. Eliminating event 3088...
LM-ML-EM classic: We have an empty event. Eliminating event 3138...
LM-ML-EM classic: We have an empty event. Eliminating event 3198...
LM-ML-EM classic: We have an empty event. Eliminating event 3583...
LM-ML-EM classic: We have an empty event. Eliminating event 3685...
LM-ML-EM classic: We have an empty event. Eliminating event 3718...
LM-ML-EM classic: We have an empty event. Eliminating event 3732...
LM-ML-EM classic: We have an empty event. Eliminating event 3827...
LM-ML-EM classic: We have an empty event. Eliminating event 3913...
LM-ML-EM classic: We have an empty event. Eliminating event 3958...
LM-ML-EM classic: We have an empty event. Eliminating event 3965...
LM-ML-EM classic: We have an empty event. Eliminating event 3982...
LM-ML-EM classic: We have an empty event. Eliminating event 4047...
LM-ML-EM classic: We have an empty event. Eliminating event 4147...
LM-ML-EM classic: We have an empty event. Eliminating event 4256...
LM-ML-EM classic: We have an empty event. Eliminating event 4466...
LM-ML-EM classic: We have an empty event. Eliminating event 4740...
LM-ML-EM classic: We have an empty event. Eliminating event 4834...
LM-ML-EM classic: We have an empty event. Eliminating event 4938...
LM-ML-EM classic: We have an empty event. Eliminating event 5353...
LM-ML-EM classic: We have an empty event. Eliminating event 5438...
LM-ML-EM classic: We have an empty event. Eliminating event 5469...
LM-ML-EM classic: We have an empty event. Eliminating event 5634...
LM-ML-EM classic: We have an empty event. Eliminating event 5722...
LM-ML-EM classic: We have an empty event. Eliminating event 5726...
LM-ML-EM classic: We have an empty event. Eliminating event 5786...
LM-ML-EM classic: We have an empty event. Eliminating event 5908...
LM-ML-EM classic: We have an empty event. Eliminating event 6000...
LM-ML-EM classic: We have an empty event. Eliminating event 6025...
LM-ML-EM classic: We have an empty event. Eliminating event 6064...
LM-ML-EM classic: We have an empty event. Eliminating event 6240...
LM-ML-EM classic: We have an empty event. Eliminating event 6284...
LM-ML-EM classic: We have an empty event. Eliminating event 6452...
LM-ML-EM classic: We have an empty event. Eliminating event 6481...
LM-ML-EM classic: We have an empty event. Eliminating event 6488...
LM-ML-EM classic: We have an empty event. Eliminating event 163...
LM-ML-EM classic: We have an empty event. Eliminating event 249...
LM-ML-EM classic: We have an empty event. Eliminating event 254...
LM-ML-EM classic: We have an empty event. Eliminating event 325...
LM-ML-EM classic: We have an empty event. Eliminating event 450...
LM-ML-EM classic: We have an empty event. Eliminating event 507...
LM-ML-EM classic: We have an empty event. Eliminating event 556...
LM-ML-EM classic: We have an empty event. Eliminating event 610...
LM-ML-EM classic: We have an empty event. Eliminating event 622...
LM-ML-EM classic: We have an empty event. Eliminating event 636...
LM-ML-EM classic: We have an empty event. Eliminating event 660...
LM-ML-EM classic: We have an empty event. Eliminating event 827...
LM-ML-EM classic: We have an empty event. Eliminating event 1026...
LM-ML-EM classic: We have an empty event. Eliminating event 1127...
LM-ML-EM classic: We have an empty event. Eliminating event 1221...
LM-ML-EM classic: We have an empty event. Eliminating event 1309...
LM-ML-EM classic: We have an empty event. Eliminating event 1359...
LM-ML-EM classic: We have an empty event. Eliminating event 1433...
LM-ML-EM classic: We have an empty event. Eliminating event 1480...
LM-ML-EM classic: We have an empty event. Eliminating event 1593...
LM-ML-EM classic: We have an empty event. Eliminating event 1630...
LM-ML-EM classic: We have an empty event. Eliminating event 1807...
LM-ML-EM classic: We have an empty event. Eliminating event 1826...
LM-ML-EM classic: We have an empty event. Eliminating event 1837...
LM-ML-EM classic: We have an empty event. Eliminating event 2082...
LM-ML-EM classic: We have an empty event. Eliminating event 2099...
LM-ML-EM classic: We have an empty event. Eliminating event 2192...
LM-ML-EM classic: We have an empty event. Eliminating event 2308...
LM-ML-EM classic: We have an empty event. Eliminating event 2427...
LM-ML-EM classic: We have an empty event. Eliminating event 2476...
LM-ML-EM classic: We have an empty event. Eliminating event 2503...
LM-ML-EM classic: We have an empty event. Eliminating event 2522...
LM-ML-EM classic: We have an empty event. Eliminating event 2581...
LM-ML-EM classic: We have an empty event. Eliminating event 2745...
LM-ML-EM classic: We have an empty event. Eliminating event 2982...
LM-ML-EM classic: We have an empty event. Eliminating event 3007...
LM-ML-EM classic: We have an empty event. Eliminating event 3037...
LM-ML-EM classic: We have an empty event. Eliminating event 3066...
LM-ML-EM classic: We have an empty event. Eliminating event 3088...
LM-ML-EM classic: We have an empty event. Eliminating event 3138...
LM-ML-EM classic: We have an empty event. Eliminating event 3198...
LM-ML-EM classic: We have an empty event. Eliminating event 3583...
LM-ML-EM classic: We have an empty event. Eliminating event 3685...
LM-ML-EM classic: We have an empty event. Eliminating event 3718...
LM-ML-EM classic: We have an empty event. Eliminating event 3732...
LM-ML-EM classic: We have an empty event. Eliminating event 3827...
LM-ML-EM classic: We have an empty event. Eliminating event 3913...
LM-ML-EM classic: We have an empty event. Eliminating event 3958...
LM-ML-EM classic: We have an empty event. Eliminating event 3965...
LM-ML-EM classic: We have an empty event. Eliminating event 3982...
LM-ML-EM classic: We have an empty event. Eliminating event 4047...
LM-ML-EM classic: We have an empty event. Eliminating event 4147...
LM-ML-EM classic: We have an empty event. Eliminating event 4256...
LM-ML-EM classic: We have an empty event. Eliminating event 4466...
LM-ML-EM classic: We have an empty event. Eliminating event 4740...
LM-ML-EM classic: We have an empty event. Eliminating event 4834...
LM-ML-EM classic: We have an empty event. Eliminating event 4938...
LM-ML-EM classic: We have an empty event. Eliminating event 5353...
LM-ML-EM classic: We have an empty event. Eliminating event 5438...
LM-ML-EM classic: We have an empty event. Eliminating event 5469...
LM-ML-EM classic: We have an empty event. Eliminating event 5634...
LM-ML-EM classic: We have an empty event. Eliminating event 5722...
LM-ML-EM classic: We have an empty event. Eliminating event 5726...
LM-ML-EM classic: We have an empty event. Eliminating event 5786...
LM-ML-EM classic: We have an empty event. Eliminating event 5908...
LM-ML-EM classic: We have an empty event. Eliminating event 6000...
LM-ML-EM classic: We have an empty event. Eliminating event 6025...
LM-ML-EM classic: We have an empty event. Eliminating event 6064...
LM-ML-EM classic: We have an empty event. Eliminating event 6240...
LM-ML-EM classic: We have an empty event. Eliminating event 6284...
LM-ML-EM classic: We have an empty event. Eliminating event 6452...
LM-ML-EM classic: We have an empty event. Eliminating event 6481...
LM-ML-EM classic: We have an empty event. Eliminating event 6488...
LM-ML-EM classic: We have an empty event. Eliminating event 163...
LM-ML-EM classic: We have an empty event. Eliminating event 249...
LM-ML-EM classic: We have an empty event. Eliminating event 254...
LM-ML-EM classic: We have an empty event. Eliminating event 325...
LM-ML-EM classic: We have an empty event. Eliminating event 450...
LM-ML-EM classic: We have an empty event. Eliminating event 507...
LM-ML-EM classic: We have an empty event. Eliminating event 556...
LM-ML-EM classic: We have an empty event. Eliminating event 610...
LM-ML-EM classic: We have an empty event. Eliminating event 622...
LM-ML-EM classic: We have an empty event. Eliminating event 636...
LM-ML-EM classic: We have an empty event. Eliminating event 660...
LM-ML-EM classic: We have an empty event. Eliminating event 827...
LM-ML-EM classic: We have an empty event. Eliminating event 1026...
LM-ML-EM classic: We have an empty event. Eliminating event 1127...
LM-ML-EM classic: We have an empty event. Eliminating event 1221...
LM-ML-EM classic: We have an empty event. Eliminating event 1309...
LM-ML-EM classic: We have an empty event. Eliminating event 1359...
LM-ML-EM classic: We have an empty event. Eliminating event 1433...
LM-ML-EM classic: We have an empty event. Eliminating event 1480...
LM-ML-EM classic: We have an empty event. Eliminating event 1593...
LM-ML-EM classic: We have an empty event. Eliminating event 1630...
LM-ML-EM classic: We have an empty event. Eliminating event 1807...
LM-ML-EM classic: We have an empty event. Eliminating event 1826...
LM-ML-EM classic: We have an empty event. Eliminating event 1837...
LM-ML-EM classic: We have an empty event. Eliminating event 2082...
LM-ML-EM classic: We have an empty event. Eliminating event 2099...
LM-ML-EM classic: We have an empty event. Eliminating event 2192...
LM-ML-EM classic: We have an empty event. Eliminating event 2308...
LM-ML-EM classic: We have an empty event. Eliminating event 2427...
LM-ML-EM classic: We have an empty event. Eliminating event 2476...
LM-ML-EM classic: We have an empty event. Eliminating event 2503...
LM-ML-EM classic: We have an empty event. Eliminating event 2522...
LM-ML-EM classic: We have an empty event. Eliminating event 2581...
LM-ML-EM classic: We have an empty event. Eliminating event 2745...
LM-ML-EM classic: We have an empty event. Eliminating event 2982...
LM-ML-EM classic: We have an empty event. Eliminating event 3007...
LM-ML-EM classic: We have an empty event. Eliminating event 3037...
LM-ML-EM classic: We have an empty event. Eliminating event 3066...
LM-ML-EM classic: We have an empty event. Eliminating event 3088...
LM-ML-EM classic: We have an empty event. Eliminating event 3138...
LM-ML-EM classic: We have an empty event. Eliminating event 3198...
LM-ML-EM classic: We have an empty event. Eliminating event 3583...
LM-ML-EM classic: We have an empty event. Eliminating event 3685...
LM-ML-EM classic: We have an empty event. Eliminating event 3718...
LM-ML-EM classic: We have an empty event. Eliminating event 3732...
LM-ML-EM classic: We have an empty event. Eliminating event 3827...
LM-ML-EM classic: We have an empty event. Eliminating event 3913...
LM-ML-EM classic: We have an empty event. Eliminating event 3958...
LM-ML-EM classic: We have an empty event. Eliminating event 3965...
LM-ML-EM classic: We have an empty event. Eliminating event 3982...
LM-ML-EM classic: We have an empty event. Eliminating event 4047...
LM-ML-EM classic: We have an empty event. Eliminating event 4147...
LM-ML-EM classic: We have an empty event. Eliminating event 4256...
LM-ML-EM classic: We have an empty event. Eliminating event 4466...
LM-ML-EM classic: We have an empty event. Eliminating event 4740...
LM-ML-EM classic: We have an empty event. Eliminating event 4834...
LM-ML-EM classic: We have an empty event. Eliminating event 4938...
LM-ML-EM classic: We have an empty event. Eliminating event 5353...
LM-ML-EM classic: We have an empty event. Eliminating event 5438...
LM-ML-EM classic: We have an empty event. Eliminating event 5469...
LM-ML-EM classic: We have an empty event. Eliminating event 5634...
LM-ML-EM classic: We have an empty event. Eliminating event 5722...
LM-ML-EM classic: We have an empty event. Eliminating event 5726...
LM-ML-EM classic: We have an empty event. Eliminating event 5786...
LM-ML-EM classic: We have an empty event. Eliminating event 5908...
LM-ML-EM classic: We have an empty event. Eliminating event 6000...
LM-ML-EM classic: We have an empty event. Eliminating event 6025...
LM-ML-EM classic: We have an empty event. Eliminating event 6064...
LM-ML-EM classic: We have an empty event. Eliminating event 6240...
LM-ML-EM classic: We have an empty event. Eliminating event 6284...
LM-ML-EM classic: We have an empty event. Eliminating event 6452...
LM-ML-EM classic: We have an empty event. Eliminating event 6481...
LM-ML-EM classic: We have an empty event. Eliminating event 6488...
Performed 5 iterations in 2.7174 seconds (1.84 iterations/second)


Energy spectrum - some additional statistics:
Number of events:     34610 (inside=34610, outside=0)
Avg. measured energy: 297.375 keV

 FCN=310481 FROM MIGRAD    STATUS=CONVERGED      79 CALLS          80 TOTAL
                     EDM=5.6183e-10    STRATEGY= 1      ERROR MATRIX ACCURATE 
  EXT PARAMETER                                   STEP         FIRST   
  NO.   NAME      VALUE            ERROR          SIZE      DERIVATIVE 
   1  Constant     3.09959e+03   5.07533e-01   1.10213e-01  -6.63631e-05
   2  Mean         3.14781e+02   2.32663e-03   6.29070e-04   6.24922e-03
   3  Sigma        1.24268e+01   2.45002e-03   1.44143e-05  -4.88115e-01




Statistics of ARM histogram and fit
***********************************

Analyzed Compton and pair events:        26549
Compton and pair events in histogram:    21015 (79.1555%)

RMS:                                     6.74095 deg

Total FWHM of fit (not of data!):        8.31619 deg (90% confidence interval: 7.70775 deg ... 8.98832 deg)
Maximum of fit (x position):             0.0784585 deg (1-sigma uncertainty: 0.0077332 deg ... 0.169514 deg) with maximum 745.54 cts





Statistics of ARM histogram and fit
***********************************

Analyzed Compton and pair events:        26549
Compton and pair events in histogram:    17018 (64.1003%)

RMS:                                     3.61106 deg

Total FWHM of fit (not of data!):        8.1722 deg (90% confidence interval: 6.56916 deg ... 9.41602 deg)
Maximum of fit (x position):             -0.25338 deg (1-sigma uncertainty: -0.342894 deg ... -0.165293 deg) with maximum 315.031 cts

