
**************************************************************************
*                                                                        *
*            Mimrec - MEGAlib image reconstruction (and more)            *
*                                                                        *
*             This program is part of MEGAlib version 2.31.00            *
*                (C) by Andreas Zoglauer and contributors                *
*                                                                        *
*                      Master reference for MEGAlib:                     *
*            A. Zoglauer et al., NewAR 50 (7-8), 629-632, 2006           *
*                                                                        *
*            For more information about MEGAlib please visit:            *
*                        http://megalibtoolkit.com                       *
*                                                                        *
**************************************************************************

              You are using a development version of MEGAlib              

Command-line parser: Use file /Users/jracusin/proposals/ComPair/simulations/mysims/Sim_a_thon/FarFieldPointSource_3.16MeV_Cos0.7.inc1.id1.tra
   ***  Info  ***  for detector topACD
Ignoring noise threshold, because NoiseThresholdEqualsTriggerThreshold is set
   ***  Info  ***  for detector sideACD
Ignoring noise threshold, because NoiseThresholdEqualsTriggerThreshold is set
   ***  Warning  ***  
You have not defined any trigger criterion for detector: topACD
   ***  Warning  ***  
You have not defined any trigger criterion for detector: sideACD
Geometry MyComPair loaded!

Energy spectrum - some additional statistics:
Number of events:     52324 (inside=52324, outside=0)
Avg. measured energy: 2293.04 keV


Energy spectrum - some additional statistics:
Number of events:     52324 (inside=52324, outside=0)
Avg. measured energy: 2293.04 keV

 FCN=501.467 FROM MIGRAD    STATUS=CONVERGED      71 CALLS          72 TOTAL
                     EDM=1.52575e-09    STRATEGY= 1      ERROR MATRIX ACCURATE 
  EXT PARAMETER                                   STEP         FIRST   
  NO.   NAME      VALUE            ERROR          SIZE      DERIVATIVE 
   1  Constant     1.59402e+03   2.25535e+01   1.87833e-01  -1.50804e-06
   2  Mean         3.14335e+03   5.90126e-01   5.31055e-03  -1.00487e-04
   3  Sigma        4.35840e+01   4.34954e-01   2.39268e-05  -1.47785e-02
 FCN=389.534 FROM MIGRAD    STATUS=CONVERGED      89 CALLS          90 TOTAL
                     EDM=1.10841e-08    STRATEGY= 1      ERROR MATRIX ACCURATE 
  EXT PARAMETER                                   STEP         FIRST   
  NO.   NAME      VALUE            ERROR          SIZE      DERIVATIVE 
   1  Constant     3.05738e+03   4.35424e+01   3.15586e-01   4.07031e-06
   2  Mean         3.14256e+03   6.19691e-01   4.97575e-03  -1.22171e-04
   3  Sigma        4.61684e+01   4.82730e-01   2.27346e-05   2.15080e-02
 FCN=389.534 FROM MIGRAD    STATUS=CONVERGED      43 CALLS          44 TOTAL
                     EDM=9.77557e-09    STRATEGY= 1      ERROR MATRIX ACCURATE 
  EXT PARAMETER                                   STEP         FIRST   
  NO.   NAME      VALUE            ERROR          SIZE      DERIVATIVE 
   1  Constant     3.05738e+03   4.35417e+01   3.15573e-01   2.94413e-06
   2  Mean         3.14256e+03   6.19709e-01   9.42767e-03  -1.90974e-04
   3  Sigma        4.61684e+01   4.82743e-01   2.27329e-05   3.49327e-03


Error: You zoomed in too much into your ARM peak! Use a larger window around the peak!


Statistics of ARM histogram and fit
***********************************

Analyzed Compton and pair events:        8775
Compton and pair events in histogram:    965 (10.9972%)

RMS:                                     8.45992 deg

Total FWHM of fit (not of data!):        26.2836 deg
Maximum of fit (x position):             3.57776 deg (1-sigma uncertainty: 3.09696 deg ... 4.06666 deg) with maximum 15.3495 cts



Error: You zoomed in too much into your ARM peak! Use a larger window around the peak!
Error: You zoomed in too much into your ARM peak! Use a larger window around the peak!


Statistics of ARM histogram and fit
***********************************

Analyzed Compton and pair events:        8775
Compton and pair events in histogram:    2067 (23.5556%)

RMS:                                     19.4106 deg

Total FWHM of fit (not of data!):        2.2356 deg
Maximum of fit (x position):             17.9904 deg (1-sigma uncertainty: 17.2284 deg ... 18.7684 deg) with maximum 34.2322 cts



Error: You zoomed in too much into your ARM peak! Use a larger window around the peak!


Statistics of ARM histogram and fit
***********************************

Analyzed Compton and pair events:        8775
Compton and pair events in histogram:    965 (10.9972%)

RMS:                                     8.45992 deg

Total FWHM of fit (not of data!):        26.2836 deg
Maximum of fit (x position):             3.57776 deg (1-sigma uncertainty: 3.09696 deg ... 4.06666 deg) with maximum 15.3495 cts



Error: You zoomed in too much into your ARM peak! Use a larger window around the peak!
Error: You zoomed in too much into your ARM peak! Use a larger window around the peak!


Statistics of ARM histogram and fit
***********************************

Analyzed Compton and pair events:        8775
Compton and pair events in histogram:    2067 (23.5556%)

RMS:                                     19.4106 deg

Total FWHM of fit (not of data!):        2.2356 deg
Maximum of fit (x position):             17.9904 deg (1-sigma uncertainty: 17.2284 deg ... 18.7684 deg) with maximum 34.2322 cts



Error: You zoomed out too much from your ARM peak or don't have enough bins! Use a smaller window around the peak or more bins!
Error: You zoomed out too much from your ARM peak or don't have enough bins! Use a smaller window around the peak or more bins!
Error: You zoomed out too much from your ARM peak or don't have enough bins! Use a smaller window around the peak or more bins!
Error: You zoomed out too much from your ARM peak or don't have enough bins! Use a smaller window around the peak or more bins!


Statistics of ARM histogram and fit
***********************************

Analyzed Compton and pair events:        8775
Compton and pair events in histogram:    190 (2.16524%)

RMS:                                     1.11386 deg

Total FWHM of fit (not of data!):        0.0718344 deg
Maximum of fit (x position):             -0.845163 deg (1-sigma uncertainty: -0.871832 deg ... -0.800004 deg) with maximum 9.51175 cts

