
**************************************************************************
*                                                                        *
*            Mimrec - MEGAlib image reconstruction (and more)            *
*                                                                        *
*             This program is part of MEGAlib version 2.31.00            *
*                (C) by Andreas Zoglauer and contributors                *
*                                                                        *
*                      Master reference for MEGAlib:                     *
*            A. Zoglauer et al., NewAR 50 (7-8), 629-632, 2006           *
*                                                                        *
*            For more information about MEGAlib please visit:            *
*                        http://megalibtoolkit.com                       *
*                                                                        *
**************************************************************************

              You are using a development version of MEGAlib              

Command-line parser: Use file /Users/reginamcaputo/Desktop/ComPair/Simulatons/PerformancePlotMimrecFiles/../PerformancePlotTraFiles/FarFieldPointSource_0.3MeV_Cos1.inc1.id1.tra
   ***  Info  ***  for detector topACD
Ignoring noise threshold, because NoiseThresholdEqualsTriggerThreshold is set
   ***  Info  ***  for detector sideACD
Ignoring noise threshold, because NoiseThresholdEqualsTriggerThreshold is set
   ***  Warning  ***  
You have not defined any trigger criterion for detector: topACD
   ***  Warning  ***  
You have not defined any trigger criterion for detector: sideACD
Geometry MyComPair loaded!

Energy spectrum - some additional statistics:
Number of events:     268 (inside=268, outside=0)
Avg. measured energy: 306.215 keV


Energy spectrum - some additional statistics:
Number of events:     268 (inside=268, outside=0)
Avg. measured energy: 306.215 keV

 FCN=7.27591 FROM MIGRAD    STATUS=CONVERGED      69 CALLS          70 TOTAL
                     EDM=1.28135e-07    STRATEGY= 1      ERROR MATRIX ACCURATE 
  EXT PARAMETER                                   STEP         FIRST   
  NO.   NAME      VALUE            ERROR          SIZE      DERIVATIVE 
   1  Constant     2.56294e+01   2.17466e+00   3.27491e-03   1.12896e-04
   2  Mean         3.13390e+02   9.98386e-01   1.81721e-03   2.36488e-04
   3  Sigma        1.28832e+01   8.48515e-01   3.34030e-05   1.92553e-02
                               ERR DEF= 0.5


Error: You zoomed out too much from your ARM peak or don't have enough bins! Use a smaller window around the peak or more bins!
Error: You zoomed out too much from your ARM peak or don't have enough bins! Use a smaller window around the peak or more bins!
Error: You zoomed out too much from your ARM peak or don't have enough bins! Use a smaller window around the peak or more bins!
Error: You zoomed out too much from your ARM peak or don't have enough bins! Use a smaller window around the peak or more bins!


Statistics of ARM histogram and fit
***********************************

Analyzed Compton and pair events:        227
Compton and pair events in histogram:    115 (50.6608%)

RMS:                                     8.93945 deg

Total FWHM of fit (not of data!):        0.612288 deg
Maximum of fit (x position):             1.42209 deg (1-sigma uncertainty: 1.25675 deg ... 1.58835 deg) with maximum 5.54024 cts



 NEW MINIMUM FOUND.  GO BACK TO MINIMIZATION STEP.
 =================================================
                                                  V
                                                  V
                                                  V
                                               VVVVVVV
                                                VVVVV
                                                 VVV
                                                  V

 NEW MINIMUM FOUND.  GO BACK TO MINIMIZATION STEP.
 =================================================
                                                  V
                                                  V
                                                  V
                                               VVVVVVV
                                                VVVVV
                                                 VVV
                                                  V

Error: You zoomed out too much from your ARM peak or don't have enough bins! Use a smaller window around the peak or more bins!
Error: You zoomed out too much from your ARM peak or don't have enough bins! Use a smaller window around the peak or more bins!


Statistics of ARM histogram and fit
***********************************

Analyzed Compton and pair events:        227
Compton and pair events in histogram:    115 (50.6608%)

RMS:                                     8.93945 deg

Total FWHM of fit (not of data!):        15.1914 deg
Maximum of fit (x position):             1.08343 deg (1-sigma uncertainty: 0.149796 deg ... 2.00542 deg) with maximum 11.4776 cts



 NEW MINIMUM FOUND.  GO BACK TO MINIMIZATION STEP.
 =================================================
                                                  V
                                                  V
                                                  V
                                               VVVVVVV
                                                VVVVV
                                                 VVV
                                                  V

 NEW MINIMUM FOUND.  GO BACK TO MINIMIZATION STEP.
 =================================================
                                                  V
                                                  V
                                                  V
                                               VVVVVVV
                                                VVVVV
                                                 VVV
                                                  V

Error: You zoomed out too much from your ARM peak or don't have enough bins! Use a smaller window around the peak or more bins!
Error: You zoomed out too much from your ARM peak or don't have enough bins! Use a smaller window around the peak or more bins!


Statistics of ARM histogram and fit
***********************************

Analyzed Compton and pair events:        227
Compton and pair events in histogram:    101 (44.4934%)

RMS:                                     6.91825 deg

Total FWHM of fit (not of data!):        12.2558 deg
Maximum of fit (x position):             2.44118 deg (1-sigma uncertainty: 0.0281382 deg ... 3.30913 deg) with maximum 8.79962 cts

