
**************************************************************************
*                                                                        *
*            Mimrec - MEGAlib image reconstruction (and more)            *
*                                                                        *
*             This program is part of MEGAlib version 2.31.00            *
*                (C) by Andreas Zoglauer and contributors                *
*                                                                        *
*                      Master reference for MEGAlib:                     *
*            A. Zoglauer et al., NewAR 50 (7-8), 629-632, 2006           *
*                                                                        *
*            For more information about MEGAlib please visit:            *
*                        http://megalibtoolkit.com                       *
*                                                                        *
**************************************************************************

              You are using a development version of MEGAlib              

Command-line parser: Use file /Users/jracusin/proposals/ComPair/simulations/mysims/Sim_a_thon/FarFieldPointSource_1MeV_Cos0.8.inc1.id1.tra
   ***  Info  ***  for detector topACD
Ignoring noise threshold, because NoiseThresholdEqualsTriggerThreshold is set
   ***  Info  ***  for detector sideACD
Ignoring noise threshold, because NoiseThresholdEqualsTriggerThreshold is set
   ***  Warning  ***  
You have not defined any trigger criterion for detector: topACD
   ***  Warning  ***  
You have not defined any trigger criterion for detector: sideACD
Geometry MyComPair loaded!

Energy spectrum - some additional statistics:
Number of events:     60589 (inside=60589, outside=0)
Avg. measured energy: 851.691 keV

 FCN=94.1999 FROM MIGRAD    STATUS=CONVERGED      70 CALLS          71 TOTAL
                     EDM=4.74732e-07    STRATEGY= 1      ERROR MATRIX ACCURATE 
  EXT PARAMETER                                   STEP         FIRST   
  NO.   NAME      VALUE            ERROR          SIZE      DERIVATIVE 
   1  Constant     6.91086e+03   5.07776e+01   2.69608e-01   6.25198e-07
   2  Mean         9.94967e+02   1.29098e-01   8.54816e-04   5.41533e-03
   3  Sigma        2.08027e+01   1.01557e-01   8.66360e-06   9.04028e-02
                               ERR DEF= 0.5


Error: You zoomed out too much from your ARM peak or don't have enough bins! Use a smaller window around the peak or more bins!
Error: You zoomed out too much from your ARM peak or don't have enough bins! Use a smaller window around the peak or more bins!
Error: You zoomed out too much from your ARM peak or don't have enough bins! Use a smaller window around the peak or more bins!
Error: You zoomed out too much from your ARM peak or don't have enough bins! Use a smaller window around the peak or more bins!


Statistics of ARM histogram and fit
***********************************

Analyzed Compton and pair events:        29107
Compton and pair events in histogram:    29107 (100%)

RMS:                                     36.1157 deg

Total FWHM of fit (not of data!):        7.35336 deg
Maximum of fit (x position):             54.8858 deg (1-sigma uncertainty: 54.8096 deg ... 54.9623 deg) with maximum 3353.03 cts



Error: You zoomed out too much from your ARM peak or don't have enough bins! Use a smaller window around the peak or more bins!
Error: You zoomed out too much from your ARM peak or don't have enough bins! Use a smaller window around the peak or more bins!
Error: You zoomed out too much from your ARM peak or don't have enough bins! Use a smaller window around the peak or more bins!
Error: You zoomed out too much from your ARM peak or don't have enough bins! Use a smaller window around the peak or more bins!


Statistics of ARM histogram and fit
***********************************

Analyzed Compton and pair events:        29107
Compton and pair events in histogram:    8491 (29.1717%)

RMS:                                     6.82694 deg

Total FWHM of fit (not of data!):        1.872 deg
Maximum of fit (x position):             0.00410813 deg (1-sigma uncertainty: -0.0153392 deg ... 0.0235556 deg) with maximum 841.628 cts



 NEW MINIMUM FOUND.  GO BACK TO MINIMIZATION STEP.
 =================================================
                                                  V
                                                  V
                                                  V
                                               VVVVVVV
                                                VVVVV
                                                 VVV
                                                  V

 NEW MINIMUM FOUND.  GO BACK TO MINIMIZATION STEP.
 =================================================
                                                  V
                                                  V
                                                  V
                                               VVVVVVV
                                                VVVVV
                                                 VVV
                                                  V



Statistics of ARM histogram and fit
***********************************

Analyzed Compton and pair events:        29107
Compton and pair events in histogram:    4545 (15.6148%)

RMS:                                     0.880182 deg

Total FWHM of fit (not of data!):        2.088 deg (90% confidence interval: 1.99341 deg ... 2.20585 deg)
Maximum of fit (x position):             -0.0164459 deg (1-sigma uncertainty: -0.0367617 deg ... 0.00386061 deg) with maximum 75.2323 cts

