
**************************************************************************
*                                                                        *
*            Mimrec - MEGAlib image reconstruction (and more)            *
*                                                                        *
*             This program is part of MEGAlib version 2.31.00            *
*                (C) by Andreas Zoglauer and contributors                *
*                                                                        *
*                      Master reference for MEGAlib:                     *
*            A. Zoglauer et al., NewAR 50 (7-8), 629-632, 2006           *
*                                                                        *
*            For more information about MEGAlib please visit:            *
*                        http://megalibtoolkit.com                       *
*                                                                        *
**************************************************************************

              You are using a development version of MEGAlib              

Command-line parser: Use file /Users/reginamcaputo/Desktop/ComPair/Simulatons/PerformancePlotMimrecFiles/../PerformancePlotTraFiles/FarFieldPointSource_10MeV_Cos1.inc1.id1.tra
   ***  Info  ***  for detector topACD
Ignoring noise threshold, because NoiseThresholdEqualsTriggerThreshold is set
   ***  Info  ***  for detector sideACD
Ignoring noise threshold, because NoiseThresholdEqualsTriggerThreshold is set
   ***  Warning  ***  
You have not defined any trigger criterion for detector: topACD
   ***  Warning  ***  
You have not defined any trigger criterion for detector: sideACD
Geometry MyComPair loaded!

Energy spectrum - some additional statistics:
Number of events:     5754 (inside=5754, outside=0)
Avg. measured energy: 6488.63 keV

 FCN=20.0433 FROM MIGRAD    STATUS=CONVERGED     106 CALLS         107 TOTAL
                     EDM=3.22767e-07    STRATEGY= 1      ERROR MATRIX ACCURATE 
  EXT PARAMETER                                   STEP         FIRST   
  NO.   NAME      VALUE            ERROR          SIZE      DERIVATIVE 
   1  Constant     1.55509e+02   5.54694e+00   8.56161e-03   1.13707e-04
   2  Mean         9.48932e+03   5.40704e+01   9.93858e-02   1.18784e-05
   3  Sigma        8.56525e+02   1.09738e+02   9.08918e-05  -1.00106e-03


Error: You zoomed in too much into your ARM peak! Use a larger window around the peak!
Error: You zoomed out too much from your ARM peak or don't have enough bins! Use a smaller window around the peak or more bins!
Error: You zoomed out too much from your ARM peak or don't have enough bins! Use a smaller window around the peak or more bins!


Statistics of ARM histogram and fit
***********************************

Analyzed Compton and pair events:        1838
Compton and pair events in histogram:    929 (50.5441%)

RMS:                                     6.62825 deg

Total FWHM of fit (not of data!):        6.04048 deg
Maximum of fit (x position):             1.98588 deg (1-sigma uncertainty: 1.73673 deg ... 2.27386 deg) with maximum 28.1365 cts



Error: You zoomed out too much from your ARM peak or don't have enough bins! Use a smaller window around the peak or more bins!
Error: You zoomed in too much into your ARM peak! Use a larger window around the peak!
Error: You zoomed out too much from your ARM peak or don't have enough bins! Use a smaller window around the peak or more bins!


Statistics of ARM histogram and fit
***********************************

Analyzed Compton and pair events:        1838
Compton and pair events in histogram:    469 (25.5169%)

RMS:                                     2.47664 deg

Total FWHM of fit (not of data!):        10.0619 deg
Maximum of fit (x position):             0.533257 deg (1-sigma uncertainty: 0.303369 deg ... 0.858197 deg) with maximum 43.7072 cts

