
**************************************************************************
*                                                                        *
*            Mimrec - MEGAlib image reconstruction (and more)            *
*                                                                        *
*             This program is part of MEGAlib version 2.31.00            *
*                (C) by Andreas Zoglauer and contributors                *
*                                                                        *
*                      Master reference for MEGAlib:                     *
*            A. Zoglauer et al., NewAR 50 (7-8), 629-632, 2006           *
*                                                                        *
*            For more information about MEGAlib please visit:            *
*                        http://megalibtoolkit.com                       *
*                                                                        *
**************************************************************************

              You are using a development version of MEGAlib              

Command-line parser: Use file /Users/jracusin/proposals/ComPair/simulations/mysims/Sim_a_thon/FarFieldPointSource_10MeV_Cos0.5.inc1.id1.tra
   ***  Info  ***  for detector topACD
Ignoring noise threshold, because NoiseThresholdEqualsTriggerThreshold is set
   ***  Info  ***  for detector sideACD
Ignoring noise threshold, because NoiseThresholdEqualsTriggerThreshold is set
   ***  Warning  ***  
You have not defined any trigger criterion for detector: topACD
   ***  Warning  ***  
You have not defined any trigger criterion for detector: sideACD
Geometry MyComPair loaded!

Energy spectrum - some additional statistics:
Number of events:     12767 (inside=12767, outside=0)
Avg. measured energy: 6840.95 keV

 FCN=184.247 FROM MIGRAD    STATUS=CONVERGED      88 CALLS          89 TOTAL
                     EDM=1.66428e-07    STRATEGY= 1      ERROR MATRIX ACCURATE 
  EXT PARAMETER                                   STEP         FIRST   
  NO.   NAME      VALUE            ERROR          SIZE      DERIVATIVE 
   1  Constant     3.57334e+02   4.85334e+00   3.55847e-02  -5.03556e-06
   2  Mean         7.42786e+03   2.97563e+01   1.95564e-01  -1.41532e-05
   3  Sigma        1.47035e+03   2.86610e+01   4.34736e-05  -3.44930e-03
                               ERR DEF= 0.5
 FCN=148.894 FROM MIGRAD    STATUS=CONVERGED      81 CALLS          82 TOTAL
                     EDM=9.97786e-09    STRATEGY= 1      ERROR MATRIX ACCURATE 
  EXT PARAMETER                                   STEP         FIRST   
  NO.   NAME      VALUE            ERROR          SIZE      DERIVATIVE 
   1  Constant     3.44474e+02   5.45597e+00   3.78985e-02  -2.83474e-06
   2  Mean         7.89431e+03   4.38212e+01   1.65883e-01   6.33992e-07
   3  Sigma        1.15422e+03   3.30490e+01   3.72637e-05  -7.57991e-03
                               ERR DEF= 0.5
 FCN=115.377 FROM MIGRAD    STATUS=CONVERGED      90 CALLS          91 TOTAL
                     EDM=5.58762e-10    STRATEGY= 1      ERROR MATRIX ACCURATE 
  EXT PARAMETER                                   STEP         FIRST   
  NO.   NAME      VALUE            ERROR          SIZE      DERIVATIVE 
   1  Constant     3.26490e+02   5.67157e+00   3.49033e-02   3.99518e-06
   2  Mean         8.22132e+03   3.56361e+01   1.32065e-01   4.01272e-07
   3  Sigma        9.56434e+02   2.72183e+01   3.16773e-05   3.68358e-03
                               ERR DEF= 0.5
 FCN=84.4994 FROM MIGRAD    STATUS=CONVERGED      92 CALLS          93 TOTAL
                     EDM=5.45581e-08    STRATEGY= 1      ERROR MATRIX ACCURATE 
  EXT PARAMETER                                   STEP         FIRST   
  NO.   NAME      VALUE            ERROR          SIZE      DERIVATIVE 
   1  Constant     3.02323e+02   6.07920e+00   3.22361e-02  -3.01763e-05
   2  Mean         8.57244e+03   3.17802e+01   1.01726e-01  -4.64009e-06
   3  Sigma        7.52351e+02   2.34211e+01   2.63347e-05  -2.27445e-04
                               ERR DEF= 0.5

Some statistics: 

Analyzed pair events:        6400
Pair events in histogram:    2590 (40.4688%)

0.68% containment: 12.3

Some statistics: 

Analyzed pair events:        6400
Pair events in histogram:    5193 (81.1406%)

0.68% containment: 37.35

Some statistics: 

Analyzed pair events:        6400
Pair events in histogram:    3632 (56.75%)

0.68% containment: 18.6

Some statistics: 

Analyzed pair events:        6400
Pair events in histogram:    2451 (38.2969%)

0.68% containment: 11.811
