
**************************************************************************
*                                                                        *
*            Mimrec - MEGAlib image reconstruction (and more)            *
*                                                                        *
*             This program is part of MEGAlib version 2.31.00            *
*                (C) by Andreas Zoglauer and contributors                *
*                                                                        *
*                      Master reference for MEGAlib:                     *
*            A. Zoglauer et al., NewAR 50 (7-8), 629-632, 2006           *
*                                                                        *
*            For more information about MEGAlib please visit:            *
*                        http://megalibtoolkit.com                       *
*                                                                        *
**************************************************************************

              You are using a development version of MEGAlib              

Command-line parser: Use file /Users/reginamcaputo/Desktop/ComPair/Simulatons/PerformancePlotMimrecFiles/../PerformancePlotTraFiles/FarFieldPointSource_0.3MeV_Cos0.5.inc1.id1.tra
   ***  Info  ***  for detector topACD
Ignoring noise threshold, because NoiseThresholdEqualsTriggerThreshold is set
   ***  Info  ***  for detector sideACD
Ignoring noise threshold, because NoiseThresholdEqualsTriggerThreshold is set
   ***  Warning  ***  
You have not defined any trigger criterion for detector: topACD
   ***  Warning  ***  
You have not defined any trigger criterion for detector: sideACD
Geometry MyComPair loaded!

Energy spectrum - some additional statistics:
Number of events:     327 (inside=327, outside=0)
Avg. measured energy: 306.954 keV


Energy spectrum - some additional statistics:
Number of events:     333 (inside=333, outside=0)
Avg. measured energy: 307.634 keV

 FCN=2.19455 FROM MIGRAD    STATUS=CONVERGED      80 CALLS          81 TOTAL
                     EDM=1.08138e-07    STRATEGY= 1      ERROR MATRIX ACCURATE 
  EXT PARAMETER                                   STEP         FIRST   
  NO.   NAME      VALUE            ERROR          SIZE      DERIVATIVE 
   1  Constant     3.06078e+01   2.47821e+00   2.08771e-03   1.43546e-04
   2  Mean         3.15164e+02   9.80389e-01   1.11161e-03   3.63820e-05
   3  Sigma        1.35466e+01   1.05171e+00   2.41258e-05   1.50051e-02
                               ERR DEF= 0.5


 NEW MINIMUM FOUND.  GO BACK TO MINIMIZATION STEP.
 =================================================
                                                  V
                                                  V
                                                  V
                                               VVVVVVV
                                                VVVVV
                                                 VVV
                                                  V

 NEW MINIMUM FOUND.  GO BACK TO MINIMIZATION STEP.
 =================================================
                                                  V
                                                  V
                                                  V
                                               VVVVVVV
                                                VVVVV
                                                 VVV
                                                  V

Error: You zoomed out too much from your ARM peak or don't have enough bins! Use a smaller window around the peak or more bins!
Error: You zoomed out too much from your ARM peak or don't have enough bins! Use a smaller window around the peak or more bins!


Statistics of ARM histogram and fit
***********************************

Analyzed Compton and pair events:        290
Compton and pair events in histogram:    290 (100%)

RMS:                                     34.4671 deg

Total FWHM of fit (not of data!):        79.6802 deg
Maximum of fit (x position):             6.51447 deg (1-sigma uncertainty: -4.1335 deg ... 14.7027 deg) with maximum 10.0746 cts



Error: You zoomed out too much from your ARM peak or don't have enough bins! Use a smaller window around the peak or more bins!
Error: You zoomed out too much from your ARM peak or don't have enough bins! Use a smaller window around the peak or more bins!
Error: You zoomed out too much from your ARM peak or don't have enough bins! Use a smaller window around the peak or more bins!


Statistics of ARM histogram and fit
***********************************

Analyzed Compton and pair events:        290
Compton and pair events in histogram:    121 (41.7241%)

RMS:                                     9.65805 deg

Total FWHM of fit (not of data!):        1.008 deg
Maximum of fit (x position):             0.498302 deg (1-sigma uncertainty: -0.0675695 deg ... 0.861482 deg) with maximum 4.60895 cts



 NEW MINIMUM FOUND.  GO BACK TO MINIMIZATION STEP.
 =================================================
                                                  V
                                                  V
                                                  V
                                               VVVVVVV
                                                VVVVV
                                                 VVV
                                                  V

Error: You zoomed in too much into your ARM peak! Use a larger window around the peak!
Error: You zoomed in too much into your ARM peak! Use a larger window around the peak!
Error: You zoomed out too much from your ARM peak or don't have enough bins! Use a smaller window around the peak or more bins!
Error: You zoomed out too much from your ARM peak or don't have enough bins! Use a smaller window around the peak or more bins!


Statistics of ARM histogram and fit
***********************************

Analyzed Compton and pair events:        290
Compton and pair events in histogram:    121 (41.7241%)

RMS:                                     9.65805 deg

Total FWHM of fit (not of data!):        18.1258 deg
Maximum of fit (x position):             0.538481 deg (1-sigma uncertainty: -0.724196 deg ... 1.86819 deg) with maximum 8.08435 cts



Error: You zoomed out too much from your ARM peak or don't have enough bins! Use a smaller window around the peak or more bins!
Error: You zoomed out too much from your ARM peak or don't have enough bins! Use a smaller window around the peak or more bins!


Statistics of ARM histogram and fit
***********************************

Analyzed Compton and pair events:        290
Compton and pair events in histogram:    121 (41.7241%)

RMS:                                     9.65805 deg

Total FWHM of fit (not of data!):        3.83384 deg
Maximum of fit (x position):             1.57111 deg (1-sigma uncertainty: 1.04916 deg ... 2.14256 deg) with maximum 11.7614 cts



Error: You zoomed out too much from your ARM peak or don't have enough bins! Use a smaller window around the peak or more bins!
Error: You zoomed out too much from your ARM peak or don't have enough bins! Use a smaller window around the peak or more bins!
Error: You zoomed out too much from your ARM peak or don't have enough bins! Use a smaller window around the peak or more bins!
Error: You zoomed out too much from your ARM peak or don't have enough bins! Use a smaller window around the peak or more bins!


Statistics of ARM histogram and fit
***********************************

Analyzed Compton and pair events:        290
Compton and pair events in histogram:    121 (41.7241%)

RMS:                                     9.65805 deg

Total FWHM of fit (not of data!):        4.48148 deg
Maximum of fit (x position):             1.73935 deg (1-sigma uncertainty: 1.06242 deg ... 2.40989 deg) with maximum 8.79123 cts



Error: You zoomed out too much from your ARM peak or don't have enough bins! Use a smaller window around the peak or more bins!
Error: You zoomed out too much from your ARM peak or don't have enough bins! Use a smaller window around the peak or more bins!
Error: You zoomed out too much from your ARM peak or don't have enough bins! Use a smaller window around the peak or more bins!
Error: You zoomed out too much from your ARM peak or don't have enough bins! Use a smaller window around the peak or more bins!


Statistics of ARM histogram and fit
***********************************

Analyzed Compton and pair events:        290
Compton and pair events in histogram:    53 (18.2759%)

RMS:                                     2.66891 deg

Total FWHM of fit (not of data!):        0.54 deg
Maximum of fit (x position):             0.678007 deg (1-sigma uncertainty: 0.231119 deg ... 0.912293 deg) with maximum 4.02591 cts

