
**************************************************************************
*                                                                        *
*            Mimrec - MEGAlib image reconstruction (and more)            *
*                                                                        *
*             This program is part of MEGAlib version 2.31.00            *
*                (C) by Andreas Zoglauer and contributors                *
*                                                                        *
*                      Master reference for MEGAlib:                     *
*            A. Zoglauer et al., NewAR 50 (7-8), 629-632, 2006           *
*                                                                        *
*            For more information about MEGAlib please visit:            *
*                        http://megalibtoolkit.com                       *
*                                                                        *
**************************************************************************

              You are using a development version of MEGAlib              

Command-line parser: Use file /Users/jracusin/proposals/ComPair/simulations/mysims/Sim_a_thon/FarFieldPointSource_100MeV_Cos0.8.inc1.id1.tra
   ***  Info  ***  for detector topACD
Ignoring noise threshold, because NoiseThresholdEqualsTriggerThreshold is set
   ***  Info  ***  for detector sideACD
Ignoring noise threshold, because NoiseThresholdEqualsTriggerThreshold is set
   ***  Warning  ***  
You have not defined any trigger criterion for detector: topACD
   ***  Warning  ***  
You have not defined any trigger criterion for detector: sideACD
Geometry MyComPair loaded!

Energy spectrum - some additional statistics:
Number of events:     12074 (inside=12074, outside=0)
Avg. measured energy: 54811.9 keV

 FCN=53.9315 FROM MIGRAD    STATUS=CONVERGED      88 CALLS          89 TOTAL
                     EDM=3.482e-09    STRATEGY= 1      ERROR MATRIX ACCURATE 
  EXT PARAMETER                                   STEP         FIRST   
  NO.   NAME      VALUE            ERROR          SIZE      DERIVATIVE 
   1  Constant     3.39211e+02   5.77138e+00   2.49665e-02  -3.62493e-06
   2  Mean         7.33480e+04   2.44991e+02   7.37953e-01  -7.24725e-08
   3  Sigma        8.35049e+03   1.66738e+02   2.16273e-05   4.47486e-03
                               ERR DEF= 0.5

Some statistics: 

Analyzed pair events:        12074
Pair events in histogram:    10707 (88.6782%)

0.68% containment: 3.25

Some statistics: 

Analyzed pair events:        12074
Pair events in histogram:    9752 (80.7686%)

0.68% containment: 2.5

Some statistics: 

Analyzed pair events:        12074
Pair events in histogram:    6577 (54.4724%)

0.68% containment: 1.4875
