
**************************************************************************
*                                                                        *
*            Mimrec - MEGAlib image reconstruction (and more)            *
*                                                                        *
*             This program is part of MEGAlib version 2.31.00            *
*                (C) by Andreas Zoglauer and contributors                *
*                                                                        *
*                      Master reference for MEGAlib:                     *
*            A. Zoglauer et al., NewAR 50 (7-8), 629-632, 2006           *
*                                                                        *
*            For more information about MEGAlib please visit:            *
*                        http://megalibtoolkit.com                       *
*                                                                        *
**************************************************************************

              You are using a development version of MEGAlib              

Command-line parser: Use file /Users/busonnew/Compair/MegaLib/MEGAlib/sim_v1/cosTh90/FarFieldPointSource_0.3MeV_Cos0.9.inc1.id1.tra
   ***  Info  ***  for detector topACD
Ignoring noise threshold, because NoiseThresholdEqualsTriggerThreshold is set
   ***  Info  ***  for detector sideACD
Ignoring noise threshold, because NoiseThresholdEqualsTriggerThreshold is set
   ***  Warning  ***  
You have not defined any trigger criterion for detector: topACD
   ***  Warning  ***  
You have not defined any trigger criterion for detector: sideACD
Geometry MyComPair loaded!

Response calculation finished after 16.47 seconds (258 events, 15.6648 events/sec) using ~19 MB of RAM (79945 Bytes/event).
LM-ML-EM classic: We have an empty event. Eliminating event 129...
LM-ML-EM classic: We have an empty event. Eliminating event 239...
LM-ML-EM classic: We have an empty event. Eliminating event 129...
LM-ML-EM classic: We have an empty event. Eliminating event 239...
LM-ML-EM classic: We have an empty event. Eliminating event 129...
LM-ML-EM classic: We have an empty event. Eliminating event 239...
LM-ML-EM classic: We have an empty event. Eliminating event 129...
LM-ML-EM classic: We have an empty event. Eliminating event 239...
LM-ML-EM classic: We have an empty event. Eliminating event 129...
LM-ML-EM classic: We have an empty event. Eliminating event 239...
Performed 5 iterations in 0.512476 seconds (9.75655 iterations/second)


Energy spectrum - some additional statistics:
Number of events:     258 (inside=258, outside=0)
Avg. measured energy: 307.038 keV

 FCN=105.63 FROM MIGRAD    STATUS=CONVERGED      69 CALLS          70 TOTAL
                     EDM=5.40058e-08    STRATEGY= 1      ERROR MATRIX ACCURATE 
  EXT PARAMETER                                   STEP         FIRST   
  NO.   NAME      VALUE            ERROR          SIZE      DERIVATIVE 
   1  Constant     2.39384e+01   4.88850e-01   1.95430e-03   3.03542e-04
   2  Mean         3.15084e+02   3.16599e-01   1.58463e-03   5.78388e-04
   3  Sigma        1.35780e+01   3.41174e-01   3.45413e-05   4.14434e-02


Error: You zoomed out too much from your ARM peak or don't have enough bins! Use a smaller window around the peak or more bins!
Error: You zoomed out too much from your ARM peak or don't have enough bins! Use a smaller window around the peak or more bins!
Error: You zoomed out too much from your ARM peak or don't have enough bins! Use a smaller window around the peak or more bins!
Error: You zoomed out too much from your ARM peak or don't have enough bins! Use a smaller window around the peak or more bins!


Statistics of ARM histogram and fit
***********************************

Analyzed Compton and pair events:        221
Compton and pair events in histogram:    101 (45.7014%)

RMS:                                     10.0572 deg

Total FWHM of fit (not of data!):        1.44 deg
Maximum of fit (x position):             0.355397 deg (1-sigma uncertainty: 0.0516573 deg ... 1.31544 deg) with maximum 5.04916 cts



 NEW MINIMUM FOUND.  GO BACK TO MINIMIZATION STEP.
 =================================================
                                                  V
                                                  V
                                                  V
                                               VVVVVVV
                                                VVVVV
                                                 VVV
                                                  V

Error: You zoomed out too much from your ARM peak or don't have enough bins! Use a smaller window around the peak or more bins!
Error: You zoomed out too much from your ARM peak or don't have enough bins! Use a smaller window around the peak or more bins!
Error: You zoomed out too much from your ARM peak or don't have enough bins! Use a smaller window around the peak or more bins!
Error: You zoomed out too much from your ARM peak or don't have enough bins! Use a smaller window around the peak or more bins!


Statistics of ARM histogram and fit
***********************************

Analyzed Compton and pair events:        221
Compton and pair events in histogram:    188 (85.0679%)

RMS:                                     24.3728 deg

Total FWHM of fit (not of data!):        3.96 deg
Maximum of fit (x position):             -0.354753 deg (1-sigma uncertainty: -1.11323 deg ... 0.628946 deg) with maximum 6.61151 cts



Error: You zoomed out too much from your ARM peak or don't have enough bins! Use a smaller window around the peak or more bins!
Error: You zoomed out too much from your ARM peak or don't have enough bins! Use a smaller window around the peak or more bins!
Error: You zoomed out too much from your ARM peak or don't have enough bins! Use a smaller window around the peak or more bins!
Error: You zoomed out too much from your ARM peak or don't have enough bins! Use a smaller window around the peak or more bins!


Statistics of ARM histogram and fit
***********************************

Analyzed Compton and pair events:        221
Compton and pair events in histogram:    80 (36.1991%)

RMS:                                     6.72515 deg

Total FWHM of fit (not of data!):        0.432187 deg
Maximum of fit (x position):             0.922949 deg (1-sigma uncertainty: 0.922949 deg ... 0.922949 deg) with maximum 4.37873 cts



Error: You zoomed out too much from your ARM peak or don't have enough bins! Use a smaller window around the peak or more bins!
Error: You zoomed out too much from your ARM peak or don't have enough bins! Use a smaller window around the peak or more bins!
Error: You zoomed out too much from your ARM peak or don't have enough bins! Use a smaller window around the peak or more bins!
Error: You zoomed out too much from your ARM peak or don't have enough bins! Use a smaller window around the peak or more bins!


Statistics of ARM histogram and fit
***********************************

Analyzed Compton and pair events:        221
Compton and pair events in histogram:    101 (45.7014%)

RMS:                                     10.0572 deg

Total FWHM of fit (not of data!):        1.44 deg
Maximum of fit (x position):             0.355397 deg (1-sigma uncertainty: 0.0516573 deg ... 1.31544 deg) with maximum 5.04916 cts



Error: You zoomed in too much into your ARM peak! Use a larger window around the peak!
Error: You zoomed in too much into your ARM peak! Use a larger window around the peak!
Error: You zoomed out too much from your ARM peak or don't have enough bins! Use a smaller window around the peak or more bins!
Error: You zoomed out too much from your ARM peak or don't have enough bins! Use a smaller window around the peak or more bins!


Statistics of ARM histogram and fit
***********************************

Analyzed Compton and pair events:        221
Compton and pair events in histogram:    16 (7.23982%)

RMS:                                     0.714196 deg

Total FWHM of fit (not of data!):        54.5099 deg
Maximum of fit (x position):             0.205589 deg (1-sigma uncertainty: 0.205589 deg ... 0.205589 deg) with maximum 1.24798 cts

