
**************************************************************************
*                                                                        *
*            Mimrec - MEGAlib image reconstruction (and more)            *
*                                                                        *
*             This program is part of MEGAlib version 2.31.00            *
*                (C) by Andreas Zoglauer and contributors                *
*                                                                        *
*                      Master reference for MEGAlib:                     *
*            A. Zoglauer et al., NewAR 50 (7-8), 629-632, 2006           *
*                                                                        *
*            For more information about MEGAlib please visit:            *
*                        http://megalibtoolkit.com                       *
*                                                                        *
**************************************************************************

              You are using a development version of MEGAlib              

Command-line parser: Use file /Users/reginamcaputo/Desktop/ComPair/Simulatons/PerformancePlotMimrecFiles/../PerformancePlotTraFiles/FarFieldPointSource_10MeV_Cos1.inc1.id1.tra
   ***  Info  ***  for detector topACD
Ignoring noise threshold, because NoiseThresholdEqualsTriggerThreshold is set
   ***  Info  ***  for detector sideACD
Ignoring noise threshold, because NoiseThresholdEqualsTriggerThreshold is set
   ***  Warning  ***  
You have not defined any trigger criterion for detector: topACD
   ***  Warning  ***  
You have not defined any trigger criterion for detector: sideACD
Geometry MyComPair loaded!

Energy spectrum - some additional statistics:
Number of events:     13103 (inside=13103, outside=0)
Avg. measured energy: 7274.45 keV

 FCN=43.8904 FROM MIGRAD    STATUS=CONVERGED      95 CALLS          96 TOTAL
                     EDM=1.43008e-07    STRATEGY= 1      ERROR MATRIX ACCURATE 
  EXT PARAMETER                                   STEP         FIRST   
  NO.   NAME      VALUE            ERROR          SIZE      DERIVATIVE 
   1  Constant     4.02188e+02   9.86252e+00   3.62057e-02   3.45706e-05
   2  Mean         9.18261e+03   2.24909e+01   5.48482e-02   2.86152e-05
   3  Sigma        4.29335e+02   2.08040e+01   4.62744e-05   2.70371e-02
                               ERR DEF= 0.5
 FCN=55.5252 FROM MIGRAD    STATUS=CONVERGED      62 CALLS          63 TOTAL
                     EDM=1.47329e-08    STRATEGY= 1      ERROR MATRIX ACCURATE 
  EXT PARAMETER                                   STEP         FIRST   
  NO.   NAME      VALUE            ERROR          SIZE      DERIVATIVE 
   1  Constant     4.02483e+02   9.27006e+00   3.99040e-02   1.22246e-05
   2  Mean         9.18678e+03   2.07993e+01   5.38637e-02   1.04689e-05
   3  Sigma        4.28963e+02   1.52213e+01   3.77901e-05   1.54462e-02
                               ERR DEF= 0.5

Some statistics: 

Analyzed pair events:        1072
Pair events in histogram:    1072 (100%)

0.68% containment: 31.5

Some statistics: 

Analyzed pair events:        1072
Pair events in histogram:    731 (68.1903%)

0.68% containment: 12.1275
