
**************************************************************************
*                                                                        *
*            Mimrec - MEGAlib image reconstruction (and more)            *
*                                                                        *
*             This program is part of MEGAlib version 2.31.00            *
*                (C) by Andreas Zoglauer and contributors                *
*                                                                        *
*                      Master reference for MEGAlib:                     *
*            A. Zoglauer et al., NewAR 50 (7-8), 629-632, 2006           *
*                                                                        *
*            For more information about MEGAlib please visit:            *
*                        http://megalibtoolkit.com                       *
*                                                                        *
**************************************************************************

              You are using a development version of MEGAlib              

Command-line parser: Use file /Users/jracusin/proposals/ComPair/simulations/mysims/Sim_a_thon/FarFieldPointSource_10MeV_Cos0.8.inc1.id1.tra
   ***  Info  ***  for detector topACD
Ignoring noise threshold, because NoiseThresholdEqualsTriggerThreshold is set
   ***  Info  ***  for detector sideACD
Ignoring noise threshold, because NoiseThresholdEqualsTriggerThreshold is set
   ***  Warning  ***  
You have not defined any trigger criterion for detector: topACD
   ***  Warning  ***  
You have not defined any trigger criterion for detector: sideACD
Geometry MyComPair loaded!

Energy spectrum - some additional statistics:
Number of events:     7124 (inside=7124, outside=0)
Avg. measured energy: 6534.54 keV

 FCN=116.942 FROM MIGRAD    STATUS=CONVERGED      78 CALLS          79 TOTAL
                     EDM=3.45561e-08    STRATEGY= 1      ERROR MATRIX ACCURATE 
  EXT PARAMETER                                   STEP         FIRST   
  NO.   NAME      VALUE            ERROR          SIZE      DERIVATIVE 
   1  Constant     2.14620e+02   6.03283e+00   3.46788e-02  -1.91515e-05
   2  Mean         9.24144e+03   1.61130e+01   1.04233e-01  -4.08152e-06
   3  Sigma        5.31162e+02   1.53003e+01   5.52885e-05   4.99998e-03
                               ERR DEF= 0.5
 FCN=81.67 FROM MIGRAD    STATUS=CONVERGED      85 CALLS          86 TOTAL
                     EDM=4.99577e-09    STRATEGY= 1      ERROR MATRIX ACCURATE 
  EXT PARAMETER                                   STEP         FIRST   
  NO.   NAME      VALUE            ERROR          SIZE      DERIVATIVE 
   1  Constant     2.22980e+02   6.86248e+00   3.38338e-02   1.24811e-05
   2  Mean         9.40001e+03   1.48992e+01   7.45606e-02  -2.88362e-07
   3  Sigma        4.09472e+02   1.28241e+01   4.16831e-05   5.73516e-03
                               ERR DEF= 0.5
 FCN=60.3535 FROM MIGRAD    STATUS=CONVERGED      79 CALLS          80 TOTAL
                     EDM=9.06068e-08    STRATEGY= 1      ERROR MATRIX ACCURATE 
  EXT PARAMETER                                   STEP         FIRST   
  NO.   NAME      VALUE            ERROR          SIZE      DERIVATIVE 
   1  Constant     2.24053e+02   7.66358e+00   3.44350e-02  -3.37174e-05
   2  Mean         9.53336e+03   1.86145e+01   6.03486e-02  -1.41308e-05
   3  Sigma        3.21086e+02   1.34274e+01   3.48293e-05  -9.91793e-03
                               ERR DEF= 0.5




Statistics of ARM histogram and fit
***********************************

Analyzed Compton and pair events:        2167
Compton and pair events in histogram:    1098 (50.6691%)

RMS:                                     6.31211 deg

Total FWHM of fit (not of data!):        8.46954 deg (90% confidence interval: 6.30386 deg ... 11.0118 deg)
Maximum of fit (x position):             2.69873 deg (1-sigma uncertainty: 2.44083 deg ... 2.96294 deg) with maximum 32.4651 cts





Statistics of ARM histogram and fit
***********************************

Analyzed Compton and pair events:        2167
Compton and pair events in histogram:    965 (44.5316%)

RMS:                                     4.97404 deg

Total FWHM of fit (not of data!):        13.1849 deg (90% confidence interval: 11.0394 deg ... 15.3444 deg)
Maximum of fit (x position):             2.27389 deg (1-sigma uncertainty: 2.04634 deg ... 2.50466 deg) with maximum 20.0618 cts





Statistics of ARM histogram and fit
***********************************

Analyzed Compton and pair events:        2167
Compton and pair events in histogram:    895 (41.3013%)

RMS:                                     4.38446 deg

Total FWHM of fit (not of data!):        11.4384 deg (90% confidence interval: 10.4872 deg ... 12.508 deg)
Maximum of fit (x position):             2.0574 deg (1-sigma uncertainty: 1.84744 deg ... 2.27164 deg) with maximum 18.5944 cts

