
**************************************************************************
*                                                                        *
*            Mimrec - MEGAlib image reconstruction (and more)            *
*                                                                        *
*             This program is part of MEGAlib version 2.31.00            *
*                (C) by Andreas Zoglauer and contributors                *
*                                                                        *
*                      Master reference for MEGAlib:                     *
*            A. Zoglauer et al., NewAR 50 (7-8), 629-632, 2006           *
*                                                                        *
*            For more information about MEGAlib please visit:            *
*                        http://megalibtoolkit.com                       *
*                                                                        *
**************************************************************************

              You are using a development version of MEGAlib              

Command-line parser: Use file /Users/busonnew/Compair/MegaLib/MEGAlib/sim_v1/cosTh90/FarFieldPointSource_10MeV_Cos0.6.inc1.id1.tra
   ***  Info  ***  for detector topACD
Ignoring noise threshold, because NoiseThresholdEqualsTriggerThreshold is set
   ***  Info  ***  for detector sideACD
Ignoring noise threshold, because NoiseThresholdEqualsTriggerThreshold is set
   ***  Warning  ***  
You have not defined any trigger criterion for detector: topACD
   ***  Warning  ***  
You have not defined any trigger criterion for detector: sideACD
Geometry MyComPair loaded!

Energy spectrum - some additional statistics:
Number of events:     7168 (inside=7168, outside=0)
Avg. measured energy: 6652.17 keV

 FCN=28476.6 FROM MIGRAD    STATUS=CONVERGED      99 CALLS         100 TOTAL
                     EDM=4.91426e-07    STRATEGY= 1      ERROR MATRIX ACCURATE 
  EXT PARAMETER                                   STEP         FIRST   
  NO.   NAME      VALUE            ERROR          SIZE      DERIVATIVE 
   1  Constant     1.67526e+02   3.20645e-01   1.96644e-02   2.92369e-03
   2  Mean         8.96141e+03   3.43936e+00   2.75747e-01   1.23218e-04
   3  Sigma        1.31220e+03   5.46067e+00   1.10585e-04   5.59981e-01




Statistics of ARM histogram and fit
***********************************

Analyzed Compton and pair events:        3347
Compton and pair events in histogram:    2830 (84.5533%)

RMS:                                     24.5882 deg

Total FWHM of fit (not of data!):        61.3717 deg (90% confidence interval: 52.2499 deg ... 74.8676 deg)
Maximum of fit (x position):             19.6425 deg (1-sigma uncertainty: 18.7214 deg ... 20.5253 deg) with maximum 61.9466 cts





Statistics of ARM histogram and fit
***********************************

Analyzed Compton and pair events:        3347
Compton and pair events in histogram:    1997 (59.6654%)

RMS:                                     12.2139 deg

Total FWHM of fit (not of data!):        18.603 deg (90% confidence interval: 16.8811 deg ... 20.3745 deg)
Maximum of fit (x position):             6.6954 deg (1-sigma uncertainty: 6.20102 deg ... 7.15076 deg) with maximum 56.3473 cts





Statistics of ARM histogram and fit
***********************************

Analyzed Compton and pair events:        3347
Compton and pair events in histogram:    1378 (41.1712%)

RMS:                                     6.1337 deg

Total FWHM of fit (not of data!):        10.625 deg (90% confidence interval: 5.64926 deg ... 14.5277 deg)
Maximum of fit (x position):             2.4208 deg (1-sigma uncertainty: 2.21123 deg ... 2.64155 deg) with maximum 36.3492 cts

