
**************************************************************************
*                                                                        *
*            Mimrec - MEGAlib image reconstruction (and more)            *
*                                                                        *
*             This program is part of MEGAlib version 2.31.00            *
*                (C) by Andreas Zoglauer and contributors                *
*                                                                        *
*                      Master reference for MEGAlib:                     *
*            A. Zoglauer et al., NewAR 50 (7-8), 629-632, 2006           *
*                                                                        *
*            For more information about MEGAlib please visit:            *
*                        http://megalibtoolkit.com                       *
*                                                                        *
**************************************************************************

              You are using a development version of MEGAlib              

Command-line parser: Use file /Users/reginamcaputo/Desktop/ComPair/Simulatons/PerformancePlotMimrecFiles/../PerformancePlotTraFiles/FarFieldPointSource_0.3MeV_Cos1.inc1.id1.tra
   ***  Info  ***  for detector topACD
Ignoring noise threshold, because NoiseThresholdEqualsTriggerThreshold is set
   ***  Info  ***  for detector sideACD
Ignoring noise threshold, because NoiseThresholdEqualsTriggerThreshold is set
   ***  Warning  ***  
You have not defined any trigger criterion for detector: topACD
   ***  Warning  ***  
You have not defined any trigger criterion for detector: sideACD
Geometry MyComPair loaded!

Energy spectrum - some additional statistics:
Number of events:     36317 (inside=36317, outside=0)
Avg. measured energy: 299.613 keV

 FCN=91.6196 FROM MIGRAD    STATUS=CONVERGED      81 CALLS          82 TOTAL
                     EDM=2.23444e-09    STRATEGY= 1      ERROR MATRIX ACCURATE 
  EXT PARAMETER                                   STEP         FIRST   
  NO.   NAME      VALUE            ERROR          SIZE      DERIVATIVE 
   1  Constant     3.29250e+03   2.62625e+01   1.31606e-01  -1.84448e-06
   2  Mean         3.14662e+02   8.39505e-02   5.56239e-04  -2.61046e-04
   3  Sigma        1.22058e+01   8.20949e-02   1.20421e-05  -4.85193e-03
                               ERR DEF= 0.5


 NEW MINIMUM FOUND.  GO BACK TO MINIMIZATION STEP.
 =================================================
                                                  V
                                                  V
                                                  V
                                               VVVVVVV
                                                VVVVV
                                                 VVV
                                                  V



Statistics of ARM histogram and fit
***********************************

Analyzed Compton and pair events:        27640
Compton and pair events in histogram:    22219 (80.3871%)

RMS:                                     6.52319 deg

Total FWHM of fit (not of data!):        8.06406 deg (90% confidence interval: 7.90491 deg ... 8.25358 deg)
Maximum of fit (x position):             0.0335638 deg (1-sigma uncertainty: -0.0643915 deg ... 0.131447 deg) with maximum 823.775 cts



 NEW MINIMUM FOUND.  GO BACK TO MINIMIZATION STEP.
 =================================================
                                                  V
                                                  V
                                                  V
                                               VVVVVVV
                                                VVVVV
                                                 VVV
                                                  V

 NEW MINIMUM FOUND.  GO BACK TO MINIMIZATION STEP.
 =================================================
                                                  V
                                                  V
                                                  V
                                               VVVVVVV
                                                VVVVV
                                                 VVV
                                                  V



Statistics of ARM histogram and fit
***********************************

Analyzed Compton and pair events:        27640
Compton and pair events in histogram:    18089 (65.445%)

RMS:                                     3.45473 deg

Total FWHM of fit (not of data!):        7.88422 deg (90% confidence interval: 7.32981 deg ... 8.49655 deg)
Maximum of fit (x position):             -0.203026 deg (1-sigma uncertainty: -0.32485 deg ... -0.0869731 deg) with maximum 333.446 cts

