
**************************************************************************
*                                                                        *
*            Mimrec - MEGAlib image reconstruction (and more)            *
*                                                                        *
*             This program is part of MEGAlib version 2.31.00            *
*                (C) by Andreas Zoglauer and contributors                *
*                                                                        *
*                      Master reference for MEGAlib:                     *
*            A. Zoglauer et al., NewAR 50 (7-8), 629-632, 2006           *
*                                                                        *
*            For more information about MEGAlib please visit:            *
*                        http://megalibtoolkit.com                       *
*                                                                        *
**************************************************************************

              You are using a development version of MEGAlib              

Command-line parser: Use file /Users/jracusin/proposals/ComPair/simulations/mysims/Sim_a_thon/FarFieldPointSource_31.6MeV_Cos0.5.inc1.id1.tra
   ***  Info  ***  for detector topACD
Ignoring noise threshold, because NoiseThresholdEqualsTriggerThreshold is set
   ***  Info  ***  for detector sideACD
Ignoring noise threshold, because NoiseThresholdEqualsTriggerThreshold is set
   ***  Warning  ***  
You have not defined any trigger criterion for detector: topACD
   ***  Warning  ***  
You have not defined any trigger criterion for detector: sideACD
Geometry MyComPair loaded!

Energy spectrum - some additional statistics:
Number of events:     11905 (inside=11905, outside=0)
Avg. measured energy: 19782.3 keV

 FCN=101.134 FROM MIGRAD    STATUS=CONVERGED      81 CALLS          82 TOTAL
                     EDM=4.55923e-07    STRATEGY= 1      ERROR MATRIX ACCURATE 
  EXT PARAMETER                                   STEP         FIRST   
  NO.   NAME      VALUE            ERROR          SIZE      DERIVATIVE 
   1  Constant     3.11630e+02   5.75125e+00   3.15406e-02  -1.20652e-04
   2  Mean         2.65752e+04   5.97753e+01   3.12289e-01   3.73069e-07
   3  Sigma        2.47084e+03   5.33125e+01   3.61850e-05  -3.24428e-03
                               ERR DEF= 0.5
 FCN=93.0166 FROM MIGRAD    STATUS=CONVERGED      71 CALLS          72 TOTAL
                     EDM=6.70805e-08    STRATEGY= 1      ERROR MATRIX ACCURATE 
  EXT PARAMETER                                   STEP         FIRST   
  NO.   NAME      VALUE            ERROR          SIZE      DERIVATIVE 
   1  Constant     3.11476e+02   5.89597e+00   3.17562e-02   4.41168e-05
   2  Mean         2.67830e+04   6.71707e+01   2.98550e-01   4.27855e-06
   3  Sigma        2.32645e+03   5.59766e+01   3.45461e-05   2.86676e-02
                               ERR DEF= 0.5
 FCN=81.7443 FROM MIGRAD    STATUS=CONVERGED      72 CALLS          73 TOTAL
                     EDM=1.49599e-07    STRATEGY= 1      ERROR MATRIX ACCURATE 
  EXT PARAMETER                                   STEP         FIRST   
  NO.   NAME      VALUE            ERROR          SIZE      DERIVATIVE 
   1  Constant     3.08186e+02   6.09004e+00   3.13691e-02  -3.63799e-05
   2  Mean         2.70778e+04   7.27550e+01   2.73679e-01   5.40473e-07
   3  Sigma        2.13913e+03   5.68571e+01   3.19188e-05   2.70699e-02
                               ERR DEF= 0.5

Some statistics: 

Analyzed pair events:        5311
Pair events in histogram:    2248 (42.3272%)

0.68% containment: 4.55

Some statistics: 

Analyzed pair events:        5311
Pair events in histogram:    1535 (28.9023%)

0.68% containment: 3.02575
