
**************************************************************************
*                                                                        *
*            Mimrec - MEGAlib image reconstruction (and more)            *
*                                                                        *
*             This program is part of MEGAlib version 2.31.00            *
*                (C) by Andreas Zoglauer and contributors                *
*                                                                        *
*                      Master reference for MEGAlib:                     *
*            A. Zoglauer et al., NewAR 50 (7-8), 629-632, 2006           *
*                                                                        *
*            For more information about MEGAlib please visit:            *
*                        http://megalibtoolkit.com                       *
*                                                                        *
**************************************************************************

              You are using a development version of MEGAlib              

Command-line parser: Use file /Users/busonnew/Compair/MegaLib/MEGAlib/sim_v1/cosTh90/FarFieldPointSource_1MeV_Cos0.9.inc1.id1.tra
   ***  Info  ***  for detector topACD
Ignoring noise threshold, because NoiseThresholdEqualsTriggerThreshold is set
   ***  Info  ***  for detector sideACD
Ignoring noise threshold, because NoiseThresholdEqualsTriggerThreshold is set
   ***  Warning  ***  
You have not defined any trigger criterion for detector: topACD
   ***  Warning  ***  
You have not defined any trigger criterion for detector: sideACD
Geometry MyComPair loaded!
Thread 0: Used RAM exceeds the user set maximum (512 MB)  --- finishing...

Response calculation finished after 26.03 seconds (6752 events, 259.393 events/sec) using ~512 MB of RAM (79524 Bytes/event).
LM-ML-EM classic: We have an empty event. Eliminating event 38...
LM-ML-EM classic: We have an empty event. Eliminating event 220...
LM-ML-EM classic: We have an empty event. Eliminating event 300...
LM-ML-EM classic: We have an empty event. Eliminating event 335...
LM-ML-EM classic: We have an empty event. Eliminating event 362...
LM-ML-EM classic: We have an empty event. Eliminating event 556...
LM-ML-EM classic: We have an empty event. Eliminating event 565...
LM-ML-EM classic: We have an empty event. Eliminating event 633...
LM-ML-EM classic: We have an empty event. Eliminating event 712...
LM-ML-EM classic: We have an empty event. Eliminating event 727...
LM-ML-EM classic: We have an empty event. Eliminating event 839...
LM-ML-EM classic: We have an empty event. Eliminating event 866...
LM-ML-EM classic: We have an empty event. Eliminating event 949...
LM-ML-EM classic: We have an empty event. Eliminating event 971...
LM-ML-EM classic: We have an empty event. Eliminating event 1076...
LM-ML-EM classic: We have an empty event. Eliminating event 1110...
LM-ML-EM classic: We have an empty event. Eliminating event 1330...
LM-ML-EM classic: We have an empty event. Eliminating event 1430...
LM-ML-EM classic: We have an empty event. Eliminating event 1529...
LM-ML-EM classic: We have an empty event. Eliminating event 1552...
LM-ML-EM classic: We have an empty event. Eliminating event 1593...
LM-ML-EM classic: We have an empty event. Eliminating event 1596...
LM-ML-EM classic: We have an empty event. Eliminating event 1614...
LM-ML-EM classic: We have an empty event. Eliminating event 1748...
LM-ML-EM classic: We have an empty event. Eliminating event 1754...
LM-ML-EM classic: We have an empty event. Eliminating event 1769...
LM-ML-EM classic: We have an empty event. Eliminating event 1881...
LM-ML-EM classic: We have an empty event. Eliminating event 1934...
LM-ML-EM classic: We have an empty event. Eliminating event 1986...
LM-ML-EM classic: We have an empty event. Eliminating event 1998...
LM-ML-EM classic: We have an empty event. Eliminating event 2151...
LM-ML-EM classic: We have an empty event. Eliminating event 2230...
LM-ML-EM classic: We have an empty event. Eliminating event 2412...
LM-ML-EM classic: We have an empty event. Eliminating event 2416...
LM-ML-EM classic: We have an empty event. Eliminating event 2478...
LM-ML-EM classic: We have an empty event. Eliminating event 2525...
LM-ML-EM classic: We have an empty event. Eliminating event 2537...
LM-ML-EM classic: We have an empty event. Eliminating event 2565...
LM-ML-EM classic: We have an empty event. Eliminating event 2599...
LM-ML-EM classic: We have an empty event. Eliminating event 2601...
LM-ML-EM classic: We have an empty event. Eliminating event 2703...
LM-ML-EM classic: We have an empty event. Eliminating event 2794...
LM-ML-EM classic: We have an empty event. Eliminating event 2822...
LM-ML-EM classic: We have an empty event. Eliminating event 2892...
LM-ML-EM classic: We have an empty event. Eliminating event 2976...
LM-ML-EM classic: We have an empty event. Eliminating event 2981...
LM-ML-EM classic: We have an empty event. Eliminating event 3010...
LM-ML-EM classic: We have an empty event. Eliminating event 3330...
LM-ML-EM classic: We have an empty event. Eliminating event 3381...
LM-ML-EM classic: We have an empty event. Eliminating event 3496...
LM-ML-EM classic: We have an empty event. Eliminating event 3657...
LM-ML-EM classic: We have an empty event. Eliminating event 3680...
LM-ML-EM classic: We have an empty event. Eliminating event 3687...
LM-ML-EM classic: We have an empty event. Eliminating event 3830...
LM-ML-EM classic: We have an empty event. Eliminating event 3853...
LM-ML-EM classic: We have an empty event. Eliminating event 3854...
LM-ML-EM classic: We have an empty event. Eliminating event 3902...
LM-ML-EM classic: We have an empty event. Eliminating event 3985...
LM-ML-EM classic: We have an empty event. Eliminating event 4053...
LM-ML-EM classic: We have an empty event. Eliminating event 4268...
LM-ML-EM classic: We have an empty event. Eliminating event 4310...
LM-ML-EM classic: We have an empty event. Eliminating event 4427...
LM-ML-EM classic: We have an empty event. Eliminating event 4524...
LM-ML-EM classic: We have an empty event. Eliminating event 4573...
LM-ML-EM classic: We have an empty event. Eliminating event 4603...
LM-ML-EM classic: We have an empty event. Eliminating event 4643...
LM-ML-EM classic: We have an empty event. Eliminating event 4675...
LM-ML-EM classic: We have an empty event. Eliminating event 4751...
LM-ML-EM classic: We have an empty event. Eliminating event 4760...
LM-ML-EM classic: We have an empty event. Eliminating event 4957...
LM-ML-EM classic: We have an empty event. Eliminating event 4997...
LM-ML-EM classic: We have an empty event. Eliminating event 5006...
LM-ML-EM classic: We have an empty event. Eliminating event 5092...
LM-ML-EM classic: We have an empty event. Eliminating event 5176...
LM-ML-EM classic: We have an empty event. Eliminating event 5200...
LM-ML-EM classic: We have an empty event. Eliminating event 5233...
LM-ML-EM classic: We have an empty event. Eliminating event 5283...
LM-ML-EM classic: We have an empty event. Eliminating event 5302...
LM-ML-EM classic: We have an empty event. Eliminating event 5338...
LM-ML-EM classic: We have an empty event. Eliminating event 5364...
LM-ML-EM classic: We have an empty event. Eliminating event 5375...
LM-ML-EM classic: We have an empty event. Eliminating event 5436...
LM-ML-EM classic: We have an empty event. Eliminating event 5462...
LM-ML-EM classic: We have an empty event. Eliminating event 5509...
LM-ML-EM classic: We have an empty event. Eliminating event 5580...
LM-ML-EM classic: We have an empty event. Eliminating event 5699...
LM-ML-EM classic: We have an empty event. Eliminating event 5738...
LM-ML-EM classic: We have an empty event. Eliminating event 5778...
LM-ML-EM classic: We have an empty event. Eliminating event 5861...
LM-ML-EM classic: We have an empty event. Eliminating event 5908...
LM-ML-EM classic: We have an empty event. Eliminating event 6022...
LM-ML-EM classic: We have an empty event. Eliminating event 6024...
LM-ML-EM classic: We have an empty event. Eliminating event 6141...
LM-ML-EM classic: We have an empty event. Eliminating event 6310...
LM-ML-EM classic: We have an empty event. Eliminating event 6380...
LM-ML-EM classic: We have an empty event. Eliminating event 6407...
LM-ML-EM classic: We have an empty event. Eliminating event 6440...
LM-ML-EM classic: We have an empty event. Eliminating event 6490...
LM-ML-EM classic: We have an empty event. Eliminating event 6562...
LM-ML-EM classic: We have an empty event. Eliminating event 6568...
LM-ML-EM classic: We have an empty event. Eliminating event 6698...
LM-ML-EM classic: We have an empty event. Eliminating event 6706...
LM-ML-EM classic: We have an empty event. Eliminating event 6713...
LM-ML-EM classic: We have an empty event. Eliminating event 38...
LM-ML-EM classic: We have an empty event. Eliminating event 220...
LM-ML-EM classic: We have an empty event. Eliminating event 300...
LM-ML-EM classic: We have an empty event. Eliminating event 335...
LM-ML-EM classic: We have an empty event. Eliminating event 362...
LM-ML-EM classic: We have an empty event. Eliminating event 556...
LM-ML-EM classic: We have an empty event. Eliminating event 565...
LM-ML-EM classic: We have an empty event. Eliminating event 633...
LM-ML-EM classic: We have an empty event. Eliminating event 712...
LM-ML-EM classic: We have an empty event. Eliminating event 727...
LM-ML-EM classic: We have an empty event. Eliminating event 839...
LM-ML-EM classic: We have an empty event. Eliminating event 866...
LM-ML-EM classic: We have an empty event. Eliminating event 949...
LM-ML-EM classic: We have an empty event. Eliminating event 971...
LM-ML-EM classic: We have an empty event. Eliminating event 1076...
LM-ML-EM classic: We have an empty event. Eliminating event 1110...
LM-ML-EM classic: We have an empty event. Eliminating event 1330...
LM-ML-EM classic: We have an empty event. Eliminating event 1430...
LM-ML-EM classic: We have an empty event. Eliminating event 1529...
LM-ML-EM classic: We have an empty event. Eliminating event 1552...
LM-ML-EM classic: We have an empty event. Eliminating event 1593...
LM-ML-EM classic: We have an empty event. Eliminating event 1596...
LM-ML-EM classic: We have an empty event. Eliminating event 1614...
LM-ML-EM classic: We have an empty event. Eliminating event 1748...
LM-ML-EM classic: We have an empty event. Eliminating event 1754...
LM-ML-EM classic: We have an empty event. Eliminating event 1769...
LM-ML-EM classic: We have an empty event. Eliminating event 1881...
LM-ML-EM classic: We have an empty event. Eliminating event 1934...
LM-ML-EM classic: We have an empty event. Eliminating event 1986...
LM-ML-EM classic: We have an empty event. Eliminating event 1998...
LM-ML-EM classic: We have an empty event. Eliminating event 2151...
LM-ML-EM classic: We have an empty event. Eliminating event 2230...
LM-ML-EM classic: We have an empty event. Eliminating event 2412...
LM-ML-EM classic: We have an empty event. Eliminating event 2416...
LM-ML-EM classic: We have an empty event. Eliminating event 2478...
LM-ML-EM classic: We have an empty event. Eliminating event 2525...
LM-ML-EM classic: We have an empty event. Eliminating event 2537...
LM-ML-EM classic: We have an empty event. Eliminating event 2565...
LM-ML-EM classic: We have an empty event. Eliminating event 2599...
LM-ML-EM classic: We have an empty event. Eliminating event 2601...
LM-ML-EM classic: We have an empty event. Eliminating event 2703...
LM-ML-EM classic: We have an empty event. Eliminating event 2794...
LM-ML-EM classic: We have an empty event. Eliminating event 2822...
LM-ML-EM classic: We have an empty event. Eliminating event 2892...
LM-ML-EM classic: We have an empty event. Eliminating event 2976...
LM-ML-EM classic: We have an empty event. Eliminating event 2981...
LM-ML-EM classic: We have an empty event. Eliminating event 3010...
LM-ML-EM classic: We have an empty event. Eliminating event 3330...
LM-ML-EM classic: We have an empty event. Eliminating event 3381...
LM-ML-EM classic: We have an empty event. Eliminating event 3496...
LM-ML-EM classic: We have an empty event. Eliminating event 3657...
LM-ML-EM classic: We have an empty event. Eliminating event 3680...
LM-ML-EM classic: We have an empty event. Eliminating event 3687...
LM-ML-EM classic: We have an empty event. Eliminating event 3830...
LM-ML-EM classic: We have an empty event. Eliminating event 3853...
LM-ML-EM classic: We have an empty event. Eliminating event 3854...
LM-ML-EM classic: We have an empty event. Eliminating event 3902...
LM-ML-EM classic: We have an empty event. Eliminating event 3985...
LM-ML-EM classic: We have an empty event. Eliminating event 4053...
LM-ML-EM classic: We have an empty event. Eliminating event 4268...
LM-ML-EM classic: We have an empty event. Eliminating event 4310...
LM-ML-EM classic: We have an empty event. Eliminating event 4427...
LM-ML-EM classic: We have an empty event. Eliminating event 4524...
LM-ML-EM classic: We have an empty event. Eliminating event 4573...
LM-ML-EM classic: We have an empty event. Eliminating event 4603...
LM-ML-EM classic: We have an empty event. Eliminating event 4643...
LM-ML-EM classic: We have an empty event. Eliminating event 4675...
LM-ML-EM classic: We have an empty event. Eliminating event 4751...
LM-ML-EM classic: We have an empty event. Eliminating event 4760...
LM-ML-EM classic: We have an empty event. Eliminating event 4957...
LM-ML-EM classic: We have an empty event. Eliminating event 4997...
LM-ML-EM classic: We have an empty event. Eliminating event 5006...
LM-ML-EM classic: We have an empty event. Eliminating event 5092...
LM-ML-EM classic: We have an empty event. Eliminating event 5176...
LM-ML-EM classic: We have an empty event. Eliminating event 5200...
LM-ML-EM classic: We have an empty event. Eliminating event 5233...
LM-ML-EM classic: We have an empty event. Eliminating event 5283...
LM-ML-EM classic: We have an empty event. Eliminating event 5302...
LM-ML-EM classic: We have an empty event. Eliminating event 5338...
LM-ML-EM classic: We have an empty event. Eliminating event 5364...
LM-ML-EM classic: We have an empty event. Eliminating event 5375...
LM-ML-EM classic: We have an empty event. Eliminating event 5436...
LM-ML-EM classic: We have an empty event. Eliminating event 5462...
LM-ML-EM classic: We have an empty event. Eliminating event 5509...
LM-ML-EM classic: We have an empty event. Eliminating event 5580...
LM-ML-EM classic: We have an empty event. Eliminating event 5699...
LM-ML-EM classic: We have an empty event. Eliminating event 5738...
LM-ML-EM classic: We have an empty event. Eliminating event 5778...
LM-ML-EM classic: We have an empty event. Eliminating event 5861...
LM-ML-EM classic: We have an empty event. Eliminating event 5908...
LM-ML-EM classic: We have an empty event. Eliminating event 6022...
LM-ML-EM classic: We have an empty event. Eliminating event 6024...
LM-ML-EM classic: We have an empty event. Eliminating event 6141...
LM-ML-EM classic: We have an empty event. Eliminating event 6310...
LM-ML-EM classic: We have an empty event. Eliminating event 6380...
LM-ML-EM classic: We have an empty event. Eliminating event 6407...
LM-ML-EM classic: We have an empty event. Eliminating event 6440...
LM-ML-EM classic: We have an empty event. Eliminating event 6490...
LM-ML-EM classic: We have an empty event. Eliminating event 6562...
LM-ML-EM classic: We have an empty event. Eliminating event 6568...
LM-ML-EM classic: We have an empty event. Eliminating event 6698...
LM-ML-EM classic: We have an empty event. Eliminating event 6706...
LM-ML-EM classic: We have an empty event. Eliminating event 6713...
LM-ML-EM classic: We have an empty event. Eliminating event 38...
LM-ML-EM classic: We have an empty event. Eliminating event 220...
LM-ML-EM classic: We have an empty event. Eliminating event 300...
LM-ML-EM classic: We have an empty event. Eliminating event 335...
LM-ML-EM classic: We have an empty event. Eliminating event 362...
LM-ML-EM classic: We have an empty event. Eliminating event 556...
LM-ML-EM classic: We have an empty event. Eliminating event 565...
LM-ML-EM classic: We have an empty event. Eliminating event 633...
LM-ML-EM classic: We have an empty event. Eliminating event 712...
LM-ML-EM classic: We have an empty event. Eliminating event 727...
LM-ML-EM classic: We have an empty event. Eliminating event 839...
LM-ML-EM classic: We have an empty event. Eliminating event 866...
LM-ML-EM classic: We have an empty event. Eliminating event 949...
LM-ML-EM classic: We have an empty event. Eliminating event 971...
LM-ML-EM classic: We have an empty event. Eliminating event 1076...
LM-ML-EM classic: We have an empty event. Eliminating event 1110...
LM-ML-EM classic: We have an empty event. Eliminating event 1330...
LM-ML-EM classic: We have an empty event. Eliminating event 1430...
LM-ML-EM classic: We have an empty event. Eliminating event 1529...
LM-ML-EM classic: We have an empty event. Eliminating event 1552...
LM-ML-EM classic: We have an empty event. Eliminating event 1593...
LM-ML-EM classic: We have an empty event. Eliminating event 1596...
LM-ML-EM classic: We have an empty event. Eliminating event 1614...
LM-ML-EM classic: We have an empty event. Eliminating event 1748...
LM-ML-EM classic: We have an empty event. Eliminating event 1754...
LM-ML-EM classic: We have an empty event. Eliminating event 1769...
LM-ML-EM classic: We have an empty event. Eliminating event 1881...
LM-ML-EM classic: We have an empty event. Eliminating event 1934...
LM-ML-EM classic: We have an empty event. Eliminating event 1986...
LM-ML-EM classic: We have an empty event. Eliminating event 1998...
LM-ML-EM classic: We have an empty event. Eliminating event 2151...
LM-ML-EM classic: We have an empty event. Eliminating event 2230...
LM-ML-EM classic: We have an empty event. Eliminating event 2412...
LM-ML-EM classic: We have an empty event. Eliminating event 2416...
LM-ML-EM classic: We have an empty event. Eliminating event 2478...
LM-ML-EM classic: We have an empty event. Eliminating event 2525...
LM-ML-EM classic: We have an empty event. Eliminating event 2537...
LM-ML-EM classic: We have an empty event. Eliminating event 2565...
LM-ML-EM classic: We have an empty event. Eliminating event 2599...
LM-ML-EM classic: We have an empty event. Eliminating event 2601...
LM-ML-EM classic: We have an empty event. Eliminating event 2703...
LM-ML-EM classic: We have an empty event. Eliminating event 2794...
LM-ML-EM classic: We have an empty event. Eliminating event 2822...
LM-ML-EM classic: We have an empty event. Eliminating event 2892...
LM-ML-EM classic: We have an empty event. Eliminating event 2976...
LM-ML-EM classic: We have an empty event. Eliminating event 2981...
LM-ML-EM classic: We have an empty event. Eliminating event 3010...
LM-ML-EM classic: We have an empty event. Eliminating event 3330...
LM-ML-EM classic: We have an empty event. Eliminating event 3381...
LM-ML-EM classic: We have an empty event. Eliminating event 3496...
LM-ML-EM classic: We have an empty event. Eliminating event 3657...
LM-ML-EM classic: We have an empty event. Eliminating event 3680...
LM-ML-EM classic: We have an empty event. Eliminating event 3687...
LM-ML-EM classic: We have an empty event. Eliminating event 3830...
LM-ML-EM classic: We have an empty event. Eliminating event 3853...
LM-ML-EM classic: We have an empty event. Eliminating event 3854...
LM-ML-EM classic: We have an empty event. Eliminating event 3902...
LM-ML-EM classic: We have an empty event. Eliminating event 3985...
LM-ML-EM classic: We have an empty event. Eliminating event 4053...
LM-ML-EM classic: We have an empty event. Eliminating event 4268...
LM-ML-EM classic: We have an empty event. Eliminating event 4310...
LM-ML-EM classic: We have an empty event. Eliminating event 4427...
LM-ML-EM classic: We have an empty event. Eliminating event 4524...
LM-ML-EM classic: We have an empty event. Eliminating event 4573...
LM-ML-EM classic: We have an empty event. Eliminating event 4603...
LM-ML-EM classic: We have an empty event. Eliminating event 4643...
LM-ML-EM classic: We have an empty event. Eliminating event 4675...
LM-ML-EM classic: We have an empty event. Eliminating event 4751...
LM-ML-EM classic: We have an empty event. Eliminating event 4760...
LM-ML-EM classic: We have an empty event. Eliminating event 4957...
LM-ML-EM classic: We have an empty event. Eliminating event 4997...
LM-ML-EM classic: We have an empty event. Eliminating event 5006...
LM-ML-EM classic: We have an empty event. Eliminating event 5092...
LM-ML-EM classic: We have an empty event. Eliminating event 5176...
LM-ML-EM classic: We have an empty event. Eliminating event 5200...
LM-ML-EM classic: We have an empty event. Eliminating event 5233...
LM-ML-EM classic: We have an empty event. Eliminating event 5283...
LM-ML-EM classic: We have an empty event. Eliminating event 5302...
LM-ML-EM classic: We have an empty event. Eliminating event 5338...
LM-ML-EM classic: We have an empty event. Eliminating event 5364...
LM-ML-EM classic: We have an empty event. Eliminating event 5375...
LM-ML-EM classic: We have an empty event. Eliminating event 5436...
LM-ML-EM classic: We have an empty event. Eliminating event 5462...
LM-ML-EM classic: We have an empty event. Eliminating event 5509...
LM-ML-EM classic: We have an empty event. Eliminating event 5580...
LM-ML-EM classic: We have an empty event. Eliminating event 5699...
LM-ML-EM classic: We have an empty event. Eliminating event 5738...
LM-ML-EM classic: We have an empty event. Eliminating event 5778...
LM-ML-EM classic: We have an empty event. Eliminating event 5861...
LM-ML-EM classic: We have an empty event. Eliminating event 5908...
LM-ML-EM classic: We have an empty event. Eliminating event 6022...
LM-ML-EM classic: We have an empty event. Eliminating event 6024...
LM-ML-EM classic: We have an empty event. Eliminating event 6141...
LM-ML-EM classic: We have an empty event. Eliminating event 6310...
LM-ML-EM classic: We have an empty event. Eliminating event 6380...
LM-ML-EM classic: We have an empty event. Eliminating event 6407...
LM-ML-EM classic: We have an empty event. Eliminating event 6440...
LM-ML-EM classic: We have an empty event. Eliminating event 6490...
LM-ML-EM classic: We have an empty event. Eliminating event 6562...
LM-ML-EM classic: We have an empty event. Eliminating event 6568...
LM-ML-EM classic: We have an empty event. Eliminating event 6698...
LM-ML-EM classic: We have an empty event. Eliminating event 6706...
LM-ML-EM classic: We have an empty event. Eliminating event 6713...
LM-ML-EM classic: We have an empty event. Eliminating event 38...
LM-ML-EM classic: We have an empty event. Eliminating event 220...
LM-ML-EM classic: We have an empty event. Eliminating event 300...
LM-ML-EM classic: We have an empty event. Eliminating event 335...
LM-ML-EM classic: We have an empty event. Eliminating event 362...
LM-ML-EM classic: We have an empty event. Eliminating event 556...
LM-ML-EM classic: We have an empty event. Eliminating event 565...
LM-ML-EM classic: We have an empty event. Eliminating event 633...
LM-ML-EM classic: We have an empty event. Eliminating event 712...
LM-ML-EM classic: We have an empty event. Eliminating event 727...
LM-ML-EM classic: We have an empty event. Eliminating event 839...
LM-ML-EM classic: We have an empty event. Eliminating event 866...
LM-ML-EM classic: We have an empty event. Eliminating event 949...
LM-ML-EM classic: We have an empty event. Eliminating event 971...
LM-ML-EM classic: We have an empty event. Eliminating event 1076...
LM-ML-EM classic: We have an empty event. Eliminating event 1110...
LM-ML-EM classic: We have an empty event. Eliminating event 1330...
LM-ML-EM classic: We have an empty event. Eliminating event 1430...
LM-ML-EM classic: We have an empty event. Eliminating event 1529...
LM-ML-EM classic: We have an empty event. Eliminating event 1552...
LM-ML-EM classic: We have an empty event. Eliminating event 1593...
LM-ML-EM classic: We have an empty event. Eliminating event 1596...
LM-ML-EM classic: We have an empty event. Eliminating event 1614...
LM-ML-EM classic: We have an empty event. Eliminating event 1748...
LM-ML-EM classic: We have an empty event. Eliminating event 1754...
LM-ML-EM classic: We have an empty event. Eliminating event 1769...
LM-ML-EM classic: We have an empty event. Eliminating event 1881...
LM-ML-EM classic: We have an empty event. Eliminating event 1934...
LM-ML-EM classic: We have an empty event. Eliminating event 1986...
LM-ML-EM classic: We have an empty event. Eliminating event 1998...
LM-ML-EM classic: We have an empty event. Eliminating event 2151...
LM-ML-EM classic: We have an empty event. Eliminating event 2230...
LM-ML-EM classic: We have an empty event. Eliminating event 2412...
LM-ML-EM classic: We have an empty event. Eliminating event 2416...
LM-ML-EM classic: We have an empty event. Eliminating event 2478...
LM-ML-EM classic: We have an empty event. Eliminating event 2525...
LM-ML-EM classic: We have an empty event. Eliminating event 2537...
LM-ML-EM classic: We have an empty event. Eliminating event 2565...
LM-ML-EM classic: We have an empty event. Eliminating event 2599...
LM-ML-EM classic: We have an empty event. Eliminating event 2601...
LM-ML-EM classic: We have an empty event. Eliminating event 2703...
LM-ML-EM classic: We have an empty event. Eliminating event 2794...
LM-ML-EM classic: We have an empty event. Eliminating event 2822...
LM-ML-EM classic: We have an empty event. Eliminating event 2892...
LM-ML-EM classic: We have an empty event. Eliminating event 2976...
LM-ML-EM classic: We have an empty event. Eliminating event 2981...
LM-ML-EM classic: We have an empty event. Eliminating event 3010...
LM-ML-EM classic: We have an empty event. Eliminating event 3330...
LM-ML-EM classic: We have an empty event. Eliminating event 3381...
LM-ML-EM classic: We have an empty event. Eliminating event 3496...
LM-ML-EM classic: We have an empty event. Eliminating event 3657...
LM-ML-EM classic: We have an empty event. Eliminating event 3680...
LM-ML-EM classic: We have an empty event. Eliminating event 3687...
LM-ML-EM classic: We have an empty event. Eliminating event 3830...
LM-ML-EM classic: We have an empty event. Eliminating event 3853...
LM-ML-EM classic: We have an empty event. Eliminating event 3854...
LM-ML-EM classic: We have an empty event. Eliminating event 3902...
LM-ML-EM classic: We have an empty event. Eliminating event 3985...
LM-ML-EM classic: We have an empty event. Eliminating event 4053...
LM-ML-EM classic: We have an empty event. Eliminating event 4268...
LM-ML-EM classic: We have an empty event. Eliminating event 4310...
LM-ML-EM classic: We have an empty event. Eliminating event 4427...
LM-ML-EM classic: We have an empty event. Eliminating event 4524...
LM-ML-EM classic: We have an empty event. Eliminating event 4573...
LM-ML-EM classic: We have an empty event. Eliminating event 4603...
LM-ML-EM classic: We have an empty event. Eliminating event 4643...
LM-ML-EM classic: We have an empty event. Eliminating event 4675...
LM-ML-EM classic: We have an empty event. Eliminating event 4751...
LM-ML-EM classic: We have an empty event. Eliminating event 4760...
LM-ML-EM classic: We have an empty event. Eliminating event 4957...
LM-ML-EM classic: We have an empty event. Eliminating event 4997...
LM-ML-EM classic: We have an empty event. Eliminating event 5006...
LM-ML-EM classic: We have an empty event. Eliminating event 5092...
LM-ML-EM classic: We have an empty event. Eliminating event 5176...
LM-ML-EM classic: We have an empty event. Eliminating event 5200...
LM-ML-EM classic: We have an empty event. Eliminating event 5233...
LM-ML-EM classic: We have an empty event. Eliminating event 5283...
LM-ML-EM classic: We have an empty event. Eliminating event 5302...
LM-ML-EM classic: We have an empty event. Eliminating event 5338...
LM-ML-EM classic: We have an empty event. Eliminating event 5364...
LM-ML-EM classic: We have an empty event. Eliminating event 5375...
LM-ML-EM classic: We have an empty event. Eliminating event 5436...
LM-ML-EM classic: We have an empty event. Eliminating event 5462...
LM-ML-EM classic: We have an empty event. Eliminating event 5509...
LM-ML-EM classic: We have an empty event. Eliminating event 5580...
LM-ML-EM classic: We have an empty event. Eliminating event 5699...
LM-ML-EM classic: We have an empty event. Eliminating event 5738...
LM-ML-EM classic: We have an empty event. Eliminating event 5778...
LM-ML-EM classic: We have an empty event. Eliminating event 5861...
LM-ML-EM classic: We have an empty event. Eliminating event 5908...
LM-ML-EM classic: We have an empty event. Eliminating event 6022...
LM-ML-EM classic: We have an empty event. Eliminating event 6024...
LM-ML-EM classic: We have an empty event. Eliminating event 6141...
LM-ML-EM classic: We have an empty event. Eliminating event 6310...
LM-ML-EM classic: We have an empty event. Eliminating event 6380...
LM-ML-EM classic: We have an empty event. Eliminating event 6407...
LM-ML-EM classic: We have an empty event. Eliminating event 6440...
LM-ML-EM classic: We have an empty event. Eliminating event 6490...
LM-ML-EM classic: We have an empty event. Eliminating event 6562...
LM-ML-EM classic: We have an empty event. Eliminating event 6568...
LM-ML-EM classic: We have an empty event. Eliminating event 6698...
LM-ML-EM classic: We have an empty event. Eliminating event 6706...
LM-ML-EM classic: We have an empty event. Eliminating event 6713...
LM-ML-EM classic: We have an empty event. Eliminating event 38...
LM-ML-EM classic: We have an empty event. Eliminating event 220...
LM-ML-EM classic: We have an empty event. Eliminating event 300...
LM-ML-EM classic: We have an empty event. Eliminating event 335...
LM-ML-EM classic: We have an empty event. Eliminating event 362...
LM-ML-EM classic: We have an empty event. Eliminating event 556...
LM-ML-EM classic: We have an empty event. Eliminating event 565...
LM-ML-EM classic: We have an empty event. Eliminating event 633...
LM-ML-EM classic: We have an empty event. Eliminating event 712...
LM-ML-EM classic: We have an empty event. Eliminating event 727...
LM-ML-EM classic: We have an empty event. Eliminating event 839...
LM-ML-EM classic: We have an empty event. Eliminating event 866...
LM-ML-EM classic: We have an empty event. Eliminating event 949...
LM-ML-EM classic: We have an empty event. Eliminating event 971...
LM-ML-EM classic: We have an empty event. Eliminating event 1076...
LM-ML-EM classic: We have an empty event. Eliminating event 1110...
LM-ML-EM classic: We have an empty event. Eliminating event 1330...
LM-ML-EM classic: We have an empty event. Eliminating event 1430...
LM-ML-EM classic: We have an empty event. Eliminating event 1529...
LM-ML-EM classic: We have an empty event. Eliminating event 1552...
LM-ML-EM classic: We have an empty event. Eliminating event 1593...
LM-ML-EM classic: We have an empty event. Eliminating event 1596...
LM-ML-EM classic: We have an empty event. Eliminating event 1614...
LM-ML-EM classic: We have an empty event. Eliminating event 1748...
LM-ML-EM classic: We have an empty event. Eliminating event 1754...
LM-ML-EM classic: We have an empty event. Eliminating event 1769...
LM-ML-EM classic: We have an empty event. Eliminating event 1881...
LM-ML-EM classic: We have an empty event. Eliminating event 1934...
LM-ML-EM classic: We have an empty event. Eliminating event 1986...
LM-ML-EM classic: We have an empty event. Eliminating event 1998...
LM-ML-EM classic: We have an empty event. Eliminating event 2151...
LM-ML-EM classic: We have an empty event. Eliminating event 2230...
LM-ML-EM classic: We have an empty event. Eliminating event 2412...
LM-ML-EM classic: We have an empty event. Eliminating event 2416...
LM-ML-EM classic: We have an empty event. Eliminating event 2478...
LM-ML-EM classic: We have an empty event. Eliminating event 2525...
LM-ML-EM classic: We have an empty event. Eliminating event 2537...
LM-ML-EM classic: We have an empty event. Eliminating event 2565...
LM-ML-EM classic: We have an empty event. Eliminating event 2599...
LM-ML-EM classic: We have an empty event. Eliminating event 2601...
LM-ML-EM classic: We have an empty event. Eliminating event 2703...
LM-ML-EM classic: We have an empty event. Eliminating event 2794...
LM-ML-EM classic: We have an empty event. Eliminating event 2822...
LM-ML-EM classic: We have an empty event. Eliminating event 2892...
LM-ML-EM classic: We have an empty event. Eliminating event 2976...
LM-ML-EM classic: We have an empty event. Eliminating event 2981...
LM-ML-EM classic: We have an empty event. Eliminating event 3010...
LM-ML-EM classic: We have an empty event. Eliminating event 3330...
LM-ML-EM classic: We have an empty event. Eliminating event 3381...
LM-ML-EM classic: We have an empty event. Eliminating event 3496...
LM-ML-EM classic: We have an empty event. Eliminating event 3657...
LM-ML-EM classic: We have an empty event. Eliminating event 3680...
LM-ML-EM classic: We have an empty event. Eliminating event 3687...
LM-ML-EM classic: We have an empty event. Eliminating event 3830...
LM-ML-EM classic: We have an empty event. Eliminating event 3853...
LM-ML-EM classic: We have an empty event. Eliminating event 3854...
LM-ML-EM classic: We have an empty event. Eliminating event 3902...
LM-ML-EM classic: We have an empty event. Eliminating event 3985...
LM-ML-EM classic: We have an empty event. Eliminating event 4053...
LM-ML-EM classic: We have an empty event. Eliminating event 4268...
LM-ML-EM classic: We have an empty event. Eliminating event 4310...
LM-ML-EM classic: We have an empty event. Eliminating event 4427...
LM-ML-EM classic: We have an empty event. Eliminating event 4524...
LM-ML-EM classic: We have an empty event. Eliminating event 4573...
LM-ML-EM classic: We have an empty event. Eliminating event 4603...
LM-ML-EM classic: We have an empty event. Eliminating event 4643...
LM-ML-EM classic: We have an empty event. Eliminating event 4675...
LM-ML-EM classic: We have an empty event. Eliminating event 4751...
LM-ML-EM classic: We have an empty event. Eliminating event 4760...
LM-ML-EM classic: We have an empty event. Eliminating event 4957...
LM-ML-EM classic: We have an empty event. Eliminating event 4997...
LM-ML-EM classic: We have an empty event. Eliminating event 5006...
LM-ML-EM classic: We have an empty event. Eliminating event 5092...
LM-ML-EM classic: We have an empty event. Eliminating event 5176...
LM-ML-EM classic: We have an empty event. Eliminating event 5200...
LM-ML-EM classic: We have an empty event. Eliminating event 5233...
LM-ML-EM classic: We have an empty event. Eliminating event 5283...
LM-ML-EM classic: We have an empty event. Eliminating event 5302...
LM-ML-EM classic: We have an empty event. Eliminating event 5338...
LM-ML-EM classic: We have an empty event. Eliminating event 5364...
LM-ML-EM classic: We have an empty event. Eliminating event 5375...
LM-ML-EM classic: We have an empty event. Eliminating event 5436...
LM-ML-EM classic: We have an empty event. Eliminating event 5462...
LM-ML-EM classic: We have an empty event. Eliminating event 5509...
LM-ML-EM classic: We have an empty event. Eliminating event 5580...
LM-ML-EM classic: We have an empty event. Eliminating event 5699...
LM-ML-EM classic: We have an empty event. Eliminating event 5738...
LM-ML-EM classic: We have an empty event. Eliminating event 5778...
LM-ML-EM classic: We have an empty event. Eliminating event 5861...
LM-ML-EM classic: We have an empty event. Eliminating event 5908...
LM-ML-EM classic: We have an empty event. Eliminating event 6022...
LM-ML-EM classic: We have an empty event. Eliminating event 6024...
LM-ML-EM classic: We have an empty event. Eliminating event 6141...
LM-ML-EM classic: We have an empty event. Eliminating event 6310...
LM-ML-EM classic: We have an empty event. Eliminating event 6380...
LM-ML-EM classic: We have an empty event. Eliminating event 6407...
LM-ML-EM classic: We have an empty event. Eliminating event 6440...
LM-ML-EM classic: We have an empty event. Eliminating event 6490...
LM-ML-EM classic: We have an empty event. Eliminating event 6562...
LM-ML-EM classic: We have an empty event. Eliminating event 6568...
LM-ML-EM classic: We have an empty event. Eliminating event 6698...
LM-ML-EM classic: We have an empty event. Eliminating event 6706...
LM-ML-EM classic: We have an empty event. Eliminating event 6713...
Performed 5 iterations in 3.05853 seconds (1.63477 iterations/second)


Energy spectrum - some additional statistics:
Number of events:     10116 (inside=10116, outside=0)
Avg. measured energy: 931.155 keV

 FCN=45037.6 FROM MIGRAD    STATUS=CONVERGED      82 CALLS          83 TOTAL
                     EDM=1.12208e-06    STRATEGY= 1      ERROR MATRIX ACCURATE 
  EXT PARAMETER                                   STEP         FIRST   
  NO.   NAME      VALUE            ERROR          SIZE      DERIVATIVE 
   1  Constant     1.68678e+03   7.62083e-01   6.04721e-02   3.17158e-04
   2  Mean         9.96098e+02   1.02939e-02   1.06656e-03  -3.62298e-03
   3  Sigma        2.02821e+01   1.19412e-02   1.56947e-05  -6.72895e+00


 NEW MINIMUM FOUND.  GO BACK TO MINIMIZATION STEP.
 =================================================
                                                  V
                                                  V
                                                  V
                                               VVVVVVV
                                                VVVVV
                                                 VVV
                                                  V



Statistics of ARM histogram and fit
***********************************

Analyzed Compton and pair events:        6929
Compton and pair events in histogram:    5879 (84.8463%)

RMS:                                     5.47461 deg

Total FWHM of fit (not of data!):        4.716 deg (90% confidence interval: 4.51894 deg ... 4.93945 deg)
Maximum of fit (x position):             -0.0699486 deg (1-sigma uncertainty: -0.359754 deg ... 0.181592 deg) with maximum 343.624 cts



 NEW MINIMUM FOUND.  GO BACK TO MINIMIZATION STEP.
 =================================================
                                                  V
                                                  V
                                                  V
                                               VVVVVVV
                                                VVVVV
                                                 VVV
                                                  V



Statistics of ARM histogram and fit
***********************************

Analyzed Compton and pair events:        6929
Compton and pair events in histogram:    4462 (64.396%)

RMS:                                     2.07557 deg

Total FWHM of fit (not of data!):        4.71601 deg (90% confidence interval: 4.50182 deg ... 4.95133 deg)
Maximum of fit (x position):             -0.0695758 deg (1-sigma uncertainty: -0.14595 deg ... 0.00622123 deg) with maximum 80.8733 cts

