
**************************************************************************
*                                                                        *
*            Mimrec - MEGAlib image reconstruction (and more)            *
*                                                                        *
*             This program is part of MEGAlib version 2.31.00            *
*                (C) by Andreas Zoglauer and contributors                *
*                                                                        *
*                      Master reference for MEGAlib:                     *
*            A. Zoglauer et al., NewAR 50 (7-8), 629-632, 2006           *
*                                                                        *
*            For more information about MEGAlib please visit:            *
*                        http://megalibtoolkit.com                       *
*                                                                        *
**************************************************************************

              You are using a development version of MEGAlib              

Command-line parser: Use file /Users/busonnew/Compair/MegaLib/MEGAlib/sim_v1/cosTh90/FarFieldPointSource_31.6MeV_Cos0.9.inc1.id1.tra
   ***  Info  ***  for detector topACD
Ignoring noise threshold, because NoiseThresholdEqualsTriggerThreshold is set
   ***  Info  ***  for detector sideACD
Ignoring noise threshold, because NoiseThresholdEqualsTriggerThreshold is set
   ***  Warning  ***  
You have not defined any trigger criterion for detector: topACD
   ***  Warning  ***  
You have not defined any trigger criterion for detector: sideACD
Geometry MyComPair loaded!

Energy spectrum - some additional statistics:
Number of events:     13692 (inside=13692, outside=0)
Avg. measured energy: 21407.6 keV


Energy spectrum - some additional statistics:
Number of events:     13692 (inside=13692, outside=0)
Avg. measured energy: 21407.6 keV

 FCN=71678.8 FROM MIGRAD    STATUS=CONVERGED      92 CALLS          93 TOTAL
                     EDM=7.01543e-09    STRATEGY= 1      ERROR MATRIX ACCURATE 
  EXT PARAMETER                                   STEP         FIRST   
  NO.   NAME      VALUE            ERROR          SIZE      DERIVATIVE 
   1  Constant     3.25725e+02   2.59646e-01   2.62214e-02  -1.58939e-04
   2  Mean         2.50962e+04   4.55323e+00   5.93815e-01   1.11900e-05
   3  Sigma        4.76901e+03   5.75401e+00   4.74990e-05   1.69204e-01

Some statistics: 

Analyzed pair events:        7683
Pair events in histogram:    7370 (95.9261%)

0.68% containment: 6.8

Some statistics: 

Analyzed pair events:        7683
Pair events in histogram:    5894 (76.7148%)

0.68% containment: 4.125

Some statistics: 

Analyzed pair events:        7683
Pair events in histogram:    3901 (50.7744%)

0.68% containment: 2.54
