
**************************************************************************
*                                                                        *
*            Mimrec - MEGAlib image reconstruction (and more)            *
*                                                                        *
*             This program is part of MEGAlib version 2.31.00            *
*                (C) by Andreas Zoglauer and contributors                *
*                                                                        *
*                      Master reference for MEGAlib:                     *
*            A. Zoglauer et al., NewAR 50 (7-8), 629-632, 2006           *
*                                                                        *
*            For more information about MEGAlib please visit:            *
*                        http://megalibtoolkit.com                       *
*                                                                        *
**************************************************************************

              You are using a development version of MEGAlib              

Command-line parser: Use file /Users/jracusin/proposals/ComPair/simulations/mysims/Sim_a_thon/FarFieldPointSource_316MeV_Cos0.8.inc1.id1.tra
   ***  Info  ***  for detector topACD
Ignoring noise threshold, because NoiseThresholdEqualsTriggerThreshold is set
   ***  Info  ***  for detector sideACD
Ignoring noise threshold, because NoiseThresholdEqualsTriggerThreshold is set
   ***  Warning  ***  
You have not defined any trigger criterion for detector: topACD
   ***  Warning  ***  
You have not defined any trigger criterion for detector: sideACD
Geometry MyComPair loaded!

Energy spectrum - some additional statistics:
Number of events:     7786 (inside=7786, outside=0)
Avg. measured energy: 124032 keV

 FCN=25.8162 FROM MIGRAD    STATUS=CONVERGED      80 CALLS          81 TOTAL
                     EDM=1.26246e-06    STRATEGY= 1      ERROR MATRIX ACCURATE 
  EXT PARAMETER                                   STEP         FIRST   
  NO.   NAME      VALUE            ERROR          SIZE      DERIVATIVE 
   1  Constant     1.75036e+02   3.56235e+00   1.07704e-02  -1.06055e-05
   2  Mean         1.67511e+05   1.30594e+03   2.28523e+00  -7.81654e-07
   3  Sigma        3.14751e+04   8.16722e+02   1.79604e-05   1.20912e-02
                               ERR DEF= 0.5

Some statistics: 

Analyzed pair events:        4968
Pair events in histogram:    3654 (73.5507%)

0.68% containment: 1.7

Some statistics: 

Analyzed pair events:        4968
Pair events in histogram:    3455 (69.5451%)

0.68% containment: 1.56

Some statistics: 

Analyzed pair events:        4968
Pair events in histogram:    2331 (46.9203%)

0.68% containment: 0.8658
