
**************************************************************************
*                                                                        *
*            Mimrec - MEGAlib image reconstruction (and more)            *
*                                                                        *
*             This program is part of MEGAlib version 2.31.00            *
*                (C) by Andreas Zoglauer and contributors                *
*                                                                        *
*                      Master reference for MEGAlib:                     *
*            A. Zoglauer et al., NewAR 50 (7-8), 629-632, 2006           *
*                                                                        *
*            For more information about MEGAlib please visit:            *
*                        http://megalibtoolkit.com                       *
*                                                                        *
**************************************************************************

              You are using a development version of MEGAlib              

Command-line parser: Use file /Users/busonnew/Compair/MegaLib/MEGAlib/sim_v1/cosTh90/FarFieldPointSource_10MeV_Cos0.9.inc1.id1.tra
   ***  Info  ***  for detector topACD
Ignoring noise threshold, because NoiseThresholdEqualsTriggerThreshold is set
   ***  Info  ***  for detector sideACD
Ignoring noise threshold, because NoiseThresholdEqualsTriggerThreshold is set
   ***  Warning  ***  
You have not defined any trigger criterion for detector: topACD
   ***  Warning  ***  
You have not defined any trigger criterion for detector: sideACD
Geometry MyComPair loaded!

Energy spectrum - some additional statistics:
Number of events:     22702 (inside=22702, outside=0)
Avg. measured energy: 6858.94 keV

 FCN=446358 FROM MIGRAD    STATUS=CONVERGED      84 CALLS          85 TOTAL
                     EDM=2.6505e-09    STRATEGY= 1  ERROR MATRIX UNCERTAINTY   2.0 per cent
  EXT PARAMETER                                   STEP         FIRST   
  NO.   NAME      VALUE            ERROR          SIZE      DERIVATIVE 
   1  Constant     8.51556e+02   4.35725e-01   4.88551e-04   2.57819e-04
   2  Mean         9.33186e+03   4.29865e-01   1.65470e-04   6.01061e-05
   3  Sigma        7.13266e+02   5.82429e-01  -1.91749e-07   9.20598e-02
 FCN=250895 FROM MIGRAD    STATUS=CONVERGED      88 CALLS          89 TOTAL
                     EDM=3.54916e-09    STRATEGY= 1      ERROR MATRIX ACCURATE 
  EXT PARAMETER                                   STEP         FIRST   
  NO.   NAME      VALUE            ERROR          SIZE      DERIVATIVE 
   1  Constant     8.31649e+02   4.17864e-01   7.70093e-02   4.24175e-05
   2  Mean         9.42972e+03   6.72505e-01   1.38320e-01  -2.74715e-05
   3  Sigma        8.51336e+02   9.66087e-01   7.87709e-05   2.10471e-01
 FCN=250895 FROM MIGRAD    STATUS=CONVERGED      46 CALLS          47 TOTAL
                     EDM=1.67531e-09    STRATEGY= 1  ERROR MATRIX UNCERTAINTY   7.3 per cent
  EXT PARAMETER                                   STEP         FIRST   
  NO.   NAME      VALUE            ERROR          SIZE      DERIVATIVE 
   1  Constant     8.31649e+02   3.77439e-01   9.33445e-06   1.65569e-06
   2  Mean         9.42972e+03   6.24381e-01  -1.04422e-05  -9.88107e-06
   3  Sigma        8.51336e+02   6.91238e-01  -2.01659e-08  -1.57421e-01


Error: You zoomed in too much into your ARM peak! Use a larger window around the peak!
Error: You zoomed in too much into your ARM peak! Use a larger window around the peak!


Statistics of ARM histogram and fit
***********************************

Analyzed Compton and pair events:        9485
Compton and pair events in histogram:    1111 (11.7132%)

RMS:                                     8.68061 deg

Total FWHM of fit (not of data!):        -1.25955 deg
Maximum of fit (x position):             9.87346 deg (1-sigma uncertainty: 9.37959 deg ... 10.3829 deg) with maximum 19.2503 cts



 NEW MINIMUM FOUND.  GO BACK TO MINIMIZATION STEP.
 =================================================
                                                  V
                                                  V
                                                  V
                                               VVVVVVV
                                                VVVVV
                                                 VVV
                                                  V

Error: You zoomed in too much into your ARM peak! Use a larger window around the peak!
Error: You zoomed in too much into your ARM peak! Use a larger window around the peak!


Statistics of ARM histogram and fit
***********************************

Analyzed Compton and pair events:        9485
Compton and pair events in histogram:    3109 (32.7781%)

RMS:                                     19.4775 deg

Total FWHM of fit (not of data!):        -7.2015 deg
Maximum of fit (x position):             30.517 deg (1-sigma uncertainty: 27.5437 deg ... 34.1145 deg) with maximum 63.8814 cts



Error: You zoomed in too much into your ARM peak! Use a larger window around the peak!
Error: You zoomed in too much into your ARM peak! Use a larger window around the peak!


Statistics of ARM histogram and fit
***********************************

Analyzed Compton and pair events:        9485
Compton and pair events in histogram:    1698 (17.902%)

RMS:                                     12.3145 deg

Total FWHM of fit (not of data!):        -3.68824 deg
Maximum of fit (x position):             16.404 deg (1-sigma uncertainty: 15.8607 deg ... 16.404 deg) with maximum 31.55 cts

