
**************************************************************************
*                                                                        *
*            Mimrec - MEGAlib image reconstruction (and more)            *
*                                                                        *
*             This program is part of MEGAlib version 2.31.00            *
*                (C) by Andreas Zoglauer and contributors                *
*                                                                        *
*                      Master reference for MEGAlib:                     *
*            A. Zoglauer et al., NewAR 50 (7-8), 629-632, 2006           *
*                                                                        *
*            For more information about MEGAlib please visit:            *
*                        http://megalibtoolkit.com                       *
*                                                                        *
**************************************************************************

              You are using a development version of MEGAlib              

Command-line parser: Use file /Users/jracusin/proposals/ComPair/simulations/mysims/Sim_a_thon/FarFieldPointSource_3.16MeV_Cos0.7.inc1.id1.tra
   ***  Info  ***  for detector topACD
Ignoring noise threshold, because NoiseThresholdEqualsTriggerThreshold is set
   ***  Info  ***  for detector sideACD
Ignoring noise threshold, because NoiseThresholdEqualsTriggerThreshold is set
   ***  Warning  ***  
You have not defined any trigger criterion for detector: topACD
   ***  Warning  ***  
You have not defined any trigger criterion for detector: sideACD
Geometry MyComPair loaded!

Energy spectrum - some additional statistics:
Number of events:     19297 (inside=19297, outside=0)
Avg. measured energy: 2459.91 keV

 FCN=390.461 FROM MIGRAD    STATUS=CONVERGED      81 CALLS          82 TOTAL
                     EDM=1.29948e-08    STRATEGY= 1      ERROR MATRIX ACCURATE 
  EXT PARAMETER                                   STEP         FIRST   
  NO.   NAME      VALUE            ERROR          SIZE      DERIVATIVE 
   1  Constant     1.67336e+03   3.39311e+01   2.35049e-01  -3.95303e-06
   2  Mean         3.14350e+03   7.95032e-01   6.39796e-03  -4.19283e-05
   3  Sigma        4.51664e+01   6.48279e-01   2.77149e-05   3.25246e-03


 NEW MINIMUM FOUND.  GO BACK TO MINIMIZATION STEP.
 =================================================
                                                  V
                                                  V
                                                  V
                                               VVVVVVV
                                                VVVVV
                                                 VVV
                                                  V

Error: You zoomed out too much from your ARM peak or don't have enough bins! Use a smaller window around the peak or more bins!
Error: You zoomed out too much from your ARM peak or don't have enough bins! Use a smaller window around the peak or more bins!
Error: You zoomed out too much from your ARM peak or don't have enough bins! Use a smaller window around the peak or more bins!
Error: You zoomed out too much from your ARM peak or don't have enough bins! Use a smaller window around the peak or more bins!


Statistics of ARM histogram and fit
***********************************

Analyzed Compton and pair events:        4633
Compton and pair events in histogram:    3327 (71.8109%)

RMS:                                     6.86271 deg

Total FWHM of fit (not of data!):        2.55598 deg
Maximum of fit (x position):             0.119687 deg (1-sigma uncertainty: 0.0716319 deg ... 0.168071 deg) with maximum 215.627 cts



 NEW MINIMUM FOUND.  GO BACK TO MINIMIZATION STEP.
 =================================================
                                                  V
                                                  V
                                                  V
                                               VVVVVVV
                                                VVVVV
                                                 VVV
                                                  V



Statistics of ARM histogram and fit
***********************************

Analyzed Compton and pair events:        4633
Compton and pair events in histogram:    1598 (34.4917%)

RMS:                                     1.2101 deg

Total FWHM of fit (not of data!):        2.21416 deg (90% confidence interval: 1.98379 deg ... 2.46333 deg)
Maximum of fit (x position):             0.150129 deg (1-sigma uncertainty: 0.0157226 deg ... 0.288405 deg) with maximum 31.0212 cts

