
**************************************************************************
*                                                                        *
*            Mimrec - MEGAlib image reconstruction (and more)            *
*                                                                        *
*             This program is part of MEGAlib version 2.31.00            *
*                (C) by Andreas Zoglauer and contributors                *
*                                                                        *
*                      Master reference for MEGAlib:                     *
*            A. Zoglauer et al., NewAR 50 (7-8), 629-632, 2006           *
*                                                                        *
*            For more information about MEGAlib please visit:            *
*                        http://megalibtoolkit.com                       *
*                                                                        *
**************************************************************************

              You are using a development version of MEGAlib              

Command-line parser: Use file /Users/busonnew/Compair/MegaLib/MEGAlib/sim_v1/cosTh90/FarFieldPointSource_1MeV_Cos0.6.inc1.id1.tra
   ***  Info  ***  for detector topACD
Ignoring noise threshold, because NoiseThresholdEqualsTriggerThreshold is set
   ***  Info  ***  for detector sideACD
Ignoring noise threshold, because NoiseThresholdEqualsTriggerThreshold is set
   ***  Warning  ***  
You have not defined any trigger criterion for detector: topACD
   ***  Warning  ***  
You have not defined any trigger criterion for detector: sideACD
Geometry MyComPair loaded!

Energy spectrum - some additional statistics:
Number of events:     62262 (inside=62262, outside=0)
Avg. measured energy: 856.132 keV

 FCN=1.71781e+06 FROM MIGRAD    STATUS=CONVERGED      86 CALLS          87 TOTAL
                     EDM=1.13984e-06    STRATEGY= 1      ERROR MATRIX ACCURATE 
  EXT PARAMETER                                   STEP         FIRST   
  NO.   NAME      VALUE            ERROR          SIZE      DERIVATIVE 
   1  Constant     7.26882e+03   7.43538e-01   3.67116e-01   7.22228e-05
   2  Mean         9.95620e+02   2.38135e-03   1.51519e-03   3.89434e-01
   3  Sigma        2.08658e+01   2.65765e-03   1.95088e-05   3.35115e+01


 NEW MINIMUM FOUND.  GO BACK TO MINIMIZATION STEP.
 =================================================
                                                  V
                                                  V
                                                  V
                                               VVVVVVV
                                                VVVVV
                                                 VVV
                                                  V

Error: You zoomed out too much from your ARM peak or don't have enough bins! Use a smaller window around the peak or more bins!
Error: You zoomed out too much from your ARM peak or don't have enough bins! Use a smaller window around the peak or more bins!
Error: You zoomed out too much from your ARM peak or don't have enough bins! Use a smaller window around the peak or more bins!


Statistics of ARM histogram and fit
***********************************

Analyzed Compton and pair events:        30797
Compton and pair events in histogram:    7758 (25.1908%)

RMS:                                     7.03507 deg

Total FWHM of fit (not of data!):        2.93399 deg
Maximum of fit (x position):             0.0800016 deg (1-sigma uncertainty: 0.0573067 deg ... 0.102689 deg) with maximum 592.559 cts



 NEW MINIMUM FOUND.  GO BACK TO MINIMIZATION STEP.
 =================================================
                                                  V
                                                  V
                                                  V
                                               VVVVVVV
                                                VVVVV
                                                 VVV
                                                  V



Statistics of ARM histogram and fit
***********************************

Analyzed Compton and pair events:        30797
Compton and pair events in histogram:    6276 (20.3786%)

RMS:                                     3.25159 deg

Total FWHM of fit (not of data!):        2.64601 deg (90% confidence interval: 2.51278 deg ... 2.82265 deg)
Maximum of fit (x position):             0.0648605 deg (1-sigma uncertainty: 0.0427084 deg ... 0.0870498 deg) with maximum 313.404 cts



 NEW MINIMUM FOUND.  GO BACK TO MINIMIZATION STEP.
 =================================================
                                                  V
                                                  V
                                                  V
                                               VVVVVVV
                                                VVVVV
                                                 VVV
                                                  V

 FUNCTION MUST BE MINIMIZED BEFORE CALLING MINOs     
 NEW MINIMUM FOUND.  GO BACK TO MINIMIZATION STEP.
 =================================================
                                                  V
                                                  V
                                                  V
                                               VVVVVVV
                                                VVVVV
                                                 VVV
                                                  V



Statistics of ARM histogram and fit
***********************************

Analyzed Compton and pair events:        30797
Compton and pair events in histogram:    4540 (14.7417%)

RMS:                                     1.13809 deg

Total FWHM of fit (not of data!):        2.358 deg (90% confidence interval: 2.17332 deg ... 2.56678 deg)
Maximum of fit (x position):             0.0253277 deg (1-sigma uncertainty: 0.00210109 deg ... 0.234539 deg) with maximum 85.4249 cts

