
**************************************************************************
*                                                                        *
*            Mimrec - MEGAlib image reconstruction (and more)            *
*                                                                        *
*             This program is part of MEGAlib version 2.31.00            *
*                (C) by Andreas Zoglauer and contributors                *
*                                                                        *
*                      Master reference for MEGAlib:                     *
*            A. Zoglauer et al., NewAR 50 (7-8), 629-632, 2006           *
*                                                                        *
*            For more information about MEGAlib please visit:            *
*                        http://megalibtoolkit.com                       *
*                                                                        *
**************************************************************************

              You are using a development version of MEGAlib              

Command-line parser: Use file /Users/jracusin/proposals/ComPair/simulations/mysims/Sim_a_thon/FarFieldPointSource_1MeV_Cos0.7.inc1.id1.tra
   ***  Info  ***  for detector topACD
Ignoring noise threshold, because NoiseThresholdEqualsTriggerThreshold is set
   ***  Info  ***  for detector sideACD
Ignoring noise threshold, because NoiseThresholdEqualsTriggerThreshold is set
   ***  Warning  ***  
You have not defined any trigger criterion for detector: topACD
   ***  Warning  ***  
You have not defined any trigger criterion for detector: sideACD
Geometry MyComPair loaded!

Energy spectrum - some additional statistics:
Number of events:     61169 (inside=61169, outside=0)
Avg. measured energy: 853.14 keV

 FCN=165.547 FROM MIGRAD    STATUS=CONVERGED      64 CALLS          65 TOTAL
                     EDM=2.89483e-08    STRATEGY= 1      ERROR MATRIX ACCURATE 
  EXT PARAMETER                                   STEP         FIRST   
  NO.   NAME      VALUE            ERROR          SIZE      DERIVATIVE 
   1  Constant     6.90619e+03   5.24601e+01   2.52006e-01  -1.43187e-06
   2  Mean         9.94877e+02   1.34366e-01   8.29392e-04  -2.79422e-04
   3  Sigma        2.11245e+01   1.20456e-01   9.36805e-06  -1.45288e-01


 NEW MINIMUM FOUND.  GO BACK TO MINIMIZATION STEP.
 =================================================
                                                  V
                                                  V
                                                  V
                                               VVVVVVV
                                                VVVVV
                                                 VVV
                                                  V

Error: You zoomed out too much from your ARM peak or don't have enough bins! Use a smaller window around the peak or more bins!
Error: You zoomed out too much from your ARM peak or don't have enough bins! Use a smaller window around the peak or more bins!
Error: You zoomed out too much from your ARM peak or don't have enough bins! Use a smaller window around the peak or more bins!


Statistics of ARM histogram and fit
***********************************

Analyzed Compton and pair events:        29939
Compton and pair events in histogram:    8171 (27.2922%)

RMS:                                     7.00538 deg

Total FWHM of fit (not of data!):        2.89801 deg
Maximum of fit (x position):             -0.101489 deg (1-sigma uncertainty: -0.123675 deg ... -0.0792698 deg) with maximum 634.066 cts


 NEW MINIMUM FOUND.  GO BACK TO MINIMIZATION STEP.
 =================================================
                                                  V
                                                  V
                                                  V
                                               VVVVVVV
                                                VVVVV
                                                 VVV
                                                  V

 FUNCTION MUST BE MINIMIZED BEFORE CALLING MINOs     


Statistics of ARM histogram and fit
***********************************

Analyzed Compton and pair events:        29939
Compton and pair events in histogram:    5068 (16.9278%)

RMS:                                     1.2672 deg

Total FWHM of fit (not of data!):        2.448 deg (90% confidence interval: 2.22896 deg ... 2.67503 deg)
Maximum of fit (x position):             -0.145076 deg (1-sigma uncertainty: -0.145076 deg ... -0.145076 deg) with maximum 102.263 cts

