
**************************************************************************
*                                                                        *
*            Mimrec - MEGAlib image reconstruction (and more)            *
*                                                                        *
*             This program is part of MEGAlib version 2.31.00            *
*                (C) by Andreas Zoglauer and contributors                *
*                                                                        *
*                      Master reference for MEGAlib:                     *
*            A. Zoglauer et al., NewAR 50 (7-8), 629-632, 2006           *
*                                                                        *
*            For more information about MEGAlib please visit:            *
*                        http://megalibtoolkit.com                       *
*                                                                        *
**************************************************************************

              You are using a development version of MEGAlib              

Command-line parser: Use file /Users/busonnew/Compair/MegaLib/MEGAlib/sim_v1/cosTh90/FarFieldPointSource_31.6MeV_Cos0.6.inc1.id1.tra
   ***  Info  ***  for detector topACD
Ignoring noise threshold, because NoiseThresholdEqualsTriggerThreshold is set
   ***  Info  ***  for detector sideACD
Ignoring noise threshold, because NoiseThresholdEqualsTriggerThreshold is set
   ***  Warning  ***  
You have not defined any trigger criterion for detector: topACD
   ***  Warning  ***  
You have not defined any trigger criterion for detector: sideACD
Geometry MyComPair loaded!

Energy spectrum - some additional statistics:
Number of events:     11798 (inside=11798, outside=0)
Avg. measured energy: 20262.9 keV

 FCN=63772.3 FROM MIGRAD    STATUS=CONVERGED      73 CALLS          74 TOTAL
                     EDM=2.20459e-08    STRATEGY= 1  ERROR MATRIX UNCERTAINTY   2.6 per cent
  EXT PARAMETER                                   STEP         FIRST   
  NO.   NAME      VALUE            ERROR          SIZE      DERIVATIVE 
   1  Constant     2.45217e+02   2.52283e-01   1.09434e-03  -1.22367e-03
   2  Mean         2.52156e+04   6.29969e+00  -2.36852e-02  -2.00137e-05
   3  Sigma        5.11194e+03   8.10220e+00  -4.91011e-06  -2.66382e-01
 FCN=63772.3 FROM MIGRAD    STATUS=CONVERGED      44 CALLS          45 TOTAL
                     EDM=1.58637e-10    STRATEGY= 1  ERROR MATRIX UNCERTAINTY   0.3 per cent
  EXT PARAMETER                                   STEP         FIRST   
  NO.   NAME      VALUE            ERROR          SIZE      DERIVATIVE 
   1  Constant     2.45217e+02   2.43361e-01   2.84551e-05   9.43403e-07
   2  Mean         2.52156e+04   6.34111e+00   4.34367e-04  -2.32982e-07
   3  Sigma        5.11193e+03   7.95723e+00  -1.71225e-08  -4.06671e-02

Some statistics: 

Analyzed pair events:        6312
Pair events in histogram:    3753 (59.4582%)

0.68% containment: 4.875

Some statistics: 

Analyzed pair events:        6312
Pair events in histogram:    2619 (41.4924%)

0.68% containment: 3.125
