
**************************************************************************
*                                                                        *
*            Mimrec - MEGAlib image reconstruction (and more)            *
*                                                                        *
*             This program is part of MEGAlib version 2.31.00            *
*                (C) by Andreas Zoglauer and contributors                *
*                                                                        *
*                      Master reference for MEGAlib:                     *
*            A. Zoglauer et al., NewAR 50 (7-8), 629-632, 2006           *
*                                                                        *
*            For more information about MEGAlib please visit:            *
*                        http://megalibtoolkit.com                       *
*                                                                        *
**************************************************************************

              You are using a development version of MEGAlib              

Command-line parser: Use file /Users/reginamcaputo/Desktop/ComPair/Simulatons/PerformancePlotMimrecFiles/../PerformancePlotTraFiles/FarFieldPointSource_3.16MeV_Cos0.5.inc1.id1.tra
   ***  Info  ***  for detector topACD
Ignoring noise threshold, because NoiseThresholdEqualsTriggerThreshold is set
   ***  Info  ***  for detector sideACD
Ignoring noise threshold, because NoiseThresholdEqualsTriggerThreshold is set
   ***  Warning  ***  
You have not defined any trigger criterion for detector: topACD
   ***  Warning  ***  
You have not defined any trigger criterion for detector: sideACD
Geometry MyComPair loaded!

Energy spectrum - some additional statistics:
Number of events:     53984 (inside=53984, outside=0)
Avg. measured energy: 2283.24 keV


Energy spectrum - some additional statistics:
Number of events:     54695 (inside=54695, outside=0)
Avg. measured energy: 2295.39 keV

 FCN=7.83988 FROM MIGRAD    STATUS=CONVERGED      78 CALLS          79 TOTAL
                     EDM=3.26142e-07    STRATEGY= 1      ERROR MATRIX ACCURATE 
  EXT PARAMETER                                   STEP         FIRST   
  NO.   NAME      VALUE            ERROR          SIZE      DERIVATIVE 
   1  Constant     3.05087e+03   4.98286e+01   6.85300e-02   6.28966e-06
   2  Mean         3.14740e+03   5.54781e-01   1.50080e-03   9.62685e-04
   3  Sigma        3.88882e+01   6.64599e-01   8.56816e-06   5.25126e-02
                               ERR DEF= 0.5


Error: You zoomed out too much from your ARM peak or don't have enough bins! Use a smaller window around the peak or more bins!
Error: You zoomed out too much from your ARM peak or don't have enough bins! Use a smaller window around the peak or more bins!


Statistics of ARM histogram and fit
***********************************

Analyzed Compton and pair events:        13090
Compton and pair events in histogram:    1585 (12.1085%)

RMS:                                     9.66678 deg

Total FWHM of fit (not of data!):        2.376 deg
Maximum of fit (x position):             0.132318 deg (1-sigma uncertainty: -0.00194701 deg ... 0.272486 deg) with maximum 48.5042 cts



Error: You zoomed out too much from your ARM peak or don't have enough bins! Use a smaller window around the peak or more bins!
Error: You zoomed out too much from your ARM peak or don't have enough bins! Use a smaller window around the peak or more bins!
Error: You zoomed out too much from your ARM peak or don't have enough bins! Use a smaller window around the peak or more bins!
Error: You zoomed out too much from your ARM peak or don't have enough bins! Use a smaller window around the peak or more bins!


Statistics of ARM histogram and fit
***********************************

Analyzed Compton and pair events:        13090
Compton and pair events in histogram:    351 (2.68144%)

RMS:                                     1.18324 deg

Total FWHM of fit (not of data!):        0.072 deg
Maximum of fit (x position):             -0.0364776 deg (1-sigma uncertainty: -0.051247 deg ... -0.0169944 deg) with maximum 11.7374 cts

