
**************************************************************************
*                                                                        *
*            Mimrec - MEGAlib image reconstruction (and more)            *
*                                                                        *
*             This program is part of MEGAlib version 2.31.00            *
*                (C) by Andreas Zoglauer and contributors                *
*                                                                        *
*                      Master reference for MEGAlib:                     *
*            A. Zoglauer et al., NewAR 50 (7-8), 629-632, 2006           *
*                                                                        *
*            For more information about MEGAlib please visit:            *
*                        http://megalibtoolkit.com                       *
*                                                                        *
**************************************************************************

              You are using a development version of MEGAlib              

Command-line parser: Use file /Users/reginamcaputo/Desktop/ComPair/Simulatons/PerformancePlotMimrecFiles/../PerformancePlotTraFiles/FarFieldPointSource_1MeV_Cos1.inc1.id1.tra
   ***  Info  ***  for detector topACD
Ignoring noise threshold, because NoiseThresholdEqualsTriggerThreshold is set
   ***  Info  ***  for detector sideACD
Ignoring noise threshold, because NoiseThresholdEqualsTriggerThreshold is set
   ***  Warning  ***  
You have not defined any trigger criterion for detector: topACD
   ***  Warning  ***  
You have not defined any trigger criterion for detector: sideACD
Geometry MyComPair loaded!

Energy spectrum - some additional statistics:
Number of events:     10431 (inside=10431, outside=0)
Avg. measured energy: 935.439 keV

 FCN=2.37074 FROM MIGRAD    STATUS=CONVERGED      72 CALLS          73 TOTAL
                     EDM=6.81628e-07    STRATEGY= 1      ERROR MATRIX ACCURATE 
  EXT PARAMETER                                   STEP         FIRST   
  NO.   NAME      VALUE            ERROR          SIZE      DERIVATIVE 
   1  Constant     1.79992e+03   2.84427e+01   2.51575e-02   3.67786e-05
   2  Mean         9.96681e+02   2.66320e-01   4.75254e-04   7.39564e-04
   3  Sigma        1.93349e+01   2.46799e-01   3.88413e-06   1.20945e-01
                               ERR DEF= 0.5


 NEW MINIMUM FOUND.  GO BACK TO MINIMIZATION STEP.
 =================================================
                                                  V
                                                  V
                                                  V
                                               VVVVVVV
                                                VVVVV
                                                 VVV
                                                  V



Statistics of ARM histogram and fit
***********************************

Analyzed Compton and pair events:        7285
Compton and pair events in histogram:    6228 (85.4907%)

RMS:                                     5.29363 deg

Total FWHM of fit (not of data!):        4.91403 deg (90% confidence interval: 4.52439 deg ... 5.36281 deg)
Maximum of fit (x position):             -0.0421623 deg (1-sigma uncertainty: -0.286961 deg ... 0.218556 deg) with maximum 364.631 cts



 NEW MINIMUM FOUND.  GO BACK TO MINIMIZATION STEP.
 =================================================
                                                  V
                                                  V
                                                  V
                                               VVVVVVV
                                                VVVVV
                                                 VVV
                                                  V

 NEW MINIMUM FOUND.  GO BACK TO MINIMIZATION STEP.
 =================================================
                                                  V
                                                  V
                                                  V
                                               VVVVVVV
                                                VVVVV
                                                 VVV
                                                  V



Statistics of ARM histogram and fit
***********************************

Analyzed Compton and pair events:        7285
Compton and pair events in histogram:    4944 (67.8655%)

RMS:                                     2.14908 deg

Total FWHM of fit (not of data!):        4.284 deg (90% confidence interval: 4.27421 deg ... 4.35498 deg)
Maximum of fit (x position):             0.0329724 deg (1-sigma uncertainty: -0.121599 deg ... 0.157973 deg) with maximum 96.9175 cts

