
**************************************************************************
*                                                                        *
*            Mimrec - MEGAlib image reconstruction (and more)            *
*                                                                        *
*             This program is part of MEGAlib version 2.31.00            *
*                (C) by Andreas Zoglauer and contributors                *
*                                                                        *
*                      Master reference for MEGAlib:                     *
*            A. Zoglauer et al., NewAR 50 (7-8), 629-632, 2006           *
*                                                                        *
*            For more information about MEGAlib please visit:            *
*                        http://megalibtoolkit.com                       *
*                                                                        *
**************************************************************************

              You are using a development version of MEGAlib              

Command-line parser: Use file /Users/reginamcaputo/Desktop/ComPair/Simulatons/PerformancePlotMimrecFiles/../PerformancePlotTraFiles/FarFieldPointSource_31.6MeV_Cos1.inc1.id1.tra
   ***  Info  ***  for detector topACD
Ignoring noise threshold, because NoiseThresholdEqualsTriggerThreshold is set
   ***  Info  ***  for detector sideACD
Ignoring noise threshold, because NoiseThresholdEqualsTriggerThreshold is set
   ***  Warning  ***  
You have not defined any trigger criterion for detector: topACD
   ***  Warning  ***  
You have not defined any trigger criterion for detector: sideACD
Geometry MyComPair loaded!

Energy spectrum - some additional statistics:
Number of events:     18552 (inside=18552, outside=0)
Avg. measured energy: 22338 keV

 FCN=80.4385 FROM MIGRAD    STATUS=CONVERGED      98 CALLS          99 TOTAL
                     EDM=1.55553e-09    STRATEGY= 1      ERROR MATRIX ACCURATE 
  EXT PARAMETER                                   STEP         FIRST   
  NO.   NAME      VALUE            ERROR          SIZE      DERIVATIVE 
   1  Constant     5.42361e+02   7.40774e+00   3.55917e-02   4.23854e-06
   2  Mean         2.66386e+04   5.84893e+01   2.51299e-01  -3.09184e-09
   3  Sigma        2.75978e+03   5.96423e+01   3.21159e-05   5.33905e-03
                               ERR DEF= 0.5
 FCN=38.5261 FROM MIGRAD    STATUS=CONVERGED      89 CALLS          90 TOTAL
                     EDM=8.79246e-08    STRATEGY= 1      ERROR MATRIX ACCURATE 
  EXT PARAMETER                                   STEP         FIRST   
  NO.   NAME      VALUE            ERROR          SIZE      DERIVATIVE 
   1  Constant     5.29019e+02   8.26590e+00   2.90236e-02   2.49651e-05
   2  Mean         2.75464e+04   6.90992e+01   1.54955e-01  -2.09077e-06
   3  Sigma        2.09080e+03   5.83559e+01   2.04055e-05   1.37559e-02
                               ERR DEF= 0.5
 FCN=99.2684 FROM MIGRAD    STATUS=CONVERGED      80 CALLS          81 TOTAL
                     EDM=7.72044e-08    STRATEGY= 1      ERROR MATRIX ACCURATE 
  EXT PARAMETER                                   STEP         FIRST   
  NO.   NAME      VALUE            ERROR          SIZE      DERIVATIVE 
   1  Constant     5.40919e+02   8.56251e+00   4.93947e-02  -2.92958e-05
   2  Mean         2.78363e+04   5.18993e+01   1.99720e-01   2.52636e-06
   3  Sigma        1.76478e+03   3.77592e+01   2.45311e-05  -2.93859e-03
                               ERR DEF= 0.5
 FCN=140.106 FROM MIGRAD    STATUS=CONVERGED      84 CALLS          85 TOTAL
                     EDM=4.60893e-09    STRATEGY= 1      ERROR MATRIX ACCURATE 
  EXT PARAMETER                                   STEP         FIRST   
  NO.   NAME      VALUE            ERROR          SIZE      DERIVATIVE 
   1  Constant     5.57745e+02   8.04915e+00   5.39998e-02   1.28332e-07
   2  Mean         2.73169e+04   4.92826e+01   2.51597e-01  -1.37567e-06
   3  Sigma        2.07649e+03   3.89050e+01   2.99620e-05   4.52479e-05
                               ERR DEF= 0.5

Some statistics: 

Analyzed pair events:        9086
Pair events in histogram:    7611 (83.7662%)

0.68% containment: 4.5

Some statistics: 

Analyzed pair events:        9086
Pair events in histogram:    5328 (58.6397%)

0.68% containment: 2.5875
