
**************************************************************************
*                                                                        *
*            Mimrec - MEGAlib image reconstruction (and more)            *
*                                                                        *
*             This program is part of MEGAlib version 2.31.00            *
*                (C) by Andreas Zoglauer and contributors                *
*                                                                        *
*                      Master reference for MEGAlib:                     *
*            A. Zoglauer et al., NewAR 50 (7-8), 629-632, 2006           *
*                                                                        *
*            For more information about MEGAlib please visit:            *
*                        http://megalibtoolkit.com                       *
*                                                                        *
**************************************************************************

              You are using a development version of MEGAlib              

Command-line parser: Use file /Users/busonnew/Compair/MegaLib/MEGAlib/sim_v1/cosTh90/FarFieldPointSource_3.16MeV_Cos0.9.inc1.id1.tra
   ***  Info  ***  for detector topACD
Ignoring noise threshold, because NoiseThresholdEqualsTriggerThreshold is set
   ***  Info  ***  for detector sideACD
Ignoring noise threshold, because NoiseThresholdEqualsTriggerThreshold is set
   ***  Warning  ***  
You have not defined any trigger criterion for detector: topACD
   ***  Warning  ***  
You have not defined any trigger criterion for detector: sideACD
Geometry MyComPair loaded!

Energy spectrum - some additional statistics:
Number of events:     20805 (inside=20805, outside=0)
Avg. measured energy: 2456.8 keV

 FCN=192446 FROM MIGRAD    STATUS=CONVERGED      77 CALLS          78 TOTAL
                     EDM=9.64918e-11    STRATEGY= 1  ERROR MATRIX UNCERTAINTY   1.9 per cent
  EXT PARAMETER                                   STEP         FIRST   
  NO.   NAME      VALUE            ERROR          SIZE      DERIVATIVE 
   1  Constant     1.84614e+03   9.74660e-01  -2.18843e-03   1.61297e-05
   2  Mean         3.15059e+03   2.36079e-02   6.81821e-05   6.25599e-04
   3  Sigma        4.11219e+01   2.77806e-02   2.33389e-07   6.66966e-02


 NEW MINIMUM FOUND.  GO BACK TO MINIMIZATION STEP.
 =================================================
                                                  V
                                                  V
                                                  V
                                               VVVVVVV
                                                VVVVV
                                                 VVV
                                                  V



Statistics of ARM histogram and fit
***********************************

Analyzed Compton and pair events:        4863
Compton and pair events in histogram:    2949 (60.6416%)

RMS:                                     4.01477 deg

Total FWHM of fit (not of data!):        3.79797 deg (90% confidence interval: 3.40844 deg ... 4.24091 deg)
Maximum of fit (x position):             0.295061 deg (1-sigma uncertainty: 0.246473 deg ... 0.34569 deg) with maximum 93.9434 cts



 NEW MINIMUM FOUND.  GO BACK TO MINIMIZATION STEP.
 =================================================
                                                  V
                                                  V
                                                  V
                                               VVVVVVV
                                                VVVVV
                                                 VVV
                                                  V



Statistics of ARM histogram and fit
***********************************

Analyzed Compton and pair events:        4863
Compton and pair events in histogram:    1987 (40.8596%)

RMS:                                     1.59228 deg

Total FWHM of fit (not of data!):        2.448 deg (90% confidence interval: 2.2596 deg ... 2.64411 deg)
Maximum of fit (x position):             0.141209 deg (1-sigma uncertainty: 0.0897285 deg ... 0.189798 deg) with maximum 45.4186 cts

