
**************************************************************************
*                                                                        *
*            Mimrec - MEGAlib image reconstruction (and more)            *
*                                                                        *
*             This program is part of MEGAlib version 2.31.00            *
*                (C) by Andreas Zoglauer and contributors                *
*                                                                        *
*                      Master reference for MEGAlib:                     *
*            A. Zoglauer et al., NewAR 50 (7-8), 629-632, 2006           *
*                                                                        *
*            For more information about MEGAlib please visit:            *
*                        http://megalibtoolkit.com                       *
*                                                                        *
**************************************************************************

              You are using a development version of MEGAlib              

Command-line parser: Use file /Users/reginamcaputo/Desktop/ComPair/Simulatons/PerformancePlotMimrecFiles/../PerformancePlotTraFiles/FarFieldPointSource_0.3MeV_Cos0.5.inc1.id1.tra
   ***  Info  ***  for detector topACD
Ignoring noise threshold, because NoiseThresholdEqualsTriggerThreshold is set
   ***  Info  ***  for detector sideACD
Ignoring noise threshold, because NoiseThresholdEqualsTriggerThreshold is set
   ***  Warning  ***  
You have not defined any trigger criterion for detector: topACD
   ***  Warning  ***  
You have not defined any trigger criterion for detector: sideACD
Geometry MyComPair loaded!

Energy spectrum - some additional statistics:
Number of events:     34221 (inside=34221, outside=0)
Avg. measured energy: 297.425 keV

 FCN=23.6249 FROM MIGRAD    STATUS=CONVERGED      71 CALLS          72 TOTAL
                     EDM=9.32823e-10    STRATEGY= 1  ERROR MATRIX UNCERTAINTY   2.4 per cent
  EXT PARAMETER                                   STEP         FIRST   
  NO.   NAME      VALUE            ERROR          SIZE      DERIVATIVE 
   1  Constant     3.02188e+03   2.57163e+01   4.68645e-02  -1.21615e-06
   2  Mean         3.14444e+02   9.34285e-02   5.69338e-05  -1.15806e-04
   3  Sigma        1.20942e+01   9.50406e-02  -4.36131e-06   3.48830e-03
                               ERR DEF= 0.5


 NEW MINIMUM FOUND.  GO BACK TO MINIMIZATION STEP.
 =================================================
                                                  V
                                                  V
                                                  V
                                               VVVVVVV
                                                VVVVV
                                                 VVV
                                                  V

 NEW MINIMUM FOUND.  GO BACK TO MINIMIZATION STEP.
 =================================================
                                                  V
                                                  V
                                                  V
                                               VVVVVVV
                                                VVVVV
                                                 VVV
                                                  V

 NEW MINIMUM FOUND.  GO BACK TO MINIMIZATION STEP.
 =================================================
                                                  V
                                                  V
                                                  V
                                               VVVVVVV
                                                VVVVV
                                                 VVV
                                                  V

 NEW MINIMUM FOUND.  GO BACK TO MINIMIZATION STEP.
 =================================================
                                                  V
                                                  V
                                                  V
                                               VVVVVVV
                                                VVVVV
                                                 VVV
                                                  V



Statistics of ARM histogram and fit
***********************************

Analyzed Compton and pair events:        34221
Compton and pair events in histogram:    22491 (65.7228%)

RMS:                                     7.75795 deg

Total FWHM of fit (not of data!):        10.332 deg (90% confidence interval: 9.94383 deg ... 10.7695 deg)
Maximum of fit (x position):             0.0376723 deg (1-sigma uncertainty: -0.00560538 deg ... 0.0809881 deg) with maximum 645.435 cts



 NEW MINIMUM FOUND.  GO BACK TO MINIMIZATION STEP.
 =================================================
                                                  V
                                                  V
                                                  V
                                               VVVVVVV
                                                VVVVV
                                                 VVV
                                                  V



Statistics of ARM histogram and fit
***********************************

Analyzed Compton and pair events:        22868
Compton and pair events in histogram:    17436 (76.2463%)

RMS:                                     6.81303 deg

Total FWHM of fit (not of data!):        8.67738 deg (90% confidence interval: 7.98681 deg ... 9.42602 deg)
Maximum of fit (x position):             0.580244 deg (1-sigma uncertainty: 0.531018 deg ... 0.629054 deg) with maximum 595.252 cts



 NEW MINIMUM FOUND.  GO BACK TO MINIMIZATION STEP.
 =================================================
                                                  V
                                                  V
                                                  V
                                               VVVVVVV
                                                VVVVV
                                                 VVV
                                                  V



Statistics of ARM histogram and fit
***********************************

Analyzed Compton and pair events:        22868
Compton and pair events in histogram:    14299 (62.5284%)

RMS:                                     3.80289 deg

Total FWHM of fit (not of data!):        8.262 deg (90% confidence interval: 7.64209 deg ... 9.01799 deg)
Maximum of fit (x position):             0.0150641 deg (1-sigma uncertainty: -0.129316 deg ... 0.120791 deg) with maximum 270.581 cts

