
**************************************************************************
*                                                                        *
*            Mimrec - MEGAlib image reconstruction (and more)            *
*                                                                        *
*             This program is part of MEGAlib version 2.31.00            *
*                (C) by Andreas Zoglauer and contributors                *
*                                                                        *
*                      Master reference for MEGAlib:                     *
*            A. Zoglauer et al., NewAR 50 (7-8), 629-632, 2006           *
*                                                                        *
*            For more information about MEGAlib please visit:            *
*                        http://megalibtoolkit.com                       *
*                                                                        *
**************************************************************************

              You are using a development version of MEGAlib              

Command-line parser: Use file /Users/busonnew/Compair/MegaLib/MEGAlib/sim_v1/cosTh90/FarFieldPointSource_3.16MeV_Cos0.6.inc1.id1.tra
   ***  Info  ***  for detector topACD
Ignoring noise threshold, because NoiseThresholdEqualsTriggerThreshold is set
   ***  Info  ***  for detector sideACD
Ignoring noise threshold, because NoiseThresholdEqualsTriggerThreshold is set
   ***  Warning  ***  
You have not defined any trigger criterion for detector: topACD
   ***  Warning  ***  
You have not defined any trigger criterion for detector: sideACD
Geometry MyComPair loaded!

Energy spectrum - some additional statistics:
Number of events:     184 (inside=184, outside=0)
Avg. measured energy: 1358 keV


Energy spectrum - some additional statistics:
Number of events:     5187 (inside=5187, outside=0)
Avg. measured energy: 2598.23 keV

 FCN=30446.2 FROM MIGRAD    STATUS=CONVERGED      99 CALLS         100 TOTAL
                     EDM=7.59312e-07    STRATEGY= 1      ERROR MATRIX ACCURATE 
  EXT PARAMETER                                   STEP         FIRST   
  NO.   NAME      VALUE            ERROR          SIZE      DERIVATIVE 
   1  Constant     4.26825e+02   1.01370e+00   6.08682e-02   1.18708e-03
   2  Mean         3.14534e+03   1.05570e-01   8.54767e-03   8.90927e-03
   3  Sigma        4.10616e+01   1.30360e-01   4.74406e-05   1.38265e+00

Some statistics: 

Analyzed pair events:        1081
Pair events in histogram:    189 (17.4838%)

0.68% containment: 16.1

Some statistics: 

Analyzed pair events:        1081
Pair events in histogram:    574 (53.099%)

0.68% containment: 34.75

Some statistics: 

Analyzed pair events:        1081
Pair events in histogram:    383 (35.4302%)

0.68% containment: 25.67
