
**************************************************************************
*                                                                        *
*            Mimrec - MEGAlib image reconstruction (and more)            *
*                                                                        *
*             This program is part of MEGAlib version 2.31.00            *
*                (C) by Andreas Zoglauer and contributors                *
*                                                                        *
*                      Master reference for MEGAlib:                     *
*            A. Zoglauer et al., NewAR 50 (7-8), 629-632, 2006           *
*                                                                        *
*            For more information about MEGAlib please visit:            *
*                        http://megalibtoolkit.com                       *
*                                                                        *
**************************************************************************

              You are using a development version of MEGAlib              

Command-line parser: Use file /Users/busonnew/Compair/MegaLib/MEGAlib/sim_v1/cosTh90/FarFieldPointSource_0.3MeV_Cos0.6.inc1.id1.tra
   ***  Info  ***  for detector topACD
Ignoring noise threshold, because NoiseThresholdEqualsTriggerThreshold is set
   ***  Info  ***  for detector sideACD
Ignoring noise threshold, because NoiseThresholdEqualsTriggerThreshold is set
   ***  Warning  ***  
You have not defined any trigger criterion for detector: topACD
   ***  Warning  ***  
You have not defined any trigger criterion for detector: sideACD
Geometry MyComPair loaded!

Response calculation finished after 16.527 seconds (316 events, 19.1202 events/sec) using ~24 MB of RAM (79977 Bytes/event).
LM-ML-EM classic: We have an empty event. Eliminating event 138...
LM-ML-EM classic: We have an empty event. Eliminating event 203...
LM-ML-EM classic: We have an empty event. Eliminating event 138...
LM-ML-EM classic: We have an empty event. Eliminating event 203...
LM-ML-EM classic: We have an empty event. Eliminating event 138...
LM-ML-EM classic: We have an empty event. Eliminating event 203...
LM-ML-EM classic: We have an empty event. Eliminating event 138...
LM-ML-EM classic: We have an empty event. Eliminating event 203...
LM-ML-EM classic: We have an empty event. Eliminating event 138...
LM-ML-EM classic: We have an empty event. Eliminating event 203...
Performed 5 iterations in 0.521473 seconds (9.58822 iterations/second)


Energy spectrum - some additional statistics:
Number of events:     316 (inside=316, outside=0)
Avg. measured energy: 307.553 keV

 FCN=201.601 FROM MIGRAD    STATUS=CONVERGED      68 CALLS          69 TOTAL
                     EDM=4.51173e-08    STRATEGY= 1      ERROR MATRIX ACCURATE 
  EXT PARAMETER                                   STEP         FIRST   
  NO.   NAME      VALUE            ERROR          SIZE      DERIVATIVE 
   1  Constant     3.12300e+01   4.90669e-01   2.71711e-03   5.74840e-05
   2  Mean         3.13188e+02   2.51172e-01   1.74562e-03   1.13500e-03
   3  Sigma        1.40807e+01   2.68104e-01   3.59337e-05   1.65628e-02


 NEW MINIMUM FOUND.  GO BACK TO MINIMIZATION STEP.
 =================================================
                                                  V
                                                  V
                                                  V
                                               VVVVVVV
                                                VVVVV
                                                 VVV
                                                  V

 NEW MINIMUM FOUND.  GO BACK TO MINIMIZATION STEP.
 =================================================
                                                  V
                                                  V
                                                  V
                                               VVVVVVV
                                                VVVVV
                                                 VVV
                                                  V

Error: You zoomed in too much into your ARM peak! Use a larger window around the peak!
Error: You zoomed in too much into your ARM peak! Use a larger window around the peak!
Error: You zoomed out too much from your ARM peak or don't have enough bins! Use a smaller window around the peak or more bins!
Error: You zoomed in too much into your ARM peak! Use a larger window around the peak!
Error: You zoomed in too much into your ARM peak! Use a larger window around the peak!
Error: You zoomed out too much from your ARM peak or don't have enough bins! Use a smaller window around the peak or more bins!


Statistics of ARM histogram and fit
***********************************

Analyzed Compton and pair events:        280
Compton and pair events in histogram:    144 (51.4286%)

RMS:                                     10.5131 deg

Total FWHM of fit (not of data!):        9.71303 deg
Maximum of fit (x position):             43.2699 deg (1-sigma uncertainty: 43.2699 deg ... 43.2699 deg) with maximum 19.9623 cts



 NEW MINIMUM FOUND.  GO BACK TO MINIMIZATION STEP.
 =================================================
                                                  V
                                                  V
                                                  V
                                               VVVVVVV
                                                VVVVV
                                                 VVV
                                                  V

Error: You zoomed out too much from your ARM peak or don't have enough bins! Use a smaller window around the peak or more bins!
Error: You zoomed out too much from your ARM peak or don't have enough bins! Use a smaller window around the peak or more bins!
Error: You zoomed out too much from your ARM peak or don't have enough bins! Use a smaller window around the peak or more bins!
Error: You zoomed out too much from your ARM peak or don't have enough bins! Use a smaller window around the peak or more bins!


Statistics of ARM histogram and fit
***********************************

Analyzed Compton and pair events:        280
Compton and pair events in histogram:    249 (88.9286%)

RMS:                                     23.77 deg

Total FWHM of fit (not of data!):        1.52956 deg
Maximum of fit (x position):             4.42035 deg (1-sigma uncertainty: 4.05522 deg ... 4.86247 deg) with maximum 10.6321 cts



Error: You zoomed in too much into your ARM peak! Use a larger window around the peak!
Error: You zoomed in too much into your ARM peak! Use a larger window around the peak!
Error: You zoomed out too much from your ARM peak or don't have enough bins! Use a smaller window around the peak or more bins!
Error: You zoomed out too much from your ARM peak or don't have enough bins! Use a smaller window around the peak or more bins!


Statistics of ARM histogram and fit
***********************************

Analyzed Compton and pair events:        280
Compton and pair events in histogram:    21 (7.5%)

RMS:                                     0.833609 deg

Total FWHM of fit (not of data!):        199.646 deg
Maximum of fit (x position):             -0.232855 deg (1-sigma uncertainty: -0.232855 deg ... -0.232855 deg) with maximum 2.1948 cts

