
**************************************************************************
*                                                                        *
*            Mimrec - MEGAlib image reconstruction (and more)            *
*                                                                        *
*             This program is part of MEGAlib version 2.31.00            *
*                (C) by Andreas Zoglauer and contributors                *
*                                                                        *
*                      Master reference for MEGAlib:                     *
*            A. Zoglauer et al., NewAR 50 (7-8), 629-632, 2006           *
*                                                                        *
*            For more information about MEGAlib please visit:            *
*                        http://megalibtoolkit.com                       *
*                                                                        *
**************************************************************************

              You are using a development version of MEGAlib              

Command-line parser: Use file /Users/reginamcaputo/Desktop/ComPair/Simulatons/PerformancePlotMimrecFiles/../PerformancePlotTraFiles/FarFieldPointSource_3.16MeV_Cos0.5.inc1.id1.tra
   ***  Info  ***  for detector topACD
Ignoring noise threshold, because NoiseThresholdEqualsTriggerThreshold is set
   ***  Info  ***  for detector sideACD
Ignoring noise threshold, because NoiseThresholdEqualsTriggerThreshold is set
   ***  Warning  ***  
You have not defined any trigger criterion for detector: topACD
   ***  Warning  ***  
You have not defined any trigger criterion for detector: sideACD
Geometry MyComPair loaded!

Energy spectrum - some additional statistics:
Number of events:     17867 (inside=17867, outside=0)
Avg. measured energy: 2446 keV

 FCN=76.3326 FROM MIGRAD    STATUS=CONVERGED      85 CALLS          86 TOTAL
                     EDM=1.34743e-08    STRATEGY= 1      ERROR MATRIX ACCURATE 
  EXT PARAMETER                                   STEP         FIRST   
  NO.   NAME      VALUE            ERROR          SIZE      DERIVATIVE 
   1  Constant     1.19135e+03   2.62522e+01   8.25242e-02   3.11868e-06
   2  Mean         3.15415e+03   1.82198e+00   4.69185e-03  -1.01521e-04
   3  Sigma        5.27092e+01   1.85086e+00   2.95881e-05   5.09550e-03


 NEW MINIMUM FOUND.  GO BACK TO MINIMIZATION STEP.
 =================================================
                                                  V
                                                  V
                                                  V
                                               VVVVVVV
                                                VVVVV
                                                 VVV
                                                  V



Statistics of ARM histogram and fit
***********************************

Analyzed Compton and pair events:        5127
Compton and pair events in histogram:    3131 (61.0689%)

RMS:                                     7.14882 deg

Total FWHM of fit (not of data!):        4.98568 deg (90% confidence interval: 4.60146 deg ... 5.40944 deg)
Maximum of fit (x position):             0.305048 deg (1-sigma uncertainty: 0.305048 deg ... 0.786393 deg) with maximum 139.037 cts



 NEW MINIMUM FOUND.  GO BACK TO MINIMIZATION STEP.
 =================================================
                                                  V
                                                  V
                                                  V
                                               VVVVVVV
                                                VVVVV
                                                 VVV
                                                  V

 FUNCTION MUST BE MINIMIZED BEFORE CALLING MINOs     


Statistics of ARM histogram and fit
***********************************

Analyzed Compton and pair events:        5127
Compton and pair events in histogram:    1921 (37.4683%)

RMS:                                     2.20772 deg

Total FWHM of fit (not of data!):        4.08597 deg (90% confidence interval: 3.71741 deg ... 4.47919 deg)
Maximum of fit (x position):             0.335723 deg (1-sigma uncertainty: 0.269327 deg ... 0.404317 deg) with maximum 36.2884 cts

