
**************************************************************************
*                                                                        *
*            Mimrec - MEGAlib image reconstruction (and more)            *
*                                                                        *
*             This program is part of MEGAlib version 2.31.00            *
*                (C) by Andreas Zoglauer and contributors                *
*                                                                        *
*                      Master reference for MEGAlib:                     *
*            A. Zoglauer et al., NewAR 50 (7-8), 629-632, 2006           *
*                                                                        *
*            For more information about MEGAlib please visit:            *
*                        http://megalibtoolkit.com                       *
*                                                                        *
**************************************************************************

              You are using a development version of MEGAlib              

Command-line parser: Use file /Users/reginamcaputo/Desktop/ComPair/Simulatons/PerformancePlotMimrecFiles/../PerformancePlotTraFiles/FarFieldPointSource_3.16MeV_Cos1.inc1.id1.tra
   ***  Info  ***  for detector topACD
Ignoring noise threshold, because NoiseThresholdEqualsTriggerThreshold is set
   ***  Info  ***  for detector sideACD
Ignoring noise threshold, because NoiseThresholdEqualsTriggerThreshold is set
   ***  Warning  ***  
You have not defined any trigger criterion for detector: topACD
   ***  Warning  ***  
You have not defined any trigger criterion for detector: sideACD
Geometry MyComPair loaded!

Energy spectrum - some additional statistics:
Number of events:     20801 (inside=20801, outside=0)
Avg. measured energy: 2478.57 keV

 FCN=50.3744 FROM MIGRAD    STATUS=CONVERGED      78 CALLS          79 TOTAL
                     EDM=3.42051e-08    STRATEGY= 1      ERROR MATRIX ACCURATE 
  EXT PARAMETER                                   STEP         FIRST   
  NO.   NAME      VALUE            ERROR          SIZE      DERIVATIVE 
   1  Constant     1.85799e+03   3.28059e+01   1.23261e-01  -6.53869e-06
   2  Mean         3.14646e+03   6.11229e-01   3.00834e-03   5.70682e-05
   3  Sigma        4.19446e+01   5.25840e-01   1.58806e-05  -5.09715e-02
                               ERR DEF= 0.5


 NEW MINIMUM FOUND.  GO BACK TO MINIMIZATION STEP.
 =================================================
                                                  V
                                                  V
                                                  V
                                               VVVVVVV
                                                VVVVV
                                                 VVV
                                                  V

Error: You zoomed out too much from your ARM peak or don't have enough bins! Use a smaller window around the peak or more bins!
Error: You zoomed out too much from your ARM peak or don't have enough bins! Use a smaller window around the peak or more bins!
Error: You zoomed out too much from your ARM peak or don't have enough bins! Use a smaller window around the peak or more bins!
Error: You zoomed out too much from your ARM peak or don't have enough bins! Use a smaller window around the peak or more bins!


Statistics of ARM histogram and fit
***********************************

Analyzed Compton and pair events:        5134
Compton and pair events in histogram:    3884 (75.6525%)

RMS:                                     7.10838 deg

Total FWHM of fit (not of data!):        1.99801 deg
Maximum of fit (x position):             0.126094 deg (1-sigma uncertainty: 0.0886012 deg ... 0.164401 deg) with maximum 273.088 cts



 NEW MINIMUM FOUND.  GO BACK TO MINIMIZATION STEP.
 =================================================
                                                  V
                                                  V
                                                  V
                                               VVVVVVV
                                                VVVVV
                                                 VVV
                                                  V

 NEW MINIMUM FOUND.  GO BACK TO MINIMIZATION STEP.
 =================================================
                                                  V
                                                  V
                                                  V
                                               VVVVVVV
                                                VVVVV
                                                 VVV
                                                  V

Error: You zoomed out too much from your ARM peak or don't have enough bins! Use a smaller window around the peak or more bins!
Error: You zoomed out too much from your ARM peak or don't have enough bins! Use a smaller window around the peak or more bins!


Statistics of ARM histogram and fit
***********************************

Analyzed Compton and pair events:        5134
Compton and pair events in histogram:    1566 (30.5025%)

RMS:                                     0.931428 deg

Total FWHM of fit (not of data!):        1.94402 deg
Maximum of fit (x position):             0.114124 deg (1-sigma uncertainty: -0.257025 deg ... 0.172839 deg) with maximum 27.2727 cts

