
**************************************************************************
*                                                                        *
*            Mimrec - MEGAlib image reconstruction (and more)            *
*                                                                        *
*             This program is part of MEGAlib version 2.31.00            *
*                (C) by Andreas Zoglauer and contributors                *
*                                                                        *
*                      Master reference for MEGAlib:                     *
*            A. Zoglauer et al., NewAR 50 (7-8), 629-632, 2006           *
*                                                                        *
*            For more information about MEGAlib please visit:            *
*                        http://megalibtoolkit.com                       *
*                                                                        *
**************************************************************************

              You are using a development version of MEGAlib              

Command-line parser: Use file /Users/jracusin/proposals/ComPair/simulations/mysims/Sim_a_thon/FarFieldPointSource_316MeV_Cos0.7.inc1.id1.tra
   ***  Info  ***  for detector topACD
Ignoring noise threshold, because NoiseThresholdEqualsTriggerThreshold is set
   ***  Info  ***  for detector sideACD
Ignoring noise threshold, because NoiseThresholdEqualsTriggerThreshold is set
   ***  Warning  ***  
You have not defined any trigger criterion for detector: topACD
   ***  Warning  ***  
You have not defined any trigger criterion for detector: sideACD
Geometry MyComPair loaded!

Energy spectrum - some additional statistics:
Number of events:     7705 (inside=7705, outside=0)
Avg. measured energy: 126783 keV

 FCN=159.246 FROM MIGRAD    STATUS=CONVERGED      68 CALLS          69 TOTAL
                     EDM=3.61274e-07    STRATEGY= 1      ERROR MATRIX ACCURATE 
  EXT PARAMETER                                   STEP         FIRST   
  NO.   NAME      VALUE            ERROR          SIZE      DERIVATIVE 
   1  Constant     1.88511e+02   3.18340e+00   2.23700e-02  -1.58355e-04
   2  Mean         1.57345e+05   7.33229e+02   5.57667e+00   2.45449e-08
   3  Sigma        4.26191e+04   5.73773e+02   3.04441e-05   3.16741e-02
                               ERR DEF= 0.5
 FCN=137.817 FROM MIGRAD    STATUS=CONVERGED      59 CALLS          60 TOTAL
                     EDM=3.0293e-07    STRATEGY= 1      ERROR MATRIX ACCURATE 
  EXT PARAMETER                                   STEP         FIRST   
  NO.   NAME      VALUE            ERROR          SIZE      DERIVATIVE 
   1  Constant     1.85036e+02   3.21190e+00   2.04370e-02  -3.11880e-05
   2  Mean         1.57305e+05   7.69882e+02   5.48832e+00   6.55221e-07
   3  Sigma        4.38761e+04   6.69139e+02   3.20409e-05   8.02597e-02
                               ERR DEF= 0.5
 FCN=101.574 FROM MIGRAD    STATUS=CONVERGED      69 CALLS          70 TOTAL
                     EDM=3.13309e-07    STRATEGY= 1      ERROR MATRIX ACCURATE 
  EXT PARAMETER                                   STEP         FIRST   
  NO.   NAME      VALUE            ERROR          SIZE      DERIVATIVE 
   1  Constant     1.88662e+02   3.38117e+00   1.87776e-02  -1.32489e-04
   2  Mean         1.62337e+05   8.10319e+02   4.59572e+00  -7.65252e-09
   3  Sigma        4.00617e+04   6.72071e+02   2.73980e-05   2.79599e-02
                               ERR DEF= 0.5
 FCN=65.3678 FROM MIGRAD    STATUS=CONVERGED      69 CALLS          70 TOTAL
                     EDM=1.39555e-07    STRATEGY= 1      ERROR MATRIX ACCURATE 
  EXT PARAMETER                                   STEP         FIRST   
  NO.   NAME      VALUE            ERROR          SIZE      DERIVATIVE 
   1  Constant     1.89207e+02   3.57806e+00   1.64305e-02  -7.66788e-05
   2  Mean         1.69550e+05   9.01306e+02   3.60812e+00  -1.72904e-07
   3  Sigma        3.53877e+04   6.90614e+02   2.19578e-05   7.70289e-03
                               ERR DEF= 0.5

Some statistics: 

Analyzed pair events:        5170
Pair events in histogram:    3653 (70.6576%)

0.68% containment: 1.5

Some statistics: 

Analyzed pair events:        5170
Pair events in histogram:    3522 (68.1238%)

0.68% containment: 1.35

Some statistics: 

Analyzed pair events:        5170
Pair events in histogram:    2327 (45.0097%)

0.68% containment: 0.91125
