
**************************************************************************
*                                                                        *
*            Mimrec - MEGAlib image reconstruction (and more)            *
*                                                                        *
*             This program is part of MEGAlib version 2.31.00            *
*                (C) by Andreas Zoglauer and contributors                *
*                                                                        *
*                      Master reference for MEGAlib:                     *
*            A. Zoglauer et al., NewAR 50 (7-8), 629-632, 2006           *
*                                                                        *
*            For more information about MEGAlib please visit:            *
*                        http://megalibtoolkit.com                       *
*                                                                        *
**************************************************************************

              You are using a development version of MEGAlib              

Command-line parser: Use file /Users/reginamcaputo/Desktop/ComPair/Simulatons/PerformancePlotMimrecFiles/../PerformancePlotTraFiles/FarFieldPointSource_316MeV_Cos1.inc1.id1.tra
   ***  Info  ***  for detector topACD
Ignoring noise threshold, because NoiseThresholdEqualsTriggerThreshold is set
   ***  Info  ***  for detector sideACD
Ignoring noise threshold, because NoiseThresholdEqualsTriggerThreshold is set
   ***  Warning  ***  
You have not defined any trigger criterion for detector: topACD
   ***  Warning  ***  
You have not defined any trigger criterion for detector: sideACD
Geometry MyComPair loaded!

Energy spectrum - some additional statistics:
Number of events:     15112 (inside=15112, outside=0)
Avg. measured energy: 116566 keV

 FCN=28.3101 FROM MIGRAD    STATUS=CONVERGED      89 CALLS          90 TOTAL
                     EDM=4.37481e-08    STRATEGY= 1      ERROR MATRIX ACCURATE 
  EXT PARAMETER                                   STEP         FIRST   
  NO.   NAME      VALUE            ERROR          SIZE      DERIVATIVE 
   1  Constant     4.07214e+02   7.11001e+00   1.86202e-02   2.84613e-05
   2  Mean         1.40835e+05   1.49470e+03   1.77671e+00  -2.65998e-08
   3  Sigma        3.47049e+04   7.80086e+02   1.30084e-05  -5.73001e-03
                               ERR DEF= 0.5

Some statistics: 

Analyzed pair events:        9715
Pair events in histogram:    8107 (83.4483%)

0.68% containment: 1.9

Some statistics: 

Analyzed pair events:        9715
Pair events in histogram:    5819 (59.8971%)

0.68% containment: 1.07
