
**************************************************************************
*                                                                        *
*            Mimrec - MEGAlib image reconstruction (and more)            *
*                                                                        *
*             This program is part of MEGAlib version 2.31.00            *
*                (C) by Andreas Zoglauer and contributors                *
*                                                                        *
*                      Master reference for MEGAlib:                     *
*            A. Zoglauer et al., NewAR 50 (7-8), 629-632, 2006           *
*                                                                        *
*            For more information about MEGAlib please visit:            *
*                        http://megalibtoolkit.com                       *
*                                                                        *
**************************************************************************

              You are using a development version of MEGAlib              

Command-line parser: Use file /Users/busonnew/Compair/MegaLib/MEGAlib/sim_v1/cosTh90/FarFieldPointSource_1MeV_Cos0.6.inc1.id1.tra
   ***  Info  ***  for detector topACD
Ignoring noise threshold, because NoiseThresholdEqualsTriggerThreshold is set
   ***  Info  ***  for detector sideACD
Ignoring noise threshold, because NoiseThresholdEqualsTriggerThreshold is set
   ***  Warning  ***  
You have not defined any trigger criterion for detector: topACD
   ***  Warning  ***  
You have not defined any trigger criterion for detector: sideACD
Geometry MyComPair loaded!

Energy spectrum - some additional statistics:
Number of events:     9847 (inside=9847, outside=0)
Avg. measured energy: 931.942 keV

 FCN=82722.1 FROM MIGRAD    STATUS=CONVERGED      84 CALLS          85 TOTAL
                     EDM=3.23855e-07    STRATEGY= 1      ERROR MATRIX ACCURATE 
  EXT PARAMETER                                   STEP         FIRST   
  NO.   NAME      VALUE            ERROR          SIZE      DERIVATIVE 
   1  Constant     1.67251e+03   7.60761e-01   8.26359e-02   1.39788e-04
   2  Mean         9.95482e+02   1.01242e-02   1.40832e-03   5.21322e-02
   3  Sigma        1.98507e+01   1.11152e-02   1.86880e-05   4.31333e+00


 NEW MINIMUM FOUND.  GO BACK TO MINIMIZATION STEP.
 =================================================
                                                  V
                                                  V
                                                  V
                                               VVVVVVV
                                                VVVVV
                                                 VVV
                                                  V



Statistics of ARM histogram and fit
***********************************

Analyzed Compton and pair events:        6811
Compton and pair events in histogram:    5320 (78.1089%)

RMS:                                     4.77401 deg

Total FWHM of fit (not of data!):        5.256 deg (90% confidence interval: 5.05136 deg ... 5.51309 deg)
Maximum of fit (x position):             0.0741481 deg (1-sigma uncertainty: -0.177625 deg ... 0.257361 deg) with maximum 214.128 cts



 NEW MINIMUM FOUND.  GO BACK TO MINIMIZATION STEP.
 =================================================
                                                  V
                                                  V
                                                  V
                                               VVVVVVV
                                                VVVVV
                                                 VVV
                                                  V



Statistics of ARM histogram and fit
***********************************

Analyzed Compton and pair events:        6811
Compton and pair events in histogram:    4134 (60.6959%)

RMS:                                     2.29726 deg

Total FWHM of fit (not of data!):        4.878 deg (90% confidence interval: 4.64216 deg ... 5.15344 deg)
Maximum of fit (x position):             0.0477173 deg (1-sigma uncertainty: -0.0029274 deg ... 0.09847 deg) with maximum 75.4625 cts

