
**************************************************************************
*                                                                        *
*            Mimrec - MEGAlib image reconstruction (and more)            *
*                                                                        *
*             This program is part of MEGAlib version 2.31.00            *
*                (C) by Andreas Zoglauer and contributors                *
*                                                                        *
*                      Master reference for MEGAlib:                     *
*            A. Zoglauer et al., NewAR 50 (7-8), 629-632, 2006           *
*                                                                        *
*            For more information about MEGAlib please visit:            *
*                        http://megalibtoolkit.com                       *
*                                                                        *
**************************************************************************

              You are using a development version of MEGAlib              

Command-line parser: Use file /Users/jracusin/proposals/ComPair/simulations/mysims/Sim_a_thon/FarFieldPointSource_10MeV_Cos0.7.inc1.id1.tra
   ***  Info  ***  for detector topACD
Ignoring noise threshold, because NoiseThresholdEqualsTriggerThreshold is set
   ***  Info  ***  for detector sideACD
Ignoring noise threshold, because NoiseThresholdEqualsTriggerThreshold is set
   ***  Warning  ***  
You have not defined any trigger criterion for detector: topACD
   ***  Warning  ***  
You have not defined any trigger criterion for detector: sideACD
Geometry MyComPair loaded!

Energy spectrum - some additional statistics:
Number of events:     25449 (inside=25449, outside=0)
Avg. measured energy: 6863.22 keV


Energy spectrum - some additional statistics:
Number of events:     25449 (inside=25449, outside=0)
Avg. measured energy: 6863.22 keV

 FCN=1931.17 FROM MIGRAD    STATUS=CONVERGED     105 CALLS         106 TOTAL
                     EDM=2.15244e-08    STRATEGY= 1      ERROR MATRIX ACCURATE 
  EXT PARAMETER                                   STEP         FIRST   
  NO.   NAME      VALUE            ERROR          SIZE      DERIVATIVE 
   1  Constant     1.05352e+03   1.51240e+01   2.68619e-01   1.33272e-05
   2  Mean         9.31967e+03   7.53668e+00   8.87719e-02  -1.49551e-05
   3  Sigma        3.28503e+02   3.27213e+00   3.30007e-05   3.98667e-02
 FCN=852.55 FROM MIGRAD    STATUS=CONVERGED      91 CALLS          92 TOTAL
                     EDM=5.28505e-10    STRATEGY= 1      ERROR MATRIX ACCURATE 
  EXT PARAMETER                                   STEP         FIRST   
  NO.   NAME      VALUE            ERROR          SIZE      DERIVATIVE 
   1  Constant     1.17323e+03   1.69923e+01   2.20493e-01   1.69291e-06
   2  Mean         9.51290e+03   5.42194e+00   5.23271e-02   4.88500e-06
   3  Sigma        2.49070e+02   2.37442e+00   2.25761e-05   1.74111e-02
 FCN=852.55 FROM MIGRAD    STATUS=CONVERGED      44 CALLS          45 TOTAL
                     EDM=5.60619e-12    STRATEGY= 1  ERROR MATRIX UNCERTAINTY   1.0 per cent
  EXT PARAMETER                                   STEP         FIRST   
  NO.   NAME      VALUE            ERROR          SIZE      DERIVATIVE 
   1  Constant     1.17323e+03   1.71895e+01  -1.44581e-04   5.24877e-10
   2  Mean         9.51290e+03   5.40303e+00  -1.99785e-06   1.01705e-06
   3  Sigma        2.49070e+02   2.28960e+00  -1.57321e-08   4.74193e-04
 FCN=1043.12 FROM MIGRAD    STATUS=CONVERGED      72 CALLS          73 TOTAL
                     EDM=7.25166e-09    STRATEGY= 1      ERROR MATRIX ACCURATE 
  EXT PARAMETER                                   STEP         FIRST   
  NO.   NAME      VALUE            ERROR          SIZE      DERIVATIVE 
   1  Constant     1.15948e+03   1.65025e+01   2.32120e-01   4.24099e-06
   2  Mean         9.46769e+03   5.53212e+00   5.84683e-02   9.98411e-06
   3  Sigma        2.66961e+02   2.44253e+00   2.44333e-05  -1.05152e-02
 FCN=318.888 FROM MIGRAD    STATUS=CONVERGED      80 CALLS          81 TOTAL
                     EDM=8.56122e-07    STRATEGY= 1      ERROR MATRIX ACCURATE 
  EXT PARAMETER                                   STEP         FIRST   
  NO.   NAME      VALUE            ERROR          SIZE      DERIVATIVE 
   1  Constant     1.12541e+03   1.65172e+01   1.63063e-01  -2.87491e-05
   2  Mean         9.49585e+03   5.10814e+00   5.43421e-02  -1.08648e-04
   3  Sigma        3.30821e+02   4.04629e+00   3.26401e-05   4.82610e-02
                               ERR DEF= 0.5
 FCN=318.888 FROM MIGRAD    STATUS=CONVERGED      42 CALLS          43 TOTAL
                     EDM=3.9858e-07    STRATEGY= 1      ERROR MATRIX ACCURATE 
  EXT PARAMETER                                   STEP         FIRST   
  NO.   NAME      VALUE            ERROR          SIZE      DERIVATIVE 
   1  Constant     1.12542e+03   1.65173e+01   1.63055e-01   5.33270e-06
   2  Mean         9.49586e+03   5.10809e+00   5.43357e-02   1.87212e-05
   3  Sigma        3.30821e+02   4.04627e+00   3.26354e-05   1.93489e-01
                               ERR DEF= 0.5


Error: You zoomed in too much into your ARM peak! Use a larger window around the peak!
Error: You zoomed out too much from your ARM peak or don't have enough bins! Use a smaller window around the peak or more bins!
Error: You zoomed out too much from your ARM peak or don't have enough bins! Use a smaller window around the peak or more bins!


Statistics of ARM histogram and fit
***********************************

Analyzed Compton and pair events:        8125
Compton and pair events in histogram:    713 (8.77538%)

RMS:                                     9.61228 deg

Total FWHM of fit (not of data!):        2.10545 deg
Maximum of fit (x position):             13.2433 deg (1-sigma uncertainty: 13.112 deg ... 13.4924 deg) with maximum 24.1859 cts



 NEW MINIMUM FOUND.  GO BACK TO MINIMIZATION STEP.
 =================================================
                                                  V
                                                  V
                                                  V
                                               VVVVVVV
                                                VVVVV
                                                 VVV
                                                  V

Error: You zoomed in too much into your ARM peak! Use a larger window around the peak!
Error: You zoomed in too much into your ARM peak! Use a larger window around the peak!


Statistics of ARM histogram and fit
***********************************

Analyzed Compton and pair events:        8125
Compton and pair events in histogram:    2531 (31.1508%)

RMS:                                     20.4209 deg

Total FWHM of fit (not of data!):        -15.5693 deg
Maximum of fit (x position):             42.5036 deg (1-sigma uncertainty: 39.1426 deg ... 45.5482 deg) with maximum 62.8341 cts





Statistics of ARM histogram and fit
***********************************

Analyzed Compton and pair events:        8125
Compton and pair events in histogram:    8125 (100%)

RMS:                                     45.3538 deg

Total FWHM of fit (not of data!):        120.789 deg (90% confidence interval: 111.989 deg ... 128.844 deg)
Maximum of fit (x position):             77.222 deg (1-sigma uncertainty: 76.6954 deg ... 77.7493 deg) with maximum 211.104 cts



 NEW MINIMUM FOUND.  GO BACK TO MINIMIZATION STEP.
 =================================================
                                                  V
                                                  V
                                                  V
                                               VVVVVVV
                                                VVVVV
                                                 VVV
                                                  V

Error: You zoomed in too much into your ARM peak! Use a larger window around the peak!
Error: You zoomed in too much into your ARM peak! Use a larger window around the peak!


Statistics of ARM histogram and fit
***********************************

Analyzed Compton and pair events:        8125
Compton and pair events in histogram:    6482 (79.7785%)

RMS:                                     36.8126 deg

Total FWHM of fit (not of data!):        132.033 deg
Maximum of fit (x position):             66.8352 deg (1-sigma uncertainty: 65.564 deg ... 68.7561 deg) with maximum 147.829 cts

