
**************************************************************************
*                                                                        *
*            Mimrec - MEGAlib image reconstruction (and more)            *
*                                                                        *
*             This program is part of MEGAlib version 2.31.00            *
*                (C) by Andreas Zoglauer and contributors                *
*                                                                        *
*                      Master reference for MEGAlib:                     *
*            A. Zoglauer et al., NewAR 50 (7-8), 629-632, 2006           *
*                                                                        *
*            For more information about MEGAlib please visit:            *
*                        http://megalibtoolkit.com                       *
*                                                                        *
**************************************************************************

              You are using a development version of MEGAlib              

Command-line parser: Use file /Users/busonnew/Compair/MegaLib/MEGAlib/sim_v1/cosTh90/FarFieldPointSource_3.16MeV_Cos0.6.inc1.id1.tra
   ***  Info  ***  for detector topACD
Ignoring noise threshold, because NoiseThresholdEqualsTriggerThreshold is set
   ***  Info  ***  for detector sideACD
Ignoring noise threshold, because NoiseThresholdEqualsTriggerThreshold is set
   ***  Warning  ***  
You have not defined any trigger criterion for detector: topACD
   ***  Warning  ***  
You have not defined any trigger criterion for detector: sideACD
Geometry MyComPair loaded!

Energy spectrum - some additional statistics:
Number of events:     18426 (inside=18426, outside=0)
Avg. measured energy: 2457.77 keV

 FCN=147853 FROM MIGRAD    STATUS=CONVERGED      96 CALLS          97 TOTAL
                     EDM=1.12862e-11    STRATEGY= 1      ERROR MATRIX ACCURATE 
  EXT PARAMETER                                   STEP         FIRST   
  NO.   NAME      VALUE            ERROR          SIZE      DERIVATIVE 
   1  Constant     1.74820e+03   1.03760e+00   1.41597e-01   1.28719e-06
   2  Mean         3.14918e+03   2.67050e-02   4.90795e-03   1.74192e-04
   3  Sigma        4.12222e+01   3.12805e-02   3.00631e-05   1.26336e-02


 NEW MINIMUM FOUND.  GO BACK TO MINIMIZATION STEP.
 =================================================
                                                  V
                                                  V
                                                  V
                                               VVVVVVV
                                                VVVVV
                                                 VVV
                                                  V

Error: You zoomed out too much from your ARM peak or don't have enough bins! Use a smaller window around the peak or more bins!
Error: You zoomed out too much from your ARM peak or don't have enough bins! Use a smaller window around the peak or more bins!
Error: You zoomed out too much from your ARM peak or don't have enough bins! Use a smaller window around the peak or more bins!
Error: You zoomed out too much from your ARM peak or don't have enough bins! Use a smaller window around the peak or more bins!


Statistics of ARM histogram and fit
***********************************

Analyzed Compton and pair events:        4122
Compton and pair events in histogram:    2879 (69.8447%)

RMS:                                     6.94832 deg

Total FWHM of fit (not of data!):        1.96199 deg
Maximum of fit (x position):             0.149404 deg (1-sigma uncertainty: -0.14228 deg ... 0.188308 deg) with maximum 220.982 cts



 NEW MINIMUM FOUND.  GO BACK TO MINIMIZATION STEP.
 =================================================
                                                  V
                                                  V
                                                  V
                                               VVVVVVV
                                                VVVVV
                                                 VVV
                                                  V



Statistics of ARM histogram and fit
***********************************

Analyzed Compton and pair events:        4122
Compton and pair events in histogram:    1227 (29.7671%)

RMS:                                     0.919567 deg

Total FWHM of fit (not of data!):        1.71005 deg (90% confidence interval: 1.1958 deg ... 2.21692 deg)
Maximum of fit (x position):             0.120343 deg (1-sigma uncertainty: 0.0014246 deg ... 0.228306 deg) with maximum 21.5267 cts

