
**************************************************************************
*                                                                        *
*            Mimrec - MEGAlib image reconstruction (and more)            *
*                                                                        *
*             This program is part of MEGAlib version 2.31.00            *
*                (C) by Andreas Zoglauer and contributors                *
*                                                                        *
*                      Master reference for MEGAlib:                     *
*            A. Zoglauer et al., NewAR 50 (7-8), 629-632, 2006           *
*                                                                        *
*            For more information about MEGAlib please visit:            *
*                        http://megalibtoolkit.com                       *
*                                                                        *
**************************************************************************

              You are using a development version of MEGAlib              

Command-line parser: Use file /Users/reginamcaputo/Desktop/ComPair/Simulatons/PerformancePlotMimrecFiles/../PerformancePlotTraFiles/FarFieldPointSource_3.16MeV_Cos0.5.inc1.id1.tra
   ***  Info  ***  for detector topACD
Ignoring noise threshold, because NoiseThresholdEqualsTriggerThreshold is set
   ***  Info  ***  for detector sideACD
Ignoring noise threshold, because NoiseThresholdEqualsTriggerThreshold is set
   ***  Warning  ***  
You have not defined any trigger criterion for detector: topACD
   ***  Warning  ***  
You have not defined any trigger criterion for detector: sideACD
Geometry MyComPair loaded!

Energy spectrum - some additional statistics:
Number of events:     4835 (inside=4835, outside=0)
Avg. measured energy: 2679.76 keV

 FCN=7.52177 FROM MIGRAD    STATUS=CONVERGED      77 CALLS          78 TOTAL
                     EDM=5.85501e-09    STRATEGY= 1      ERROR MATRIX ACCURATE 
  EXT PARAMETER                                   STEP         FIRST   
  NO.   NAME      VALUE            ERROR          SIZE      DERIVATIVE 
   1  Constant     3.97515e+02   1.50863e+01   2.19986e-02  -3.18078e-06
   2  Mean         3.14016e+03   1.57213e+00   3.01632e-03  -1.10540e-05
   3  Sigma        4.65547e+01   1.62895e+00   1.83342e-05   2.84441e-03
                               ERR DEF= 0.5

Some statistics: 

Analyzed pair events:        1729
Pair events in histogram:    396 (22.9034%)

0.68% containment: 15.3

Some statistics: 

Analyzed pair events:        1729
Pair events in histogram:    896 (51.8219%)

0.68% containment: 31.25

Some statistics: 

Analyzed pair events:        1729
Pair events in histogram:    609 (35.2227%)

0.68% containment: 20.925
