
**************************************************************************
*                                                                        *
*            Mimrec - MEGAlib image reconstruction (and more)            *
*                                                                        *
*             This program is part of MEGAlib version 2.31.00            *
*                (C) by Andreas Zoglauer and contributors                *
*                                                                        *
*                      Master reference for MEGAlib:                     *
*            A. Zoglauer et al., NewAR 50 (7-8), 629-632, 2006           *
*                                                                        *
*            For more information about MEGAlib please visit:            *
*                        http://megalibtoolkit.com                       *
*                                                                        *
**************************************************************************

              You are using a development version of MEGAlib              

Command-line parser: Use file /Users/jracusin/proposals/ComPair/simulations/mysims/Sim_a_thon/FarFieldPointSource_0.3MeV_Cos0.8.inc1.id1.tra
   ***  Info  ***  for detector topACD
Ignoring noise threshold, because NoiseThresholdEqualsTriggerThreshold is set
   ***  Info  ***  for detector sideACD
Ignoring noise threshold, because NoiseThresholdEqualsTriggerThreshold is set
   ***  Warning  ***  
You have not defined any trigger criterion for detector: topACD
   ***  Warning  ***  
You have not defined any trigger criterion for detector: sideACD
Geometry MyComPair loaded!

Energy spectrum - some additional statistics:
Number of events:     34166 (inside=34166, outside=0)
Avg. measured energy: 296.63 keV

 FCN=178.402 FROM MIGRAD    STATUS=CONVERGED      71 CALLS          72 TOTAL
                     EDM=1.89716e-08    STRATEGY= 1      ERROR MATRIX ACCURATE 
  EXT PARAMETER                                   STEP         FIRST   
  NO.   NAME      VALUE            ERROR          SIZE      DERIVATIVE 
   1  Constant     4.16773e+03   3.26080e+01   2.38251e-01  -3.66280e-06
   2  Mean         3.13846e+02   8.28041e-02   7.56693e-04   1.18728e-03
   3  Sigma        1.26431e+01   6.57098e-02   1.27905e-05  -3.65574e-02
                               ERR DEF= 0.5


 NEW MINIMUM FOUND.  GO BACK TO MINIMIZATION STEP.
 =================================================
                                                  V
                                                  V
                                                  V
                                               VVVVVVV
                                                VVVVV
                                                 VVV
                                                  V



Statistics of ARM histogram and fit
***********************************

Analyzed Compton and pair events:        26010
Compton and pair events in histogram:    20321 (78.1276%)

RMS:                                     6.89766 deg

Total FWHM of fit (not of data!):        8.62256 deg (90% confidence interval: 8.09999 deg ... 9.19681 deg)
Maximum of fit (x position):             0.177873 deg (1-sigma uncertainty: -0.16871 deg ... 0.292198 deg) with maximum 695.881 cts





Statistics of ARM histogram and fit
***********************************

Analyzed Compton and pair events:        26010
Compton and pair events in histogram:    16458 (63.2757%)

RMS:                                     3.73793 deg

Total FWHM of fit (not of data!):        7.82999 deg (90% confidence interval: 7.6445 deg ... 8.06668 deg)
Maximum of fit (x position):             -0.116453 deg (1-sigma uncertainty: -0.156789 deg ... -0.0761244 deg) with maximum 313.031 cts

