
**************************************************************************
*                                                                        *
*            Mimrec - MEGAlib image reconstruction (and more)            *
*                                                                        *
*             This program is part of MEGAlib version 2.31.00            *
*                (C) by Andreas Zoglauer and contributors                *
*                                                                        *
*                      Master reference for MEGAlib:                     *
*            A. Zoglauer et al., NewAR 50 (7-8), 629-632, 2006           *
*                                                                        *
*            For more information about MEGAlib please visit:            *
*                        http://megalibtoolkit.com                       *
*                                                                        *
**************************************************************************

              You are using a development version of MEGAlib              

Command-line parser: Use file /Users/busonnew/Compair/MegaLib/MEGAlib/sim_v1/cosTh90/FarFieldPointSource_10MeV_Cos0.9.inc1.id1.tra
   ***  Info  ***  for detector topACD
Ignoring noise threshold, because NoiseThresholdEqualsTriggerThreshold is set
   ***  Info  ***  for detector sideACD
Ignoring noise threshold, because NoiseThresholdEqualsTriggerThreshold is set
   ***  Warning  ***  
You have not defined any trigger criterion for detector: topACD
   ***  Warning  ***  
You have not defined any trigger criterion for detector: sideACD
Geometry MyComPair loaded!

Energy spectrum - some additional statistics:
Number of events:     13270 (inside=13270, outside=0)
Avg. measured energy: 7102.04 keV

 FCN=106486 FROM MIGRAD    STATUS=CONVERGED      93 CALLS          94 TOTAL
                     EDM=1.99919e-09    STRATEGY= 1      ERROR MATRIX ACCURATE 
  EXT PARAMETER                                   STEP         FIRST   
  NO.   NAME      VALUE            ERROR          SIZE      DERIVATIVE 
   1  Constant     4.03639e+02   2.71528e-01   3.37954e-02  -1.84087e-05
   2  Mean         7.71609e+03   1.33384e+00   2.12073e-01   6.64989e-06
   3  Sigma        1.66744e+03   1.61076e+00   4.60406e-05   1.61949e-01

Some statistics: 

Analyzed pair events:        8560
Pair events in histogram:    3502 (40.9112%)

0.68% containment: 6.85

Some statistics: 

Analyzed pair events:        8560
Pair events in histogram:    8039 (93.9136%)

0.68% containment: 22.8

Some statistics: 

Analyzed pair events:        8560
Pair events in histogram:    5211 (60.8762%)

0.68% containment: 10.1

Some statistics: 

Analyzed pair events:        8560
Pair events in histogram:    3502 (40.9112%)

0.68% containment: 6.85
