
**************************************************************************
*                                                                        *
*            Mimrec - MEGAlib image reconstruction (and more)            *
*                                                                        *
*             This program is part of MEGAlib version 2.31.00            *
*                (C) by Andreas Zoglauer and contributors                *
*                                                                        *
*                      Master reference for MEGAlib:                     *
*            A. Zoglauer et al., NewAR 50 (7-8), 629-632, 2006           *
*                                                                        *
*            For more information about MEGAlib please visit:            *
*                        http://megalibtoolkit.com                       *
*                                                                        *
**************************************************************************

              You are using a development version of MEGAlib              

Command-line parser: Use file /Users/reginamcaputo/Desktop/ComPair/Simulatons/PerformancePlotMimrecFiles/../PerformancePlotTraFiles/FarFieldPointSource_1MeV_Cos1.inc1.id1.tra
   ***  Info  ***  for detector topACD
Ignoring noise threshold, because NoiseThresholdEqualsTriggerThreshold is set
   ***  Info  ***  for detector sideACD
Ignoring noise threshold, because NoiseThresholdEqualsTriggerThreshold is set
   ***  Warning  ***  
You have not defined any trigger criterion for detector: topACD
   ***  Warning  ***  
You have not defined any trigger criterion for detector: sideACD
Geometry MyComPair loaded!

Energy spectrum - some additional statistics:
Number of events:     59724 (inside=59724, outside=0)
Avg. measured energy: 856.295 keV

 FCN=94.0027 FROM MIGRAD    STATUS=CONVERGED      64 CALLS          65 TOTAL
                     EDM=5.19101e-08    STRATEGY= 1      ERROR MATRIX ACCURATE 
  EXT PARAMETER                                   STEP         FIRST   
  NO.   NAME      VALUE            ERROR          SIZE      DERIVATIVE 
   1  Constant     6.72017e+03   5.13537e+01   1.86116e-01   8.53401e-07
   2  Mean         9.95354e+02   1.37359e-01   6.47008e-04   2.85190e-04
   3  Sigma        2.15571e+01   1.25519e-01   7.29909e-06  -1.40202e-01


Error: You zoomed out too much from your ARM peak or don't have enough bins! Use a smaller window around the peak or more bins!
Error: You zoomed out too much from your ARM peak or don't have enough bins! Use a smaller window around the peak or more bins!
Error: You zoomed out too much from your ARM peak or don't have enough bins! Use a smaller window around the peak or more bins!
Error: You zoomed out too much from your ARM peak or don't have enough bins! Use a smaller window around the peak or more bins!


Statistics of ARM histogram and fit
***********************************

Analyzed Compton and pair events:        29612
Compton and pair events in histogram:    9759 (32.9562%)

RMS:                                     7.05115 deg

Total FWHM of fit (not of data!):        1.8 deg
Maximum of fit (x position):             0.0124583 deg (1-sigma uncertainty: -0.00633034 deg ... 0.0311912 deg) with maximum 964.378 cts





Statistics of ARM histogram and fit
***********************************

Analyzed Compton and pair events:        29612
Compton and pair events in histogram:    5268 (17.7901%)

RMS:                                     0.916704 deg

Total FWHM of fit (not of data!):        1.98011 deg (90% confidence interval: 1.69344 deg ... 1.92119 deg)
Maximum of fit (x position):             0.0926714 deg (1-sigma uncertainty: 0.0809184 deg ... 0.104074 deg) with maximum 108.385 cts

