
**************************************************************************
*                                                                        *
*            Mimrec - MEGAlib image reconstruction (and more)            *
*                                                                        *
*             This program is part of MEGAlib version 2.31.00            *
*                (C) by Andreas Zoglauer and contributors                *
*                                                                        *
*                      Master reference for MEGAlib:                     *
*            A. Zoglauer et al., NewAR 50 (7-8), 629-632, 2006           *
*                                                                        *
*            For more information about MEGAlib please visit:            *
*                        http://megalibtoolkit.com                       *
*                                                                        *
**************************************************************************

              You are using a development version of MEGAlib              

Command-line parser: Use file /Users/reginamcaputo/Desktop/ComPair/Simulatons/PerformancePlotMimrecFiles/../PerformancePlotTraFiles/FarFieldPointSource_100MeV_Cos1.inc1.id1.tra
   ***  Info  ***  for detector topACD
Ignoring noise threshold, because NoiseThresholdEqualsTriggerThreshold is set
   ***  Info  ***  for detector sideACD
Ignoring noise threshold, because NoiseThresholdEqualsTriggerThreshold is set
   ***  Warning  ***  
You have not defined any trigger criterion for detector: topACD
   ***  Warning  ***  
You have not defined any trigger criterion for detector: sideACD
Geometry MyComPair loaded!

Energy spectrum - some additional statistics:
Number of events:     22433 (inside=22433, outside=0)
Avg. measured energy: 56573.3 keV

 FCN=15.3868 FROM MIGRAD    STATUS=CONVERGED      98 CALLS          99 TOTAL
                     EDM=2.04932e-07    STRATEGY= 1      ERROR MATRIX ACCURATE 
  EXT PARAMETER                                   STEP         FIRST   
  NO.   NAME      VALUE            ERROR          SIZE      DERIVATIVE 
   1  Constant     6.09593e+02   1.01979e+01   2.02723e-02   5.95151e-05
   2  Mean         7.14064e+04   4.25200e+02   3.58562e-01   2.72100e-06
   3  Sigma        8.68838e+03   2.73450e+02   1.31726e-05   7.07954e-02
                               ERR DEF= 0.5

Some statistics: 

Analyzed pair events:        3676
Pair events in histogram:    3291 (89.5267%)

0.68% containment: 2.1

Some statistics: 

Analyzed pair events:        3676
Pair events in histogram:    2242 (60.9902%)

0.68% containment: 1.3125
