
**************************************************************************
*                                                                        *
*            Mimrec - MEGAlib image reconstruction (and more)            *
*                                                                        *
*             This program is part of MEGAlib version 2.31.00            *
*                (C) by Andreas Zoglauer and contributors                *
*                                                                        *
*                      Master reference for MEGAlib:                     *
*            A. Zoglauer et al., NewAR 50 (7-8), 629-632, 2006           *
*                                                                        *
*            For more information about MEGAlib please visit:            *
*                        http://megalibtoolkit.com                       *
*                                                                        *
**************************************************************************

              You are using a development version of MEGAlib              

Command-line parser: Use file /Users/jracusin/proposals/ComPair/simulations/mysims/Sim_a_thon/FarFieldPointSource_316MeV_Cos0.5.inc1.id1.tra
   ***  Info  ***  for detector topACD
Ignoring noise threshold, because NoiseThresholdEqualsTriggerThreshold is set
   ***  Info  ***  for detector sideACD
Ignoring noise threshold, because NoiseThresholdEqualsTriggerThreshold is set
   ***  Warning  ***  
You have not defined any trigger criterion for detector: topACD
   ***  Warning  ***  
You have not defined any trigger criterion for detector: sideACD
Geometry MyComPair loaded!

Energy spectrum - some additional statistics:
Number of events:     5984 (inside=5984, outside=0)
Avg. measured energy: 135305 keV

 FCN=35.9638 FROM MIGRAD    STATUS=CONVERGED      81 CALLS          82 TOTAL
                     EDM=1.10988e-06    STRATEGY= 1      ERROR MATRIX ACCURATE 
  EXT PARAMETER                                   STEP         FIRST   
  NO.   NAME      VALUE            ERROR          SIZE      DERIVATIVE 
   1  Constant     1.37872e+02   3.15307e+00   1.08667e-02  -2.09981e-04
   2  Mean         1.87545e+05   1.08574e+03   2.92332e+00  -1.00392e-07
   3  Sigma        3.09949e+04   8.19298e+02   2.46640e-05   4.89404e-02
                               ERR DEF= 0.5
 FCN=34.88 FROM MIGRAD    STATUS=CONVERGED      63 CALLS          64 TOTAL
                     EDM=1.94535e-07    STRATEGY= 1      ERROR MATRIX ACCURATE 
  EXT PARAMETER                                   STEP         FIRST   
  NO.   NAME      VALUE            ERROR          SIZE      DERIVATIVE 
   1  Constant     1.37543e+02   3.17532e+00   1.08784e-02  -6.76298e-05
   2  Mean         1.88340e+05   1.15324e+03   2.89537e+00   3.56103e-07
   3  Sigma        3.05264e+04   8.46119e+02   2.43363e-05   3.97296e-04
                               ERR DEF= 0.5
 FCN=28.3453 FROM MIGRAD    STATUS=CONVERGED      70 CALLS          71 TOTAL
                     EDM=8.32657e-10    STRATEGY= 1      ERROR MATRIX ACCURATE 
  EXT PARAMETER                                   STEP         FIRST   
  NO.   NAME      VALUE            ERROR          SIZE      DERIVATIVE 
   1  Constant     1.34826e+02   3.28292e+00   1.03105e-02  -9.51724e-06
   2  Mean         1.92298e+05   1.29134e+03   2.59524e+00  -2.70880e-09
   3  Sigma        2.83332e+04   8.85527e+02   2.19380e-05  -7.90399e-04
                               ERR DEF= 0.5
 FCN=36.7479 FROM MIGRAD    STATUS=CONVERGED      83 CALLS          84 TOTAL
                     EDM=7.78664e-12    STRATEGY= 1      ERROR MATRIX ACCURATE 
  EXT PARAMETER                                   STEP         FIRST   
  NO.   NAME      VALUE            ERROR          SIZE      DERIVATIVE 
   1  Constant     1.38034e+02   3.13675e+00   1.08174e-02   2.45613e-07
   2  Mean         1.86934e+05   1.01710e+03   2.92850e+00  -1.63424e-09
   3  Sigma        3.13677e+04   7.89508e+02   2.48157e-05   1.61557e-04
                               ERR DEF= 0.5

Some statistics: 

Analyzed pair events:        3646
Pair events in histogram:    1740 (47.7235%)

0.68% containment: 0.95

Some statistics: 

Analyzed pair events:        3646
Pair events in histogram:    1680 (46.0779%)

0.68% containment: 0.875

Some statistics: 

Analyzed pair events:        3646
Pair events in histogram:    1139 (31.2397%)

0.68% containment: 0.538125
