 # final1D_0_1p38_0p6_1p25_base/final1D_0_1p38_0p6_1p25_base_30_100/quickspec.dat                      
 #    1.0000000000000000      =Mpc
  DP  3.000000E+00  0.000000E+00
  DP  3.043260E+00  0.000000E+00
  DP  3.087140E+00  0.000000E+00
  DP  3.131660E+00  0.000000E+00
  DP  3.176820E+00  0.000000E+00
  DP  3.222630E+00  0.000000E+00
  DP  3.269100E+00  0.000000E+00
  DP  3.316240E+00  0.000000E+00
  DP  3.364060E+00  0.000000E+00
  DP  3.412570E+00  0.000000E+00
  DP  3.461780E+00  0.000000E+00
  DP  3.511690E+00  0.000000E+00
  DP  3.562330E+00  0.000000E+00
  DP  3.613700E+00  0.000000E+00
  DP  3.665810E+00  0.000000E+00
  DP  3.718670E+00  0.000000E+00
  DP  3.772290E+00  0.000000E+00
  DP  3.826690E+00  0.000000E+00
  DP  3.881870E+00  0.000000E+00
  DP  3.937850E+00  0.000000E+00
  DP  3.994630E+00  0.000000E+00
  DP  4.052230E+00  0.000000E+00
  DP  4.110660E+00  0.000000E+00
  DP  4.169940E+00  0.000000E+00
  DP  4.230070E+00  0.000000E+00
  DP  4.291070E+00  0.000000E+00
  DP  4.352940E+00  0.000000E+00
  DP  4.415710E+00  0.000000E+00
  DP  4.479390E+00  0.000000E+00
  DP  4.543980E+00  0.000000E+00
  DP  4.609500E+00  0.000000E+00
  DP  4.675970E+00  0.000000E+00
  DP  4.743400E+00  0.000000E+00
  DP  4.811800E+00  0.000000E+00
  DP  4.881180E+00  0.000000E+00
  DP  4.951570E+00  0.000000E+00
  DP  5.022970E+00  0.000000E+00
  DP  5.095400E+00  0.000000E+00
  DP  5.168880E+00  0.000000E+00
  DP  5.243410E+00  0.000000E+00
  DP  5.319020E+00  0.000000E+00
  DP  5.395720E+00  0.000000E+00
  DP  5.473530E+00  0.000000E+00
  DP  5.552450E+00  0.000000E+00
  DP  5.632520E+00  0.000000E+00
  DP  5.713740E+00  0.000000E+00
  DP  5.796130E+00  0.000000E+00
  DP  5.879710E+00  0.000000E+00
  DP  5.964500E+00  0.000000E+00
  DP  6.050500E+00  0.000000E+00
  DP  6.137750E+00  0.000000E+00
  DP  6.226260E+00  0.000000E+00
  DP  6.316040E+00  6.181333E-11
  DP  6.407120E+00  1.980330E-10
  DP  6.499510E+00  5.036703E-10
  DP  6.593230E+00  1.127450E-09
  DP  6.688300E+00  1.593355E-09
  DP  6.784750E+00  1.695424E-09
  DP  6.882580E+00  9.927176E-11
  DP  6.981830E+00  5.387772E-10
  DP  7.082500E+00  9.944389E-10
  DP  7.184630E+00  1.796540E-09
  DP  7.288240E+00  1.822176E-09
  DP  7.393330E+00  6.824661E-10
  DP  7.499940E+00  2.332769E-10
  DP  7.608090E+00  1.026309E-10
  DP  7.717800E+00  1.342399E-10
  DP  7.829090E+00  1.313989E-10
  DP  7.941980E+00  2.647130E-10
  DP  8.056510E+00  3.650242E-10
  DP  8.172680E+00  8.359841E-11
  DP  8.290530E+00  0.000000E+00
  DP  8.410080E+00  0.000000E+00
  DP  8.531350E+00  0.000000E+00
  DP  8.654370E+00  0.000000E+00
  DP  8.779170E+00  0.000000E+00
  DP  8.905760E+00  0.000000E+00
  DP  9.034180E+00  0.000000E+00
  DP  9.164450E+00  0.000000E+00
  DP  9.296600E+00  0.000000E+00
  DP  9.430660E+00  0.000000E+00
  DP  9.566650E+00  0.000000E+00
  DP  9.704600E+00  0.000000E+00
  DP  9.844540E+00  0.000000E+00
  DP  9.986500E+00  0.000000E+00
  DP  1.013050E+01  0.000000E+00
  DP  1.027660E+01  0.000000E+00
  DP  1.042480E+01  0.000000E+00
  DP  1.057510E+01  0.000000E+00
  DP  1.072760E+01  0.000000E+00
  DP  1.088230E+01  0.000000E+00
  DP  1.103920E+01  0.000000E+00
  DP  1.119840E+01  0.000000E+00
  DP  1.135990E+01  0.000000E+00
  DP  1.152370E+01  0.000000E+00
  DP  1.168980E+01  0.000000E+00
  DP  1.185840E+01  0.000000E+00
  DP  1.202940E+01  0.000000E+00
  DP  1.220290E+01  0.000000E+00
  DP  1.237880E+01  0.000000E+00
  DP  1.255730E+01  0.000000E+00
  DP  1.273840E+01  0.000000E+00
  DP  1.292210E+01  0.000000E+00
  DP  1.310840E+01  0.000000E+00
  DP  1.329740E+01  0.000000E+00
  DP  1.348920E+01  0.000000E+00
  DP  1.368370E+01  0.000000E+00
  DP  1.388100E+01  1.406306E-11
  DP  1.408120E+01  4.744561E-11
  DP  1.428420E+01  1.028690E-10
  DP  1.449020E+01  5.920667E-10
  DP  1.469920E+01  6.707552E-10
  DP  1.491110E+01  4.780032E-10
  DP  1.512610E+01  2.206418E-10
  DP  1.534430E+01  1.272151E-11
  DP  1.556550E+01  0.000000E+00
  DP  1.579000E+01  0.000000E+00
  DP  1.601770E+01  0.000000E+00
  DP  1.624860E+01  0.000000E+00
  DP  1.648290E+01  0.000000E+00
  DP  1.672060E+01  0.000000E+00
  DP  1.696170E+01  0.000000E+00
  DP  1.720630E+01  0.000000E+00
  DP  1.745440E+01  0.000000E+00
  DP  1.770610E+01  0.000000E+00
  DP  1.796140E+01  0.000000E+00
  DP  1.822040E+01  0.000000E+00
  DP  1.848320E+01  0.000000E+00
  DP  1.874970E+01  0.000000E+00
  DP  1.902010E+01  0.000000E+00
  DP  1.929430E+01  0.000000E+00
  DP  1.957260E+01  0.000000E+00
  DP  1.985480E+01  0.000000E+00
  DP  2.014110E+01  0.000000E+00
  DP  2.043150E+01  0.000000E+00
  DP  2.072620E+01  0.000000E+00
  DP  2.102500E+01  0.000000E+00
  DP  2.132820E+01  0.000000E+00
  DP  2.163580E+01  0.000000E+00
  DP  2.194770E+01  0.000000E+00
  DP  2.226420E+01  0.000000E+00
  DP  2.258530E+01  0.000000E+00
  DP  2.291100E+01  0.000000E+00
  DP  2.324130E+01  0.000000E+00
  DP  2.357650E+01  0.000000E+00
  DP  2.391640E+01  0.000000E+00
  DP  2.426130E+01  0.000000E+00
  DP  2.461120E+01  0.000000E+00
  DP  2.496600E+01  0.000000E+00
  DP  2.532610E+01  0.000000E+00
  DP  2.569130E+01  0.000000E+00
  DP  2.606170E+01  0.000000E+00
  DP  2.643750E+01  0.000000E+00
  DP  2.681880E+01  0.000000E+00
  DP  2.720550E+01  0.000000E+00
  DP  2.759780E+01  0.000000E+00
  DP  2.799570E+01  0.000000E+00
  DP  2.839940E+01  8.235772E-09
  DP  2.880890E+01  0.000000E+00
  DP  2.922440E+01  4.001646E-09
  DP  2.964580E+01  1.183427E-08
  DP  3.007330E+01  7.777378E-09
  DP  3.050690E+01  3.833414E-09
  DP  3.094680E+01  7.563423E-09
  DP  3.139310E+01  7.450408E-09
  DP  3.184580E+01  0.000000E+00
  DP  3.230500E+01  2.896038E-08
  DP  3.277080E+01  3.568588E-08
  DP  3.324340E+01  2.814292E-08
  DP  3.372270E+01  1.040355E-08
  DP  3.420900E+01  6.153415E-08
  DP  3.470230E+01  5.728947E-08
  DP  3.520270E+01  5.315300E-08
  DP  3.571030E+01  7.204650E-08
  DP  3.622530E+01  8.070724E-08
  DP  3.674760E+01  1.050190E-07
  DP  3.727750E+01  1.411721E-07
  DP  3.781510E+01  1.453551E-07
  DP  3.836040E+01  1.798679E-07
  DP  3.891350E+01  1.923375E-07
  DP  3.947460E+01  2.702413E-07
  DP  4.004390E+01  2.248741E-07
  DP  4.062130E+01  2.907712E-07
  DP  4.120700E+01  3.632645E-07
  DP  4.180120E+01  4.651951E-07
  DP  4.240400E+01  4.138525E-07
  DP  4.301550E+01  5.357908E-07
  DP  4.363570E+01  6.172283E-07
  DP  4.426500E+01  7.582383E-07
  DP  4.490330E+01  8.056861E-07
  DP  4.555080E+01  8.476073E-07
  DP  4.620760E+01  9.696049E-07
  DP  4.687390E+01  1.090642E-06
  DP  4.754980E+01  1.174628E-06
  DP  4.823550E+01  1.418322E-06
  DP  4.893100E+01  1.461088E-06
  DP  4.963660E+01  1.737229E-06
  DP  5.035240E+01  1.775290E-06
  DP  5.107850E+01  1.877141E-06
  DP  5.181500E+01  2.199307E-06
  DP  5.256220E+01  2.389916E-06
  DP  5.332010E+01  2.570213E-06
  DP  5.408900E+01  2.667101E-06
  DP  5.486890E+01  2.951221E-06
  DP  5.566010E+01  3.177243E-06
  DP  5.646280E+01  3.213291E-06
  DP  5.727690E+01  3.614287E-06
  DP  5.810290E+01  3.873690E-06
  DP  5.894070E+01  4.266196E-06
  DP  5.979060E+01  4.430617E-06
  DP  6.065280E+01  4.901202E-06
  DP  6.152740E+01  4.996953E-06
  DP  6.241460E+01  5.253984E-06
  DP  6.331460E+01  5.682204E-06
  DP  6.422760E+01  5.991075E-06
  DP  6.515380E+01  6.361154E-06
  DP  6.609330E+01  6.577373E-06
  DP  6.704640E+01  6.829733E-06
  DP  6.801320E+01  7.312476E-06
  DP  6.899390E+01  7.576517E-06
  DP  6.998880E+01  7.875286E-06
  DP  7.099800E+01  8.371373E-06
  DP  7.202180E+01  8.725166E-06
  DP  7.306040E+01  9.034171E-06
  DP  7.411390E+01  9.592100E-06
  DP  7.518260E+01  9.698472E-06
  DP  7.626670E+01  1.007767E-05
  DP  7.736650E+01  1.043263E-05
  DP  7.848210E+01  1.072367E-05
  DP  7.961380E+01  1.093198E-05
  DP  8.076180E+01  1.169631E-05
  DP  8.192640E+01  1.171920E-05
  DP  8.310780E+01  1.212723E-05
  DP  8.430620E+01  1.229794E-05
  DP  8.552190E+01  1.222516E-05
  DP  8.675510E+01  1.296859E-05
  DP  8.800610E+01  1.313730E-05
  DP  8.927510E+01  1.340762E-05
  DP  9.056250E+01  1.374528E-05
  DP  9.186840E+01  1.438527E-05
  DP  9.319310E+01  1.446432E-05
  DP  9.453690E+01  1.453225E-05
  DP  9.590010E+01  1.508751E-05
  DP  9.728300E+01  1.528889E-05
  DP  9.868580E+01  1.584907E-05
  DP  1.001090E+02  1.624322E-05
  DP  1.015520E+02  1.642672E-05
  DP  1.030170E+02  1.646859E-05
  DP  1.045020E+02  1.649599E-05
  DP  1.060090E+02  1.673314E-05
  DP  1.075380E+02  1.692666E-05
  DP  1.090890E+02  1.720241E-05
  DP  1.106620E+02  1.748576E-05
  DP  1.122570E+02  1.755720E-05
  DP  1.138760E+02  1.754609E-05
  DP  1.155180E+02  1.774722E-05
  DP  1.171840E+02  1.792930E-05
  DP  1.188740E+02  1.822368E-05
  DP  1.205880E+02  1.823362E-05
  DP  1.223270E+02  1.823412E-05
  DP  1.240910E+02  1.847227E-05
  DP  1.258800E+02  1.843183E-05
  DP  1.276950E+02  1.836840E-05
  DP  1.295370E+02  1.818934E-05
  DP  1.314040E+02  1.854889E-05
  DP  1.332990E+02  1.848021E-05
  DP  1.352210E+02  1.843809E-05
  DP  1.371710E+02  1.830883E-05
  DP  1.391490E+02  1.844327E-05
  DP  1.411560E+02  1.817689E-05
  DP  1.431910E+02  1.815123E-05
  DP  1.452560E+02  1.822385E-05
  DP  1.473510E+02  1.831777E-05
  DP  1.494750E+02  1.822827E-05
  DP  1.516310E+02  1.806383E-05
  DP  1.538170E+02  1.810945E-05
  DP  1.560350E+02  1.976193E-05
  DP  1.582850E+02  2.771484E-05
  DP  1.605680E+02  3.443323E-05
  DP  1.628830E+02  1.624373E-05
  DP  1.652320E+02  1.457428E-05
  DP  1.676150E+02  1.454027E-05
  DP  1.700320E+02  1.456133E-05
  DP  1.724830E+02  1.435168E-05
  DP  1.749710E+02  1.454437E-05
  DP  1.774940E+02  1.436964E-05
  DP  1.800530E+02  1.425308E-05
  DP  1.826490E+02  1.423127E-05
  DP  1.852830E+02  1.400749E-05
  DP  1.879550E+02  1.402838E-05
  DP  1.906650E+02  1.393647E-05
  DP  1.934150E+02  1.390789E-05
  DP  1.962040E+02  1.396254E-05
  DP  1.990330E+02  1.398928E-05
  DP  2.019030E+02  1.386636E-05
  DP  2.048140E+02  1.392285E-05
  DP  2.077680E+02  1.372097E-05
  DP  2.107640E+02  1.355368E-05
  DP  2.138030E+02  1.358050E-05
  DP  2.168860E+02  1.337728E-05
  DP  2.200130E+02  1.337286E-05
  DP  2.231860E+02  1.328127E-05
  DP  2.264040E+02  1.314256E-05
  DP  2.296690E+02  1.301171E-05
  DP  2.329810E+02  1.282938E-05
  DP  2.363400E+02  1.269677E-05
  DP  2.397480E+02  1.263268E-05
  DP  2.432060E+02  1.255255E-05
  DP  2.467130E+02  1.238501E-05
  DP  2.502700E+02  1.217160E-05
  DP  2.538790E+02  1.222975E-05
  DP  2.575400E+02  1.190036E-05
  DP  2.612540E+02  1.195158E-05
  DP  2.650210E+02  1.213600E-05
  DP  2.688430E+02  1.398995E-05
  DP  2.727190E+02  1.809909E-05
  DP  2.766520E+02  1.260385E-05
  DP  2.806410E+02  1.032718E-05
  DP  2.846880E+02  1.017351E-05
  DP  2.887930E+02  1.004349E-05
  DP  2.929570E+02  9.993690E-06
  DP  2.971820E+02  9.924669E-06
  DP  3.014670E+02  9.745517E-06
  DP  3.058140E+02  9.682178E-06
  DP  3.102240E+02  9.361558E-06
  DP  3.146980E+02  9.371836E-06
  DP  3.192350E+02  9.228615E-06
  DP  3.238390E+02  9.114722E-06
  DP  3.285080E+02  9.007264E-06
  DP  3.332460E+02  8.882676E-06
  DP  3.380510E+02  8.888024E-06
  DP  3.429260E+02  8.817667E-06
  DP  3.478710E+02  8.627317E-06
  DP  3.528870E+02  8.406134E-06
  DP  3.579750E+02  8.390675E-06
  DP  3.631370E+02  8.388252E-06
  DP  3.683740E+02  8.185769E-06
  DP  3.736860E+02  8.246050E-06
  DP  3.790740E+02  8.055140E-06
  DP  3.845400E+02  7.903771E-06
  DP  3.900850E+02  7.897922E-06
  DP  3.957100E+02  7.808003E-06
  DP  4.014170E+02  7.765588E-06
  DP  4.072050E+02  7.530367E-06
  DP  4.130770E+02  7.530066E-06
  DP  4.190330E+02  7.438116E-06
  DP  4.250760E+02  7.338429E-06
  DP  4.312050E+02  7.239386E-06
  DP  4.374230E+02  7.224495E-06
  DP  4.437310E+02  7.072859E-06
  DP  4.501290E+02  7.121182E-06
  DP  4.566200E+02  7.040764E-06
  DP  4.632050E+02  6.949441E-06
  DP  4.698840E+02  7.076995E-06
  DP  4.766600E+02  8.801540E-06
  DP  4.835330E+02  1.247183E-05
  DP  4.905060E+02  8.887857E-06
  DP  4.975790E+02  6.321730E-06
  DP  5.047540E+02  8.286401E-06
  DP  5.120320E+02  1.483566E-05
  DP  5.194160E+02  1.483875E-05
  DP  5.269050E+02  5.499032E-06
  DP  5.345030E+02  4.966254E-06
  DP  5.422110E+02  4.963103E-06
  DP  5.500290E+02  4.955157E-06
  DP  5.579610E+02  4.920538E-06
  DP  5.660070E+02  4.825697E-06
  DP  5.741680E+02  4.781018E-06
  DP  5.824480E+02  4.786758E-06
  DP  5.908470E+02  4.789616E-06
  DP  5.993670E+02  4.694834E-06
  DP  6.080090E+02  4.670568E-06
  DP  6.167770E+02  4.661009E-06
  DP  6.256710E+02  4.524982E-06
  DP  6.346930E+02  4.544309E-06
  DP  6.438450E+02  4.466013E-06
  DP  6.531290E+02  4.427676E-06
  DP  6.625470E+02  4.426047E-06
  DP  6.721010E+02  4.418234E-06
  DP  6.817930E+02  4.391068E-06
  DP  6.916240E+02  4.355823E-06
  DP  7.015970E+02  4.376671E-06
  DP  7.117140E+02  4.320034E-06
  DP  7.219770E+02  4.289426E-06
  DP  7.323880E+02  4.556718E-06
  DP  7.429490E+02  6.519283E-06
  DP  7.536620E+02  1.097585E-05
  DP  7.645300E+02  7.824715E-06
  DP  7.755540E+02  3.835587E-06
  DP  7.867380E+02  3.866212E-06
  DP  7.980820E+02  5.159494E-06
  DP  8.095910E+02  1.084216E-05
  DP  8.212650E+02  1.580771E-05
  DP  8.331070E+02  8.257313E-06
  DP  8.451210E+02  1.930988E-05
  DP  8.573070E+02  2.812395E-05
  DP  8.696700E+02  4.722534E-06
  DP  8.822100E+02  1.500545E-06
  DP  8.949320E+02  1.443072E-06
  DP  9.078360E+02  1.462316E-06
  DP  9.209270E+02  1.440566E-06
  DP  9.342070E+02  1.448679E-06
  DP  9.476780E+02  1.428834E-06
  DP  9.613440E+02  1.485170E-06
  DP  9.752060E+02  1.633932E-06
  DP  9.892680E+02  1.759389E-06
  DP  1.003530E+03  1.449030E-06
  DP  1.018000E+03  1.692666E-06
  DP  1.032680E+03  3.169112E-06
  DP  1.047580E+03  4.850907E-06
  DP  1.062680E+03  2.031318E-06
  DP  1.078000E+03  1.178797E-06
  DP  1.093550E+03  1.169723E-06
  DP  1.109320E+03  1.172748E-06
  DP  1.125310E+03  1.177878E-06
  DP  1.141540E+03  1.192718E-06
  DP  1.158000E+03  1.296466E-06
  DP  1.174700E+03  1.565931E-06
  DP  1.191640E+03  1.583988E-06
  DP  1.208820E+03  1.900171E-06
  DP  1.226250E+03  6.896673E-06
  DP  1.243940E+03  1.651037E-05
  DP  1.261870E+03  8.323368E-06
  DP  1.280070E+03  5.599680E-07
  DP  1.298530E+03  4.438873E-07
  DP  1.317250E+03  4.459287E-07
  DP  1.336250E+03  5.762522E-07
  DP  1.355520E+03  1.061429E-06
  DP  1.375060E+03  1.342892E-06
  DP  1.394890E+03  5.185715E-07
  DP  1.415010E+03  3.986521E-07
  DP  1.435410E+03  4.070816E-07
  DP  1.456110E+03  4.242892E-07
  DP  1.477110E+03  3.961955E-07
  DP  1.498400E+03  3.773293E-07
  DP  1.520010E+03  4.300055E-07
  DP  1.541930E+03  8.298383E-07
  DP  1.564160E+03  1.785551E-06
  DP  1.586720E+03  1.473029E-06
  DP  1.609600E+03  3.519830E-07
  DP  1.632810E+03  3.126697E-07
  DP  1.656360E+03  3.151573E-07
  DP  1.680240E+03  3.067520E-07
  DP  1.704470E+03  3.112776E-07
  DP  1.729050E+03  4.782229E-07
  DP  1.753980E+03  1.589194E-06
  DP  1.779270E+03  3.508266E-06
  DP  1.804930E+03  1.902978E-06
  DP  1.830960E+03  3.119269E-07
  DP  1.857360E+03  2.076566E-07
  DP  1.884140E+03  1.977706E-07
  DP  1.911310E+03  1.980555E-07
  DP  1.938870E+03  2.319282E-07
  DP  1.966830E+03  3.631558E-07
  DP  1.995190E+03  7.364701E-07
  DP  2.023960E+03  1.726383E-06
  DP  2.053150E+03  1.982201E-06
  DP  2.082750E+03  4.275488E-07
  DP  2.112790E+03  1.265315E-07
  DP  2.143250E+03  1.214193E-07
  DP  2.174160E+03  1.332406E-07
  DP  2.205510E+03  1.649223E-07
  DP  2.237310E+03  1.793974E-07
  DP  2.269570E+03  1.275317E-07
  DP  2.302300E+03  1.110955E-07
  DP  2.335500E+03  1.173625E-07
  DP  2.369180E+03  1.183134E-07
  DP  2.403340E+03  1.125578E-07
  DP  2.438000E+03  1.171904E-07
  DP  2.473150E+03  1.179165E-07
  DP  2.508810E+03  1.346519E-07
  DP  2.544990E+03  4.799627E-07
  DP  2.581690E+03  1.824783E-06
  DP  2.618920E+03  2.992684E-06
  DP  2.656680E+03  6.906658E-07
  DP  2.694990E+03  5.089947E-08
  DP  2.733850E+03  4.601623E-08
  DP  2.773270E+03  4.593167E-08
  DP  2.813260E+03  4.071477E-08
  DP  2.853830E+03  4.163142E-08
  DP  2.894980E+03  4.532310E-08
  DP  2.936730E+03  5.448670E-08
  DP  2.979080E+03  1.144805E-07
  DP  3.022030E+03  2.057380E-07
  DP  3.065610E+03  1.110596E-07
  DP  3.109820E+03  5.375973E-08
  DP  3.154660E+03  1.930085E-07
  DP  3.200150E+03  7.418664E-07
  DP  3.246300E+03  1.430413E-06
  DP  3.293110E+03  1.280983E-06
  DP  3.340590E+03  1.718628E-07
  DP  3.388770E+03  2.724582E-08
  DP  3.437630E+03  9.663043E-08
  DP  3.487200E+03  1.200147E-07
  DP  3.537490E+03  1.660044E-08
  DP  3.588500E+03  5.042093E-11
  DP  3.640240E+03  1.443983E-12
  DP  3.692730E+03  2.643152E-14
  DP  3.745980E+03  0.000000E+00
  DP  3.800000E+03  0.000000E+00
  
 EN
