 # final1D_0_1p38_0p6_1p25_base/final1D_0_1p38_0p6_1p25_base_50_100/quickspec.dat                      
 #    1.0000000000000000      =Mpc
  DP  3.000000E+00  0.000000E+00
  DP  3.043260E+00  0.000000E+00
  DP  3.087140E+00  0.000000E+00
  DP  3.131660E+00  0.000000E+00
  DP  3.176820E+00  0.000000E+00
  DP  3.222630E+00  0.000000E+00
  DP  3.269100E+00  0.000000E+00
  DP  3.316240E+00  0.000000E+00
  DP  3.364060E+00  0.000000E+00
  DP  3.412570E+00  0.000000E+00
  DP  3.461780E+00  0.000000E+00
  DP  3.511690E+00  0.000000E+00
  DP  3.562330E+00  0.000000E+00
  DP  3.613700E+00  0.000000E+00
  DP  3.665810E+00  0.000000E+00
  DP  3.718670E+00  0.000000E+00
  DP  3.772290E+00  0.000000E+00
  DP  3.826690E+00  0.000000E+00
  DP  3.881870E+00  0.000000E+00
  DP  3.937850E+00  0.000000E+00
  DP  3.994630E+00  0.000000E+00
  DP  4.052230E+00  0.000000E+00
  DP  4.110660E+00  0.000000E+00
  DP  4.169940E+00  0.000000E+00
  DP  4.230070E+00  0.000000E+00
  DP  4.291070E+00  0.000000E+00
  DP  4.352940E+00  0.000000E+00
  DP  4.415710E+00  0.000000E+00
  DP  4.479390E+00  0.000000E+00
  DP  4.543980E+00  0.000000E+00
  DP  4.609500E+00  0.000000E+00
  DP  4.675970E+00  0.000000E+00
  DP  4.743400E+00  0.000000E+00
  DP  4.811800E+00  0.000000E+00
  DP  4.881180E+00  0.000000E+00
  DP  4.951570E+00  0.000000E+00
  DP  5.022970E+00  0.000000E+00
  DP  5.095400E+00  0.000000E+00
  DP  5.168880E+00  0.000000E+00
  DP  5.243410E+00  0.000000E+00
  DP  5.319020E+00  0.000000E+00
  DP  5.395720E+00  0.000000E+00
  DP  5.473530E+00  0.000000E+00
  DP  5.552450E+00  0.000000E+00
  DP  5.632520E+00  0.000000E+00
  DP  5.713740E+00  0.000000E+00
  DP  5.796130E+00  0.000000E+00
  DP  5.879710E+00  0.000000E+00
  DP  5.964500E+00  0.000000E+00
  DP  6.050500E+00  1.878161E-11
  DP  6.137750E+00  0.000000E+00
  DP  6.226260E+00  5.475167E-11
  DP  6.316040E+00  5.508098E-10
  DP  6.407120E+00  1.485805E-09
  DP  6.499510E+00  3.101253E-09
  DP  6.593230E+00  4.767648E-09
  DP  6.688300E+00  6.290136E-09
  DP  6.784750E+00  4.085373E-09
  DP  6.882580E+00  5.588917E-11
  DP  6.981830E+00  4.745580E-10
  DP  7.082500E+00  8.514929E-10
  DP  7.184630E+00  1.308524E-09
  DP  7.288240E+00  1.793899E-09
  DP  7.393330E+00  1.590806E-09
  DP  7.499940E+00  3.012864E-10
  DP  7.608090E+00  4.309021E-11
  DP  7.717800E+00  7.192450E-11
  DP  7.829090E+00  6.197769E-11
  DP  7.941980E+00  6.767389E-11
  DP  8.056510E+00  1.246122E-10
  DP  8.172680E+00  1.390430E-11
  DP  8.290530E+00  0.000000E+00
  DP  8.410080E+00  0.000000E+00
  DP  8.531350E+00  0.000000E+00
  DP  8.654370E+00  0.000000E+00
  DP  8.779170E+00  0.000000E+00
  DP  8.905760E+00  0.000000E+00
  DP  9.034180E+00  0.000000E+00
  DP  9.164450E+00  0.000000E+00
  DP  9.296600E+00  0.000000E+00
  DP  9.430660E+00  0.000000E+00
  DP  9.566650E+00  0.000000E+00
  DP  9.704600E+00  0.000000E+00
  DP  9.844540E+00  0.000000E+00
  DP  9.986500E+00  0.000000E+00
  DP  1.013050E+01  0.000000E+00
  DP  1.027660E+01  0.000000E+00
  DP  1.042480E+01  0.000000E+00
  DP  1.057510E+01  0.000000E+00
  DP  1.072760E+01  0.000000E+00
  DP  1.088230E+01  0.000000E+00
  DP  1.103920E+01  0.000000E+00
  DP  1.119840E+01  0.000000E+00
  DP  1.135990E+01  0.000000E+00
  DP  1.152370E+01  0.000000E+00
  DP  1.168980E+01  0.000000E+00
  DP  1.185840E+01  0.000000E+00
  DP  1.202940E+01  0.000000E+00
  DP  1.220290E+01  0.000000E+00
  DP  1.237880E+01  0.000000E+00
  DP  1.255730E+01  0.000000E+00
  DP  1.273840E+01  0.000000E+00
  DP  1.292210E+01  3.128343E-11
  DP  1.310840E+01  0.000000E+00
  DP  1.329740E+01  0.000000E+00
  DP  1.348920E+01  0.000000E+00
  DP  1.368370E+01  4.152095E-12
  DP  1.388100E+01  4.029906E-11
  DP  1.408120E+01  5.051301E-10
  DP  1.428420E+01  1.943964E-10
  DP  1.449020E+01  6.181826E-10
  DP  1.469920E+01  3.305574E-09
  DP  1.491110E+01  1.800684E-09
  DP  1.512610E+01  4.188402E-10
  DP  1.534430E+01  2.421643E-11
  DP  1.556550E+01  0.000000E+00
  DP  1.579000E+01  0.000000E+00
  DP  1.601770E+01  0.000000E+00
  DP  1.624860E+01  0.000000E+00
  DP  1.648290E+01  0.000000E+00
  DP  1.672060E+01  0.000000E+00
  DP  1.696170E+01  0.000000E+00
  DP  1.720630E+01  0.000000E+00
  DP  1.745440E+01  0.000000E+00
  DP  1.770610E+01  0.000000E+00
  DP  1.796140E+01  0.000000E+00
  DP  1.822040E+01  0.000000E+00
  DP  1.848320E+01  0.000000E+00
  DP  1.874970E+01  0.000000E+00
  DP  1.902010E+01  0.000000E+00
  DP  1.929430E+01  0.000000E+00
  DP  1.957260E+01  0.000000E+00
  DP  1.985480E+01  0.000000E+00
  DP  2.014110E+01  0.000000E+00
  DP  2.043150E+01  0.000000E+00
  DP  2.072620E+01  0.000000E+00
  DP  2.102500E+01  0.000000E+00
  DP  2.132820E+01  0.000000E+00
  DP  2.163580E+01  0.000000E+00
  DP  2.194770E+01  0.000000E+00
  DP  2.226420E+01  0.000000E+00
  DP  2.258530E+01  0.000000E+00
  DP  2.291100E+01  0.000000E+00
  DP  2.324130E+01  0.000000E+00
  DP  2.357650E+01  0.000000E+00
  DP  2.391640E+01  0.000000E+00
  DP  2.426130E+01  0.000000E+00
  DP  2.461120E+01  0.000000E+00
  DP  2.496600E+01  0.000000E+00
  DP  2.532610E+01  0.000000E+00
  DP  2.569130E+01  0.000000E+00
  DP  2.606170E+01  0.000000E+00
  DP  2.643750E+01  0.000000E+00
  DP  2.681880E+01  0.000000E+00
  DP  2.720550E+01  0.000000E+00
  DP  2.759780E+01  0.000000E+00
  DP  2.799570E+01  0.000000E+00
  DP  2.839940E+01  0.000000E+00
  DP  2.880890E+01  0.000000E+00
  DP  2.922440E+01  0.000000E+00
  DP  2.964580E+01  0.000000E+00
  DP  3.007330E+01  0.000000E+00
  DP  3.050690E+01  0.000000E+00
  DP  3.094680E+01  0.000000E+00
  DP  3.139310E+01  0.000000E+00
  DP  3.184580E+01  0.000000E+00
  DP  3.230500E+01  2.107307E-09
  DP  3.277080E+01  0.000000E+00
  DP  3.324340E+01  2.047821E-09
  DP  3.372270E+01  2.018709E-09
  DP  3.420900E+01  5.970043E-09
  DP  3.470230E+01  3.923450E-09
  DP  3.520270E+01  0.000000E+00
  DP  3.571030E+01  1.906354E-09
  DP  3.622530E+01  1.879256E-09
  DP  3.674760E+01  3.705074E-09
  DP  3.727750E+01  5.478618E-09
  DP  3.781510E+01  9.001248E-09
  DP  3.836040E+01  1.774655E-09
  DP  3.891350E+01  6.997714E-09
  DP  3.947460E+01  2.069471E-08
  DP  4.004390E+01  1.870047E-08
  DP  4.062130E+01  1.843467E-08
  DP  4.120700E+01  2.147675E-08
  DP  4.180120E+01  3.745718E-08
  DP  4.240400E+01  3.531930E-08
  DP  4.301550E+01  3.956506E-08
  DP  4.363570E+01  4.212292E-08
  DP  4.426500E+01  7.074480E-08
  DP  4.490330E+01  7.731947E-08
  DP  4.555080E+01  7.542500E-08
  DP  4.620760E+01  7.955670E-08
  DP  4.687390E+01  1.219959E-07
  DP  4.754980E+01  1.073762E-07
  DP  4.823550E+01  1.467915E-07
  DP  4.893100E+01  1.864307E-07
  DP  4.963660E+01  1.618557E-07
  DP  5.035240E+01  2.014481E-07
  DP  5.107850E+01  2.678891E-07
  DP  5.181500E+01  2.837914E-07
  DP  5.256220E+01  3.250851E-07
  DP  5.332010E+01  3.460302E-07
  DP  5.408900E+01  3.866379E-07
  DP  5.486890E+01  4.457440E-07
  DP  5.566010E+01  4.941211E-07
  DP  5.646280E+01  5.757483E-07
  DP  5.727690E+01  6.334983E-07
  DP  5.810290E+01  7.158993E-07
  DP  5.894070E+01  8.028869E-07
  DP  5.979060E+01  8.357168E-07
  DP  6.065280E+01  9.675493E-07
  DP  6.152740E+01  1.062849E-06
  DP  6.241460E+01  1.205353E-06
  DP  6.331460E+01  1.255856E-06
  DP  6.422760E+01  1.315443E-06
  DP  6.515380E+01  1.489030E-06
  DP  6.609330E+01  1.649131E-06
  DP  6.704640E+01  1.794860E-06
  DP  6.801320E+01  1.870122E-06
  DP  6.899390E+01  2.080961E-06
  DP  6.998880E+01  2.166401E-06
  DP  7.099800E+01  2.333738E-06
  DP  7.202180E+01  2.571809E-06
  DP  7.306040E+01  2.673827E-06
  DP  7.411390E+01  2.914681E-06
  DP  7.518260E+01  3.124508E-06
  DP  7.626670E+01  3.246038E-06
  DP  7.736650E+01  3.496709E-06
  DP  7.848210E+01  3.733309E-06
  DP  7.961380E+01  4.007353E-06
  DP  8.076180E+01  4.288975E-06
  DP  8.192640E+01  4.398054E-06
  DP  8.310780E+01  4.819472E-06
  DP  8.430620E+01  4.904820E-06
  DP  8.552190E+01  5.137869E-06
  DP  8.675510E+01  5.554883E-06
  DP  8.800610E+01  5.751049E-06
  DP  8.927510E+01  6.032671E-06
  DP  9.056250E+01  6.135767E-06
  DP  9.186840E+01  6.440369E-06
  DP  9.319310E+01  6.849863E-06
  DP  9.453690E+01  7.081599E-06
  DP  9.590010E+01  7.379700E-06
  DP  9.728300E+01  7.815532E-06
  DP  9.868580E+01  7.986479E-06
  DP  1.001090E+02  8.352513E-06
  DP  1.015520E+02  8.626231E-06
  DP  1.030170E+02  8.901059E-06
  DP  1.045020E+02  9.310838E-06
  DP  1.060090E+02  9.488820E-06
  DP  1.075380E+02  9.769916E-06
  DP  1.090890E+02  1.010340E-05
  DP  1.106620E+02  1.028765E-05
  DP  1.122570E+02  1.052396E-05
  DP  1.138760E+02  1.092438E-05
  DP  1.155180E+02  1.128202E-05
  DP  1.171840E+02  1.172756E-05
  DP  1.188740E+02  1.181254E-05
  DP  1.205880E+02  1.240782E-05
  DP  1.223270E+02  1.329289E-05
  DP  1.240910E+02  1.340703E-05
  DP  1.258800E+02  1.270496E-05
  DP  1.276950E+02  1.275401E-05
  DP  1.295370E+02  1.308173E-05
  DP  1.314040E+02  1.319980E-05
  DP  1.332990E+02  1.338104E-05
  DP  1.352210E+02  1.341230E-05
  DP  1.371710E+02  1.355426E-05
  DP  1.391490E+02  1.372289E-05
  DP  1.411560E+02  1.366364E-05
  DP  1.431910E+02  1.375030E-05
  DP  1.452560E+02  1.383703E-05
  DP  1.473510E+02  1.391742E-05
  DP  1.494750E+02  1.401777E-05
  DP  1.516310E+02  1.399680E-05
  DP  1.538170E+02  1.439571E-05
  DP  1.560350E+02  1.676598E-05
  DP  1.582850E+02  2.256278E-05
  DP  1.605680E+02  2.063363E-05
  DP  1.628830E+02  1.330977E-05
  DP  1.652320E+02  1.329723E-05
  DP  1.676150E+02  1.339492E-05
  DP  1.700320E+02  1.366523E-05
  DP  1.724830E+02  1.389661E-05
  DP  1.749710E+02  1.387154E-05
  DP  1.774940E+02  1.394424E-05
  DP  1.800530E+02  1.386293E-05
  DP  1.826490E+02  1.400507E-05
  DP  1.852830E+02  1.387338E-05
  DP  1.879550E+02  1.381322E-05
  DP  1.906650E+02  1.388466E-05
  DP  1.934150E+02  1.404234E-05
  DP  1.962040E+02  1.428341E-05
  DP  1.990330E+02  1.451704E-05
  DP  2.019030E+02  1.469168E-05
  DP  2.048140E+02  1.459442E-05
  DP  2.077680E+02  1.473998E-05
  DP  2.107640E+02  1.471516E-05
  DP  2.138030E+02  1.473655E-05
  DP  2.168860E+02  1.477190E-05
  DP  2.200130E+02  1.445420E-05
  DP  2.231860E+02  1.441677E-05
  DP  2.264040E+02  1.426185E-05
  DP  2.296690E+02  1.412155E-05
  DP  2.329810E+02  1.402797E-05
  DP  2.363400E+02  1.391457E-05
  DP  2.397480E+02  1.371662E-05
  DP  2.432060E+02  1.364526E-05
  DP  2.467130E+02  1.335848E-05
  DP  2.502700E+02  1.326531E-05
  DP  2.538790E+02  1.316270E-05
  DP  2.575400E+02  1.292021E-05
  DP  2.612540E+02  1.276638E-05
  DP  2.650210E+02  1.319796E-05
  DP  2.688430E+02  1.439738E-05
  DP  2.727190E+02  1.523290E-05
  DP  2.766520E+02  1.230254E-05
  DP  2.806410E+02  1.167976E-05
  DP  2.846880E+02  1.149568E-05
  DP  2.887930E+02  1.126765E-05
  DP  2.929570E+02  1.116395E-05
  DP  2.971820E+02  1.115843E-05
  DP  3.014670E+02  1.092563E-05
  DP  3.058140E+02  1.076094E-05
  DP  3.102240E+02  1.064504E-05
  DP  3.146980E+02  1.053390E-05
  DP  3.192350E+02  1.035258E-05
  DP  3.238390E+02  1.021713E-05
  DP  3.285080E+02  1.006288E-05
  DP  3.332460E+02  1.000205E-05
  DP  3.380510E+02  9.896760E-06
  DP  3.429260E+02  9.739333E-06
  DP  3.478710E+02  9.625441E-06
  DP  3.528870E+02  9.552409E-06
  DP  3.579750E+02  9.391557E-06
  DP  3.631370E+02  9.333315E-06
  DP  3.683740E+02  9.200706E-06
  DP  3.736860E+02  9.104027E-06
  DP  3.790740E+02  9.056815E-06
  DP  3.845400E+02  8.898386E-06
  DP  3.900850E+02  8.875239E-06
  DP  3.957100E+02  8.746056E-06
  DP  4.014170E+02  8.695836E-06
  DP  4.072050E+02  8.604756E-06
  DP  4.130770E+02  8.456520E-06
  DP  4.190330E+02  8.461618E-06
  DP  4.250760E+02  8.417498E-06
  DP  4.312050E+02  8.321137E-06
  DP  4.374230E+02  8.242281E-06
  DP  4.437310E+02  8.142067E-06
  DP  4.501290E+02  8.134430E-06
  DP  4.566200E+02  8.042531E-06
  DP  4.632050E+02  7.963266E-06
  DP  4.698840E+02  8.195111E-06
  DP  4.766600E+02  9.278416E-06
  DP  4.835330E+02  9.971129E-06
  DP  4.905060E+02  8.198938E-06
  DP  4.975790E+02  9.757549E-06
  DP  5.047540E+02  2.262896E-05
  DP  5.120320E+02  4.287529E-05
  DP  5.194160E+02  2.553501E-05
  DP  5.269050E+02  5.993699E-06
  DP  5.345030E+02  5.476195E-06
  DP  5.422110E+02  5.433471E-06
  DP  5.500290E+02  5.412631E-06
  DP  5.579610E+02  5.362211E-06
  DP  5.660070E+02  5.296483E-06
  DP  5.741680E+02  5.327258E-06
  DP  5.824480E+02  5.285169E-06
  DP  5.908470E+02  5.229910E-06
  DP  5.993670E+02  5.167449E-06
  DP  6.080090E+02  5.147788E-06
  DP  6.167770E+02  5.123714E-06
  DP  6.256710E+02  5.121926E-06
  DP  6.346930E+02  5.059682E-06
  DP  6.438450E+02  5.035541E-06
  DP  6.531290E+02  5.022281E-06
  DP  6.625470E+02  4.995149E-06
  DP  6.721010E+02  4.964599E-06
  DP  6.817930E+02  4.925167E-06
  DP  6.916240E+02  4.945756E-06
  DP  7.015970E+02  4.952048E-06
  DP  7.117140E+02  4.882284E-06
  DP  7.219770E+02  4.921658E-06
  DP  7.323880E+02  5.251018E-06
  DP  7.429490E+02  6.291264E-06
  DP  7.536620E+02  7.202586E-06
  DP  7.645300E+02  5.494244E-06
  DP  7.755540E+02  4.810824E-06
  DP  7.867380E+02  4.999193E-06
  DP  7.980820E+02  5.931271E-06
  DP  8.095910E+02  8.029997E-06
  DP  8.212650E+02  9.961853E-06
  DP  8.331070E+02  2.738628E-05
  DP  8.451210E+02  6.694675E-05
  DP  8.573070E+02  5.707230E-05
  DP  8.696700E+02  5.982084E-06
  DP  8.822100E+02  1.990800E-06
  DP  8.949320E+02  1.970879E-06
  DP  9.078360E+02  1.944566E-06
  DP  9.209270E+02  1.935065E-06
  DP  9.342070E+02  1.929509E-06
  DP  9.476780E+02  1.961529E-06
  DP  9.613440E+02  2.200861E-06
  DP  9.752060E+02  2.753761E-06
  DP  9.892680E+02  2.625396E-06
  DP  1.003530E+03  2.084353E-06
  DP  1.018000E+03  4.072772E-06
  DP  1.032680E+03  8.823850E-06
  DP  1.047580E+03  9.618840E-06
  DP  1.062680E+03  2.653798E-06
  DP  1.078000E+03  1.588893E-06
  DP  1.093550E+03  1.572206E-06
  DP  1.109320E+03  1.579526E-06
  DP  1.125310E+03  1.603374E-06
  DP  1.141540E+03  1.728455E-06
  DP  1.158000E+03  2.147475E-06
  DP  1.174700E+03  2.802886E-06
  DP  1.191640E+03  2.481439E-06
  DP  1.208820E+03  7.043421E-06
  DP  1.226250E+03  2.545880E-05
  DP  1.243940E+03  3.952003E-05
  DP  1.261870E+03  1.186418E-05
  DP  1.280070E+03  6.058123E-07
  DP  1.298530E+03  4.911906E-07
  DP  1.317250E+03  5.534528E-07
  DP  1.336250E+03  1.235384E-06
  DP  1.355520E+03  2.489335E-06
  DP  1.375060E+03  2.232539E-06
  DP  1.394890E+03  5.752653E-07
  DP  1.415010E+03  4.585989E-07
  DP  1.435410E+03  5.108799E-07
  DP  1.456110E+03  5.137334E-07
  DP  1.477110E+03  4.327655E-07
  DP  1.498400E+03  4.167036E-07
  DP  1.520010E+03  4.457565E-07
  DP  1.541930E+03  6.168381E-07
  DP  1.564160E+03  8.408724E-07
  DP  1.586720E+03  6.104424E-07
  DP  1.609600E+03  4.077677E-07
  DP  1.632810E+03  3.960852E-07
  DP  1.656360E+03  3.923099E-07
  DP  1.680240E+03  3.981407E-07
  DP  1.704470E+03  4.310617E-07
  DP  1.729050E+03  1.456392E-06
  DP  1.753980E+03  5.003998E-06
  DP  1.779270E+03  7.572280E-06
  DP  1.804930E+03  2.663249E-06
  DP  1.830960E+03  4.363502E-07
  DP  1.857360E+03  2.558623E-07
  DP  1.884140E+03  2.420482E-07
  DP  1.911310E+03  2.671805E-07
  DP  1.938870E+03  4.031276E-07
  DP  1.966830E+03  8.123241E-07
  DP  1.995190E+03  2.155822E-06
  DP  2.023960E+03  4.196499E-06
  DP  2.053150E+03  3.293007E-06
  DP  2.082750E+03  5.074948E-07
  DP  2.112790E+03  1.440206E-07
  DP  2.143250E+03  1.488930E-07
  DP  2.174160E+03  1.942051E-07
  DP  2.205510E+03  2.642551E-07
  DP  2.237310E+03  2.411508E-07
  DP  2.269570E+03  1.457111E-07
  DP  2.302300E+03  1.405379E-07
  DP  2.335500E+03  1.411328E-07
  DP  2.369180E+03  1.440307E-07
  DP  2.403340E+03  1.400791E-07
  DP  2.438000E+03  1.410426E-07
  DP  2.473150E+03  1.396563E-07
  DP  2.508810E+03  2.500532E-07
  DP  2.544990E+03  1.769115E-06
  DP  2.581690E+03  4.910895E-06
  DP  2.618920E+03  5.090557E-06
  DP  2.656680E+03  7.914968E-07
  DP  2.694990E+03  5.540645E-08
  DP  2.733850E+03  5.483874E-08
  DP  2.773270E+03  5.211728E-08
  DP  2.813260E+03  5.264955E-08
  DP  2.853830E+03  5.129354E-08
  DP  2.894980E+03  5.199227E-08
  DP  2.936730E+03  1.068849E-07
  DP  2.979080E+03  2.627894E-07
  DP  3.022030E+03  3.502859E-07
  DP  3.065610E+03  1.359362E-07
  DP  3.109820E+03  1.226660E-07
  DP  3.154660E+03  6.332317E-07
  DP  3.200150E+03  2.016820E-06
  DP  3.246300E+03  2.998566E-06
  DP  3.293110E+03  1.910599E-06
  DP  3.340590E+03  1.954217E-07
  DP  3.388770E+03  9.322703E-08
  DP  3.437630E+03  2.234185E-07
  DP  3.487200E+03  1.795395E-07
  DP  3.537490E+03  1.745702E-08
  DP  3.588500E+03  9.924836E-11
  DP  3.640240E+03  1.290809E-12
  DP  3.692730E+03  9.232124E-14
  DP  3.745980E+03  0.000000E+00
  DP  3.800000E+03  0.000000E+00
  
 EN
