 # final1D_0_1p38_0p6_1p25_base/final1D_0_1p38_0p6_1p25_base_40_100/quickspec.dat                      
 #    1.0000000000000000      =Mpc
  DP  3.000000E+00  0.000000E+00
  DP  3.043260E+00  0.000000E+00
  DP  3.087140E+00  0.000000E+00
  DP  3.131660E+00  0.000000E+00
  DP  3.176820E+00  0.000000E+00
  DP  3.222630E+00  0.000000E+00
  DP  3.269100E+00  0.000000E+00
  DP  3.316240E+00  0.000000E+00
  DP  3.364060E+00  0.000000E+00
  DP  3.412570E+00  0.000000E+00
  DP  3.461780E+00  0.000000E+00
  DP  3.511690E+00  0.000000E+00
  DP  3.562330E+00  0.000000E+00
  DP  3.613700E+00  0.000000E+00
  DP  3.665810E+00  0.000000E+00
  DP  3.718670E+00  0.000000E+00
  DP  3.772290E+00  0.000000E+00
  DP  3.826690E+00  0.000000E+00
  DP  3.881870E+00  0.000000E+00
  DP  3.937850E+00  0.000000E+00
  DP  3.994630E+00  0.000000E+00
  DP  4.052230E+00  0.000000E+00
  DP  4.110660E+00  0.000000E+00
  DP  4.169940E+00  0.000000E+00
  DP  4.230070E+00  0.000000E+00
  DP  4.291070E+00  0.000000E+00
  DP  4.352940E+00  0.000000E+00
  DP  4.415710E+00  0.000000E+00
  DP  4.479390E+00  0.000000E+00
  DP  4.543980E+00  0.000000E+00
  DP  4.609500E+00  0.000000E+00
  DP  4.675970E+00  0.000000E+00
  DP  4.743400E+00  0.000000E+00
  DP  4.811800E+00  0.000000E+00
  DP  4.881180E+00  0.000000E+00
  DP  4.951570E+00  0.000000E+00
  DP  5.022970E+00  0.000000E+00
  DP  5.095400E+00  0.000000E+00
  DP  5.168880E+00  0.000000E+00
  DP  5.243410E+00  0.000000E+00
  DP  5.319020E+00  0.000000E+00
  DP  5.395720E+00  0.000000E+00
  DP  5.473530E+00  0.000000E+00
  DP  5.552450E+00  0.000000E+00
  DP  5.632520E+00  0.000000E+00
  DP  5.713740E+00  0.000000E+00
  DP  5.796130E+00  0.000000E+00
  DP  5.879710E+00  0.000000E+00
  DP  5.964500E+00  0.000000E+00
  DP  6.050500E+00  0.000000E+00
  DP  6.137750E+00  0.000000E+00
  DP  6.226260E+00  0.000000E+00
  DP  6.316040E+00  2.080944E-10
  DP  6.407120E+00  6.253871E-10
  DP  6.499510E+00  1.977230E-09
  DP  6.593230E+00  2.817007E-09
  DP  6.688300E+00  3.756974E-09
  DP  6.784750E+00  2.865171E-09
  DP  6.882580E+00  1.082461E-10
  DP  6.981830E+00  4.350091E-10
  DP  7.082500E+00  1.112142E-09
  DP  7.184630E+00  1.439864E-09
  DP  7.288240E+00  1.659869E-09
  DP  7.393330E+00  7.651554E-10
  DP  7.499940E+00  4.179194E-10
  DP  7.608090E+00  5.245929E-11
  DP  7.717800E+00  1.096165E-10
  DP  7.829090E+00  1.352711E-10
  DP  7.941980E+00  2.348094E-10
  DP  8.056510E+00  1.572164E-10
  DP  8.172680E+00  3.385633E-11
  DP  8.290530E+00  0.000000E+00
  DP  8.410080E+00  0.000000E+00
  DP  8.531350E+00  0.000000E+00
  DP  8.654370E+00  0.000000E+00
  DP  8.779170E+00  0.000000E+00
  DP  8.905760E+00  0.000000E+00
  DP  9.034180E+00  0.000000E+00
  DP  9.164450E+00  0.000000E+00
  DP  9.296600E+00  0.000000E+00
  DP  9.430660E+00  0.000000E+00
  DP  9.566650E+00  0.000000E+00
  DP  9.704600E+00  0.000000E+00
  DP  9.844540E+00  0.000000E+00
  DP  9.986500E+00  0.000000E+00
  DP  1.013050E+01  0.000000E+00
  DP  1.027660E+01  0.000000E+00
  DP  1.042480E+01  0.000000E+00
  DP  1.057510E+01  0.000000E+00
  DP  1.072760E+01  0.000000E+00
  DP  1.088230E+01  0.000000E+00
  DP  1.103920E+01  0.000000E+00
  DP  1.119840E+01  0.000000E+00
  DP  1.135990E+01  0.000000E+00
  DP  1.152370E+01  0.000000E+00
  DP  1.168980E+01  0.000000E+00
  DP  1.185840E+01  0.000000E+00
  DP  1.202940E+01  0.000000E+00
  DP  1.220290E+01  0.000000E+00
  DP  1.237880E+01  0.000000E+00
  DP  1.255730E+01  0.000000E+00
  DP  1.273840E+01  0.000000E+00
  DP  1.292210E+01  0.000000E+00
  DP  1.310840E+01  0.000000E+00
  DP  1.329740E+01  0.000000E+00
  DP  1.348920E+01  0.000000E+00
  DP  1.368370E+01  1.011076E-11
  DP  1.388100E+01  2.760772E-11
  DP  1.408120E+01  7.407993E-11
  DP  1.428420E+01  5.309159E-10
  DP  1.449020E+01  1.962256E-09
  DP  1.469920E+01  2.184333E-10
  DP  1.491110E+01  1.693385E-09
  DP  1.512610E+01  6.484020E-10
  DP  1.534430E+01  4.959034E-11
  DP  1.556550E+01  0.000000E+00
  DP  1.579000E+01  0.000000E+00
  DP  1.601770E+01  0.000000E+00
  DP  1.624860E+01  0.000000E+00
  DP  1.648290E+01  0.000000E+00
  DP  1.672060E+01  0.000000E+00
  DP  1.696170E+01  0.000000E+00
  DP  1.720630E+01  0.000000E+00
  DP  1.745440E+01  0.000000E+00
  DP  1.770610E+01  0.000000E+00
  DP  1.796140E+01  0.000000E+00
  DP  1.822040E+01  0.000000E+00
  DP  1.848320E+01  0.000000E+00
  DP  1.874970E+01  0.000000E+00
  DP  1.902010E+01  0.000000E+00
  DP  1.929430E+01  0.000000E+00
  DP  1.957260E+01  0.000000E+00
  DP  1.985480E+01  0.000000E+00
  DP  2.014110E+01  0.000000E+00
  DP  2.043150E+01  0.000000E+00
  DP  2.072620E+01  0.000000E+00
  DP  2.102500E+01  0.000000E+00
  DP  2.132820E+01  0.000000E+00
  DP  2.163580E+01  0.000000E+00
  DP  2.194770E+01  0.000000E+00
  DP  2.226420E+01  0.000000E+00
  DP  2.258530E+01  0.000000E+00
  DP  2.291100E+01  0.000000E+00
  DP  2.324130E+01  0.000000E+00
  DP  2.357650E+01  0.000000E+00
  DP  2.391640E+01  0.000000E+00
  DP  2.426130E+01  0.000000E+00
  DP  2.461120E+01  0.000000E+00
  DP  2.496600E+01  0.000000E+00
  DP  2.532610E+01  0.000000E+00
  DP  2.569130E+01  0.000000E+00
  DP  2.606170E+01  0.000000E+00
  DP  2.643750E+01  0.000000E+00
  DP  2.681880E+01  0.000000E+00
  DP  2.720550E+01  0.000000E+00
  DP  2.759780E+01  0.000000E+00
  DP  2.799570E+01  0.000000E+00
  DP  2.839940E+01  2.918458E-09
  DP  2.880890E+01  0.000000E+00
  DP  2.922440E+01  0.000000E+00
  DP  2.964580E+01  0.000000E+00
  DP  3.007330E+01  0.000000E+00
  DP  3.050690E+01  0.000000E+00
  DP  3.094680E+01  2.678223E-09
  DP  3.139310E+01  0.000000E+00
  DP  3.184580E+01  5.205243E-09
  DP  3.230500E+01  2.565626E-09
  DP  3.277080E+01  2.529152E-09
  DP  3.324340E+01  2.493204E-09
  DP  3.372270E+01  2.457766E-09
  DP  3.420900E+01  4.845651E-09
  DP  3.470230E+01  1.194189E-08
  DP  3.520270E+01  7.063300E-09
  DP  3.571030E+01  3.249355E-08
  DP  3.622530E+01  2.974368E-08
  DP  3.674760E+01  2.932086E-08
  DP  3.727750E+01  2.445725E-08
  DP  3.781510E+01  3.506853E-08
  DP  3.836040E+01  3.240941E-08
  DP  3.891350E+01  3.407860E-08
  DP  3.947460E+01  5.459057E-08
  DP  4.004390E+01  7.451252E-08
  DP  4.062130E+01  7.345331E-08
  DP  4.120700E+01  7.240923E-08
  DP  4.180120E+01  1.031047E-07
  DP  4.240400E+01  8.795690E-08
  DP  4.301550E+01  1.425834E-07
  DP  4.363570E+01  1.709478E-07
  DP  4.426500E+01  1.928589E-07
  DP  4.490330E+01  2.584193E-07
  DP  4.555080E+01  2.329042E-07
  DP  4.620760E+01  3.051903E-07
  DP  4.687390E+01  3.080906E-07
  DP  4.754980E+01  3.329272E-07
  DP  4.823550E+01  4.419771E-07
  DP  4.893100E+01  4.708939E-07
  DP  4.963660E+01  5.694103E-07
  DP  5.035240E+01  5.662935E-07
  DP  5.107850E+01  6.653329E-07
  DP  5.181500E+01  7.307211E-07
  DP  5.256220E+01  8.033147E-07
  DP  5.332010E+01  9.033920E-07
  DP  5.408900E+01  1.082327E-06
  DP  5.486890E+01  1.054410E-06
  DP  5.566010E+01  1.210684E-06
  DP  5.646280E+01  1.408754E-06
  DP  5.727690E+01  1.445838E-06
  DP  5.810290E+01  1.590965E-06
  DP  5.894070E+01  1.742468E-06
  DP  5.979060E+01  1.949814E-06
  DP  6.065280E+01  1.973403E-06
  DP  6.152740E+01  2.264684E-06
  DP  6.241460E+01  2.371407E-06
  DP  6.331460E+01  2.493522E-06
  DP  6.422760E+01  2.801841E-06
  DP  6.515380E+01  2.930791E-06
  DP  6.609330E+01  3.178722E-06
  DP  6.704640E+01  3.498907E-06
  DP  6.801320E+01  3.757776E-06
  DP  6.899390E+01  3.952170E-06
  DP  6.998880E+01  4.154000E-06
  DP  7.099800E+01  4.370479E-06
  DP  7.202180E+01  4.598982E-06
  DP  7.306040E+01  4.872717E-06
  DP  7.411390E+01  5.153537E-06
  DP  7.518260E+01  5.616425E-06
  DP  7.626670E+01  5.686290E-06
  DP  7.736650E+01  6.207161E-06
  DP  7.848210E+01  6.284437E-06
  DP  7.961380E+01  6.603461E-06
  DP  8.076180E+01  6.836050E-06
  DP  8.192640E+01  7.090214E-06
  DP  8.310780E+01  7.590196E-06
  DP  8.430620E+01  7.732356E-06
  DP  8.552190E+01  8.115780E-06
  DP  8.675510E+01  8.401204E-06
  DP  8.800610E+01  8.644363E-06
  DP  8.927510E+01  8.961640E-06
  DP  9.056250E+01  9.354874E-06
  DP  9.186840E+01  9.729724E-06
  DP  9.319310E+01  9.962856E-06
  DP  9.453690E+01  1.039311E-05
  DP  9.590010E+01  1.052739E-05
  DP  9.728300E+01  1.112083E-05
  DP  9.868580E+01  1.153796E-05
  DP  1.001090E+02  1.178229E-05
  DP  1.015520E+02  1.189727E-05
  DP  1.030170E+02  1.223243E-05
  DP  1.045020E+02  1.254219E-05
  DP  1.060090E+02  1.265925E-05
  DP  1.075380E+02  1.318677E-05
  DP  1.090890E+02  1.334545E-05
  DP  1.106620E+02  1.360381E-05
  DP  1.122570E+02  1.383411E-05
  DP  1.138760E+02  1.421146E-05
  DP  1.155180E+02  1.470697E-05
  DP  1.171840E+02  1.476471E-05
  DP  1.188740E+02  1.503837E-05
  DP  1.205880E+02  1.531755E-05
  DP  1.223270E+02  1.584180E-05
  DP  1.240910E+02  1.606775E-05
  DP  1.258800E+02  1.562087E-05
  DP  1.276950E+02  1.581456E-05
  DP  1.295370E+02  1.588433E-05
  DP  1.314040E+02  1.619852E-05
  DP  1.332990E+02  1.612490E-05
  DP  1.352210E+02  1.626562E-05
  DP  1.371710E+02  1.646725E-05
  DP  1.391490E+02  1.654939E-05
  DP  1.411560E+02  1.636297E-05
  DP  1.431910E+02  1.645505E-05
  DP  1.452560E+02  1.661682E-05
  DP  1.473510E+02  1.666036E-05
  DP  1.494750E+02  1.643090E-05
  DP  1.516310E+02  1.675971E-05
  DP  1.538170E+02  1.700989E-05
  DP  1.560350E+02  1.964687E-05
  DP  1.582850E+02  2.864586E-05
  DP  1.605680E+02  2.959644E-05
  DP  1.628830E+02  1.530660E-05
  DP  1.652320E+02  1.463152E-05
  DP  1.676150E+02  1.452824E-05
  DP  1.700320E+02  1.471608E-05
  DP  1.724830E+02  1.477733E-05
  DP  1.749710E+02  1.473940E-05
  DP  1.774940E+02  1.472636E-05
  DP  1.800530E+02  1.489757E-05
  DP  1.826490E+02  1.464196E-05
  DP  1.852830E+02  1.464338E-05
  DP  1.879550E+02  1.454428E-05
  DP  1.906650E+02  1.459826E-05
  DP  1.934150E+02  1.457578E-05
  DP  1.962040E+02  1.480750E-05
  DP  1.990330E+02  1.491880E-05
  DP  2.019030E+02  1.504949E-05
  DP  2.048140E+02  1.498765E-05
  DP  2.077680E+02  1.484903E-05
  DP  2.107640E+02  1.485471E-05
  DP  2.138030E+02  1.499375E-05
  DP  2.168860E+02  1.493133E-05
  DP  2.200130E+02  1.465709E-05
  DP  2.231860E+02  1.452623E-05
  DP  2.264040E+02  1.443256E-05
  DP  2.296690E+02  1.426269E-05
  DP  2.329810E+02  1.416801E-05
  DP  2.363400E+02  1.404200E-05
  DP  2.397480E+02  1.390722E-05
  DP  2.432060E+02  1.377871E-05
  DP  2.467130E+02  1.353563E-05
  DP  2.502700E+02  1.346878E-05
  DP  2.538790E+02  1.335280E-05
  DP  2.575400E+02  1.307070E-05
  DP  2.612540E+02  1.302416E-05
  DP  2.650210E+02  1.353078E-05
  DP  2.688430E+02  1.559087E-05
  DP  2.727190E+02  1.781557E-05
  DP  2.766520E+02  1.295088E-05
  DP  2.806410E+02  1.176031E-05
  DP  2.846880E+02  1.168252E-05
  DP  2.887930E+02  1.129823E-05
  DP  2.929570E+02  1.121074E-05
  DP  2.971820E+02  1.107930E-05
  DP  3.014670E+02  1.087424E-05
  DP  3.058140E+02  1.087842E-05
  DP  3.102240E+02  1.065415E-05
  DP  3.146980E+02  1.065590E-05
  DP  3.192350E+02  1.040255E-05
  DP  3.238390E+02  1.025832E-05
  DP  3.285080E+02  1.021521E-05
  DP  3.332460E+02  1.004851E-05
  DP  3.380510E+02  9.971546E-06
  DP  3.429260E+02  9.852975E-06
  DP  3.478710E+02  9.725964E-06
  DP  3.528870E+02  9.624271E-06
  DP  3.579750E+02  9.462165E-06
  DP  3.631370E+02  9.373090E-06
  DP  3.683740E+02  9.232458E-06
  DP  3.736860E+02  9.141378E-06
  DP  3.790740E+02  9.044950E-06
  DP  3.845400E+02  8.970916E-06
  DP  3.900850E+02  8.872649E-06
  DP  3.957100E+02  8.826106E-06
  DP  4.014170E+02  8.662412E-06
  DP  4.072050E+02  8.512004E-06
  DP  4.130770E+02  8.590216E-06
  DP  4.190330E+02  8.466046E-06
  DP  4.250760E+02  8.330913E-06
  DP  4.312050E+02  8.285465E-06
  DP  4.374230E+02  8.143622E-06
  DP  4.437310E+02  8.135901E-06
  DP  4.501290E+02  8.108610E-06
  DP  4.566200E+02  7.962664E-06
  DP  4.632050E+02  7.958185E-06
  DP  4.698840E+02  8.322206E-06
  DP  4.766600E+02  9.948150E-06
  DP  4.835330E+02  1.208219E-05
  DP  4.905060E+02  8.806470E-06
  DP  4.975790E+02  8.236223E-06
  DP  5.047540E+02  1.483357E-05
  DP  5.120320E+02  2.945096E-05
  DP  5.194160E+02  2.199650E-05
  DP  5.269050E+02  6.113540E-06
  DP  5.345030E+02  5.562872E-06
  DP  5.422110E+02  5.551090E-06
  DP  5.500290E+02  5.481685E-06
  DP  5.579610E+02  5.433036E-06
  DP  5.660070E+02  5.430011E-06
  DP  5.741680E+02  5.376115E-06
  DP  5.824480E+02  5.290851E-06
  DP  5.908470E+02  5.249204E-06
  DP  5.993670E+02  5.231907E-06
  DP  6.080090E+02  5.204725E-06
  DP  6.167770E+02  5.207926E-06
  DP  6.256710E+02  5.140292E-06
  DP  6.346930E+02  5.131259E-06
  DP  6.438450E+02  5.047407E-06
  DP  6.531290E+02  5.022882E-06
  DP  6.625470E+02  5.017610E-06
  DP  6.721010E+02  4.960379E-06
  DP  6.817930E+02  4.979105E-06
  DP  6.916240E+02  4.943057E-06
  DP  7.015970E+02  4.922460E-06
  DP  7.117140E+02  4.893030E-06
  DP  7.219770E+02  4.931986E-06
  DP  7.323880E+02  5.279587E-06
  DP  7.429490E+02  7.139816E-06
  DP  7.536620E+02  9.661121E-06
  DP  7.645300E+02  6.533062E-06
  DP  7.755540E+02  4.552197E-06
  DP  7.867380E+02  4.783399E-06
  DP  7.980820E+02  6.317970E-06
  DP  8.095910E+02  1.054769E-05
  DP  8.212650E+02  1.244517E-05
  DP  8.331070E+02  1.658565E-05
  DP  8.451210E+02  4.382804E-05
  DP  8.573070E+02  4.648976E-05
  DP  8.696700E+02  5.740169E-06
  DP  8.822100E+02  1.891714E-06
  DP  8.949320E+02  1.870122E-06
  DP  9.078360E+02  1.874459E-06
  DP  9.209270E+02  1.833222E-06
  DP  9.342070E+02  1.851681E-06
  DP  9.476780E+02  1.833958E-06
  DP  9.613440E+02  1.976319E-06
  DP  9.752060E+02  2.352213E-06
  DP  9.892680E+02  2.405926E-06
  DP  1.003530E+03  1.903145E-06
  DP  1.018000E+03  2.876134E-06
  DP  1.032680E+03  6.133135E-06
  DP  1.047580E+03  7.876790E-06
  DP  1.062680E+03  2.531650E-06
  DP  1.078000E+03  1.517825E-06
  DP  1.093550E+03  1.517065E-06
  DP  1.109320E+03  1.522939E-06
  DP  1.125310E+03  1.527527E-06
  DP  1.141540E+03  1.566816E-06
  DP  1.158000E+03  1.837877E-06
  DP  1.174700E+03  2.330755E-06
  DP  1.191640E+03  2.202349E-06
  DP  1.208820E+03  4.150307E-06
  DP  1.226250E+03  1.618030E-05
  DP  1.243940E+03  3.010666E-05
  DP  1.261870E+03  1.095104E-05
  DP  1.280070E+03  6.207362E-07
  DP  1.298530E+03  5.104412E-07
  DP  1.317250E+03  5.285436E-07
  DP  1.336250E+03  9.144470E-07
  DP  1.355520E+03  1.865903E-06
  DP  1.375060E+03  1.942435E-06
  DP  1.394890E+03  5.947097E-07
  DP  1.415010E+03  4.574650E-07
  DP  1.435410E+03  4.762710E-07
  DP  1.456110E+03  5.031648E-07
  DP  1.477110E+03  4.401012E-07
  DP  1.498400E+03  4.287396E-07
  DP  1.520010E+03  4.841056E-07
  DP  1.541930E+03  8.089383E-07
  DP  1.564160E+03  1.336057E-06
  DP  1.586720E+03  9.194606E-07
  DP  1.609600E+03  3.958637E-07
  DP  1.632810E+03  3.859744E-07
  DP  1.656360E+03  3.864306E-07
  DP  1.680240E+03  3.911668E-07
  DP  1.704470E+03  3.959732E-07
  DP  1.729050E+03  9.470186E-07
  DP  1.753980E+03  3.344789E-06
  DP  1.779270E+03  5.981608E-06
  DP  1.804930E+03  2.465613E-06
  DP  1.830960E+03  4.114970E-07
  DP  1.857360E+03  2.567071E-07
  DP  1.884140E+03  2.380523E-07
  DP  1.911310E+03  2.517420E-07
  DP  1.938870E+03  3.400824E-07
  DP  1.966830E+03  6.081813E-07
  DP  1.995190E+03  1.472168E-06
  DP  2.023960E+03  3.140535E-06
  DP  2.053150E+03  2.862648E-06
  DP  2.082750E+03  4.964599E-07
  DP  2.112790E+03  1.437006E-07
  DP  2.143250E+03  1.534746E-07
  DP  2.174160E+03  1.740788E-07
  DP  2.205510E+03  2.311795E-07
  DP  2.237310E+03  2.295434E-07
  DP  2.269570E+03  1.484761E-07
  DP  2.302300E+03  1.434625E-07
  DP  2.335500E+03  1.435786E-07
  DP  2.369180E+03  1.438978E-07
  DP  2.403340E+03  1.433379E-07
  DP  2.438000E+03  1.417737E-07
  DP  2.473150E+03  1.417436E-07
  DP  2.508810E+03  1.923977E-07
  DP  2.544990E+03  1.113813E-06
  DP  2.581690E+03  3.552795E-06
  DP  2.618920E+03  4.377214E-06
  DP  2.656680E+03  7.925137E-07
  DP  2.694990E+03  5.610626E-08
  DP  2.733850E+03  5.621096E-08
  DP  2.773270E+03  5.239186E-08
  DP  2.813260E+03  5.379190E-08
  DP  2.853830E+03  5.296257E-08
  DP  2.894980E+03  5.279938E-08
  DP  2.936730E+03  8.230115E-08
  DP  2.979080E+03  1.999682E-07
  DP  3.022030E+03  3.030428E-07
  DP  3.065610E+03  1.344079E-07
  DP  3.109820E+03  8.945012E-08
  DP  3.154660E+03  4.185653E-07
  DP  3.200150E+03  1.427380E-06
  DP  3.246300E+03  2.368800E-06
  DP  3.293110E+03  1.721912E-06
  DP  3.340590E+03  1.968974E-07
  DP  3.388770E+03  6.258609E-08
  DP  3.437630E+03  1.687251E-07
  DP  3.487200E+03  1.587865E-07
  DP  3.537490E+03  1.622375E-08
  DP  3.588500E+03  7.548499E-11
  DP  3.640240E+03  1.954593E-12
  DP  3.692730E+03  9.366656E-14
  DP  3.745980E+03  0.000000E+00
  DP  3.800000E+03  0.000000E+00
  
 EN
