 # final1D_0_1p38_0p6_1p25_base/final1D_0_1p38_0p6_1p25_base_60_100/quickspec.dat                      
 #    1.0000000000000000      =Mpc
  DP  3.000000E+00  0.000000E+00
  DP  3.043260E+00  0.000000E+00
  DP  3.087140E+00  0.000000E+00
  DP  3.131660E+00  0.000000E+00
  DP  3.176820E+00  0.000000E+00
  DP  3.222630E+00  0.000000E+00
  DP  3.269100E+00  0.000000E+00
  DP  3.316240E+00  0.000000E+00
  DP  3.364060E+00  0.000000E+00
  DP  3.412570E+00  0.000000E+00
  DP  3.461780E+00  0.000000E+00
  DP  3.511690E+00  0.000000E+00
  DP  3.562330E+00  0.000000E+00
  DP  3.613700E+00  0.000000E+00
  DP  3.665810E+00  0.000000E+00
  DP  3.718670E+00  0.000000E+00
  DP  3.772290E+00  0.000000E+00
  DP  3.826690E+00  0.000000E+00
  DP  3.881870E+00  0.000000E+00
  DP  3.937850E+00  0.000000E+00
  DP  3.994630E+00  0.000000E+00
  DP  4.052230E+00  0.000000E+00
  DP  4.110660E+00  0.000000E+00
  DP  4.169940E+00  0.000000E+00
  DP  4.230070E+00  0.000000E+00
  DP  4.291070E+00  0.000000E+00
  DP  4.352940E+00  0.000000E+00
  DP  4.415710E+00  0.000000E+00
  DP  4.479390E+00  0.000000E+00
  DP  4.543980E+00  0.000000E+00
  DP  4.609500E+00  0.000000E+00
  DP  4.675970E+00  0.000000E+00
  DP  4.743400E+00  0.000000E+00
  DP  4.811800E+00  0.000000E+00
  DP  4.881180E+00  0.000000E+00
  DP  4.951570E+00  0.000000E+00
  DP  5.022970E+00  0.000000E+00
  DP  5.095400E+00  0.000000E+00
  DP  5.168880E+00  0.000000E+00
  DP  5.243410E+00  0.000000E+00
  DP  5.319020E+00  0.000000E+00
  DP  5.395720E+00  0.000000E+00
  DP  5.473530E+00  0.000000E+00
  DP  5.552450E+00  0.000000E+00
  DP  5.632520E+00  0.000000E+00
  DP  5.713740E+00  0.000000E+00
  DP  5.796130E+00  0.000000E+00
  DP  5.879710E+00  0.000000E+00
  DP  5.964500E+00  0.000000E+00
  DP  6.050500E+00  0.000000E+00
  DP  6.137750E+00  8.129826E-12
  DP  6.226260E+00  1.923300E-10
  DP  6.316040E+00  9.228698E-10
  DP  6.407120E+00  2.513559E-09
  DP  6.499510E+00  5.131109E-09
  DP  6.593230E+00  7.314857E-09
  DP  6.688300E+00  9.284182E-09
  DP  6.784750E+00  4.645316E-09
  DP  6.882580E+00  1.215748E-10
  DP  6.981830E+00  3.679940E-10
  DP  7.082500E+00  4.859765E-10
  DP  7.184630E+00  1.393948E-09
  DP  7.288240E+00  1.754960E-09
  DP  7.393330E+00  1.820262E-09
  DP  7.499940E+00  3.720500E-10
  DP  7.608090E+00  6.558322E-12
  DP  7.717800E+00  6.464283E-12
  DP  7.829090E+00  2.549298E-11
  DP  7.941980E+00  9.828659E-11
  DP  8.056510E+00  6.289016E-11
  DP  8.172680E+00  0.000000E+00
  DP  8.290530E+00  0.000000E+00
  DP  8.410080E+00  0.000000E+00
  DP  8.531350E+00  0.000000E+00
  DP  8.654370E+00  0.000000E+00
  DP  8.779170E+00  0.000000E+00
  DP  8.905760E+00  0.000000E+00
  DP  9.034180E+00  0.000000E+00
  DP  9.164450E+00  0.000000E+00
  DP  9.296600E+00  0.000000E+00
  DP  9.430660E+00  0.000000E+00
  DP  9.566650E+00  0.000000E+00
  DP  9.704600E+00  0.000000E+00
  DP  9.844540E+00  0.000000E+00
  DP  9.986500E+00  0.000000E+00
  DP  1.013050E+01  0.000000E+00
  DP  1.027660E+01  0.000000E+00
  DP  1.042480E+01  0.000000E+00
  DP  1.057510E+01  0.000000E+00
  DP  1.072760E+01  0.000000E+00
  DP  1.088230E+01  0.000000E+00
  DP  1.103920E+01  0.000000E+00
  DP  1.119840E+01  0.000000E+00
  DP  1.135990E+01  0.000000E+00
  DP  1.152370E+01  0.000000E+00
  DP  1.168980E+01  0.000000E+00
  DP  1.185840E+01  0.000000E+00
  DP  1.202940E+01  0.000000E+00
  DP  1.220290E+01  0.000000E+00
  DP  1.237880E+01  0.000000E+00
  DP  1.255730E+01  0.000000E+00
  DP  1.273840E+01  0.000000E+00
  DP  1.292210E+01  0.000000E+00
  DP  1.310840E+01  0.000000E+00
  DP  1.329740E+01  0.000000E+00
  DP  1.348920E+01  0.000000E+00
  DP  1.368370E+01  4.407864E-11
  DP  1.388100E+01  3.788501E-11
  DP  1.408120E+01  2.611575E-09
  DP  1.428420E+01  1.563182E-09
  DP  1.449020E+01  1.529674E-09
  DP  1.469920E+01  1.963952E-09
  DP  1.491110E+01  3.623094E-09
  DP  1.512610E+01  4.728375E-10
  DP  1.534430E+01  1.225858E-11
  DP  1.556550E+01  0.000000E+00
  DP  1.579000E+01  0.000000E+00
  DP  1.601770E+01  0.000000E+00
  DP  1.624860E+01  0.000000E+00
  DP  1.648290E+01  0.000000E+00
  DP  1.672060E+01  0.000000E+00
  DP  1.696170E+01  0.000000E+00
  DP  1.720630E+01  0.000000E+00
  DP  1.745440E+01  0.000000E+00
  DP  1.770610E+01  0.000000E+00
  DP  1.796140E+01  0.000000E+00
  DP  1.822040E+01  0.000000E+00
  DP  1.848320E+01  0.000000E+00
  DP  1.874970E+01  0.000000E+00
  DP  1.902010E+01  0.000000E+00
  DP  1.929430E+01  0.000000E+00
  DP  1.957260E+01  0.000000E+00
  DP  1.985480E+01  0.000000E+00
  DP  2.014110E+01  0.000000E+00
  DP  2.043150E+01  0.000000E+00
  DP  2.072620E+01  0.000000E+00
  DP  2.102500E+01  0.000000E+00
  DP  2.132820E+01  0.000000E+00
  DP  2.163580E+01  0.000000E+00
  DP  2.194770E+01  0.000000E+00
  DP  2.226420E+01  0.000000E+00
  DP  2.258530E+01  0.000000E+00
  DP  2.291100E+01  0.000000E+00
  DP  2.324130E+01  0.000000E+00
  DP  2.357650E+01  0.000000E+00
  DP  2.391640E+01  0.000000E+00
  DP  2.426130E+01  0.000000E+00
  DP  2.461120E+01  0.000000E+00
  DP  2.496600E+01  0.000000E+00
  DP  2.532610E+01  0.000000E+00
  DP  2.569130E+01  0.000000E+00
  DP  2.606170E+01  0.000000E+00
  DP  2.643750E+01  0.000000E+00
  DP  2.681880E+01  0.000000E+00
  DP  2.720550E+01  0.000000E+00
  DP  2.759780E+01  0.000000E+00
  DP  2.799570E+01  0.000000E+00
  DP  2.839940E+01  0.000000E+00
  DP  2.880890E+01  0.000000E+00
  DP  2.922440E+01  0.000000E+00
  DP  2.964580E+01  0.000000E+00
  DP  3.007330E+01  0.000000E+00
  DP  3.050690E+01  0.000000E+00
  DP  3.094680E+01  0.000000E+00
  DP  3.139310E+01  1.904298E-09
  DP  3.184580E+01  0.000000E+00
  DP  3.230500E+01  0.000000E+00
  DP  3.277080E+01  0.000000E+00
  DP  3.324340E+01  0.000000E+00
  DP  3.372270E+01  0.000000E+00
  DP  3.420900E+01  0.000000E+00
  DP  3.470230E+01  0.000000E+00
  DP  3.520270E+01  0.000000E+00
  DP  3.571030E+01  0.000000E+00
  DP  3.622530E+01  1.650276E-09
  DP  3.674760E+01  1.626821E-09
  DP  3.727750E+01  0.000000E+00
  DP  3.781510E+01  1.580896E-09
  DP  3.836040E+01  0.000000E+00
  DP  3.891350E+01  7.681360E-09
  DP  3.947460E+01  6.057739E-09
  DP  4.004390E+01  7.464538E-09
  DP  4.062130E+01  1.177352E-08
  DP  4.120700E+01  5.803065E-09
  DP  4.180120E+01  1.287124E-08
  DP  4.240400E+01  1.127851E-08
  DP  4.301550E+01  2.084663E-08
  DP  4.363570E+01  1.781022E-08
  DP  4.426500E+01  2.160869E-08
  DP  4.490330E+01  1.863880E-08
  DP  4.555080E+01  3.543536E-08
  DP  4.620760E+01  3.751918E-08
  DP  4.687390E+01  5.611646E-08
  DP  4.754980E+01  4.651801E-08
  DP  4.823550E+01  6.692611E-08
  DP  4.893100E+01  7.208352E-08
  DP  4.963660E+01  8.189839E-08
  DP  5.035240E+01  1.092288E-07
  DP  5.107850E+01  1.076762E-07
  DP  5.181500E+01  1.453726E-07
  DP  5.256220E+01  1.439830E-07
  DP  5.332010E+01  1.625718E-07
  DP  5.408900E+01  2.015107E-07
  DP  5.486890E+01  2.429665E-07
  DP  5.566010E+01  2.427350E-07
  DP  5.646280E+01  2.932822E-07
  DP  5.727690E+01  3.099883E-07
  DP  5.810290E+01  3.559989E-07
  DP  5.894070E+01  3.823855E-07
  DP  5.979060E+01  4.455126E-07
  DP  6.065280E+01  4.997187E-07
  DP  6.152740E+01  5.619133E-07
  DP  6.241460E+01  5.934496E-07
  DP  6.331460E+01  6.675582E-07
  DP  6.422760E+01  7.963934E-07
  DP  6.515380E+01  8.625061E-07
  DP  6.609330E+01  9.419131E-07
  DP  6.704640E+01  1.005803E-06
  DP  6.801320E+01  1.091201E-06
  DP  6.899390E+01  1.231967E-06
  DP  6.998880E+01  1.345307E-06
  DP  7.099800E+01  1.531487E-06
  DP  7.202180E+01  1.553054E-06
  DP  7.306040E+01  1.709871E-06
  DP  7.411390E+01  1.799573E-06
  DP  7.518260E+01  2.027466E-06
  DP  7.626670E+01  2.091924E-06
  DP  7.736650E+01  2.228060E-06
  DP  7.848210E+01  2.427409E-06
  DP  7.961380E+01  2.576898E-06
  DP  8.076180E+01  2.772503E-06
  DP  8.192640E+01  2.921332E-06
  DP  8.310780E+01  3.303310E-06
  DP  8.430620E+01  3.416183E-06
  DP  8.552190E+01  3.635093E-06
  DP  8.675510E+01  3.828167E-06
  DP  8.800610E+01  4.048974E-06
  DP  8.927510E+01  4.315706E-06
  DP  9.056250E+01  4.445516E-06
  DP  9.186840E+01  4.773138E-06
  DP  9.319310E+01  4.961457E-06
  DP  9.453690E+01  5.160881E-06
  DP  9.590010E+01  5.433797E-06
  DP  9.728300E+01  5.750364E-06
  DP  9.868580E+01  5.948994E-06
  DP  1.001090E+02  6.172183E-06
  DP  1.015520E+02  6.443059E-06
  DP  1.030170E+02  6.846654E-06
  DP  1.045020E+02  7.005610E-06
  DP  1.060090E+02  7.259031E-06
  DP  1.075380E+02  7.411586E-06
  DP  1.090890E+02  7.743319E-06
  DP  1.106620E+02  8.131689E-06
  DP  1.122570E+02  8.464793E-06
  DP  1.138760E+02  8.590801E-06
  DP  1.155180E+02  8.970748E-06
  DP  1.171840E+02  9.358300E-06
  DP  1.188740E+02  9.628950E-06
  DP  1.205880E+02  1.034464E-05
  DP  1.223270E+02  1.166105E-05
  DP  1.240910E+02  1.155325E-05
  DP  1.258800E+02  1.029960E-05
  DP  1.276950E+02  1.067144E-05
  DP  1.295370E+02  1.073796E-05
  DP  1.314040E+02  1.073462E-05
  DP  1.332990E+02  1.103852E-05
  DP  1.352210E+02  1.125561E-05
  DP  1.371710E+02  1.145173E-05
  DP  1.391490E+02  1.151916E-05
  DP  1.411560E+02  1.135781E-05
  DP  1.431910E+02  1.141613E-05
  DP  1.452560E+02  1.156478E-05
  DP  1.473510E+02  1.173199E-05
  DP  1.494750E+02  1.180870E-05
  DP  1.516310E+02  1.178204E-05
  DP  1.538170E+02  1.211110E-05
  DP  1.560350E+02  1.352142E-05
  DP  1.582850E+02  1.639121E-05
  DP  1.605680E+02  1.473806E-05
  DP  1.628830E+02  1.175806E-05
  DP  1.652320E+02  1.183218E-05
  DP  1.676150E+02  1.194849E-05
  DP  1.700320E+02  1.231273E-05
  DP  1.724830E+02  1.263026E-05
  DP  1.749710E+02  1.269084E-05
  DP  1.774940E+02  1.251954E-05
  DP  1.800530E+02  1.274524E-05
  DP  1.826490E+02  1.276629E-05
  DP  1.852830E+02  1.260895E-05
  DP  1.879550E+02  1.264747E-05
  DP  1.906650E+02  1.257427E-05
  DP  1.934150E+02  1.294520E-05
  DP  1.962040E+02  1.342149E-05
  DP  1.990330E+02  1.387747E-05
  DP  2.019030E+02  1.368545E-05
  DP  2.048140E+02  1.367459E-05
  DP  2.077680E+02  1.385767E-05
  DP  2.107640E+02  1.398251E-05
  DP  2.138030E+02  1.394340E-05
  DP  2.168860E+02  1.397114E-05
  DP  2.200130E+02  1.383411E-05
  DP  2.231860E+02  1.365512E-05
  DP  2.264040E+02  1.357916E-05
  DP  2.296690E+02  1.337829E-05
  DP  2.329810E+02  1.329072E-05
  DP  2.363400E+02  1.319654E-05
  DP  2.397480E+02  1.307521E-05
  DP  2.432060E+02  1.282211E-05
  DP  2.467130E+02  1.260460E-05
  DP  2.502700E+02  1.251779E-05
  DP  2.538790E+02  1.233571E-05
  DP  2.575400E+02  1.216057E-05
  DP  2.612540E+02  1.196328E-05
  DP  2.650210E+02  1.205687E-05
  DP  2.688430E+02  1.268081E-05
  DP  2.727190E+02  1.267780E-05
  DP  2.766520E+02  1.133566E-05
  DP  2.806410E+02  1.105106E-05
  DP  2.846880E+02  1.091410E-05
  DP  2.887930E+02  1.079052E-05
  DP  2.929570E+02  1.063376E-05
  DP  2.971820E+02  1.047959E-05
  DP  3.014670E+02  1.023902E-05
  DP  3.058140E+02  1.015095E-05
  DP  3.102240E+02  1.004366E-05
  DP  3.146980E+02  9.845538E-06
  DP  3.192350E+02  9.763231E-06
  DP  3.238390E+02  9.652264E-06
  DP  3.285080E+02  9.473111E-06
  DP  3.332460E+02  9.376098E-06
  DP  3.380510E+02  9.316185E-06
  DP  3.429260E+02  9.218086E-06
  DP  3.478710E+02  9.119903E-06
  DP  3.528870E+02  8.941502E-06
  DP  3.579750E+02  8.844406E-06
  DP  3.631370E+02  8.785162E-06
  DP  3.683740E+02  8.749899E-06
  DP  3.736860E+02  8.639350E-06
  DP  3.790740E+02  8.487688E-06
  DP  3.845400E+02  8.404797E-06
  DP  3.900850E+02  8.312145E-06
  DP  3.957100E+02  8.219787E-06
  DP  4.014170E+02  8.170896E-06
  DP  4.072050E+02  8.180956E-06
  DP  4.130770E+02  8.121921E-06
  DP  4.190330E+02  7.975934E-06
  DP  4.250760E+02  7.930987E-06
  DP  4.312050E+02  7.850184E-06
  DP  4.374230E+02  7.794633E-06
  DP  4.437310E+02  7.765521E-06
  DP  4.501290E+02  7.637407E-06
  DP  4.566200E+02  7.606231E-06
  DP  4.632050E+02  7.606891E-06
  DP  4.698840E+02  7.736476E-06
  DP  4.766600E+02  8.107457E-06
  DP  4.835330E+02  8.338517E-06
  DP  4.905060E+02  7.616826E-06
  DP  4.975790E+02  1.121091E-05
  DP  5.047540E+02  3.018153E-05
  DP  5.120320E+02  5.238617E-05
  DP  5.194160E+02  2.674788E-05
  DP  5.269050E+02  5.675611E-06
  DP  5.345030E+02  5.171895E-06
  DP  5.422110E+02  5.113996E-06
  DP  5.500290E+02  5.069442E-06
  DP  5.579610E+02  5.040705E-06
  DP  5.660070E+02  5.014217E-06
  DP  5.741680E+02  4.978737E-06
  DP  5.824480E+02  4.949709E-06
  DP  5.908470E+02  4.872600E-06
  DP  5.993670E+02  4.860809E-06
  DP  6.080090E+02  4.862940E-06
  DP  6.167770E+02  4.783282E-06
  DP  6.256710E+02  4.806512E-06
  DP  6.346930E+02  4.778010E-06
  DP  6.438450E+02  4.781227E-06
  DP  6.531290E+02  4.655853E-06
  DP  6.625470E+02  4.697725E-06
  DP  6.721010E+02  4.674679E-06
  DP  6.817930E+02  4.674069E-06
  DP  6.916240E+02  4.667301E-06
  DP  7.015970E+02  4.649294E-06
  DP  7.117140E+02  4.605901E-06
  DP  7.219770E+02  4.684172E-06
  DP  7.323880E+02  4.916878E-06
  DP  7.429490E+02  5.413325E-06
  DP  7.536620E+02  5.576968E-06
  DP  7.645300E+02  4.828647E-06
  DP  7.755540E+02  4.618895E-06
  DP  7.867380E+02  4.821469E-06
  DP  7.980820E+02  5.272777E-06
  DP  8.095910E+02  6.053319E-06
  DP  8.212650E+02  9.549986E-06
  DP  8.331070E+02  3.818766E-05
  DP  8.451210E+02  8.412568E-05
  DP  8.573070E+02  6.171514E-05
  DP  8.696700E+02  5.767009E-06
  DP  8.822100E+02  1.849358E-06
  DP  8.949320E+02  1.867950E-06
  DP  9.078360E+02  1.874183E-06
  DP  9.209270E+02  1.847361E-06
  DP  9.342070E+02  1.844353E-06
  DP  9.476780E+02  1.880392E-06
  DP  9.613440E+02  2.263105E-06
  DP  9.752060E+02  2.877262E-06
  DP  9.892680E+02  2.620006E-06
  DP  1.003530E+03  2.098458E-06
  DP  1.018000E+03  5.046195E-06
  DP  1.032680E+03  1.078417E-05
  DP  1.047580E+03  1.037380E-05
  DP  1.062680E+03  2.582112E-06
  DP  1.078000E+03  1.507021E-06
  DP  1.093550E+03  1.483758E-06
  DP  1.109320E+03  1.512469E-06
  DP  1.125310E+03  1.551116E-06
  DP  1.141540E+03  1.735967E-06
  DP  1.158000E+03  2.317904E-06
  DP  1.174700E+03  3.000898E-06
  DP  1.191640E+03  2.621719E-06
  DP  1.208820E+03  9.845120E-06
  DP  1.226250E+03  3.306803E-05
  DP  1.243940E+03  4.466381E-05
  DP  1.261870E+03  1.188616E-05
  DP  1.280070E+03  5.651955E-07
  DP  1.298530E+03  4.552381E-07
  DP  1.317250E+03  5.775022E-07
  DP  1.336250E+03  1.494570E-06
  DP  1.355520E+03  2.905740E-06
  DP  1.375060E+03  2.306966E-06
  DP  1.394890E+03  5.495397E-07
  DP  1.415010E+03  4.298760E-07
  DP  1.435410E+03  4.844047E-07
  DP  1.456110E+03  4.839760E-07
  DP  1.477110E+03  3.920091E-07
  DP  1.498400E+03  3.797550E-07
  DP  1.520010E+03  3.980756E-07
  DP  1.541930E+03  4.788254E-07
  DP  1.564160E+03  5.586010E-07
  DP  1.586720E+03  4.453997E-07
  DP  1.609600E+03  3.788225E-07
  DP  1.632810E+03  3.668709E-07
  DP  1.656360E+03  3.666311E-07
  DP  1.680240E+03  3.656668E-07
  DP  1.704470E+03  4.333329E-07
  DP  1.729050E+03  1.941483E-06
  DP  1.753980E+03  6.262486E-06
  DP  1.779270E+03  8.415827E-06
  DP  1.804930E+03  2.664143E-06
  DP  1.830960E+03  4.121069E-07
  DP  1.857360E+03  2.384885E-07
  DP  1.884140E+03  2.242123E-07
  DP  1.911310E+03  2.620048E-07
  DP  1.938870E+03  4.414148E-07
  DP  1.966830E+03  9.791809E-07
  DP  1.995190E+03  2.719927E-06
  DP  2.023960E+03  4.875883E-06
  DP  2.053150E+03  3.439462E-06
  DP  2.082750E+03  4.852462E-07
  DP  2.112790E+03  1.378238E-07
  DP  2.143250E+03  1.413726E-07
  DP  2.174160E+03  1.995370E-07
  DP  2.205510E+03  2.722209E-07
  DP  2.237310E+03  2.298217E-07
  DP  2.269570E+03  1.410008E-07
  DP  2.302300E+03  1.333233E-07
  DP  2.335500E+03  1.296926E-07
  DP  2.369180E+03  1.312017E-07
  DP  2.403340E+03  1.310195E-07
  DP  2.438000E+03  1.314950E-07
  DP  2.473150E+03  1.300235E-07
  DP  2.508810E+03  3.120213E-07
  DP  2.544990E+03  2.331791E-06
  DP  2.581690E+03  5.805029E-06
  DP  2.618920E+03  5.320556E-06
  DP  2.656680E+03  7.593304E-07
  DP  2.694990E+03  5.168962E-08
  DP  2.733850E+03  4.636233E-08
  DP  2.773270E+03  4.890431E-08
  DP  2.813260E+03  4.839067E-08
  DP  2.853830E+03  4.936356E-08
  DP  2.894980E+03  5.314222E-08
  DP  2.936730E+03  1.238317E-07
  DP  2.979080E+03  3.084642E-07
  DP  3.022030E+03  3.761243E-07
  DP  3.065610E+03  1.302842E-07
  DP  3.109820E+03  1.510806E-07
  DP  3.154660E+03  8.139887E-07
  DP  3.200150E+03  2.420373E-06
  DP  3.246300E+03  3.333684E-06
  DP  3.293110E+03  1.944165E-06
  DP  3.340590E+03  1.948644E-07
  DP  3.388770E+03  1.195267E-07
  DP  3.437630E+03  2.519191E-07
  DP  3.487200E+03  1.818825E-07
  DP  3.537490E+03  1.621038E-08
  DP  3.588500E+03  4.040710E-11
  DP  3.640240E+03  1.384121E-12
  DP  3.692730E+03  9.457987E-14
  DP  3.745980E+03  0.000000E+00
  DP  3.800000E+03  0.000000E+00
  
 EN
