 # final1D_0_1p38_0p6_1p25_base/final1D_0_1p38_0p6_1p25_base_15_100/quickspec.dat                      
 #    1.0000000000000000      =Mpc
  DP  3.000000E+00  0.000000E+00
  DP  3.043260E+00  0.000000E+00
  DP  3.087140E+00  0.000000E+00
  DP  3.131660E+00  0.000000E+00
  DP  3.176820E+00  0.000000E+00
  DP  3.222630E+00  0.000000E+00
  DP  3.269100E+00  0.000000E+00
  DP  3.316240E+00  0.000000E+00
  DP  3.364060E+00  0.000000E+00
  DP  3.412570E+00  0.000000E+00
  DP  3.461780E+00  0.000000E+00
  DP  3.511690E+00  0.000000E+00
  DP  3.562330E+00  0.000000E+00
  DP  3.613700E+00  0.000000E+00
  DP  3.665810E+00  0.000000E+00
  DP  3.718670E+00  0.000000E+00
  DP  3.772290E+00  0.000000E+00
  DP  3.826690E+00  0.000000E+00
  DP  3.881870E+00  0.000000E+00
  DP  3.937850E+00  0.000000E+00
  DP  3.994630E+00  0.000000E+00
  DP  4.052230E+00  0.000000E+00
  DP  4.110660E+00  0.000000E+00
  DP  4.169940E+00  0.000000E+00
  DP  4.230070E+00  0.000000E+00
  DP  4.291070E+00  0.000000E+00
  DP  4.352940E+00  0.000000E+00
  DP  4.415710E+00  0.000000E+00
  DP  4.479390E+00  0.000000E+00
  DP  4.543980E+00  0.000000E+00
  DP  4.609500E+00  0.000000E+00
  DP  4.675970E+00  0.000000E+00
  DP  4.743400E+00  0.000000E+00
  DP  4.811800E+00  0.000000E+00
  DP  4.881180E+00  0.000000E+00
  DP  4.951570E+00  0.000000E+00
  DP  5.022970E+00  0.000000E+00
  DP  5.095400E+00  0.000000E+00
  DP  5.168880E+00  0.000000E+00
  DP  5.243410E+00  0.000000E+00
  DP  5.319020E+00  0.000000E+00
  DP  5.395720E+00  0.000000E+00
  DP  5.473530E+00  0.000000E+00
  DP  5.552450E+00  0.000000E+00
  DP  5.632520E+00  0.000000E+00
  DP  5.713740E+00  0.000000E+00
  DP  5.796130E+00  0.000000E+00
  DP  5.879710E+00  0.000000E+00
  DP  5.964500E+00  0.000000E+00
  DP  6.050500E+00  0.000000E+00
  DP  6.137750E+00  0.000000E+00
  DP  6.226260E+00  0.000000E+00
  DP  6.316040E+00  0.000000E+00
  DP  6.407120E+00  0.000000E+00
  DP  6.499510E+00  0.000000E+00
  DP  6.593230E+00  7.859367E-11
  DP  6.688300E+00  1.162169E-10
  DP  6.784750E+00  3.819059E-11
  DP  6.882580E+00  0.000000E+00
  DP  6.981830E+00  7.422766E-11
  DP  7.082500E+00  3.658540E-11
  DP  7.184630E+00  3.966976E-10
  DP  7.288240E+00  7.465783E-10
  DP  7.393330E+00  5.957668E-10
  DP  7.499940E+00  3.454979E-11
  DP  7.608090E+00  0.000000E+00
  DP  7.717800E+00  0.000000E+00
  DP  7.829090E+00  3.309685E-11
  DP  7.941980E+00  1.631224E-10
  DP  8.056510E+00  1.286456E-10
  DP  8.172680E+00  6.340707E-11
  DP  8.290530E+00  0.000000E+00
  DP  8.410080E+00  0.000000E+00
  DP  8.531350E+00  0.000000E+00
  DP  8.654370E+00  0.000000E+00
  DP  8.779170E+00  0.000000E+00
  DP  8.905760E+00  0.000000E+00
  DP  9.034180E+00  0.000000E+00
  DP  9.164450E+00  0.000000E+00
  DP  9.296600E+00  0.000000E+00
  DP  9.430660E+00  0.000000E+00
  DP  9.566650E+00  0.000000E+00
  DP  9.704600E+00  0.000000E+00
  DP  9.844540E+00  0.000000E+00
  DP  9.986500E+00  0.000000E+00
  DP  1.013050E+01  0.000000E+00
  DP  1.027660E+01  0.000000E+00
  DP  1.042480E+01  0.000000E+00
  DP  1.057510E+01  0.000000E+00
  DP  1.072760E+01  0.000000E+00
  DP  1.088230E+01  0.000000E+00
  DP  1.103920E+01  0.000000E+00
  DP  1.119840E+01  0.000000E+00
  DP  1.135990E+01  0.000000E+00
  DP  1.152370E+01  0.000000E+00
  DP  1.168980E+01  0.000000E+00
  DP  1.185840E+01  0.000000E+00
  DP  1.202940E+01  0.000000E+00
  DP  1.220290E+01  0.000000E+00
  DP  1.237880E+01  0.000000E+00
  DP  1.255730E+01  0.000000E+00
  DP  1.273840E+01  0.000000E+00
  DP  1.292210E+01  0.000000E+00
  DP  1.310840E+01  0.000000E+00
  DP  1.329740E+01  0.000000E+00
  DP  1.348920E+01  0.000000E+00
  DP  1.368370E+01  0.000000E+00
  DP  1.388100E+01  0.000000E+00
  DP  1.408120E+01  0.000000E+00
  DP  1.428420E+01  1.813745E-11
  DP  1.449020E+01  3.576175E-11
  DP  1.469920E+01  0.000000E+00
  DP  1.491110E+01  2.090403E-10
  DP  1.512610E+01  6.457766E-11
  DP  1.534430E+01  1.688522E-11
  DP  1.556550E+01  0.000000E+00
  DP  1.579000E+01  0.000000E+00
  DP  1.601770E+01  0.000000E+00
  DP  1.624860E+01  0.000000E+00
  DP  1.648290E+01  0.000000E+00
  DP  1.672060E+01  0.000000E+00
  DP  1.696170E+01  0.000000E+00
  DP  1.720630E+01  0.000000E+00
  DP  1.745440E+01  0.000000E+00
  DP  1.770610E+01  0.000000E+00
  DP  1.796140E+01  0.000000E+00
  DP  1.822040E+01  0.000000E+00
  DP  1.848320E+01  0.000000E+00
  DP  1.874970E+01  0.000000E+00
  DP  1.902010E+01  0.000000E+00
  DP  1.929430E+01  0.000000E+00
  DP  1.957260E+01  0.000000E+00
  DP  1.985480E+01  0.000000E+00
  DP  2.014110E+01  0.000000E+00
  DP  2.043150E+01  0.000000E+00
  DP  2.072620E+01  0.000000E+00
  DP  2.102500E+01  0.000000E+00
  DP  2.132820E+01  0.000000E+00
  DP  2.163580E+01  0.000000E+00
  DP  2.194770E+01  0.000000E+00
  DP  2.226420E+01  0.000000E+00
  DP  2.258530E+01  0.000000E+00
  DP  2.291100E+01  0.000000E+00
  DP  2.324130E+01  0.000000E+00
  DP  2.357650E+01  1.316755E-08
  DP  2.391640E+01  2.596083E-08
  DP  2.426130E+01  0.000000E+00
  DP  2.461120E+01  0.000000E+00
  DP  2.496600E+01  0.000000E+00
  DP  2.532610E+01  0.000000E+00
  DP  2.569130E+01  1.208369E-08
  DP  2.606170E+01  0.000000E+00
  DP  2.643750E+01  2.348520E-08
  DP  2.681880E+01  2.315138E-08
  DP  2.720550E+01  2.370053E-08
  DP  2.759780E+01  4.499571E-08
  DP  2.799570E+01  0.000000E+00
  DP  2.839940E+01  3.279420E-08
  DP  2.880890E+01  2.155196E-08
  DP  2.922440E+01  5.395702E-08
  DP  2.964580E+01  6.283092E-08
  DP  3.007330E+01  5.161483E-08
  DP  3.050690E+01  9.197865E-08
  DP  3.094680E+01  1.304104E-07
  DP  3.139310E+01  1.521761E-07
  DP  3.184580E+01  1.279429E-07
  DP  3.230500E+01  1.839448E-07
  DP  3.277080E+01  2.226464E-07
  DP  3.324340E+01  2.566419E-07
  DP  3.372270E+01  3.147337E-07
  DP  3.420900E+01  4.278480E-07
  DP  3.470230E+01  4.926237E-07
  DP  3.520270E+01  4.789023E-07
  DP  3.571030E+01  5.741807E-07
  DP  3.622530E+01  5.586335E-07
  DP  3.674760E+01  7.933418E-07
  DP  3.727750E+01  8.032487E-07
  DP  3.781510E+01  8.229939E-07
  DP  3.836040E+01  1.019373E-06
  DP  3.891350E+01  1.024028E-06
  DP  3.947460E+01  1.277473E-06
  DP  4.004390E+01  1.497161E-06
  DP  4.062130E+01  1.440883E-06
  DP  4.120700E+01  1.598786E-06
  DP  4.180120E+01  1.873941E-06
  DP  4.240400E+01  1.895190E-06
  DP  4.301550E+01  2.293563E-06
  DP  4.363570E+01  2.086501E-06
  DP  4.426500E+01  2.263890E-06
  DP  4.490330E+01  2.522266E-06
  DP  4.555080E+01  2.745422E-06
  DP  4.620760E+01  3.032534E-06
  DP  4.687390E+01  3.181655E-06
  DP  4.754980E+01  3.327509E-06
  DP  4.823550E+01  3.555160E-06
  DP  4.893100E+01  3.827281E-06
  DP  4.963660E+01  3.808472E-06
  DP  5.035240E+01  4.057380E-06
  DP  5.107850E+01  4.548813E-06
  DP  5.181500E+01  4.697784E-06
  DP  5.256220E+01  4.827268E-06
  DP  5.332010E+01  4.956276E-06
  DP  5.408900E+01  5.360548E-06
  DP  5.486890E+01  5.559379E-06
  DP  5.566010E+01  5.719137E-06
  DP  5.646280E+01  5.896794E-06
  DP  5.727690E+01  6.037250E-06
  DP  5.810290E+01  6.418927E-06
  DP  5.894070E+01  6.388177E-06
  DP  5.979060E+01  6.279791E-06
  DP  6.065280E+01  7.060618E-06
  DP  6.152740E+01  6.978645E-06
  DP  6.241460E+01  6.958541E-06
  DP  6.331460E+01  7.119026E-06
  DP  6.422760E+01  7.313153E-06
  DP  6.515380E+01  7.490066E-06
  DP  6.609330E+01  7.875001E-06
  DP  6.704640E+01  7.734729E-06
  DP  6.801320E+01  7.921369E-06
  DP  6.899390E+01  8.074401E-06
  DP  6.998880E+01  8.428277E-06
  DP  7.099800E+01  8.298174E-06
  DP  7.202180E+01  8.405632E-06
  DP  7.306040E+01  8.408891E-06
  DP  7.411390E+01  8.485933E-06
  DP  7.518260E+01  8.356750E-06
  DP  7.626670E+01  8.526878E-06
  DP  7.736650E+01  8.718230E-06
  DP  7.848210E+01  8.660574E-06
  DP  7.961380E+01  8.733940E-06
  DP  8.076180E+01  8.893873E-06
  DP  8.192640E+01  8.975261E-06
  DP  8.310780E+01  8.826942E-06
  DP  8.430620E+01  8.706615E-06
  DP  8.552190E+01  8.456688E-06
  DP  8.675510E+01  8.684472E-06
  DP  8.800610E+01  8.450086E-06
  DP  8.927510E+01  8.412986E-06
  DP  9.056250E+01  8.763938E-06
  DP  9.186840E+01  8.509999E-06
  DP  9.319310E+01  8.486602E-06
  DP  9.453690E+01  8.530638E-06
  DP  9.590010E+01  8.388753E-06
  DP  9.728300E+01  8.574256E-06
  DP  9.868580E+01  8.128414E-06
  DP  1.001090E+02  8.037459E-06
  DP  1.015520E+02  8.416997E-06
  DP  1.030170E+02  8.258801E-06
  DP  1.045020E+02  8.272772E-06
  DP  1.060090E+02  8.311377E-06
  DP  1.075380E+02  7.914843E-06
  DP  1.090890E+02  7.817287E-06
  DP  1.106620E+02  7.911759E-06
  DP  1.122570E+02  7.638736E-06
  DP  1.138760E+02  7.787857E-06
  DP  1.155180E+02  7.902752E-06
  DP  1.171840E+02  7.457494E-06
  DP  1.188740E+02  7.285018E-06
  DP  1.205880E+02  7.272576E-06
  DP  1.223270E+02  7.065138E-06
  DP  1.240910E+02  7.213265E-06
  DP  1.258800E+02  6.850498E-06
  DP  1.276950E+02  6.963237E-06
  DP  1.295370E+02  6.480502E-06
  DP  1.314040E+02  6.751939E-06
  DP  1.332990E+02  6.571892E-06
  DP  1.352210E+02  6.593835E-06
  DP  1.371710E+02  6.382921E-06
  DP  1.391490E+02  6.299478E-06
  DP  1.411560E+02  6.308352E-06
  DP  1.431910E+02  6.068761E-06
  DP  1.452560E+02  6.101750E-06
  DP  1.473510E+02  5.942644E-06
  DP  1.494750E+02  5.843508E-06
  DP  1.516310E+02  5.648571E-06
  DP  1.538170E+02  5.471332E-06
  DP  1.560350E+02  5.599697E-06
  DP  1.582850E+02  5.971572E-06
  DP  1.605680E+02  7.374168E-06
  DP  1.628830E+02  5.973603E-06
  DP  1.652320E+02  4.536162E-06
  DP  1.676150E+02  4.731383E-06
  DP  1.700320E+02  4.599275E-06
  DP  1.724830E+02  4.491407E-06
  DP  1.749710E+02  4.403026E-06
  DP  1.774940E+02  3.933569E-06
  DP  1.800530E+02  4.154234E-06
  DP  1.826490E+02  4.234937E-06
  DP  1.852830E+02  4.099427E-06
  DP  1.879550E+02  4.103664E-06
  DP  1.906650E+02  3.874559E-06
  DP  1.934150E+02  3.982953E-06
  DP  1.962040E+02  3.914008E-06
  DP  1.990330E+02  3.775131E-06
  DP  2.019030E+02  3.655699E-06
  DP  2.048140E+02  3.844018E-06
  DP  2.077680E+02  3.687343E-06
  DP  2.107640E+02  3.627832E-06
  DP  2.138030E+02  3.464948E-06
  DP  2.168860E+02  3.605830E-06
  DP  2.200130E+02  3.546168E-06
  DP  2.231860E+02  3.494637E-06
  DP  2.264040E+02  3.491153E-06
  DP  2.296690E+02  3.320456E-06
  DP  2.329810E+02  3.300978E-06
  DP  2.363400E+02  3.394173E-06
  DP  2.397480E+02  3.261396E-06
  DP  2.432060E+02  3.305817E-06
  DP  2.467130E+02  3.171059E-06
  DP  2.502700E+02  3.100309E-06
  DP  2.538790E+02  2.930331E-06
  DP  2.575400E+02  3.019699E-06
  DP  2.612540E+02  2.913202E-06
  DP  2.650210E+02  2.965418E-06
  DP  2.688430E+02  3.030169E-06
  DP  2.727190E+02  3.517298E-06
  DP  2.766520E+02  3.721803E-06
  DP  2.806410E+02  2.780759E-06
  DP  2.846880E+02  2.573873E-06
  DP  2.887930E+02  2.631579E-06
  DP  2.929570E+02  2.558690E-06
  DP  2.971820E+02  2.546073E-06
  DP  3.014670E+02  2.496455E-06
  DP  3.058140E+02  2.450981E-06
  DP  3.102240E+02  2.472657E-06
  DP  3.146980E+02  2.388662E-06
  DP  3.192350E+02  2.373646E-06
  DP  3.238390E+02  2.317870E-06
  DP  3.285080E+02  2.289192E-06
  DP  3.332460E+02  2.184007E-06
  DP  3.380510E+02  2.261885E-06
  DP  3.429260E+02  2.125005E-06
  DP  3.478710E+02  2.104400E-06
  DP  3.528870E+02  2.101634E-06
  DP  3.579750E+02  2.082900E-06
  DP  3.631370E+02  2.167128E-06
  DP  3.683740E+02  2.044520E-06
  DP  3.736860E+02  2.048724E-06
  DP  3.790740E+02  2.002473E-06
  DP  3.845400E+02  2.036348E-06
  DP  3.900850E+02  1.993398E-06
  DP  3.957100E+02  2.012408E-06
  DP  4.014170E+02  1.906722E-06
  DP  4.072050E+02  1.870356E-06
  DP  4.130770E+02  1.858441E-06
  DP  4.190330E+02  1.886174E-06
  DP  4.250760E+02  1.779485E-06
  DP  4.312050E+02  1.781958E-06
  DP  4.374230E+02  1.773009E-06
  DP  4.437310E+02  1.763542E-06
  DP  4.501290E+02  1.718344E-06
  DP  4.566200E+02  1.712695E-06
  DP  4.632050E+02  1.681544E-06
  DP  4.698840E+02  1.693744E-06
  DP  4.766600E+02  1.715595E-06
  DP  4.835330E+02  2.294607E-06
  DP  4.905060E+02  2.679718E-06
  DP  4.975790E+02  1.482805E-06
  DP  5.047540E+02  1.399646E-06
  DP  5.120320E+02  1.516563E-06
  DP  5.194160E+02  1.818633E-06
  DP  5.269050E+02  1.427447E-06
  DP  5.345030E+02  1.314967E-06
  DP  5.422110E+02  1.289431E-06
  DP  5.500290E+02  1.243255E-06
  DP  5.579610E+02  1.219817E-06
  DP  5.660070E+02  1.181371E-06
  DP  5.741680E+02  1.208386E-06
  DP  5.824480E+02  1.211695E-06
  DP  5.908470E+02  1.117439E-06
  DP  5.993670E+02  1.136683E-06
  DP  6.080090E+02  1.147019E-06
  DP  6.167770E+02  1.130366E-06
  DP  6.256710E+02  1.094427E-06
  DP  6.346930E+02  1.117130E-06
  DP  6.438450E+02  1.098705E-06
  DP  6.531290E+02  1.094260E-06
  DP  6.625470E+02  1.064604E-06
  DP  6.721010E+02  1.049739E-06
  DP  6.817930E+02  1.042728E-06
  DP  6.916240E+02  1.026493E-06
  DP  7.015970E+02  1.033771E-06
  DP  7.117140E+02  1.042895E-06
  DP  7.219770E+02  9.952244E-07
  DP  7.323880E+02  1.029058E-06
  DP  7.429490E+02  1.126313E-06
  DP  7.536620E+02  1.973987E-06
  DP  7.645300E+02  2.854392E-06
  DP  7.755540E+02  9.027319E-07
  DP  7.867380E+02  7.727551E-07
  DP  7.980820E+02  8.239131E-07
  DP  8.095910E+02  1.409699E-06
  DP  8.212650E+02  3.935541E-06
  DP  8.331070E+02  2.385721E-06
  DP  8.451210E+02  6.998173E-07
  DP  8.573070E+02  1.674400E-06
  DP  8.696700E+02  9.322620E-07
  DP  8.822100E+02  2.701502E-07
  DP  8.949320E+02  2.595055E-07
  DP  9.078360E+02  2.530789E-07
  DP  9.209270E+02  2.544050E-07
  DP  9.342070E+02  2.645342E-07
  DP  9.476780E+02  2.320344E-07
  DP  9.613440E+02  2.404906E-07
  DP  9.752060E+02  2.411048E-07
  DP  9.892680E+02  2.458644E-07
  DP  1.003530E+03  2.482667E-07
  DP  1.018000E+03  2.258033E-07
  DP  1.032680E+03  2.639676E-07
  DP  1.047580E+03  3.923676E-07
  DP  1.062680E+03  3.444493E-07
  DP  1.078000E+03  2.124863E-07
  DP  1.093550E+03  2.089016E-07
  DP  1.109320E+03  1.910465E-07
  DP  1.125310E+03  2.079783E-07
  DP  1.141540E+03  2.011063E-07
  DP  1.158000E+03  1.947557E-07
  DP  1.174700E+03  2.077360E-07
  DP  1.191640E+03  2.236266E-07
  DP  1.208820E+03  2.039131E-07
  DP  1.226250E+03  2.781194E-07
  DP  1.243940E+03  8.045957E-07
  DP  1.261870E+03  1.175789E-06
  DP  1.280070E+03  1.713974E-07
  DP  1.298530E+03  1.113211E-07
  DP  1.317250E+03  1.107069E-07
  DP  1.336250E+03  1.032701E-07
  DP  1.355520E+03  1.204166E-07
  DP  1.375060E+03  1.683257E-07
  DP  1.394890E+03  1.401710E-07
  DP  1.415010E+03  9.650592E-08
  DP  1.435410E+03  1.070763E-07
  DP  1.456110E+03  1.023100E-07
  DP  1.477110E+03  1.053357E-07
  DP  1.498400E+03  9.267052E-08
  DP  1.520010E+03  1.026543E-07
  DP  1.541930E+03  1.441969E-07
  DP  1.564160E+03  4.170587E-07
  DP  1.586720E+03  8.433625E-07
  DP  1.609600E+03  1.414503E-07
  DP  1.632810E+03  5.691746E-08
  DP  1.656360E+03  5.827707E-08
  DP  1.680240E+03  5.371302E-08
  DP  1.704470E+03  5.611169E-08
  DP  1.729050E+03  5.608094E-08
  DP  1.753980E+03  7.580478E-08
  DP  1.779270E+03  2.156808E-07
  DP  1.804930E+03  3.028656E-07
  DP  1.830960E+03  5.639254E-08
  DP  1.857360E+03  3.846876E-08
  DP  1.884140E+03  3.758369E-08
  DP  1.911310E+03  4.061357E-08
  DP  1.938870E+03  3.862560E-08
  DP  1.966830E+03  4.551295E-08
  DP  1.995190E+03  5.810402E-08
  DP  2.023960E+03  9.990932E-08
  DP  2.053150E+03  2.068109E-07
  DP  2.082750E+03  1.127024E-07
  DP  2.112790E+03  2.414240E-08
  DP  2.143250E+03  2.617399E-08
  DP  2.174160E+03  2.809420E-08
  DP  2.205510E+03  2.588947E-08
  DP  2.237310E+03  3.218079E-08
  DP  2.269570E+03  2.514679E-08
  DP  2.302300E+03  2.275054E-08
  DP  2.335500E+03  2.413463E-08
  DP  2.369180E+03  2.149982E-08
  DP  2.403340E+03  2.505061E-08
  DP  2.438000E+03  2.332468E-08
  DP  2.473150E+03  2.301217E-08
  DP  2.508810E+03  2.335535E-08
  DP  2.544990E+03  2.891250E-08
  DP  2.581690E+03  8.383238E-08
  DP  2.618920E+03  3.035174E-07
  DP  2.656680E+03  1.983614E-07
  DP  2.694990E+03  1.140402E-08
  DP  2.733850E+03  9.235717E-09
  DP  2.773270E+03  8.378392E-09
  DP  2.813260E+03  8.495543E-09
  DP  2.853830E+03  8.272688E-09
  DP  2.894980E+03  1.118642E-08
  DP  2.936730E+03  9.846039E-09
  DP  2.979080E+03  1.175664E-08
  DP  3.022030E+03  1.997902E-08
  DP  3.065610E+03  2.511445E-08
  DP  3.109820E+03  9.280672E-09
  DP  3.154660E+03  1.142357E-08
  DP  3.200150E+03  4.110691E-08
  DP  3.246300E+03  1.239403E-07
  DP  3.293110E+03  1.905427E-07
  DP  3.340590E+03  5.779610E-08
  DP  3.388770E+03  2.130078E-09
  DP  3.437630E+03  5.252179E-09
  DP  3.487200E+03  1.683775E-08
  DP  3.537490E+03  5.469092E-09
  DP  3.588500E+03  1.225532E-10
  DP  3.640240E+03  5.366606E-13
  DP  3.692730E+03  1.403348E-13
  DP  3.745980E+03  0.000000E+00
  DP  3.800000E+03  0.000000E+00
  
 EN
