 # final1D_0_1p38_0p6_1p25_base/final1D_0_1p38_0p6_1p25_base_100_100/quickspec.dat                     
 #    1.0000000000000000      =Mpc
  DP  3.000000E+00  0.000000E+00
  DP  3.043260E+00  0.000000E+00
  DP  3.087140E+00  0.000000E+00
  DP  3.131660E+00  0.000000E+00
  DP  3.176820E+00  0.000000E+00
  DP  3.222630E+00  0.000000E+00
  DP  3.269100E+00  0.000000E+00
  DP  3.316240E+00  0.000000E+00
  DP  3.364060E+00  0.000000E+00
  DP  3.412570E+00  0.000000E+00
  DP  3.461780E+00  0.000000E+00
  DP  3.511690E+00  0.000000E+00
  DP  3.562330E+00  0.000000E+00
  DP  3.613700E+00  0.000000E+00
  DP  3.665810E+00  0.000000E+00
  DP  3.718670E+00  0.000000E+00
  DP  3.772290E+00  0.000000E+00
  DP  3.826690E+00  0.000000E+00
  DP  3.881870E+00  0.000000E+00
  DP  3.937850E+00  0.000000E+00
  DP  3.994630E+00  0.000000E+00
  DP  4.052230E+00  0.000000E+00
  DP  4.110660E+00  0.000000E+00
  DP  4.169940E+00  0.000000E+00
  DP  4.230070E+00  0.000000E+00
  DP  4.291070E+00  0.000000E+00
  DP  4.352940E+00  0.000000E+00
  DP  4.415710E+00  0.000000E+00
  DP  4.479390E+00  0.000000E+00
  DP  4.543980E+00  0.000000E+00
  DP  4.609500E+00  0.000000E+00
  DP  4.675970E+00  0.000000E+00
  DP  4.743400E+00  0.000000E+00
  DP  4.811800E+00  0.000000E+00
  DP  4.881180E+00  0.000000E+00
  DP  4.951570E+00  0.000000E+00
  DP  5.022970E+00  0.000000E+00
  DP  5.095400E+00  0.000000E+00
  DP  5.168880E+00  0.000000E+00
  DP  5.243410E+00  0.000000E+00
  DP  5.319020E+00  0.000000E+00
  DP  5.395720E+00  0.000000E+00
  DP  5.473530E+00  0.000000E+00
  DP  5.552450E+00  0.000000E+00
  DP  5.632520E+00  0.000000E+00
  DP  5.713740E+00  0.000000E+00
  DP  5.796130E+00  0.000000E+00
  DP  5.879710E+00  0.000000E+00
  DP  5.964500E+00  5.724719E-12
  DP  6.050500E+00  2.127487E-11
  DP  6.137750E+00  1.506929E-10
  DP  6.226260E+00  1.070896E-09
  DP  6.316040E+00  3.562212E-09
  DP  6.407120E+00  7.680867E-09
  DP  6.499510E+00  1.695290E-08
  DP  6.593230E+00  2.603996E-08
  DP  6.688300E+00  2.346456E-08
  DP  6.784750E+00  4.593818E-09
  DP  6.882580E+00  3.065849E-10
  DP  6.981830E+00  5.978725E-10
  DP  7.082500E+00  1.698248E-09
  DP  7.184630E+00  3.437641E-09
  DP  7.288240E+00  5.574002E-09
  DP  7.393330E+00  3.571780E-09
  DP  7.499940E+00  3.362362E-10
  DP  7.608090E+00  0.000000E+00
  DP  7.717800E+00  0.000000E+00
  DP  7.829090E+00  0.000000E+00
  DP  7.941980E+00  0.000000E+00
  DP  8.056510E+00  7.501413E-12
  DP  8.172680E+00  0.000000E+00
  DP  8.290530E+00  0.000000E+00
  DP  8.410080E+00  0.000000E+00
  DP  8.531350E+00  0.000000E+00
  DP  8.654370E+00  0.000000E+00
  DP  8.779170E+00  0.000000E+00
  DP  8.905760E+00  0.000000E+00
  DP  9.034180E+00  0.000000E+00
  DP  9.164450E+00  0.000000E+00
  DP  9.296600E+00  0.000000E+00
  DP  9.430660E+00  0.000000E+00
  DP  9.566650E+00  0.000000E+00
  DP  9.704600E+00  0.000000E+00
  DP  9.844540E+00  0.000000E+00
  DP  9.986500E+00  0.000000E+00
  DP  1.013050E+01  0.000000E+00
  DP  1.027660E+01  0.000000E+00
  DP  1.042480E+01  0.000000E+00
  DP  1.057510E+01  0.000000E+00
  DP  1.072760E+01  0.000000E+00
  DP  1.088230E+01  0.000000E+00
  DP  1.103920E+01  0.000000E+00
  DP  1.119840E+01  0.000000E+00
  DP  1.135990E+01  0.000000E+00
  DP  1.152370E+01  0.000000E+00
  DP  1.168980E+01  0.000000E+00
  DP  1.185840E+01  0.000000E+00
  DP  1.202940E+01  0.000000E+00
  DP  1.220290E+01  0.000000E+00
  DP  1.237880E+01  0.000000E+00
  DP  1.255730E+01  0.000000E+00
  DP  1.273840E+01  0.000000E+00
  DP  1.292210E+01  0.000000E+00
  DP  1.310840E+01  0.000000E+00
  DP  1.329740E+01  0.000000E+00
  DP  1.348920E+01  0.000000E+00
  DP  1.368370E+01  1.142917E-10
  DP  1.388100E+01  2.982013E-10
  DP  1.408120E+01  8.106705E-10
  DP  1.428420E+01  3.173015E-09
  DP  1.449020E+01  9.765404E-09
  DP  1.469920E+01  3.409949E-08
  DP  1.491110E+01  1.523691E-08
  DP  1.512610E+01  4.929345E-10
  DP  1.534430E+01  1.729082E-11
  DP  1.556550E+01  0.000000E+00
  DP  1.579000E+01  0.000000E+00
  DP  1.601770E+01  0.000000E+00
  DP  1.624860E+01  0.000000E+00
  DP  1.648290E+01  0.000000E+00
  DP  1.672060E+01  0.000000E+00
  DP  1.696170E+01  0.000000E+00
  DP  1.720630E+01  0.000000E+00
  DP  1.745440E+01  0.000000E+00
  DP  1.770610E+01  0.000000E+00
  DP  1.796140E+01  0.000000E+00
  DP  1.822040E+01  0.000000E+00
  DP  1.848320E+01  0.000000E+00
  DP  1.874970E+01  0.000000E+00
  DP  1.902010E+01  0.000000E+00
  DP  1.929430E+01  0.000000E+00
  DP  1.957260E+01  0.000000E+00
  DP  1.985480E+01  0.000000E+00
  DP  2.014110E+01  0.000000E+00
  DP  2.043150E+01  0.000000E+00
  DP  2.072620E+01  0.000000E+00
  DP  2.102500E+01  0.000000E+00
  DP  2.132820E+01  0.000000E+00
  DP  2.163580E+01  0.000000E+00
  DP  2.194770E+01  0.000000E+00
  DP  2.226420E+01  0.000000E+00
  DP  2.258530E+01  0.000000E+00
  DP  2.291100E+01  0.000000E+00
  DP  2.324130E+01  0.000000E+00
  DP  2.357650E+01  0.000000E+00
  DP  2.391640E+01  0.000000E+00
  DP  2.426130E+01  0.000000E+00
  DP  2.461120E+01  0.000000E+00
  DP  2.496600E+01  0.000000E+00
  DP  2.532610E+01  0.000000E+00
  DP  2.569130E+01  0.000000E+00
  DP  2.606170E+01  0.000000E+00
  DP  2.643750E+01  0.000000E+00
  DP  2.681880E+01  0.000000E+00
  DP  2.720550E+01  0.000000E+00
  DP  2.759780E+01  0.000000E+00
  DP  2.799570E+01  0.000000E+00
  DP  2.839940E+01  0.000000E+00
  DP  2.880890E+01  0.000000E+00
  DP  2.922440E+01  0.000000E+00
  DP  2.964580E+01  0.000000E+00
  DP  3.007330E+01  0.000000E+00
  DP  3.050690E+01  0.000000E+00
  DP  3.094680E+01  0.000000E+00
  DP  3.139310E+01  0.000000E+00
  DP  3.184580E+01  0.000000E+00
  DP  3.230500E+01  0.000000E+00
  DP  3.277080E+01  0.000000E+00
  DP  3.324340E+01  0.000000E+00
  DP  3.372270E+01  0.000000E+00
  DP  3.420900E+01  0.000000E+00
  DP  3.470230E+01  0.000000E+00
  DP  3.520270E+01  0.000000E+00
  DP  3.571030E+01  0.000000E+00
  DP  3.622530E+01  0.000000E+00
  DP  3.674760E+01  0.000000E+00
  DP  3.727750E+01  0.000000E+00
  DP  3.781510E+01  0.000000E+00
  DP  3.836040E+01  0.000000E+00
  DP  3.891350E+01  0.000000E+00
  DP  3.947460E+01  1.036378E-09
  DP  4.004390E+01  0.000000E+00
  DP  4.062130E+01  0.000000E+00
  DP  4.120700E+01  0.000000E+00
  DP  4.180120E+01  0.000000E+00
  DP  4.240400E+01  0.000000E+00
  DP  4.301550E+01  0.000000E+00
  DP  4.363570E+01  3.750197E-09
  DP  4.426500E+01  9.242235E-10
  DP  4.490330E+01  9.110879E-10
  DP  4.555080E+01  1.796264E-09
  DP  4.620760E+01  3.541464E-09
  DP  4.687390E+01  6.109471E-09
  DP  4.754980E+01  3.441501E-09
  DP  4.823550E+01  4.240719E-09
  DP  4.893100E+01  7.524793E-09
  DP  4.963660E+01  7.417828E-09
  DP  5.035240E+01  8.124871E-09
  DP  5.107850E+01  1.521786E-08
  DP  5.181500E+01  1.973879E-08
  DP  5.256220E+01  2.107483E-08
  DP  5.332010E+01  2.071619E-08
  DP  5.408900E+01  3.327977E-08
  DP  5.486890E+01  2.460507E-08
  DP  5.566010E+01  4.483553E-08
  DP  5.646280E+01  5.361743E-08
  DP  5.727690E+01  4.571266E-08
  DP  5.810290E+01  6.266555E-08
  DP  5.894070E+01  7.912729E-08
  DP  5.979060E+01  7.468123E-08
  DP  6.065280E+01  8.431285E-08
  DP  6.152740E+01  1.117063E-07
  DP  6.241460E+01  1.114289E-07
  DP  6.331460E+01  1.589528E-07
  DP  6.422760E+01  1.738908E-07
  DP  6.515380E+01  2.034560E-07
  DP  6.609330E+01  2.135492E-07
  DP  6.704640E+01  2.422437E-07
  DP  6.801320E+01  2.778979E-07
  DP  6.899390E+01  3.075066E-07
  DP  6.998880E+01  3.392176E-07
  DP  7.099800E+01  3.791726E-07
  DP  7.202180E+01  4.197752E-07
  DP  7.306040E+01  4.614065E-07
  DP  7.411390E+01  5.188991E-07
  DP  7.518260E+01  5.604944E-07
  DP  7.626670E+01  6.222427E-07
  DP  7.736650E+01  6.916585E-07
  DP  7.848210E+01  7.696016E-07
  DP  7.961380E+01  8.680545E-07
  DP  8.076180E+01  9.563857E-07
  DP  8.192640E+01  9.937537E-07
  DP  8.310780E+01  1.207517E-06
  DP  8.430620E+01  1.255597E-06
  DP  8.552190E+01  1.329857E-06
  DP  8.675510E+01  1.431199E-06
  DP  8.800610E+01  1.575081E-06
  DP  8.927510E+01  1.662359E-06
  DP  9.056250E+01  1.719564E-06
  DP  9.186840E+01  1.802489E-06
  DP  9.319310E+01  1.943455E-06
  DP  9.453690E+01  2.055717E-06
  DP  9.590010E+01  2.214323E-06
  DP  9.728300E+01  2.284037E-06
  DP  9.868580E+01  2.424067E-06
  DP  1.001090E+02  2.513701E-06
  DP  1.015520E+02  2.683930E-06
  DP  1.030170E+02  2.840003E-06
  DP  1.045020E+02  2.989509E-06
  DP  1.060090E+02  3.072141E-06
  DP  1.075380E+02  3.259366E-06
  DP  1.090890E+02  3.427580E-06
  DP  1.106620E+02  3.583486E-06
  DP  1.122570E+02  3.707916E-06
  DP  1.138760E+02  3.981591E-06
  DP  1.155180E+02  4.115722E-06
  DP  1.171840E+02  4.268352E-06
  DP  1.188740E+02  4.887314E-06
  DP  1.205880E+02  6.788020E-06
  DP  1.223270E+02  8.704192E-06
  DP  1.240910E+02  6.477361E-06
  DP  1.258800E+02  4.886980E-06
  DP  1.276950E+02  4.926588E-06
  DP  1.295370E+02  4.995190E-06
  DP  1.314040E+02  5.075040E-06
  DP  1.332990E+02  5.242469E-06
  DP  1.352210E+02  5.662601E-06
  DP  1.371710E+02  5.799656E-06
  DP  1.391490E+02  5.452957E-06
  DP  1.411560E+02  5.365018E-06
  DP  1.431910E+02  5.444576E-06
  DP  1.452560E+02  5.481509E-06
  DP  1.473510E+02  5.594666E-06
  DP  1.494750E+02  5.556738E-06
  DP  1.516310E+02  5.624598E-06
  DP  1.538170E+02  5.653133E-06
  DP  1.560350E+02  5.786754E-06
  DP  1.582850E+02  5.919113E-06
  DP  1.605680E+02  5.904674E-06
  DP  1.628830E+02  5.906838E-06
  DP  1.652320E+02  6.057346E-06
  DP  1.676150E+02  6.291515E-06
  DP  1.700320E+02  6.786499E-06
  DP  1.724830E+02  6.978110E-06
  DP  1.749710E+02  6.995566E-06
  DP  1.774940E+02  7.005042E-06
  DP  1.800530E+02  6.938578E-06
  DP  1.826490E+02  6.972621E-06
  DP  1.852830E+02  6.921173E-06
  DP  1.879550E+02  6.968760E-06
  DP  1.906650E+02  7.095713E-06
  DP  1.934150E+02  7.466168E-06
  DP  1.962040E+02  8.077451E-06
  DP  1.990330E+02  8.221207E-06
  DP  2.019030E+02  8.326451E-06
  DP  2.048140E+02  8.437970E-06
  DP  2.077680E+02  8.493036E-06
  DP  2.107640E+02  8.639182E-06
  DP  2.138030E+02  8.758757E-06
  DP  2.168860E+02  8.632080E-06
  DP  2.200130E+02  8.628905E-06
  DP  2.231860E+02  8.489109E-06
  DP  2.264040E+02  8.505570E-06
  DP  2.296690E+02  8.251991E-06
  DP  2.329810E+02  8.302469E-06
  DP  2.363400E+02  8.188443E-06
  DP  2.397480E+02  8.026337E-06
  DP  2.432060E+02  7.890819E-06
  DP  2.467130E+02  7.764853E-06
  DP  2.502700E+02  7.622876E-06
  DP  2.538790E+02  7.518727E-06
  DP  2.575400E+02  7.407007E-06
  DP  2.612540E+02  7.259783E-06
  DP  2.650210E+02  7.122051E-06
  DP  2.688430E+02  7.059665E-06
  DP  2.727190E+02  6.957103E-06
  DP  2.766520E+02  6.858411E-06
  DP  2.806410E+02  6.704468E-06
  DP  2.846880E+02  6.553233E-06
  DP  2.887930E+02  6.460231E-06
  DP  2.929570E+02  6.379253E-06
  DP  2.971820E+02  6.359950E-06
  DP  3.014670E+02  6.228678E-06
  DP  3.058140E+02  6.156591E-06
  DP  3.102240E+02  6.098441E-06
  DP  3.146980E+02  5.944089E-06
  DP  3.192350E+02  5.887043E-06
  DP  3.238390E+02  5.805772E-06
  DP  3.285080E+02  5.743044E-06
  DP  3.332460E+02  5.726850E-06
  DP  3.380510E+02  5.598794E-06
  DP  3.429260E+02  5.559078E-06
  DP  3.478710E+02  5.550446E-06
  DP  3.528870E+02  5.396663E-06
  DP  3.579750E+02  5.374469E-06
  DP  3.631370E+02  5.350053E-06
  DP  3.683740E+02  5.272785E-06
  DP  3.736860E+02  5.230746E-06
  DP  3.790740E+02  5.153319E-06
  DP  3.845400E+02  5.121124E-06
  DP  3.900850E+02  5.101838E-06
  DP  3.957100E+02  5.038073E-06
  DP  4.014170E+02  5.022540E-06
  DP  4.072050E+02  4.989876E-06
  DP  4.130770E+02  4.918198E-06
  DP  4.190330E+02  4.890039E-06
  DP  4.250760E+02  4.885585E-06
  DP  4.312050E+02  4.855921E-06
  DP  4.374230E+02  4.848793E-06
  DP  4.437310E+02  4.821227E-06
  DP  4.501290E+02  4.758682E-06
  DP  4.566200E+02  4.727347E-06
  DP  4.632050E+02  4.743073E-06
  DP  4.698840E+02  4.692202E-06
  DP  4.766600E+02  4.701736E-06
  DP  4.835330E+02  4.703357E-06
  DP  4.905060E+02  4.974459E-06
  DP  4.975790E+02  1.508057E-05
  DP  5.047540E+02  4.563444E-05
  DP  5.120320E+02  6.024165E-05
  DP  5.194160E+02  2.227567E-05
  DP  5.269050E+02  3.452423E-06
  DP  5.345030E+02  3.058888E-06
  DP  5.422110E+02  3.036829E-06
  DP  5.500290E+02  3.040915E-06
  DP  5.579610E+02  3.039937E-06
  DP  5.660070E+02  3.016198E-06
  DP  5.741680E+02  2.977509E-06
  DP  5.824480E+02  2.956536E-06
  DP  5.908470E+02  2.978562E-06
  DP  5.993670E+02  2.927482E-06
  DP  6.080090E+02  2.918692E-06
  DP  6.167770E+02  2.938395E-06
  DP  6.256710E+02  2.912399E-06
  DP  6.346930E+02  2.939824E-06
  DP  6.438450E+02  2.893624E-06
  DP  6.531290E+02  2.904052E-06
  DP  6.625470E+02  2.881499E-06
  DP  6.721010E+02  2.896147E-06
  DP  6.817930E+02  2.873619E-06
  DP  6.916240E+02  2.885994E-06
  DP  7.015970E+02  2.891317E-06
  DP  7.117140E+02  2.877588E-06
  DP  7.219770E+02  3.003814E-06
  DP  7.323880E+02  3.109944E-06
  DP  7.429490E+02  3.008903E-06
  DP  7.536620E+02  2.877329E-06
  DP  7.645300E+02  2.896264E-06
  DP  7.755540E+02  3.043380E-06
  DP  7.867380E+02  3.189259E-06
  DP  7.980820E+02  3.020167E-06
  DP  8.095910E+02  2.997631E-06
  DP  8.212650E+02  1.298906E-05
  DP  8.331070E+02  6.149012E-05
  DP  8.451210E+02  1.017226E-04
  DP  8.573070E+02  5.510981E-05
  DP  8.696700E+02  4.107909E-06
  DP  8.822100E+02  1.133015E-06
  DP  8.949320E+02  1.129296E-06
  DP  9.078360E+02  1.107186E-06
  DP  9.209270E+02  1.119612E-06
  DP  9.342070E+02  1.130675E-06
  DP  9.476780E+02  1.227763E-06
  DP  9.613440E+02  1.853527E-06
  DP  9.752060E+02  2.373312E-06
  DP  9.892680E+02  1.826621E-06
  DP  1.003530E+03  1.835270E-06
  DP  1.018000E+03  6.862664E-06
  DP  1.032680E+03  1.253333E-05
  DP  1.047580E+03  9.100099E-06
  DP  1.062680E+03  1.739961E-06
  DP  1.078000E+03  9.170791E-07
  DP  1.093550E+03  9.068514E-07
  DP  1.109320E+03  9.282594E-07
  DP  1.125310E+03  1.003179E-06
  DP  1.141540E+03  1.294845E-06
  DP  1.158000E+03  2.137740E-06
  DP  1.174700E+03  2.594011E-06
  DP  1.191640E+03  2.546039E-06
  DP  1.208820E+03  1.680959E-05
  DP  1.226250E+03  4.375585E-05
  DP  1.243940E+03  4.358998E-05
  DP  1.261870E+03  9.386292E-06
  DP  1.280070E+03  3.301087E-07
  DP  1.298530E+03  2.621577E-07
  DP  1.317250E+03  5.197924E-07
  DP  1.336250E+03  1.931923E-06
  DP  1.355520E+03  3.084466E-06
  DP  1.375060E+03  1.871585E-06
  DP  1.394890E+03  3.400515E-07
  DP  1.415010E+03  2.775971E-07
  DP  1.435410E+03  3.360431E-07
  DP  1.456110E+03  2.952015E-07
  DP  1.477110E+03  2.213897E-07
  DP  1.498400E+03  2.124629E-07
  DP  1.520010E+03  2.079022E-07
  DP  1.541930E+03  2.156992E-07
  DP  1.564160E+03  2.126184E-07
  DP  1.586720E+03  2.141843E-07
  DP  1.609600E+03  2.104692E-07
  DP  1.632810E+03  2.120861E-07
  DP  1.656360E+03  2.086434E-07
  DP  1.680240E+03  2.114042E-07
  DP  1.704470E+03  3.581849E-07
  DP  1.729050E+03  2.950996E-06
  DP  1.753980E+03  7.725696E-06
  DP  1.779270E+03  7.887870E-06
  DP  1.804930E+03  2.112446E-06
  DP  1.830960E+03  2.846855E-07
  DP  1.857360E+03  1.309502E-07
  DP  1.884140E+03  1.257912E-07
  DP  1.911310E+03  2.006710E-07
  DP  1.938870E+03  4.354645E-07
  DP  1.966830E+03  1.203890E-06
  DP  1.995190E+03  3.525922E-06
  DP  2.023960E+03  5.113561E-06
  DP  2.053150E+03  2.864152E-06
  DP  2.082750E+03  3.369205E-07
  DP  2.112790E+03  7.359219E-08
  DP  2.143250E+03  8.898051E-08
  DP  2.174160E+03  1.640742E-07
  DP  2.205510E+03  2.204454E-07
  DP  2.237310E+03  1.544289E-07
  DP  2.269570E+03  7.558150E-08
  DP  2.302300E+03  6.999577E-08
  DP  2.335500E+03  7.203647E-08
  DP  2.369180E+03  7.367659E-08
  DP  2.403340E+03  6.951605E-08
  DP  2.438000E+03  7.268640E-08
  DP  2.473150E+03  7.149099E-08
  DP  2.508810E+03  4.385261E-07
  DP  2.544990E+03  3.288444E-06
  DP  2.581690E+03  6.327571E-06
  DP  2.618920E+03  4.521740E-06
  DP  2.656680E+03  5.643023E-07
  DP  2.694990E+03  2.833318E-08
  DP  2.733850E+03  2.550752E-08
  DP  2.773270E+03  2.643036E-08
  DP  2.813260E+03  2.569870E-08
  DP  2.853830E+03  2.525584E-08
  DP  2.894980E+03  3.168135E-08
  DP  2.936730E+03  1.402663E-07
  DP  2.979080E+03  3.263594E-07
  DP  3.022030E+03  3.154540E-07
  DP  3.065610E+03  9.290616E-08
  DP  3.109820E+03  2.067667E-07
  DP  3.154660E+03  1.084525E-06
  DP  3.200150E+03  2.789525E-06
  DP  3.246300E+03  3.240773E-06
  DP  3.293110E+03  1.588275E-06
  DP  3.340590E+03  1.589102E-07
  DP  3.388770E+03  1.577587E-07
  DP  3.437630E+03  2.552406E-07
  DP  3.487200E+03  1.476296E-07
  DP  3.537490E+03  1.231733E-08
  DP  3.588500E+03  5.397557E-11
  DP  3.640240E+03  6.532226E-13
  DP  3.692730E+03  4.623039E-14
  DP  3.745980E+03  0.000000E+00
  DP  3.800000E+03  0.000000E+00
  
 EN
