 # final1D_0_1p38_0p6_1p25_base/final1D_0_1p38_0p6_1p25_base_10_100/quickspec.dat                      
 #    1.0000000000000000      =Mpc
  DP  3.000000E+00  0.000000E+00
  DP  3.043260E+00  0.000000E+00
  DP  3.087140E+00  0.000000E+00
  DP  3.131660E+00  0.000000E+00
  DP  3.176820E+00  0.000000E+00
  DP  3.222630E+00  0.000000E+00
  DP  3.269100E+00  0.000000E+00
  DP  3.316240E+00  0.000000E+00
  DP  3.364060E+00  0.000000E+00
  DP  3.412570E+00  0.000000E+00
  DP  3.461780E+00  0.000000E+00
  DP  3.511690E+00  0.000000E+00
  DP  3.562330E+00  0.000000E+00
  DP  3.613700E+00  0.000000E+00
  DP  3.665810E+00  0.000000E+00
  DP  3.718670E+00  0.000000E+00
  DP  3.772290E+00  0.000000E+00
  DP  3.826690E+00  0.000000E+00
  DP  3.881870E+00  0.000000E+00
  DP  3.937850E+00  0.000000E+00
  DP  3.994630E+00  0.000000E+00
  DP  4.052230E+00  0.000000E+00
  DP  4.110660E+00  0.000000E+00
  DP  4.169940E+00  0.000000E+00
  DP  4.230070E+00  0.000000E+00
  DP  4.291070E+00  0.000000E+00
  DP  4.352940E+00  0.000000E+00
  DP  4.415710E+00  0.000000E+00
  DP  4.479390E+00  0.000000E+00
  DP  4.543980E+00  0.000000E+00
  DP  4.609500E+00  0.000000E+00
  DP  4.675970E+00  0.000000E+00
  DP  4.743400E+00  0.000000E+00
  DP  4.811800E+00  0.000000E+00
  DP  4.881180E+00  0.000000E+00
  DP  4.951570E+00  0.000000E+00
  DP  5.022970E+00  0.000000E+00
  DP  5.095400E+00  0.000000E+00
  DP  5.168880E+00  0.000000E+00
  DP  5.243410E+00  0.000000E+00
  DP  5.319020E+00  0.000000E+00
  DP  5.395720E+00  0.000000E+00
  DP  5.473530E+00  0.000000E+00
  DP  5.552450E+00  0.000000E+00
  DP  5.632520E+00  0.000000E+00
  DP  5.713740E+00  0.000000E+00
  DP  5.796130E+00  0.000000E+00
  DP  5.879710E+00  0.000000E+00
  DP  5.964500E+00  0.000000E+00
  DP  6.050500E+00  0.000000E+00
  DP  6.137750E+00  0.000000E+00
  DP  6.226260E+00  0.000000E+00
  DP  6.316040E+00  0.000000E+00
  DP  6.407120E+00  0.000000E+00
  DP  6.499510E+00  0.000000E+00
  DP  6.593230E+00  0.000000E+00
  DP  6.688300E+00  0.000000E+00
  DP  6.784750E+00  0.000000E+00
  DP  6.882580E+00  0.000000E+00
  DP  6.981830E+00  0.000000E+00
  DP  7.082500E+00  0.000000E+00
  DP  7.184630E+00  5.635861E-11
  DP  7.288240E+00  2.222578E-10
  DP  7.393330E+00  0.000000E+00
  DP  7.499940E+00  0.000000E+00
  DP  7.608090E+00  0.000000E+00
  DP  7.717800E+00  0.000000E+00
  DP  7.829090E+00  0.000000E+00
  DP  7.941980E+00  5.099340E-11
  DP  8.056510E+00  5.026308E-11
  DP  8.172680E+00  4.954789E-11
  DP  8.290530E+00  0.000000E+00
  DP  8.410080E+00  0.000000E+00
  DP  8.531350E+00  0.000000E+00
  DP  8.654370E+00  0.000000E+00
  DP  8.779170E+00  0.000000E+00
  DP  8.905760E+00  0.000000E+00
  DP  9.034180E+00  0.000000E+00
  DP  9.164450E+00  0.000000E+00
  DP  9.296600E+00  0.000000E+00
  DP  9.430660E+00  0.000000E+00
  DP  9.566650E+00  0.000000E+00
  DP  9.704600E+00  0.000000E+00
  DP  9.844540E+00  0.000000E+00
  DP  9.986500E+00  0.000000E+00
  DP  1.013050E+01  0.000000E+00
  DP  1.027660E+01  0.000000E+00
  DP  1.042480E+01  0.000000E+00
  DP  1.057510E+01  0.000000E+00
  DP  1.072760E+01  0.000000E+00
  DP  1.088230E+01  0.000000E+00
  DP  1.103920E+01  0.000000E+00
  DP  1.119840E+01  0.000000E+00
  DP  1.135990E+01  0.000000E+00
  DP  1.152370E+01  0.000000E+00
  DP  1.168980E+01  0.000000E+00
  DP  1.185840E+01  0.000000E+00
  DP  1.202940E+01  0.000000E+00
  DP  1.220290E+01  0.000000E+00
  DP  1.237880E+01  0.000000E+00
  DP  1.255730E+01  0.000000E+00
  DP  1.273840E+01  0.000000E+00
  DP  1.292210E+01  0.000000E+00
  DP  1.310840E+01  0.000000E+00
  DP  1.329740E+01  0.000000E+00
  DP  1.348920E+01  0.000000E+00
  DP  1.368370E+01  0.000000E+00
  DP  1.388100E+01  0.000000E+00
  DP  1.408120E+01  0.000000E+00
  DP  1.428420E+01  0.000000E+00
  DP  1.449020E+01  0.000000E+00
  DP  1.469920E+01  2.754956E-11
  DP  1.491110E+01  2.715549E-11
  DP  1.512610E+01  2.677429E-11
  DP  1.534430E+01  0.000000E+00
  DP  1.556550E+01  0.000000E+00
  DP  1.579000E+01  0.000000E+00
  DP  1.601770E+01  0.000000E+00
  DP  1.624860E+01  0.000000E+00
  DP  1.648290E+01  0.000000E+00
  DP  1.672060E+01  0.000000E+00
  DP  1.696170E+01  0.000000E+00
  DP  1.720630E+01  0.000000E+00
  DP  1.745440E+01  0.000000E+00
  DP  1.770610E+01  0.000000E+00
  DP  1.796140E+01  0.000000E+00
  DP  1.822040E+01  0.000000E+00
  DP  1.848320E+01  0.000000E+00
  DP  1.874970E+01  0.000000E+00
  DP  1.902010E+01  0.000000E+00
  DP  1.929430E+01  0.000000E+00
  DP  1.957260E+01  0.000000E+00
  DP  1.985480E+01  0.000000E+00
  DP  2.014110E+01  0.000000E+00
  DP  2.043150E+01  0.000000E+00
  DP  2.072620E+01  0.000000E+00
  DP  2.102500E+01  0.000000E+00
  DP  2.132820E+01  0.000000E+00
  DP  2.163580E+01  0.000000E+00
  DP  2.194770E+01  0.000000E+00
  DP  2.226420E+01  0.000000E+00
  DP  2.258530E+01  0.000000E+00
  DP  2.291100E+01  2.117752E-08
  DP  2.324130E+01  0.000000E+00
  DP  2.357650E+01  0.000000E+00
  DP  2.391640E+01  0.000000E+00
  DP  2.426130E+01  1.999874E-08
  DP  2.461120E+01  0.000000E+00
  DP  2.496600E+01  0.000000E+00
  DP  2.532610E+01  0.000000E+00
  DP  2.569130E+01  0.000000E+00
  DP  2.606170E+01  0.000000E+00
  DP  2.643750E+01  0.000000E+00
  DP  2.681880E+01  0.000000E+00
  DP  2.720550E+01  0.000000E+00
  DP  2.759780E+01  1.467338E-11
  DP  2.799570E+01  1.446415E-11
  DP  2.839940E+01  3.416943E-08
  DP  2.880890E+01  3.402036E-08
  DP  2.922440E+01  3.328135E-08
  DP  2.964580E+01  3.662952E-08
  DP  3.007330E+01  1.868936E-08
  DP  3.050690E+01  9.082468E-08
  DP  3.094680E+01  9.398910E-08
  DP  3.139310E+01  1.002469E-07
  DP  3.184580E+01  1.082896E-07
  DP  3.230500E+01  5.276194E-08
  DP  3.277080E+01  5.927970E-08
  DP  3.324340E+01  9.036928E-08
  DP  3.372270E+01  1.836481E-07
  DP  3.420900E+01  1.737145E-07
  DP  3.470230E+01  2.713075E-07
  DP  3.520270E+01  3.781047E-07
  DP  3.571030E+01  2.407555E-07
  DP  3.622530E+01  2.765961E-07
  DP  3.674760E+01  4.201897E-07
  DP  3.727750E+01  3.979185E-07
  DP  3.781510E+01  3.489005E-07
  DP  3.836040E+01  4.448065E-07
  DP  3.891350E+01  3.902309E-07
  DP  3.947460E+01  4.124103E-07
  DP  4.004390E+01  6.310132E-07
  DP  4.062130E+01  6.258951E-07
  DP  4.120700E+01  7.327709E-07
  DP  4.180120E+01  7.779233E-07
  DP  4.240400E+01  7.622207E-07
  DP  4.301550E+01  7.665734E-07
  DP  4.363570E+01  8.761514E-07
  DP  4.426500E+01  9.380359E-07
  DP  4.490330E+01  9.251092E-07
  DP  4.555080E+01  6.909842E-07
  DP  4.620760E+01  1.129689E-06
  DP  4.687390E+01  1.278418E-06
  DP  4.754980E+01  1.173575E-06
  DP  4.823550E+01  1.068323E-06
  DP  4.893100E+01  1.503896E-06
  DP  4.963660E+01  1.336040E-06
  DP  5.035240E+01  1.211536E-06
  DP  5.107850E+01  1.378080E-06
  DP  5.181500E+01  1.523390E-06
  DP  5.256220E+01  1.350037E-06
  DP  5.332010E+01  1.497161E-06
  DP  5.408900E+01  1.496701E-06
  DP  5.486890E+01  1.735933E-06
  DP  5.566010E+01  1.768530E-06
  DP  5.646280E+01  1.683065E-06
  DP  5.727690E+01  1.582074E-06
  DP  5.810290E+01  1.720274E-06
  DP  5.894070E+01  1.814054E-06
  DP  5.979060E+01  1.660696E-06
  DP  6.065280E+01  1.779894E-06
  DP  6.152740E+01  1.992053E-06
  DP  6.241460E+01  1.735800E-06
  DP  6.331460E+01  1.875002E-06
  DP  6.422760E+01  1.879230E-06
  DP  6.515380E+01  1.845974E-06
  DP  6.609330E+01  1.874777E-06
  DP  6.704640E+01  1.935734E-06
  DP  6.801320E+01  1.944482E-06
  DP  6.899390E+01  1.825894E-06
  DP  6.998880E+01  1.842773E-06
  DP  7.099800E+01  1.826947E-06
  DP  7.202180E+01  1.795562E-06
  DP  7.306040E+01  1.863672E-06
  DP  7.411390E+01  1.873022E-06
  DP  7.518260E+01  1.800968E-06
  DP  7.626670E+01  1.873757E-06
  DP  7.736650E+01  1.808263E-06
  DP  7.848210E+01  1.621197E-06
  DP  7.961380E+01  1.815299E-06
  DP  8.076180E+01  1.768263E-06
  DP  8.192640E+01  1.658908E-06
  DP  8.310780E+01  1.671868E-06
  DP  8.430620E+01  1.805531E-06
  DP  8.552190E+01  1.713890E-06
  DP  8.675510E+01  1.708568E-06
  DP  8.800610E+01  1.528855E-06
  DP  8.927510E+01  1.642889E-06
  DP  9.056250E+01  1.548759E-06
  DP  9.186840E+01  1.635519E-06
  DP  9.319310E+01  1.722405E-06
  DP  9.453690E+01  1.481660E-06
  DP  9.590010E+01  1.568571E-06
  DP  9.728300E+01  1.383519E-06
  DP  9.868580E+01  1.414044E-06
  DP  1.001090E+02  1.440749E-06
  DP  1.015520E+02  1.440649E-06
  DP  1.030170E+02  1.472686E-06
  DP  1.045020E+02  1.581573E-06
  DP  1.060090E+02  1.466244E-06
  DP  1.075380E+02  1.487376E-06
  DP  1.090890E+02  1.292656E-06
  DP  1.106620E+02  1.419642E-06
  DP  1.122570E+02  1.340427E-06
  DP  1.138760E+02  1.249289E-06
  DP  1.155180E+02  1.273554E-06
  DP  1.171840E+02  1.215748E-06
  DP  1.188740E+02  1.265875E-06
  DP  1.205880E+02  1.249138E-06
  DP  1.223270E+02  1.118609E-06
  DP  1.240910E+02  1.010165E-06
  DP  1.258800E+02  1.069651E-06
  DP  1.276950E+02  1.166581E-06
  DP  1.295370E+02  1.135229E-06
  DP  1.314040E+02  1.109417E-06
  DP  1.332990E+02  9.834926E-07
  DP  1.352210E+02  1.032317E-06
  DP  1.371710E+02  1.078467E-06
  DP  1.391490E+02  9.671148E-07
  DP  1.411560E+02  9.606807E-07
  DP  1.431910E+02  9.582575E-07
  DP  1.452560E+02  9.086312E-07
  DP  1.473510E+02  9.539959E-07
  DP  1.494750E+02  8.700599E-07
  DP  1.516310E+02  7.931455E-07
  DP  1.538170E+02  7.994885E-07
  DP  1.560350E+02  8.187942E-07
  DP  1.582850E+02  8.550442E-07
  DP  1.605680E+02  1.014134E-06
  DP  1.628830E+02  1.031573E-06
  DP  1.652320E+02  8.629573E-07
  DP  1.676150E+02  6.171932E-07
  DP  1.700320E+02  7.007657E-07
  DP  1.724830E+02  6.728851E-07
  DP  1.749710E+02  6.479658E-07
  DP  1.774940E+02  6.053361E-07
  DP  1.800530E+02  6.687898E-07
  DP  1.826490E+02  7.054342E-07
  DP  1.852830E+02  6.319357E-07
  DP  1.879550E+02  5.970578E-07
  DP  1.906650E+02  5.571261E-07
  DP  1.934150E+02  5.902150E-07
  DP  1.962040E+02  6.123559E-07
  DP  1.990330E+02  5.515744E-07
  DP  2.019030E+02  5.650234E-07
  DP  2.048140E+02  4.684824E-07
  DP  2.077680E+02  5.169079E-07
  DP  2.107640E+02  5.306159E-07
  DP  2.138030E+02  5.835829E-07
  DP  2.168860E+02  5.255647E-07
  DP  2.200130E+02  4.565291E-07
  DP  2.231860E+02  4.935244E-07
  DP  2.264040E+02  5.247884E-07
  DP  2.296690E+02  5.591541E-07
  DP  2.329810E+02  4.584293E-07
  DP  2.363400E+02  4.738795E-07
  DP  2.397480E+02  4.805635E-07
  DP  2.432060E+02  4.725091E-07
  DP  2.467130E+02  4.970691E-07
  DP  2.502700E+02  4.585245E-07
  DP  2.538790E+02  4.081813E-07
  DP  2.575400E+02  4.408934E-07
  DP  2.612540E+02  4.269305E-07
  DP  2.650210E+02  4.183932E-07
  DP  2.688430E+02  3.923074E-07
  DP  2.727190E+02  4.516743E-07
  DP  2.766520E+02  5.152241E-07
  DP  2.806410E+02  4.553250E-07
  DP  2.846880E+02  3.767661E-07
  DP  2.887930E+02  3.804026E-07
  DP  2.929570E+02  3.799364E-07
  DP  2.971820E+02  4.102335E-07
  DP  3.014670E+02  3.415029E-07
  DP  3.058140E+02  3.379416E-07
  DP  3.102240E+02  3.529465E-07
  DP  3.146980E+02  3.213817E-07
  DP  3.192350E+02  3.189802E-07
  DP  3.238390E+02  3.835487E-07
  DP  3.285080E+02  3.478527E-07
  DP  3.332460E+02  3.248068E-07
  DP  3.380510E+02  2.752549E-07
  DP  3.429260E+02  3.157957E-07
  DP  3.478710E+02  3.258070E-07
  DP  3.528870E+02  3.078258E-07
  DP  3.579750E+02  3.033520E-07
  DP  3.631370E+02  2.825430E-07
  DP  3.683740E+02  3.136014E-07
  DP  3.736860E+02  2.770565E-07
  DP  3.790740E+02  2.873770E-07
  DP  3.845400E+02  2.699330E-07
  DP  3.900850E+02  2.716084E-07
  DP  3.957100E+02  3.083756E-07
  DP  4.014170E+02  2.732971E-07
  DP  4.072050E+02  2.537950E-07
  DP  4.130770E+02  2.480871E-07
  DP  4.190330E+02  2.592415E-07
  DP  4.250760E+02  2.386456E-07
  DP  4.312050E+02  2.641147E-07
  DP  4.374230E+02  2.430434E-07
  DP  4.437310E+02  2.438431E-07
  DP  4.501290E+02  2.484739E-07
  DP  4.566200E+02  2.518481E-07
  DP  4.632050E+02  2.396425E-07
  DP  4.698840E+02  2.556760E-07
  DP  4.766600E+02  2.705187E-07
  DP  4.835330E+02  2.614600E-07
  DP  4.905060E+02  3.738565E-07
  DP  4.975790E+02  2.454115E-07
  DP  5.047540E+02  2.143522E-07
  DP  5.120320E+02  1.945477E-07
  DP  5.194160E+02  2.071243E-07
  DP  5.269050E+02  2.183614E-07
  DP  5.345030E+02  2.214456E-07
  DP  5.422110E+02  2.147291E-07
  DP  5.500290E+02  1.718169E-07
  DP  5.579610E+02  1.798921E-07
  DP  5.660070E+02  1.795528E-07
  DP  5.741680E+02  1.795821E-07
  DP  5.824480E+02  1.703262E-07
  DP  5.908470E+02  1.323298E-07
  DP  5.993670E+02  1.728839E-07
  DP  6.080090E+02  1.738215E-07
  DP  6.167770E+02  1.558277E-07
  DP  6.256710E+02  1.552319E-07
  DP  6.346930E+02  1.451704E-07
  DP  6.438450E+02  1.408520E-07
  DP  6.531290E+02  1.841044E-07
  DP  6.625470E+02  1.596831E-07
  DP  6.721010E+02  1.521243E-07
  DP  6.817930E+02  1.369782E-07
  DP  6.916240E+02  1.443574E-07
  DP  7.015970E+02  1.430355E-07
  DP  7.117140E+02  1.416183E-07
  DP  7.219770E+02  1.166531E-07
  DP  7.323880E+02  1.446741E-07
  DP  7.429490E+02  1.533534E-07
  DP  7.536620E+02  1.952295E-07
  DP  7.645300E+02  3.850193E-07
  DP  7.755540E+02  1.918947E-07
  DP  7.867380E+02  1.109209E-07
  DP  7.980820E+02  9.585416E-08
  DP  8.095910E+02  1.369431E-07
  DP  8.212650E+02  3.332079E-07
  DP  8.331070E+02  4.835115E-07
  DP  8.451210E+02  8.564898E-08
  DP  8.573070E+02  9.685353E-08
  DP  8.696700E+02  9.824063E-08
  DP  8.822100E+02  3.683925E-08
  DP  8.949320E+02  3.569774E-08
  DP  9.078360E+02  3.055053E-08
  DP  9.209270E+02  3.201016E-08
  DP  9.342070E+02  3.963408E-08
  DP  9.476780E+02  3.381956E-08
  DP  9.613440E+02  2.882702E-08
  DP  9.752060E+02  3.495857E-08
  DP  9.892680E+02  3.313838E-08
  DP  1.003530E+03  2.716777E-08
  DP  1.018000E+03  3.507238E-08
  DP  1.032680E+03  3.373701E-08
  DP  1.047580E+03  3.027620E-08
  DP  1.062680E+03  2.952934E-08
  DP  1.078000E+03  3.184228E-08
  DP  1.093550E+03  2.843212E-08
  DP  1.109320E+03  2.872717E-08
  DP  1.125310E+03  2.169317E-08
  DP  1.141540E+03  2.899665E-08
  DP  1.158000E+03  3.150420E-08
  DP  1.174700E+03  2.331440E-08
  DP  1.191640E+03  2.856590E-08
  DP  1.208820E+03  2.352213E-08
  DP  1.226250E+03  3.529498E-08
  DP  1.243940E+03  4.749424E-08
  DP  1.261870E+03  1.020802E-07
  DP  1.280070E+03  3.531203E-08
  DP  1.298530E+03  1.524000E-08
  DP  1.317250E+03  1.444710E-08
  DP  1.336250E+03  1.722530E-08
  DP  1.355520E+03  1.837542E-08
  DP  1.375060E+03  1.768965E-08
  DP  1.394890E+03  2.705204E-08
  DP  1.415010E+03  1.371136E-08
  DP  1.435410E+03  1.771898E-08
  DP  1.456110E+03  2.042189E-08
  DP  1.477110E+03  1.320239E-08
  DP  1.498400E+03  1.170333E-08
  DP  1.520010E+03  2.020464E-08
  DP  1.541930E+03  1.863220E-08
  DP  1.564160E+03  3.986212E-08
  DP  1.586720E+03  1.248887E-07
  DP  1.609600E+03  5.455815E-08
  DP  1.632810E+03  8.494289E-09
  DP  1.656360E+03  7.190846E-09
  DP  1.680240E+03  6.134305E-09
  DP  1.704470E+03  8.587960E-09
  DP  1.729050E+03  8.404964E-09
  DP  1.753980E+03  4.919410E-09
  DP  1.779270E+03  1.448479E-08
  DP  1.804930E+03  3.219090E-08
  DP  1.830960E+03  8.442482E-09
  DP  1.857360E+03  4.744293E-09
  DP  1.884140E+03  6.257514E-09
  DP  1.911310E+03  5.102440E-09
  DP  1.938870E+03  5.426870E-09
  DP  1.966830E+03  5.859769E-09
  DP  1.995190E+03  6.588111E-09
  DP  2.023960E+03  8.971668E-09
  DP  2.053150E+03  1.735950E-08
  DP  2.082750E+03  1.189443E-08
  DP  2.112790E+03  3.537345E-09
  DP  2.143250E+03  5.590747E-09
  DP  2.174160E+03  3.574880E-09
  DP  2.205510E+03  3.198325E-09
  DP  2.237310E+03  2.726286E-09
  DP  2.269570E+03  3.836030E-09
  DP  2.302300E+03  3.827866E-09
  DP  2.335500E+03  3.329782E-09
  DP  2.369180E+03  2.879468E-09
  DP  2.403340E+03  2.498427E-09
  DP  2.438000E+03  4.301576E-09
  DP  2.473150E+03  2.751789E-09
  DP  2.508810E+03  5.001365E-09
  DP  2.544990E+03  2.584276E-09
  DP  2.581690E+03  6.710752E-09
  DP  2.618920E+03  1.956415E-08
  DP  2.656680E+03  3.124558E-08
  DP  2.694990E+03  2.525692E-09
  DP  2.733850E+03  2.356792E-09
  DP  2.773270E+03  1.428082E-09
  DP  2.813260E+03  1.554658E-09
  DP  2.853830E+03  1.020735E-09
  DP  2.894980E+03  1.509026E-09
  DP  2.936730E+03  1.857129E-09
  DP  2.979080E+03  2.022319E-09
  DP  3.022030E+03  2.271302E-09
  DP  3.065610E+03  2.369218E-09
  DP  3.109820E+03  1.600199E-09
  DP  3.154660E+03  1.498347E-09
  DP  3.200150E+03  3.274565E-09
  DP  3.246300E+03  9.945810E-09
  DP  3.293110E+03  1.832061E-08
  DP  3.340590E+03  1.172372E-08
  DP  3.388770E+03  5.066066E-10
  DP  3.437630E+03  3.100468E-10
  DP  3.487200E+03  9.228615E-10
  DP  3.537490E+03  1.449649E-09
  DP  3.588500E+03  1.791025E-11
  DP  3.640240E+03  6.134598E-13
  DP  3.692730E+03  1.096608E-13
  DP  3.745980E+03  0.000000E+00
  DP  3.800000E+03  0.000000E+00
  
 EN
