 # final1D_0_1p38_0p6_1p25_base/final1D_0_1p38_0p6_1p25_base_175_100/quickspec.dat                     
 #    1.0000000000000000      =Mpc
  DP  3.000000E+00  6.991062E-09
  DP  3.043260E+00  0.000000E+00
  DP  3.087140E+00  0.000000E+00
  DP  3.131660E+00  0.000000E+00
  DP  3.176820E+00  0.000000E+00
  DP  3.222630E+00  0.000000E+00
  DP  3.269100E+00  0.000000E+00
  DP  3.316240E+00  0.000000E+00
  DP  3.364060E+00  0.000000E+00
  DP  3.412570E+00  0.000000E+00
  DP  3.461780E+00  0.000000E+00
  DP  3.511690E+00  0.000000E+00
  DP  3.562330E+00  0.000000E+00
  DP  3.613700E+00  0.000000E+00
  DP  3.665810E+00  0.000000E+00
  DP  3.718670E+00  0.000000E+00
  DP  3.772290E+00  0.000000E+00
  DP  3.826690E+00  0.000000E+00
  DP  3.881870E+00  0.000000E+00
  DP  3.937850E+00  0.000000E+00
  DP  3.994630E+00  0.000000E+00
  DP  4.052230E+00  0.000000E+00
  DP  4.110660E+00  0.000000E+00
  DP  4.169940E+00  0.000000E+00
  DP  4.230070E+00  0.000000E+00
  DP  4.291070E+00  0.000000E+00
  DP  4.352940E+00  0.000000E+00
  DP  4.415710E+00  0.000000E+00
  DP  4.479390E+00  0.000000E+00
  DP  4.543980E+00  0.000000E+00
  DP  4.609500E+00  0.000000E+00
  DP  4.675970E+00  0.000000E+00
  DP  4.743400E+00  0.000000E+00
  DP  4.811800E+00  0.000000E+00
  DP  4.881180E+00  0.000000E+00
  DP  4.951570E+00  0.000000E+00
  DP  5.022970E+00  0.000000E+00
  DP  5.095400E+00  0.000000E+00
  DP  5.168880E+00  0.000000E+00
  DP  5.243410E+00  0.000000E+00
  DP  5.319020E+00  0.000000E+00
  DP  5.395720E+00  0.000000E+00
  DP  5.473530E+00  0.000000E+00
  DP  5.552450E+00  0.000000E+00
  DP  5.632520E+00  0.000000E+00
  DP  5.713740E+00  0.000000E+00
  DP  5.796130E+00  0.000000E+00
  DP  5.879710E+00  0.000000E+00
  DP  5.964500E+00  0.000000E+00
  DP  6.050500E+00  4.066262E-11
  DP  6.137750E+00  5.953673E-10
  DP  6.226260E+00  3.079753E-09
  DP  6.316040E+00  1.065615E-08
  DP  6.407120E+00  2.221743E-08
  DP  6.499510E+00  6.176896E-08
  DP  6.593230E+00  1.131018E-07
  DP  6.688300E+00  3.461012E-08
  DP  6.784750E+00  2.594228E-09
  DP  6.882580E+00  7.216490E-10
  DP  6.981830E+00  2.688885E-09
  DP  7.082500E+00  6.019268E-09
  DP  7.184630E+00  1.454311E-08
  DP  7.288240E+00  2.588120E-08
  DP  7.393330E+00  2.388361E-09
  DP  7.499940E+00  1.982318E-10
  DP  7.608090E+00  0.000000E+00
  DP  7.717800E+00  0.000000E+00
  DP  7.829090E+00  0.000000E+00
  DP  7.941980E+00  0.000000E+00
  DP  8.056510E+00  0.000000E+00
  DP  8.172680E+00  0.000000E+00
  DP  8.290530E+00  0.000000E+00
  DP  8.410080E+00  0.000000E+00
  DP  8.531350E+00  0.000000E+00
  DP  8.654370E+00  0.000000E+00
  DP  8.779170E+00  0.000000E+00
  DP  8.905760E+00  0.000000E+00
  DP  9.034180E+00  0.000000E+00
  DP  9.164450E+00  0.000000E+00
  DP  9.296600E+00  0.000000E+00
  DP  9.430660E+00  0.000000E+00
  DP  9.566650E+00  0.000000E+00
  DP  9.704600E+00  0.000000E+00
  DP  9.844540E+00  0.000000E+00
  DP  9.986500E+00  0.000000E+00
  DP  1.013050E+01  0.000000E+00
  DP  1.027660E+01  0.000000E+00
  DP  1.042480E+01  0.000000E+00
  DP  1.057510E+01  0.000000E+00
  DP  1.072760E+01  0.000000E+00
  DP  1.088230E+01  0.000000E+00
  DP  1.103920E+01  0.000000E+00
  DP  1.119840E+01  0.000000E+00
  DP  1.135990E+01  0.000000E+00
  DP  1.152370E+01  0.000000E+00
  DP  1.168980E+01  0.000000E+00
  DP  1.185840E+01  0.000000E+00
  DP  1.202940E+01  0.000000E+00
  DP  1.220290E+01  0.000000E+00
  DP  1.237880E+01  0.000000E+00
  DP  1.255730E+01  0.000000E+00
  DP  1.273840E+01  0.000000E+00
  DP  1.292210E+01  0.000000E+00
  DP  1.310840E+01  0.000000E+00
  DP  1.329740E+01  6.090110E-11
  DP  1.348920E+01  1.560006E-09
  DP  1.368370E+01  9.456399E-11
  DP  1.388100E+01  2.308779E-09
  DP  1.408120E+01  7.116452E-09
  DP  1.428420E+01  3.783621E-08
  DP  1.449020E+01  1.121584E-07
  DP  1.469920E+01  2.376747E-07
  DP  1.491110E+01  2.463933E-08
  DP  1.512610E+01  5.295104E-10
  DP  1.534430E+01  2.975178E-11
  DP  1.556550E+01  0.000000E+00
  DP  1.579000E+01  0.000000E+00
  DP  1.601770E+01  0.000000E+00
  DP  1.624860E+01  0.000000E+00
  DP  1.648290E+01  0.000000E+00
  DP  1.672060E+01  0.000000E+00
  DP  1.696170E+01  0.000000E+00
  DP  1.720630E+01  0.000000E+00
  DP  1.745440E+01  0.000000E+00
  DP  1.770610E+01  0.000000E+00
  DP  1.796140E+01  0.000000E+00
  DP  1.822040E+01  0.000000E+00
  DP  1.848320E+01  0.000000E+00
  DP  1.874970E+01  0.000000E+00
  DP  1.902010E+01  0.000000E+00
  DP  1.929430E+01  0.000000E+00
  DP  1.957260E+01  0.000000E+00
  DP  1.985480E+01  0.000000E+00
  DP  2.014110E+01  0.000000E+00
  DP  2.043150E+01  0.000000E+00
  DP  2.072620E+01  0.000000E+00
  DP  2.102500E+01  0.000000E+00
  DP  2.132820E+01  0.000000E+00
  DP  2.163580E+01  0.000000E+00
  DP  2.194770E+01  0.000000E+00
  DP  2.226420E+01  0.000000E+00
  DP  2.258530E+01  0.000000E+00
  DP  2.291100E+01  0.000000E+00
  DP  2.324130E+01  0.000000E+00
  DP  2.357650E+01  0.000000E+00
  DP  2.391640E+01  0.000000E+00
  DP  2.426130E+01  0.000000E+00
  DP  2.461120E+01  0.000000E+00
  DP  2.496600E+01  0.000000E+00
  DP  2.532610E+01  0.000000E+00
  DP  2.569130E+01  0.000000E+00
  DP  2.606170E+01  0.000000E+00
  DP  2.643750E+01  0.000000E+00
  DP  2.681880E+01  0.000000E+00
  DP  2.720550E+01  0.000000E+00
  DP  2.759780E+01  0.000000E+00
  DP  2.799570E+01  0.000000E+00
  DP  2.839940E+01  0.000000E+00
  DP  2.880890E+01  0.000000E+00
  DP  2.922440E+01  0.000000E+00
  DP  2.964580E+01  0.000000E+00
  DP  3.007330E+01  0.000000E+00
  DP  3.050690E+01  0.000000E+00
  DP  3.094680E+01  0.000000E+00
  DP  3.139310E+01  0.000000E+00
  DP  3.184580E+01  0.000000E+00
  DP  3.230500E+01  0.000000E+00
  DP  3.277080E+01  0.000000E+00
  DP  3.324340E+01  0.000000E+00
  DP  3.372270E+01  0.000000E+00
  DP  3.420900E+01  0.000000E+00
  DP  3.470230E+01  0.000000E+00
  DP  3.520270E+01  0.000000E+00
  DP  3.571030E+01  0.000000E+00
  DP  3.622530E+01  0.000000E+00
  DP  3.674760E+01  0.000000E+00
  DP  3.727750E+01  0.000000E+00
  DP  3.781510E+01  0.000000E+00
  DP  3.836040E+01  0.000000E+00
  DP  3.891350E+01  0.000000E+00
  DP  3.947460E+01  0.000000E+00
  DP  4.004390E+01  0.000000E+00
  DP  4.062130E+01  0.000000E+00
  DP  4.120700E+01  0.000000E+00
  DP  4.180120E+01  0.000000E+00
  DP  4.240400E+01  0.000000E+00
  DP  4.301550E+01  0.000000E+00
  DP  4.363570E+01  0.000000E+00
  DP  4.426500E+01  0.000000E+00
  DP  4.490330E+01  0.000000E+00
  DP  4.555080E+01  4.604355E-10
  DP  4.620760E+01  9.077789E-10
  DP  4.687390E+01  0.000000E+00
  DP  4.754980E+01  0.000000E+00
  DP  4.823550E+01  4.348085E-10
  DP  4.893100E+01  1.285879E-09
  DP  4.963660E+01  1.690143E-09
  DP  5.035240E+01  8.330570E-10
  DP  5.107850E+01  4.106079E-10
  DP  5.181500E+01  4.047704E-10
  DP  5.256220E+01  1.197047E-09
  DP  5.332010E+01  1.966726E-09
  DP  5.408900E+01  3.489782E-09
  DP  5.486890E+01  5.351381E-09
  DP  5.566010E+01  2.637654E-09
  DP  5.646280E+01  4.085974E-09
  DP  5.727690E+01  4.394060E-09
  DP  5.810290E+01  8.663164E-09
  DP  5.894070E+01  9.963357E-09
  DP  5.979060E+01  1.157565E-08
  DP  6.065280E+01  1.521477E-08
  DP  6.152740E+01  2.147516E-08
  DP  6.241460E+01  1.747356E-08
  DP  6.331460E+01  2.716276E-08
  DP  6.422760E+01  2.645016E-08
  DP  6.515380E+01  3.058153E-08
  DP  6.609330E+01  3.744456E-08
  DP  6.704640E+01  4.973782E-08
  DP  6.801320E+01  5.488980E-08
  DP  6.899390E+01  5.380552E-08
  DP  6.998880E+01  5.423937E-08
  DP  7.099800E+01  6.321672E-08
  DP  7.202180E+01  6.785129E-08
  DP  7.306040E+01  7.980454E-08
  DP  7.411390E+01  8.970665E-08
  DP  7.518260E+01  1.015429E-07
  DP  7.626670E+01  1.039494E-07
  DP  7.736650E+01  1.203631E-07
  DP  7.848210E+01  1.563340E-07
  DP  7.961380E+01  1.580629E-07
  DP  8.076180E+01  1.808171E-07
  DP  8.192640E+01  2.332326E-07
  DP  8.310780E+01  2.841658E-07
  DP  8.430620E+01  2.840037E-07
  DP  8.552190E+01  3.031297E-07
  DP  8.675510E+01  3.210466E-07
  DP  8.800610E+01  3.224412E-07
  DP  8.927510E+01  3.586779E-07
  DP  9.056250E+01  3.730886E-07
  DP  9.186840E+01  3.845246E-07
  DP  9.319310E+01  3.769825E-07
  DP  9.453690E+01  3.964161E-07
  DP  9.590010E+01  3.978174E-07
  DP  9.728300E+01  4.108001E-07
  DP  9.868580E+01  4.469398E-07
  DP  1.001090E+02  4.721214E-07
  DP  1.015520E+02  4.936991E-07
  DP  1.030170E+02  5.168068E-07
  DP  1.045020E+02  5.691822E-07
  DP  1.060090E+02  6.018391E-07
  DP  1.075380E+02  6.044211E-07
  DP  1.090890E+02  6.569527E-07
  DP  1.106620E+02  6.605015E-07
  DP  1.122570E+02  7.435309E-07
  DP  1.138760E+02  7.633680E-07
  DP  1.155180E+02  8.212492E-07
  DP  1.171840E+02  9.292622E-07
  DP  1.188740E+02  2.078964E-06
  DP  1.205880E+02  5.322988E-06
  DP  1.223270E+02  6.593024E-06
  DP  1.240910E+02  2.732988E-06
  DP  1.258800E+02  8.718648E-07
  DP  1.276950E+02  8.338400E-07
  DP  1.295370E+02  8.450253E-07
  DP  1.314040E+02  8.688483E-07
  DP  1.332990E+02  1.077339E-06
  DP  1.352210E+02  1.484602E-06
  DP  1.371710E+02  1.478468E-06
  DP  1.391490E+02  1.033737E-06
  DP  1.411560E+02  9.121156E-07
  DP  1.431910E+02  9.121156E-07
  DP  1.452560E+02  9.438768E-07
  DP  1.473510E+02  9.406347E-07
  DP  1.494750E+02  9.361726E-07
  DP  1.516310E+02  9.403673E-07
  DP  1.538170E+02  9.683181E-07
  DP  1.560350E+02  9.829829E-07
  DP  1.582850E+02  9.981991E-07
  DP  1.605680E+02  9.922998E-07
  DP  1.628830E+02  1.027629E-06
  DP  1.652320E+02  1.118149E-06
  DP  1.676150E+02  1.265274E-06
  DP  1.700320E+02  1.496175E-06
  DP  1.724830E+02  1.550622E-06
  DP  1.749710E+02  1.568546E-06
  DP  1.774940E+02  1.544932E-06
  DP  1.800530E+02  1.538565E-06
  DP  1.826490E+02  1.509411E-06
  DP  1.852830E+02  1.505024E-06
  DP  1.879550E+02  1.559956E-06
  DP  1.906650E+02  1.623002E-06
  DP  1.934150E+02  1.831242E-06
  DP  1.962040E+02  2.135150E-06
  DP  1.990330E+02  2.232129E-06
  DP  2.019030E+02  2.243661E-06
  DP  2.048140E+02  2.251139E-06
  DP  2.077680E+02  2.308344E-06
  DP  2.107640E+02  2.395648E-06
  DP  2.138030E+02  2.442968E-06
  DP  2.168860E+02  2.436459E-06
  DP  2.200130E+02  2.400110E-06
  DP  2.231860E+02  2.411767E-06
  DP  2.264040E+02  2.396793E-06
  DP  2.296690E+02  2.338677E-06
  DP  2.329810E+02  2.300406E-06
  DP  2.363400E+02  2.277344E-06
  DP  2.397480E+02  2.250939E-06
  DP  2.432060E+02  2.199223E-06
  DP  2.467130E+02  2.167621E-06
  DP  2.502700E+02  2.123318E-06
  DP  2.538790E+02  2.062586E-06
  DP  2.575400E+02  2.037719E-06
  DP  2.612540E+02  2.010403E-06
  DP  2.650210E+02  1.971631E-06
  DP  2.688430E+02  1.931589E-06
  DP  2.727190E+02  1.884286E-06
  DP  2.766520E+02  1.888222E-06
  DP  2.806410E+02  1.842004E-06
  DP  2.846880E+02  1.809307E-06
  DP  2.887930E+02  1.764829E-06
  DP  2.929570E+02  1.747523E-06
  DP  2.971820E+02  1.706913E-06
  DP  3.014670E+02  1.699000E-06
  DP  3.058140E+02  1.684176E-06
  DP  3.102240E+02  1.671258E-06
  DP  3.146980E+02  1.623428E-06
  DP  3.192350E+02  1.624815E-06
  DP  3.238390E+02  1.609415E-06
  DP  3.285080E+02  1.595193E-06
  DP  3.332460E+02  1.564059E-06
  DP  3.380510E+02  1.549377E-06
  DP  3.429260E+02  1.554458E-06
  DP  3.478710E+02  1.511867E-06
  DP  3.528870E+02  1.502367E-06
  DP  3.579750E+02  1.512895E-06
  DP  3.631370E+02  1.477716E-06
  DP  3.683740E+02  1.471399E-06
  DP  3.736860E+02  1.476446E-06
  DP  3.790740E+02  1.438510E-06
  DP  3.845400E+02  1.421155E-06
  DP  3.900850E+02  1.419776E-06
  DP  3.957100E+02  1.433129E-06
  DP  4.014170E+02  1.410902E-06
  DP  4.072050E+02  1.385433E-06
  DP  4.130770E+02  1.402078E-06
  DP  4.190330E+02  1.404042E-06
  DP  4.250760E+02  1.391825E-06
  DP  4.312050E+02  1.394474E-06
  DP  4.374230E+02  1.368478E-06
  DP  4.437310E+02  1.379308E-06
  DP  4.501290E+02  1.384890E-06
  DP  4.566200E+02  1.373425E-06
  DP  4.632050E+02  1.371729E-06
  DP  4.698840E+02  1.362496E-06
  DP  4.766600E+02  1.370601E-06
  DP  4.835330E+02  1.380762E-06
  DP  4.905060E+02  1.822560E-06
  DP  4.975790E+02  1.322763E-05
  DP  5.047540E+02  3.633698E-05
  DP  5.120320E+02  3.811906E-05
  DP  5.194160E+02  1.161158E-05
  DP  5.269050E+02  1.038442E-06
  DP  5.345030E+02  8.476575E-07
  DP  5.422110E+02  8.402374E-07
  DP  5.500290E+02  8.284236E-07
  DP  5.579610E+02  8.419420E-07
  DP  5.660070E+02  8.384241E-07
  DP  5.741680E+02  8.427609E-07
  DP  5.824480E+02  8.287236E-07
  DP  5.908470E+02  8.311444E-07
  DP  5.993670E+02  8.179786E-07
  DP  6.080090E+02  8.300740E-07
  DP  6.167770E+02  8.302620E-07
  DP  6.256710E+02  8.225995E-07
  DP  6.346930E+02  8.276056E-07
  DP  6.438450E+02  8.213845E-07
  DP  6.531290E+02  8.238930E-07
  DP  6.625470E+02  8.262427E-07
  DP  6.721010E+02  8.227290E-07
  DP  6.817930E+02  8.269931E-07
  DP  6.916240E+02  8.223547E-07
  DP  7.015970E+02  8.237836E-07
  DP  7.117140E+02  8.567822E-07
  DP  7.219770E+02  9.388381E-07
  DP  7.323880E+02  9.895173E-07
  DP  7.429490E+02  9.165360E-07
  DP  7.536620E+02  8.365691E-07
  DP  7.645300E+02  8.814157E-07
  DP  7.755540E+02  9.991016E-07
  DP  7.867380E+02  1.056098E-06
  DP  7.980820E+02  9.207892E-07
  DP  8.095910E+02  1.010775E-06
  DP  8.212650E+02  1.177485E-05
  DP  8.331070E+02  5.018980E-05
  DP  8.451210E+02  6.666131E-05
  DP  8.573070E+02  3.077689E-05
  DP  8.696700E+02  1.875905E-06
  DP  8.822100E+02  3.093424E-07
  DP  8.949320E+02  3.087750E-07
  DP  9.078360E+02  3.049956E-07
  DP  9.209270E+02  3.112634E-07
  DP  9.342070E+02  3.090240E-07
  DP  9.476780E+02  4.300080E-07
  DP  9.613440E+02  9.168786E-07
  DP  9.752060E+02  1.146134E-06
  DP  9.892680E+02  7.158809E-07
  DP  1.003530E+03  1.070771E-06
  DP  1.018000E+03  5.217819E-06
  DP  1.032680E+03  8.095951E-06
  DP  1.047580E+03  4.927816E-06
  DP  1.062680E+03  6.948915E-07
  DP  1.078000E+03  2.550802E-07
  DP  1.093550E+03  2.542738E-07
  DP  1.109320E+03  2.747502E-07
  DP  1.125310E+03  3.295196E-07
  DP  1.141540E+03  5.845513E-07
  DP  1.158000E+03  1.189460E-06
  DP  1.174700E+03  1.315769E-06
  DP  1.191640E+03  1.690276E-06
  DP  1.208820E+03  1.424848E-05
  DP  1.226250E+03  3.063585E-05
  DP  1.243940E+03  2.552039E-05
  DP  1.261870E+03  4.949951E-06
  DP  1.280070E+03  1.087884E-07
  DP  1.298530E+03  6.893748E-08
  DP  1.317250E+03  3.292706E-07
  DP  1.336250E+03  1.382801E-06
  DP  1.355520E+03  1.900856E-06
  DP  1.375060E+03  9.724710E-07
  DP  1.394890E+03  1.222775E-07
  DP  1.415010E+03  1.055271E-07
  DP  1.435410E+03  1.364702E-07
  DP  1.456110E+03  1.031815E-07
  DP  1.477110E+03  5.906562E-08
  DP  1.498400E+03  5.411027E-08
  DP  1.520010E+03  5.426560E-08
  DP  1.541930E+03  5.382992E-08
  DP  1.564160E+03  5.324183E-08
  DP  1.586720E+03  5.248101E-08
  DP  1.609600E+03  5.321567E-08
  DP  1.632810E+03  5.397390E-08
  DP  1.656360E+03  5.394858E-08
  DP  1.680240E+03  5.559529E-08
  DP  1.704470E+03  2.052793E-07
  DP  1.729050E+03  2.314645E-06
  DP  1.753980E+03  5.207374E-06
  DP  1.779270E+03  4.545939E-06
  DP  1.804930E+03  1.117364E-06
  DP  1.830960E+03  1.189577E-07
  DP  1.857360E+03  3.514416E-08
  DP  1.884140E+03  3.364250E-08
  DP  1.911310E+03  9.875118E-08
  DP  1.938870E+03  2.581393E-07
  DP  1.966830E+03  8.643277E-07
  DP  1.995190E+03  2.482066E-06
  DP  2.023960E+03  3.105774E-06
  DP  2.053150E+03  1.572632E-06
  DP  2.082750E+03  1.580119E-07
  DP  2.112790E+03  1.834175E-08
  DP  2.143250E+03  3.182733E-08
  DP  2.174160E+03  8.562725E-08
  DP  2.205510E+03  1.112233E-07
  DP  2.237310E+03  6.173762E-08
  DP  2.269570E+03  2.073708E-08
  DP  2.302300E+03  1.807152E-08
  DP  2.335500E+03  1.783563E-08
  DP  2.369180E+03  1.793189E-08
  DP  2.403340E+03  1.705543E-08
  DP  2.438000E+03  1.757851E-08
  DP  2.473150E+03  1.936511E-08
  DP  2.508810E+03  3.419817E-07
  DP  2.544990E+03  2.406110E-06
  DP  2.581690E+03  3.932182E-06
  DP  2.618920E+03  2.495652E-06
  DP  2.656680E+03  2.917179E-07
  DP  2.694990E+03  7.526606E-09
  DP  2.733850E+03  6.165055E-09
  DP  2.773270E+03  5.884636E-09
  DP  2.813260E+03  6.396942E-09
  DP  2.853830E+03  6.282047E-09
  DP  2.894980E+03  1.193420E-08
  DP  2.936730E+03  9.362561E-08
  DP  2.979080E+03  1.996699E-07
  DP  3.022030E+03  1.723876E-07
  DP  3.065610E+03  4.376913E-08
  DP  3.109820E+03  1.496668E-07
  DP  3.154660E+03  7.667856E-07
  DP  3.200150E+03  1.820304E-06
  DP  3.246300E+03  1.898884E-06
  DP  3.293110E+03  8.614950E-07
  DP  3.340590E+03  9.102272E-08
  DP  3.388770E+03  1.092747E-07
  DP  3.437630E+03  1.535732E-07
  DP  3.487200E+03  8.281847E-08
  DP  3.537490E+03  6.149555E-09
  DP  3.588500E+03  1.357532E-11
  DP  3.640240E+03  3.965063E-13
  DP  3.692730E+03  1.896185E-14
  DP  3.745980E+03  0.000000E+00
  DP  3.800000E+03  0.000000E+00
  
 EN
