 # final1D_0_1p38_0p6_1p25_base/final1D_0_1p38_0p6_1p25_base_80_100/quickspec.dat                      
 #    1.0000000000000000      =Mpc
  DP  3.000000E+00  0.000000E+00
  DP  3.043260E+00  0.000000E+00
  DP  3.087140E+00  0.000000E+00
  DP  3.131660E+00  0.000000E+00
  DP  3.176820E+00  0.000000E+00
  DP  3.222630E+00  0.000000E+00
  DP  3.269100E+00  0.000000E+00
  DP  3.316240E+00  0.000000E+00
  DP  3.364060E+00  0.000000E+00
  DP  3.412570E+00  0.000000E+00
  DP  3.461780E+00  0.000000E+00
  DP  3.511690E+00  0.000000E+00
  DP  3.562330E+00  0.000000E+00
  DP  3.613700E+00  0.000000E+00
  DP  3.665810E+00  0.000000E+00
  DP  3.718670E+00  0.000000E+00
  DP  3.772290E+00  0.000000E+00
  DP  3.826690E+00  0.000000E+00
  DP  3.881870E+00  0.000000E+00
  DP  3.937850E+00  0.000000E+00
  DP  3.994630E+00  0.000000E+00
  DP  4.052230E+00  0.000000E+00
  DP  4.110660E+00  0.000000E+00
  DP  4.169940E+00  0.000000E+00
  DP  4.230070E+00  0.000000E+00
  DP  4.291070E+00  0.000000E+00
  DP  4.352940E+00  0.000000E+00
  DP  4.415710E+00  0.000000E+00
  DP  4.479390E+00  0.000000E+00
  DP  4.543980E+00  0.000000E+00
  DP  4.609500E+00  0.000000E+00
  DP  4.675970E+00  0.000000E+00
  DP  4.743400E+00  0.000000E+00
  DP  4.811800E+00  0.000000E+00
  DP  4.881180E+00  0.000000E+00
  DP  4.951570E+00  0.000000E+00
  DP  5.022970E+00  0.000000E+00
  DP  5.095400E+00  0.000000E+00
  DP  5.168880E+00  0.000000E+00
  DP  5.243410E+00  0.000000E+00
  DP  5.319020E+00  0.000000E+00
  DP  5.395720E+00  0.000000E+00
  DP  5.473530E+00  0.000000E+00
  DP  5.552450E+00  0.000000E+00
  DP  5.632520E+00  0.000000E+00
  DP  5.713740E+00  0.000000E+00
  DP  5.796130E+00  0.000000E+00
  DP  5.879710E+00  0.000000E+00
  DP  5.964500E+00  0.000000E+00
  DP  6.050500E+00  0.000000E+00
  DP  6.137750E+00  3.333099E-11
  DP  6.226260E+00  5.224354E-10
  DP  6.316040E+00  2.201814E-09
  DP  6.407120E+00  4.765735E-09
  DP  6.499510E+00  9.388465E-09
  DP  6.593230E+00  1.426770E-08
  DP  6.688300E+00  1.811614E-08
  DP  6.784750E+00  4.490471E-09
  DP  6.882580E+00  1.866103E-10
  DP  6.981830E+00  4.617056E-10
  DP  7.082500E+00  9.370499E-10
  DP  7.184630E+00  2.273441E-09
  DP  7.288240E+00  4.577858E-09
  DP  7.393330E+00  2.693790E-09
  DP  7.499940E+00  2.992325E-10
  DP  7.608090E+00  0.000000E+00
  DP  7.717800E+00  5.301271E-12
  DP  7.829090E+00  0.000000E+00
  DP  7.941980E+00  0.000000E+00
  DP  8.056510E+00  0.000000E+00
  DP  8.172680E+00  0.000000E+00
  DP  8.290530E+00  0.000000E+00
  DP  8.410080E+00  0.000000E+00
  DP  8.531350E+00  0.000000E+00
  DP  8.654370E+00  0.000000E+00
  DP  8.779170E+00  0.000000E+00
  DP  8.905760E+00  0.000000E+00
  DP  9.034180E+00  0.000000E+00
  DP  9.164450E+00  0.000000E+00
  DP  9.296600E+00  0.000000E+00
  DP  9.430660E+00  0.000000E+00
  DP  9.566650E+00  0.000000E+00
  DP  9.704600E+00  0.000000E+00
  DP  9.844540E+00  0.000000E+00
  DP  9.986500E+00  0.000000E+00
  DP  1.013050E+01  0.000000E+00
  DP  1.027660E+01  0.000000E+00
  DP  1.042480E+01  0.000000E+00
  DP  1.057510E+01  0.000000E+00
  DP  1.072760E+01  0.000000E+00
  DP  1.088230E+01  0.000000E+00
  DP  1.103920E+01  0.000000E+00
  DP  1.119840E+01  0.000000E+00
  DP  1.135990E+01  0.000000E+00
  DP  1.152370E+01  0.000000E+00
  DP  1.168980E+01  0.000000E+00
  DP  1.185840E+01  0.000000E+00
  DP  1.202940E+01  0.000000E+00
  DP  1.220290E+01  0.000000E+00
  DP  1.237880E+01  0.000000E+00
  DP  1.255730E+01  0.000000E+00
  DP  1.273840E+01  0.000000E+00
  DP  1.292210E+01  0.000000E+00
  DP  1.310840E+01  3.121141E-12
  DP  1.329740E+01  5.601034E-11
  DP  1.348920E+01  8.629072E-12
  DP  1.368370E+01  2.093035E-11
  DP  1.388100E+01  1.879189E-10
  DP  1.408120E+01  8.178224E-10
  DP  1.428420E+01  2.151644E-09
  DP  1.449020E+01  5.470630E-09
  DP  1.469920E+01  1.228048E-08
  DP  1.491110E+01  6.667109E-09
  DP  1.512610E+01  5.286631E-10
  DP  1.534430E+01  4.082498E-11
  DP  1.556550E+01  0.000000E+00
  DP  1.579000E+01  0.000000E+00
  DP  1.601770E+01  0.000000E+00
  DP  1.624860E+01  0.000000E+00
  DP  1.648290E+01  0.000000E+00
  DP  1.672060E+01  0.000000E+00
  DP  1.696170E+01  0.000000E+00
  DP  1.720630E+01  0.000000E+00
  DP  1.745440E+01  0.000000E+00
  DP  1.770610E+01  0.000000E+00
  DP  1.796140E+01  0.000000E+00
  DP  1.822040E+01  0.000000E+00
  DP  1.848320E+01  0.000000E+00
  DP  1.874970E+01  0.000000E+00
  DP  1.902010E+01  0.000000E+00
  DP  1.929430E+01  0.000000E+00
  DP  1.957260E+01  0.000000E+00
  DP  1.985480E+01  0.000000E+00
  DP  2.014110E+01  0.000000E+00
  DP  2.043150E+01  0.000000E+00
  DP  2.072620E+01  0.000000E+00
  DP  2.102500E+01  0.000000E+00
  DP  2.132820E+01  0.000000E+00
  DP  2.163580E+01  0.000000E+00
  DP  2.194770E+01  0.000000E+00
  DP  2.226420E+01  0.000000E+00
  DP  2.258530E+01  0.000000E+00
  DP  2.291100E+01  0.000000E+00
  DP  2.324130E+01  0.000000E+00
  DP  2.357650E+01  0.000000E+00
  DP  2.391640E+01  0.000000E+00
  DP  2.426130E+01  0.000000E+00
  DP  2.461120E+01  0.000000E+00
  DP  2.496600E+01  0.000000E+00
  DP  2.532610E+01  0.000000E+00
  DP  2.569130E+01  0.000000E+00
  DP  2.606170E+01  0.000000E+00
  DP  2.643750E+01  0.000000E+00
  DP  2.681880E+01  0.000000E+00
  DP  2.720550E+01  0.000000E+00
  DP  2.759780E+01  0.000000E+00
  DP  2.799570E+01  0.000000E+00
  DP  2.839940E+01  0.000000E+00
  DP  2.880890E+01  0.000000E+00
  DP  2.922440E+01  0.000000E+00
  DP  2.964580E+01  0.000000E+00
  DP  3.007330E+01  0.000000E+00
  DP  3.050690E+01  0.000000E+00
  DP  3.094680E+01  0.000000E+00
  DP  3.139310E+01  0.000000E+00
  DP  3.184580E+01  0.000000E+00
  DP  3.230500E+01  0.000000E+00
  DP  3.277080E+01  0.000000E+00
  DP  3.324340E+01  0.000000E+00
  DP  3.372270E+01  0.000000E+00
  DP  3.420900E+01  1.433070E-09
  DP  3.470230E+01  0.000000E+00
  DP  3.520270E+01  0.000000E+00
  DP  3.571030E+01  0.000000E+00
  DP  3.622530E+01  0.000000E+00
  DP  3.674760E+01  0.000000E+00
  DP  3.727750E+01  0.000000E+00
  DP  3.781510E+01  0.000000E+00
  DP  3.836040E+01  1.277983E-09
  DP  3.891350E+01  0.000000E+00
  DP  3.947460E+01  2.483820E-09
  DP  4.004390E+01  2.448508E-09
  DP  4.062130E+01  1.206848E-09
  DP  4.120700E+01  4.758791E-09
  DP  4.180120E+01  2.345570E-09
  DP  4.240400E+01  2.312230E-09
  DP  4.301550E+01  7.977763E-09
  DP  4.363570E+01  2.246961E-09
  DP  4.426500E+01  3.322529E-09
  DP  4.490330E+01  5.458831E-09
  DP  4.555080E+01  6.457482E-09
  DP  4.620760E+01  8.487605E-09
  DP  4.687390E+01  8.366944E-09
  DP  4.754980E+01  1.958897E-08
  DP  4.823550E+01  1.422884E-08
  DP  4.893100E+01  2.103982E-08
  DP  4.963660E+01  2.469139E-08
  DP  5.035240E+01  2.823483E-08
  DP  5.107850E+01  3.455197E-08
  DP  5.181500E+01  3.689917E-08
  DP  5.256220E+01  5.409564E-08
  DP  5.332010E+01  5.976268E-08
  DP  5.408900E+01  5.347504E-08
  DP  5.486890E+01  7.683858E-08
  DP  5.566010E+01  8.631579E-08
  DP  5.646280E+01  8.595731E-08
  DP  5.727690E+01  1.087015E-07
  DP  5.810290E+01  1.231875E-07
  DP  5.894070E+01  1.330801E-07
  DP  5.979060E+01  1.689048E-07
  DP  6.065280E+01  1.754342E-07
  DP  6.152740E+01  2.262854E-07
  DP  6.241460E+01  2.382704E-07
  DP  6.331460E+01  2.833912E-07
  DP  6.422760E+01  3.144730E-07
  DP  6.515380E+01  3.619208E-07
  DP  6.609330E+01  3.871935E-07
  DP  6.704640E+01  4.672331E-07
  DP  6.801320E+01  4.973523E-07
  DP  6.899390E+01  5.513897E-07
  DP  6.998880E+01  6.150808E-07
  DP  7.099800E+01  6.614959E-07
  DP  7.202180E+01  7.072283E-07
  DP  7.306040E+01  8.361930E-07
  DP  7.411390E+01  8.315847E-07
  DP  7.518260E+01  9.744681E-07
  DP  7.626670E+01  9.809273E-07
  DP  7.736650E+01  1.136875E-06
  DP  7.848210E+01  1.280423E-06
  DP  7.961380E+01  1.383369E-06
  DP  8.076180E+01  1.524042E-06
  DP  8.192640E+01  1.683358E-06
  DP  8.310780E+01  1.749328E-06
  DP  8.430620E+01  1.918119E-06
  DP  8.552190E+01  1.983037E-06
  DP  8.675510E+01  2.198463E-06
  DP  8.800610E+01  2.367505E-06
  DP  8.927510E+01  2.526018E-06
  DP  9.056250E+01  2.664761E-06
  DP  9.186840E+01  2.810139E-06
  DP  9.319310E+01  3.045836E-06
  DP  9.453690E+01  3.210767E-06
  DP  9.590010E+01  3.321960E-06
  DP  9.728300E+01  3.544990E-06
  DP  9.868580E+01  3.706929E-06
  DP  1.001090E+02  3.870674E-06
  DP  1.015520E+02  4.068218E-06
  DP  1.030170E+02  4.287504E-06
  DP  1.045020E+02  4.408315E-06
  DP  1.060090E+02  4.619689E-06
  DP  1.075380E+02  4.880312E-06
  DP  1.090890E+02  5.119611E-06
  DP  1.106620E+02  5.404793E-06
  DP  1.122570E+02  5.671082E-06
  DP  1.138760E+02  5.919188E-06
  DP  1.155180E+02  6.141884E-06
  DP  1.171840E+02  6.394160E-06
  DP  1.188740E+02  6.784059E-06
  DP  1.205880E+02  8.149053E-06
  DP  1.223270E+02  9.950823E-06
  DP  1.240910E+02  8.733856E-06
  DP  1.258800E+02  7.127014E-06
  DP  1.276950E+02  7.313913E-06
  DP  1.295370E+02  7.348649E-06
  DP  1.314040E+02  7.388933E-06
  DP  1.332990E+02  7.709578E-06
  DP  1.352210E+02  7.851053E-06
  DP  1.371710E+02  8.276056E-06
  DP  1.391490E+02  8.150039E-06
  DP  1.411560E+02  8.047895E-06
  DP  1.431910E+02  8.113941E-06
  DP  1.452560E+02  8.190649E-06
  DP  1.473510E+02  8.166918E-06
  DP  1.494750E+02  8.321680E-06
  DP  1.516310E+02  8.352605E-06
  DP  1.538170E+02  8.527964E-06
  DP  1.560350E+02  8.716559E-06
  DP  1.582850E+02  9.241566E-06
  DP  1.605680E+02  8.964064E-06
  DP  1.628830E+02  8.661994E-06
  DP  1.652320E+02  8.662914E-06
  DP  1.676150E+02  9.021386E-06
  DP  1.700320E+02  9.458154E-06
  DP  1.724830E+02  9.727217E-06
  DP  1.749710E+02  9.713346E-06
  DP  1.774940E+02  9.707664E-06
  DP  1.800530E+02  9.737829E-06
  DP  1.826490E+02  9.789218E-06
  DP  1.852830E+02  9.720365E-06
  DP  1.879550E+02  9.830831E-06
  DP  1.906650E+02  9.944974E-06
  DP  1.934150E+02  1.013390E-05
  DP  1.962040E+02  1.070128E-05
  DP  1.990330E+02  1.118768E-05
  DP  2.019030E+02  1.105482E-05
  DP  2.048140E+02  1.120197E-05
  DP  2.077680E+02  1.129388E-05
  DP  2.107640E+02  1.141705E-05
  DP  2.138030E+02  1.142181E-05
  DP  2.168860E+02  1.151632E-05
  DP  2.200130E+02  1.125152E-05
  DP  2.231860E+02  1.131235E-05
  DP  2.264040E+02  1.103986E-05
  DP  2.296690E+02  1.107880E-05
  DP  2.329810E+02  1.094636E-05
  DP  2.363400E+02  1.075484E-05
  DP  2.397480E+02  1.064596E-05
  DP  2.432060E+02  1.043255E-05
  DP  2.467130E+02  1.032484E-05
  DP  2.502700E+02  1.017719E-05
  DP  2.538790E+02  1.005803E-05
  DP  2.575400E+02  9.819467E-06
  DP  2.612540E+02  9.720031E-06
  DP  2.650210E+02  9.536282E-06
  DP  2.688430E+02  9.554248E-06
  DP  2.727190E+02  9.469769E-06
  DP  2.766520E+02  9.146559E-06
  DP  2.806410E+02  8.955290E-06
  DP  2.846880E+02  8.849587E-06
  DP  2.887930E+02  8.698594E-06
  DP  2.929570E+02  8.591637E-06
  DP  2.971820E+02  8.513341E-06
  DP  3.014670E+02  8.385244E-06
  DP  3.058140E+02  8.262051E-06
  DP  3.102240E+02  8.059226E-06
  DP  3.146980E+02  8.000041E-06
  DP  3.192350E+02  7.873297E-06
  DP  3.238390E+02  7.849407E-06
  DP  3.285080E+02  7.675235E-06
  DP  3.332460E+02  7.654821E-06
  DP  3.380510E+02  7.521610E-06
  DP  3.429260E+02  7.445227E-06
  DP  3.478710E+02  7.359837E-06
  DP  3.528870E+02  7.202553E-06
  DP  3.579750E+02  7.119210E-06
  DP  3.631370E+02  7.109935E-06
  DP  3.683740E+02  7.082502E-06
  DP  3.736860E+02  6.963746E-06
  DP  3.790740E+02  6.902664E-06
  DP  3.845400E+02  6.821352E-06
  DP  3.900850E+02  6.787234E-06
  DP  3.957100E+02  6.746825E-06
  DP  4.014170E+02  6.665045E-06
  DP  4.072050E+02  6.637236E-06
  DP  4.130770E+02  6.563661E-06
  DP  4.190330E+02  6.510367E-06
  DP  4.250760E+02  6.415075E-06
  DP  4.312050E+02  6.432405E-06
  DP  4.374230E+02  6.325582E-06
  DP  4.437310E+02  6.336211E-06
  DP  4.501290E+02  6.264968E-06
  DP  4.566200E+02  6.230407E-06
  DP  4.632050E+02  6.212434E-06
  DP  4.698840E+02  6.224433E-06
  DP  4.766600E+02  6.267190E-06
  DP  4.835330E+02  6.287562E-06
  DP  4.905060E+02  6.277811E-06
  DP  4.975790E+02  1.374420E-05
  DP  5.047540E+02  4.089643E-05
  DP  5.120320E+02  6.083893E-05
  DP  5.194160E+02  2.539689E-05
  DP  5.269050E+02  4.597754E-06
  DP  5.345030E+02  4.103087E-06
  DP  5.422110E+02  4.110566E-06
  DP  5.500290E+02  4.063104E-06
  DP  5.579610E+02  4.023689E-06
  DP  5.660070E+02  4.031067E-06
  DP  5.741680E+02  3.966024E-06
  DP  5.824480E+02  3.981683E-06
  DP  5.908470E+02  3.936636E-06
  DP  5.993670E+02  3.908844E-06
  DP  6.080090E+02  3.896444E-06
  DP  6.167770E+02  3.928389E-06
  DP  6.256710E+02  3.881503E-06
  DP  6.346930E+02  3.855750E-06
  DP  6.438450E+02  3.848054E-06
  DP  6.531290E+02  3.816777E-06
  DP  6.625470E+02  3.852115E-06
  DP  6.721010E+02  3.804026E-06
  DP  6.817930E+02  3.758628E-06
  DP  6.916240E+02  3.806316E-06
  DP  7.015970E+02  3.796673E-06
  DP  7.117140E+02  3.812307E-06
  DP  7.219770E+02  3.893987E-06
  DP  7.323880E+02  4.005230E-06
  DP  7.429490E+02  3.997643E-06
  DP  7.536620E+02  3.877952E-06
  DP  7.645300E+02  3.777713E-06
  DP  7.755540E+02  3.926266E-06
  DP  7.867380E+02  4.051848E-06
  DP  7.980820E+02  4.043283E-06
  DP  8.095910E+02  4.083877E-06
  DP  8.212650E+02  1.137410E-05
  DP  8.331070E+02  5.398660E-05
  DP  8.451210E+02  1.007290E-04
  DP  8.573070E+02  6.111510E-05
  DP  8.696700E+02  4.977843E-06
  DP  8.822100E+02  1.531128E-06
  DP  8.949320E+02  1.505584E-06
  DP  9.078360E+02  1.509879E-06
  DP  9.209270E+02  1.492523E-06
  DP  9.342070E+02  1.493752E-06
  DP  9.476780E+02  1.582760E-06
  DP  9.613440E+02  2.134991E-06
  DP  9.752060E+02  2.727548E-06
  DP  9.892680E+02  2.245148E-06
  DP  1.003530E+03  2.007996E-06
  DP  1.018000E+03  6.376169E-06
  DP  1.032680E+03  1.259073E-05
  DP  1.047580E+03  1.015128E-05
  DP  1.062680E+03  2.164663E-06
  DP  1.078000E+03  1.225933E-06
  DP  1.093550E+03  1.228382E-06
  DP  1.109320E+03  1.247074E-06
  DP  1.125310E+03  1.298388E-06
  DP  1.141540E+03  1.549829E-06
  DP  1.158000E+03  2.324229E-06
  DP  1.174700E+03  2.943041E-06
  DP  1.191640E+03  2.648642E-06
  DP  1.208820E+03  1.440733E-05
  DP  1.226250E+03  4.168791E-05
  DP  1.243940E+03  4.666658E-05
  DP  1.261870E+03  1.079879E-05
  DP  1.280070E+03  4.427425E-07
  DP  1.298530E+03  3.611512E-07
  DP  1.317250E+03  5.603607E-07
  DP  1.336250E+03  1.842055E-06
  DP  1.355520E+03  3.203982E-06
  DP  1.375060E+03  2.141642E-06
  DP  1.394890E+03  4.369059E-07
  DP  1.415010E+03  3.531378E-07
  DP  1.435410E+03  4.235981E-07
  DP  1.456110E+03  3.868518E-07
  DP  1.477110E+03  3.043948E-07
  DP  1.498400E+03  2.993954E-07
  DP  1.520010E+03  2.971067E-07
  DP  1.541930E+03  3.098195E-07
  DP  1.564160E+03  3.139582E-07
  DP  1.586720E+03  2.963663E-07
  DP  1.609600E+03  2.906350E-07
  DP  1.632810E+03  2.902205E-07
  DP  1.656360E+03  2.889964E-07
  DP  1.680240E+03  2.875934E-07
  DP  1.704470E+03  4.009968E-07
  DP  1.729050E+03  2.627067E-06
  DP  1.753980E+03  7.570417E-06
  DP  1.779270E+03  8.567572E-06
  DP  1.804930E+03  2.435949E-06
  DP  1.830960E+03  3.536258E-07
  DP  1.857360E+03  1.830548E-07
  DP  1.884140E+03  1.718912E-07
  DP  1.911310E+03  2.428211E-07
  DP  1.938870E+03  4.663817E-07
  DP  1.966830E+03  1.167483E-06
  DP  1.995190E+03  3.378230E-06
  DP  2.023960E+03  5.302750E-06
  DP  2.053150E+03  3.237682E-06
  DP  2.082750E+03  4.123585E-07
  DP  2.112790E+03  1.035492E-07
  DP  2.143250E+03  1.185950E-07
  DP  2.174160E+03  1.890486E-07
  DP  2.205510E+03  2.585956E-07
  DP  2.237310E+03  1.943279E-07
  DP  2.269570E+03  1.081667E-07
  DP  2.302300E+03  1.010131E-07
  DP  2.335500E+03  9.928429E-08
  DP  2.369180E+03  9.811111E-08
  DP  2.403340E+03  1.012505E-07
  DP  2.438000E+03  9.890326E-08
  DP  2.473150E+03  1.012179E-07
  DP  2.508810E+03  4.020463E-07
  DP  2.544990E+03  3.066041E-06
  DP  2.581690E+03  6.496772E-06
  DP  2.618920E+03  5.106977E-06
  DP  2.656680E+03  6.726887E-07
  DP  2.694990E+03  3.762096E-08
  DP  2.733850E+03  3.659058E-08
  DP  2.773270E+03  3.588742E-08
  DP  2.813260E+03  3.727485E-08
  DP  2.853830E+03  3.685889E-08
  DP  2.894980E+03  4.227366E-08
  DP  2.936730E+03  1.385541E-07
  DP  2.979080E+03  3.401409E-07
  DP  3.022030E+03  3.569607E-07
  DP  3.065610E+03  1.146267E-07
  DP  3.109820E+03  1.915119E-07
  DP  3.154660E+03  1.031339E-06
  DP  3.200150E+03  2.795766E-06
  DP  3.246300E+03  3.459325E-06
  DP  3.293110E+03  1.796949E-06
  DP  3.340590E+03  1.774897E-07
  DP  3.388770E+03  1.507765E-07
  DP  3.437630E+03  2.693531E-07
  DP  3.487200E+03  1.678829E-07
  DP  3.537490E+03  1.447393E-08
  DP  3.588500E+03  3.790640E-11
  DP  3.640240E+03  6.954931E-13
  DP  3.692730E+03  4.432155E-14
  DP  3.745980E+03  0.000000E+00
  DP  3.800000E+03  0.000000E+00
  
 EN
