 # final1D_0_1p38_0p6_1p25_base/final1D_0_1p38_0p6_1p25_base_5_100/quickspec.dat                       
 #    1.0000000000000000      =Mpc
  DP  3.000000E+00  0.000000E+00
  DP  3.043260E+00  0.000000E+00
  DP  3.087140E+00  0.000000E+00
  DP  3.131660E+00  0.000000E+00
  DP  3.176820E+00  0.000000E+00
  DP  3.222630E+00  0.000000E+00
  DP  3.269100E+00  0.000000E+00
  DP  3.316240E+00  0.000000E+00
  DP  3.364060E+00  0.000000E+00
  DP  3.412570E+00  0.000000E+00
  DP  3.461780E+00  0.000000E+00
  DP  3.511690E+00  0.000000E+00
  DP  3.562330E+00  0.000000E+00
  DP  3.613700E+00  0.000000E+00
  DP  3.665810E+00  0.000000E+00
  DP  3.718670E+00  0.000000E+00
  DP  3.772290E+00  0.000000E+00
  DP  3.826690E+00  0.000000E+00
  DP  3.881870E+00  0.000000E+00
  DP  3.937850E+00  0.000000E+00
  DP  3.994630E+00  0.000000E+00
  DP  4.052230E+00  0.000000E+00
  DP  4.110660E+00  0.000000E+00
  DP  4.169940E+00  0.000000E+00
  DP  4.230070E+00  0.000000E+00
  DP  4.291070E+00  0.000000E+00
  DP  4.352940E+00  0.000000E+00
  DP  4.415710E+00  0.000000E+00
  DP  4.479390E+00  0.000000E+00
  DP  4.543980E+00  0.000000E+00
  DP  4.609500E+00  0.000000E+00
  DP  4.675970E+00  0.000000E+00
  DP  4.743400E+00  0.000000E+00
  DP  4.811800E+00  0.000000E+00
  DP  4.881180E+00  0.000000E+00
  DP  4.951570E+00  0.000000E+00
  DP  5.022970E+00  0.000000E+00
  DP  5.095400E+00  0.000000E+00
  DP  5.168880E+00  0.000000E+00
  DP  5.243410E+00  0.000000E+00
  DP  5.319020E+00  0.000000E+00
  DP  5.395720E+00  0.000000E+00
  DP  5.473530E+00  0.000000E+00
  DP  5.552450E+00  0.000000E+00
  DP  5.632520E+00  0.000000E+00
  DP  5.713740E+00  0.000000E+00
  DP  5.796130E+00  0.000000E+00
  DP  5.879710E+00  0.000000E+00
  DP  5.964500E+00  0.000000E+00
  DP  6.050500E+00  0.000000E+00
  DP  6.137750E+00  0.000000E+00
  DP  6.226260E+00  0.000000E+00
  DP  6.316040E+00  0.000000E+00
  DP  6.407120E+00  0.000000E+00
  DP  6.499510E+00  0.000000E+00
  DP  6.593230E+00  0.000000E+00
  DP  6.688300E+00  0.000000E+00
  DP  6.784750E+00  0.000000E+00
  DP  6.882580E+00  0.000000E+00
  DP  6.981830E+00  0.000000E+00
  DP  7.082500E+00  0.000000E+00
  DP  7.184630E+00  0.000000E+00
  DP  7.288240E+00  0.000000E+00
  DP  7.393330E+00  0.000000E+00
  DP  7.499940E+00  0.000000E+00
  DP  7.608090E+00  0.000000E+00
  DP  7.717800E+00  0.000000E+00
  DP  7.829090E+00  0.000000E+00
  DP  7.941980E+00  0.000000E+00
  DP  8.056510E+00  0.000000E+00
  DP  8.172680E+00  0.000000E+00
  DP  8.290530E+00  0.000000E+00
  DP  8.410080E+00  0.000000E+00
  DP  8.531350E+00  0.000000E+00
  DP  8.654370E+00  0.000000E+00
  DP  8.779170E+00  0.000000E+00
  DP  8.905760E+00  0.000000E+00
  DP  9.034180E+00  0.000000E+00
  DP  9.164450E+00  0.000000E+00
  DP  9.296600E+00  0.000000E+00
  DP  9.430660E+00  0.000000E+00
  DP  9.566650E+00  0.000000E+00
  DP  9.704600E+00  0.000000E+00
  DP  9.844540E+00  0.000000E+00
  DP  9.986500E+00  0.000000E+00
  DP  1.013050E+01  0.000000E+00
  DP  1.027660E+01  0.000000E+00
  DP  1.042480E+01  0.000000E+00
  DP  1.057510E+01  0.000000E+00
  DP  1.072760E+01  0.000000E+00
  DP  1.088230E+01  0.000000E+00
  DP  1.103920E+01  0.000000E+00
  DP  1.119840E+01  0.000000E+00
  DP  1.135990E+01  0.000000E+00
  DP  1.152370E+01  0.000000E+00
  DP  1.168980E+01  0.000000E+00
  DP  1.185840E+01  0.000000E+00
  DP  1.202940E+01  0.000000E+00
  DP  1.220290E+01  0.000000E+00
  DP  1.237880E+01  0.000000E+00
  DP  1.255730E+01  0.000000E+00
  DP  1.273840E+01  0.000000E+00
  DP  1.292210E+01  0.000000E+00
  DP  1.310840E+01  0.000000E+00
  DP  1.329740E+01  0.000000E+00
  DP  1.348920E+01  0.000000E+00
  DP  1.368370E+01  0.000000E+00
  DP  1.388100E+01  0.000000E+00
  DP  1.408120E+01  0.000000E+00
  DP  1.428420E+01  0.000000E+00
  DP  1.449020E+01  0.000000E+00
  DP  1.469920E+01  0.000000E+00
  DP  1.491110E+01  0.000000E+00
  DP  1.512610E+01  0.000000E+00
  DP  1.534430E+01  0.000000E+00
  DP  1.556550E+01  0.000000E+00
  DP  1.579000E+01  0.000000E+00
  DP  1.601770E+01  0.000000E+00
  DP  1.624860E+01  0.000000E+00
  DP  1.648290E+01  0.000000E+00
  DP  1.672060E+01  0.000000E+00
  DP  1.696170E+01  0.000000E+00
  DP  1.720630E+01  0.000000E+00
  DP  1.745440E+01  0.000000E+00
  DP  1.770610E+01  0.000000E+00
  DP  1.796140E+01  0.000000E+00
  DP  1.822040E+01  0.000000E+00
  DP  1.848320E+01  0.000000E+00
  DP  1.874970E+01  0.000000E+00
  DP  1.902010E+01  0.000000E+00
  DP  1.929430E+01  0.000000E+00
  DP  1.957260E+01  0.000000E+00
  DP  1.985480E+01  0.000000E+00
  DP  2.014110E+01  0.000000E+00
  DP  2.043150E+01  0.000000E+00
  DP  2.072620E+01  0.000000E+00
  DP  2.102500E+01  0.000000E+00
  DP  2.132820E+01  0.000000E+00
  DP  2.163580E+01  0.000000E+00
  DP  2.194770E+01  0.000000E+00
  DP  2.226420E+01  0.000000E+00
  DP  2.258530E+01  0.000000E+00
  DP  2.291100E+01  0.000000E+00
  DP  2.324130E+01  0.000000E+00
  DP  2.357650E+01  8.171297E-10
  DP  2.391640E+01  0.000000E+00
  DP  2.426130E+01  0.000000E+00
  DP  2.461120E+01  0.000000E+00
  DP  2.496600E+01  0.000000E+00
  DP  2.532610E+01  1.205645E-09
  DP  2.569130E+01  4.547058E-11
  DP  2.606170E+01  0.000000E+00
  DP  2.643750E+01  7.423519E-09
  DP  2.681880E+01  0.000000E+00
  DP  2.720550E+01  3.735900E-10
  DP  2.759780E+01  6.804381E-11
  DP  2.799570E+01  2.849813E-10
  DP  2.839940E+01  5.236846E-10
  DP  2.880890E+01  2.291164E-11
  DP  2.922440E+01  6.475739E-10
  DP  2.964580E+01  3.324985E-10
  DP  3.007330E+01  2.231419E-09
  DP  3.050690E+01  9.608645E-10
  DP  3.094680E+01  1.242796E-09
  DP  3.139310E+01  4.523260E-09
  DP  3.184580E+01  2.800429E-09
  DP  3.230500E+01  4.073039E-09
  DP  3.277080E+01  1.929275E-08
  DP  3.324340E+01  1.282412E-08
  DP  3.372270E+01  6.244989E-09
  DP  3.420900E+01  2.708028E-08
  DP  3.470230E+01  2.709307E-08
  DP  3.520270E+01  1.689315E-08
  DP  3.571030E+01  1.143919E-08
  DP  3.622530E+01  1.659894E-08
  DP  3.674760E+01  1.100886E-08
  DP  3.727750E+01  1.574245E-08
  DP  3.781510E+01  1.973687E-08
  DP  3.836040E+01  1.038801E-08
  DP  3.891350E+01  7.863537E-09
  DP  3.947460E+01  3.537194E-08
  DP  4.004390E+01  2.561857E-08
  DP  4.062130E+01  3.271473E-08
  DP  4.120700E+01  1.471750E-08
  DP  4.180120E+01  1.698214E-08
  DP  4.240400E+01  2.899247E-08
  DP  4.301550E+01  3.011126E-08
  DP  4.363570E+01  3.847611E-08
  DP  4.426500E+01  4.376195E-08
  DP  4.490330E+01  4.127562E-08
  DP  4.555080E+01  3.851680E-08
  DP  4.620760E+01  4.153549E-08
  DP  4.687390E+01  4.102101E-08
  DP  4.754980E+01  4.175350E-08
  DP  4.823550E+01  3.428976E-08
  DP  4.893100E+01  3.435493E-08
  DP  4.963660E+01  4.051397E-08
  DP  5.035240E+01  4.687589E-08
  DP  5.107850E+01  5.839698E-08
  DP  5.181500E+01  5.103894E-08
  DP  5.256220E+01  4.775829E-08
  DP  5.332010E+01  6.107324E-08
  DP  5.408900E+01  4.720896E-08
  DP  5.486890E+01  3.463971E-08
  DP  5.566010E+01  5.704782E-08
  DP  5.646280E+01  4.449427E-08
  DP  5.727690E+01  4.035780E-08
  DP  5.810290E+01  3.684611E-08
  DP  5.894070E+01  5.607535E-08
  DP  5.979060E+01  5.844310E-08
  DP  6.065280E+01  7.033527E-08
  DP  6.152740E+01  6.343255E-08
  DP  6.241460E+01  7.156737E-08
  DP  6.331460E+01  6.497674E-08
  DP  6.422760E+01  7.520690E-08
  DP  6.515380E+01  5.780086E-08
  DP  6.609330E+01  6.214414E-08
  DP  6.704640E+01  4.369752E-08
  DP  6.801320E+01  4.504418E-08
  DP  6.899390E+01  6.113674E-08
  DP  6.998880E+01  4.566377E-08
  DP  7.099800E+01  3.958930E-08
  DP  7.202180E+01  6.207178E-08
  DP  7.306040E+01  4.058266E-08
  DP  7.411390E+01  5.141211E-08
  DP  7.518260E+01  4.585889E-08
  DP  7.626670E+01  6.165974E-08
  DP  7.736650E+01  3.920693E-08
  DP  7.848210E+01  3.518376E-08
  DP  7.961380E+01  4.172509E-08
  DP  8.076180E+01  4.394904E-08
  DP  8.192640E+01  4.136879E-08
  DP  8.310780E+01  4.001963E-08
  DP  8.430620E+01  3.769249E-08
  DP  8.552190E+01  4.222461E-08
  DP  8.675510E+01  4.175626E-08
  DP  8.800610E+01  3.720959E-08
  DP  8.927510E+01  3.833122E-08
  DP  9.056250E+01  4.148836E-08
  DP  9.186840E+01  3.907490E-08
  DP  9.319310E+01  4.834697E-08
  DP  9.453690E+01  3.099432E-08
  DP  9.590010E+01  4.157142E-08
  DP  9.728300E+01  3.783420E-08
  DP  9.868580E+01  3.554817E-08
  DP  1.001090E+02  3.942435E-08
  DP  1.015520E+02  3.891438E-08
  DP  1.030170E+02  4.149789E-08
  DP  1.045020E+02  3.130875E-08
  DP  1.060090E+02  3.238308E-08
  DP  1.075380E+02  3.289364E-08
  DP  1.090890E+02  5.096189E-08
  DP  1.106620E+02  4.353266E-08
  DP  1.122570E+02  3.849433E-08
  DP  1.138760E+02  4.112839E-08
  DP  1.155180E+02  3.922230E-08
  DP  1.171840E+02  2.892287E-08
  DP  1.188740E+02  2.939130E-08
  DP  1.205880E+02  3.044692E-08
  DP  1.223270E+02  2.982398E-08
  DP  1.240910E+02  4.897668E-08
  DP  1.258800E+02  2.333914E-08
  DP  1.276950E+02  3.073862E-08
  DP  1.295370E+02  3.370676E-08
  DP  1.314040E+02  2.122022E-08
  DP  1.332990E+02  2.569745E-08
  DP  1.352210E+02  2.752332E-08
  DP  1.371710E+02  2.465730E-08
  DP  1.391490E+02  2.260991E-08
  DP  1.411560E+02  2.302128E-08
  DP  1.431910E+02  2.549632E-08
  DP  1.452560E+02  2.665279E-08
  DP  1.473510E+02  4.202557E-08
  DP  1.494750E+02  2.468512E-08
  DP  1.516310E+02  2.120159E-08
  DP  1.538170E+02  1.365445E-08
  DP  1.560350E+02  3.067629E-08
  DP  1.582850E+02  2.722877E-08
  DP  1.605680E+02  3.203631E-08
  DP  1.628830E+02  4.291206E-08
  DP  1.652320E+02  4.441697E-08
  DP  1.676150E+02  2.051723E-08
  DP  1.700320E+02  1.949630E-08
  DP  1.724830E+02  1.003831E-08
  DP  1.749710E+02  1.519003E-08
  DP  1.774940E+02  9.818464E-09
  DP  1.800530E+02  1.348959E-08
  DP  1.826490E+02  1.006831E-08
  DP  1.852830E+02  1.304538E-08
  DP  1.879550E+02  1.493426E-08
  DP  1.906650E+02  1.081132E-08
  DP  1.934150E+02  8.108209E-09
  DP  1.962040E+02  1.010558E-08
  DP  1.990330E+02  1.021897E-08
  DP  2.019030E+02  1.380695E-08
  DP  2.048140E+02  1.242579E-08
  DP  2.077680E+02  7.860888E-09
  DP  2.107640E+02  8.824184E-09
  DP  2.138030E+02  9.225941E-09
  DP  2.168860E+02  1.331369E-08
  DP  2.200130E+02  9.041106E-09
  DP  2.231860E+02  1.057201E-08
  DP  2.264040E+02  1.055555E-08
  DP  2.296690E+02  8.648040E-09
  DP  2.329810E+02  1.023551E-08
  DP  2.363400E+02  6.608090E-09
  DP  2.397480E+02  8.333437E-09
  DP  2.432060E+02  8.544509E-09
  DP  2.467130E+02  6.533120E-09
  DP  2.502700E+02  6.553676E-09
  DP  2.538790E+02  1.588525E-08
  DP  2.575400E+02  8.547350E-09
  DP  2.612540E+02  1.091343E-08
  DP  2.650210E+02  1.011719E-08
  DP  2.688430E+02  1.183176E-08
  DP  2.727190E+02  1.080547E-08
  DP  2.766520E+02  1.738616E-08
  DP  2.806410E+02  1.417695E-08
  DP  2.846880E+02  9.437431E-09
  DP  2.887930E+02  1.300619E-08
  DP  2.929570E+02  7.705258E-09
  DP  2.971820E+02  5.669636E-09
  DP  3.014670E+02  9.408686E-09
  DP  3.058140E+02  5.096841E-09
  DP  3.102240E+02  8.756835E-09
  DP  3.146980E+02  6.811626E-09
  DP  3.192350E+02  4.520979E-09
  DP  3.238390E+02  1.230889E-08
  DP  3.285080E+02  1.060936E-08
  DP  3.332460E+02  4.108026E-09
  DP  3.380510E+02  5.907624E-09
  DP  3.429260E+02  4.720997E-09
  DP  3.478710E+02  6.751688E-09
  DP  3.528870E+02  5.203012E-09
  DP  3.579750E+02  4.704778E-09
  DP  3.631370E+02  4.792716E-09
  DP  3.683740E+02  4.470551E-09
  DP  3.736860E+02  4.187826E-09
  DP  3.790740E+02  4.090211E-09
  DP  3.845400E+02  8.192997E-09
  DP  3.900850E+02  4.371607E-09
  DP  3.957100E+02  7.620745E-09
  DP  4.014170E+02  4.524547E-09
  DP  4.072050E+02  5.444618E-09
  DP  4.130770E+02  3.815591E-09
  DP  4.190330E+02  8.501225E-09
  DP  4.250760E+02  4.158329E-09
  DP  4.312050E+02  3.960317E-09
  DP  4.374230E+02  3.883717E-09
  DP  4.437310E+02  6.146054E-09
  DP  4.501290E+02  5.442830E-09
  DP  4.566200E+02  4.028953E-09
  DP  4.632050E+02  3.559814E-09
  DP  4.698840E+02  3.813861E-09
  DP  4.766600E+02  3.950189E-09
  DP  4.835330E+02  7.331385E-09
  DP  4.905060E+02  7.407851E-09
  DP  4.975790E+02  1.059415E-08
  DP  5.047540E+02  7.497503E-09
  DP  5.120320E+02  4.491240E-09
  DP  5.194160E+02  1.953992E-09
  DP  5.269050E+02  4.489995E-09
  DP  5.345030E+02  2.912057E-09
  DP  5.422110E+02  3.604594E-09
  DP  5.500290E+02  4.226497E-09
  DP  5.579610E+02  7.496893E-09
  DP  5.660070E+02  2.415535E-09
  DP  5.741680E+02  2.703876E-09
  DP  5.824480E+02  2.502020E-09
  DP  5.908470E+02  3.548166E-09
  DP  5.993670E+02  3.479237E-09
  DP  6.080090E+02  3.250659E-09
  DP  6.167770E+02  3.199495E-09
  DP  6.256710E+02  2.856481E-09
  DP  6.346930E+02  3.705576E-09
  DP  6.438450E+02  3.009881E-09
  DP  6.531290E+02  2.323043E-09
  DP  6.625470E+02  2.531040E-09
  DP  6.721010E+02  3.020342E-09
  DP  6.817930E+02  2.441773E-09
  DP  6.916240E+02  4.004495E-09
  DP  7.015970E+02  1.739000E-09
  DP  7.117140E+02  3.113512E-09
  DP  7.219770E+02  3.709094E-09
  DP  7.323880E+02  2.484815E-09
  DP  7.429490E+02  3.907849E-09
  DP  7.536620E+02  6.076348E-09
  DP  7.645300E+02  7.607434E-09
  DP  7.755540E+02  1.010466E-08
  DP  7.867380E+02  6.241061E-09
  DP  7.980820E+02  2.845727E-09
  DP  8.095910E+02  4.776597E-09
  DP  8.212650E+02  7.265891E-09
  DP  8.331070E+02  1.352193E-08
  DP  8.451210E+02  1.412172E-08
  DP  8.573070E+02  3.654847E-09
  DP  8.696700E+02  1.592026E-09
  DP  8.822100E+02  9.998536E-10
  DP  8.949320E+02  7.088042E-10
  DP  9.078360E+02  1.067136E-09
  DP  9.209270E+02  3.349669E-10
  DP  9.342070E+02  2.288089E-10
  DP  9.476780E+02  1.763525E-10
  DP  9.613440E+02  9.884895E-11
  DP  9.752060E+02  8.491114E-10
  DP  9.892680E+02  2.744862E-10
  DP  1.003530E+03  2.236174E-10
  DP  1.018000E+03  1.199829E-10
  DP  1.032680E+03  4.676376E-10
  DP  1.047580E+03  1.714459E-10
  DP  1.062680E+03  6.581142E-10
  DP  1.078000E+03  2.568149E-10
  DP  1.093550E+03  9.802922E-10
  DP  1.109320E+03  8.184399E-10
  DP  1.125310E+03  3.222257E-10
  DP  1.141540E+03  3.081115E-10
  DP  1.158000E+03  1.142699E-10
  DP  1.174700E+03  5.962255E-11
  DP  1.191640E+03  1.042937E-10
  DP  1.208820E+03  5.392894E-10
  DP  1.226250E+03  7.347638E-10
  DP  1.243940E+03  5.679262E-10
  DP  1.261870E+03  5.511449E-10
  DP  1.280070E+03  1.406131E-09
  DP  1.298530E+03  3.617788E-10
  DP  1.317250E+03  1.380553E-10
  DP  1.336250E+03  5.924461E-11
  DP  1.355520E+03  1.181630E-09
  DP  1.375060E+03  7.638995E-11
  DP  1.394890E+03  5.256357E-11
  DP  1.415010E+03  8.453011E-11
  DP  1.435410E+03  1.853176E-10
  DP  1.456110E+03  5.984089E-10
  DP  1.477110E+03  5.473805E-10
  DP  1.498400E+03  9.472860E-11
  DP  1.520010E+03  2.068895E-10
  DP  1.541930E+03  3.792353E-10
  DP  1.564160E+03  5.333759E-10
  DP  1.586720E+03  1.336943E-09
  DP  1.609600E+03  1.818566E-09
  DP  1.632810E+03  1.032734E-09
  DP  1.656360E+03  1.669971E-10
  DP  1.680240E+03  1.514366E-11
  DP  1.704470E+03  1.892684E-11
  DP  1.729050E+03  2.002573E-11
  DP  1.753980E+03  5.983956E-11
  DP  1.779270E+03  3.145114E-11
  DP  1.804930E+03  2.148285E-10
  DP  1.830960E+03  1.961395E-10
  DP  1.857360E+03  5.331795E-11
  DP  1.884140E+03  5.389619E-12
  DP  1.911310E+03  1.305616E-11
  DP  1.938870E+03  4.673727E-12
  DP  1.966830E+03  6.768341E-12
  DP  1.995190E+03  1.337645E-11
  DP  2.023960E+03  4.674796E-11
  DP  2.053150E+03  3.312159E-10
  DP  2.082750E+03  1.674007E-11
  DP  2.112790E+03  3.223109E-11
  DP  2.143250E+03  1.631868E-11
  DP  2.174160E+03  4.623532E-12
  DP  2.205510E+03  1.782719E-11
  DP  2.237310E+03  1.925899E-11
  DP  2.269570E+03  1.032434E-11
  DP  2.302300E+03  3.574679E-11
  DP  2.335500E+03  5.092279E-12
  DP  2.369180E+03  2.046041E-11
  DP  2.403340E+03  4.317093E-12
  DP  2.438000E+03  1.040898E-12
  DP  2.473150E+03  1.738816E-12
  DP  2.508810E+03  5.190604E-12
  DP  2.544990E+03  6.443502E-12
  DP  2.581690E+03  2.199549E-11
  DP  2.618920E+03  7.908943E-11
  DP  2.656680E+03  6.373729E-11
  DP  2.694990E+03  2.581661E-10
  DP  2.733850E+03  1.764244E-11
  DP  2.773270E+03  2.141985E-12
  DP  2.813260E+03  1.669194E-12
  DP  2.853830E+03  0.000000E+00
  DP  2.894980E+03  1.906145E-12
  DP  2.936730E+03  2.492151E-12
  DP  2.979080E+03  1.835696E-12
  DP  3.022030E+03  5.875478E-12
  DP  3.065610E+03  6.124846E-13
  DP  3.109820E+03  6.535602E-12
  DP  3.154660E+03  1.979611E-11
  DP  3.200150E+03  2.305570E-11
  DP  3.246300E+03  4.703850E-11
  DP  3.293110E+03  1.274590E-10
  DP  3.340590E+03  1.592770E-10
  DP  3.388770E+03  4.537516E-11
  DP  3.437630E+03  7.043496E-12
  DP  3.487200E+03  8.734942E-13
  DP  3.537490E+03  5.514156E-12
  DP  3.588500E+03  1.679430E-12
  DP  3.640240E+03  1.059774E-12
  DP  3.692730E+03  0.000000E+00
  DP  3.745980E+03  0.000000E+00
  DP  3.800000E+03  0.000000E+00
  
 EN
