 # final1D_0_1p38_0p6_1p25_base/final1D_0_1p38_0p6_1p25_base_70_100/quickspec.dat                      
 #    1.0000000000000000      =Mpc
  DP  3.000000E+00  0.000000E+00
  DP  3.043260E+00  0.000000E+00
  DP  3.087140E+00  0.000000E+00
  DP  3.131660E+00  0.000000E+00
  DP  3.176820E+00  0.000000E+00
  DP  3.222630E+00  0.000000E+00
  DP  3.269100E+00  0.000000E+00
  DP  3.316240E+00  0.000000E+00
  DP  3.364060E+00  0.000000E+00
  DP  3.412570E+00  0.000000E+00
  DP  3.461780E+00  0.000000E+00
  DP  3.511690E+00  0.000000E+00
  DP  3.562330E+00  0.000000E+00
  DP  3.613700E+00  0.000000E+00
  DP  3.665810E+00  0.000000E+00
  DP  3.718670E+00  0.000000E+00
  DP  3.772290E+00  0.000000E+00
  DP  3.826690E+00  0.000000E+00
  DP  3.881870E+00  0.000000E+00
  DP  3.937850E+00  0.000000E+00
  DP  3.994630E+00  0.000000E+00
  DP  4.052230E+00  0.000000E+00
  DP  4.110660E+00  0.000000E+00
  DP  4.169940E+00  0.000000E+00
  DP  4.230070E+00  0.000000E+00
  DP  4.291070E+00  0.000000E+00
  DP  4.352940E+00  0.000000E+00
  DP  4.415710E+00  0.000000E+00
  DP  4.479390E+00  0.000000E+00
  DP  4.543980E+00  0.000000E+00
  DP  4.609500E+00  0.000000E+00
  DP  4.675970E+00  0.000000E+00
  DP  4.743400E+00  0.000000E+00
  DP  4.811800E+00  0.000000E+00
  DP  4.881180E+00  0.000000E+00
  DP  4.951570E+00  0.000000E+00
  DP  5.022970E+00  0.000000E+00
  DP  5.095400E+00  0.000000E+00
  DP  5.168880E+00  0.000000E+00
  DP  5.243410E+00  0.000000E+00
  DP  5.319020E+00  0.000000E+00
  DP  5.395720E+00  0.000000E+00
  DP  5.473530E+00  0.000000E+00
  DP  5.552450E+00  0.000000E+00
  DP  5.632520E+00  0.000000E+00
  DP  5.713740E+00  0.000000E+00
  DP  5.796130E+00  0.000000E+00
  DP  5.879710E+00  0.000000E+00
  DP  5.964500E+00  0.000000E+00
  DP  6.050500E+00  0.000000E+00
  DP  6.137750E+00  1.465291E-11
  DP  6.226260E+00  4.689135E-10
  DP  6.316040E+00  1.703713E-09
  DP  6.407120E+00  3.996005E-09
  DP  6.499510E+00  6.791496E-09
  DP  6.593230E+00  1.112843E-08
  DP  6.688300E+00  1.320674E-08
  DP  6.784750E+00  4.621895E-09
  DP  6.882580E+00  1.809475E-10
  DP  6.981830E+00  3.849725E-10
  DP  7.082500E+00  1.051937E-09
  DP  7.184630E+00  1.376834E-09
  DP  7.288240E+00  1.903413E-09
  DP  7.393330E+00  1.807828E-09
  DP  7.499940E+00  4.197418E-10
  DP  7.608090E+00  0.000000E+00
  DP  7.717800E+00  0.000000E+00
  DP  7.829090E+00  5.333324E-11
  DP  7.941980E+00  0.000000E+00
  DP  8.056510E+00  3.092246E-11
  DP  8.172680E+00  0.000000E+00
  DP  8.290530E+00  0.000000E+00
  DP  8.410080E+00  0.000000E+00
  DP  8.531350E+00  0.000000E+00
  DP  8.654370E+00  0.000000E+00
  DP  8.779170E+00  0.000000E+00
  DP  8.905760E+00  0.000000E+00
  DP  9.034180E+00  0.000000E+00
  DP  9.164450E+00  0.000000E+00
  DP  9.296600E+00  0.000000E+00
  DP  9.430660E+00  0.000000E+00
  DP  9.566650E+00  0.000000E+00
  DP  9.704600E+00  0.000000E+00
  DP  9.844540E+00  0.000000E+00
  DP  9.986500E+00  0.000000E+00
  DP  1.013050E+01  0.000000E+00
  DP  1.027660E+01  0.000000E+00
  DP  1.042480E+01  0.000000E+00
  DP  1.057510E+01  0.000000E+00
  DP  1.072760E+01  0.000000E+00
  DP  1.088230E+01  0.000000E+00
  DP  1.103920E+01  0.000000E+00
  DP  1.119840E+01  0.000000E+00
  DP  1.135990E+01  0.000000E+00
  DP  1.152370E+01  0.000000E+00
  DP  1.168980E+01  0.000000E+00
  DP  1.185840E+01  0.000000E+00
  DP  1.202940E+01  0.000000E+00
  DP  1.220290E+01  0.000000E+00
  DP  1.237880E+01  0.000000E+00
  DP  1.255730E+01  0.000000E+00
  DP  1.273840E+01  0.000000E+00
  DP  1.292210E+01  0.000000E+00
  DP  1.310840E+01  0.000000E+00
  DP  1.329740E+01  0.000000E+00
  DP  1.348920E+01  0.000000E+00
  DP  1.368370E+01  1.812341E-11
  DP  1.388100E+01  1.194732E-10
  DP  1.408120E+01  3.937580E-10
  DP  1.428420E+01  1.277248E-09
  DP  1.449020E+01  3.714308E-09
  DP  1.469920E+01  3.047867E-09
  DP  1.491110E+01  3.872712E-09
  DP  1.512610E+01  3.928104E-10
  DP  1.534430E+01  3.900672E-11
  DP  1.556550E+01  0.000000E+00
  DP  1.579000E+01  0.000000E+00
  DP  1.601770E+01  0.000000E+00
  DP  1.624860E+01  0.000000E+00
  DP  1.648290E+01  0.000000E+00
  DP  1.672060E+01  0.000000E+00
  DP  1.696170E+01  0.000000E+00
  DP  1.720630E+01  0.000000E+00
  DP  1.745440E+01  0.000000E+00
  DP  1.770610E+01  0.000000E+00
  DP  1.796140E+01  0.000000E+00
  DP  1.822040E+01  0.000000E+00
  DP  1.848320E+01  0.000000E+00
  DP  1.874970E+01  0.000000E+00
  DP  1.902010E+01  0.000000E+00
  DP  1.929430E+01  0.000000E+00
  DP  1.957260E+01  0.000000E+00
  DP  1.985480E+01  0.000000E+00
  DP  2.014110E+01  0.000000E+00
  DP  2.043150E+01  0.000000E+00
  DP  2.072620E+01  0.000000E+00
  DP  2.102500E+01  0.000000E+00
  DP  2.132820E+01  0.000000E+00
  DP  2.163580E+01  0.000000E+00
  DP  2.194770E+01  0.000000E+00
  DP  2.226420E+01  0.000000E+00
  DP  2.258530E+01  0.000000E+00
  DP  2.291100E+01  0.000000E+00
  DP  2.324130E+01  0.000000E+00
  DP  2.357650E+01  0.000000E+00
  DP  2.391640E+01  0.000000E+00
  DP  2.426130E+01  0.000000E+00
  DP  2.461120E+01  0.000000E+00
  DP  2.496600E+01  0.000000E+00
  DP  2.532610E+01  0.000000E+00
  DP  2.569130E+01  0.000000E+00
  DP  2.606170E+01  0.000000E+00
  DP  2.643750E+01  0.000000E+00
  DP  2.681880E+01  0.000000E+00
  DP  2.720550E+01  0.000000E+00
  DP  2.759780E+01  0.000000E+00
  DP  2.799570E+01  0.000000E+00
  DP  2.839940E+01  0.000000E+00
  DP  2.880890E+01  0.000000E+00
  DP  2.922440E+01  0.000000E+00
  DP  2.964580E+01  0.000000E+00
  DP  3.007330E+01  0.000000E+00
  DP  3.050690E+01  0.000000E+00
  DP  3.094680E+01  0.000000E+00
  DP  3.139310E+01  0.000000E+00
  DP  3.184580E+01  0.000000E+00
  DP  3.230500E+01  0.000000E+00
  DP  3.277080E+01  0.000000E+00
  DP  3.324340E+01  0.000000E+00
  DP  3.372270E+01  0.000000E+00
  DP  3.420900E+01  0.000000E+00
  DP  3.470230E+01  0.000000E+00
  DP  3.520270E+01  0.000000E+00
  DP  3.571030E+01  0.000000E+00
  DP  3.622530E+01  0.000000E+00
  DP  3.674760E+01  0.000000E+00
  DP  3.727750E+01  1.445370E-09
  DP  3.781510E+01  1.424823E-09
  DP  3.836040E+01  0.000000E+00
  DP  3.891350E+01  1.384606E-09
  DP  3.947460E+01  1.364927E-09
  DP  4.004390E+01  2.691041E-09
  DP  4.062130E+01  1.326398E-09
  DP  4.120700E+01  1.307538E-09
  DP  4.180120E+01  5.155818E-09
  DP  4.240400E+01  3.811898E-09
  DP  4.301550E+01  8.768032E-09
  DP  4.363570E+01  9.878126E-09
  DP  4.426500E+01  1.095488E-08
  DP  4.490330E+01  9.599287E-09
  DP  4.555080E+01  2.483996E-08
  DP  4.620760E+01  1.515853E-08
  DP  4.687390E+01  2.298927E-08
  DP  4.754980E+01  2.832809E-08
  DP  4.823550E+01  3.574454E-08
  DP  4.893100E+01  3.303418E-08
  DP  4.963660E+01  3.690652E-08
  DP  5.035240E+01  5.885313E-08
  DP  5.107850E+01  4.324864E-08
  DP  5.181500E+01  6.551060E-08
  DP  5.256220E+01  7.277999E-08
  DP  5.332010E+01  8.083985E-08
  DP  5.408900E+01  1.125628E-07
  DP  5.486890E+01  1.266744E-07
  DP  5.566010E+01  1.326180E-07
  DP  5.646280E+01  1.584063E-07
  DP  5.727690E+01  1.853160E-07
  DP  5.810290E+01  2.160652E-07
  DP  5.894070E+01  2.303623E-07
  DP  5.979060E+01  2.874647E-07
  DP  6.065280E+01  3.144696E-07
  DP  6.152740E+01  3.459040E-07
  DP  6.241460E+01  3.703378E-07
  DP  6.331460E+01  3.757065E-07
  DP  6.422760E+01  4.605533E-07
  DP  6.515380E+01  5.350972E-07
  DP  6.609330E+01  5.940864E-07
  DP  6.704640E+01  6.546264E-07
  DP  6.801320E+01  7.068163E-07
  DP  6.899390E+01  7.793748E-07
  DP  6.998880E+01  8.388252E-07
  DP  7.099800E+01  9.471022E-07
  DP  7.202180E+01  1.056181E-06
  DP  7.306040E+01  1.112150E-06
  DP  7.411390E+01  1.209873E-06
  DP  7.518260E+01  1.338004E-06
  DP  7.626670E+01  1.470906E-06
  DP  7.736650E+01  1.570827E-06
  DP  7.848210E+01  1.746997E-06
  DP  7.961380E+01  1.821181E-06
  DP  8.076180E+01  1.947833E-06
  DP  8.192640E+01  2.191193E-06
  DP  8.310780E+01  2.252292E-06
  DP  8.430620E+01  2.540825E-06
  DP  8.552190E+01  2.692695E-06
  DP  8.675510E+01  2.818311E-06
  DP  8.800610E+01  3.023075E-06
  DP  8.927510E+01  3.242453E-06
  DP  9.056250E+01  3.407342E-06
  DP  9.186840E+01  3.620219E-06
  DP  9.319310E+01  3.731655E-06
  DP  9.453690E+01  4.002398E-06
  DP  9.590010E+01  4.164562E-06
  DP  9.728300E+01  4.408858E-06
  DP  9.868580E+01  4.661118E-06
  DP  1.001090E+02  4.855913E-06
  DP  1.015520E+02  5.074280E-06
  DP  1.030170E+02  5.345165E-06
  DP  1.045020E+02  5.545775E-06
  DP  1.060090E+02  5.838377E-06
  DP  1.075380E+02  5.969023E-06
  DP  1.090890E+02  6.177196E-06
  DP  1.106620E+02  6.482107E-06
  DP  1.122570E+02  6.744042E-06
  DP  1.138760E+02  7.071982E-06
  DP  1.155180E+02  7.312885E-06
  DP  1.171840E+02  7.703687E-06
  DP  1.188740E+02  8.104808E-06
  DP  1.205880E+02  9.130766E-06
  DP  1.223270E+02  1.062440E-05
  DP  1.240910E+02  9.912720E-06
  DP  1.258800E+02  8.705111E-06
  DP  1.276950E+02  8.758172E-06
  DP  1.295370E+02  8.869557E-06
  DP  1.314040E+02  9.138036E-06
  DP  1.332990E+02  9.152241E-06
  DP  1.352210E+02  9.439938E-06
  DP  1.371710E+02  9.796990E-06
  DP  1.391490E+02  9.640900E-06
  DP  1.411560E+02  9.594607E-06
  DP  1.431910E+02  9.641735E-06
  DP  1.452560E+02  9.764485E-06
  DP  1.473510E+02  9.768997E-06
  DP  1.494750E+02  9.953247E-06
  DP  1.516310E+02  9.896927E-06
  DP  1.538170E+02  1.021888E-05
  DP  1.560350E+02  1.092814E-05
  DP  1.582850E+02  1.216349E-05
  DP  1.605680E+02  1.131034E-05
  DP  1.628830E+02  1.017969E-05
  DP  1.652320E+02  1.020677E-05
  DP  1.676150E+02  1.041843E-05
  DP  1.700320E+02  1.085895E-05
  DP  1.724830E+02  1.109693E-05
  DP  1.749710E+02  1.128135E-05
  DP  1.774940E+02  1.118459E-05
  DP  1.800530E+02  1.120222E-05
  DP  1.826490E+02  1.119645E-05
  DP  1.852830E+02  1.105290E-05
  DP  1.879550E+02  1.134887E-05
  DP  1.906650E+02  1.130349E-05
  DP  1.934150E+02  1.166330E-05
  DP  1.962040E+02  1.200832E-05
  DP  1.990330E+02  1.250876E-05
  DP  2.019030E+02  1.253492E-05
  DP  2.048140E+02  1.263845E-05
  DP  2.077680E+02  1.260486E-05
  DP  2.107640E+02  1.269251E-05
  DP  2.138030E+02  1.296274E-05
  DP  2.168860E+02  1.284501E-05
  DP  2.200130E+02  1.275961E-05
  DP  2.231860E+02  1.255664E-05
  DP  2.264040E+02  1.239412E-05
  DP  2.296690E+02  1.231474E-05
  DP  2.329810E+02  1.217778E-05
  DP  2.363400E+02  1.207609E-05
  DP  2.397480E+02  1.190053E-05
  DP  2.432060E+02  1.176474E-05
  DP  2.467130E+02  1.159336E-05
  DP  2.502700E+02  1.138321E-05
  DP  2.538790E+02  1.126856E-05
  DP  2.575400E+02  1.108114E-05
  DP  2.612540E+02  1.099582E-05
  DP  2.650210E+02  1.087792E-05
  DP  2.688430E+02  1.101346E-05
  DP  2.727190E+02  1.084124E-05
  DP  2.766520E+02  1.023409E-05
  DP  2.806410E+02  1.007282E-05
  DP  2.846880E+02  9.989345E-06
  DP  2.887930E+02  9.733902E-06
  DP  2.929570E+02  9.629870E-06
  DP  2.971820E+02  9.586753E-06
  DP  3.014670E+02  9.358550E-06
  DP  3.058140E+02  9.206555E-06
  DP  3.102240E+02  9.139874E-06
  DP  3.146980E+02  9.027987E-06
  DP  3.192350E+02  8.823599E-06
  DP  3.238390E+02  8.750067E-06
  DP  3.285080E+02  8.612026E-06
  DP  3.332460E+02  8.584701E-06
  DP  3.380510E+02  8.450922E-06
  DP  3.429260E+02  8.374966E-06
  DP  3.478710E+02  8.288807E-06
  DP  3.528870E+02  8.158445E-06
  DP  3.579750E+02  8.055616E-06
  DP  3.631370E+02  7.962664E-06
  DP  3.683740E+02  7.975065E-06
  DP  3.736860E+02  7.819267E-06
  DP  3.790740E+02  7.768379E-06
  DP  3.845400E+02  7.714474E-06
  DP  3.900850E+02  7.576375E-06
  DP  3.957100E+02  7.533726E-06
  DP  4.014170E+02  7.471591E-06
  DP  4.072050E+02  7.368260E-06
  DP  4.130770E+02  7.301011E-06
  DP  4.190330E+02  7.277431E-06
  DP  4.250760E+02  7.281141E-06
  DP  4.312050E+02  7.242319E-06
  DP  4.374230E+02  7.146860E-06
  DP  4.437310E+02  7.073335E-06
  DP  4.501290E+02  7.000103E-06
  DP  4.566200E+02  6.983784E-06
  DP  4.632050E+02  6.936732E-06
  DP  4.698840E+02  6.976331E-06
  DP  4.766600E+02  7.127140E-06
  DP  4.835330E+02  7.209438E-06
  DP  4.905060E+02  6.963755E-06
  DP  4.975790E+02  1.262558E-05
  DP  5.047540E+02  3.633154E-05
  DP  5.120320E+02  5.827205E-05
  DP  5.194160E+02  2.653205E-05
  DP  5.269050E+02  5.145665E-06
  DP  5.345030E+02  4.627217E-06
  DP  5.422110E+02  4.645784E-06
  DP  5.500290E+02  4.596066E-06
  DP  5.579610E+02  4.545186E-06
  DP  5.660070E+02  4.546381E-06
  DP  5.741680E+02  4.487196E-06
  DP  5.824480E+02  4.468386E-06
  DP  5.908470E+02  4.449652E-06
  DP  5.993670E+02  4.436801E-06
  DP  6.080090E+02  4.401472E-06
  DP  6.167770E+02  4.401981E-06
  DP  6.256710E+02  4.355848E-06
  DP  6.346930E+02  4.356416E-06
  DP  6.438450E+02  4.300322E-06
  DP  6.531290E+02  4.271995E-06
  DP  6.625470E+02  4.311102E-06
  DP  6.721010E+02  4.243326E-06
  DP  6.817930E+02  4.258133E-06
  DP  6.916240E+02  4.278923E-06
  DP  7.015970E+02  4.257757E-06
  DP  7.117140E+02  4.266790E-06
  DP  7.219770E+02  4.309823E-06
  DP  7.323880E+02  4.500891E-06
  DP  7.429490E+02  4.653856E-06
  DP  7.536620E+02  4.593660E-06
  DP  7.645300E+02  4.273934E-06
  DP  7.755540E+02  4.307517E-06
  DP  7.867380E+02  4.464952E-06
  DP  7.980820E+02  4.621669E-06
  DP  8.095910E+02  4.812938E-06
  DP  8.212650E+02  1.031957E-05
  DP  8.331070E+02  4.716259E-05
  DP  8.451210E+02  9.513471E-05
  DP  8.573070E+02  6.239532E-05
  DP  8.696700E+02  5.421304E-06
  DP  8.822100E+02  1.717651E-06
  DP  8.949320E+02  1.704390E-06
  DP  9.078360E+02  1.703387E-06
  DP  9.209270E+02  1.699334E-06
  DP  9.342070E+02  1.678795E-06
  DP  9.476780E+02  1.739426E-06
  DP  9.613440E+02  2.224082E-06
  DP  9.752060E+02  2.827636E-06
  DP  9.892680E+02  2.463373E-06
  DP  1.003530E+03  2.078203E-06
  DP  1.018000E+03  5.827088E-06
  DP  1.032680E+03  1.195718E-05
  DP  1.047580E+03  1.046438E-05
  DP  1.062680E+03  2.393066E-06
  DP  1.078000E+03  1.390204E-06
  DP  1.093550E+03  1.372122E-06
  DP  1.109320E+03  1.380712E-06
  DP  1.125310E+03  1.442195E-06
  DP  1.141540E+03  1.649700E-06
  DP  1.158000E+03  2.363352E-06
  DP  1.174700E+03  3.035717E-06
  DP  1.191640E+03  2.642325E-06
  DP  1.208820E+03  1.240072E-05
  DP  1.226250E+03  3.838403E-05
  DP  1.243940E+03  4.673802E-05
  DP  1.261870E+03  1.145056E-05
  DP  1.280070E+03  5.097810E-07
  DP  1.298530E+03  4.133963E-07
  DP  1.317250E+03  5.722129E-07
  DP  1.336250E+03  1.700654E-06
  DP  1.355520E+03  3.153729E-06
  DP  1.375060E+03  2.245825E-06
  DP  1.394890E+03  4.944327E-07
  DP  1.415010E+03  3.873448E-07
  DP  1.435410E+03  4.666733E-07
  DP  1.456110E+03  4.423824E-07
  DP  1.477110E+03  3.532440E-07
  DP  1.498400E+03  3.414528E-07
  DP  1.520010E+03  3.484610E-07
  DP  1.541930E+03  3.811413E-07
  DP  1.564160E+03  4.002632E-07
  DP  1.586720E+03  3.616401E-07
  DP  1.609600E+03  3.321827E-07
  DP  1.632810E+03  3.274356E-07
  DP  1.656360E+03  3.329105E-07
  DP  1.680240E+03  3.299667E-07
  DP  1.704470E+03  4.144090E-07
  DP  1.729050E+03  2.341292E-06
  DP  1.753980E+03  7.081424E-06
  DP  1.779270E+03  8.655560E-06
  DP  1.804930E+03  2.572068E-06
  DP  1.830960E+03  3.852374E-07
  DP  1.857360E+03  2.101182E-07
  DP  1.884140E+03  1.978366E-07
  DP  1.911310E+03  2.544878E-07
  DP  1.938870E+03  4.608742E-07
  DP  1.966830E+03  1.099298E-06
  DP  1.995190E+03  3.120472E-06
  DP  2.023960E+03  5.230788E-06
  DP  2.053150E+03  3.381597E-06
  DP  2.082750E+03  4.491299E-07
  DP  2.112790E+03  1.216984E-07
  DP  2.143250E+03  1.331645E-07
  DP  2.174160E+03  1.958245E-07
  DP  2.205510E+03  2.734066E-07
  DP  2.237310E+03  2.138375E-07
  DP  2.269570E+03  1.241217E-07
  DP  2.302300E+03  1.174369E-07
  DP  2.335500E+03  1.138170E-07
  DP  2.369180E+03  1.200707E-07
  DP  2.403340E+03  1.140201E-07
  DP  2.438000E+03  1.137243E-07
  DP  2.473150E+03  1.172079E-07
  DP  2.508810E+03  3.593346E-07
  DP  2.544990E+03  2.763044E-06
  DP  2.581690E+03  6.292910E-06
  DP  2.618920E+03  5.298948E-06
  DP  2.656680E+03  7.241951E-07
  DP  2.694990E+03  4.431837E-08
  DP  2.733850E+03  4.414490E-08
  DP  2.773270E+03  4.328908E-08
  DP  2.813260E+03  4.345578E-08
  DP  2.853830E+03  4.249819E-08
  DP  2.894980E+03  4.576655E-08
  DP  2.936730E+03  1.325679E-07
  DP  2.979080E+03  3.321977E-07
  DP  3.022030E+03  3.687803E-07
  DP  3.065610E+03  1.256140E-07
  DP  3.109820E+03  1.784081E-07
  DP  3.154660E+03  9.431415E-07
  DP  3.200150E+03  2.669599E-06
  DP  3.246300E+03  3.473521E-06
  DP  3.293110E+03  1.891096E-06
  DP  3.340590E+03  1.863947E-07
  DP  3.388770E+03  1.394934E-07
  DP  3.437630E+03  2.658970E-07
  DP  3.487200E+03  1.775332E-07
  DP  3.537490E+03  1.591475E-08
  DP  3.588500E+03  3.795938E-11
  DP  3.640240E+03  1.160046E-12
  DP  3.692730E+03  4.871263E-14
  DP  3.745980E+03  0.000000E+00
  DP  3.800000E+03  0.000000E+00
  
 EN
