 # final1D_0_1p38_0p6_1p25_base/final1D_0_1p38_0p6_1p25_base_200_100/quickspec.dat                     
 #    1.0000000000000000      =Mpc
  DP  3.000000E+00  0.000000E+00
  DP  3.043260E+00  0.000000E+00
  DP  3.087140E+00  0.000000E+00
  DP  3.131660E+00  0.000000E+00
  DP  3.176820E+00  0.000000E+00
  DP  3.222630E+00  0.000000E+00
  DP  3.269100E+00  0.000000E+00
  DP  3.316240E+00  0.000000E+00
  DP  3.364060E+00  0.000000E+00
  DP  3.412570E+00  0.000000E+00
  DP  3.461780E+00  0.000000E+00
  DP  3.511690E+00  0.000000E+00
  DP  3.562330E+00  0.000000E+00
  DP  3.613700E+00  0.000000E+00
  DP  3.665810E+00  0.000000E+00
  DP  3.718670E+00  0.000000E+00
  DP  3.772290E+00  0.000000E+00
  DP  3.826690E+00  0.000000E+00
  DP  3.881870E+00  0.000000E+00
  DP  3.937850E+00  0.000000E+00
  DP  3.994630E+00  0.000000E+00
  DP  4.052230E+00  0.000000E+00
  DP  4.110660E+00  0.000000E+00
  DP  4.169940E+00  0.000000E+00
  DP  4.230070E+00  0.000000E+00
  DP  4.291070E+00  0.000000E+00
  DP  4.352940E+00  0.000000E+00
  DP  4.415710E+00  0.000000E+00
  DP  4.479390E+00  0.000000E+00
  DP  4.543980E+00  0.000000E+00
  DP  4.609500E+00  0.000000E+00
  DP  4.675970E+00  0.000000E+00
  DP  4.743400E+00  0.000000E+00
  DP  4.811800E+00  0.000000E+00
  DP  4.881180E+00  0.000000E+00
  DP  4.951570E+00  0.000000E+00
  DP  5.022970E+00  0.000000E+00
  DP  5.095400E+00  0.000000E+00
  DP  5.168880E+00  0.000000E+00
  DP  5.243410E+00  0.000000E+00
  DP  5.319020E+00  0.000000E+00
  DP  5.395720E+00  0.000000E+00
  DP  5.473530E+00  0.000000E+00
  DP  5.552450E+00  0.000000E+00
  DP  5.632520E+00  0.000000E+00
  DP  5.713740E+00  0.000000E+00
  DP  5.796130E+00  0.000000E+00
  DP  5.879710E+00  9.187587E-10
  DP  5.964500E+00  4.160752E-12
  DP  6.050500E+00  3.243999E-11
  DP  6.137750E+00  8.216921E-10
  DP  6.226260E+00  3.385533E-09
  DP  6.316040E+00  1.298230E-08
  DP  6.407120E+00  3.203974E-08
  DP  6.499510E+00  8.138140E-08
  DP  6.593230E+00  1.335080E-07
  DP  6.688300E+00  2.683320E-08
  DP  6.784750E+00  2.221868E-09
  DP  6.882580E+00  6.720863E-10
  DP  6.981830E+00  4.097163E-09
  DP  7.082500E+00  7.897412E-09
  DP  7.184630E+00  2.208624E-08
  DP  7.288240E+00  2.873987E-08
  DP  7.393330E+00  3.047992E-09
  DP  7.499940E+00  1.143268E-10
  DP  7.608090E+00  0.000000E+00
  DP  7.717800E+00  0.000000E+00
  DP  7.829090E+00  0.000000E+00
  DP  7.941980E+00  0.000000E+00
  DP  8.056510E+00  0.000000E+00
  DP  8.172680E+00  0.000000E+00
  DP  8.290530E+00  0.000000E+00
  DP  8.410080E+00  0.000000E+00
  DP  8.531350E+00  0.000000E+00
  DP  8.654370E+00  0.000000E+00
  DP  8.779170E+00  0.000000E+00
  DP  8.905760E+00  0.000000E+00
  DP  9.034180E+00  0.000000E+00
  DP  9.164450E+00  0.000000E+00
  DP  9.296600E+00  0.000000E+00
  DP  9.430660E+00  0.000000E+00
  DP  9.566650E+00  0.000000E+00
  DP  9.704600E+00  0.000000E+00
  DP  9.844540E+00  0.000000E+00
  DP  9.986500E+00  0.000000E+00
  DP  1.013050E+01  0.000000E+00
  DP  1.027660E+01  0.000000E+00
  DP  1.042480E+01  0.000000E+00
  DP  1.057510E+01  0.000000E+00
  DP  1.072760E+01  0.000000E+00
  DP  1.088230E+01  0.000000E+00
  DP  1.103920E+01  0.000000E+00
  DP  1.119840E+01  0.000000E+00
  DP  1.135990E+01  0.000000E+00
  DP  1.152370E+01  0.000000E+00
  DP  1.168980E+01  0.000000E+00
  DP  1.185840E+01  0.000000E+00
  DP  1.202940E+01  0.000000E+00
  DP  1.220290E+01  0.000000E+00
  DP  1.237880E+01  0.000000E+00
  DP  1.255730E+01  0.000000E+00
  DP  1.273840E+01  0.000000E+00
  DP  1.292210E+01  0.000000E+00
  DP  1.310840E+01  1.281467E-09
  DP  1.329740E+01  0.000000E+00
  DP  1.348920E+01  8.485014E-10
  DP  1.368370E+01  2.755031E-09
  DP  1.388100E+01  1.819577E-09
  DP  1.408120E+01  9.630622E-09
  DP  1.428420E+01  6.160977E-08
  DP  1.449020E+01  1.597566E-07
  DP  1.469920E+01  3.785417E-07
  DP  1.491110E+01  2.997998E-08
  DP  1.512610E+01  4.196299E-10
  DP  1.534430E+01  3.212522E-11
  DP  1.556550E+01  0.000000E+00
  DP  1.579000E+01  0.000000E+00
  DP  1.601770E+01  0.000000E+00
  DP  1.624860E+01  0.000000E+00
  DP  1.648290E+01  0.000000E+00
  DP  1.672060E+01  0.000000E+00
  DP  1.696170E+01  0.000000E+00
  DP  1.720630E+01  0.000000E+00
  DP  1.745440E+01  0.000000E+00
  DP  1.770610E+01  0.000000E+00
  DP  1.796140E+01  0.000000E+00
  DP  1.822040E+01  0.000000E+00
  DP  1.848320E+01  0.000000E+00
  DP  1.874970E+01  0.000000E+00
  DP  1.902010E+01  0.000000E+00
  DP  1.929430E+01  0.000000E+00
  DP  1.957260E+01  0.000000E+00
  DP  1.985480E+01  0.000000E+00
  DP  2.014110E+01  0.000000E+00
  DP  2.043150E+01  0.000000E+00
  DP  2.072620E+01  0.000000E+00
  DP  2.102500E+01  0.000000E+00
  DP  2.132820E+01  0.000000E+00
  DP  2.163580E+01  0.000000E+00
  DP  2.194770E+01  0.000000E+00
  DP  2.226420E+01  0.000000E+00
  DP  2.258530E+01  0.000000E+00
  DP  2.291100E+01  0.000000E+00
  DP  2.324130E+01  0.000000E+00
  DP  2.357650E+01  0.000000E+00
  DP  2.391640E+01  0.000000E+00
  DP  2.426130E+01  0.000000E+00
  DP  2.461120E+01  0.000000E+00
  DP  2.496600E+01  0.000000E+00
  DP  2.532610E+01  0.000000E+00
  DP  2.569130E+01  0.000000E+00
  DP  2.606170E+01  0.000000E+00
  DP  2.643750E+01  0.000000E+00
  DP  2.681880E+01  0.000000E+00
  DP  2.720550E+01  0.000000E+00
  DP  2.759780E+01  0.000000E+00
  DP  2.799570E+01  0.000000E+00
  DP  2.839940E+01  0.000000E+00
  DP  2.880890E+01  0.000000E+00
  DP  2.922440E+01  0.000000E+00
  DP  2.964580E+01  0.000000E+00
  DP  3.007330E+01  0.000000E+00
  DP  3.050690E+01  0.000000E+00
  DP  3.094680E+01  0.000000E+00
  DP  3.139310E+01  0.000000E+00
  DP  3.184580E+01  0.000000E+00
  DP  3.230500E+01  0.000000E+00
  DP  3.277080E+01  0.000000E+00
  DP  3.324340E+01  0.000000E+00
  DP  3.372270E+01  0.000000E+00
  DP  3.420900E+01  0.000000E+00
  DP  3.470230E+01  0.000000E+00
  DP  3.520270E+01  0.000000E+00
  DP  3.571030E+01  0.000000E+00
  DP  3.622530E+01  0.000000E+00
  DP  3.674760E+01  0.000000E+00
  DP  3.727750E+01  0.000000E+00
  DP  3.781510E+01  0.000000E+00
  DP  3.836040E+01  0.000000E+00
  DP  3.891350E+01  0.000000E+00
  DP  3.947460E+01  0.000000E+00
  DP  4.004390E+01  0.000000E+00
  DP  4.062130E+01  0.000000E+00
  DP  4.120700E+01  0.000000E+00
  DP  4.180120E+01  0.000000E+00
  DP  4.240400E+01  0.000000E+00
  DP  4.301550E+01  0.000000E+00
  DP  4.363570E+01  0.000000E+00
  DP  4.426500E+01  3.794885E-10
  DP  4.490330E+01  0.000000E+00
  DP  4.555080E+01  0.000000E+00
  DP  4.620760E+01  0.000000E+00
  DP  4.687390E+01  3.583662E-10
  DP  4.754980E+01  0.000000E+00
  DP  4.823550E+01  3.482504E-10
  DP  4.893100E+01  0.000000E+00
  DP  4.963660E+01  3.384204E-10
  DP  5.035240E+01  1.334436E-09
  DP  5.107850E+01  1.644335E-09
  DP  5.181500E+01  6.483853E-10
  DP  5.256220E+01  1.278334E-09
  DP  5.332010E+01  1.260168E-09
  DP  5.408900E+01  2.173938E-09
  DP  5.486890E+01  2.755340E-09
  DP  5.566010E+01  3.017969E-09
  DP  5.646280E+01  3.272576E-09
  DP  5.727690E+01  7.038658E-09
  DP  5.810290E+01  2.601974E-09
  DP  5.894070E+01  6.554979E-09
  DP  5.979060E+01  8.428444E-09
  DP  6.065280E+01  8.308619E-09
  DP  6.152740E+01  7.371461E-09
  DP  6.241460E+01  1.049672E-08
  DP  6.331460E+01  1.432678E-08
  DP  6.422760E+01  1.830774E-08
  DP  6.515380E+01  2.090336E-08
  DP  6.609330E+01  2.236575E-08
  DP  6.704640E+01  3.207015E-08
  DP  6.801320E+01  3.976410E-08
  DP  6.899390E+01  3.725112E-08
  DP  6.998880E+01  3.709645E-08
  DP  7.099800E+01  3.809240E-08
  DP  7.202180E+01  4.174916E-08
  DP  7.306040E+01  5.265173E-08
  DP  7.411390E+01  4.443486E-08
  DP  7.518260E+01  5.049513E-08
  DP  7.626670E+01  6.849896E-08
  DP  7.736650E+01  8.359257E-08
  DP  7.848210E+01  9.995695E-08
  DP  7.961380E+01  1.085954E-07
  DP  8.076180E+01  1.134034E-07
  DP  8.192640E+01  1.685413E-07
  DP  8.310780E+01  2.140573E-07
  DP  8.430620E+01  2.112246E-07
  DP  8.552190E+01  2.272556E-07
  DP  8.675510E+01  2.217063E-07
  DP  8.800610E+01  2.185603E-07
  DP  8.927510E+01  2.288374E-07
  DP  9.056250E+01  2.268495E-07
  DP  9.186840E+01  2.229188E-07
  DP  9.319310E+01  2.408140E-07
  DP  9.453690E+01  2.524974E-07
  DP  9.590010E+01  2.457532E-07
  DP  9.728300E+01  2.655695E-07
  DP  9.868580E+01  2.786458E-07
  DP  1.001090E+02  2.928176E-07
  DP  1.015520E+02  2.914681E-07
  DP  1.030170E+02  3.161884E-07
  DP  1.045020E+02  3.255104E-07
  DP  1.060090E+02  3.548316E-07
  DP  1.075380E+02  3.722388E-07
  DP  1.090890E+02  3.871609E-07
  DP  1.106620E+02  4.258183E-07
  DP  1.122570E+02  4.438313E-07
  DP  1.138760E+02  4.769169E-07
  DP  1.155180E+02  5.065180E-07
  DP  1.171840E+02  5.997108E-07
  DP  1.188740E+02  1.942686E-06
  DP  1.205880E+02  5.336742E-06
  DP  1.223270E+02  6.256771E-06
  DP  1.240910E+02  2.342646E-06
  DP  1.258800E+02  4.802936E-07
  DP  1.276950E+02  4.684631E-07
  DP  1.295370E+02  4.744101E-07
  DP  1.314040E+02  4.955123E-07
  DP  1.332990E+02  7.402445E-07
  DP  1.352210E+02  1.104412E-06
  DP  1.371710E+02  1.071473E-06
  DP  1.391490E+02  6.321396E-07
  DP  1.411560E+02  4.985598E-07
  DP  1.431910E+02  5.011175E-07
  DP  1.452560E+02  5.114974E-07
  DP  1.473510E+02  5.112968E-07
  DP  1.494750E+02  5.131761E-07
  DP  1.516310E+02  5.239779E-07
  DP  1.538170E+02  5.482337E-07
  DP  1.560350E+02  5.268699E-07
  DP  1.582850E+02  5.266351E-07
  DP  1.605680E+02  5.562462E-07
  DP  1.628830E+02  5.851998E-07
  DP  1.652320E+02  6.304717E-07
  DP  1.676150E+02  7.610451E-07
  DP  1.700320E+02  9.242486E-07
  DP  1.724830E+02  9.541212E-07
  DP  1.749710E+02  9.634465E-07
  DP  1.774940E+02  9.436428E-07
  DP  1.800530E+02  9.256189E-07
  DP  1.826490E+02  9.304821E-07
  DP  1.852830E+02  9.117146E-07
  DP  1.879550E+02  9.429409E-07
  DP  1.906650E+02  1.014385E-06
  DP  1.934150E+02  1.153295E-06
  DP  1.962040E+02  1.398669E-06
  DP  1.990330E+02  1.419082E-06
  DP  2.019030E+02  1.430071E-06
  DP  2.048140E+02  1.468191E-06
  DP  2.077680E+02  1.499091E-06
  DP  2.107640E+02  1.577905E-06
  DP  2.138030E+02  1.583787E-06
  DP  2.168860E+02  1.574897E-06
  DP  2.200130E+02  1.578557E-06
  DP  2.231860E+02  1.555511E-06
  DP  2.264040E+02  1.538222E-06
  DP  2.296690E+02  1.546077E-06
  DP  2.329810E+02  1.512878E-06
  DP  2.363400E+02  1.495841E-06
  DP  2.397480E+02  1.453994E-06
  DP  2.432060E+02  1.422701E-06
  DP  2.467130E+02  1.425692E-06
  DP  2.502700E+02  1.377695E-06
  DP  2.538790E+02  1.371211E-06
  DP  2.575400E+02  1.339851E-06
  DP  2.612540E+02  1.311858E-06
  DP  2.650210E+02  1.287233E-06
  DP  2.688430E+02  1.258572E-06
  DP  2.727190E+02  1.230604E-06
  DP  2.766520E+02  1.214920E-06
  DP  2.806410E+02  1.216884E-06
  DP  2.846880E+02  1.161225E-06
  DP  2.887930E+02  1.161751E-06
  DP  2.929570E+02  1.134201E-06
  DP  2.971820E+02  1.122018E-06
  DP  3.014670E+02  1.106200E-06
  DP  3.058140E+02  1.076495E-06
  DP  3.102240E+02  1.089121E-06
  DP  3.146980E+02  1.066852E-06
  DP  3.192350E+02  1.037681E-06
  DP  3.238390E+02  1.051535E-06
  DP  3.285080E+02  1.046163E-06
  DP  3.332460E+02  1.026183E-06
  DP  3.380510E+02  1.013691E-06
  DP  3.429260E+02  1.000296E-06
  DP  3.478710E+02  9.953497E-07
  DP  3.528870E+02  9.755627E-07
  DP  3.579750E+02  9.730894E-07
  DP  3.631370E+02  9.520991E-07
  DP  3.683740E+02  9.606974E-07
  DP  3.736860E+02  9.682429E-07
  DP  3.790740E+02  9.430328E-07
  DP  3.845400E+02  9.364650E-07
  DP  3.900850E+02  9.336658E-07
  DP  3.957100E+02  9.393562E-07
  DP  4.014170E+02  9.233962E-07
  DP  4.072050E+02  9.197530E-07
  DP  4.130770E+02  9.156085E-07
  DP  4.190330E+02  9.140877E-07
  DP  4.250760E+02  9.068347E-07
  DP  4.312050E+02  9.118900E-07
  DP  4.374230E+02  9.047874E-07
  DP  4.437310E+02  9.041440E-07
  DP  4.501290E+02  9.125334E-07
  DP  4.566200E+02  9.032249E-07
  DP  4.632050E+02  9.141294E-07
  DP  4.698840E+02  9.088067E-07
  DP  4.766600E+02  9.107369E-07
  DP  4.835330E+02  9.191765E-07
  DP  4.905060E+02  1.350856E-06
  DP  4.975790E+02  1.146109E-05
  DP  5.047540E+02  3.081742E-05
  DP  5.120320E+02  3.122511E-05
  DP  5.194160E+02  9.261788E-06
  DP  5.269050E+02  7.124900E-07
  DP  5.345030E+02  5.540904E-07
  DP  5.422110E+02  5.485612E-07
  DP  5.500290E+02  5.455205E-07
  DP  5.579610E+02  5.482663E-07
  DP  5.660070E+02  5.464213E-07
  DP  5.741680E+02  5.496132E-07
  DP  5.824480E+02  5.446974E-07
  DP  5.908470E+02  5.524259E-07
  DP  5.993670E+02  5.436437E-07
  DP  6.080090E+02  5.424613E-07
  DP  6.167770E+02  5.432284E-07
  DP  6.256710E+02  5.432426E-07
  DP  6.346930E+02  5.442704E-07
  DP  6.438450E+02  5.449815E-07
  DP  6.531290E+02  5.375037E-07
  DP  6.625470E+02  5.342942E-07
  DP  6.721010E+02  5.369489E-07
  DP  6.817930E+02  5.495472E-07
  DP  6.916240E+02  5.372656E-07
  DP  7.015970E+02  5.497795E-07
  DP  7.117140E+02  5.732816E-07
  DP  7.219770E+02  6.459295E-07
  DP  7.323880E+02  6.818243E-07
  DP  7.429490E+02  6.081353E-07
  DP  7.536620E+02  5.571395E-07
  DP  7.645300E+02  5.858123E-07
  DP  7.755540E+02  6.942171E-07
  DP  7.867380E+02  7.261621E-07
  DP  7.980820E+02  6.252225E-07
  DP  8.095910E+02  7.036494E-07
  DP  8.212650E+02  1.025214E-05
  DP  8.331070E+02  4.272781E-05
  DP  8.451210E+02  5.496149E-05
  DP  8.573070E+02  2.483762E-05
  DP  8.696700E+02  1.467447E-06
  DP  8.822100E+02  2.070274E-07
  DP  8.949320E+02  2.044094E-07
  DP  9.078360E+02  2.028101E-07
  DP  9.209270E+02  2.024274E-07
  DP  9.342070E+02  2.043560E-07
  DP  9.476780E+02  3.138404E-07
  DP  9.613440E+02  7.225247E-07
  DP  9.752060E+02  8.939330E-07
  DP  9.892680E+02  5.335447E-07
  DP  1.003530E+03  8.797779E-07
  DP  1.018000E+03  4.365984E-06
  DP  1.032680E+03  6.653363E-06
  DP  1.047580E+03  3.948159E-06
  DP  1.062680E+03  5.148005E-07
  DP  1.078000E+03  1.677400E-07
  DP  1.093550E+03  1.657245E-07
  DP  1.109320E+03  1.846400E-07
  DP  1.125310E+03  2.298025E-07
  DP  1.141540E+03  4.532895E-07
  DP  1.158000E+03  9.501187E-07
  DP  1.174700E+03  1.027345E-06
  DP  1.191640E+03  1.402512E-06
  DP  1.208820E+03  1.214452E-05
  DP  1.226250E+03  2.550877E-05
  DP  1.243940E+03  2.068368E-05
  DP  1.261870E+03  3.973152E-06
  DP  1.280070E+03  7.693835E-08
  DP  1.298530E+03  4.580532E-08
  DP  1.317250E+03  2.742230E-07
  DP  1.336250E+03  1.159904E-06
  DP  1.355520E+03  1.548943E-06
  DP  1.375060E+03  7.834583E-07
  DP  1.394890E+03  8.947853E-08
  DP  1.415010E+03  7.890143E-08
  DP  1.435410E+03  1.026292E-07
  DP  1.456110E+03  7.374536E-08
  DP  1.477110E+03  3.969475E-08
  DP  1.498400E+03  3.503854E-08
  DP  1.520010E+03  3.467062E-08
  DP  1.541930E+03  3.536793E-08
  DP  1.564160E+03  3.599095E-08
  DP  1.586720E+03  3.495038E-08
  DP  1.609600E+03  3.518209E-08
  DP  1.632810E+03  3.543578E-08
  DP  1.656360E+03  3.470873E-08
  DP  1.680240E+03  3.546135E-08
  DP  1.704470E+03  1.660119E-07
  DP  1.729050E+03  1.965765E-06
  DP  1.753980E+03  4.295058E-06
  DP  1.779270E+03  3.681736E-06
  DP  1.804930E+03  8.911337E-07
  DP  1.830960E+03  8.998490E-08
  DP  1.857360E+03  2.440946E-08
  DP  1.884140E+03  2.216545E-08
  DP  1.911310E+03  7.862994E-08
  DP  1.938870E+03  2.098726E-07
  DP  1.966830E+03  7.221838E-07
  DP  1.995190E+03  2.064550E-06
  DP  2.023960E+03  2.539872E-06
  DP  2.053150E+03  1.262917E-06
  DP  2.082750E+03  1.228724E-07
  DP  2.112790E+03  1.202938E-08
  DP  2.143250E+03  2.370906E-08
  DP  2.174160E+03  6.822396E-08
  DP  2.205510E+03  8.650212E-08
  DP  2.237310E+03  4.744419E-08
  DP  2.269570E+03  1.356780E-08
  DP  2.302300E+03  1.115342E-08
  DP  2.335500E+03  1.122904E-08
  DP  2.369180E+03  1.109727E-08
  DP  2.403340E+03  1.148465E-08
  DP  2.438000E+03  1.119278E-08
  DP  2.473150E+03  1.285403E-08
  DP  2.508810E+03  2.873912E-07
  DP  2.544990E+03  2.010060E-06
  DP  2.581690E+03  3.210374E-06
  DP  2.618920E+03  2.013996E-06
  DP  2.656680E+03  2.314160E-07
  DP  2.694990E+03  4.979598E-09
  DP  2.733850E+03  4.026789E-09
  DP  2.773270E+03  3.920283E-09
  DP  2.813260E+03  4.240101E-09
  DP  2.853830E+03  4.276692E-09
  DP  2.894980E+03  9.030160E-09
  DP  2.936730E+03  7.675260E-08
  DP  2.979080E+03  1.645321E-07
  DP  3.022030E+03  1.382642E-07
  DP  3.065610E+03  3.428215E-08
  DP  3.109820E+03  1.277674E-07
  DP  3.154660E+03  6.426230E-07
  DP  3.200150E+03  1.501213E-06
  DP  3.246300E+03  1.554901E-06
  DP  3.293110E+03  6.909182E-07
  DP  3.340590E+03  7.275283E-08
  DP  3.388770E+03  9.035090E-08
  DP  3.437630E+03  1.254093E-07
  DP  3.487200E+03  6.613856E-08
  DP  3.537490E+03  4.823475E-09
  DP  3.588500E+03  1.532874E-11
  DP  3.640240E+03  2.965301E-13
  DP  3.692730E+03  1.139006E-14
  DP  3.745980E+03  0.000000E+00
  DP  3.800000E+03  0.000000E+00
  
 EN
