 # final1D_0_1p38_0p6_1p25_base/final1D_0_1p38_0p6_1p25_base_250_100/quickspec.dat                     
 #    1.0000000000000000      =Mpc
  DP  3.000000E+00  3.596446E-09
  DP  3.043260E+00  0.000000E+00
  DP  3.087140E+00  0.000000E+00
  DP  3.131660E+00  0.000000E+00
  DP  3.176820E+00  0.000000E+00
  DP  3.222630E+00  0.000000E+00
  DP  3.269100E+00  0.000000E+00
  DP  3.316240E+00  0.000000E+00
  DP  3.364060E+00  0.000000E+00
  DP  3.412570E+00  0.000000E+00
  DP  3.461780E+00  0.000000E+00
  DP  3.511690E+00  0.000000E+00
  DP  3.562330E+00  0.000000E+00
  DP  3.613700E+00  0.000000E+00
  DP  3.665810E+00  0.000000E+00
  DP  3.718670E+00  0.000000E+00
  DP  3.772290E+00  0.000000E+00
  DP  3.826690E+00  0.000000E+00
  DP  3.881870E+00  0.000000E+00
  DP  3.937850E+00  0.000000E+00
  DP  3.994630E+00  0.000000E+00
  DP  4.052230E+00  0.000000E+00
  DP  4.110660E+00  0.000000E+00
  DP  4.169940E+00  0.000000E+00
  DP  4.230070E+00  0.000000E+00
  DP  4.291070E+00  0.000000E+00
  DP  4.352940E+00  0.000000E+00
  DP  4.415710E+00  0.000000E+00
  DP  4.479390E+00  0.000000E+00
  DP  4.543980E+00  0.000000E+00
  DP  4.609500E+00  0.000000E+00
  DP  4.675970E+00  0.000000E+00
  DP  4.743400E+00  0.000000E+00
  DP  4.811800E+00  0.000000E+00
  DP  4.881180E+00  0.000000E+00
  DP  4.951570E+00  0.000000E+00
  DP  5.022970E+00  0.000000E+00
  DP  5.095400E+00  0.000000E+00
  DP  5.168880E+00  0.000000E+00
  DP  5.243410E+00  0.000000E+00
  DP  5.319020E+00  0.000000E+00
  DP  5.395720E+00  0.000000E+00
  DP  5.473530E+00  0.000000E+00
  DP  5.552450E+00  0.000000E+00
  DP  5.632520E+00  0.000000E+00
  DP  5.713740E+00  0.000000E+00
  DP  5.796130E+00  1.432761E-10
  DP  5.879710E+00  1.089555E-11
  DP  5.964500E+00  4.295158E-12
  DP  6.050500E+00  7.338881E-11
  DP  6.137750E+00  1.015287E-09
  DP  6.226260E+00  4.548044E-09
  DP  6.316040E+00  1.539476E-08
  DP  6.407120E+00  4.763261E-08
  DP  6.499510E+00  1.332347E-07
  DP  6.593230E+00  2.042699E-07
  DP  6.688300E+00  2.267651E-08
  DP  6.784750E+00  1.596129E-09
  DP  6.882580E+00  9.485812E-10
  DP  6.981830E+00  7.161123E-09
  DP  7.082500E+00  1.287793E-08
  DP  7.184630E+00  3.767143E-08
  DP  7.288240E+00  3.005535E-08
  DP  7.393330E+00  1.477608E-09
  DP  7.499940E+00  1.081617E-10
  DP  7.608090E+00  0.000000E+00
  DP  7.717800E+00  0.000000E+00
  DP  7.829090E+00  0.000000E+00
  DP  7.941980E+00  0.000000E+00
  DP  8.056510E+00  0.000000E+00
  DP  8.172680E+00  0.000000E+00
  DP  8.290530E+00  0.000000E+00
  DP  8.410080E+00  0.000000E+00
  DP  8.531350E+00  0.000000E+00
  DP  8.654370E+00  0.000000E+00
  DP  8.779170E+00  0.000000E+00
  DP  8.905760E+00  0.000000E+00
  DP  9.034180E+00  0.000000E+00
  DP  9.164450E+00  0.000000E+00
  DP  9.296600E+00  0.000000E+00
  DP  9.430660E+00  0.000000E+00
  DP  9.566650E+00  0.000000E+00
  DP  9.704600E+00  0.000000E+00
  DP  9.844540E+00  0.000000E+00
  DP  9.986500E+00  0.000000E+00
  DP  1.013050E+01  0.000000E+00
  DP  1.027660E+01  0.000000E+00
  DP  1.042480E+01  0.000000E+00
  DP  1.057510E+01  0.000000E+00
  DP  1.072760E+01  0.000000E+00
  DP  1.088230E+01  0.000000E+00
  DP  1.103920E+01  0.000000E+00
  DP  1.119840E+01  0.000000E+00
  DP  1.135990E+01  0.000000E+00
  DP  1.152370E+01  0.000000E+00
  DP  1.168980E+01  0.000000E+00
  DP  1.185840E+01  0.000000E+00
  DP  1.202940E+01  0.000000E+00
  DP  1.220290E+01  0.000000E+00
  DP  1.237880E+01  0.000000E+00
  DP  1.255730E+01  0.000000E+00
  DP  1.273840E+01  0.000000E+00
  DP  1.292210E+01  2.679509E-12
  DP  1.310840E+01  5.574027E-12
  DP  1.329740E+01  0.000000E+00
  DP  1.348920E+01  9.346601E-10
  DP  1.368370E+01  1.710414E-10
  DP  1.388100E+01  2.846955E-09
  DP  1.408120E+01  2.015492E-08
  DP  1.428420E+01  1.158860E-07
  DP  1.449020E+01  3.719087E-07
  DP  1.469920E+01  6.071660E-07
  DP  1.491110E+01  3.038174E-08
  DP  1.512610E+01  4.585086E-10
  DP  1.534430E+01  1.954810E-11
  DP  1.556550E+01  0.000000E+00
  DP  1.579000E+01  0.000000E+00
  DP  1.601770E+01  0.000000E+00
  DP  1.624860E+01  0.000000E+00
  DP  1.648290E+01  0.000000E+00
  DP  1.672060E+01  0.000000E+00
  DP  1.696170E+01  0.000000E+00
  DP  1.720630E+01  0.000000E+00
  DP  1.745440E+01  0.000000E+00
  DP  1.770610E+01  0.000000E+00
  DP  1.796140E+01  0.000000E+00
  DP  1.822040E+01  0.000000E+00
  DP  1.848320E+01  0.000000E+00
  DP  1.874970E+01  0.000000E+00
  DP  1.902010E+01  0.000000E+00
  DP  1.929430E+01  0.000000E+00
  DP  1.957260E+01  0.000000E+00
  DP  1.985480E+01  0.000000E+00
  DP  2.014110E+01  0.000000E+00
  DP  2.043150E+01  0.000000E+00
  DP  2.072620E+01  0.000000E+00
  DP  2.102500E+01  0.000000E+00
  DP  2.132820E+01  0.000000E+00
  DP  2.163580E+01  0.000000E+00
  DP  2.194770E+01  0.000000E+00
  DP  2.226420E+01  0.000000E+00
  DP  2.258530E+01  0.000000E+00
  DP  2.291100E+01  0.000000E+00
  DP  2.324130E+01  0.000000E+00
  DP  2.357650E+01  0.000000E+00
  DP  2.391640E+01  0.000000E+00
  DP  2.426130E+01  0.000000E+00
  DP  2.461120E+01  0.000000E+00
  DP  2.496600E+01  0.000000E+00
  DP  2.532610E+01  0.000000E+00
  DP  2.569130E+01  0.000000E+00
  DP  2.606170E+01  0.000000E+00
  DP  2.643750E+01  0.000000E+00
  DP  2.681880E+01  0.000000E+00
  DP  2.720550E+01  0.000000E+00
  DP  2.759780E+01  0.000000E+00
  DP  2.799570E+01  0.000000E+00
  DP  2.839940E+01  0.000000E+00
  DP  2.880890E+01  0.000000E+00
  DP  2.922440E+01  0.000000E+00
  DP  2.964580E+01  0.000000E+00
  DP  3.007330E+01  0.000000E+00
  DP  3.050690E+01  0.000000E+00
  DP  3.094680E+01  0.000000E+00
  DP  3.139310E+01  0.000000E+00
  DP  3.184580E+01  0.000000E+00
  DP  3.230500E+01  0.000000E+00
  DP  3.277080E+01  0.000000E+00
  DP  3.324340E+01  0.000000E+00
  DP  3.372270E+01  0.000000E+00
  DP  3.420900E+01  0.000000E+00
  DP  3.470230E+01  0.000000E+00
  DP  3.520270E+01  0.000000E+00
  DP  3.571030E+01  0.000000E+00
  DP  3.622530E+01  0.000000E+00
  DP  3.674760E+01  0.000000E+00
  DP  3.727750E+01  0.000000E+00
  DP  3.781510E+01  0.000000E+00
  DP  3.836040E+01  0.000000E+00
  DP  3.891350E+01  0.000000E+00
  DP  3.947460E+01  0.000000E+00
  DP  4.004390E+01  0.000000E+00
  DP  4.062130E+01  0.000000E+00
  DP  4.120700E+01  0.000000E+00
  DP  4.180120E+01  0.000000E+00
  DP  4.240400E+01  0.000000E+00
  DP  4.301550E+01  0.000000E+00
  DP  4.363570E+01  0.000000E+00
  DP  4.426500E+01  0.000000E+00
  DP  4.490330E+01  0.000000E+00
  DP  4.555080E+01  0.000000E+00
  DP  4.620760E+01  0.000000E+00
  DP  4.687390E+01  0.000000E+00
  DP  4.754980E+01  2.269054E-10
  DP  4.823550E+01  0.000000E+00
  DP  4.893100E+01  4.410011E-10
  DP  4.963660E+01  6.520987E-10
  DP  5.035240E+01  0.000000E+00
  DP  5.107850E+01  4.224609E-10
  DP  5.181500E+01  6.246835E-10
  DP  5.256220E+01  4.105360E-10
  DP  5.332010E+01  6.070507E-10
  DP  5.408900E+01  5.984215E-10
  DP  5.486890E+01  5.899151E-10
  DP  5.566010E+01  2.713802E-09
  DP  5.646280E+01  1.528705E-09
  DP  5.727690E+01  1.883709E-09
  DP  5.810290E+01  1.856937E-09
  DP  5.894070E+01  2.928861E-09
  DP  5.979060E+01  3.969943E-09
  DP  6.065280E+01  3.557733E-09
  DP  6.152740E+01  4.559308E-09
  DP  6.241460E+01  7.260351E-09
  DP  6.331460E+01  8.009182E-09
  DP  6.422760E+01  7.559362E-09
  DP  6.515380E+01  1.010173E-08
  DP  6.609330E+01  1.469193E-08
  DP  6.704640E+01  2.075914E-08
  DP  6.801320E+01  2.474762E-08
  DP  6.899390E+01  1.845297E-08
  DP  6.998880E+01  1.541799E-08
  DP  7.099800E+01  1.504514E-08
  DP  7.202180E+01  1.707790E-08
  DP  7.306040E+01  2.052709E-08
  DP  7.411390E+01  2.402032E-08
  DP  7.518260E+01  2.712516E-08
  DP  7.626670E+01  2.772779E-08
  DP  7.736650E+01  4.351102E-08
  DP  7.848210E+01  4.674587E-08
  DP  7.961380E+01  5.230570E-08
  DP  8.076180E+01  6.429898E-08
  DP  8.192640E+01  1.007875E-07
  DP  8.310780E+01  1.208520E-07
  DP  8.430620E+01  1.209522E-07
  DP  8.552190E+01  1.233838E-07
  DP  8.675510E+01  1.190178E-07
  DP  8.800610E+01  1.261580E-07
  DP  8.927510E+01  1.174887E-07
  DP  9.056250E+01  1.161718E-07
  DP  9.186840E+01  1.195601E-07
  DP  9.319310E+01  1.176265E-07
  DP  9.453690E+01  1.188098E-07
  DP  9.590010E+01  1.148682E-07
  DP  9.728300E+01  1.224413E-07
  DP  9.868580E+01  1.215079E-07
  DP  1.001090E+02  1.270680E-07
  DP  1.015520E+02  1.362136E-07
  DP  1.030170E+02  1.416016E-07
  DP  1.045020E+02  1.520800E-07
  DP  1.060090E+02  1.598076E-07
  DP  1.075380E+02  1.730970E-07
  DP  1.090890E+02  1.770435E-07
  DP  1.106620E+02  1.801010E-07
  DP  1.122570E+02  2.071226E-07
  DP  1.138760E+02  2.203903E-07
  DP  1.155180E+02  2.249760E-07
  DP  1.171840E+02  3.009388E-07
  DP  1.188740E+02  1.880509E-06
  DP  1.205880E+02  5.307429E-06
  DP  1.223270E+02  5.772557E-06
  DP  1.240910E+02  1.842280E-06
  DP  1.258800E+02  1.796890E-07
  DP  1.276950E+02  1.519981E-07
  DP  1.295370E+02  1.596455E-07
  DP  1.314040E+02  1.748125E-07
  DP  1.332990E+02  4.345202E-07
  DP  1.352210E+02  7.968806E-07
  DP  1.371710E+02  7.215362E-07
  DP  1.391490E+02  2.645300E-07
  DP  1.411560E+02  1.550447E-07
  DP  1.431910E+02  1.556798E-07
  DP  1.452560E+02  1.602939E-07
  DP  1.473510E+02  1.599948E-07
  DP  1.494750E+02  1.615473E-07
  DP  1.516310E+02  1.629503E-07
  DP  1.538170E+02  1.655039E-07
  DP  1.560350E+02  1.759096E-07
  DP  1.582850E+02  1.717726E-07
  DP  1.605680E+02  1.817287E-07
  DP  1.628830E+02  1.884027E-07
  DP  1.652320E+02  2.209301E-07
  DP  1.676150E+02  2.832575E-07
  DP  1.700320E+02  3.693819E-07
  DP  1.724830E+02  3.815273E-07
  DP  1.749710E+02  3.795478E-07
  DP  1.774940E+02  3.775131E-07
  DP  1.800530E+02  3.601644E-07
  DP  1.826490E+02  3.619676E-07
  DP  1.852830E+02  3.694337E-07
  DP  1.879550E+02  3.682020E-07
  DP  1.906650E+02  3.982702E-07
  DP  1.934150E+02  4.840437E-07
  DP  1.962040E+02  5.922247E-07
  DP  1.990330E+02  6.177397E-07
  DP  2.019030E+02  6.222912E-07
  DP  2.048140E+02  6.395931E-07
  DP  2.077680E+02  6.567188E-07
  DP  2.107640E+02  6.882952E-07
  DP  2.138030E+02  7.138947E-07
  DP  2.168860E+02  7.059832E-07
  DP  2.200130E+02  6.980843E-07
  DP  2.231860E+02  6.879861E-07
  DP  2.264040E+02  6.832298E-07
  DP  2.296690E+02  6.815160E-07
  DP  2.329810E+02  6.729912E-07
  DP  2.363400E+02  6.574549E-07
  DP  2.397480E+02  6.428912E-07
  DP  2.432060E+02  6.303681E-07
  DP  2.467130E+02  6.225243E-07
  DP  2.502700E+02  6.072888E-07
  DP  2.538790E+02  6.003007E-07
  DP  2.575400E+02  5.877818E-07
  DP  2.612540E+02  5.714282E-07
  DP  2.650210E+02  5.632586E-07
  DP  2.688430E+02  5.518501E-07
  DP  2.727190E+02  5.475008E-07
  DP  2.766520E+02  5.356504E-07
  DP  2.806410E+02  5.288695E-07
  DP  2.846880E+02  5.183810E-07
  DP  2.887930E+02  5.094635E-07
  DP  2.929570E+02  4.997112E-07
  DP  2.971820E+02  4.913017E-07
  DP  3.014670E+02  4.935211E-07
  DP  3.058140E+02  4.803203E-07
  DP  3.102240E+02  4.761665E-07
  DP  3.146980E+02  4.732820E-07
  DP  3.192350E+02  4.673718E-07
  DP  3.238390E+02  4.650439E-07
  DP  3.285080E+02  4.561932E-07
  DP  3.332460E+02  4.520728E-07
  DP  3.380510E+02  4.456162E-07
  DP  3.429260E+02  4.462721E-07
  DP  3.478710E+02  4.441839E-07
  DP  3.528870E+02  4.365533E-07
  DP  3.579750E+02  4.334231E-07
  DP  3.631370E+02  4.297790E-07
  DP  3.683740E+02  4.273892E-07
  DP  3.736860E+02  4.274945E-07
  DP  3.790740E+02  4.210863E-07
  DP  3.845400E+02  4.145536E-07
  DP  3.900850E+02  4.154343E-07
  DP  3.957100E+02  4.185110E-07
  DP  4.014170E+02  4.092893E-07
  DP  4.072050E+02  4.108903E-07
  DP  4.130770E+02  4.149162E-07
  DP  4.190330E+02  4.112972E-07
  DP  4.250760E+02  4.078588E-07
  DP  4.312050E+02  4.030031E-07
  DP  4.374230E+02  4.022327E-07
  DP  4.437310E+02  4.099035E-07
  DP  4.501290E+02  4.093795E-07
  DP  4.566200E+02  4.083376E-07
  DP  4.632050E+02  4.065719E-07
  DP  4.698840E+02  4.031159E-07
  DP  4.766600E+02  4.015583E-07
  DP  4.835330E+02  4.076540E-07
  DP  4.905060E+02  7.454578E-07
  DP  4.975790E+02  8.152095E-06
  DP  5.047540E+02  2.118237E-05
  DP  5.120320E+02  2.055910E-05
  DP  5.194160E+02  5.875361E-06
  DP  5.269050E+02  3.494570E-07
  DP  5.345030E+02  2.431236E-07
  DP  5.422110E+02  2.442149E-07
  DP  5.500290E+02  2.448257E-07
  DP  5.579610E+02  2.395915E-07
  DP  5.660070E+02  2.417248E-07
  DP  5.741680E+02  2.369435E-07
  DP  5.824480E+02  2.389632E-07
  DP  5.908470E+02  2.396007E-07
  DP  5.993670E+02  2.412577E-07
  DP  6.080090E+02  2.368533E-07
  DP  6.167770E+02  2.409878E-07
  DP  6.256710E+02  2.404388E-07
  DP  6.346930E+02  2.416421E-07
  DP  6.438450E+02  2.416914E-07
  DP  6.531290E+02  2.434211E-07
  DP  6.625470E+02  2.412368E-07
  DP  6.721010E+02  2.415351E-07
  DP  6.817930E+02  2.411182E-07
  DP  6.916240E+02  2.391194E-07
  DP  7.015970E+02  2.451700E-07
  DP  7.117140E+02  2.635799E-07
  DP  7.219770E+02  3.147930E-07
  DP  7.323880E+02  3.333233E-07
  DP  7.429490E+02  2.879870E-07
  DP  7.536620E+02  2.488583E-07
  DP  7.645300E+02  2.732261E-07
  DP  7.755540E+02  3.520724E-07
  DP  7.867380E+02  3.615749E-07
  DP  7.980820E+02  2.958224E-07
  DP  8.095910E+02  3.649917E-07
  DP  8.212650E+02  7.261705E-06
  DP  8.331070E+02  2.949492E-05
  DP  8.451210E+02  3.641335E-05
  DP  8.573070E+02  1.601268E-05
  DP  8.696700E+02  8.966320E-07
  DP  8.822100E+02  9.205552E-08
  DP  8.949320E+02  8.829281E-08
  DP  9.078360E+02  8.773463E-08
  DP  9.209270E+02  9.327466E-08
  DP  9.342070E+02  9.032834E-08
  DP  9.476780E+02  1.683591E-07
  DP  9.613440E+02  4.461133E-07
  DP  9.752060E+02  5.417528E-07
  DP  9.892680E+02  3.039711E-07
  DP  1.003530E+03  5.751918E-07
  DP  1.018000E+03  2.994689E-06
  DP  1.032680E+03  4.385913E-06
  DP  1.047580E+03  2.525258E-06
  DP  1.062680E+03  2.996486E-07
  DP  1.078000E+03  7.386802E-08
  DP  1.093550E+03  7.546937E-08
  DP  1.109320E+03  8.746390E-08
  DP  1.125310E+03  1.171101E-07
  DP  1.141540E+03  2.701628E-07
  DP  1.158000E+03  6.089684E-07
  DP  1.174700E+03  6.432130E-07
  DP  1.191640E+03  9.427070E-07
  DP  1.208820E+03  8.440393E-06
  DP  1.226250E+03  1.709529E-05
  DP  1.243940E+03  1.346343E-05
  DP  1.261870E+03  2.551320E-06
  DP  1.280070E+03  3.907131E-08
  DP  1.298530E+03  2.077869E-08
  DP  1.317250E+03  1.818942E-07
  DP  1.336250E+03  7.821916E-07
  DP  1.355520E+03  1.017501E-06
  DP  1.375060E+03  4.963872E-07
  DP  1.394890E+03  5.037046E-08
  DP  1.415010E+03  4.592064E-08
  DP  1.435410E+03  5.899719E-08
  DP  1.456110E+03  4.048097E-08
  DP  1.477110E+03  1.766475E-08
  DP  1.498400E+03  1.527167E-08
  DP  1.520010E+03  1.590038E-08
  DP  1.541930E+03  1.479939E-08
  DP  1.564160E+03  1.520599E-08
  DP  1.586720E+03  1.516572E-08
  DP  1.609600E+03  1.510923E-08
  DP  1.632810E+03  1.524452E-08
  DP  1.656360E+03  1.534462E-08
  DP  1.680240E+03  1.578866E-08
  DP  1.704470E+03  1.084583E-07
  DP  1.729050E+03  1.340085E-06
  DP  1.753980E+03  2.855863E-06
  DP  1.779270E+03  2.397745E-06
  DP  1.804930E+03  5.707690E-07
  DP  1.830960E+03  5.391139E-08
  DP  1.857360E+03  1.119862E-08
  DP  1.884140E+03  1.037698E-08
  DP  1.911310E+03  4.910945E-08
  DP  1.938870E+03  1.365044E-07
  DP  1.966830E+03  4.850373E-07
  DP  1.995190E+03  1.379943E-06
  DP  2.023960E+03  1.663479E-06
  DP  2.053150E+03  8.111919E-07
  DP  2.082750E+03  7.616233E-08
  DP  2.112790E+03  5.593705E-09
  DP  2.143250E+03  1.323883E-08
  DP  2.174160E+03  4.214774E-08
  DP  2.205510E+03  5.398852E-08
  DP  2.237310E+03  2.840145E-08
  DP  2.269570E+03  6.170303E-09
  DP  2.302300E+03  4.954071E-09
  DP  2.335500E+03  4.957070E-09
  DP  2.369180E+03  4.786341E-09
  DP  2.403340E+03  4.828806E-09
  DP  2.438000E+03  4.881123E-09
  DP  2.473150E+03  6.315229E-09
  DP  2.508810E+03  1.954944E-07
  DP  2.544990E+03  1.356989E-06
  DP  2.581690E+03  2.110332E-06
  DP  2.618920E+03  1.298614E-06
  DP  2.656680E+03  1.487050E-07
  DP  2.694990E+03  2.313893E-09
  DP  2.733850E+03  1.746713E-09
  DP  2.773270E+03  1.692783E-09
  DP  2.813260E+03  1.668960E-09
  DP  2.853830E+03  1.757007E-09
  DP  2.894980E+03  5.486047E-09
  DP  2.936730E+03  5.242219E-08
  DP  2.979080E+03  1.079904E-07
  DP  3.022030E+03  8.802626E-08
  DP  3.065610E+03  2.151669E-08
  DP  3.109820E+03  8.563143E-08
  DP  3.154660E+03  4.278705E-07
  DP  3.200150E+03  9.942718E-07
  DP  3.246300E+03  1.008594E-06
  DP  3.293110E+03  4.443185E-07
  DP  3.340590E+03  4.708162E-08
  DP  3.388770E+03  6.022686E-08
  DP  3.437630E+03  8.161921E-08
  DP  3.487200E+03  4.245824E-08
  DP  3.537490E+03  3.220727E-09
  DP  3.588500E+03  4.599241E-12
  DP  3.640240E+03  2.842936E-13
  DP  3.692730E+03  9.754207E-15
  DP  3.745980E+03  0.000000E+00
  DP  3.800000E+03  0.000000E+00
  
 EN
