 # final1D_0_1p38_0p6_1p25_base/final1D_0_1p38_0p6_1p25_base_300_100/quickspec.dat                     
 #    1.0000000000000000      =Mpc
  DP  3.000000E+00  2.314987E-09
  DP  3.043260E+00  0.000000E+00
  DP  3.087140E+00  0.000000E+00
  DP  3.131660E+00  0.000000E+00
  DP  3.176820E+00  0.000000E+00
  DP  3.222630E+00  0.000000E+00
  DP  3.269100E+00  0.000000E+00
  DP  3.316240E+00  0.000000E+00
  DP  3.364060E+00  0.000000E+00
  DP  3.412570E+00  0.000000E+00
  DP  3.461780E+00  0.000000E+00
  DP  3.511690E+00  0.000000E+00
  DP  3.562330E+00  0.000000E+00
  DP  3.613700E+00  0.000000E+00
  DP  3.665810E+00  0.000000E+00
  DP  3.718670E+00  0.000000E+00
  DP  3.772290E+00  0.000000E+00
  DP  3.826690E+00  0.000000E+00
  DP  3.881870E+00  0.000000E+00
  DP  3.937850E+00  0.000000E+00
  DP  3.994630E+00  0.000000E+00
  DP  4.052230E+00  0.000000E+00
  DP  4.110660E+00  0.000000E+00
  DP  4.169940E+00  6.275647E-12
  DP  4.230070E+00  0.000000E+00
  DP  4.291070E+00  0.000000E+00
  DP  4.352940E+00  0.000000E+00
  DP  4.415710E+00  0.000000E+00
  DP  4.479390E+00  0.000000E+00
  DP  4.543980E+00  0.000000E+00
  DP  4.609500E+00  0.000000E+00
  DP  4.675970E+00  0.000000E+00
  DP  4.743400E+00  0.000000E+00
  DP  4.811800E+00  0.000000E+00
  DP  4.881180E+00  0.000000E+00
  DP  4.951570E+00  0.000000E+00
  DP  5.022970E+00  0.000000E+00
  DP  5.095400E+00  0.000000E+00
  DP  5.168880E+00  0.000000E+00
  DP  5.243410E+00  0.000000E+00
  DP  5.319020E+00  0.000000E+00
  DP  5.395720E+00  0.000000E+00
  DP  5.473530E+00  0.000000E+00
  DP  5.552450E+00  0.000000E+00
  DP  5.632520E+00  0.000000E+00
  DP  5.713740E+00  0.000000E+00
  DP  5.796130E+00  1.769901E-12
  DP  5.879710E+00  0.000000E+00
  DP  5.964500E+00  0.000000E+00
  DP  6.050500E+00  9.698222E-11
  DP  6.137750E+00  8.638765E-10
  DP  6.226260E+00  4.683771E-09
  DP  6.316040E+00  1.820621E-08
  DP  6.407120E+00  7.540152E-08
  DP  6.499510E+00  1.862970E-07
  DP  6.593230E+00  1.991059E-07
  DP  6.688300E+00  1.496643E-08
  DP  6.784750E+00  1.097301E-09
  DP  6.882580E+00  1.483649E-09
  DP  6.981830E+00  4.930824E-09
  DP  7.082500E+00  1.628851E-08
  DP  7.184630E+00  6.013327E-08
  DP  7.288240E+00  3.608437E-08
  DP  7.393330E+00  1.285194E-09
  DP  7.499940E+00  7.699525E-11
  DP  7.608090E+00  0.000000E+00
  DP  7.717800E+00  0.000000E+00
  DP  7.829090E+00  0.000000E+00
  DP  7.941980E+00  0.000000E+00
  DP  8.056510E+00  0.000000E+00
  DP  8.172680E+00  0.000000E+00
  DP  8.290530E+00  0.000000E+00
  DP  8.410080E+00  0.000000E+00
  DP  8.531350E+00  0.000000E+00
  DP  8.654370E+00  0.000000E+00
  DP  8.779170E+00  0.000000E+00
  DP  8.905760E+00  0.000000E+00
  DP  9.034180E+00  0.000000E+00
  DP  9.164450E+00  0.000000E+00
  DP  9.296600E+00  0.000000E+00
  DP  9.430660E+00  0.000000E+00
  DP  9.566650E+00  0.000000E+00
  DP  9.704600E+00  0.000000E+00
  DP  9.844540E+00  0.000000E+00
  DP  9.986500E+00  0.000000E+00
  DP  1.013050E+01  0.000000E+00
  DP  1.027660E+01  0.000000E+00
  DP  1.042480E+01  0.000000E+00
  DP  1.057510E+01  0.000000E+00
  DP  1.072760E+01  0.000000E+00
  DP  1.088230E+01  0.000000E+00
  DP  1.103920E+01  0.000000E+00
  DP  1.119840E+01  0.000000E+00
  DP  1.135990E+01  0.000000E+00
  DP  1.152370E+01  0.000000E+00
  DP  1.168980E+01  0.000000E+00
  DP  1.185840E+01  0.000000E+00
  DP  1.202940E+01  0.000000E+00
  DP  1.220290E+01  0.000000E+00
  DP  1.237880E+01  0.000000E+00
  DP  1.255730E+01  0.000000E+00
  DP  1.273840E+01  0.000000E+00
  DP  1.292210E+01  5.374494E-10
  DP  1.310840E+01  9.561768E-10
  DP  1.329740E+01  1.566833E-09
  DP  1.348920E+01  3.343953E-09
  DP  1.368370E+01  2.705906E-09
  DP  1.388100E+01  4.466824E-09
  DP  1.408120E+01  2.743257E-08
  DP  1.428420E+01  1.800910E-07
  DP  1.449020E+01  6.621719E-07
  DP  1.469920E+01  8.758590E-07
  DP  1.491110E+01  3.339884E-08
  DP  1.512610E+01  3.860011E-10
  DP  1.534430E+01  1.752411E-11
  DP  1.556550E+01  0.000000E+00
  DP  1.579000E+01  0.000000E+00
  DP  1.601770E+01  0.000000E+00
  DP  1.624860E+01  0.000000E+00
  DP  1.648290E+01  0.000000E+00
  DP  1.672060E+01  0.000000E+00
  DP  1.696170E+01  0.000000E+00
  DP  1.720630E+01  0.000000E+00
  DP  1.745440E+01  0.000000E+00
  DP  1.770610E+01  0.000000E+00
  DP  1.796140E+01  0.000000E+00
  DP  1.822040E+01  0.000000E+00
  DP  1.848320E+01  0.000000E+00
  DP  1.874970E+01  0.000000E+00
  DP  1.902010E+01  0.000000E+00
  DP  1.929430E+01  0.000000E+00
  DP  1.957260E+01  0.000000E+00
  DP  1.985480E+01  0.000000E+00
  DP  2.014110E+01  0.000000E+00
  DP  2.043150E+01  0.000000E+00
  DP  2.072620E+01  0.000000E+00
  DP  2.102500E+01  0.000000E+00
  DP  2.132820E+01  0.000000E+00
  DP  2.163580E+01  0.000000E+00
  DP  2.194770E+01  0.000000E+00
  DP  2.226420E+01  0.000000E+00
  DP  2.258530E+01  0.000000E+00
  DP  2.291100E+01  0.000000E+00
  DP  2.324130E+01  0.000000E+00
  DP  2.357650E+01  0.000000E+00
  DP  2.391640E+01  0.000000E+00
  DP  2.426130E+01  0.000000E+00
  DP  2.461120E+01  0.000000E+00
  DP  2.496600E+01  0.000000E+00
  DP  2.532610E+01  0.000000E+00
  DP  2.569130E+01  0.000000E+00
  DP  2.606170E+01  0.000000E+00
  DP  2.643750E+01  0.000000E+00
  DP  2.681880E+01  0.000000E+00
  DP  2.720550E+01  0.000000E+00
  DP  2.759780E+01  0.000000E+00
  DP  2.799570E+01  0.000000E+00
  DP  2.839940E+01  0.000000E+00
  DP  2.880890E+01  0.000000E+00
  DP  2.922440E+01  0.000000E+00
  DP  2.964580E+01  0.000000E+00
  DP  3.007330E+01  0.000000E+00
  DP  3.050690E+01  0.000000E+00
  DP  3.094680E+01  0.000000E+00
  DP  3.139310E+01  0.000000E+00
  DP  3.184580E+01  0.000000E+00
  DP  3.230500E+01  0.000000E+00
  DP  3.277080E+01  0.000000E+00
  DP  3.324340E+01  0.000000E+00
  DP  3.372270E+01  0.000000E+00
  DP  3.420900E+01  0.000000E+00
  DP  3.470230E+01  0.000000E+00
  DP  3.520270E+01  0.000000E+00
  DP  3.571030E+01  0.000000E+00
  DP  3.622530E+01  0.000000E+00
  DP  3.674760E+01  0.000000E+00
  DP  3.727750E+01  0.000000E+00
  DP  3.781510E+01  0.000000E+00
  DP  3.836040E+01  0.000000E+00
  DP  3.891350E+01  0.000000E+00
  DP  3.947460E+01  0.000000E+00
  DP  4.004390E+01  0.000000E+00
  DP  4.062130E+01  0.000000E+00
  DP  4.120700E+01  0.000000E+00
  DP  4.180120E+01  0.000000E+00
  DP  4.240400E+01  0.000000E+00
  DP  4.301550E+01  0.000000E+00
  DP  4.363570E+01  0.000000E+00
  DP  4.426500E+01  0.000000E+00
  DP  4.490330E+01  0.000000E+00
  DP  4.555080E+01  0.000000E+00
  DP  4.620760E+01  0.000000E+00
  DP  4.687390E+01  0.000000E+00
  DP  4.754980E+01  1.460570E-10
  DP  4.823550E+01  0.000000E+00
  DP  4.893100E+01  4.258016E-10
  DP  4.963660E+01  1.399162E-10
  DP  5.035240E+01  1.379274E-10
  DP  5.107850E+01  5.438668E-10
  DP  5.181500E+01  2.680679E-10
  DP  5.256220E+01  7.927719E-10
  DP  5.332010E+01  5.210015E-10
  DP  5.408900E+01  8.987962E-10
  DP  5.486890E+01  7.594424E-10
  DP  5.566010E+01  8.734190E-10
  DP  5.646280E+01  4.920037E-10
  DP  5.727690E+01  9.700227E-10
  DP  5.810290E+01  8.367028E-10
  DP  5.894070E+01  1.296124E-09
  DP  5.979060E+01  1.743395E-09
  DP  6.065280E+01  2.061065E-09
  DP  6.152740E+01  3.160531E-09
  DP  6.241460E+01  3.115601E-09
  DP  6.331460E+01  5.265106E-09
  DP  6.422760E+01  4.649611E-09
  DP  6.515380E+01  4.052066E-09
  DP  6.609330E+01  1.040556E-08
  DP  6.704640E+01  1.803007E-08
  DP  6.801320E+01  2.226046E-08
  DP  6.899390E+01  1.379074E-08
  DP  6.998880E+01  8.340146E-09
  DP  7.099800E+01  9.586251E-09
  DP  7.202180E+01  9.257192E-09
  DP  7.306040E+01  1.150203E-08
  DP  7.411390E+01  1.068465E-08
  DP  7.518260E+01  1.285102E-08
  DP  7.626670E+01  1.552310E-08
  DP  7.736650E+01  2.603253E-08
  DP  7.848210E+01  3.504297E-08
  DP  7.961380E+01  3.334294E-08
  DP  8.076180E+01  4.824218E-08
  DP  8.192640E+01  6.801941E-08
  DP  8.310780E+01  8.699262E-08
  DP  8.430620E+01  7.846432E-08
  DP  8.552190E+01  8.217873E-08
  DP  8.675510E+01  7.813134E-08
  DP  8.800610E+01  7.717867E-08
  DP  8.927510E+01  7.804051E-08
  DP  9.056250E+01  7.970251E-08
  DP  9.186840E+01  7.617027E-08
  DP  9.319310E+01  6.990243E-08
  DP  9.453690E+01  7.368344E-08
  DP  9.590010E+01  6.997689E-08
  DP  9.728300E+01  6.862079E-08
  DP  9.868580E+01  7.143116E-08
  DP  1.001090E+02  7.534043E-08
  DP  1.015520E+02  7.488303E-08
  DP  1.030170E+02  7.969015E-08
  DP  1.045020E+02  8.486686E-08
  DP  1.060090E+02  8.930055E-08
  DP  1.075380E+02  9.078959E-08
  DP  1.090890E+02  9.766574E-08
  DP  1.106620E+02  1.061972E-07
  DP  1.122570E+02  1.166481E-07
  DP  1.138760E+02  1.170517E-07
  DP  1.155180E+02  1.282119E-07
  DP  1.171840E+02  1.998771E-07
  DP  1.188740E+02  1.832303E-06
  DP  1.205880E+02  5.069250E-06
  DP  1.223270E+02  5.232066E-06
  DP  1.240910E+02  1.562931E-06
  DP  1.258800E+02  8.504818E-08
  DP  1.276950E+02  5.807711E-08
  DP  1.295370E+02  5.760199E-08
  DP  1.314040E+02  8.068819E-08
  DP  1.332990E+02  3.332882E-07
  DP  1.352210E+02  6.694458E-07
  DP  1.371710E+02  5.697980E-07
  DP  1.391490E+02  1.488972E-07
  DP  1.411560E+02  5.241784E-08
  DP  1.431910E+02  5.380569E-08
  DP  1.452560E+02  5.273679E-08
  DP  1.473510E+02  5.651153E-08
  DP  1.494750E+02  5.440732E-08
  DP  1.516310E+02  5.552510E-08
  DP  1.538170E+02  5.792854E-08
  DP  1.560350E+02  5.933068E-08
  DP  1.582850E+02  6.085631E-08
  DP  1.605680E+02  6.336771E-08
  DP  1.628830E+02  6.885994E-08
  DP  1.652320E+02  8.175199E-08
  DP  1.676150E+02  1.152292E-07
  DP  1.700320E+02  1.590389E-07
  DP  1.724830E+02  1.599346E-07
  DP  1.749710E+02  1.590205E-07
  DP  1.774940E+02  1.610209E-07
  DP  1.800530E+02  1.585350E-07
  DP  1.826490E+02  1.507614E-07
  DP  1.852830E+02  1.539191E-07
  DP  1.879550E+02  1.580804E-07
  DP  1.906650E+02  1.746011E-07
  DP  1.934150E+02  2.238764E-07
  DP  1.962040E+02  2.695486E-07
  DP  1.990330E+02  2.824118E-07
  DP  2.019030E+02  2.805117E-07
  DP  2.048140E+02  2.918282E-07
  DP  2.077680E+02  2.993762E-07
  DP  2.107640E+02  3.277089E-07
  DP  2.138030E+02  3.317256E-07
  DP  2.168860E+02  3.250692E-07
  DP  2.200130E+02  3.190871E-07
  DP  2.231860E+02  3.210366E-07
  DP  2.264040E+02  3.110545E-07
  DP  2.296690E+02  3.145055E-07
  DP  2.329810E+02  3.085243E-07
  DP  2.363400E+02  3.077405E-07
  DP  2.397480E+02  2.978612E-07
  DP  2.432060E+02  2.910912E-07
  DP  2.467130E+02  2.895813E-07
  DP  2.502700E+02  2.823375E-07
  DP  2.538790E+02  2.780057E-07
  DP  2.575400E+02  2.720972E-07
  DP  2.612540E+02  2.657425E-07
  DP  2.650210E+02  2.602049E-07
  DP  2.688430E+02  2.544209E-07
  DP  2.727190E+02  2.528884E-07
  DP  2.766520E+02  2.471228E-07
  DP  2.806410E+02  2.424819E-07
  DP  2.846880E+02  2.417599E-07
  DP  2.887930E+02  2.380106E-07
  DP  2.929570E+02  2.308904E-07
  DP  2.971820E+02  2.317720E-07
  DP  3.014670E+02  2.267834E-07
  DP  3.058140E+02  2.209226E-07
  DP  3.102240E+02  2.184584E-07
  DP  3.146980E+02  2.203426E-07
  DP  3.192350E+02  2.154510E-07
  DP  3.238390E+02  2.136102E-07
  DP  3.285080E+02  2.117978E-07
  DP  3.332460E+02  2.061241E-07
  DP  3.380510E+02  2.041429E-07
  DP  3.429260E+02  2.077894E-07
  DP  3.478710E+02  2.037518E-07
  DP  3.528870E+02  2.013336E-07
  DP  3.579750E+02  2.006008E-07
  DP  3.631370E+02  2.007244E-07
  DP  3.683740E+02  1.959741E-07
  DP  3.736860E+02  1.927896E-07
  DP  3.790740E+02  1.937296E-07
  DP  3.845400E+02  1.967812E-07
  DP  3.900850E+02  1.926442E-07
  DP  3.957100E+02  1.947992E-07
  DP  4.014170E+02  1.936586E-07
  DP  4.072050E+02  1.901516E-07
  DP  4.130770E+02  1.936143E-07
  DP  4.190330E+02  1.896962E-07
  DP  4.250760E+02  1.873599E-07
  DP  4.312050E+02  1.895023E-07
  DP  4.374230E+02  1.878010E-07
  DP  4.437310E+02  1.882080E-07
  DP  4.501290E+02  1.893277E-07
  DP  4.566200E+02  1.887185E-07
  DP  4.632050E+02  1.880425E-07
  DP  4.698840E+02  1.899619E-07
  DP  4.766600E+02  1.958454E-07
  DP  4.835330E+02  1.916197E-07
  DP  4.905060E+02  4.314695E-07
  DP  4.975790E+02  5.541840E-06
  DP  5.047540E+02  1.413242E-05
  DP  5.120320E+02  1.335013E-05
  DP  5.194160E+02  3.720466E-06
  DP  5.269050E+02  1.777179E-07
  DP  5.345030E+02  1.144872E-07
  DP  5.422110E+02  1.115985E-07
  DP  5.500290E+02  1.125302E-07
  DP  5.579610E+02  1.102039E-07
  DP  5.660070E+02  1.117757E-07
  DP  5.741680E+02  1.102490E-07
  DP  5.824480E+02  1.113144E-07
  DP  5.908470E+02  1.114080E-07
  DP  5.993670E+02  1.113637E-07
  DP  6.080090E+02  1.127274E-07
  DP  6.167770E+02  1.125595E-07
  DP  6.256710E+02  1.131870E-07
  DP  6.346930E+02  1.102089E-07
  DP  6.438450E+02  1.122102E-07
  DP  6.531290E+02  1.133057E-07
  DP  6.625470E+02  1.133917E-07
  DP  6.721010E+02  1.133174E-07
  DP  6.817930E+02  1.134402E-07
  DP  6.916240E+02  1.138772E-07
  DP  7.015970E+02  1.138697E-07
  DP  7.117140E+02  1.236236E-07
  DP  7.219770E+02  1.610385E-07
  DP  7.323880E+02  1.700571E-07
  DP  7.429490E+02  1.414119E-07
  DP  7.536620E+02  1.179140E-07
  DP  7.645300E+02  1.313354E-07
  DP  7.755540E+02  1.817354E-07
  DP  7.867380E+02  1.904716E-07
  DP  7.980820E+02  1.471007E-07
  DP  8.095910E+02  1.948619E-07
  DP  8.212650E+02  4.919544E-06
  DP  8.331070E+02  1.966718E-05
  DP  8.451210E+02  2.370588E-05
  DP  8.573070E+02  1.029100E-05
  DP  8.696700E+02  5.575548E-07
  DP  8.822100E+02  4.318037E-08
  DP  8.949320E+02  4.135408E-08
  DP  9.078360E+02  4.120861E-08
  DP  9.209270E+02  4.194602E-08
  DP  9.342070E+02  4.147867E-08
  DP  9.476780E+02  9.587672E-08
  DP  9.613440E+02  2.796301E-07
  DP  9.752060E+02  3.390546E-07
  DP  9.892680E+02  1.812257E-07
  DP  1.003530E+03  3.743278E-07
  DP  1.018000E+03  1.984483E-06
  DP  1.032680E+03  2.852186E-06
  DP  1.047580E+03  1.611738E-06
  DP  1.062680E+03  1.778633E-07
  DP  1.078000E+03  3.443849E-08
  DP  1.093550E+03  3.451804E-08
  DP  1.109320E+03  4.320360E-08
  DP  1.125310E+03  6.187783E-08
  DP  1.141540E+03  1.671032E-07
  DP  1.158000E+03  3.879322E-07
  DP  1.174700E+03  4.051581E-07
  DP  1.191640E+03  6.203234E-07
  DP  1.208820E+03  5.641761E-06
  DP  1.226250E+03  1.122603E-05
  DP  1.243940E+03  8.666507E-06
  DP  1.261870E+03  1.629369E-06
  DP  1.280070E+03  2.257623E-08
  DP  1.298530E+03  1.035977E-08
  DP  1.317250E+03  1.186777E-07
  DP  1.336250E+03  5.185231E-07
  DP  1.355520E+03  6.544643E-07
  DP  1.375060E+03  3.137535E-07
  DP  1.394890E+03  2.995608E-08
  DP  1.415010E+03  2.680621E-08
  DP  1.435410E+03  3.636288E-08
  DP  1.456110E+03  2.293880E-08
  DP  1.477110E+03  8.444070E-09
  DP  1.498400E+03  7.235250E-09
  DP  1.520010E+03  6.974008E-09
  DP  1.541930E+03  7.380226E-09
  DP  1.564160E+03  7.033761E-09
  DP  1.586720E+03  7.138780E-09
  DP  1.609600E+03  7.335020E-09
  DP  1.632810E+03  7.286447E-09
  DP  1.656360E+03  7.078274E-09
  DP  1.680240E+03  7.399311E-09
  DP  1.704470E+03  7.049997E-08
  DP  1.729050E+03  8.928049E-07
  DP  1.753980E+03  1.868384E-06
  DP  1.779270E+03  1.541890E-06
  DP  1.804930E+03  3.645964E-07
  DP  1.830960E+03  3.327868E-08
  DP  1.857360E+03  5.669051E-09
  DP  1.884140E+03  4.982464E-09
  DP  1.911310E+03  3.074514E-08
  DP  1.938870E+03  8.827360E-08
  DP  1.966830E+03  3.188047E-07
  DP  1.995190E+03  9.074279E-07
  DP  2.023960E+03  1.074113E-06
  DP  2.053150E+03  5.201492E-07
  DP  2.082750E+03  4.727063E-08
  DP  2.112790E+03  2.593393E-09
  DP  2.143250E+03  7.836464E-09
  DP  2.174160E+03  2.732804E-08
  DP  2.205510E+03  3.383385E-08
  DP  2.237310E+03  1.766959E-08
  DP  2.269570E+03  3.210483E-09
  DP  2.302300E+03  2.272372E-09
  DP  2.335500E+03  2.283895E-09
  DP  2.369180E+03  2.235246E-09
  DP  2.403340E+03  2.101249E-09
  DP  2.438000E+03  2.178016E-09
  DP  2.473150E+03  2.901411E-09
  DP  2.508810E+03  1.294277E-07
  DP  2.544990E+03  8.932812E-07
  DP  2.581690E+03  1.368136E-06
  DP  2.618920E+03  8.339620E-07
  DP  2.656680E+03  9.361475E-08
  DP  2.694990E+03  1.087759E-09
  DP  2.733850E+03  8.491532E-10
  DP  2.773270E+03  7.541246E-10
  DP  2.813260E+03  8.025184E-10
  DP  2.853830E+03  8.221608E-10
  DP  2.894980E+03  3.206940E-09
  DP  2.936730E+03  3.377252E-08
  DP  2.979080E+03  6.975294E-08
  DP  3.022030E+03  5.671383E-08
  DP  3.065610E+03  1.350471E-08
  DP  3.109820E+03  5.657905E-08
  DP  3.154660E+03  2.810515E-07
  DP  3.200150E+03  6.497590E-07
  DP  3.246300E+03  6.536663E-07
  DP  3.293110E+03  2.847256E-07
  DP  3.340590E+03  3.080698E-08
  DP  3.388770E+03  3.964303E-08
  DP  3.437630E+03  5.290341E-08
  DP  3.487200E+03  2.650514E-08
  DP  3.537490E+03  1.993657E-09
  DP  3.588500E+03  6.287596E-12
  DP  3.640240E+03  2.033273E-13
  DP  3.692730E+03  1.098805E-14
  DP  3.745980E+03  0.000000E+00
  DP  3.800000E+03  0.000000E+00
  
 EN
