 # final1D_0_1p38_0p6_1p25_base/final1D_0_1p38_0p6_1p25_base_90_100/quickspec.dat                      
 #    1.0000000000000000      =Mpc
  DP  3.000000E+00  0.000000E+00
  DP  3.043260E+00  0.000000E+00
  DP  3.087140E+00  0.000000E+00
  DP  3.131660E+00  0.000000E+00
  DP  3.176820E+00  0.000000E+00
  DP  3.222630E+00  0.000000E+00
  DP  3.269100E+00  0.000000E+00
  DP  3.316240E+00  0.000000E+00
  DP  3.364060E+00  0.000000E+00
  DP  3.412570E+00  0.000000E+00
  DP  3.461780E+00  0.000000E+00
  DP  3.511690E+00  0.000000E+00
  DP  3.562330E+00  0.000000E+00
  DP  3.613700E+00  0.000000E+00
  DP  3.665810E+00  0.000000E+00
  DP  3.718670E+00  0.000000E+00
  DP  3.772290E+00  0.000000E+00
  DP  3.826690E+00  0.000000E+00
  DP  3.881870E+00  0.000000E+00
  DP  3.937850E+00  0.000000E+00
  DP  3.994630E+00  0.000000E+00
  DP  4.052230E+00  0.000000E+00
  DP  4.110660E+00  0.000000E+00
  DP  4.169940E+00  0.000000E+00
  DP  4.230070E+00  0.000000E+00
  DP  4.291070E+00  0.000000E+00
  DP  4.352940E+00  0.000000E+00
  DP  4.415710E+00  0.000000E+00
  DP  4.479390E+00  0.000000E+00
  DP  4.543980E+00  0.000000E+00
  DP  4.609500E+00  0.000000E+00
  DP  4.675970E+00  0.000000E+00
  DP  4.743400E+00  0.000000E+00
  DP  4.811800E+00  0.000000E+00
  DP  4.881180E+00  0.000000E+00
  DP  4.951570E+00  0.000000E+00
  DP  5.022970E+00  0.000000E+00
  DP  5.095400E+00  0.000000E+00
  DP  5.168880E+00  0.000000E+00
  DP  5.243410E+00  0.000000E+00
  DP  5.319020E+00  0.000000E+00
  DP  5.395720E+00  0.000000E+00
  DP  5.473530E+00  0.000000E+00
  DP  5.552450E+00  0.000000E+00
  DP  5.632520E+00  0.000000E+00
  DP  5.713740E+00  0.000000E+00
  DP  5.796130E+00  0.000000E+00
  DP  5.879710E+00  0.000000E+00
  DP  5.964500E+00  6.263038E-12
  DP  6.050500E+00  6.174389E-12
  DP  6.137750E+00  8.520444E-11
  DP  6.226260E+00  8.134397E-10
  DP  6.316040E+00  2.768476E-09
  DP  6.407120E+00  5.991284E-09
  DP  6.499510E+00  1.153738E-08
  DP  6.593230E+00  1.944741E-08
  DP  6.688300E+00  1.767987E-08
  DP  6.784750E+00  4.078028E-09
  DP  6.882580E+00  3.114748E-10
  DP  6.981830E+00  5.809424E-10
  DP  7.082500E+00  1.713305E-09
  DP  7.184630E+00  2.888961E-09
  DP  7.288240E+00  4.134188E-09
  DP  7.393330E+00  3.434039E-09
  DP  7.499940E+00  4.191711E-10
  DP  7.608090E+00  0.000000E+00
  DP  7.717800E+00  8.567154E-12
  DP  7.829090E+00  1.688948E-11
  DP  7.941980E+00  0.000000E+00
  DP  8.056510E+00  4.636835E-12
  DP  8.172680E+00  0.000000E+00
  DP  8.290530E+00  0.000000E+00
  DP  8.410080E+00  0.000000E+00
  DP  8.531350E+00  0.000000E+00
  DP  8.654370E+00  0.000000E+00
  DP  8.779170E+00  0.000000E+00
  DP  8.905760E+00  0.000000E+00
  DP  9.034180E+00  0.000000E+00
  DP  9.164450E+00  0.000000E+00
  DP  9.296600E+00  0.000000E+00
  DP  9.430660E+00  0.000000E+00
  DP  9.566650E+00  0.000000E+00
  DP  9.704600E+00  0.000000E+00
  DP  9.844540E+00  0.000000E+00
  DP  9.986500E+00  0.000000E+00
  DP  1.013050E+01  0.000000E+00
  DP  1.027660E+01  0.000000E+00
  DP  1.042480E+01  0.000000E+00
  DP  1.057510E+01  0.000000E+00
  DP  1.072760E+01  0.000000E+00
  DP  1.088230E+01  0.000000E+00
  DP  1.103920E+01  0.000000E+00
  DP  1.119840E+01  0.000000E+00
  DP  1.135990E+01  0.000000E+00
  DP  1.152370E+01  0.000000E+00
  DP  1.168980E+01  0.000000E+00
  DP  1.185840E+01  0.000000E+00
  DP  1.202940E+01  0.000000E+00
  DP  1.220290E+01  0.000000E+00
  DP  1.237880E+01  0.000000E+00
  DP  1.255730E+01  0.000000E+00
  DP  1.273840E+01  0.000000E+00
  DP  1.292210E+01  3.318484E-10
  DP  1.310840E+01  0.000000E+00
  DP  1.329740E+01  3.914041E-11
  DP  1.348920E+01  0.000000E+00
  DP  1.368370E+01  2.814492E-11
  DP  1.388100E+01  1.184296E-09
  DP  1.408120E+01  8.952198E-10
  DP  1.428420E+01  3.828058E-09
  DP  1.449020E+01  7.171903E-09
  DP  1.469920E+01  1.174176E-08
  DP  1.491110E+01  1.432444E-08
  DP  1.512610E+01  4.992040E-10
  DP  1.534430E+01  2.865330E-11
  DP  1.556550E+01  0.000000E+00
  DP  1.579000E+01  0.000000E+00
  DP  1.601770E+01  0.000000E+00
  DP  1.624860E+01  0.000000E+00
  DP  1.648290E+01  0.000000E+00
  DP  1.672060E+01  0.000000E+00
  DP  1.696170E+01  0.000000E+00
  DP  1.720630E+01  0.000000E+00
  DP  1.745440E+01  0.000000E+00
  DP  1.770610E+01  0.000000E+00
  DP  1.796140E+01  0.000000E+00
  DP  1.822040E+01  0.000000E+00
  DP  1.848320E+01  0.000000E+00
  DP  1.874970E+01  0.000000E+00
  DP  1.902010E+01  0.000000E+00
  DP  1.929430E+01  0.000000E+00
  DP  1.957260E+01  0.000000E+00
  DP  1.985480E+01  0.000000E+00
  DP  2.014110E+01  0.000000E+00
  DP  2.043150E+01  0.000000E+00
  DP  2.072620E+01  0.000000E+00
  DP  2.102500E+01  0.000000E+00
  DP  2.132820E+01  0.000000E+00
  DP  2.163580E+01  0.000000E+00
  DP  2.194770E+01  0.000000E+00
  DP  2.226420E+01  0.000000E+00
  DP  2.258530E+01  0.000000E+00
  DP  2.291100E+01  0.000000E+00
  DP  2.324130E+01  0.000000E+00
  DP  2.357650E+01  0.000000E+00
  DP  2.391640E+01  0.000000E+00
  DP  2.426130E+01  0.000000E+00
  DP  2.461120E+01  0.000000E+00
  DP  2.496600E+01  0.000000E+00
  DP  2.532610E+01  0.000000E+00
  DP  2.569130E+01  0.000000E+00
  DP  2.606170E+01  0.000000E+00
  DP  2.643750E+01  0.000000E+00
  DP  2.681880E+01  0.000000E+00
  DP  2.720550E+01  0.000000E+00
  DP  2.759780E+01  0.000000E+00
  DP  2.799570E+01  0.000000E+00
  DP  2.839940E+01  0.000000E+00
  DP  2.880890E+01  0.000000E+00
  DP  2.922440E+01  0.000000E+00
  DP  2.964580E+01  0.000000E+00
  DP  3.007330E+01  0.000000E+00
  DP  3.050690E+01  0.000000E+00
  DP  3.094680E+01  0.000000E+00
  DP  3.139310E+01  0.000000E+00
  DP  3.184580E+01  0.000000E+00
  DP  3.230500E+01  0.000000E+00
  DP  3.277080E+01  0.000000E+00
  DP  3.324340E+01  0.000000E+00
  DP  3.372270E+01  0.000000E+00
  DP  3.420900E+01  0.000000E+00
  DP  3.470230E+01  0.000000E+00
  DP  3.520270E+01  0.000000E+00
  DP  3.571030E+01  0.000000E+00
  DP  3.622530E+01  0.000000E+00
  DP  3.674760E+01  0.000000E+00
  DP  3.727750E+01  0.000000E+00
  DP  3.781510E+01  0.000000E+00
  DP  3.836040E+01  0.000000E+00
  DP  3.891350E+01  1.150161E-09
  DP  3.947460E+01  0.000000E+00
  DP  4.004390E+01  1.117690E-09
  DP  4.062130E+01  1.101805E-09
  DP  4.120700E+01  0.000000E+00
  DP  4.180120E+01  0.000000E+00
  DP  4.240400E+01  1.055479E-09
  DP  4.301550E+01  1.040480E-09
  DP  4.363570E+01  2.051381E-09
  DP  4.426500E+01  4.044437E-09
  DP  4.490330E+01  3.986939E-09
  DP  4.555080E+01  6.877972E-09
  DP  4.620760E+01  1.937196E-09
  DP  4.687390E+01  4.774158E-09
  DP  4.754980E+01  1.035383E-08
  DP  4.823550E+01  1.206238E-08
  DP  4.893100E+01  1.920843E-08
  DP  4.963660E+01  1.352527E-08
  DP  5.035240E+01  1.422191E-08
  DP  5.107850E+01  1.840091E-08
  DP  5.181500E+01  2.418577E-08
  DP  5.256220E+01  2.554504E-08
  DP  5.332010E+01  3.525462E-08
  DP  5.408900E+01  3.558092E-08
  DP  5.486890E+01  4.486360E-08
  DP  5.566010E+01  4.905046E-08
  DP  5.646280E+01  6.182878E-08
  DP  5.727690E+01  8.154242E-08
  DP  5.810290E+01  6.701619E-08
  DP  5.894070E+01  1.108649E-07
  DP  5.979060E+01  1.070437E-07
  DP  6.065280E+01  1.320866E-07
  DP  6.152740E+01  1.556697E-07
  DP  6.241460E+01  1.606273E-07
  DP  6.331460E+01  2.000509E-07
  DP  6.422760E+01  2.013879E-07
  DP  6.515380E+01  2.692804E-07
  DP  6.609330E+01  2.701929E-07
  DP  6.704640E+01  2.963956E-07
  DP  6.801320E+01  3.678586E-07
  DP  6.899390E+01  4.093336E-07
  DP  6.998880E+01  4.105486E-07
  DP  7.099800E+01  4.778386E-07
  DP  7.202180E+01  5.387914E-07
  DP  7.306040E+01  6.107608E-07
  DP  7.411390E+01  6.632089E-07
  DP  7.518260E+01  7.530626E-07
  DP  7.626670E+01  8.226480E-07
  DP  7.736650E+01  8.741209E-07
  DP  7.848210E+01  9.445871E-07
  DP  7.961380E+01  1.074890E-06
  DP  8.076180E+01  1.147061E-06
  DP  8.192640E+01  1.277022E-06
  DP  8.310780E+01  1.420194E-06
  DP  8.430620E+01  1.553347E-06
  DP  8.552190E+01  1.603850E-06
  DP  8.675510E+01  1.806692E-06
  DP  8.800610E+01  1.874994E-06
  DP  8.927510E+01  1.970536E-06
  DP  9.056250E+01  2.155580E-06
  DP  9.186840E+01  2.267634E-06
  DP  9.319310E+01  2.405792E-06
  DP  9.453690E+01  2.532076E-06
  DP  9.590010E+01  2.689261E-06
  DP  9.728300E+01  2.832006E-06
  DP  9.868580E+01  2.993311E-06
  DP  1.001090E+02  3.098287E-06
  DP  1.015520E+02  3.281200E-06
  DP  1.030170E+02  3.524936E-06
  DP  1.045020E+02  3.651571E-06
  DP  1.060090E+02  3.900764E-06
  DP  1.075380E+02  4.001854E-06
  DP  1.090890E+02  4.151527E-06
  DP  1.106620E+02  4.362942E-06
  DP  1.122570E+02  4.572511E-06
  DP  1.138760E+02  4.878190E-06
  DP  1.155180E+02  5.101830E-06
  DP  1.171840E+02  5.307955E-06
  DP  1.188740E+02  5.692406E-06
  DP  1.205880E+02  7.409681E-06
  DP  1.223270E+02  9.346685E-06
  DP  1.240910E+02  7.654102E-06
  DP  1.258800E+02  5.962932E-06
  DP  1.276950E+02  6.033047E-06
  DP  1.295370E+02  6.136135E-06
  DP  1.314040E+02  6.210537E-06
  DP  1.332990E+02  6.381175E-06
  DP  1.352210E+02  6.636676E-06
  DP  1.371710E+02  6.960446E-06
  DP  1.391490E+02  6.634069E-06
  DP  1.411560E+02  6.562475E-06
  DP  1.431910E+02  6.704635E-06
  DP  1.452560E+02  6.788187E-06
  DP  1.473510E+02  6.771199E-06
  DP  1.494750E+02  6.842008E-06
  DP  1.516310E+02  6.863282E-06
  DP  1.538170E+02  6.964916E-06
  DP  1.560350E+02  7.151247E-06
  DP  1.582850E+02  7.442169E-06
  DP  1.605680E+02  7.210432E-06
  DP  1.628830E+02  7.252246E-06
  DP  1.652320E+02  7.329046E-06
  DP  1.676150E+02  7.634056E-06
  DP  1.700320E+02  7.941122E-06
  DP  1.724830E+02  8.264683E-06
  DP  1.749710E+02  8.313399E-06
  DP  1.774940E+02  8.267641E-06
  DP  1.800530E+02  8.285039E-06
  DP  1.826490E+02  8.281730E-06
  DP  1.852830E+02  8.267040E-06
  DP  1.879550E+02  8.263948E-06
  DP  1.906650E+02  8.463874E-06
  DP  1.934150E+02  8.728759E-06
  DP  1.962040E+02  9.393228E-06
  DP  1.990330E+02  9.818214E-06
  DP  2.019030E+02  9.743428E-06
  DP  2.048140E+02  9.750530E-06
  DP  2.077680E+02  9.782283E-06
  DP  2.107640E+02  9.951241E-06
  DP  2.138030E+02  1.018872E-05
  DP  2.168860E+02  1.005686E-05
  DP  2.200130E+02  9.905952E-06
  DP  2.231860E+02  9.872611E-06
  DP  2.264040E+02  9.816375E-06
  DP  2.296690E+02  9.734487E-06
  DP  2.329810E+02  9.532104E-06
  DP  2.363400E+02  9.489907E-06
  DP  2.397480E+02  9.337493E-06
  DP  2.432060E+02  9.187169E-06
  DP  2.467130E+02  9.007598E-06
  DP  2.502700E+02  8.860533E-06
  DP  2.538790E+02  8.705529E-06
  DP  2.575400E+02  8.629991E-06
  DP  2.612540E+02  8.465378E-06
  DP  2.650210E+02  8.336278E-06
  DP  2.688430E+02  8.278529E-06
  DP  2.727190E+02  8.155671E-06
  DP  2.766520E+02  7.983780E-06
  DP  2.806410E+02  7.841611E-06
  DP  2.846880E+02  7.636095E-06
  DP  2.887930E+02  7.534302E-06
  DP  2.929570E+02  7.468282E-06
  DP  2.971820E+02  7.327659E-06
  DP  3.014670E+02  7.291293E-06
  DP  3.058140E+02  7.123973E-06
  DP  3.102240E+02  7.079185E-06
  DP  3.146980E+02  6.974350E-06
  DP  3.192350E+02  6.843729E-06
  DP  3.238390E+02  6.831195E-06
  DP  3.285080E+02  6.677620E-06
  DP  3.332460E+02  6.639442E-06
  DP  3.380510E+02  6.549698E-06
  DP  3.429260E+02  6.464292E-06
  DP  3.478710E+02  6.402332E-06
  DP  3.528870E+02  6.337281E-06
  DP  3.579750E+02  6.220748E-06
  DP  3.631370E+02  6.174238E-06
  DP  3.683740E+02  6.118454E-06
  DP  3.736860E+02  6.078738E-06
  DP  3.790740E+02  6.040484E-06
  DP  3.845400E+02  5.969132E-06
  DP  3.900850E+02  5.889082E-06
  DP  3.957100E+02  5.849424E-06
  DP  4.014170E+02  5.811730E-06
  DP  4.072050E+02  5.747406E-06
  DP  4.130770E+02  5.667196E-06
  DP  4.190330E+02  5.719906E-06
  DP  4.250760E+02  5.668132E-06
  DP  4.312050E+02  5.614478E-06
  DP  4.374230E+02  5.600257E-06
  DP  4.437310E+02  5.501631E-06
  DP  4.501290E+02  5.516521E-06
  DP  4.566200E+02  5.471766E-06
  DP  4.632050E+02  5.478460E-06
  DP  4.698840E+02  5.463394E-06
  DP  4.766600E+02  5.451553E-06
  DP  4.835330E+02  5.426143E-06
  DP  4.905060E+02  5.595201E-06
  DP  4.975790E+02  1.460954E-05
  DP  5.047540E+02  4.381284E-05
  DP  5.120320E+02  6.145093E-05
  DP  5.194160E+02  2.403110E-05
  DP  5.269050E+02  3.986070E-06
  DP  5.345030E+02  3.564961E-06
  DP  5.422110E+02  3.553622E-06
  DP  5.500290E+02  3.532874E-06
  DP  5.579610E+02  3.492431E-06
  DP  5.660070E+02  3.504865E-06
  DP  5.741680E+02  3.466828E-06
  DP  5.824480E+02  3.464480E-06
  DP  5.908470E+02  3.458339E-06
  DP  5.993670E+02  3.423586E-06
  DP  6.080090E+02  3.416567E-06
  DP  6.167770E+02  3.382374E-06
  DP  6.256710E+02  3.386978E-06
  DP  6.346930E+02  3.374152E-06
  DP  6.438450E+02  3.368420E-06
  DP  6.531290E+02  3.354707E-06
  DP  6.625470E+02  3.331528E-06
  DP  6.721010E+02  3.333550E-06
  DP  6.817930E+02  3.320933E-06
  DP  6.916240E+02  3.319136E-06
  DP  7.015970E+02  3.317557E-06
  DP  7.117140E+02  3.341029E-06
  DP  7.219770E+02  3.418973E-06
  DP  7.323880E+02  3.537604E-06
  DP  7.429490E+02  3.471708E-06
  DP  7.536620E+02  3.335129E-06
  DP  7.645300E+02  3.332631E-06
  DP  7.755540E+02  3.457670E-06
  DP  7.867380E+02  3.612406E-06
  DP  7.980820E+02  3.489774E-06
  DP  8.095910E+02  3.476546E-06
  DP  8.212650E+02  1.227179E-05
  DP  8.331070E+02  5.872996E-05
  DP  8.451210E+02  1.026359E-04
  DP  8.573070E+02  5.848112E-05
  DP  8.696700E+02  4.552799E-06
  DP  8.822100E+02  1.320732E-06
  DP  8.949320E+02  1.309092E-06
  DP  9.078360E+02  1.304923E-06
  DP  9.209270E+02  1.312627E-06
  DP  9.342070E+02  1.295689E-06
  DP  9.476780E+02  1.393563E-06
  DP  9.613440E+02  1.985510E-06
  DP  9.752060E+02  2.581494E-06
  DP  9.892680E+02  2.036273E-06
  DP  1.003530E+03  1.925640E-06
  DP  1.018000E+03  6.677729E-06
  DP  1.032680E+03  1.274808E-05
  DP  1.047580E+03  9.695464E-06
  DP  1.062680E+03  1.956640E-06
  DP  1.078000E+03  1.061011E-06
  DP  1.093550E+03  1.068298E-06
  DP  1.109320E+03  1.087391E-06
  DP  1.125310E+03  1.156821E-06
  DP  1.141540E+03  1.438034E-06
  DP  1.158000E+03  2.250955E-06
  DP  1.174700E+03  2.774751E-06
  DP  1.191640E+03  2.581485E-06
  DP  1.208820E+03  1.586403E-05
  DP  1.226250E+03  4.341618E-05
  DP  1.243940E+03  4.549515E-05
  DP  1.261870E+03  1.007449E-05
  DP  1.280070E+03  3.855808E-07
  DP  1.298530E+03  3.062172E-07
  DP  1.317250E+03  5.465583E-07
  DP  1.336250E+03  1.891622E-06
  DP  1.355520E+03  3.191807E-06
  DP  1.375060E+03  2.010445E-06
  DP  1.394890E+03  3.822836E-07
  DP  1.415010E+03  3.165185E-07
  DP  1.435410E+03  3.784983E-07
  DP  1.456110E+03  3.417528E-07
  DP  1.477110E+03  2.614349E-07
  DP  1.498400E+03  2.449210E-07
  DP  1.520010E+03  2.524272E-07
  DP  1.541930E+03  2.544819E-07
  DP  1.564160E+03  2.573555E-07
  DP  1.586720E+03  2.547050E-07
  DP  1.609600E+03  2.441497E-07
  DP  1.632810E+03  2.464727E-07
  DP  1.656360E+03  2.430108E-07
  DP  1.680240E+03  2.470367E-07
  DP  1.704470E+03  3.829963E-07
  DP  1.729050E+03  2.838173E-06
  DP  1.753980E+03  7.720307E-06
  DP  1.779270E+03  8.267926E-06
  DP  1.804930E+03  2.282332E-06
  DP  1.830960E+03  3.201876E-07
  DP  1.857360E+03  1.517441E-07
  DP  1.884140E+03  1.442462E-07
  DP  1.911310E+03  2.182562E-07
  DP  1.938870E+03  4.526619E-07
  DP  1.966830E+03  1.197490E-06
  DP  1.995190E+03  3.496133E-06
  DP  2.023960E+03  5.267044E-06
  DP  2.053150E+03  3.082260E-06
  DP  2.082750E+03  3.753865E-07
  DP  2.112790E+03  8.745805E-08
  DP  2.143250E+03  1.026593E-07
  DP  2.174160E+03  1.791643E-07
  DP  2.205510E+03  2.400586E-07
  DP  2.237310E+03  1.750891E-07
  DP  2.269570E+03  9.180735E-08
  DP  2.302300E+03  8.459529E-08
  DP  2.335500E+03  8.625896E-08
  DP  2.369180E+03  8.493370E-08
  DP  2.403340E+03  8.446827E-08
  DP  2.438000E+03  8.457774E-08
  DP  2.473150E+03  8.731767E-08
  DP  2.508810E+03  4.242741E-07
  DP  2.544990E+03  3.235685E-06
  DP  2.581690E+03  6.489744E-06
  DP  2.618920E+03  4.828772E-06
  DP  2.656680E+03  6.175375E-07
  DP  2.694990E+03  3.331703E-08
  DP  2.733850E+03  3.044274E-08
  DP  2.773270E+03  2.986459E-08
  DP  2.813260E+03  3.139666E-08
  DP  2.853830E+03  3.006204E-08
  DP  2.894980E+03  3.758603E-08
  DP  2.936730E+03  1.411562E-07
  DP  2.979080E+03  3.324659E-07
  DP  3.022030E+03  3.381597E-07
  DP  3.065610E+03  1.019014E-07
  DP  3.109820E+03  2.044738E-07
  DP  3.154660E+03  1.069091E-06
  DP  3.200150E+03  2.831355E-06
  DP  3.246300E+03  3.374144E-06
  DP  3.293110E+03  1.700654E-06
  DP  3.340590E+03  1.684310E-07
  DP  3.388770E+03  1.582283E-07
  DP  3.437630E+03  2.633460E-07
  DP  3.487200E+03  1.609933E-07
  DP  3.537490E+03  1.304054E-08
  DP  3.588500E+03  5.444225E-11
  DP  3.640240E+03  1.128845E-12
  DP  3.692730E+03  5.057944E-14
  DP  3.745980E+03  0.000000E+00
  DP  3.800000E+03  0.000000E+00
  
 EN
