 # final1D_0_1p38_0p6_1p25_base/final1D_0_1p38_0p6_1p25_base_125_100/quickspec.dat                     
 #    1.0000000000000000      =Mpc
  DP  3.000000E+00  0.000000E+00
  DP  3.043260E+00  0.000000E+00
  DP  3.087140E+00  0.000000E+00
  DP  3.131660E+00  0.000000E+00
  DP  3.176820E+00  0.000000E+00
  DP  3.222630E+00  0.000000E+00
  DP  3.269100E+00  0.000000E+00
  DP  3.316240E+00  0.000000E+00
  DP  3.364060E+00  0.000000E+00
  DP  3.412570E+00  0.000000E+00
  DP  3.461780E+00  0.000000E+00
  DP  3.511690E+00  0.000000E+00
  DP  3.562330E+00  0.000000E+00
  DP  3.613700E+00  0.000000E+00
  DP  3.665810E+00  0.000000E+00
  DP  3.718670E+00  0.000000E+00
  DP  3.772290E+00  0.000000E+00
  DP  3.826690E+00  0.000000E+00
  DP  3.881870E+00  0.000000E+00
  DP  3.937850E+00  0.000000E+00
  DP  3.994630E+00  0.000000E+00
  DP  4.052230E+00  0.000000E+00
  DP  4.110660E+00  0.000000E+00
  DP  4.169940E+00  0.000000E+00
  DP  4.230070E+00  0.000000E+00
  DP  4.291070E+00  0.000000E+00
  DP  4.352940E+00  0.000000E+00
  DP  4.415710E+00  0.000000E+00
  DP  4.479390E+00  0.000000E+00
  DP  4.543980E+00  0.000000E+00
  DP  4.609500E+00  0.000000E+00
  DP  4.675970E+00  0.000000E+00
  DP  4.743400E+00  0.000000E+00
  DP  4.811800E+00  0.000000E+00
  DP  4.881180E+00  0.000000E+00
  DP  4.951570E+00  0.000000E+00
  DP  5.022970E+00  0.000000E+00
  DP  5.095400E+00  0.000000E+00
  DP  5.168880E+00  0.000000E+00
  DP  5.243410E+00  0.000000E+00
  DP  5.319020E+00  0.000000E+00
  DP  5.395720E+00  0.000000E+00
  DP  5.473530E+00  0.000000E+00
  DP  5.552450E+00  0.000000E+00
  DP  5.632520E+00  0.000000E+00
  DP  5.713740E+00  0.000000E+00
  DP  5.796130E+00  0.000000E+00
  DP  5.879710E+00  8.221675E-12
  DP  5.964500E+00  1.268574E-11
  DP  6.050500E+00  0.000000E+00
  DP  6.137750E+00  3.053532E-10
  DP  6.226260E+00  1.948961E-09
  DP  6.316040E+00  5.300619E-09
  DP  6.407120E+00  1.367626E-08
  DP  6.499510E+00  2.237719E-08
  DP  6.593230E+00  4.569837E-08
  DP  6.688300E+00  2.649169E-08
  DP  6.784750E+00  3.858800E-09
  DP  6.882580E+00  5.566181E-10
  DP  6.981830E+00  1.551308E-09
  DP  7.082500E+00  3.511533E-09
  DP  7.184630E+00  6.704259E-09
  DP  7.288240E+00  9.139038E-09
  DP  7.393330E+00  3.754233E-09
  DP  7.499940E+00  3.126806E-10
  DP  7.608090E+00  0.000000E+00
  DP  7.717800E+00  0.000000E+00
  DP  7.829090E+00  0.000000E+00
  DP  7.941980E+00  0.000000E+00
  DP  8.056510E+00  0.000000E+00
  DP  8.172680E+00  0.000000E+00
  DP  8.290530E+00  0.000000E+00
  DP  8.410080E+00  0.000000E+00
  DP  8.531350E+00  0.000000E+00
  DP  8.654370E+00  0.000000E+00
  DP  8.779170E+00  0.000000E+00
  DP  8.905760E+00  0.000000E+00
  DP  9.034180E+00  0.000000E+00
  DP  9.164450E+00  0.000000E+00
  DP  9.296600E+00  0.000000E+00
  DP  9.430660E+00  0.000000E+00
  DP  9.566650E+00  0.000000E+00
  DP  9.704600E+00  0.000000E+00
  DP  9.844540E+00  0.000000E+00
  DP  9.986500E+00  0.000000E+00
  DP  1.013050E+01  0.000000E+00
  DP  1.027660E+01  0.000000E+00
  DP  1.042480E+01  0.000000E+00
  DP  1.057510E+01  0.000000E+00
  DP  1.072760E+01  0.000000E+00
  DP  1.088230E+01  0.000000E+00
  DP  1.103920E+01  0.000000E+00
  DP  1.119840E+01  0.000000E+00
  DP  1.135990E+01  0.000000E+00
  DP  1.152370E+01  0.000000E+00
  DP  1.168980E+01  0.000000E+00
  DP  1.185840E+01  0.000000E+00
  DP  1.202940E+01  0.000000E+00
  DP  1.220290E+01  0.000000E+00
  DP  1.237880E+01  0.000000E+00
  DP  1.255730E+01  0.000000E+00
  DP  1.273840E+01  0.000000E+00
  DP  1.292210E+01  0.000000E+00
  DP  1.310840E+01  0.000000E+00
  DP  1.329740E+01  5.844076E-12
  DP  1.348920E+01  6.315739E-11
  DP  1.368370E+01  2.594997E-11
  DP  1.388100E+01  3.864791E-10
  DP  1.408120E+01  3.646173E-09
  DP  1.428420E+01  9.853977E-09
  DP  1.449020E+01  3.705191E-08
  DP  1.469920E+01  8.633668E-08
  DP  1.491110E+01  2.397871E-08
  DP  1.512610E+01  5.104938E-10
  DP  1.534430E+01  2.273291E-11
  DP  1.556550E+01  0.000000E+00
  DP  1.579000E+01  0.000000E+00
  DP  1.601770E+01  0.000000E+00
  DP  1.624860E+01  0.000000E+00
  DP  1.648290E+01  0.000000E+00
  DP  1.672060E+01  0.000000E+00
  DP  1.696170E+01  0.000000E+00
  DP  1.720630E+01  0.000000E+00
  DP  1.745440E+01  0.000000E+00
  DP  1.770610E+01  0.000000E+00
  DP  1.796140E+01  0.000000E+00
  DP  1.822040E+01  0.000000E+00
  DP  1.848320E+01  0.000000E+00
  DP  1.874970E+01  0.000000E+00
  DP  1.902010E+01  0.000000E+00
  DP  1.929430E+01  0.000000E+00
  DP  1.957260E+01  0.000000E+00
  DP  1.985480E+01  0.000000E+00
  DP  2.014110E+01  0.000000E+00
  DP  2.043150E+01  0.000000E+00
  DP  2.072620E+01  0.000000E+00
  DP  2.102500E+01  0.000000E+00
  DP  2.132820E+01  0.000000E+00
  DP  2.163580E+01  0.000000E+00
  DP  2.194770E+01  0.000000E+00
  DP  2.226420E+01  0.000000E+00
  DP  2.258530E+01  0.000000E+00
  DP  2.291100E+01  0.000000E+00
  DP  2.324130E+01  0.000000E+00
  DP  2.357650E+01  0.000000E+00
  DP  2.391640E+01  0.000000E+00
  DP  2.426130E+01  0.000000E+00
  DP  2.461120E+01  0.000000E+00
  DP  2.496600E+01  0.000000E+00
  DP  2.532610E+01  0.000000E+00
  DP  2.569130E+01  0.000000E+00
  DP  2.606170E+01  0.000000E+00
  DP  2.643750E+01  0.000000E+00
  DP  2.681880E+01  0.000000E+00
  DP  2.720550E+01  0.000000E+00
  DP  2.759780E+01  0.000000E+00
  DP  2.799570E+01  0.000000E+00
  DP  2.839940E+01  0.000000E+00
  DP  2.880890E+01  0.000000E+00
  DP  2.922440E+01  0.000000E+00
  DP  2.964580E+01  0.000000E+00
  DP  3.007330E+01  0.000000E+00
  DP  3.050690E+01  0.000000E+00
  DP  3.094680E+01  0.000000E+00
  DP  3.139310E+01  0.000000E+00
  DP  3.184580E+01  0.000000E+00
  DP  3.230500E+01  0.000000E+00
  DP  3.277080E+01  0.000000E+00
  DP  3.324340E+01  0.000000E+00
  DP  3.372270E+01  0.000000E+00
  DP  3.420900E+01  0.000000E+00
  DP  3.470230E+01  0.000000E+00
  DP  3.520270E+01  0.000000E+00
  DP  3.571030E+01  0.000000E+00
  DP  3.622530E+01  0.000000E+00
  DP  3.674760E+01  0.000000E+00
  DP  3.727750E+01  0.000000E+00
  DP  3.781510E+01  0.000000E+00
  DP  3.836040E+01  0.000000E+00
  DP  3.891350E+01  0.000000E+00
  DP  3.947460E+01  0.000000E+00
  DP  4.004390E+01  0.000000E+00
  DP  4.062130E+01  0.000000E+00
  DP  4.120700E+01  0.000000E+00
  DP  4.180120E+01  0.000000E+00
  DP  4.240400E+01  0.000000E+00
  DP  4.301550E+01  7.608261E-10
  DP  4.363570E+01  0.000000E+00
  DP  4.426500E+01  0.000000E+00
  DP  4.490330E+01  1.457679E-09
  DP  4.555080E+01  7.184796E-10
  DP  4.620760E+01  1.416534E-09
  DP  4.687390E+01  1.396396E-09
  DP  4.754980E+01  6.882735E-10
  DP  4.823550E+01  3.392452E-09
  DP  4.893100E+01  2.675382E-09
  DP  4.963660E+01  8.571415E-09
  DP  5.035240E+01  6.499654E-10
  DP  5.107850E+01  6.407262E-09
  DP  5.181500E+01  6.316182E-09
  DP  5.256220E+01  5.603758E-09
  DP  5.332010E+01  1.288954E-08
  DP  5.408900E+01  1.391733E-08
  DP  5.486890E+01  1.252572E-08
  DP  5.566010E+01  2.234344E-08
  DP  5.646280E+01  2.608316E-08
  DP  5.727690E+01  2.342688E-08
  DP  5.810290E+01  3.041633E-08
  DP  5.894070E+01  2.887340E-08
  DP  5.979060E+01  3.503135E-08
  DP  6.065280E+01  5.449798E-08
  DP  6.152740E+01  5.265950E-08
  DP  6.241460E+01  5.453275E-08
  DP  6.331460E+01  7.184905E-08
  DP  6.422760E+01  8.560469E-08
  DP  6.515380E+01  8.546431E-08
  DP  6.609330E+01  1.039962E-07
  DP  6.704640E+01  1.444861E-07
  DP  6.801320E+01  1.525379E-07
  DP  6.899390E+01  1.726633E-07
  DP  6.998880E+01  1.865752E-07
  DP  7.099800E+01  2.055885E-07
  DP  7.202180E+01  2.094824E-07
  DP  7.306040E+01  2.436851E-07
  DP  7.411390E+01  2.640654E-07
  DP  7.518260E+01  2.955750E-07
  DP  7.626670E+01  3.484426E-07
  DP  7.736650E+01  3.739484E-07
  DP  7.848210E+01  4.286802E-07
  DP  7.961380E+01  4.999268E-07
  DP  8.076180E+01  5.195083E-07
  DP  8.192640E+01  5.864665E-07
  DP  8.310780E+01  6.958357E-07
  DP  8.430620E+01  7.694512E-07
  DP  8.552190E+01  8.095750E-07
  DP  8.675510E+01  8.431787E-07
  DP  8.800610E+01  8.962309E-07
  DP  8.927510E+01  9.511799E-07
  DP  9.056250E+01  1.031372E-06
  DP  9.186840E+01  1.109033E-06
  DP  9.319310E+01  1.158183E-06
  DP  9.453690E+01  1.218931E-06
  DP  9.590010E+01  1.275309E-06
  DP  9.728300E+01  1.294235E-06
  DP  9.868580E+01  1.386268E-06
  DP  1.001090E+02  1.472770E-06
  DP  1.015520E+02  1.542325E-06
  DP  1.030170E+02  1.590288E-06
  DP  1.045020E+02  1.707724E-06
  DP  1.060090E+02  1.867850E-06
  DP  1.075380E+02  1.930854E-06
  DP  1.090890E+02  1.971949E-06
  DP  1.106620E+02  2.128540E-06
  DP  1.122570E+02  2.205800E-06
  DP  1.138760E+02  2.271896E-06
  DP  1.155180E+02  2.421936E-06
  DP  1.171840E+02  2.600503E-06
  DP  1.188740E+02  3.383502E-06
  DP  1.205880E+02  5.876548E-06
  DP  1.223270E+02  7.803616E-06
  DP  1.240910E+02  4.699998E-06
  DP  1.258800E+02  2.798365E-06
  DP  1.276950E+02  2.780082E-06
  DP  1.295370E+02  2.835441E-06
  DP  1.314040E+02  2.889078E-06
  DP  1.332990E+02  3.041825E-06
  DP  1.352210E+02  3.491712E-06
  DP  1.371710E+02  3.623495E-06
  DP  1.391490E+02  3.158918E-06
  DP  1.411560E+02  3.119052E-06
  DP  1.431910E+02  3.138062E-06
  DP  1.452560E+02  3.084341E-06
  DP  1.473510E+02  3.078517E-06
  DP  1.494750E+02  3.188523E-06
  DP  1.516310E+02  3.218521E-06
  DP  1.538170E+02  3.247901E-06
  DP  1.560350E+02  3.249706E-06
  DP  1.582850E+02  3.339324E-06
  DP  1.605680E+02  3.299650E-06
  DP  1.628830E+02  3.423260E-06
  DP  1.652320E+02  3.520399E-06
  DP  1.676150E+02  3.740395E-06
  DP  1.700320E+02  4.136670E-06
  DP  1.724830E+02  4.245139E-06
  DP  1.749710E+02  4.320444E-06
  DP  1.774940E+02  4.297222E-06
  DP  1.800530E+02  4.239591E-06
  DP  1.826490E+02  4.270232E-06
  DP  1.852830E+02  4.236867E-06
  DP  1.879550E+02  4.312973E-06
  DP  1.906650E+02  4.403786E-06
  DP  1.934150E+02  4.735645E-06
  DP  1.962040E+02  5.283907E-06
  DP  1.990330E+02  5.459140E-06
  DP  2.019030E+02  5.402854E-06
  DP  2.048140E+02  5.508825E-06
  DP  2.077680E+02  5.565053E-06
  DP  2.107640E+02  5.688613E-06
  DP  2.138030E+02  5.841335E-06
  DP  2.168860E+02  5.795235E-06
  DP  2.200130E+02  5.720959E-06
  DP  2.231860E+02  5.663328E-06
  DP  2.264040E+02  5.655030E-06
  DP  2.296690E+02  5.533743E-06
  DP  2.329810E+02  5.473362E-06
  DP  2.363400E+02  5.421004E-06
  DP  2.397480E+02  5.354448E-06
  DP  2.432060E+02  5.222390E-06
  DP  2.467130E+02  5.139056E-06
  DP  2.502700E+02  5.062180E-06
  DP  2.538790E+02  4.977083E-06
  DP  2.575400E+02  4.911112E-06
  DP  2.612540E+02  4.842301E-06
  DP  2.650210E+02  4.697533E-06
  DP  2.688430E+02  4.639943E-06
  DP  2.727190E+02  4.553751E-06
  DP  2.766520E+02  4.449811E-06
  DP  2.806410E+02  4.425094E-06
  DP  2.846880E+02  4.316065E-06
  DP  2.887930E+02  4.264500E-06
  DP  2.929570E+02  4.243351E-06
  DP  2.971820E+02  4.151435E-06
  DP  3.014670E+02  4.112321E-06
  DP  3.058140E+02  4.043517E-06
  DP  3.102240E+02  3.987866E-06
  DP  3.146980E+02  3.912646E-06
  DP  3.192350E+02  3.893979E-06
  DP  3.238390E+02  3.814003E-06
  DP  3.285080E+02  3.776443E-06
  DP  3.332460E+02  3.739100E-06
  DP  3.380510E+02  3.725806E-06
  DP  3.429260E+02  3.643040E-06
  DP  3.478710E+02  3.632636E-06
  DP  3.528870E+02  3.566181E-06
  DP  3.579750E+02  3.569615E-06
  DP  3.631370E+02  3.544957E-06
  DP  3.683740E+02  3.491236E-06
  DP  3.736860E+02  3.470129E-06
  DP  3.790740E+02  3.439312E-06
  DP  3.845400E+02  3.396830E-06
  DP  3.900850E+02  3.369314E-06
  DP  3.957100E+02  3.344438E-06
  DP  4.014170E+02  3.347162E-06
  DP  4.072050E+02  3.305549E-06
  DP  4.130770E+02  3.293759E-06
  DP  4.190330E+02  3.238008E-06
  DP  4.250760E+02  3.241684E-06
  DP  4.312050E+02  3.243498E-06
  DP  4.374230E+02  3.193362E-06
  DP  4.437310E+02  3.211444E-06
  DP  4.501290E+02  3.214853E-06
  DP  4.566200E+02  3.188005E-06
  DP  4.632050E+02  3.205319E-06
  DP  4.698840E+02  3.168227E-06
  DP  4.766600E+02  3.147186E-06
  DP  4.835330E+02  3.155860E-06
  DP  4.905060E+02  3.602204E-06
  DP  4.975790E+02  1.550489E-05
  DP  5.047540E+02  4.540424E-05
  DP  5.120320E+02  5.394348E-05
  DP  5.194160E+02  1.815056E-05
  DP  5.269050E+02  2.344935E-06
  DP  5.345030E+02  2.023965E-06
  DP  5.422110E+02  2.013996E-06
  DP  5.500290E+02  2.018575E-06
  DP  5.579610E+02  1.985435E-06
  DP  5.660070E+02  1.963392E-06
  DP  5.741680E+02  1.980514E-06
  DP  5.824480E+02  1.977865E-06
  DP  5.908470E+02  1.964194E-06
  DP  5.993670E+02  1.930937E-06
  DP  6.080090E+02  1.954351E-06
  DP  6.167770E+02  1.958203E-06
  DP  6.256710E+02  1.947975E-06
  DP  6.346930E+02  1.933093E-06
  DP  6.438450E+02  1.918128E-06
  DP  6.531290E+02  1.929333E-06
  DP  6.625470E+02  1.929935E-06
  DP  6.721010E+02  1.909905E-06
  DP  6.817930E+02  1.914050E-06
  DP  6.916240E+02  1.918905E-06
  DP  7.015970E+02  1.927478E-06
  DP  7.117140E+02  1.964645E-06
  DP  7.219770E+02  2.072003E-06
  DP  7.323880E+02  2.145035E-06
  DP  7.429490E+02  2.027859E-06
  DP  7.536620E+02  1.911618E-06
  DP  7.645300E+02  1.963083E-06
  DP  7.755540E+02  2.150725E-06
  DP  7.867380E+02  2.215175E-06
  DP  7.980820E+02  2.078655E-06
  DP  8.095910E+02  2.107825E-06
  DP  8.212650E+02  1.371336E-05
  DP  8.331070E+02  6.214899E-05
  DP  8.451210E+02  9.265214E-05
  DP  8.573070E+02  4.615870E-05
  DP  8.696700E+02  3.158367E-06
  DP  8.822100E+02  7.409138E-07
  DP  8.949320E+02  7.302724E-07
  DP  9.078360E+02  7.419224E-07
  DP  9.209270E+02  7.359403E-07
  DP  9.342070E+02  7.328519E-07
  DP  9.476780E+02  8.738535E-07
  DP  9.613440E+02  1.479805E-06
  DP  9.752060E+02  1.865794E-06
  DP  9.892680E+02  1.339826E-06
  DP  1.003530E+03  1.562480E-06
  DP  1.018000E+03  6.701360E-06
  DP  1.032680E+03  1.128686E-05
  DP  1.047580E+03  7.523841E-06
  DP  1.062680E+03  1.264622E-06
  DP  1.078000E+03  6.018859E-07
  DP  1.093550E+03  6.005598E-07
  DP  1.109320E+03  6.238454E-07
  DP  1.125310E+03  6.938511E-07
  DP  1.141540E+03  1.000706E-06
  DP  1.158000E+03  1.794601E-06
  DP  1.174700E+03  2.098425E-06
  DP  1.191640E+03  2.287304E-06
  DP  1.208820E+03  1.729675E-05
  DP  1.226250E+03  4.112120E-05
  DP  1.243940E+03  3.745584E-05
  DP  1.261870E+03  7.647184E-06
  DP  1.280070E+03  2.236901E-07
  DP  1.298530E+03  1.625008E-07
  DP  1.317250E+03  4.605483E-07
  DP  1.336250E+03  1.827348E-06
  DP  1.355520E+03  2.746583E-06
  DP  1.375060E+03  1.521544E-06
  DP  1.394890E+03  2.406736E-07
  DP  1.415010E+03  1.997159E-07
  DP  1.435410E+03  2.498544E-07
  DP  1.456110E+03  2.084696E-07
  DP  1.477110E+03  1.438711E-07
  DP  1.498400E+03  1.324885E-07
  DP  1.520010E+03  1.318443E-07
  DP  1.541930E+03  1.309753E-07
  DP  1.564160E+03  1.303527E-07
  DP  1.586720E+03  1.345282E-07
  DP  1.609600E+03  1.315978E-07
  DP  1.632810E+03  1.361142E-07
  DP  1.656360E+03  1.347187E-07
  DP  1.680240E+03  1.370935E-07
  DP  1.704470E+03  3.023860E-07
  DP  1.729050E+03  2.933256E-06
  DP  1.753980E+03  7.137576E-06
  DP  1.779270E+03  6.740817E-06
  DP  1.804930E+03  1.719923E-06
  DP  1.830960E+03  2.100447E-07
  DP  1.857360E+03  8.566903E-08
  DP  1.884140E+03  8.028284E-08
  DP  1.911310E+03  1.591600E-07
  DP  1.938870E+03  3.703236E-07
  DP  1.966830E+03  1.135547E-06
  DP  1.995190E+03  3.311808E-06
  DP  2.023960E+03  4.483068E-06
  DP  2.053150E+03  2.388687E-06
  DP  2.082750E+03  2.600453E-07
  DP  2.112790E+03  4.764047E-08
  DP  2.143250E+03  6.208924E-08
  DP  2.174160E+03  1.355802E-07
  DP  2.205510E+03  1.774563E-07
  DP  2.237310E+03  1.140402E-07
  DP  2.269570E+03  4.921958E-08
  DP  2.302300E+03  4.350291E-08
  DP  2.335500E+03  4.296570E-08
  DP  2.369180E+03  4.474528E-08
  DP  2.403340E+03  4.429874E-08
  DP  2.438000E+03  4.428971E-08
  DP  2.473150E+03  4.678097E-08
  DP  2.508810E+03  4.307366E-07
  DP  2.544990E+03  3.170357E-06
  DP  2.581690E+03  5.595168E-06
  DP  2.618920E+03  3.776635E-06
  DP  2.656680E+03  4.503198E-07
  DP  2.694990E+03  1.819953E-08
  DP  2.733850E+03  1.593597E-08
  DP  2.773270E+03  1.587447E-08
  DP  2.813260E+03  1.615482E-08
  DP  2.853830E+03  1.688864E-08
  DP  2.894980E+03  2.338184E-08
  DP  2.936730E+03  1.301263E-07
  DP  2.979080E+03  2.885919E-07
  DP  3.022030E+03  2.615477E-07
  DP  3.065610E+03  7.286188E-08
  DP  3.109820E+03  1.976762E-07
  DP  3.154660E+03  1.024270E-06
  DP  3.200150E+03  2.526962E-06
  DP  3.246300E+03  2.793895E-06
  DP  3.293110E+03  1.310555E-06
  DP  3.340590E+03  1.344839E-07
  DP  3.388770E+03  1.470831E-07
  DP  3.437630E+03  2.213053E-07
  DP  3.487200E+03  1.244367E-07
  DP  3.537490E+03  9.956589E-09
  DP  3.588500E+03  3.696752E-11
  DP  3.640240E+03  6.306547E-13
  DP  3.692730E+03  2.218994E-14
  DP  3.745980E+03  0.000000E+00
  DP  3.800000E+03  0.000000E+00
  
 EN
