 # final1D_0_1p38_0p6_1p25_base/final1D_0_1p38_0p6_1p25_base_350_100/quickspec.dat                     
 #    1.0000000000000000      =Mpc
  DP  3.000000E+00  0.000000E+00
  DP  3.043260E+00  0.000000E+00
  DP  3.087140E+00  0.000000E+00
  DP  3.131660E+00  0.000000E+00
  DP  3.176820E+00  0.000000E+00
  DP  3.222630E+00  0.000000E+00
  DP  3.269100E+00  0.000000E+00
  DP  3.316240E+00  0.000000E+00
  DP  3.364060E+00  0.000000E+00
  DP  3.412570E+00  0.000000E+00
  DP  3.461780E+00  0.000000E+00
  DP  3.511690E+00  0.000000E+00
  DP  3.562330E+00  0.000000E+00
  DP  3.613700E+00  0.000000E+00
  DP  3.665810E+00  0.000000E+00
  DP  3.718670E+00  0.000000E+00
  DP  3.772290E+00  0.000000E+00
  DP  3.826690E+00  0.000000E+00
  DP  3.881870E+00  0.000000E+00
  DP  3.937850E+00  0.000000E+00
  DP  3.994630E+00  0.000000E+00
  DP  4.052230E+00  0.000000E+00
  DP  4.110660E+00  0.000000E+00
  DP  4.169940E+00  0.000000E+00
  DP  4.230070E+00  0.000000E+00
  DP  4.291070E+00  0.000000E+00
  DP  4.352940E+00  0.000000E+00
  DP  4.415710E+00  0.000000E+00
  DP  4.479390E+00  0.000000E+00
  DP  4.543980E+00  0.000000E+00
  DP  4.609500E+00  0.000000E+00
  DP  4.675970E+00  0.000000E+00
  DP  4.743400E+00  0.000000E+00
  DP  4.811800E+00  0.000000E+00
  DP  4.881180E+00  0.000000E+00
  DP  4.951570E+00  0.000000E+00
  DP  5.022970E+00  0.000000E+00
  DP  5.095400E+00  0.000000E+00
  DP  5.168880E+00  0.000000E+00
  DP  5.243410E+00  0.000000E+00
  DP  5.319020E+00  0.000000E+00
  DP  5.395720E+00  0.000000E+00
  DP  5.473530E+00  0.000000E+00
  DP  5.552450E+00  0.000000E+00
  DP  5.632520E+00  0.000000E+00
  DP  5.713740E+00  0.000000E+00
  DP  5.796130E+00  0.000000E+00
  DP  5.879710E+00  0.000000E+00
  DP  5.964500E+00  1.344956E-10
  DP  6.050500E+00  9.543970E-11
  DP  6.137750E+00  8.879250E-10
  DP  6.226260E+00  3.965305E-09
  DP  6.316040E+00  2.333705E-08
  DP  6.407120E+00  8.938745E-08
  DP  6.499510E+00  2.876109E-07
  DP  6.593230E+00  2.677688E-07
  DP  6.688300E+00  1.250107E-08
  DP  6.784750E+00  7.849808E-10
  DP  6.882580E+00  1.112568E-09
  DP  6.981830E+00  7.804443E-09
  DP  7.082500E+00  2.154310E-08
  DP  7.184630E+00  7.662759E-08
  DP  7.288240E+00  3.845555E-08
  DP  7.393330E+00  1.012154E-09
  DP  7.499940E+00  4.877262E-11
  DP  7.608090E+00  0.000000E+00
  DP  7.717800E+00  0.000000E+00
  DP  7.829090E+00  0.000000E+00
  DP  7.941980E+00  0.000000E+00
  DP  8.056510E+00  0.000000E+00
  DP  8.172680E+00  0.000000E+00
  DP  8.290530E+00  0.000000E+00
  DP  8.410080E+00  0.000000E+00
  DP  8.531350E+00  0.000000E+00
  DP  8.654370E+00  0.000000E+00
  DP  8.779170E+00  0.000000E+00
  DP  8.905760E+00  0.000000E+00
  DP  9.034180E+00  0.000000E+00
  DP  9.164450E+00  0.000000E+00
  DP  9.296600E+00  0.000000E+00
  DP  9.430660E+00  0.000000E+00
  DP  9.566650E+00  0.000000E+00
  DP  9.704600E+00  0.000000E+00
  DP  9.844540E+00  0.000000E+00
  DP  9.986500E+00  0.000000E+00
  DP  1.013050E+01  0.000000E+00
  DP  1.027660E+01  0.000000E+00
  DP  1.042480E+01  0.000000E+00
  DP  1.057510E+01  0.000000E+00
  DP  1.072760E+01  0.000000E+00
  DP  1.088230E+01  0.000000E+00
  DP  1.103920E+01  0.000000E+00
  DP  1.119840E+01  0.000000E+00
  DP  1.135990E+01  0.000000E+00
  DP  1.152370E+01  0.000000E+00
  DP  1.168980E+01  0.000000E+00
  DP  1.185840E+01  0.000000E+00
  DP  1.202940E+01  0.000000E+00
  DP  1.220290E+01  0.000000E+00
  DP  1.237880E+01  0.000000E+00
  DP  1.255730E+01  0.000000E+00
  DP  1.273840E+01  0.000000E+00
  DP  1.292210E+01  3.469728E-10
  DP  1.310840E+01  1.026409E-09
  DP  1.329740E+01  3.467572E-10
  DP  1.348920E+01  1.725321E-09
  DP  1.368370E+01  2.123075E-09
  DP  1.388100E+01  5.268515E-09
  DP  1.408120E+01  3.966291E-08
  DP  1.428420E+01  2.539287E-07
  DP  1.449020E+01  9.499265E-07
  DP  1.469920E+01  1.063000E-06
  DP  1.491110E+01  2.460566E-08
  DP  1.512610E+01  2.595832E-10
  DP  1.534430E+01  1.453969E-11
  DP  1.556550E+01  0.000000E+00
  DP  1.579000E+01  0.000000E+00
  DP  1.601770E+01  0.000000E+00
  DP  1.624860E+01  0.000000E+00
  DP  1.648290E+01  0.000000E+00
  DP  1.672060E+01  0.000000E+00
  DP  1.696170E+01  0.000000E+00
  DP  1.720630E+01  0.000000E+00
  DP  1.745440E+01  0.000000E+00
  DP  1.770610E+01  0.000000E+00
  DP  1.796140E+01  0.000000E+00
  DP  1.822040E+01  0.000000E+00
  DP  1.848320E+01  0.000000E+00
  DP  1.874970E+01  0.000000E+00
  DP  1.902010E+01  0.000000E+00
  DP  1.929430E+01  0.000000E+00
  DP  1.957260E+01  0.000000E+00
  DP  1.985480E+01  0.000000E+00
  DP  2.014110E+01  0.000000E+00
  DP  2.043150E+01  0.000000E+00
  DP  2.072620E+01  0.000000E+00
  DP  2.102500E+01  0.000000E+00
  DP  2.132820E+01  0.000000E+00
  DP  2.163580E+01  0.000000E+00
  DP  2.194770E+01  0.000000E+00
  DP  2.226420E+01  0.000000E+00
  DP  2.258530E+01  0.000000E+00
  DP  2.291100E+01  0.000000E+00
  DP  2.324130E+01  0.000000E+00
  DP  2.357650E+01  0.000000E+00
  DP  2.391640E+01  0.000000E+00
  DP  2.426130E+01  0.000000E+00
  DP  2.461120E+01  0.000000E+00
  DP  2.496600E+01  0.000000E+00
  DP  2.532610E+01  0.000000E+00
  DP  2.569130E+01  0.000000E+00
  DP  2.606170E+01  0.000000E+00
  DP  2.643750E+01  0.000000E+00
  DP  2.681880E+01  0.000000E+00
  DP  2.720550E+01  0.000000E+00
  DP  2.759780E+01  0.000000E+00
  DP  2.799570E+01  0.000000E+00
  DP  2.839940E+01  0.000000E+00
  DP  2.880890E+01  0.000000E+00
  DP  2.922440E+01  0.000000E+00
  DP  2.964580E+01  0.000000E+00
  DP  3.007330E+01  0.000000E+00
  DP  3.050690E+01  0.000000E+00
  DP  3.094680E+01  0.000000E+00
  DP  3.139310E+01  0.000000E+00
  DP  3.184580E+01  0.000000E+00
  DP  3.230500E+01  0.000000E+00
  DP  3.277080E+01  0.000000E+00
  DP  3.324340E+01  0.000000E+00
  DP  3.372270E+01  0.000000E+00
  DP  3.420900E+01  0.000000E+00
  DP  3.470230E+01  0.000000E+00
  DP  3.520270E+01  0.000000E+00
  DP  3.571030E+01  0.000000E+00
  DP  3.622530E+01  0.000000E+00
  DP  3.674760E+01  0.000000E+00
  DP  3.727750E+01  0.000000E+00
  DP  3.781510E+01  0.000000E+00
  DP  3.836040E+01  0.000000E+00
  DP  3.891350E+01  0.000000E+00
  DP  3.947460E+01  0.000000E+00
  DP  4.004390E+01  0.000000E+00
  DP  4.062130E+01  0.000000E+00
  DP  4.120700E+01  0.000000E+00
  DP  4.180120E+01  0.000000E+00
  DP  4.240400E+01  0.000000E+00
  DP  4.301550E+01  0.000000E+00
  DP  4.363570E+01  0.000000E+00
  DP  4.426500E+01  0.000000E+00
  DP  4.490330E+01  0.000000E+00
  DP  4.555080E+01  0.000000E+00
  DP  4.620760E+01  0.000000E+00
  DP  4.687390E+01  0.000000E+00
  DP  4.754980E+01  0.000000E+00
  DP  4.823550E+01  0.000000E+00
  DP  4.893100E+01  1.832629E-10
  DP  4.963660E+01  9.032834E-11
  DP  5.035240E+01  8.904485E-11
  DP  5.107850E+01  3.511157E-10
  DP  5.181500E+01  8.653137E-11
  DP  5.256220E+01  1.706019E-10
  DP  5.332010E+01  5.045318E-10
  DP  5.408900E+01  6.631462E-10
  DP  5.486890E+01  4.902898E-10
  DP  5.566010E+01  8.860867E-10
  DP  5.646280E+01  3.970419E-10
  DP  5.727690E+01  4.696773E-10
  DP  5.810290E+01  6.945012E-10
  DP  5.894070E+01  8.367696E-10
  DP  5.979060E+01  8.998658E-10
  DP  6.065280E+01  1.256684E-09
  DP  6.152740E+01  1.093073E-09
  DP  6.241460E+01  1.867733E-09
  DP  6.331460E+01  2.832591E-09
  DP  6.422760E+01  3.351206E-09
  DP  6.515380E+01  4.683403E-09
  DP  6.609330E+01  8.683219E-09
  DP  6.704640E+01  1.585542E-08
  DP  6.801320E+01  2.165031E-08
  DP  6.899390E+01  1.085260E-08
  DP  6.998880E+01  5.896218E-09
  DP  7.099800E+01  5.620603E-09
  DP  7.202180E+01  5.478309E-09
  DP  7.306040E+01  5.768647E-09
  DP  7.411390E+01  7.017567E-09
  DP  7.518260E+01  5.904081E-09
  DP  7.626670E+01  1.038876E-08
  DP  7.736650E+01  2.175492E-08
  DP  7.848210E+01  2.869742E-08
  DP  7.961380E+01  2.411374E-08
  DP  8.076180E+01  3.125603E-08
  DP  8.192640E+01  5.210048E-08
  DP  8.310780E+01  6.268962E-08
  DP  8.430620E+01  6.013202E-08
  DP  8.552190E+01  5.536250E-08
  DP  8.675510E+01  5.469260E-08
  DP  8.800610E+01  5.672820E-08
  DP  8.927510E+01  5.283439E-08
  DP  9.056250E+01  5.153862E-08
  DP  9.186840E+01  5.085452E-08
  DP  9.319310E+01  5.037238E-08
  DP  9.453690E+01  4.899222E-08
  DP  9.590010E+01  4.657842E-08
  DP  9.728300E+01  4.576572E-08
  DP  9.868580E+01  4.747886E-08
  DP  1.001090E+02  4.597027E-08
  DP  1.015520E+02  5.073344E-08
  DP  1.030170E+02  5.370057E-08
  DP  1.045020E+02  5.397390E-08
  DP  1.060090E+02  5.424547E-08
  DP  1.075380E+02  5.755110E-08
  DP  1.090890E+02  6.118119E-08
  DP  1.106620E+02  6.730856E-08
  DP  1.122570E+02  7.317188E-08
  DP  1.138760E+02  7.552485E-08
  DP  1.155180E+02  7.568905E-08
  DP  1.171840E+02  1.568446E-07
  DP  1.188740E+02  1.746671E-06
  DP  1.205880E+02  4.737057E-06
  DP  1.223270E+02  4.726411E-06
  DP  1.240910E+02  1.352995E-06
  DP  1.258800E+02  4.820157E-08
  DP  1.276950E+02  2.411499E-08
  DP  1.295370E+02  2.470977E-08
  DP  1.314040E+02  4.605676E-08
  DP  1.332990E+02  2.978111E-07
  DP  1.352210E+02  5.834617E-07
  DP  1.371710E+02  4.784444E-07
  DP  1.391490E+02  1.072952E-07
  DP  1.411560E+02  2.075037E-08
  DP  1.431910E+02  1.973269E-08
  DP  1.452560E+02  1.830440E-08
  DP  1.473510E+02  2.114769E-08
  DP  1.494750E+02  2.051707E-08
  DP  1.516310E+02  2.164471E-08
  DP  1.538170E+02  2.151369E-08
  DP  1.560350E+02  2.270450E-08
  DP  1.582850E+02  2.450213E-08
  DP  1.605680E+02  2.320661E-08
  DP  1.628830E+02  2.815854E-08
  DP  1.652320E+02  3.237239E-08
  DP  1.676150E+02  5.220334E-08
  DP  1.700320E+02  6.889612E-08
  DP  1.724830E+02  7.316436E-08
  DP  1.749710E+02  7.377418E-08
  DP  1.774940E+02  7.520114E-08
  DP  1.800530E+02  7.033394E-08
  DP  1.826490E+02  7.055052E-08
  DP  1.852830E+02  7.101102E-08
  DP  1.879550E+02  6.979698E-08
  DP  1.906650E+02  7.896560E-08
  DP  1.934150E+02  1.033085E-07
  DP  1.962040E+02  1.277047E-07
  DP  1.990330E+02  1.341113E-07
  DP  2.019030E+02  1.359512E-07
  DP  2.048140E+02  1.404242E-07
  DP  2.077680E+02  1.450317E-07
  DP  2.107640E+02  1.544681E-07
  DP  2.138030E+02  1.601477E-07
  DP  2.168860E+02  1.550054E-07
  DP  2.200130E+02  1.542325E-07
  DP  2.231860E+02  1.548809E-07
  DP  2.264040E+02  1.556881E-07
  DP  2.296690E+02  1.485897E-07
  DP  2.329810E+02  1.499877E-07
  DP  2.363400E+02  1.451579E-07
  DP  2.397480E+02  1.453701E-07
  DP  2.432060E+02  1.424012E-07
  DP  2.467130E+02  1.384522E-07
  DP  2.502700E+02  1.346602E-07
  DP  2.538790E+02  1.351173E-07
  DP  2.575400E+02  1.295882E-07
  DP  2.612540E+02  1.301020E-07
  DP  2.650210E+02  1.231081E-07
  DP  2.688430E+02  1.262023E-07
  DP  2.727190E+02  1.197933E-07
  DP  2.766520E+02  1.185950E-07
  DP  2.806410E+02  1.167116E-07
  DP  2.846880E+02  1.137870E-07
  DP  2.887930E+02  1.150863E-07
  DP  2.929570E+02  1.136165E-07
  DP  2.971820E+02  1.128185E-07
  DP  3.014670E+02  1.096833E-07
  DP  3.058140E+02  1.037305E-07
  DP  3.102240E+02  1.074122E-07
  DP  3.146980E+02  1.044600E-07
  DP  3.192350E+02  1.018738E-07
  DP  3.238390E+02  1.016724E-07
  DP  3.285080E+02  1.011627E-07
  DP  3.332460E+02  1.005853E-07
  DP  3.380510E+02  9.945643E-08
  DP  3.429260E+02  9.852724E-08
  DP  3.478710E+02  9.854061E-08
  DP  3.528870E+02  9.534193E-08
  DP  3.579750E+02  9.707747E-08
  DP  3.631370E+02  9.664881E-08
  DP  3.683740E+02  9.584580E-08
  DP  3.736860E+02  9.172880E-08
  DP  3.790740E+02  9.413533E-08
  DP  3.845400E+02  9.434757E-08
  DP  3.900850E+02  9.205134E-08
  DP  3.957100E+02  9.389551E-08
  DP  4.014170E+02  9.226024E-08
  DP  4.072050E+02  9.348440E-08
  DP  4.130770E+02  9.233127E-08
  DP  4.190330E+02  9.159093E-08
  DP  4.250760E+02  9.121407E-08
  DP  4.312050E+02  9.059239E-08
  DP  4.374230E+02  9.194856E-08
  DP  4.437310E+02  9.207056E-08
  DP  4.501290E+02  9.078708E-08
  DP  4.566200E+02  9.216081E-08
  DP  4.632050E+02  9.192099E-08
  DP  4.698840E+02  9.263710E-08
  DP  4.766600E+02  9.327382E-08
  DP  4.835330E+02  9.203714E-08
  DP  4.905060E+02  2.591011E-07
  DP  4.975790E+02  3.673121E-06
  DP  5.047540E+02  9.274573E-06
  DP  5.120320E+02  8.597319E-06
  DP  5.194160E+02  2.362023E-06
  DP  5.269050E+02  9.403923E-08
  DP  5.345030E+02  5.565462E-08
  DP  5.422110E+02  5.462834E-08
  DP  5.500290E+02  5.443222E-08
  DP  5.579610E+02  5.338296E-08
  DP  5.660070E+02  5.366464E-08
  DP  5.741680E+02  5.415581E-08
  DP  5.824480E+02  5.291678E-08
  DP  5.908470E+02  5.443164E-08
  DP  5.993670E+02  5.265699E-08
  DP  6.080090E+02  5.259524E-08
  DP  6.167770E+02  5.442370E-08
  DP  6.256710E+02  5.476797E-08
  DP  6.346930E+02  5.307128E-08
  DP  6.438450E+02  5.497319E-08
  DP  6.531290E+02  5.351473E-08
  DP  6.625470E+02  5.498597E-08
  DP  6.721010E+02  5.561084E-08
  DP  6.817930E+02  5.587714E-08
  DP  6.916240E+02  5.494912E-08
  DP  7.015970E+02  5.513939E-08
  DP  7.117140E+02  6.244003E-08
  DP  7.219770E+02  8.625228E-08
  DP  7.323880E+02  9.330224E-08
  DP  7.429490E+02  7.223459E-08
  DP  7.536620E+02  5.671734E-08
  DP  7.645300E+02  6.752758E-08
  DP  7.755540E+02  9.939543E-08
  DP  7.867380E+02  1.043413E-07
  DP  7.980820E+02  7.725630E-08
  DP  8.095910E+02  1.086706E-07
  DP  8.212650E+02  3.256608E-06
  DP  8.331070E+02  1.288311E-05
  DP  8.451210E+02  1.533986E-05
  DP  8.573070E+02  6.597821E-06
  DP  8.696700E+02  3.504338E-07
  DP  8.822100E+02  2.112430E-08
  DP  8.949320E+02  2.021709E-08
  DP  9.078360E+02  1.960451E-08
  DP  9.209270E+02  2.012450E-08
  DP  9.342070E+02  2.145611E-08
  DP  9.476780E+02  5.685546E-08
  DP  9.613440E+02  1.748718E-07
  DP  9.752060E+02  2.140681E-07
  DP  9.892680E+02  1.090926E-07
  DP  1.003530E+03  2.409452E-07
  DP  1.018000E+03  1.293559E-06
  DP  1.032680E+03  1.842648E-06
  DP  1.047580E+03  1.030545E-06
  DP  1.062680E+03  1.083999E-07
  DP  1.078000E+03  1.646215E-08
  DP  1.093550E+03  1.689499E-08
  DP  1.109320E+03  2.289176E-08
  DP  1.125310E+03  3.452306E-08
  DP  1.141540E+03  1.033879E-07
  DP  1.158000E+03  2.464033E-07
  DP  1.174700E+03  2.534249E-07
  DP  1.191640E+03  4.020680E-07
  DP  1.208820E+03  3.711559E-06
  DP  1.226250E+03  7.281717E-06
  DP  1.243940E+03  5.581004E-06
  DP  1.261870E+03  1.041266E-06
  DP  1.280070E+03  1.345316E-08
  DP  1.298530E+03  5.070511E-09
  DP  1.317250E+03  7.729306E-08
  DP  1.336250E+03  3.347053E-07
  DP  1.355520E+03  4.222762E-07
  DP  1.375060E+03  2.006350E-07
  DP  1.394890E+03  1.788643E-08
  DP  1.415010E+03  1.671367E-08
  DP  1.435410E+03  2.211640E-08
  DP  1.456110E+03  1.371971E-08
  DP  1.477110E+03  4.244404E-09
  DP  1.498400E+03  3.376600E-09
  DP  1.520010E+03  3.430588E-09
  DP  1.541930E+03  3.201367E-09
  DP  1.564160E+03  3.336734E-09
  DP  1.586720E+03  3.396513E-09
  DP  1.609600E+03  3.245227E-09
  DP  1.632810E+03  3.640140E-09
  DP  1.656360E+03  3.316713E-09
  DP  1.680240E+03  3.618381E-09
  DP  1.704470E+03  4.539529E-08
  DP  1.729050E+03  5.831183E-07
  DP  1.753980E+03  1.208937E-06
  DP  1.779270E+03  9.870606E-07
  DP  1.804930E+03  2.319675E-07
  DP  1.830960E+03  2.043677E-08
  DP  1.857360E+03  2.850590E-09
  DP  1.884140E+03  2.597195E-09
  DP  1.911310E+03  1.949580E-08
  DP  1.938870E+03  5.694721E-08
  DP  1.966830E+03  2.078580E-07
  DP  1.995190E+03  5.881954E-07
  DP  2.023960E+03  6.939698E-07
  DP  2.053150E+03  3.330066E-07
  DP  2.082750E+03  3.050273E-08
  DP  2.112790E+03  1.283356E-09
  DP  2.143250E+03  4.745981E-09
  DP  2.174160E+03  1.753824E-08
  DP  2.205510E+03  2.157836E-08
  DP  2.237310E+03  1.082444E-08
  DP  2.269570E+03  1.653443E-09
  DP  2.302300E+03  1.037907E-09
  DP  2.335500E+03  1.021437E-09
  DP  2.369180E+03  1.021939E-09
  DP  2.403340E+03  1.052513E-09
  DP  2.438000E+03  1.098429E-09
  DP  2.473150E+03  1.505709E-09
  DP  2.508810E+03  8.424099E-08
  DP  2.544990E+03  5.805572E-07
  DP  2.581690E+03  8.824351E-07
  DP  2.618920E+03  5.333157E-07
  DP  2.656680E+03  5.985176E-08
  DP  2.694990E+03  5.959991E-10
  DP  2.733850E+03  4.006676E-10
  DP  2.773270E+03  3.574921E-10
  DP  2.813260E+03  3.794617E-10
  DP  2.853830E+03  3.924971E-10
  DP  2.894980E+03  1.934489E-09
  DP  2.936730E+03  2.181525E-08
  DP  2.979080E+03  4.469556E-08
  DP  3.022030E+03  3.578364E-08
  DP  3.065610E+03  8.701017E-09
  DP  3.109820E+03  3.658381E-08
  DP  3.154660E+03  1.823613E-07
  DP  3.200150E+03  4.189906E-07
  DP  3.246300E+03  4.208465E-07
  DP  3.293110E+03  1.834091E-07
  DP  3.340590E+03  1.956849E-08
  DP  3.388770E+03  2.577466E-08
  DP  3.437630E+03  3.379333E-08
  DP  3.487200E+03  1.698014E-08
  DP  3.537490E+03  1.275058E-09
  DP  3.588500E+03  1.338138E-12
  DP  3.640240E+03  1.326364E-13
  DP  3.692730E+03  4.053754E-15
  DP  3.745980E+03  0.000000E+00
  DP  3.800000E+03  0.000000E+00
  
 EN
