 # final1D_0_1p38_0p6_1p25_base/final1D_0_1p38_0p6_1p25_base_400_100/quickspec.dat                     
 #    1.0000000000000000      =Mpc
  DP  3.000000E+00  2.906124E-09
  DP  3.043260E+00  0.000000E+00
  DP  3.087140E+00  0.000000E+00
  DP  3.131660E+00  0.000000E+00
  DP  3.176820E+00  0.000000E+00
  DP  3.222630E+00  0.000000E+00
  DP  3.269100E+00  0.000000E+00
  DP  3.316240E+00  0.000000E+00
  DP  3.364060E+00  0.000000E+00
  DP  3.412570E+00  0.000000E+00
  DP  3.461780E+00  0.000000E+00
  DP  3.511690E+00  0.000000E+00
  DP  3.562330E+00  0.000000E+00
  DP  3.613700E+00  0.000000E+00
  DP  3.665810E+00  0.000000E+00
  DP  3.718670E+00  0.000000E+00
  DP  3.772290E+00  0.000000E+00
  DP  3.826690E+00  0.000000E+00
  DP  3.881870E+00  0.000000E+00
  DP  3.937850E+00  0.000000E+00
  DP  3.994630E+00  0.000000E+00
  DP  4.052230E+00  0.000000E+00
  DP  4.110660E+00  0.000000E+00
  DP  4.169940E+00  0.000000E+00
  DP  4.230070E+00  0.000000E+00
  DP  4.291070E+00  0.000000E+00
  DP  4.352940E+00  0.000000E+00
  DP  4.415710E+00  0.000000E+00
  DP  4.479390E+00  0.000000E+00
  DP  4.543980E+00  0.000000E+00
  DP  4.609500E+00  0.000000E+00
  DP  4.675970E+00  0.000000E+00
  DP  4.743400E+00  0.000000E+00
  DP  4.811800E+00  0.000000E+00
  DP  4.881180E+00  0.000000E+00
  DP  4.951570E+00  0.000000E+00
  DP  5.022970E+00  0.000000E+00
  DP  5.095400E+00  0.000000E+00
  DP  5.168880E+00  0.000000E+00
  DP  5.243410E+00  0.000000E+00
  DP  5.319020E+00  0.000000E+00
  DP  5.395720E+00  0.000000E+00
  DP  5.473530E+00  0.000000E+00
  DP  5.552450E+00  0.000000E+00
  DP  5.632520E+00  0.000000E+00
  DP  5.713740E+00  0.000000E+00
  DP  5.796130E+00  4.184642E-13
  DP  5.879710E+00  0.000000E+00
  DP  5.964500E+00  0.000000E+00
  DP  6.050500E+00  8.852762E-11
  DP  6.137750E+00  7.591691E-10
  DP  6.226260E+00  3.979435E-09
  DP  6.316040E+00  2.652887E-08
  DP  6.407120E+00  1.069743E-07
  DP  6.499510E+00  3.099707E-07
  DP  6.593230E+00  2.492001E-07
  DP  6.688300E+00  8.163760E-09
  DP  6.784750E+00  6.732720E-10
  DP  6.882580E+00  1.174135E-09
  DP  6.981830E+00  7.768320E-09
  DP  7.082500E+00  2.888702E-08
  DP  7.184630E+00  1.009555E-07
  DP  7.288240E+00  2.951882E-08
  DP  7.393330E+00  4.870878E-10
  DP  7.499940E+00  2.895896E-11
  DP  7.608090E+00  0.000000E+00
  DP  7.717800E+00  0.000000E+00
  DP  7.829090E+00  0.000000E+00
  DP  7.941980E+00  0.000000E+00
  DP  8.056510E+00  0.000000E+00
  DP  8.172680E+00  0.000000E+00
  DP  8.290530E+00  0.000000E+00
  DP  8.410080E+00  0.000000E+00
  DP  8.531350E+00  0.000000E+00
  DP  8.654370E+00  0.000000E+00
  DP  8.779170E+00  0.000000E+00
  DP  8.905760E+00  0.000000E+00
  DP  9.034180E+00  0.000000E+00
  DP  9.164450E+00  0.000000E+00
  DP  9.296600E+00  0.000000E+00
  DP  9.430660E+00  0.000000E+00
  DP  9.566650E+00  0.000000E+00
  DP  9.704600E+00  0.000000E+00
  DP  9.844540E+00  0.000000E+00
  DP  9.986500E+00  0.000000E+00
  DP  1.013050E+01  0.000000E+00
  DP  1.027660E+01  0.000000E+00
  DP  1.042480E+01  0.000000E+00
  DP  1.057510E+01  0.000000E+00
  DP  1.072760E+01  0.000000E+00
  DP  1.088230E+01  0.000000E+00
  DP  1.103920E+01  0.000000E+00
  DP  1.119840E+01  0.000000E+00
  DP  1.135990E+01  0.000000E+00
  DP  1.152370E+01  0.000000E+00
  DP  1.168980E+01  0.000000E+00
  DP  1.185840E+01  0.000000E+00
  DP  1.202940E+01  0.000000E+00
  DP  1.220290E+01  0.000000E+00
  DP  1.237880E+01  0.000000E+00
  DP  1.255730E+01  2.314285E-10
  DP  1.273840E+01  0.000000E+00
  DP  1.292210E+01  2.081212E-12
  DP  1.310840E+01  1.578189E-09
  DP  1.329740E+01  1.177619E-09
  DP  1.348920E+01  1.091369E-09
  DP  1.368370E+01  2.056002E-09
  DP  1.388100E+01  5.222741E-09
  DP  1.408120E+01  4.473609E-08
  DP  1.428420E+01  3.819852E-07
  DP  1.449020E+01  1.285453E-06
  DP  1.469920E+01  1.206431E-06
  DP  1.491110E+01  1.999883E-08
  DP  1.512610E+01  2.865598E-10
  DP  1.534430E+01  1.386302E-11
  DP  1.556550E+01  0.000000E+00
  DP  1.579000E+01  0.000000E+00
  DP  1.601770E+01  0.000000E+00
  DP  1.624860E+01  0.000000E+00
  DP  1.648290E+01  0.000000E+00
  DP  1.672060E+01  0.000000E+00
  DP  1.696170E+01  0.000000E+00
  DP  1.720630E+01  0.000000E+00
  DP  1.745440E+01  0.000000E+00
  DP  1.770610E+01  0.000000E+00
  DP  1.796140E+01  0.000000E+00
  DP  1.822040E+01  0.000000E+00
  DP  1.848320E+01  0.000000E+00
  DP  1.874970E+01  0.000000E+00
  DP  1.902010E+01  0.000000E+00
  DP  1.929430E+01  0.000000E+00
  DP  1.957260E+01  0.000000E+00
  DP  1.985480E+01  0.000000E+00
  DP  2.014110E+01  0.000000E+00
  DP  2.043150E+01  0.000000E+00
  DP  2.072620E+01  0.000000E+00
  DP  2.102500E+01  0.000000E+00
  DP  2.132820E+01  0.000000E+00
  DP  2.163580E+01  0.000000E+00
  DP  2.194770E+01  0.000000E+00
  DP  2.226420E+01  0.000000E+00
  DP  2.258530E+01  0.000000E+00
  DP  2.291100E+01  0.000000E+00
  DP  2.324130E+01  0.000000E+00
  DP  2.357650E+01  0.000000E+00
  DP  2.391640E+01  0.000000E+00
  DP  2.426130E+01  0.000000E+00
  DP  2.461120E+01  0.000000E+00
  DP  2.496600E+01  0.000000E+00
  DP  2.532610E+01  0.000000E+00
  DP  2.569130E+01  0.000000E+00
  DP  2.606170E+01  0.000000E+00
  DP  2.643750E+01  0.000000E+00
  DP  2.681880E+01  0.000000E+00
  DP  2.720550E+01  0.000000E+00
  DP  2.759780E+01  0.000000E+00
  DP  2.799570E+01  0.000000E+00
  DP  2.839940E+01  0.000000E+00
  DP  2.880890E+01  0.000000E+00
  DP  2.922440E+01  0.000000E+00
  DP  2.964580E+01  0.000000E+00
  DP  3.007330E+01  0.000000E+00
  DP  3.050690E+01  0.000000E+00
  DP  3.094680E+01  0.000000E+00
  DP  3.139310E+01  0.000000E+00
  DP  3.184580E+01  0.000000E+00
  DP  3.230500E+01  0.000000E+00
  DP  3.277080E+01  0.000000E+00
  DP  3.324340E+01  0.000000E+00
  DP  3.372270E+01  0.000000E+00
  DP  3.420900E+01  0.000000E+00
  DP  3.470230E+01  0.000000E+00
  DP  3.520270E+01  0.000000E+00
  DP  3.571030E+01  0.000000E+00
  DP  3.622530E+01  0.000000E+00
  DP  3.674760E+01  0.000000E+00
  DP  3.727750E+01  0.000000E+00
  DP  3.781510E+01  0.000000E+00
  DP  3.836040E+01  0.000000E+00
  DP  3.891350E+01  0.000000E+00
  DP  3.947460E+01  0.000000E+00
  DP  4.004390E+01  0.000000E+00
  DP  4.062130E+01  0.000000E+00
  DP  4.120700E+01  0.000000E+00
  DP  4.180120E+01  0.000000E+00
  DP  4.240400E+01  0.000000E+00
  DP  4.301550E+01  0.000000E+00
  DP  4.363570E+01  6.659973E-11
  DP  4.426500E+01  6.565299E-11
  DP  4.490330E+01  0.000000E+00
  DP  4.555080E+01  0.000000E+00
  DP  4.620760E+01  6.289284E-11
  DP  4.687390E+01  0.000000E+00
  DP  4.754980E+01  0.000000E+00
  DP  4.823550E+01  6.024875E-11
  DP  4.893100E+01  0.000000E+00
  DP  4.963660E+01  5.854805E-11
  DP  5.035240E+01  0.000000E+00
  DP  5.107850E+01  1.137903E-10
  DP  5.181500E+01  0.000000E+00
  DP  5.256220E+01  1.658682E-10
  DP  5.332010E+01  2.180138E-10
  DP  5.408900E+01  2.686428E-10
  DP  5.486890E+01  2.118596E-10
  DP  5.566010E+01  2.610598E-10
  DP  5.646280E+01  3.602889E-10
  DP  5.727690E+01  3.044291E-10
  DP  5.810290E+01  3.001015E-10
  DP  5.894070E+01  6.409769E-10
  DP  5.979060E+01  5.346560E-10
  DP  6.065280E+01  5.749695E-10
  DP  6.152740E+01  7.557290E-10
  DP  6.241460E+01  1.350287E-09
  DP  6.331460E+01  1.468834E-09
  DP  6.422760E+01  1.991134E-09
  DP  6.515380E+01  2.024842E-09
  DP  6.609330E+01  7.782943E-09
  DP  6.704640E+01  1.784816E-08
  DP  6.801320E+01  2.077034E-08
  DP  6.899390E+01  7.750355E-09
  DP  6.998880E+01  3.092931E-09
  DP  7.099800E+01  3.033194E-09
  DP  7.202180E+01  2.864988E-09
  DP  7.306040E+01  3.858374E-09
  DP  7.411390E+01  4.156641E-09
  DP  7.518260E+01  4.020187E-09
  DP  7.626670E+01  9.085393E-09
  DP  7.736650E+01  1.938257E-08
  DP  7.848210E+01  2.510576E-08
  DP  7.961380E+01  1.864140E-08
  DP  8.076180E+01  2.346155E-08
  DP  8.192640E+01  3.712612E-08
  DP  8.310780E+01  4.589523E-08
  DP  8.430620E+01  4.267207E-08
  DP  8.552190E+01  3.924678E-08
  DP  8.675510E+01  3.889132E-08
  DP  8.800610E+01  3.861841E-08
  DP  8.927510E+01  4.025427E-08
  DP  9.056250E+01  3.755202E-08
  DP  9.186840E+01  3.407359E-08
  DP  9.319310E+01  3.363490E-08
  DP  9.453690E+01  3.353805E-08
  DP  9.590010E+01  3.063710E-08
  DP  9.728300E+01  3.283030E-08
  DP  9.868580E+01  3.358852E-08
  DP  1.001090E+02  3.251344E-08
  DP  1.015520E+02  3.342474E-08
  DP  1.030170E+02  3.551667E-08
  DP  1.045020E+02  3.751559E-08
  DP  1.060090E+02  3.915437E-08
  DP  1.075380E+02  4.026613E-08
  DP  1.090890E+02  4.211799E-08
  DP  1.106620E+02  4.572109E-08
  DP  1.122570E+02  4.672724E-08
  DP  1.138760E+02  4.891133E-08
  DP  1.155180E+02  5.213140E-08
  DP  1.171840E+02  1.211712E-07
  DP  1.188740E+02  1.637893E-06
  DP  1.205880E+02  4.331323E-06
  DP  1.223270E+02  4.210153E-06
  DP  1.240910E+02  1.205770E-06
  DP  1.258800E+02  3.193420E-08
  DP  1.276950E+02  1.142984E-08
  DP  1.295370E+02  1.192033E-08
  DP  1.314040E+02  3.198960E-08
  DP  1.332990E+02  2.646570E-07
  DP  1.352210E+02  5.330592E-07
  DP  1.371710E+02  4.217414E-07
  DP  1.391490E+02  8.449000E-08
  DP  1.411560E+02  7.923140E-09
  DP  1.431910E+02  8.105000E-09
  DP  1.452560E+02  7.482788E-09
  DP  1.473510E+02  8.880337E-09
  DP  1.494750E+02  7.679663E-09
  DP  1.516310E+02  8.298793E-09
  DP  1.538170E+02  8.350867E-09
  DP  1.560350E+02  8.567404E-09
  DP  1.582850E+02  8.777892E-09
  DP  1.605680E+02  9.357213E-09
  DP  1.628830E+02  1.095513E-08
  DP  1.652320E+02  1.489732E-08
  DP  1.676150E+02  2.308378E-08
  DP  1.700320E+02  3.208469E-08
  DP  1.724830E+02  3.518092E-08
  DP  1.749710E+02  3.443122E-08
  DP  1.774940E+02  3.471140E-08
  DP  1.800530E+02  3.287057E-08
  DP  1.826490E+02  3.317916E-08
  DP  1.852830E+02  3.245361E-08
  DP  1.879550E+02  3.427948E-08
  DP  1.906650E+02  3.864373E-08
  DP  1.934150E+02  5.068105E-08
  DP  1.962040E+02  6.487680E-08
  DP  1.990330E+02  6.631520E-08
  DP  2.019030E+02  6.464191E-08
  DP  2.048140E+02  6.859096E-08
  DP  2.077680E+02  6.901386E-08
  DP  2.107640E+02  7.718360E-08
  DP  2.138030E+02  7.759981E-08
  DP  2.168860E+02  7.701673E-08
  DP  2.200130E+02  7.499901E-08
  DP  2.231860E+02  7.748734E-08
  DP  2.264040E+02  7.547304E-08
  DP  2.296690E+02  7.477924E-08
  DP  2.329810E+02  7.410985E-08
  DP  2.363400E+02  7.291803E-08
  DP  2.397480E+02  7.383761E-08
  DP  2.432060E+02  7.023074E-08
  DP  2.467130E+02  7.032349E-08
  DP  2.502700E+02  6.782471E-08
  DP  2.538790E+02  6.654182E-08
  DP  2.575400E+02  6.655912E-08
  DP  2.612540E+02  6.489970E-08
  DP  2.650210E+02  6.294055E-08
  DP  2.688430E+02  6.189898E-08
  DP  2.727190E+02  6.026087E-08
  DP  2.766520E+02  5.826504E-08
  DP  2.806410E+02  5.825668E-08
  DP  2.846880E+02  5.696668E-08
  DP  2.887930E+02  5.662876E-08
  DP  2.929570E+02  5.457185E-08
  DP  2.971820E+02  5.555142E-08
  DP  3.014670E+02  5.271682E-08
  DP  3.058140E+02  5.459700E-08
  DP  3.102240E+02  5.300577E-08
  DP  3.146980E+02  5.244241E-08
  DP  3.192350E+02  5.072692E-08
  DP  3.238390E+02  5.102264E-08
  DP  3.285080E+02  5.000187E-08
  DP  3.332460E+02  5.015170E-08
  DP  3.380510E+02  5.019456E-08
  DP  3.429260E+02  4.846186E-08
  DP  3.478710E+02  4.887072E-08
  DP  3.528870E+02  4.839242E-08
  DP  3.579750E+02  4.793059E-08
  DP  3.631370E+02  4.831605E-08
  DP  3.683740E+02  4.877362E-08
  DP  3.736860E+02  4.783784E-08
  DP  3.790740E+02  4.723804E-08
  DP  3.845400E+02  4.647422E-08
  DP  3.900850E+02  4.674353E-08
  DP  3.957100E+02  4.640871E-08
  DP  4.014170E+02  4.682693E-08
  DP  4.072050E+02  4.649937E-08
  DP  4.130770E+02  4.686971E-08
  DP  4.190330E+02  4.582011E-08
  DP  4.250760E+02  4.522024E-08
  DP  4.312050E+02  4.608383E-08
  DP  4.374230E+02  4.602350E-08
  DP  4.437310E+02  4.653280E-08
  DP  4.501290E+02  4.603879E-08
  DP  4.566200E+02  4.623875E-08
  DP  4.632050E+02  4.529227E-08
  DP  4.698840E+02  4.559784E-08
  DP  4.766600E+02  4.667502E-08
  DP  4.835330E+02  4.723620E-08
  DP  4.905060E+02  1.562655E-07
  DP  4.975790E+02  2.412627E-06
  DP  5.047540E+02  6.003024E-06
  DP  5.120320E+02  5.530141E-06
  DP  5.194160E+02  1.504715E-06
  DP  5.269050E+02  5.306100E-08
  DP  5.345030E+02  2.680495E-08
  DP  5.422110E+02  2.718657E-08
  DP  5.500290E+02  2.677103E-08
  DP  5.579610E+02  2.682969E-08
  DP  5.660070E+02  2.707744E-08
  DP  5.741680E+02  2.711897E-08
  DP  5.824480E+02  2.641164E-08
  DP  5.908470E+02  2.690046E-08
  DP  5.993670E+02  2.584385E-08
  DP  6.080090E+02  2.708797E-08
  DP  6.167770E+02  2.681264E-08
  DP  6.256710E+02  2.711279E-08
  DP  6.346930E+02  2.700015E-08
  DP  6.438450E+02  2.747235E-08
  DP  6.531290E+02  2.683261E-08
  DP  6.625470E+02  2.687999E-08
  DP  6.721010E+02  2.741469E-08
  DP  6.817930E+02  2.748204E-08
  DP  6.916240E+02  2.714513E-08
  DP  7.015970E+02  2.741043E-08
  DP  7.117140E+02  3.248344E-08
  DP  7.219770E+02  4.861143E-08
  DP  7.323880E+02  5.158809E-08
  DP  7.429490E+02  3.806675E-08
  DP  7.536620E+02  2.852804E-08
  DP  7.645300E+02  3.540102E-08
  DP  7.755540E+02  5.513045E-08
  DP  7.867380E+02  5.944549E-08
  DP  7.980820E+02  4.133378E-08
  DP  8.095910E+02  6.338826E-08
  DP  8.212650E+02  2.135776E-06
  DP  8.331070E+02  8.381818E-06
  DP  8.451210E+02  9.873113E-06
  DP  8.573070E+02  4.215618E-06
  DP  8.696700E+02  2.213228E-07
  DP  8.822100E+02  1.080096E-08
  DP  8.949320E+02  9.633630E-09
  DP  9.078360E+02  1.015655E-08
  DP  9.209270E+02  1.004967E-08
  DP  9.342070E+02  1.043280E-08
  DP  9.476780E+02  3.372489E-08
  DP  9.613440E+02  1.111423E-07
  DP  9.752060E+02  1.347229E-07
  DP  9.892680E+02  6.632456E-08
  DP  1.003530E+03  1.551099E-07
  DP  1.018000E+03  8.400702E-07
  DP  1.032680E+03  1.183059E-06
  DP  1.047580E+03  6.564748E-07
  DP  1.062680E+03  6.617282E-08
  DP  1.078000E+03  8.427692E-09
  DP  1.093550E+03  8.410312E-09
  DP  1.109320E+03  1.185858E-08
  DP  1.125310E+03  2.054757E-08
  DP  1.141540E+03  6.480202E-08
  DP  1.158000E+03  1.568170E-07
  DP  1.174700E+03  1.609741E-07
  DP  1.191640E+03  2.605467E-07
  DP  1.208820E+03  2.414741E-06
  DP  1.226250E+03  4.697441E-06
  DP  1.243940E+03  3.575933E-06
  DP  1.261870E+03  6.663783E-07
  DP  1.280070E+03  8.178207E-09
  DP  1.298530E+03  2.744118E-09
  DP  1.317250E+03  4.966187E-08
  DP  1.336250E+03  2.177347E-07
  DP  1.355520E+03  2.709449E-07
  DP  1.375060E+03  1.277574E-07
  DP  1.394890E+03  1.111331E-08
  DP  1.415010E+03  1.004232E-08
  DP  1.435410E+03  1.368487E-08
  DP  1.456110E+03  8.334857E-09
  DP  1.477110E+03  2.246694E-09
  DP  1.498400E+03  1.649683E-09
  DP  1.520010E+03  1.651162E-09
  DP  1.541930E+03  1.732073E-09
  DP  1.564160E+03  1.613109E-09
  DP  1.586720E+03  1.647778E-09
  DP  1.609600E+03  1.767586E-09
  DP  1.632810E+03  1.742610E-09
  DP  1.656360E+03  1.667439E-09
  DP  1.680240E+03  1.798737E-09
  DP  1.704470E+03  2.928994E-08
  DP  1.729050E+03  3.780329E-07
  DP  1.753980E+03  7.800491E-07
  DP  1.779270E+03  6.339787E-07
  DP  1.804930E+03  1.493910E-07
  DP  1.830960E+03  1.295840E-08
  DP  1.857360E+03  1.582735E-09
  DP  1.884140E+03  1.422575E-09
  DP  1.911310E+03  1.238584E-08
  DP  1.938870E+03  3.628375E-08
  DP  1.966830E+03  1.350346E-07
  DP  1.995190E+03  3.806993E-07
  DP  2.023960E+03  4.463916E-07
  DP  2.053150E+03  2.131999E-07
  DP  2.082750E+03  1.898900E-08
  DP  2.112790E+03  6.650572E-10
  DP  2.143250E+03  2.883747E-09
  DP  2.174160E+03  1.110537E-08
  DP  2.205510E+03  1.378347E-08
  DP  2.237310E+03  6.997070E-09
  DP  2.269570E+03  9.207557E-10
  DP  2.302300E+03  5.354824E-10
  DP  2.335500E+03  5.338463E-10
  DP  2.369180E+03  5.605746E-10
  DP  2.403340E+03  5.322578E-10
  DP  2.438000E+03  5.672502E-10
  DP  2.473150E+03  8.012683E-10
  DP  2.508810E+03  5.478693E-08
  DP  2.544990E+03  3.742351E-07
  DP  2.581690E+03  5.676405E-07
  DP  2.618920E+03  3.408169E-07
  DP  2.656680E+03  3.806608E-08
  DP  2.694990E+03  3.337686E-10
  DP  2.733850E+03  1.833164E-10
  DP  2.773270E+03  2.002991E-10
  DP  2.813260E+03  1.787741E-10
  DP  2.853830E+03  1.992830E-10
  DP  2.894980E+03  1.201785E-09
  DP  2.936730E+03  1.418539E-08
  DP  2.979080E+03  2.857885E-08
  DP  3.022030E+03  2.281471E-08
  DP  3.065610E+03  5.549118E-09
  DP  3.109820E+03  2.381877E-08
  DP  3.154660E+03  1.174243E-07
  DP  3.200150E+03  2.696138E-07
  DP  3.246300E+03  2.685308E-07
  DP  3.293110E+03  1.170224E-07
  DP  3.340590E+03  1.270546E-08
  DP  3.388770E+03  1.666554E-08
  DP  3.437630E+03  2.151452E-08
  DP  3.487200E+03  1.098020E-08
  DP  3.537490E+03  8.028535E-10
  DP  3.588500E+03  2.446469E-12
  DP  3.640240E+03  4.736547E-14
  DP  3.692730E+03  3.941098E-15
  DP  3.745980E+03  0.000000E+00
  DP  3.800000E+03  0.000000E+00
  
 EN
