 # final1D_0_1p38_0p6_1p25_core/final1D_0_1p38_0p6_1p25_core_250_100/quickspec.dat                     
 #    1.0000000000000000      =Mpc
  DP  3.000000E+00  7.198141E-09
  DP  3.043260E+00  0.000000E+00
  DP  3.087140E+00  0.000000E+00
  DP  3.131660E+00  0.000000E+00
  DP  3.176820E+00  0.000000E+00
  DP  3.222630E+00  0.000000E+00
  DP  3.269100E+00  0.000000E+00
  DP  3.316240E+00  0.000000E+00
  DP  3.364060E+00  0.000000E+00
  DP  3.412570E+00  0.000000E+00
  DP  3.461780E+00  0.000000E+00
  DP  3.511690E+00  0.000000E+00
  DP  3.562330E+00  0.000000E+00
  DP  3.613700E+00  0.000000E+00
  DP  3.665810E+00  0.000000E+00
  DP  3.718670E+00  0.000000E+00
  DP  3.772290E+00  0.000000E+00
  DP  3.826690E+00  0.000000E+00
  DP  3.881870E+00  0.000000E+00
  DP  3.937850E+00  0.000000E+00
  DP  3.994630E+00  0.000000E+00
  DP  4.052230E+00  0.000000E+00
  DP  4.110660E+00  0.000000E+00
  DP  4.169940E+00  0.000000E+00
  DP  4.230070E+00  0.000000E+00
  DP  4.291070E+00  0.000000E+00
  DP  4.352940E+00  0.000000E+00
  DP  4.415710E+00  0.000000E+00
  DP  4.479390E+00  0.000000E+00
  DP  4.543980E+00  0.000000E+00
  DP  4.609500E+00  0.000000E+00
  DP  4.675970E+00  0.000000E+00
  DP  4.743400E+00  0.000000E+00
  DP  4.811800E+00  0.000000E+00
  DP  4.881180E+00  0.000000E+00
  DP  4.951570E+00  0.000000E+00
  DP  5.022970E+00  0.000000E+00
  DP  5.095400E+00  0.000000E+00
  DP  5.168880E+00  0.000000E+00
  DP  5.243410E+00  0.000000E+00
  DP  5.319020E+00  0.000000E+00
  DP  5.395720E+00  0.000000E+00
  DP  5.473530E+00  0.000000E+00
  DP  5.552450E+00  0.000000E+00
  DP  5.632520E+00  0.000000E+00
  DP  5.713740E+00  0.000000E+00
  DP  5.796130E+00  0.000000E+00
  DP  5.879710E+00  0.000000E+00
  DP  5.964500E+00  3.943011E-12
  DP  6.050500E+00  6.873134E-11
  DP  6.137750E+00  9.683766E-10
  DP  6.226260E+00  4.161228E-09
  DP  6.316040E+00  1.568847E-08
  DP  6.407120E+00  6.206944E-08
  DP  6.499510E+00  1.210767E-07
  DP  6.593230E+00  1.742451E-07
  DP  6.688300E+00  2.102870E-08
  DP  6.784750E+00  1.420002E-09
  DP  6.882580E+00  7.866854E-10
  DP  6.981830E+00  6.021482E-09
  DP  7.082500E+00  1.936837E-08
  DP  7.184630E+00  4.702747E-08
  DP  7.288240E+00  2.380707E-08
  DP  7.393330E+00  1.788509E-09
  DP  7.499940E+00  1.061546E-10
  DP  7.608090E+00  0.000000E+00
  DP  7.717800E+00  0.000000E+00
  DP  7.829090E+00  0.000000E+00
  DP  7.941980E+00  0.000000E+00
  DP  8.056510E+00  0.000000E+00
  DP  8.172680E+00  0.000000E+00
  DP  8.290530E+00  0.000000E+00
  DP  8.410080E+00  0.000000E+00
  DP  8.531350E+00  0.000000E+00
  DP  8.654370E+00  0.000000E+00
  DP  8.779170E+00  0.000000E+00
  DP  8.905760E+00  0.000000E+00
  DP  9.034180E+00  0.000000E+00
  DP  9.164450E+00  0.000000E+00
  DP  9.296600E+00  0.000000E+00
  DP  9.430660E+00  0.000000E+00
  DP  9.566650E+00  0.000000E+00
  DP  9.704600E+00  0.000000E+00
  DP  9.844540E+00  0.000000E+00
  DP  9.986500E+00  0.000000E+00
  DP  1.013050E+01  0.000000E+00
  DP  1.027660E+01  0.000000E+00
  DP  1.042480E+01  0.000000E+00
  DP  1.057510E+01  0.000000E+00
  DP  1.072760E+01  0.000000E+00
  DP  1.088230E+01  0.000000E+00
  DP  1.103920E+01  0.000000E+00
  DP  1.119840E+01  0.000000E+00
  DP  1.135990E+01  0.000000E+00
  DP  1.152370E+01  0.000000E+00
  DP  1.168980E+01  0.000000E+00
  DP  1.185840E+01  0.000000E+00
  DP  1.202940E+01  0.000000E+00
  DP  1.220290E+01  0.000000E+00
  DP  1.237880E+01  0.000000E+00
  DP  1.255730E+01  0.000000E+00
  DP  1.273840E+01  0.000000E+00
  DP  1.292210E+01  0.000000E+00
  DP  1.310840E+01  0.000000E+00
  DP  1.329740E+01  8.506740E-10
  DP  1.348920E+01  1.739468E-09
  DP  1.368370E+01  1.687160E-10
  DP  1.388100E+01  2.693556E-09
  DP  1.408120E+01  1.545258E-08
  DP  1.428420E+01  9.661372E-08
  DP  1.449020E+01  3.640917E-07
  DP  1.469920E+01  5.702760E-07
  DP  1.491110E+01  2.559083E-08
  DP  1.512610E+01  4.279833E-10
  DP  1.534430E+01  1.997510E-11
  DP  1.556550E+01  0.000000E+00
  DP  1.579000E+01  0.000000E+00
  DP  1.601770E+01  0.000000E+00
  DP  1.624860E+01  0.000000E+00
  DP  1.648290E+01  0.000000E+00
  DP  1.672060E+01  0.000000E+00
  DP  1.696170E+01  0.000000E+00
  DP  1.720630E+01  0.000000E+00
  DP  1.745440E+01  0.000000E+00
  DP  1.770610E+01  0.000000E+00
  DP  1.796140E+01  0.000000E+00
  DP  1.822040E+01  0.000000E+00
  DP  1.848320E+01  0.000000E+00
  DP  1.874970E+01  0.000000E+00
  DP  1.902010E+01  0.000000E+00
  DP  1.929430E+01  0.000000E+00
  DP  1.957260E+01  0.000000E+00
  DP  1.985480E+01  0.000000E+00
  DP  2.014110E+01  0.000000E+00
  DP  2.043150E+01  0.000000E+00
  DP  2.072620E+01  0.000000E+00
  DP  2.102500E+01  0.000000E+00
  DP  2.132820E+01  0.000000E+00
  DP  2.163580E+01  0.000000E+00
  DP  2.194770E+01  0.000000E+00
  DP  2.226420E+01  0.000000E+00
  DP  2.258530E+01  0.000000E+00
  DP  2.291100E+01  0.000000E+00
  DP  2.324130E+01  0.000000E+00
  DP  2.357650E+01  0.000000E+00
  DP  2.391640E+01  0.000000E+00
  DP  2.426130E+01  0.000000E+00
  DP  2.461120E+01  0.000000E+00
  DP  2.496600E+01  0.000000E+00
  DP  2.532610E+01  0.000000E+00
  DP  2.569130E+01  0.000000E+00
  DP  2.606170E+01  0.000000E+00
  DP  2.643750E+01  0.000000E+00
  DP  2.681880E+01  0.000000E+00
  DP  2.720550E+01  0.000000E+00
  DP  2.759780E+01  0.000000E+00
  DP  2.799570E+01  0.000000E+00
  DP  2.839940E+01  0.000000E+00
  DP  2.880890E+01  0.000000E+00
  DP  2.922440E+01  0.000000E+00
  DP  2.964580E+01  0.000000E+00
  DP  3.007330E+01  0.000000E+00
  DP  3.050690E+01  0.000000E+00
  DP  3.094680E+01  0.000000E+00
  DP  3.139310E+01  0.000000E+00
  DP  3.184580E+01  0.000000E+00
  DP  3.230500E+01  0.000000E+00
  DP  3.277080E+01  0.000000E+00
  DP  3.324340E+01  0.000000E+00
  DP  3.372270E+01  0.000000E+00
  DP  3.420900E+01  0.000000E+00
  DP  3.470230E+01  0.000000E+00
  DP  3.520270E+01  0.000000E+00
  DP  3.571030E+01  0.000000E+00
  DP  3.622530E+01  0.000000E+00
  DP  3.674760E+01  0.000000E+00
  DP  3.727750E+01  0.000000E+00
  DP  3.781510E+01  0.000000E+00
  DP  3.836040E+01  0.000000E+00
  DP  3.891350E+01  0.000000E+00
  DP  3.947460E+01  0.000000E+00
  DP  4.004390E+01  0.000000E+00
  DP  4.062130E+01  0.000000E+00
  DP  4.120700E+01  0.000000E+00
  DP  4.180120E+01  0.000000E+00
  DP  4.240400E+01  0.000000E+00
  DP  4.301550E+01  2.510075E-10
  DP  4.363570E+01  0.000000E+00
  DP  4.426500E+01  0.000000E+00
  DP  4.490330E+01  0.000000E+00
  DP  4.555080E+01  0.000000E+00
  DP  4.620760E+01  0.000000E+00
  DP  4.687390E+01  0.000000E+00
  DP  4.754980E+01  0.000000E+00
  DP  4.823550E+01  0.000000E+00
  DP  4.893100E+01  2.206618E-10
  DP  4.963660E+01  2.175250E-10
  DP  5.035240E+01  0.000000E+00
  DP  5.107850E+01  4.227692E-10
  DP  5.181500E+01  6.251398E-10
  DP  5.256220E+01  4.108352E-10
  DP  5.332010E+01  6.074936E-10
  DP  5.408900E+01  7.984774E-10
  DP  5.486890E+01  7.871266E-10
  DP  5.566010E+01  1.163907E-09
  DP  5.646280E+01  2.485951E-09
  DP  5.727690E+01  7.540352E-10
  DP  5.810290E+01  1.300803E-09
  DP  5.894070E+01  2.381434E-09
  DP  5.979060E+01  1.917359E-09
  DP  6.065280E+01  2.848267E-09
  DP  6.152740E+01  3.334235E-09
  DP  6.241460E+01  4.843763E-09
  DP  6.331460E+01  7.503427E-09
  DP  6.422760E+01  8.741627E-09
  DP  6.515380E+01  9.777437E-09
  DP  6.609330E+01  1.045528E-08
  DP  6.704640E+01  2.190157E-08
  DP  6.801320E+01  2.301902E-08
  DP  6.899390E+01  1.691521E-08
  DP  6.998880E+01  1.295907E-08
  DP  7.099800E+01  1.490359E-08
  DP  7.202180E+01  1.798988E-08
  DP  7.306040E+01  1.980313E-08
  DP  7.411390E+01  2.083301E-08
  DP  7.518260E+01  2.283452E-08
  DP  7.626670E+01  2.576614E-08
  DP  7.736650E+01  4.075128E-08
  DP  7.848210E+01  4.526227E-08
  DP  7.961380E+01  4.645492E-08
  DP  8.076180E+01  6.398764E-08
  DP  8.192640E+01  1.005494E-07
  DP  8.310780E+01  1.240724E-07
  DP  8.430620E+01  1.229485E-07
  DP  8.552190E+01  1.167826E-07
  DP  8.675510E+01  1.147354E-07
  DP  8.800610E+01  1.210416E-07
  DP  8.927510E+01  1.143435E-07
  DP  9.056250E+01  1.170834E-07
  DP  9.186840E+01  1.111857E-07
  DP  9.319310E+01  1.039261E-07
  DP  9.453690E+01  1.134962E-07
  DP  9.590010E+01  1.253784E-07
  DP  9.728300E+01  1.160932E-07
  DP  9.868580E+01  1.219984E-07
  DP  1.001090E+02  1.198877E-07
  DP  1.015520E+02  1.254645E-07
  DP  1.030170E+02  1.448612E-07
  DP  1.045020E+02  1.470388E-07
  DP  1.060090E+02  1.521393E-07
  DP  1.075380E+02  1.710414E-07
  DP  1.090890E+02  1.813260E-07
  DP  1.106620E+02  1.887002E-07
  DP  1.122570E+02  1.894856E-07
  DP  1.138760E+02  2.200727E-07
  DP  1.155180E+02  2.201271E-07
  DP  1.171840E+02  2.970407E-07
  DP  1.188740E+02  1.779819E-06
  DP  1.205880E+02  5.470037E-06
  DP  1.223270E+02  5.682881E-06
  DP  1.240910E+02  1.673899E-06
  DP  1.258800E+02  1.631475E-07
  DP  1.276950E+02  1.508742E-07
  DP  1.295370E+02  1.471525E-07
  DP  1.314040E+02  1.733870E-07
  DP  1.332990E+02  4.066237E-07
  DP  1.352210E+02  8.293453E-07
  DP  1.371710E+02  6.890540E-07
  DP  1.391490E+02  2.414700E-07
  DP  1.411560E+02  1.495339E-07
  DP  1.431910E+02  1.490000E-07
  DP  1.452560E+02  1.486599E-07
  DP  1.473510E+02  1.437691E-07
  DP  1.494750E+02  1.535649E-07
  DP  1.516310E+02  1.587924E-07
  DP  1.538170E+02  1.622267E-07
  DP  1.560350E+02  1.580504E-07
  DP  1.582850E+02  1.667473E-07
  DP  1.605680E+02  1.700028E-07
  DP  1.628830E+02  1.863396E-07
  DP  1.652320E+02  2.032087E-07
  DP  1.676150E+02  2.848008E-07
  DP  1.700320E+02  3.617980E-07
  DP  1.724830E+02  3.751149E-07
  DP  1.749710E+02  3.707297E-07
  DP  1.774940E+02  3.606390E-07
  DP  1.800530E+02  3.577654E-07
  DP  1.826490E+02  3.493116E-07
  DP  1.852830E+02  3.504029E-07
  DP  1.879550E+02  3.603140E-07
  DP  1.906650E+02  4.005130E-07
  DP  1.934150E+02  4.923529E-07
  DP  1.962040E+02  5.976268E-07
  DP  1.990330E+02  6.098224E-07
  DP  2.019030E+02  6.299428E-07
  DP  2.048140E+02  6.340406E-07
  DP  2.077680E+02  6.584994E-07
  DP  2.107640E+02  6.959919E-07
  DP  2.138030E+02  7.026233E-07
  DP  2.168860E+02  6.951238E-07
  DP  2.200130E+02  6.942723E-07
  DP  2.231860E+02  6.929570E-07
  DP  2.264040E+02  6.849445E-07
  DP  2.296690E+02  6.765885E-07
  DP  2.329810E+02  6.645291E-07
  DP  2.363400E+02  6.605675E-07
  DP  2.397480E+02  6.507242E-07
  DP  2.432060E+02  6.454173E-07
  DP  2.467130E+02  6.258818E-07
  DP  2.502700E+02  6.187299E-07
  DP  2.538790E+02  5.990106E-07
  DP  2.575400E+02  5.904624E-07
  DP  2.612540E+02  5.792277E-07
  DP  2.650210E+02  5.580846E-07
  DP  2.688430E+02  5.565546E-07
  DP  2.727190E+02  5.459659E-07
  DP  2.766520E+02  5.382541E-07
  DP  2.806410E+02  5.232919E-07
  DP  2.846880E+02  5.225833E-07
  DP  2.887930E+02  5.131986E-07
  DP  2.929570E+02  5.057969E-07
  DP  2.971820E+02  5.101863E-07
  DP  3.014670E+02  4.895645E-07
  DP  3.058140E+02  4.827770E-07
  DP  3.102240E+02  4.797880E-07
  DP  3.146980E+02  4.792023E-07
  DP  3.192350E+02  4.692060E-07
  DP  3.238390E+02  4.609394E-07
  DP  3.285080E+02  4.590275E-07
  DP  3.332460E+02  4.538335E-07
  DP  3.380510E+02  4.578911E-07
  DP  3.429260E+02  4.559776E-07
  DP  3.478710E+02  4.439274E-07
  DP  3.528870E+02  4.402433E-07
  DP  3.579750E+02  4.402458E-07
  DP  3.631370E+02  4.384049E-07
  DP  3.683740E+02  4.280995E-07
  DP  3.736860E+02  4.247521E-07
  DP  3.790740E+02  4.184216E-07
  DP  3.845400E+02  4.222795E-07
  DP  3.900850E+02  4.253220E-07
  DP  3.957100E+02  4.193023E-07
  DP  4.014170E+02  4.176737E-07
  DP  4.072050E+02  4.134489E-07
  DP  4.130770E+02  4.210980E-07
  DP  4.190330E+02  4.091030E-07
  DP  4.250760E+02  4.123568E-07
  DP  4.312050E+02  4.144391E-07
  DP  4.374230E+02  4.163042E-07
  DP  4.437310E+02  4.067867E-07
  DP  4.501290E+02  4.139820E-07
  DP  4.566200E+02  4.155563E-07
  DP  4.632050E+02  4.172852E-07
  DP  4.698840E+02  4.124855E-07
  DP  4.766600E+02  4.151009E-07
  DP  4.835330E+02  4.135617E-07
  DP  4.905060E+02  7.418363E-07
  DP  4.975790E+02  7.630413E-06
  DP  5.047540E+02  2.226322E-05
  DP  5.120320E+02  2.047946E-05
  DP  5.194160E+02  5.406656E-06
  DP  5.269050E+02  3.401041E-07
  DP  5.345030E+02  2.453028E-07
  DP  5.422110E+02  2.484948E-07
  DP  5.500290E+02  2.429231E-07
  DP  5.579610E+02  2.410405E-07
  DP  5.660070E+02  2.439375E-07
  DP  5.741680E+02  2.424919E-07
  DP  5.824480E+02  2.412076E-07
  DP  5.908470E+02  2.464384E-07
  DP  5.993670E+02  2.414073E-07
  DP  6.080090E+02  2.447580E-07
  DP  6.167770E+02  2.415201E-07
  DP  6.256710E+02  2.434712E-07
  DP  6.346930E+02  2.444062E-07
  DP  6.438450E+02  2.414257E-07
  DP  6.531290E+02  2.475113E-07
  DP  6.625470E+02  2.483068E-07
  DP  6.721010E+02  2.429323E-07
  DP  6.817930E+02  2.472130E-07
  DP  6.916240E+02  2.463390E-07
  DP  7.015970E+02  2.438138E-07
  DP  7.117140E+02  2.658645E-07
  DP  7.219770E+02  3.178538E-07
  DP  7.323880E+02  3.422466E-07
  DP  7.429490E+02  2.862815E-07
  DP  7.536620E+02  2.525308E-07
  DP  7.645300E+02  2.739464E-07
  DP  7.755540E+02  3.501071E-07
  DP  7.867380E+02  3.747874E-07
  DP  7.980820E+02  2.998165E-07
  DP  8.095910E+02  3.665175E-07
  DP  8.212650E+02  6.804999E-06
  DP  8.331070E+02  2.966162E-05
  DP  8.451210E+02  3.807561E-05
  DP  8.573070E+02  1.470472E-05
  DP  8.696700E+02  8.365858E-07
  DP  8.822100E+02  9.276244E-08
  DP  8.949320E+02  8.952532E-08
  DP  9.078360E+02  9.037764E-08
  DP  9.209270E+02  9.236636E-08
  DP  9.342070E+02  9.277581E-08
  DP  9.476780E+02  1.660479E-07
  DP  9.613440E+02  4.486728E-07
  DP  9.752060E+02  5.716614E-07
  DP  9.892680E+02  2.896439E-07
  DP  1.003530E+03  5.461096E-07
  DP  1.018000E+03  2.911881E-06
  DP  1.032680E+03  4.716192E-06
  DP  1.047580E+03  2.335702E-06
  DP  1.062680E+03  2.836845E-07
  DP  1.078000E+03  7.673956E-08
  DP  1.093550E+03  7.452205E-08
  DP  1.109320E+03  8.733271E-08
  DP  1.125310E+03  1.193069E-07
  DP  1.141540E+03  2.601715E-07
  DP  1.158000E+03  6.238153E-07
  DP  1.174700E+03  6.594704E-07
  DP  1.191640E+03  8.881757E-07
  DP  1.208820E+03  7.864239E-06
  DP  1.226250E+03  1.840910E-05
  DP  1.243940E+03  1.299575E-05
  DP  1.261870E+03  2.345980E-06
  DP  1.280070E+03  3.891071E-08
  DP  1.298530E+03  2.094347E-08
  DP  1.317250E+03  1.714952E-07
  DP  1.336250E+03  7.770017E-07
  DP  1.355520E+03  1.075475E-06
  DP  1.375060E+03  4.584501E-07
  DP  1.394890E+03  4.744912E-08
  DP  1.415010E+03  4.507442E-08
  DP  1.435410E+03  6.422821E-08
  DP  1.456110E+03  3.876030E-08
  DP  1.477110E+03  1.768898E-08
  DP  1.498400E+03  1.570986E-08
  DP  1.520010E+03  1.524702E-08
  DP  1.541930E+03  1.504255E-08
  DP  1.564160E+03  1.556346E-08
  DP  1.586720E+03  1.497721E-08
  DP  1.609600E+03  1.588692E-08
  DP  1.632810E+03  1.565296E-08
  DP  1.656360E+03  1.548776E-08
  DP  1.680240E+03  1.565881E-08
  DP  1.704470E+03  1.036336E-07
  DP  1.729050E+03  1.249698E-06
  DP  1.753980E+03  3.068414E-06
  DP  1.779270E+03  2.335710E-06
  DP  1.804930E+03  5.387062E-07
  DP  1.830960E+03  5.020534E-08
  DP  1.857360E+03  1.136432E-08
  DP  1.884140E+03  1.022248E-08
  DP  1.911310E+03  4.611993E-08
  DP  1.938870E+03  1.412214E-07
  DP  1.966830E+03  4.581092E-07
  DP  1.995190E+03  1.384221E-06
  DP  2.023960E+03  1.758236E-06
  DP  2.053150E+03  7.490375E-07
  DP  2.082750E+03  7.000730E-08
  DP  2.112790E+03  5.591850E-09
  DP  2.143250E+03  1.249982E-08
  DP  2.174160E+03  4.217824E-08
  DP  2.205510E+03  5.773418E-08
  DP  2.237310E+03  2.705137E-08
  DP  2.269570E+03  6.297498E-09
  DP  2.302300E+03  4.894041E-09
  DP  2.335500E+03  5.363314E-09
  DP  2.369180E+03  5.209087E-09
  DP  2.403340E+03  4.707970E-09
  DP  2.438000E+03  5.064044E-09
  DP  2.473150E+03  5.870423E-09
  DP  2.508810E+03  1.821424E-07
  DP  2.544990E+03  1.296157E-06
  DP  2.581690E+03  2.298819E-06
  DP  2.618920E+03  1.205219E-06
  DP  2.656680E+03  1.341781E-07
  DP  2.694990E+03  2.282842E-09
  DP  2.733850E+03  1.651413E-09
  DP  2.773270E+03  1.701841E-09
  DP  2.813260E+03  1.673531E-09
  DP  2.853830E+03  1.790389E-09
  DP  2.894980E+03  4.897041E-09
  DP  2.936730E+03  4.753393E-08
  DP  2.979080E+03  1.165336E-07
  DP  3.022030E+03  8.560385E-08
  DP  3.065610E+03  2.017798E-08
  DP  3.109820E+03  7.984122E-08
  DP  3.154660E+03  4.252300E-07
  DP  3.200150E+03  1.002193E-06
  DP  3.246300E+03  1.056307E-06
  DP  3.293110E+03  4.113975E-07
  DP  3.340590E+03  4.282457E-08
  DP  3.388770E+03  6.029019E-08
  DP  3.437630E+03  8.701602E-08
  DP  3.487200E+03  3.867674E-08
  DP  3.537490E+03  3.014059E-09
  DP  3.588500E+03  1.755236E-11
  DP  3.640240E+03  3.056022E-13
  DP  3.692730E+03  4.477068E-15
  DP  3.745980E+03  0.000000E+00
  DP  3.800000E+03  0.000000E+00
  
 EN
