 # final1D_0_1p38_0p6_1p25_core/final1D_0_1p38_0p6_1p25_core_30_100/quickspec.dat                      
 #    1.0000000000000000      =Mpc
  DP  3.000000E+00  0.000000E+00
  DP  3.043260E+00  0.000000E+00
  DP  3.087140E+00  0.000000E+00
  DP  3.131660E+00  0.000000E+00
  DP  3.176820E+00  0.000000E+00
  DP  3.222630E+00  0.000000E+00
  DP  3.269100E+00  0.000000E+00
  DP  3.316240E+00  0.000000E+00
  DP  3.364060E+00  0.000000E+00
  DP  3.412570E+00  0.000000E+00
  DP  3.461780E+00  0.000000E+00
  DP  3.511690E+00  0.000000E+00
  DP  3.562330E+00  0.000000E+00
  DP  3.613700E+00  0.000000E+00
  DP  3.665810E+00  0.000000E+00
  DP  3.718670E+00  0.000000E+00
  DP  3.772290E+00  0.000000E+00
  DP  3.826690E+00  0.000000E+00
  DP  3.881870E+00  0.000000E+00
  DP  3.937850E+00  0.000000E+00
  DP  3.994630E+00  0.000000E+00
  DP  4.052230E+00  0.000000E+00
  DP  4.110660E+00  0.000000E+00
  DP  4.169940E+00  0.000000E+00
  DP  4.230070E+00  0.000000E+00
  DP  4.291070E+00  0.000000E+00
  DP  4.352940E+00  0.000000E+00
  DP  4.415710E+00  0.000000E+00
  DP  4.479390E+00  0.000000E+00
  DP  4.543980E+00  0.000000E+00
  DP  4.609500E+00  0.000000E+00
  DP  4.675970E+00  0.000000E+00
  DP  4.743400E+00  0.000000E+00
  DP  4.811800E+00  0.000000E+00
  DP  4.881180E+00  0.000000E+00
  DP  4.951570E+00  0.000000E+00
  DP  5.022970E+00  0.000000E+00
  DP  5.095400E+00  0.000000E+00
  DP  5.168880E+00  0.000000E+00
  DP  5.243410E+00  0.000000E+00
  DP  5.319020E+00  0.000000E+00
  DP  5.395720E+00  0.000000E+00
  DP  5.473530E+00  0.000000E+00
  DP  5.552450E+00  0.000000E+00
  DP  5.632520E+00  0.000000E+00
  DP  5.713740E+00  0.000000E+00
  DP  5.796130E+00  0.000000E+00
  DP  5.879710E+00  0.000000E+00
  DP  5.964500E+00  0.000000E+00
  DP  6.050500E+00  0.000000E+00
  DP  6.137750E+00  0.000000E+00
  DP  6.226260E+00  0.000000E+00
  DP  6.316040E+00  2.837112E-11
  DP  6.407120E+00  3.495890E-10
  DP  6.499510E+00  6.489945E-10
  DP  6.593230E+00  1.148799E-09
  DP  6.688300E+00  1.530326E-09
  DP  6.784750E+00  1.511541E-09
  DP  6.882580E+00  1.692290E-10
  DP  6.981830E+00  3.849767E-10
  DP  7.082500E+00  8.972503E-10
  DP  7.184630E+00  1.346895E-09
  DP  7.288240E+00  1.658707E-09
  DP  7.393330E+00  6.683912E-10
  DP  7.499940E+00  1.883868E-10
  DP  7.608090E+00  3.262182E-11
  DP  7.717800E+00  1.018128E-10
  DP  7.829090E+00  1.786972E-10
  DP  7.941980E+00  2.861453E-10
  DP  8.056510E+00  2.549440E-10
  DP  8.172680E+00  5.481401E-11
  DP  8.290530E+00  0.000000E+00
  DP  8.410080E+00  0.000000E+00
  DP  8.531350E+00  0.000000E+00
  DP  8.654370E+00  0.000000E+00
  DP  8.779170E+00  0.000000E+00
  DP  8.905760E+00  0.000000E+00
  DP  9.034180E+00  0.000000E+00
  DP  9.164450E+00  0.000000E+00
  DP  9.296600E+00  0.000000E+00
  DP  9.430660E+00  0.000000E+00
  DP  9.566650E+00  0.000000E+00
  DP  9.704600E+00  0.000000E+00
  DP  9.844540E+00  0.000000E+00
  DP  9.986500E+00  0.000000E+00
  DP  1.013050E+01  0.000000E+00
  DP  1.027660E+01  0.000000E+00
  DP  1.042480E+01  0.000000E+00
  DP  1.057510E+01  0.000000E+00
  DP  1.072760E+01  0.000000E+00
  DP  1.088230E+01  0.000000E+00
  DP  1.103920E+01  0.000000E+00
  DP  1.119840E+01  0.000000E+00
  DP  1.135990E+01  0.000000E+00
  DP  1.152370E+01  0.000000E+00
  DP  1.168980E+01  0.000000E+00
  DP  1.185840E+01  0.000000E+00
  DP  1.202940E+01  0.000000E+00
  DP  1.220290E+01  0.000000E+00
  DP  1.237880E+01  0.000000E+00
  DP  1.255730E+01  0.000000E+00
  DP  1.273840E+01  0.000000E+00
  DP  1.292210E+01  0.000000E+00
  DP  1.310840E+01  0.000000E+00
  DP  1.329740E+01  0.000000E+00
  DP  1.348920E+01  0.000000E+00
  DP  1.368370E+01  1.862761E-11
  DP  1.388100E+01  6.455083E-12
  DP  1.408120E+01  3.671283E-11
  DP  1.428420E+01  7.865225E-11
  DP  1.449020E+01  1.674960E-10
  DP  1.469920E+01  7.540561E-10
  DP  1.491110E+01  3.745317E-10
  DP  1.512610E+01  3.515260E-10
  DP  1.534430E+01  2.335568E-11
  DP  1.556550E+01  0.000000E+00
  DP  1.579000E+01  0.000000E+00
  DP  1.601770E+01  0.000000E+00
  DP  1.624860E+01  0.000000E+00
  DP  1.648290E+01  0.000000E+00
  DP  1.672060E+01  0.000000E+00
  DP  1.696170E+01  0.000000E+00
  DP  1.720630E+01  0.000000E+00
  DP  1.745440E+01  0.000000E+00
  DP  1.770610E+01  0.000000E+00
  DP  1.796140E+01  0.000000E+00
  DP  1.822040E+01  0.000000E+00
  DP  1.848320E+01  0.000000E+00
  DP  1.874970E+01  0.000000E+00
  DP  1.902010E+01  0.000000E+00
  DP  1.929430E+01  0.000000E+00
  DP  1.957260E+01  0.000000E+00
  DP  1.985480E+01  0.000000E+00
  DP  2.014110E+01  0.000000E+00
  DP  2.043150E+01  0.000000E+00
  DP  2.072620E+01  0.000000E+00
  DP  2.102500E+01  0.000000E+00
  DP  2.132820E+01  0.000000E+00
  DP  2.163580E+01  0.000000E+00
  DP  2.194770E+01  0.000000E+00
  DP  2.226420E+01  0.000000E+00
  DP  2.258530E+01  0.000000E+00
  DP  2.291100E+01  0.000000E+00
  DP  2.324130E+01  0.000000E+00
  DP  2.357650E+01  0.000000E+00
  DP  2.391640E+01  0.000000E+00
  DP  2.426130E+01  0.000000E+00
  DP  2.461120E+01  0.000000E+00
  DP  2.496600E+01  0.000000E+00
  DP  2.532610E+01  0.000000E+00
  DP  2.569130E+01  0.000000E+00
  DP  2.606170E+01  0.000000E+00
  DP  2.643750E+01  0.000000E+00
  DP  2.681880E+01  0.000000E+00
  DP  2.720550E+01  0.000000E+00
  DP  2.759780E+01  0.000000E+00
  DP  2.799570E+01  0.000000E+00
  DP  2.839940E+01  0.000000E+00
  DP  2.880890E+01  4.062310E-09
  DP  2.922440E+01  0.000000E+00
  DP  2.964580E+01  0.000000E+00
  DP  3.007330E+01  7.783052E-09
  DP  3.050690E+01  3.836213E-09
  DP  3.094680E+01  0.000000E+00
  DP  3.139310E+01  7.455848E-09
  DP  3.184580E+01  2.939941E-08
  DP  3.230500E+01  1.811346E-08
  DP  3.277080E+01  1.786078E-08
  DP  3.324340E+01  2.464301E-08
  DP  3.372270E+01  4.858545E-08
  DP  3.420900E+01  5.131585E-08
  DP  3.470230E+01  4.046910E-08
  DP  3.520270E+01  7.978775E-08
  DP  3.571030E+01  5.243572E-08
  DP  3.622530E+01  7.107419E-08
  DP  3.674760E+01  9.235717E-08
  DP  3.727750E+01  1.224388E-07
  DP  3.781510E+01  1.268917E-07
  DP  3.836040E+01  1.342366E-07
  DP  3.891350E+01  2.010562E-07
  DP  3.947460E+01  2.448291E-07
  DP  4.004390E+01  2.425729E-07
  DP  4.062130E+01  2.592925E-07
  DP  4.120700E+01  3.550204E-07
  DP  4.180120E+01  4.004604E-07
  DP  4.240400E+01  4.765726E-07
  DP  4.301550E+01  5.006688E-07
  DP  4.363570E+01  6.582421E-07
  DP  4.426500E+01  5.954659E-07
  DP  4.490330E+01  7.630981E-07
  DP  4.555080E+01  8.029236E-07
  DP  4.620760E+01  9.144553E-07
  DP  4.687390E+01  9.662792E-07
  DP  4.754980E+01  1.120539E-06
  DP  4.823550E+01  1.283640E-06
  DP  4.893100E+01  1.406883E-06
  DP  4.963660E+01  1.585484E-06
  DP  5.035240E+01  1.641168E-06
  DP  5.107850E+01  1.860948E-06
  DP  5.181500E+01  2.053612E-06
  DP  5.256220E+01  2.122081E-06
  DP  5.332010E+01  2.497416E-06
  DP  5.408900E+01  2.647188E-06
  DP  5.486890E+01  2.818361E-06
  DP  5.566010E+01  2.935913E-06
  DP  5.646280E+01  3.222699E-06
  DP  5.727690E+01  3.367526E-06
  DP  5.810290E+01  3.889140E-06
  DP  5.894070E+01  3.968472E-06
  DP  5.979060E+01  4.267876E-06
  DP  6.065280E+01  4.509089E-06
  DP  6.152740E+01  4.653422E-06
  DP  6.241460E+01  5.165193E-06
  DP  6.331460E+01  5.270395E-06
  DP  6.422760E+01  5.770510E-06
  DP  6.515380E+01  5.813685E-06
  DP  6.609330E+01  6.350124E-06
  DP  6.704640E+01  6.542036E-06
  DP  6.801320E+01  6.755975E-06
  DP  6.899390E+01  7.298805E-06
  DP  6.998880E+01  7.695239E-06
  DP  7.099800E+01  7.982292E-06
  DP  7.202180E+01  8.269154E-06
  DP  7.306040E+01  8.522449E-06
  DP  7.411390E+01  9.235216E-06
  DP  7.518260E+01  9.157672E-06
  DP  7.626670E+01  9.673237E-06
  DP  7.736650E+01  1.002227E-05
  DP  7.848210E+01  9.983663E-06
  DP  7.961380E+01  1.046605E-05
  DP  8.076180E+01  1.074489E-05
  DP  8.192640E+01  1.120548E-05
  DP  8.310780E+01  1.132338E-05
  DP  8.430620E+01  1.163021E-05
  DP  8.552190E+01  1.160882E-05
  DP  8.675510E+01  1.207183E-05
  DP  8.800610E+01  1.245980E-05
  DP  8.927510E+01  1.277615E-05
  DP  9.056250E+01  1.316220E-05
  DP  9.186840E+01  1.325821E-05
  DP  9.319310E+01  1.362437E-05
  DP  9.453690E+01  1.385558E-05
  DP  9.590010E+01  1.420570E-05
  DP  9.728300E+01  1.463754E-05
  DP  9.868580E+01  1.445947E-05
  DP  1.001090E+02  1.493768E-05
  DP  1.015520E+02  1.487259E-05
  DP  1.030170E+02  1.519939E-05
  DP  1.045020E+02  1.567468E-05
  DP  1.060090E+02  1.580854E-05
  DP  1.075380E+02  1.586979E-05
  DP  1.090890E+02  1.620387E-05
  DP  1.106620E+02  1.612774E-05
  DP  1.122570E+02  1.619041E-05
  DP  1.138760E+02  1.642263E-05
  DP  1.155180E+02  1.665785E-05
  DP  1.171840E+02  1.673999E-05
  DP  1.188740E+02  1.660729E-05
  DP  1.205880E+02  1.712253E-05
  DP  1.223270E+02  1.690410E-05
  DP  1.240910E+02  1.725731E-05
  DP  1.258800E+02  1.704674E-05
  DP  1.276950E+02  1.694964E-05
  DP  1.295370E+02  1.702919E-05
  DP  1.314040E+02  1.683082E-05
  DP  1.332990E+02  1.709470E-05
  DP  1.352210E+02  1.700713E-05
  DP  1.371710E+02  1.712253E-05
  DP  1.391490E+02  1.690878E-05
  DP  1.411560E+02  1.700337E-05
  DP  1.431910E+02  1.666671E-05
  DP  1.452560E+02  1.673080E-05
  DP  1.473510E+02  1.684001E-05
  DP  1.494750E+02  1.682171E-05
  DP  1.516310E+02  1.660963E-05
  DP  1.538170E+02  1.677475E-05
  DP  1.560350E+02  1.836456E-05
  DP  1.582850E+02  2.576146E-05
  DP  1.605680E+02  3.201868E-05
  DP  1.628830E+02  1.507430E-05
  DP  1.652320E+02  1.341957E-05
  DP  1.676150E+02  1.344480E-05
  DP  1.700320E+02  1.317833E-05
  DP  1.724830E+02  1.349469E-05
  DP  1.749710E+02  1.308666E-05
  DP  1.774940E+02  1.332899E-05
  DP  1.800530E+02  1.313922E-05
  DP  1.826490E+02  1.306017E-05
  DP  1.852830E+02  1.292055E-05
  DP  1.879550E+02  1.300753E-05
  DP  1.906650E+02  1.284626E-05
  DP  1.934150E+02  1.272627E-05
  DP  1.962040E+02  1.283197E-05
  DP  1.990330E+02  1.276596E-05
  DP  2.019030E+02  1.275568E-05
  DP  2.048140E+02  1.281342E-05
  DP  2.077680E+02  1.256241E-05
  DP  2.107640E+02  1.225608E-05
  DP  2.138030E+02  1.237348E-05
  DP  2.168860E+02  1.246581E-05
  DP  2.200130E+02  1.227780E-05
  DP  2.231860E+02  1.204525E-05
  DP  2.264040E+02  1.187203E-05
  DP  2.296690E+02  1.190312E-05
  DP  2.329810E+02  1.172338E-05
  DP  2.363400E+02  1.164567E-05
  DP  2.397480E+02  1.150362E-05
  DP  2.432060E+02  1.137427E-05
  DP  2.467130E+02  1.135463E-05
  DP  2.502700E+02  1.113462E-05
  DP  2.538790E+02  1.101989E-05
  DP  2.575400E+02  1.068766E-05
  DP  2.612540E+02  1.083748E-05
  DP  2.650210E+02  1.100067E-05
  DP  2.688430E+02  1.272451E-05
  DP  2.727190E+02  1.646884E-05
  DP  2.766520E+02  1.157180E-05
  DP  2.806410E+02  9.459992E-06
  DP  2.846880E+02  9.320029E-06
  DP  2.887930E+02  9.244157E-06
  DP  2.929570E+02  8.982196E-06
  DP  2.971820E+02  8.901477E-06
  DP  3.014670E+02  8.795690E-06
  DP  3.058140E+02  8.746056E-06
  DP  3.102240E+02  8.642441E-06
  DP  3.146980E+02  8.440310E-06
  DP  3.192350E+02  8.441145E-06
  DP  3.238390E+02  8.285139E-06
  DP  3.285080E+02  8.253436E-06
  DP  3.332460E+02  8.053853E-06
  DP  3.380510E+02  8.048138E-06
  DP  3.429260E+02  7.984340E-06
  DP  3.478710E+02  7.813326E-06
  DP  3.528870E+02  7.620169E-06
  DP  3.579750E+02  7.595284E-06
  DP  3.631370E+02  7.657754E-06
  DP  3.683740E+02  7.430746E-06
  DP  3.736860E+02  7.291586E-06
  DP  3.790740E+02  7.249981E-06
  DP  3.845400E+02  7.215379E-06
  DP  3.900850E+02  7.187378E-06
  DP  3.957100E+02  7.051844E-06
  DP  4.014170E+02  7.047273E-06
  DP  4.072050E+02  6.881482E-06
  DP  4.130770E+02  6.794863E-06
  DP  4.190330E+02  6.731015E-06
  DP  4.250760E+02  6.689452E-06
  DP  4.312050E+02  6.588846E-06
  DP  4.374230E+02  6.498744E-06
  DP  4.437310E+02  6.514720E-06
  DP  4.501290E+02  6.482767E-06
  DP  4.566200E+02  6.377189E-06
  DP  4.632050E+02  6.260656E-06
  DP  4.698840E+02  6.431662E-06
  DP  4.766600E+02  7.950339E-06
  DP  4.835330E+02  1.145340E-05
  DP  4.905060E+02  8.018908E-06
  DP  4.975790E+02  5.721427E-06
  DP  5.047540E+02  7.465424E-06
  DP  5.120320E+02  1.346519E-05
  DP  5.194160E+02  1.351558E-05
  DP  5.269050E+02  4.973799E-06
  DP  5.345030E+02  4.601899E-06
  DP  5.422110E+02  4.452201E-06
  DP  5.500290E+02  4.467944E-06
  DP  5.579610E+02  4.417975E-06
  DP  5.660070E+02  4.383389E-06
  DP  5.741680E+02  4.330471E-06
  DP  5.824480E+02  4.318271E-06
  DP  5.908470E+02  4.206025E-06
  DP  5.993670E+02  4.226647E-06
  DP  6.080090E+02  4.209259E-06
  DP  6.167770E+02  4.160376E-06
  DP  6.256710E+02  4.093821E-06
  DP  6.346930E+02  4.092241E-06
  DP  6.438450E+02  4.088055E-06
  DP  6.531290E+02  4.078203E-06
  DP  6.625470E+02  3.984842E-06
  DP  6.721010E+02  4.008832E-06
  DP  6.817930E+02  3.976594E-06
  DP  6.916240E+02  3.980672E-06
  DP  7.015970E+02  3.922372E-06
  DP  7.117140E+02  3.875437E-06
  DP  7.219770E+02  3.902101E-06
  DP  7.323880E+02  4.085364E-06
  DP  7.429490E+02  5.887770E-06
  DP  7.536620E+02  9.923082E-06
  DP  7.645300E+02  7.195876E-06
  DP  7.755540E+02  3.475368E-06
  DP  7.867380E+02  3.502458E-06
  DP  7.980820E+02  4.698268E-06
  DP  8.095910E+02  9.759889E-06
  DP  8.212650E+02  1.444794E-05
  DP  8.331070E+02  7.544940E-06
  DP  8.451210E+02  1.751200E-05
  DP  8.573070E+02  2.558907E-05
  DP  8.696700E+02  4.264709E-06
  DP  8.822100E+02  1.354465E-06
  DP  8.949320E+02  1.325387E-06
  DP  9.078360E+02  1.315401E-06
  DP  9.209270E+02  1.289322E-06
  DP  9.342070E+02  1.299625E-06
  DP  9.476780E+02  1.279153E-06
  DP  9.613440E+02  1.327141E-06
  DP  9.752060E+02  1.483073E-06
  DP  9.892680E+02  1.602346E-06
  DP  1.003530E+03  1.316939E-06
  DP  1.018000E+03  1.537579E-06
  DP  1.032680E+03  2.872825E-06
  DP  1.047580E+03  4.426205E-06
  DP  1.062680E+03  1.822836E-06
  DP  1.078000E+03  1.067529E-06
  DP  1.093550E+03  1.046472E-06
  DP  1.109320E+03  1.074264E-06
  DP  1.125310E+03  1.062499E-06
  DP  1.141540E+03  1.073178E-06
  DP  1.158000E+03  1.153997E-06
  DP  1.174700E+03  1.387171E-06
  DP  1.191640E+03  1.459375E-06
  DP  1.208820E+03  1.718578E-06
  DP  1.226250E+03  6.233457E-06
  DP  1.243940E+03  1.490994E-05
  DP  1.261870E+03  7.648679E-06
  DP  1.280070E+03  5.078809E-07
  DP  1.298530E+03  4.008004E-07
  DP  1.317250E+03  3.995145E-07
  DP  1.336250E+03  5.212664E-07
  DP  1.355520E+03  9.428406E-07
  DP  1.375060E+03  1.251662E-06
  DP  1.394890E+03  4.729227E-07
  DP  1.415010E+03  3.571704E-07
  DP  1.435410E+03  3.675452E-07
  DP  1.456110E+03  3.868911E-07
  DP  1.477110E+03  3.472210E-07
  DP  1.498400E+03  3.520073E-07
  DP  1.520010E+03  3.899293E-07
  DP  1.541930E+03  7.476211E-07
  DP  1.564160E+03  1.594349E-06
  DP  1.586720E+03  1.321677E-06
  DP  1.609600E+03  3.266468E-07
  DP  1.632810E+03  2.881959E-07
  DP  1.656360E+03  2.857977E-07
  DP  1.680240E+03  2.840931E-07
  DP  1.704470E+03  2.894735E-07
  DP  1.729050E+03  4.364722E-07
  DP  1.753980E+03  1.429569E-06
  DP  1.779270E+03  3.192342E-06
  DP  1.804930E+03  1.747557E-06
  DP  1.830960E+03  2.938203E-07
  DP  1.857360E+03  1.832061E-07
  DP  1.884140E+03  1.745810E-07
  DP  1.911310E+03  1.866137E-07
  DP  1.938870E+03  2.158028E-07
  DP  1.966830E+03  3.307839E-07
  DP  1.995190E+03  6.563920E-07
  DP  2.023960E+03  1.545091E-06
  DP  2.053150E+03  1.787281E-06
  DP  2.082750E+03  3.964428E-07
  DP  2.112790E+03  1.139165E-07
  DP  2.143250E+03  1.132204E-07
  DP  2.174160E+03  1.165177E-07
  DP  2.205510E+03  1.505375E-07
  DP  2.237310E+03  1.617220E-07
  DP  2.269570E+03  1.191198E-07
  DP  2.302300E+03  1.069768E-07
  DP  2.335500E+03  1.074456E-07
  DP  2.369180E+03  1.058028E-07
  DP  2.403340E+03  1.065323E-07
  DP  2.438000E+03  1.082302E-07
  DP  2.473150E+03  1.053031E-07
  DP  2.508810E+03  1.182967E-07
  DP  2.544990E+03  4.345804E-07
  DP  2.581690E+03  1.657412E-06
  DP  2.618920E+03  2.712733E-06
  DP  2.656680E+03  6.307542E-07
  DP  2.694990E+03  4.588688E-08
  DP  2.733850E+03  4.201730E-08
  DP  2.773270E+03  4.144617E-08
  DP  2.813260E+03  4.133495E-08
  DP  2.853830E+03  3.748275E-08
  DP  2.894980E+03  3.959264E-08
  DP  2.936730E+03  5.105356E-08
  DP  2.979080E+03  1.033603E-07
  DP  3.022030E+03  1.783003E-07
  DP  3.065610E+03  1.015931E-07
  DP  3.109820E+03  5.042861E-08
  DP  3.154660E+03  1.748292E-07
  DP  3.200150E+03  6.689310E-07
  DP  3.246300E+03  1.298848E-06
  DP  3.293110E+03  1.158668E-06
  DP  3.340590E+03  1.565296E-07
  DP  3.388770E+03  2.427259E-08
  DP  3.437630E+03  8.529970E-08
  DP  3.487200E+03  1.071849E-07
  DP  3.537490E+03  1.428475E-08
  DP  3.588500E+03  3.434850E-11
  DP  3.640240E+03  1.896444E-12
  DP  3.692730E+03  7.278701E-14
  DP  3.745980E+03  0.000000E+00
  DP  3.800000E+03  0.000000E+00
  
 EN
