 # final1D_0_1p38_0p6_1p25_core/final1D_0_1p38_0p6_1p25_core_15_100/quickspec.dat                      
 #    1.0000000000000000      =Mpc
  DP  3.000000E+00  0.000000E+00
  DP  3.043260E+00  0.000000E+00
  DP  3.087140E+00  0.000000E+00
  DP  3.131660E+00  0.000000E+00
  DP  3.176820E+00  0.000000E+00
  DP  3.222630E+00  0.000000E+00
  DP  3.269100E+00  0.000000E+00
  DP  3.316240E+00  0.000000E+00
  DP  3.364060E+00  0.000000E+00
  DP  3.412570E+00  0.000000E+00
  DP  3.461780E+00  0.000000E+00
  DP  3.511690E+00  0.000000E+00
  DP  3.562330E+00  0.000000E+00
  DP  3.613700E+00  0.000000E+00
  DP  3.665810E+00  0.000000E+00
  DP  3.718670E+00  0.000000E+00
  DP  3.772290E+00  0.000000E+00
  DP  3.826690E+00  0.000000E+00
  DP  3.881870E+00  0.000000E+00
  DP  3.937850E+00  0.000000E+00
  DP  3.994630E+00  0.000000E+00
  DP  4.052230E+00  0.000000E+00
  DP  4.110660E+00  0.000000E+00
  DP  4.169940E+00  0.000000E+00
  DP  4.230070E+00  0.000000E+00
  DP  4.291070E+00  0.000000E+00
  DP  4.352940E+00  0.000000E+00
  DP  4.415710E+00  0.000000E+00
  DP  4.479390E+00  0.000000E+00
  DP  4.543980E+00  0.000000E+00
  DP  4.609500E+00  0.000000E+00
  DP  4.675970E+00  0.000000E+00
  DP  4.743400E+00  0.000000E+00
  DP  4.811800E+00  0.000000E+00
  DP  4.881180E+00  0.000000E+00
  DP  4.951570E+00  0.000000E+00
  DP  5.022970E+00  0.000000E+00
  DP  5.095400E+00  0.000000E+00
  DP  5.168880E+00  0.000000E+00
  DP  5.243410E+00  0.000000E+00
  DP  5.319020E+00  0.000000E+00
  DP  5.395720E+00  0.000000E+00
  DP  5.473530E+00  0.000000E+00
  DP  5.552450E+00  0.000000E+00
  DP  5.632520E+00  0.000000E+00
  DP  5.713740E+00  0.000000E+00
  DP  5.796130E+00  0.000000E+00
  DP  5.879710E+00  0.000000E+00
  DP  5.964500E+00  0.000000E+00
  DP  6.050500E+00  0.000000E+00
  DP  6.137750E+00  0.000000E+00
  DP  6.226260E+00  0.000000E+00
  DP  6.316040E+00  0.000000E+00
  DP  6.407120E+00  0.000000E+00
  DP  6.499510E+00  0.000000E+00
  DP  6.593230E+00  0.000000E+00
  DP  6.688300E+00  0.000000E+00
  DP  6.784750E+00  1.752704E-10
  DP  6.882580E+00  3.455899E-11
  DP  6.981830E+00  6.813589E-11
  DP  7.082500E+00  2.686420E-10
  DP  7.184630E+00  3.972542E-10
  DP  7.288240E+00  6.200334E-10
  DP  7.393330E+00  5.147069E-10
  DP  7.499940E+00  0.000000E+00
  DP  7.608090E+00  0.000000E+00
  DP  7.717800E+00  3.081959E-11
  DP  7.829090E+00  3.037790E-11
  DP  7.941980E+00  8.983867E-11
  DP  8.056510E+00  2.361672E-10
  DP  8.172680E+00  8.730764E-11
  DP  8.290530E+00  0.000000E+00
  DP  8.410080E+00  0.000000E+00
  DP  8.531350E+00  0.000000E+00
  DP  8.654370E+00  0.000000E+00
  DP  8.779170E+00  0.000000E+00
  DP  8.905760E+00  0.000000E+00
  DP  9.034180E+00  0.000000E+00
  DP  9.164450E+00  0.000000E+00
  DP  9.296600E+00  0.000000E+00
  DP  9.430660E+00  0.000000E+00
  DP  9.566650E+00  0.000000E+00
  DP  9.704600E+00  0.000000E+00
  DP  9.844540E+00  0.000000E+00
  DP  9.986500E+00  0.000000E+00
  DP  1.013050E+01  0.000000E+00
  DP  1.027660E+01  0.000000E+00
  DP  1.042480E+01  0.000000E+00
  DP  1.057510E+01  0.000000E+00
  DP  1.072760E+01  0.000000E+00
  DP  1.088230E+01  0.000000E+00
  DP  1.103920E+01  0.000000E+00
  DP  1.119840E+01  0.000000E+00
  DP  1.135990E+01  0.000000E+00
  DP  1.152370E+01  0.000000E+00
  DP  1.168980E+01  0.000000E+00
  DP  1.185840E+01  0.000000E+00
  DP  1.202940E+01  0.000000E+00
  DP  1.220290E+01  0.000000E+00
  DP  1.237880E+01  0.000000E+00
  DP  1.255730E+01  0.000000E+00
  DP  1.273840E+01  0.000000E+00
  DP  1.292210E+01  0.000000E+00
  DP  1.310840E+01  0.000000E+00
  DP  1.329740E+01  0.000000E+00
  DP  1.348920E+01  0.000000E+00
  DP  1.368370E+01  1.738073E-11
  DP  1.388100E+01  0.000000E+00
  DP  1.408120E+01  1.689182E-11
  DP  1.428420E+01  0.000000E+00
  DP  1.449020E+01  1.641344E-11
  DP  1.469920E+01  7.304964E-11
  DP  1.491110E+01  1.595018E-11
  DP  1.512610E+01  3.144554E-11
  DP  1.534430E+01  1.549971E-11
  DP  1.556550E+01  0.000000E+00
  DP  1.579000E+01  0.000000E+00
  DP  1.601770E+01  0.000000E+00
  DP  1.624860E+01  0.000000E+00
  DP  1.648290E+01  0.000000E+00
  DP  1.672060E+01  0.000000E+00
  DP  1.696170E+01  0.000000E+00
  DP  1.720630E+01  0.000000E+00
  DP  1.745440E+01  0.000000E+00
  DP  1.770610E+01  0.000000E+00
  DP  1.796140E+01  0.000000E+00
  DP  1.822040E+01  0.000000E+00
  DP  1.848320E+01  0.000000E+00
  DP  1.874970E+01  0.000000E+00
  DP  1.902010E+01  0.000000E+00
  DP  1.929430E+01  0.000000E+00
  DP  1.957260E+01  0.000000E+00
  DP  1.985480E+01  0.000000E+00
  DP  2.014110E+01  0.000000E+00
  DP  2.043150E+01  0.000000E+00
  DP  2.072620E+01  0.000000E+00
  DP  2.102500E+01  0.000000E+00
  DP  2.132820E+01  0.000000E+00
  DP  2.163580E+01  0.000000E+00
  DP  2.194770E+01  0.000000E+00
  DP  2.226420E+01  0.000000E+00
  DP  2.258530E+01  0.000000E+00
  DP  2.291100E+01  0.000000E+00
  DP  2.324130E+01  0.000000E+00
  DP  2.357650E+01  0.000000E+00
  DP  2.391640E+01  0.000000E+00
  DP  2.426130E+01  0.000000E+00
  DP  2.461120E+01  0.000000E+00
  DP  2.496600E+01  0.000000E+00
  DP  2.532610E+01  0.000000E+00
  DP  2.569130E+01  1.209255E-08
  DP  2.606170E+01  0.000000E+00
  DP  2.643750E+01  0.000000E+00
  DP  2.681880E+01  0.000000E+00
  DP  2.720550E+01  1.141947E-08
  DP  2.759780E+01  0.000000E+00
  DP  2.799570E+01  3.329130E-08
  DP  2.839940E+01  4.375744E-08
  DP  2.880890E+01  4.313542E-08
  DP  2.922440E+01  7.450425E-08
  DP  2.964580E+01  1.047942E-08
  DP  3.007330E+01  7.231347E-08
  DP  3.050690E+01  8.405883E-08
  DP  3.094680E+01  8.031108E-08
  DP  3.139310E+01  1.104897E-07
  DP  3.184580E+01  1.853544E-07
  DP  3.230500E+01  2.165398E-07
  DP  3.277080E+01  1.150830E-07
  DP  3.324340E+01  2.919820E-07
  DP  3.372270E+01  3.869679E-07
  DP  3.420900E+01  2.020046E-07
  DP  3.470230E+01  4.669348E-07
  DP  3.520270E+01  3.443707E-07
  DP  3.571030E+01  4.641247E-07
  DP  3.622530E+01  5.914659E-07
  DP  3.674760E+01  6.632306E-07
  DP  3.727750E+01  6.249083E-07
  DP  3.781510E+01  8.695001E-07
  DP  3.836040E+01  9.613575E-07
  DP  3.891350E+01  1.070462E-06
  DP  3.947460E+01  1.101061E-06
  DP  4.004390E+01  1.256692E-06
  DP  4.062130E+01  1.340862E-06
  DP  4.120700E+01  1.389744E-06
  DP  4.180120E+01  1.603708E-06
  DP  4.240400E+01  1.837275E-06
  DP  4.301550E+01  1.967395E-06
  DP  4.363570E+01  1.867189E-06
  DP  4.426500E+01  2.178567E-06
  DP  4.490330E+01  2.511779E-06
  DP  4.555080E+01  2.677362E-06
  DP  4.620760E+01  2.861043E-06
  DP  4.687390E+01  2.548111E-06
  DP  4.754980E+01  3.390989E-06
  DP  4.823550E+01  3.481109E-06
  DP  4.893100E+01  3.484551E-06
  DP  4.963660E+01  3.758026E-06
  DP  5.035240E+01  3.878754E-06
  DP  5.107850E+01  4.145369E-06
  DP  5.181500E+01  4.317853E-06
  DP  5.256220E+01  4.635582E-06
  DP  5.332010E+01  4.637570E-06
  DP  5.408900E+01  4.997187E-06
  DP  5.486890E+01  4.906007E-06
  DP  5.566010E+01  5.097309E-06
  DP  5.646280E+01  5.322353E-06
  DP  5.727690E+01  5.626227E-06
  DP  5.810290E+01  5.812892E-06
  DP  5.894070E+01  5.962096E-06
  DP  5.979060E+01  6.277794E-06
  DP  6.065280E+01  6.722968E-06
  DP  6.152740E+01  6.570781E-06
  DP  6.241460E+01  6.934116E-06
  DP  6.331460E+01  6.524614E-06
  DP  6.422760E+01  7.076502E-06
  DP  6.515380E+01  6.933138E-06
  DP  6.609330E+01  7.238985E-06
  DP  6.704640E+01  7.270169E-06
  DP  6.801320E+01  7.218688E-06
  DP  6.899390E+01  7.346334E-06
  DP  6.998880E+01  7.671140E-06
  DP  7.099800E+01  7.983746E-06
  DP  7.202180E+01  7.722663E-06
  DP  7.306040E+01  7.672978E-06
  DP  7.411390E+01  8.053920E-06
  DP  7.518260E+01  7.909211E-06
  DP  7.626670E+01  7.872461E-06
  DP  7.736650E+01  7.869244E-06
  DP  7.848210E+01  8.044286E-06
  DP  7.961380E+01  8.055031E-06
  DP  8.076180E+01  8.136260E-06
  DP  8.192640E+01  8.224934E-06
  DP  8.310780E+01  8.037567E-06
  DP  8.430620E+01  8.160835E-06
  DP  8.552190E+01  8.152253E-06
  DP  8.675510E+01  7.795778E-06
  DP  8.800610E+01  7.994860E-06
  DP  8.927510E+01  8.052366E-06
  DP  9.056250E+01  7.892440E-06
  DP  9.186840E+01  7.920709E-06
  DP  9.319310E+01  7.583979E-06
  DP  9.453690E+01  7.971054E-06
  DP  9.590010E+01  7.571746E-06
  DP  9.728300E+01  7.704414E-06
  DP  9.868580E+01  7.721544E-06
  DP  1.001090E+02  7.562437E-06
  DP  1.015520E+02  7.755360E-06
  DP  1.030170E+02  7.571938E-06
  DP  1.045020E+02  7.650041E-06
  DP  1.060090E+02  7.557265E-06
  DP  1.075380E+02  7.348515E-06
  DP  1.090890E+02  7.252605E-06
  DP  1.106620E+02  7.055128E-06
  DP  1.122570E+02  7.045710E-06
  DP  1.138760E+02  7.037304E-06
  DP  1.155180E+02  7.056105E-06
  DP  1.171840E+02  6.840362E-06
  DP  1.188740E+02  6.887498E-06
  DP  1.205880E+02  6.561255E-06
  DP  1.223270E+02  6.823825E-06
  DP  1.240910E+02  6.632030E-06
  DP  1.258800E+02  6.189279E-06
  DP  1.276950E+02  6.206217E-06
  DP  1.295370E+02  6.315998E-06
  DP  1.314040E+02  5.905877E-06
  DP  1.332990E+02  6.037785E-06
  DP  1.352210E+02  5.999765E-06
  DP  1.371710E+02  6.036473E-06
  DP  1.391490E+02  5.944106E-06
  DP  1.411560E+02  5.547296E-06
  DP  1.431910E+02  5.720917E-06
  DP  1.452560E+02  5.427279E-06
  DP  1.473510E+02  5.517198E-06
  DP  1.494750E+02  5.376851E-06
  DP  1.516310E+02  5.203898E-06
  DP  1.538170E+02  5.363180E-06
  DP  1.560350E+02  5.167291E-06
  DP  1.582850E+02  5.440665E-06
  DP  1.605680E+02  6.836560E-06
  DP  1.628830E+02  5.494152E-06
  DP  1.652320E+02  4.313224E-06
  DP  1.676150E+02  4.169935E-06
  DP  1.700320E+02  4.016218E-06
  DP  1.724830E+02  4.053302E-06
  DP  1.749710E+02  3.935809E-06
  DP  1.774940E+02  3.777822E-06
  DP  1.800530E+02  3.949863E-06
  DP  1.826490E+02  3.921687E-06
  DP  1.852830E+02  3.871526E-06
  DP  1.879550E+02  3.620303E-06
  DP  1.906650E+02  3.702902E-06
  DP  1.934150E+02  3.500210E-06
  DP  1.962040E+02  3.561777E-06
  DP  1.990330E+02  3.529156E-06
  DP  2.019030E+02  3.476571E-06
  DP  2.048140E+02  3.364058E-06
  DP  2.077680E+02  3.512093E-06
  DP  2.107640E+02  3.379491E-06
  DP  2.138030E+02  3.309067E-06
  DP  2.168860E+02  3.284475E-06
  DP  2.200130E+02  3.182164E-06
  DP  2.231860E+02  3.211653E-06
  DP  2.264040E+02  3.175672E-06
  DP  2.296690E+02  3.097343E-06
  DP  2.329810E+02  3.105866E-06
  DP  2.363400E+02  3.072851E-06
  DP  2.397480E+02  2.935487E-06
  DP  2.432060E+02  2.899289E-06
  DP  2.467130E+02  2.891585E-06
  DP  2.502700E+02  2.777793E-06
  DP  2.538790E+02  2.791856E-06
  DP  2.575400E+02  2.833619E-06
  DP  2.612540E+02  2.710084E-06
  DP  2.650210E+02  2.721014E-06
  DP  2.688430E+02  2.850331E-06
  DP  2.727190E+02  3.218546E-06
  DP  2.766520E+02  3.363289E-06
  DP  2.806410E+02  2.544435E-06
  DP  2.846880E+02  2.375184E-06
  DP  2.887930E+02  2.349957E-06
  DP  2.929570E+02  2.250061E-06
  DP  2.971820E+02  2.303239E-06
  DP  3.014670E+02  2.242566E-06
  DP  3.058140E+02  2.235706E-06
  DP  3.102240E+02  2.216036E-06
  DP  3.146980E+02  2.176086E-06
  DP  3.192350E+02  2.179746E-06
  DP  3.238390E+02  2.163527E-06
  DP  3.285080E+02  2.078538E-06
  DP  3.332460E+02  2.071870E-06
  DP  3.380510E+02  1.998237E-06
  DP  3.429260E+02  2.106221E-06
  DP  3.478710E+02  2.012985E-06
  DP  3.528870E+02  1.947407E-06
  DP  3.579750E+02  1.968030E-06
  DP  3.631370E+02  1.878829E-06
  DP  3.683740E+02  1.900772E-06
  DP  3.736860E+02  1.912646E-06
  DP  3.790740E+02  1.920551E-06
  DP  3.845400E+02  1.790649E-06
  DP  3.900850E+02  1.780738E-06
  DP  3.957100E+02  1.840225E-06
  DP  4.014170E+02  1.726098E-06
  DP  4.072050E+02  1.733201E-06
  DP  4.130770E+02  1.652582E-06
  DP  4.190330E+02  1.717057E-06
  DP  4.250760E+02  1.699192E-06
  DP  4.312050E+02  1.652332E-06
  DP  4.374230E+02  1.593012E-06
  DP  4.437310E+02  1.608379E-06
  DP  4.501290E+02  1.608262E-06
  DP  4.566200E+02  1.553280E-06
  DP  4.632050E+02  1.474650E-06
  DP  4.698840E+02  1.555962E-06
  DP  4.766600E+02  1.600424E-06
  DP  4.835330E+02  2.140915E-06
  DP  4.905060E+02  2.516066E-06
  DP  4.975790E+02  1.379550E-06
  DP  5.047540E+02  1.283105E-06
  DP  5.120320E+02  1.380294E-06
  DP  5.194160E+02  1.663930E-06
  DP  5.269050E+02  1.292422E-06
  DP  5.345030E+02  1.124567E-06
  DP  5.422110E+02  1.162528E-06
  DP  5.500290E+02  1.168043E-06
  DP  5.579610E+02  1.103376E-06
  DP  5.660070E+02  1.124375E-06
  DP  5.741680E+02  1.133926E-06
  DP  5.824480E+02  1.095772E-06
  DP  5.908470E+02  1.050098E-06
  DP  5.993670E+02  1.042979E-06
  DP  6.080090E+02  1.070938E-06
  DP  6.167770E+02  1.060577E-06
  DP  6.256710E+02  1.026025E-06
  DP  6.346930E+02  1.034088E-06
  DP  6.438450E+02  1.028055E-06
  DP  6.531290E+02  9.982576E-07
  DP  6.625470E+02  1.011903E-06
  DP  6.721010E+02  9.588173E-07
  DP  6.817930E+02  9.741924E-07
  DP  6.916240E+02  9.742508E-07
  DP  7.015970E+02  9.680173E-07
  DP  7.117140E+02  9.206471E-07
  DP  7.219770E+02  9.466677E-07
  DP  7.323880E+02  9.291368E-07
  DP  7.429490E+02  1.040907E-06
  DP  7.536620E+02  1.763734E-06
  DP  7.645300E+02  2.706850E-06
  DP  7.755540E+02  8.282549E-07
  DP  7.867380E+02  6.974300E-07
  DP  7.980820E+02  7.362127E-07
  DP  8.095910E+02  1.241568E-06
  DP  8.212650E+02  3.564794E-06
  DP  8.331070E+02  2.228962E-06
  DP  8.451210E+02  6.809227E-07
  DP  8.573070E+02  1.559931E-06
  DP  8.696700E+02  8.162339E-07
  DP  8.822100E+02  2.729520E-07
  DP  8.949320E+02  2.347643E-07
  DP  9.078360E+02  2.238363E-07
  DP  9.209270E+02  2.195146E-07
  DP  9.342070E+02  2.372460E-07
  DP  9.476780E+02  2.098676E-07
  DP  9.613440E+02  2.270416E-07
  DP  9.752060E+02  2.179436E-07
  DP  9.892680E+02  2.484957E-07
  DP  1.003530E+03  2.140932E-07
  DP  1.018000E+03  2.193859E-07
  DP  1.032680E+03  2.445040E-07
  DP  1.047580E+03  3.546636E-07
  DP  1.062680E+03  3.267112E-07
  DP  1.078000E+03  1.855474E-07
  DP  1.093550E+03  1.908184E-07
  DP  1.109320E+03  1.778725E-07
  DP  1.125310E+03  2.086902E-07
  DP  1.141540E+03  1.811355E-07
  DP  1.158000E+03  1.930896E-07
  DP  1.174700E+03  1.975416E-07
  DP  1.191640E+03  2.038136E-07
  DP  1.208820E+03  1.913590E-07
  DP  1.226250E+03  2.606587E-07
  DP  1.243940E+03  7.260393E-07
  DP  1.261870E+03  1.083389E-06
  DP  1.280070E+03  1.542693E-07
  DP  1.298530E+03  1.015245E-07
  DP  1.317250E+03  1.006263E-07
  DP  1.336250E+03  1.020568E-07
  DP  1.355520E+03  1.128135E-07
  DP  1.375060E+03  1.627347E-07
  DP  1.394890E+03  1.205762E-07
  DP  1.415010E+03  9.695882E-08
  DP  1.435410E+03  9.862166E-08
  DP  1.456110E+03  9.986921E-08
  DP  1.477110E+03  9.505449E-08
  DP  1.498400E+03  9.219089E-08
  DP  1.520010E+03  8.837136E-08
  DP  1.541930E+03  1.169363E-07
  DP  1.564160E+03  3.923592E-07
  DP  1.586720E+03  7.558518E-07
  DP  1.609600E+03  1.458481E-07
  DP  1.632810E+03  5.211619E-08
  DP  1.656360E+03  5.180978E-08
  DP  1.680240E+03  5.128552E-08
  DP  1.704470E+03  4.379053E-08
  DP  1.729050E+03  4.571909E-08
  DP  1.753980E+03  7.429669E-08
  DP  1.779270E+03  1.990599E-07
  DP  1.804930E+03  2.935913E-07
  DP  1.830960E+03  5.239520E-08
  DP  1.857360E+03  3.898524E-08
  DP  1.884140E+03  3.556137E-08
  DP  1.911310E+03  3.530117E-08
  DP  1.938870E+03  3.708525E-08
  DP  1.966830E+03  3.831150E-08
  DP  1.995190E+03  4.915900E-08
  DP  2.023960E+03  9.721201E-08
  DP  2.053150E+03  1.843107E-07
  DP  2.082750E+03  1.023977E-07
  DP  2.112790E+03  2.485366E-08
  DP  2.143250E+03  2.339161E-08
  DP  2.174160E+03  2.214690E-08
  DP  2.205510E+03  2.586424E-08
  DP  2.237310E+03  2.702213E-08
  DP  2.269570E+03  2.864670E-08
  DP  2.302300E+03  2.206928E-08
  DP  2.335500E+03  2.022268E-08
  DP  2.369180E+03  2.190625E-08
  DP  2.403340E+03  2.029764E-08
  DP  2.438000E+03  1.871267E-08
  DP  2.473150E+03  2.235488E-08
  DP  2.508810E+03  2.114101E-08
  DP  2.544990E+03  2.498527E-08
  DP  2.581690E+03  8.503481E-08
  DP  2.618920E+03  2.682376E-07
  DP  2.656680E+03  1.716397E-07
  DP  2.694990E+03  1.011377E-08
  DP  2.733850E+03  8.908496E-09
  DP  2.773270E+03  7.397724E-09
  DP  2.813260E+03  8.364772E-09
  DP  2.853830E+03  8.927632E-09
  DP  2.894980E+03  8.802459E-09
  DP  2.936730E+03  8.507576E-09
  DP  2.979080E+03  1.028264E-08
  DP  3.022030E+03  1.937288E-08
  DP  3.065610E+03  2.480035E-08
  DP  3.109820E+03  8.133661E-09
  DP  3.154660E+03  1.217878E-08
  DP  3.200150E+03  3.824950E-08
  DP  3.246300E+03  1.118868E-07
  DP  3.293110E+03  1.756314E-07
  DP  3.340590E+03  5.502416E-08
  DP  3.388770E+03  1.971431E-09
  DP  3.437630E+03  5.384229E-09
  DP  3.487200E+03  1.232276E-08
  DP  3.537490E+03  4.300581E-09
  DP  3.588500E+03  1.937589E-11
  DP  3.640240E+03  1.562430E-12
  DP  3.692730E+03  0.000000E+00
  DP  3.745980E+03  0.000000E+00
  DP  3.800000E+03  0.000000E+00
  
 EN
