 # final1D_0_1p38_0p6_1p25_core/final1D_0_1p38_0p6_1p25_core_50_100/quickspec.dat                      
 #    1.0000000000000000      =Mpc
  DP  3.000000E+00  0.000000E+00
  DP  3.043260E+00  0.000000E+00
  DP  3.087140E+00  0.000000E+00
  DP  3.131660E+00  0.000000E+00
  DP  3.176820E+00  0.000000E+00
  DP  3.222630E+00  0.000000E+00
  DP  3.269100E+00  0.000000E+00
  DP  3.316240E+00  0.000000E+00
  DP  3.364060E+00  0.000000E+00
  DP  3.412570E+00  0.000000E+00
  DP  3.461780E+00  0.000000E+00
  DP  3.511690E+00  0.000000E+00
  DP  3.562330E+00  0.000000E+00
  DP  3.613700E+00  0.000000E+00
  DP  3.665810E+00  0.000000E+00
  DP  3.718670E+00  0.000000E+00
  DP  3.772290E+00  0.000000E+00
  DP  3.826690E+00  0.000000E+00
  DP  3.881870E+00  0.000000E+00
  DP  3.937850E+00  0.000000E+00
  DP  3.994630E+00  0.000000E+00
  DP  4.052230E+00  0.000000E+00
  DP  4.110660E+00  0.000000E+00
  DP  4.169940E+00  0.000000E+00
  DP  4.230070E+00  0.000000E+00
  DP  4.291070E+00  0.000000E+00
  DP  4.352940E+00  0.000000E+00
  DP  4.415710E+00  0.000000E+00
  DP  4.479390E+00  0.000000E+00
  DP  4.543980E+00  0.000000E+00
  DP  4.609500E+00  0.000000E+00
  DP  4.675970E+00  0.000000E+00
  DP  4.743400E+00  0.000000E+00
  DP  4.811800E+00  0.000000E+00
  DP  4.881180E+00  0.000000E+00
  DP  4.951570E+00  0.000000E+00
  DP  5.022970E+00  0.000000E+00
  DP  5.095400E+00  0.000000E+00
  DP  5.168880E+00  0.000000E+00
  DP  5.243410E+00  0.000000E+00
  DP  5.319020E+00  0.000000E+00
  DP  5.395720E+00  0.000000E+00
  DP  5.473530E+00  0.000000E+00
  DP  5.552450E+00  0.000000E+00
  DP  5.632520E+00  0.000000E+00
  DP  5.713740E+00  0.000000E+00
  DP  5.796130E+00  0.000000E+00
  DP  5.879710E+00  0.000000E+00
  DP  5.964500E+00  0.000000E+00
  DP  6.050500E+00  8.620214E-12
  DP  6.137750E+00  0.000000E+00
  DP  6.226260E+00  5.863429E-11
  DP  6.316040E+00  4.967340E-10
  DP  6.407120E+00  1.723099E-09
  DP  6.499510E+00  2.777283E-09
  DP  6.593230E+00  4.671262E-09
  DP  6.688300E+00  6.314160E-09
  DP  6.784750E+00  3.534044E-09
  DP  6.882580E+00  5.887786E-11
  DP  6.981830E+00  4.137664E-10
  DP  7.082500E+00  8.401956E-10
  DP  7.184630E+00  1.148674E-09
  DP  7.288240E+00  1.045060E-09
  DP  7.393330E+00  1.232033E-09
  DP  7.499940E+00  3.498614E-10
  DP  7.608090E+00  0.000000E+00
  DP  7.717800E+00  2.703149E-11
  DP  7.829090E+00  9.413115E-11
  DP  7.941980E+00  2.981437E-11
  DP  8.056510E+00  4.382562E-11
  DP  8.172680E+00  0.000000E+00
  DP  8.290530E+00  0.000000E+00
  DP  8.410080E+00  0.000000E+00
  DP  8.531350E+00  0.000000E+00
  DP  8.654370E+00  0.000000E+00
  DP  8.779170E+00  0.000000E+00
  DP  8.905760E+00  0.000000E+00
  DP  9.034180E+00  0.000000E+00
  DP  9.164450E+00  0.000000E+00
  DP  9.296600E+00  0.000000E+00
  DP  9.430660E+00  0.000000E+00
  DP  9.566650E+00  0.000000E+00
  DP  9.704600E+00  0.000000E+00
  DP  9.844540E+00  0.000000E+00
  DP  9.986500E+00  0.000000E+00
  DP  1.013050E+01  0.000000E+00
  DP  1.027660E+01  0.000000E+00
  DP  1.042480E+01  0.000000E+00
  DP  1.057510E+01  0.000000E+00
  DP  1.072760E+01  0.000000E+00
  DP  1.088230E+01  0.000000E+00
  DP  1.103920E+01  0.000000E+00
  DP  1.119840E+01  0.000000E+00
  DP  1.135990E+01  0.000000E+00
  DP  1.152370E+01  0.000000E+00
  DP  1.168980E+01  0.000000E+00
  DP  1.185840E+01  0.000000E+00
  DP  1.202940E+01  0.000000E+00
  DP  1.220290E+01  0.000000E+00
  DP  1.237880E+01  0.000000E+00
  DP  1.255730E+01  0.000000E+00
  DP  1.273840E+01  0.000000E+00
  DP  1.292210E+01  0.000000E+00
  DP  1.310840E+01  0.000000E+00
  DP  1.329740E+01  0.000000E+00
  DP  1.348920E+01  0.000000E+00
  DP  1.368370E+01  3.811580E-12
  DP  1.388100E+01  4.653380E-11
  DP  1.408120E+01  3.603323E-10
  DP  1.428420E+01  1.619008E-09
  DP  1.449020E+01  4.337214E-09
  DP  1.469920E+01  1.381414E-09
  DP  1.491110E+01  7.042084E-09
  DP  1.512610E+01  3.770477E-10
  DP  1.534430E+01  3.582642E-11
  DP  1.556550E+01  0.000000E+00
  DP  1.579000E+01  0.000000E+00
  DP  1.601770E+01  0.000000E+00
  DP  1.624860E+01  0.000000E+00
  DP  1.648290E+01  0.000000E+00
  DP  1.672060E+01  0.000000E+00
  DP  1.696170E+01  0.000000E+00
  DP  1.720630E+01  0.000000E+00
  DP  1.745440E+01  0.000000E+00
  DP  1.770610E+01  0.000000E+00
  DP  1.796140E+01  0.000000E+00
  DP  1.822040E+01  0.000000E+00
  DP  1.848320E+01  0.000000E+00
  DP  1.874970E+01  0.000000E+00
  DP  1.902010E+01  0.000000E+00
  DP  1.929430E+01  0.000000E+00
  DP  1.957260E+01  0.000000E+00
  DP  1.985480E+01  0.000000E+00
  DP  2.014110E+01  0.000000E+00
  DP  2.043150E+01  0.000000E+00
  DP  2.072620E+01  0.000000E+00
  DP  2.102500E+01  0.000000E+00
  DP  2.132820E+01  0.000000E+00
  DP  2.163580E+01  0.000000E+00
  DP  2.194770E+01  0.000000E+00
  DP  2.226420E+01  0.000000E+00
  DP  2.258530E+01  0.000000E+00
  DP  2.291100E+01  0.000000E+00
  DP  2.324130E+01  0.000000E+00
  DP  2.357650E+01  0.000000E+00
  DP  2.391640E+01  0.000000E+00
  DP  2.426130E+01  0.000000E+00
  DP  2.461120E+01  0.000000E+00
  DP  2.496600E+01  0.000000E+00
  DP  2.532610E+01  0.000000E+00
  DP  2.569130E+01  0.000000E+00
  DP  2.606170E+01  0.000000E+00
  DP  2.643750E+01  0.000000E+00
  DP  2.681880E+01  0.000000E+00
  DP  2.720550E+01  0.000000E+00
  DP  2.759780E+01  0.000000E+00
  DP  2.799570E+01  0.000000E+00
  DP  2.839940E+01  0.000000E+00
  DP  2.880890E+01  0.000000E+00
  DP  2.922440E+01  0.000000E+00
  DP  2.964580E+01  0.000000E+00
  DP  3.007330E+01  0.000000E+00
  DP  3.050690E+01  0.000000E+00
  DP  3.094680E+01  0.000000E+00
  DP  3.139310E+01  0.000000E+00
  DP  3.184580E+01  0.000000E+00
  DP  3.230500E+01  0.000000E+00
  DP  3.277080E+01  0.000000E+00
  DP  3.324340E+01  0.000000E+00
  DP  3.372270E+01  2.020179E-09
  DP  3.420900E+01  0.000000E+00
  DP  3.470230E+01  1.963158E-09
  DP  3.520270E+01  1.935249E-09
  DP  3.571030E+01  0.000000E+00
  DP  3.622530E+01  0.000000E+00
  DP  3.674760E+01  9.269475E-09
  DP  3.727750E+01  7.310153E-09
  DP  3.781510E+01  1.441251E-08
  DP  3.836040E+01  1.065574E-08
  DP  3.891350E+01  8.753493E-09
  DP  3.947460E+01  1.208077E-08
  DP  4.004390E+01  2.722058E-08
  DP  4.062130E+01  1.006263E-08
  DP  4.120700E+01  2.314570E-08
  DP  4.180120E+01  3.422500E-08
  DP  4.240400E+01  3.213190E-08
  DP  4.301550E+01  5.701531E-08
  DP  4.363570E+01  5.932733E-08
  DP  4.426500E+01  6.925735E-08
  DP  4.490330E+01  7.585876E-08
  DP  4.555080E+01  8.824101E-08
  DP  4.620760E+01  1.120506E-07
  DP  4.687390E+01  1.133642E-07
  DP  4.754980E+01  1.518694E-07
  DP  4.823550E+01  1.376534E-07
  DP  4.893100E+01  1.907432E-07
  DP  4.963660E+01  2.113641E-07
  DP  5.035240E+01  2.110658E-07
  DP  5.107850E+01  2.694266E-07
  DP  5.181500E+01  2.642735E-07
  DP  5.256220E+01  2.942155E-07
  DP  5.332010E+01  3.666946E-07
  DP  5.408900E+01  4.370538E-07
  DP  5.486890E+01  4.752131E-07
  DP  5.566010E+01  5.018261E-07
  DP  5.646280E+01  5.634667E-07
  DP  5.727690E+01  6.530989E-07
  DP  5.810290E+01  7.773785E-07
  DP  5.894070E+01  8.117935E-07
  DP  5.979060E+01  9.388799E-07
  DP  6.065280E+01  1.032250E-06
  DP  6.152740E+01  1.080690E-06
  DP  6.241460E+01  1.181655E-06
  DP  6.331460E+01  1.325646E-06
  DP  6.422760E+01  1.451821E-06
  DP  6.515380E+01  1.523474E-06
  DP  6.609330E+01  1.745100E-06
  DP  6.704640E+01  1.743053E-06
  DP  6.801320E+01  1.991309E-06
  DP  6.899390E+01  2.167153E-06
  DP  6.998880E+01  2.267016E-06
  DP  7.099800E+01  2.397252E-06
  DP  7.202180E+01  2.619480E-06
  DP  7.306040E+01  2.786040E-06
  DP  7.411390E+01  2.985882E-06
  DP  7.518260E+01  3.130533E-06
  DP  7.626670E+01  3.318935E-06
  DP  7.736650E+01  3.593514E-06
  DP  7.848210E+01  3.816752E-06
  DP  7.961380E+01  4.103981E-06
  DP  8.076180E+01  4.267634E-06
  DP  8.192640E+01  4.520670E-06
  DP  8.310780E+01  4.790293E-06
  DP  8.430620E+01  5.044416E-06
  DP  8.552190E+01  5.343259E-06
  DP  8.675510E+01  5.647192E-06
  DP  8.800610E+01  5.778590E-06
  DP  8.927510E+01  6.047444E-06
  DP  9.056250E+01  6.324563E-06
  DP  9.186840E+01  6.542270E-06
  DP  9.319310E+01  6.812461E-06
  DP  9.453690E+01  7.191339E-06
  DP  9.590010E+01  7.475769E-06
  DP  9.728300E+01  7.715661E-06
  DP  9.868580E+01  8.252592E-06
  DP  1.001090E+02  8.411314E-06
  DP  1.015520E+02  8.778561E-06
  DP  1.030170E+02  8.898051E-06
  DP  1.045020E+02  9.408101E-06
  DP  1.060090E+02  9.715101E-06
  DP  1.075380E+02  9.890827E-06
  DP  1.090890E+02  1.005753E-05
  DP  1.106620E+02  1.012087E-05
  DP  1.122570E+02  1.068715E-05
  DP  1.138760E+02  1.115467E-05
  DP  1.155180E+02  1.123823E-05
  DP  1.171840E+02  1.155342E-05
  DP  1.188740E+02  1.194222E-05
  DP  1.205880E+02  1.226903E-05
  DP  1.223270E+02  1.315359E-05
  DP  1.240910E+02  1.317616E-05
  DP  1.258800E+02  1.256608E-05
  DP  1.276950E+02  1.280356E-05
  DP  1.295370E+02  1.284935E-05
  DP  1.314040E+02  1.307154E-05
  DP  1.332990E+02  1.304739E-05
  DP  1.352210E+02  1.322111E-05
  DP  1.371710E+02  1.339868E-05
  DP  1.391490E+02  1.349327E-05
  DP  1.411560E+02  1.348725E-05
  DP  1.431910E+02  1.360540E-05
  DP  1.452560E+02  1.363331E-05
  DP  1.473510E+02  1.357933E-05
  DP  1.494750E+02  1.373133E-05
  DP  1.516310E+02  1.384639E-05
  DP  1.538170E+02  1.398443E-05
  DP  1.560350E+02  1.619133E-05
  DP  1.582850E+02  2.154820E-05
  DP  1.605680E+02  1.990482E-05
  DP  1.628830E+02  1.316521E-05
  DP  1.652320E+02  1.291119E-05
  DP  1.676150E+02  1.323623E-05
  DP  1.700320E+02  1.332447E-05
  DP  1.724830E+02  1.345349E-05
  DP  1.749710E+02  1.368871E-05
  DP  1.774940E+02  1.354566E-05
  DP  1.800530E+02  1.343670E-05
  DP  1.826490E+02  1.340452E-05
  DP  1.852830E+02  1.340812E-05
  DP  1.879550E+02  1.334929E-05
  DP  1.906650E+02  1.324910E-05
  DP  1.934150E+02  1.356479E-05
  DP  1.962040E+02  1.395477E-05
  DP  1.990330E+02  1.413250E-05
  DP  2.019030E+02  1.426135E-05
  DP  2.048140E+02  1.408838E-05
  DP  2.077680E+02  1.408871E-05
  DP  2.107640E+02  1.398201E-05
  DP  2.138030E+02  1.418255E-05
  DP  2.168860E+02  1.415932E-05
  DP  2.200130E+02  1.399396E-05
  DP  2.231860E+02  1.389953E-05
  DP  2.264040E+02  1.376392E-05
  DP  2.296690E+02  1.365554E-05
  DP  2.329810E+02  1.357983E-05
  DP  2.363400E+02  1.344505E-05
  DP  2.397480E+02  1.327275E-05
  DP  2.432060E+02  1.312610E-05
  DP  2.467130E+02  1.298355E-05
  DP  2.502700E+02  1.267964E-05
  DP  2.538790E+02  1.257837E-05
  DP  2.575400E+02  1.238701E-05
  DP  2.612540E+02  1.229627E-05
  DP  2.650210E+02  1.246773E-05
  DP  2.688430E+02  1.364601E-05
  DP  2.727190E+02  1.431115E-05
  DP  2.766520E+02  1.181739E-05
  DP  2.806410E+02  1.118651E-05
  DP  2.846880E+02  1.104688E-05
  DP  2.887930E+02  1.095881E-05
  DP  2.929570E+02  1.073228E-05
  DP  2.971820E+02  1.074097E-05
  DP  3.014670E+02  1.048561E-05
  DP  3.058140E+02  1.031698E-05
  DP  3.102240E+02  1.018738E-05
  DP  3.146980E+02  1.007708E-05
  DP  3.192350E+02  1.003697E-05
  DP  3.238390E+02  9.822810E-06
  DP  3.285080E+02  9.726883E-06
  DP  3.332460E+02  9.560431E-06
  DP  3.380510E+02  9.465507E-06
  DP  3.429260E+02  9.425398E-06
  DP  3.478710E+02  9.269225E-06
  DP  3.528870E+02  9.143885E-06
  DP  3.579750E+02  9.060492E-06
  DP  3.631370E+02  8.998240E-06
  DP  3.683740E+02  8.883763E-06
  DP  3.736860E+02  8.744552E-06
  DP  3.790740E+02  8.640937E-06
  DP  3.845400E+02  8.586790E-06
  DP  3.900850E+02  8.525457E-06
  DP  3.957100E+02  8.473149E-06
  DP  4.014170E+02  8.325239E-06
  DP  4.072050E+02  8.289501E-06
  DP  4.130770E+02  8.150190E-06
  DP  4.190330E+02  8.167328E-06
  DP  4.250760E+02  8.042681E-06
  DP  4.312050E+02  7.931814E-06
  DP  4.374230E+02  7.918160E-06
  DP  4.437310E+02  7.751425E-06
  DP  4.501290E+02  7.802781E-06
  DP  4.566200E+02  7.627163E-06
  DP  4.632050E+02  7.606080E-06
  DP  4.698840E+02  7.834065E-06
  DP  4.766600E+02  8.816580E-06
  DP  4.835330E+02  9.418797E-06
  DP  4.905060E+02  7.798728E-06
  DP  4.975790E+02  9.146642E-06
  DP  5.047540E+02  2.089267E-05
  DP  5.120320E+02  3.909646E-05
  DP  5.194160E+02  2.374256E-05
  DP  5.269050E+02  5.858916E-06
  DP  5.345030E+02  5.344596E-06
  DP  5.422110E+02  5.307964E-06
  DP  5.500290E+02  5.221287E-06
  DP  5.579610E+02  5.175931E-06
  DP  5.660070E+02  5.133750E-06
  DP  5.741680E+02  5.138780E-06
  DP  5.824480E+02  5.068071E-06
  DP  5.908470E+02  5.040772E-06
  DP  5.993670E+02  5.022740E-06
  DP  6.080090E+02  4.973231E-06
  DP  6.167770E+02  4.938462E-06
  DP  6.256710E+02  4.890632E-06
  DP  6.346930E+02  4.858378E-06
  DP  6.438450E+02  4.811116E-06
  DP  6.531290E+02  4.807949E-06
  DP  6.625470E+02  4.795716E-06
  DP  6.721010E+02  4.772846E-06
  DP  6.817930E+02  4.714930E-06
  DP  6.916240E+02  4.733673E-06
  DP  7.015970E+02  4.726929E-06
  DP  7.117140E+02  4.671646E-06
  DP  7.219770E+02  4.721690E-06
  DP  7.323880E+02  5.052028E-06
  DP  7.429490E+02  5.953857E-06
  DP  7.536620E+02  6.780424E-06
  DP  7.645300E+02  5.210048E-06
  DP  7.755540E+02  4.562751E-06
  DP  7.867380E+02  4.764130E-06
  DP  7.980820E+02  5.624556E-06
  DP  8.095910E+02  7.533659E-06
  DP  8.212650E+02  9.172546E-06
  DP  8.331070E+02  2.488241E-05
  DP  8.451210E+02  6.149605E-05
  DP  8.573070E+02  5.241684E-05
  DP  8.696700E+02  5.615289E-06
  DP  8.822100E+02  1.944716E-06
  DP  8.949320E+02  1.901382E-06
  DP  9.078360E+02  1.893937E-06
  DP  9.209270E+02  1.887879E-06
  DP  9.342070E+02  1.867072E-06
  DP  9.476780E+02  1.904900E-06
  DP  9.613440E+02  2.131047E-06
  DP  9.752060E+02  2.595766E-06
  DP  9.892680E+02  2.505446E-06
  DP  1.003530E+03  1.989179E-06
  DP  1.018000E+03  3.747072E-06
  DP  1.032680E+03  8.229571E-06
  DP  1.047580E+03  8.853848E-06
  DP  1.062680E+03  2.535043E-06
  DP  1.078000E+03  1.540453E-06
  DP  1.093550E+03  1.527510E-06
  DP  1.109320E+03  1.541982E-06
  DP  1.125310E+03  1.546094E-06
  DP  1.141540E+03  1.662409E-06
  DP  1.158000E+03  2.039741E-06
  DP  1.174700E+03  2.662371E-06
  DP  1.191640E+03  2.363661E-06
  DP  1.208820E+03  6.339361E-06
  DP  1.226250E+03  2.362416E-05
  DP  1.243940E+03  3.614821E-05
  DP  1.261870E+03  1.089898E-05
  DP  1.280070E+03  5.906186E-07
  DP  1.298530E+03  4.983718E-07
  DP  1.317250E+03  5.566473E-07
  DP  1.336250E+03  1.163656E-06
  DP  1.355520E+03  2.356550E-06
  DP  1.375060E+03  2.053110E-06
  DP  1.394890E+03  5.611495E-07
  DP  1.415010E+03  4.547518E-07
  DP  1.435410E+03  5.049864E-07
  DP  1.456110E+03  4.961649E-07
  DP  1.477110E+03  4.262545E-07
  DP  1.498400E+03  4.118421E-07
  DP  1.520010E+03  4.523595E-07
  DP  1.541930E+03  6.124278E-07
  DP  1.564160E+03  7.975349E-07
  DP  1.586720E+03  5.913506E-07
  DP  1.609600E+03  3.983137E-07
  DP  1.632810E+03  3.996147E-07
  DP  1.656360E+03  3.920149E-07
  DP  1.680240E+03  3.921035E-07
  DP  1.704470E+03  4.244864E-07
  DP  1.729050E+03  1.332757E-06
  DP  1.753980E+03  4.676493E-06
  DP  1.779270E+03  7.017434E-06
  DP  1.804930E+03  2.485358E-06
  DP  1.830960E+03  4.163735E-07
  DP  1.857360E+03  2.552223E-07
  DP  1.884140E+03  2.450973E-07
  DP  1.911310E+03  2.672064E-07
  DP  1.938870E+03  3.948727E-07
  DP  1.966830E+03  7.649281E-07
  DP  1.995190E+03  2.008615E-06
  DP  2.023960E+03  3.968857E-06
  DP  2.053150E+03  3.015888E-06
  DP  2.082750E+03  4.794287E-07
  DP  2.112790E+03  1.500863E-07
  DP  2.143250E+03  1.498389E-07
  DP  2.174160E+03  1.935600E-07
  DP  2.205510E+03  2.617383E-07
  DP  2.237310E+03  2.299729E-07
  DP  2.269570E+03  1.498673E-07
  DP  2.302300E+03  1.445713E-07
  DP  2.335500E+03  1.441100E-07
  DP  2.369180E+03  1.420737E-07
  DP  2.403340E+03  1.421656E-07
  DP  2.438000E+03  1.429160E-07
  DP  2.473150E+03  1.447702E-07
  DP  2.508810E+03  2.430208E-07
  DP  2.544990E+03  1.622802E-06
  DP  2.581690E+03  4.720303E-06
  DP  2.618920E+03  4.667376E-06
  DP  2.656680E+03  7.316060E-07
  DP  2.694990E+03  5.784932E-08
  DP  2.733850E+03  5.417820E-08
  DP  2.773270E+03  5.181755E-08
  DP  2.813260E+03  4.952500E-08
  DP  2.853830E+03  5.330868E-08
  DP  2.894980E+03  5.509744E-08
  DP  2.936730E+03  1.013900E-07
  DP  2.979080E+03  2.519876E-07
  DP  3.022030E+03  3.316612E-07
  DP  3.065610E+03  1.324192E-07
  DP  3.109820E+03  1.172413E-07
  DP  3.154660E+03  5.948192E-07
  DP  3.200150E+03  1.882790E-06
  DP  3.246300E+03  2.840396E-06
  DP  3.293110E+03  1.745242E-06
  DP  3.340590E+03  1.797693E-07
  DP  3.388770E+03  8.811817E-08
  DP  3.437630E+03  2.157184E-07
  DP  3.487200E+03  1.629294E-07
  DP  3.537490E+03  1.637458E-08
  DP  3.588500E+03  4.393166E-11
  DP  3.640240E+03  1.301823E-12
  DP  3.692730E+03  5.649849E-14
  DP  3.745980E+03  0.000000E+00
  DP  3.800000E+03  0.000000E+00
  
 EN
