 # final1D_0_1p38_0p6_1p25_core/final1D_0_1p38_0p6_1p25_core_150_100/quickspec.dat                     
 #    1.0000000000000000      =Mpc
  DP  3.000000E+00  8.738118E-09
  DP  3.043260E+00  0.000000E+00
  DP  3.087140E+00  0.000000E+00
  DP  3.131660E+00  0.000000E+00
  DP  3.176820E+00  0.000000E+00
  DP  3.222630E+00  0.000000E+00
  DP  3.269100E+00  0.000000E+00
  DP  3.316240E+00  0.000000E+00
  DP  3.364060E+00  0.000000E+00
  DP  3.412570E+00  0.000000E+00
  DP  3.461780E+00  0.000000E+00
  DP  3.511690E+00  0.000000E+00
  DP  3.562330E+00  0.000000E+00
  DP  3.613700E+00  0.000000E+00
  DP  3.665810E+00  0.000000E+00
  DP  3.718670E+00  0.000000E+00
  DP  3.772290E+00  0.000000E+00
  DP  3.826690E+00  0.000000E+00
  DP  3.881870E+00  0.000000E+00
  DP  3.937850E+00  0.000000E+00
  DP  3.994630E+00  0.000000E+00
  DP  4.052230E+00  0.000000E+00
  DP  4.110660E+00  0.000000E+00
  DP  4.169940E+00  0.000000E+00
  DP  4.230070E+00  0.000000E+00
  DP  4.291070E+00  0.000000E+00
  DP  4.352940E+00  0.000000E+00
  DP  4.415710E+00  0.000000E+00
  DP  4.479390E+00  0.000000E+00
  DP  4.543980E+00  0.000000E+00
  DP  4.609500E+00  0.000000E+00
  DP  4.675970E+00  0.000000E+00
  DP  4.743400E+00  0.000000E+00
  DP  4.811800E+00  0.000000E+00
  DP  4.881180E+00  0.000000E+00
  DP  4.951570E+00  0.000000E+00
  DP  5.022970E+00  0.000000E+00
  DP  5.095400E+00  0.000000E+00
  DP  5.168880E+00  0.000000E+00
  DP  5.243410E+00  0.000000E+00
  DP  5.319020E+00  0.000000E+00
  DP  5.395720E+00  0.000000E+00
  DP  5.473530E+00  0.000000E+00
  DP  5.552450E+00  0.000000E+00
  DP  5.632520E+00  0.000000E+00
  DP  5.713740E+00  0.000000E+00
  DP  5.796130E+00  0.000000E+00
  DP  5.879710E+00  1.882280E-11
  DP  5.964500E+00  6.729620E-12
  DP  6.050500E+00  2.270383E-11
  DP  6.137750E+00  4.845894E-10
  DP  6.226260E+00  2.486578E-09
  DP  6.316040E+00  7.770969E-09
  DP  6.407120E+00  1.712111E-08
  DP  6.499510E+00  4.645450E-08
  DP  6.593230E+00  6.100455E-08
  DP  6.688300E+00  2.751680E-08
  DP  6.784750E+00  2.681632E-09
  DP  6.882580E+00  6.113900E-10
  DP  6.981830E+00  1.747139E-09
  DP  7.082500E+00  3.384421E-09
  DP  7.184630E+00  4.866007E-09
  DP  7.288240E+00  1.993474E-08
  DP  7.393330E+00  3.005736E-09
  DP  7.499940E+00  2.472364E-10
  DP  7.608090E+00  0.000000E+00
  DP  7.717800E+00  0.000000E+00
  DP  7.829090E+00  0.000000E+00
  DP  7.941980E+00  0.000000E+00
  DP  8.056510E+00  0.000000E+00
  DP  8.172680E+00  0.000000E+00
  DP  8.290530E+00  0.000000E+00
  DP  8.410080E+00  0.000000E+00
  DP  8.531350E+00  0.000000E+00
  DP  8.654370E+00  0.000000E+00
  DP  8.779170E+00  0.000000E+00
  DP  8.905760E+00  0.000000E+00
  DP  9.034180E+00  0.000000E+00
  DP  9.164450E+00  0.000000E+00
  DP  9.296600E+00  0.000000E+00
  DP  9.430660E+00  0.000000E+00
  DP  9.566650E+00  0.000000E+00
  DP  9.704600E+00  0.000000E+00
  DP  9.844540E+00  0.000000E+00
  DP  9.986500E+00  0.000000E+00
  DP  1.013050E+01  0.000000E+00
  DP  1.027660E+01  0.000000E+00
  DP  1.042480E+01  0.000000E+00
  DP  1.057510E+01  0.000000E+00
  DP  1.072760E+01  0.000000E+00
  DP  1.088230E+01  0.000000E+00
  DP  1.103920E+01  0.000000E+00
  DP  1.119840E+01  0.000000E+00
  DP  1.135990E+01  0.000000E+00
  DP  1.152370E+01  0.000000E+00
  DP  1.168980E+01  0.000000E+00
  DP  1.185840E+01  0.000000E+00
  DP  1.202940E+01  0.000000E+00
  DP  1.220290E+01  0.000000E+00
  DP  1.237880E+01  0.000000E+00
  DP  1.255730E+01  0.000000E+00
  DP  1.273840E+01  0.000000E+00
  DP  1.292210E+01  0.000000E+00
  DP  1.310840E+01  0.000000E+00
  DP  1.329740E+01  0.000000E+00
  DP  1.348920E+01  4.463490E-12
  DP  1.368370E+01  6.517670E-11
  DP  1.388100E+01  2.251164E-09
  DP  1.408120E+01  3.945042E-09
  DP  1.428420E+01  2.771743E-08
  DP  1.449020E+01  6.754663E-08
  DP  1.469920E+01  1.214335E-07
  DP  1.491110E+01  2.507075E-08
  DP  1.512610E+01  5.239470E-10
  DP  1.534430E+01  2.585772E-11
  DP  1.556550E+01  0.000000E+00
  DP  1.579000E+01  0.000000E+00
  DP  1.601770E+01  0.000000E+00
  DP  1.624860E+01  0.000000E+00
  DP  1.648290E+01  0.000000E+00
  DP  1.672060E+01  0.000000E+00
  DP  1.696170E+01  0.000000E+00
  DP  1.720630E+01  0.000000E+00
  DP  1.745440E+01  0.000000E+00
  DP  1.770610E+01  0.000000E+00
  DP  1.796140E+01  0.000000E+00
  DP  1.822040E+01  0.000000E+00
  DP  1.848320E+01  0.000000E+00
  DP  1.874970E+01  0.000000E+00
  DP  1.902010E+01  0.000000E+00
  DP  1.929430E+01  0.000000E+00
  DP  1.957260E+01  0.000000E+00
  DP  1.985480E+01  0.000000E+00
  DP  2.014110E+01  0.000000E+00
  DP  2.043150E+01  0.000000E+00
  DP  2.072620E+01  0.000000E+00
  DP  2.102500E+01  0.000000E+00
  DP  2.132820E+01  0.000000E+00
  DP  2.163580E+01  0.000000E+00
  DP  2.194770E+01  0.000000E+00
  DP  2.226420E+01  0.000000E+00
  DP  2.258530E+01  0.000000E+00
  DP  2.291100E+01  0.000000E+00
  DP  2.324130E+01  0.000000E+00
  DP  2.357650E+01  0.000000E+00
  DP  2.391640E+01  0.000000E+00
  DP  2.426130E+01  0.000000E+00
  DP  2.461120E+01  0.000000E+00
  DP  2.496600E+01  0.000000E+00
  DP  2.532610E+01  0.000000E+00
  DP  2.569130E+01  0.000000E+00
  DP  2.606170E+01  0.000000E+00
  DP  2.643750E+01  0.000000E+00
  DP  2.681880E+01  0.000000E+00
  DP  2.720550E+01  0.000000E+00
  DP  2.759780E+01  0.000000E+00
  DP  2.799570E+01  0.000000E+00
  DP  2.839940E+01  0.000000E+00
  DP  2.880890E+01  0.000000E+00
  DP  2.922440E+01  0.000000E+00
  DP  2.964580E+01  0.000000E+00
  DP  3.007330E+01  0.000000E+00
  DP  3.050690E+01  0.000000E+00
  DP  3.094680E+01  0.000000E+00
  DP  3.139310E+01  0.000000E+00
  DP  3.184580E+01  0.000000E+00
  DP  3.230500E+01  0.000000E+00
  DP  3.277080E+01  0.000000E+00
  DP  3.324340E+01  0.000000E+00
  DP  3.372270E+01  0.000000E+00
  DP  3.420900E+01  0.000000E+00
  DP  3.470230E+01  0.000000E+00
  DP  3.520270E+01  0.000000E+00
  DP  3.571030E+01  0.000000E+00
  DP  3.622530E+01  0.000000E+00
  DP  3.674760E+01  0.000000E+00
  DP  3.727750E+01  0.000000E+00
  DP  3.781510E+01  0.000000E+00
  DP  3.836040E+01  0.000000E+00
  DP  3.891350E+01  0.000000E+00
  DP  3.947460E+01  0.000000E+00
  DP  4.004390E+01  0.000000E+00
  DP  4.062130E+01  0.000000E+00
  DP  4.120700E+01  0.000000E+00
  DP  4.180120E+01  0.000000E+00
  DP  4.240400E+01  0.000000E+00
  DP  4.301550E+01  1.218831E-09
  DP  4.363570E+01  0.000000E+00
  DP  4.426500E+01  0.000000E+00
  DP  4.490330E+01  0.000000E+00
  DP  4.555080E+01  0.000000E+00
  DP  4.620760E+01  1.134628E-09
  DP  4.687390E+01  0.000000E+00
  DP  4.754980E+01  0.000000E+00
  DP  4.823550E+01  1.086931E-09
  DP  4.893100E+01  2.142954E-09
  DP  4.963660E+01  5.281233E-10
  DP  5.035240E+01  5.206163E-10
  DP  5.107850E+01  1.026434E-09
  DP  5.181500E+01  3.035517E-09
  DP  5.256220E+01  3.491102E-09
  DP  5.332010E+01  4.916393E-09
  DP  5.408900E+01  4.846504E-09
  DP  5.486890E+01  1.003296E-08
  DP  5.566010E+01  7.535514E-09
  DP  5.646280E+01  1.439254E-08
  DP  5.727690E+01  1.327258E-08
  DP  5.810290E+01  9.474532E-09
  DP  5.894070E+01  2.045882E-08
  DP  5.979060E+01  1.841420E-08
  DP  6.065280E+01  2.117786E-08
  DP  6.152740E+01  3.280648E-08
  DP  6.241460E+01  3.024011E-08
  DP  6.331460E+01  4.264525E-08
  DP  6.422760E+01  4.612051E-08
  DP  6.515380E+01  4.908597E-08
  DP  6.609330E+01  6.822731E-08
  DP  6.704640E+01  7.428749E-08
  DP  6.801320E+01  7.941649E-08
  DP  6.899390E+01  9.726716E-08
  DP  6.998880E+01  1.104955E-07
  DP  7.099800E+01  1.022757E-07
  DP  7.202180E+01  1.121049E-07
  DP  7.306040E+01  1.392151E-07
  DP  7.411390E+01  1.527994E-07
  DP  7.518260E+01  1.675411E-07
  DP  7.626670E+01  1.830473E-07
  DP  7.736650E+01  2.190993E-07
  DP  7.848210E+01  2.298033E-07
  DP  7.961380E+01  2.624260E-07
  DP  8.076180E+01  2.960238E-07
  DP  8.192640E+01  3.442913E-07
  DP  8.310780E+01  4.050712E-07
  DP  8.430620E+01  4.445265E-07
  DP  8.552190E+01  4.613163E-07
  DP  8.675510E+01  5.055980E-07
  DP  8.800610E+01  5.310796E-07
  DP  8.927510E+01  5.544330E-07
  DP  9.056250E+01  5.775590E-07
  DP  9.186840E+01  6.066563E-07
  DP  9.319310E+01  6.406560E-07
  DP  9.453690E+01  6.644840E-07
  DP  9.590010E+01  6.861076E-07
  DP  9.728300E+01  7.148197E-07
  DP  9.868580E+01  7.796062E-07
  DP  1.001090E+02  7.902869E-07
  DP  1.015520E+02  8.143212E-07
  DP  1.030170E+02  8.921197E-07
  DP  1.045020E+02  9.228280E-07
  DP  1.060090E+02  9.985250E-07
  DP  1.075380E+02  1.046497E-06
  DP  1.090890E+02  1.103936E-06
  DP  1.106620E+02  1.148682E-06
  DP  1.122570E+02  1.257419E-06
  DP  1.138760E+02  1.306009E-06
  DP  1.155180E+02  1.401468E-06
  DP  1.171840E+02  1.489206E-06
  DP  1.188740E+02  2.404246E-06
  DP  1.205880E+02  5.368678E-06
  DP  1.223270E+02  6.843002E-06
  DP  1.240910E+02  3.323281E-06
  DP  1.258800E+02  1.503227E-06
  DP  1.276950E+02  1.536275E-06
  DP  1.295370E+02  1.527978E-06
  DP  1.314040E+02  1.566407E-06
  DP  1.332990E+02  1.754333E-06
  DP  1.352210E+02  2.170596E-06
  DP  1.371710E+02  2.186773E-06
  DP  1.391490E+02  1.746771E-06
  DP  1.411560E+02  1.697663E-06
  DP  1.431910E+02  1.707899E-06
  DP  1.452560E+02  1.727962E-06
  DP  1.473510E+02  1.708843E-06
  DP  1.494750E+02  1.744122E-06
  DP  1.516310E+02  1.758436E-06
  DP  1.538170E+02  1.780580E-06
  DP  1.560350E+02  1.788200E-06
  DP  1.582850E+02  1.819351E-06
  DP  1.605680E+02  1.852291E-06
  DP  1.628830E+02  1.893210E-06
  DP  1.652320E+02  2.006258E-06
  DP  1.676150E+02  2.210370E-06
  DP  1.700320E+02  2.491057E-06
  DP  1.724830E+02  2.572645E-06
  DP  1.749710E+02  2.577717E-06
  DP  1.774940E+02  2.585379E-06
  DP  1.800530E+02  2.573480E-06
  DP  1.826490E+02  2.544159E-06
  DP  1.852830E+02  2.544351E-06
  DP  1.879550E+02  2.573865E-06
  DP  1.906650E+02  2.712883E-06
  DP  1.934150E+02  3.002444E-06
  DP  1.962040E+02  3.391658E-06
  DP  1.990330E+02  3.547263E-06
  DP  2.019030E+02  3.516739E-06
  DP  2.048140E+02  3.584999E-06
  DP  2.077680E+02  3.639146E-06
  DP  2.107640E+02  3.789136E-06
  DP  2.138030E+02  3.847611E-06
  DP  2.168860E+02  3.823487E-06
  DP  2.200130E+02  3.787339E-06
  DP  2.231860E+02  3.747715E-06
  DP  2.264040E+02  3.687201E-06
  DP  2.296690E+02  3.721335E-06
  DP  2.329810E+02  3.638995E-06
  DP  2.363400E+02  3.570994E-06
  DP  2.397480E+02  3.551993E-06
  DP  2.432060E+02  3.445963E-06
  DP  2.467130E+02  3.397139E-06
  DP  2.502700E+02  3.345023E-06
  DP  2.538790E+02  3.306869E-06
  DP  2.575400E+02  3.246255E-06
  DP  2.612540E+02  3.189518E-06
  DP  2.650210E+02  3.140819E-06
  DP  2.688430E+02  3.053290E-06
  DP  2.727190E+02  2.993085E-06
  DP  2.766520E+02  3.007524E-06
  DP  2.806410E+02  2.946057E-06
  DP  2.846880E+02  2.880421E-06
  DP  2.887930E+02  2.829734E-06
  DP  2.929570E+02  2.804524E-06
  DP  2.971820E+02  2.770364E-06
  DP  3.014670E+02  2.727615E-06
  DP  3.058140E+02  2.701862E-06
  DP  3.102240E+02  2.706775E-06
  DP  3.146980E+02  2.637571E-06
  DP  3.192350E+02  2.593894E-06
  DP  3.238390E+02  2.559584E-06
  DP  3.285080E+02  2.548872E-06
  DP  3.332460E+02  2.500465E-06
  DP  3.380510E+02  2.491784E-06
  DP  3.429260E+02  2.451123E-06
  DP  3.478710E+02  2.440536E-06
  DP  3.528870E+02  2.416956E-06
  DP  3.579750E+02  2.379730E-06
  DP  3.631370E+02  2.385571E-06
  DP  3.683740E+02  2.346105E-06
  DP  3.736860E+02  2.335744E-06
  DP  3.790740E+02  2.312748E-06
  DP  3.845400E+02  2.321655E-06
  DP  3.900850E+02  2.295217E-06
  DP  3.957100E+02  2.276734E-06
  DP  4.014170E+02  2.293939E-06
  DP  4.072050E+02  2.259445E-06
  DP  4.130770E+02  2.210788E-06
  DP  4.190330E+02  2.225169E-06
  DP  4.250760E+02  2.220414E-06
  DP  4.312050E+02  2.201947E-06
  DP  4.374230E+02  2.213303E-06
  DP  4.437310E+02  2.202290E-06
  DP  4.501290E+02  2.179144E-06
  DP  4.566200E+02  2.173704E-06
  DP  4.632050E+02  2.178342E-06
  DP  4.698840E+02  2.167354E-06
  DP  4.766600E+02  2.180899E-06
  DP  4.835330E+02  2.197360E-06
  DP  4.905060E+02  2.652854E-06
  DP  4.975790E+02  1.401585E-05
  DP  5.047540E+02  4.293303E-05
  DP  5.120320E+02  4.535953E-05
  DP  5.194160E+02  1.351223E-05
  DP  5.269050E+02  1.588926E-06
  DP  5.345030E+02  1.368938E-06
  DP  5.422110E+02  1.356697E-06
  DP  5.500290E+02  1.355560E-06
  DP  5.579610E+02  1.351031E-06
  DP  5.660070E+02  1.339358E-06
  DP  5.741680E+02  1.323699E-06
  DP  5.824480E+02  1.337010E-06
  DP  5.908470E+02  1.333082E-06
  DP  5.993670E+02  1.339082E-06
  DP  6.080090E+02  1.338522E-06
  DP  6.167770E+02  1.337135E-06
  DP  6.256710E+02  1.321869E-06
  DP  6.346930E+02  1.327509E-06
  DP  6.438450E+02  1.326164E-06
  DP  6.531290E+02  1.324334E-06
  DP  6.625470E+02  1.317565E-06
  DP  6.721010E+02  1.312101E-06
  DP  6.817930E+02  1.313730E-06
  DP  6.916240E+02  1.332589E-06
  DP  7.015970E+02  1.329406E-06
  DP  7.117140E+02  1.362746E-06
  DP  7.219770E+02  1.462341E-06
  DP  7.323880E+02  1.522906E-06
  DP  7.429490E+02  1.424723E-06
  DP  7.536620E+02  1.329272E-06
  DP  7.645300E+02  1.383402E-06
  DP  7.755540E+02  1.522638E-06
  DP  7.867380E+02  1.599739E-06
  DP  7.980820E+02  1.449899E-06
  DP  8.095910E+02  1.510179E-06
  DP  8.212650E+02  1.254536E-05
  DP  8.331070E+02  5.753564E-05
  DP  8.451210E+02  8.206392E-05
  DP  8.573070E+02  3.481894E-05
  DP  8.696700E+02  2.303406E-06
  DP  8.822100E+02  5.032466E-07
  DP  8.949320E+02  4.990277E-07
  DP  9.078360E+02  4.959928E-07
  DP  9.209270E+02  4.987770E-07
  DP  9.342070E+02  4.957154E-07
  DP  9.476780E+02  6.206818E-07
  DP  9.613440E+02  1.194599E-06
  DP  9.752060E+02  1.533501E-06
  DP  9.892680E+02  9.506786E-07
  DP  1.003530E+03  1.277390E-06
  DP  1.018000E+03  5.868250E-06
  DP  1.032680E+03  1.030136E-05
  DP  1.047580E+03  5.670196E-06
  DP  1.062680E+03  9.112383E-07
  DP  1.078000E+03  4.068001E-07
  DP  1.093550E+03  4.097255E-07
  DP  1.109320E+03  4.373103E-07
  DP  1.125310E+03  4.965894E-07
  DP  1.141540E+03  7.542575E-07
  DP  1.158000E+03  1.506444E-06
  DP  1.174700E+03  1.702593E-06
  DP  1.191640E+03  1.922481E-06
  DP  1.208820E+03  1.521811E-05
  DP  1.226250E+03  3.851355E-05
  DP  1.243940E+03  2.987862E-05
  DP  1.261870E+03  5.676246E-06
  DP  1.280070E+03  1.569340E-07
  DP  1.298530E+03  1.100234E-07
  DP  1.317250E+03  3.801937E-07
  DP  1.336250E+03  1.624907E-06
  DP  1.355520E+03  2.411792E-06
  DP  1.375060E+03  1.134268E-06
  DP  1.394890E+03  1.675653E-07
  DP  1.415010E+03  1.464155E-07
  DP  1.435410E+03  1.947365E-07
  DP  1.456110E+03  1.427639E-07
  DP  1.477110E+03  9.525670E-08
  DP  1.498400E+03  8.749983E-08
  DP  1.520010E+03  8.728257E-08
  DP  1.541930E+03  8.775302E-08
  DP  1.564160E+03  8.986959E-08
  DP  1.586720E+03  8.979272E-08
  DP  1.609600E+03  8.789925E-08
  DP  1.632810E+03  8.871981E-08
  DP  1.656360E+03  8.876911E-08
  DP  1.680240E+03  8.986876E-08
  DP  1.704470E+03  2.472523E-07
  DP  1.729050E+03  2.520052E-06
  DP  1.753980E+03  6.562032E-06
  DP  1.779270E+03  5.394624E-06
  DP  1.804930E+03  1.313429E-06
  DP  1.830960E+03  1.494420E-07
  DP  1.857360E+03  5.593588E-08
  DP  1.884140E+03  5.168168E-08
  DP  1.911310E+03  1.229109E-07
  DP  1.938870E+03  3.262624E-07
  DP  1.966830E+03  9.664631E-07
  DP  1.995190E+03  2.919201E-06
  DP  2.023960E+03  3.955554E-06
  DP  2.053150E+03  1.789454E-06
  DP  2.082750E+03  1.852124E-07
  DP  2.112790E+03  2.999945E-08
  DP  2.143250E+03  4.454791E-08
  DP  2.174160E+03  1.078283E-07
  DP  2.205510E+03  1.471884E-07
  DP  2.237310E+03  8.027498E-08
  DP  2.269570E+03  3.207859E-08
  DP  2.302300E+03  2.861420E-08
  DP  2.335500E+03  2.892512E-08
  DP  2.369180E+03  2.856322E-08
  DP  2.403340E+03  2.894701E-08
  DP  2.438000E+03  2.844540E-08
  DP  2.473150E+03  3.098638E-08
  DP  2.508810E+03  3.722589E-07
  DP  2.544990E+03  2.697224E-06
  DP  2.581690E+03  5.124834E-06
  DP  2.618920E+03  2.857584E-06
  DP  2.656680E+03  3.355209E-07
  DP  2.694990E+03  1.112526E-08
  DP  2.733850E+03  9.983412E-09
  DP  2.773270E+03  9.983412E-09
  DP  2.813260E+03  1.018554E-08
  DP  2.853830E+03  1.048920E-08
  DP  2.894980E+03  1.650385E-08
  DP  2.936730E+03  1.047391E-07
  DP  2.979080E+03  2.606303E-07
  DP  3.022030E+03  2.057021E-07
  DP  3.065610E+03  5.362553E-08
  DP  3.109820E+03  1.698256E-07
  DP  3.154660E+03  8.987544E-07
  DP  3.200150E+03  2.186188E-06
  DP  3.246300E+03  2.407371E-06
  DP  3.293110E+03  9.837683E-07
  DP  3.340590E+03  1.010182E-07
  DP  3.388770E+03  1.264070E-07
  DP  3.437630E+03  1.985611E-07
  DP  3.487200E+03  9.135863E-08
  DP  3.537490E+03  6.807615E-09
  DP  3.588500E+03  2.065335E-11
  DP  3.640240E+03  3.194214E-13
  DP  3.692730E+03  1.630406E-14
  DP  3.745980E+03  0.000000E+00
  DP  3.800000E+03  0.000000E+00
  
 EN
