 # final1D_0_1p38_0p6_1p25_core/final1D_0_1p38_0p6_1p25_core_125_100/quickspec.dat                     
 #    1.0000000000000000      =Mpc
  DP  3.000000E+00  1.091703E-08
  DP  3.043260E+00  0.000000E+00
  DP  3.087140E+00  0.000000E+00
  DP  3.131660E+00  0.000000E+00
  DP  3.176820E+00  0.000000E+00
  DP  3.222630E+00  0.000000E+00
  DP  3.269100E+00  0.000000E+00
  DP  3.316240E+00  0.000000E+00
  DP  3.364060E+00  0.000000E+00
  DP  3.412570E+00  0.000000E+00
  DP  3.461780E+00  0.000000E+00
  DP  3.511690E+00  0.000000E+00
  DP  3.562330E+00  0.000000E+00
  DP  3.613700E+00  0.000000E+00
  DP  3.665810E+00  0.000000E+00
  DP  3.718670E+00  0.000000E+00
  DP  3.772290E+00  0.000000E+00
  DP  3.826690E+00  0.000000E+00
  DP  3.881870E+00  0.000000E+00
  DP  3.937850E+00  0.000000E+00
  DP  3.994630E+00  0.000000E+00
  DP  4.052230E+00  0.000000E+00
  DP  4.110660E+00  0.000000E+00
  DP  4.169940E+00  0.000000E+00
  DP  4.230070E+00  0.000000E+00
  DP  4.291070E+00  0.000000E+00
  DP  4.352940E+00  0.000000E+00
  DP  4.415710E+00  0.000000E+00
  DP  4.479390E+00  0.000000E+00
  DP  4.543980E+00  0.000000E+00
  DP  4.609500E+00  0.000000E+00
  DP  4.675970E+00  0.000000E+00
  DP  4.743400E+00  0.000000E+00
  DP  4.811800E+00  0.000000E+00
  DP  4.881180E+00  0.000000E+00
  DP  4.951570E+00  0.000000E+00
  DP  5.022970E+00  0.000000E+00
  DP  5.095400E+00  0.000000E+00
  DP  5.168880E+00  0.000000E+00
  DP  5.243410E+00  0.000000E+00
  DP  5.319020E+00  0.000000E+00
  DP  5.395720E+00  0.000000E+00
  DP  5.473530E+00  0.000000E+00
  DP  5.552450E+00  0.000000E+00
  DP  5.632520E+00  0.000000E+00
  DP  5.713740E+00  0.000000E+00
  DP  5.796130E+00  0.000000E+00
  DP  5.879710E+00  0.000000E+00
  DP  5.964500E+00  0.000000E+00
  DP  6.050500E+00  0.000000E+00
  DP  6.137750E+00  3.771170E-10
  DP  6.226260E+00  1.570552E-09
  DP  6.316040E+00  4.471804E-09
  DP  6.407120E+00  1.069417E-08
  DP  6.499510E+00  2.394319E-08
  DP  6.593230E+00  3.596597E-08
  DP  6.688300E+00  2.339061E-08
  DP  6.784750E+00  3.455615E-09
  DP  6.882580E+00  2.588488E-10
  DP  6.981830E+00  9.689448E-10
  DP  7.082500E+00  2.399283E-09
  DP  7.184630E+00  6.407972E-09
  DP  7.288240E+00  8.753743E-09
  DP  7.393330E+00  3.324785E-09
  DP  7.499940E+00  2.801064E-10
  DP  7.608090E+00  0.000000E+00
  DP  7.717800E+00  0.000000E+00
  DP  7.829090E+00  0.000000E+00
  DP  7.941980E+00  0.000000E+00
  DP  8.056510E+00  0.000000E+00
  DP  8.172680E+00  0.000000E+00
  DP  8.290530E+00  0.000000E+00
  DP  8.410080E+00  0.000000E+00
  DP  8.531350E+00  0.000000E+00
  DP  8.654370E+00  0.000000E+00
  DP  8.779170E+00  0.000000E+00
  DP  8.905760E+00  0.000000E+00
  DP  9.034180E+00  0.000000E+00
  DP  9.164450E+00  0.000000E+00
  DP  9.296600E+00  0.000000E+00
  DP  9.430660E+00  0.000000E+00
  DP  9.566650E+00  0.000000E+00
  DP  9.704600E+00  0.000000E+00
  DP  9.844540E+00  0.000000E+00
  DP  9.986500E+00  0.000000E+00
  DP  1.013050E+01  0.000000E+00
  DP  1.027660E+01  0.000000E+00
  DP  1.042480E+01  0.000000E+00
  DP  1.057510E+01  0.000000E+00
  DP  1.072760E+01  0.000000E+00
  DP  1.088230E+01  0.000000E+00
  DP  1.103920E+01  0.000000E+00
  DP  1.119840E+01  0.000000E+00
  DP  1.135990E+01  0.000000E+00
  DP  1.152370E+01  0.000000E+00
  DP  1.168980E+01  0.000000E+00
  DP  1.185840E+01  0.000000E+00
  DP  1.202940E+01  0.000000E+00
  DP  1.220290E+01  0.000000E+00
  DP  1.237880E+01  0.000000E+00
  DP  1.255730E+01  0.000000E+00
  DP  1.273840E+01  0.000000E+00
  DP  1.292210E+01  2.151469E-11
  DP  1.310840E+01  0.000000E+00
  DP  1.329740E+01  3.337611E-12
  DP  1.348920E+01  7.146760E-12
  DP  1.368370E+01  3.496058E-11
  DP  1.388100E+01  2.051673E-10
  DP  1.408120E+01  9.506117E-10
  DP  1.428420E+01  6.141901E-09
  DP  1.449020E+01  2.589398E-08
  DP  1.469920E+01  7.022715E-08
  DP  1.491110E+01  1.012396E-08
  DP  1.512610E+01  3.455548E-10
  DP  1.534430E+01  2.011506E-11
  DP  1.556550E+01  0.000000E+00
  DP  1.579000E+01  0.000000E+00
  DP  1.601770E+01  0.000000E+00
  DP  1.624860E+01  0.000000E+00
  DP  1.648290E+01  0.000000E+00
  DP  1.672060E+01  0.000000E+00
  DP  1.696170E+01  0.000000E+00
  DP  1.720630E+01  0.000000E+00
  DP  1.745440E+01  0.000000E+00
  DP  1.770610E+01  0.000000E+00
  DP  1.796140E+01  0.000000E+00
  DP  1.822040E+01  0.000000E+00
  DP  1.848320E+01  0.000000E+00
  DP  1.874970E+01  0.000000E+00
  DP  1.902010E+01  0.000000E+00
  DP  1.929430E+01  0.000000E+00
  DP  1.957260E+01  0.000000E+00
  DP  1.985480E+01  0.000000E+00
  DP  2.014110E+01  0.000000E+00
  DP  2.043150E+01  0.000000E+00
  DP  2.072620E+01  0.000000E+00
  DP  2.102500E+01  0.000000E+00
  DP  2.132820E+01  0.000000E+00
  DP  2.163580E+01  0.000000E+00
  DP  2.194770E+01  0.000000E+00
  DP  2.226420E+01  0.000000E+00
  DP  2.258530E+01  0.000000E+00
  DP  2.291100E+01  0.000000E+00
  DP  2.324130E+01  0.000000E+00
  DP  2.357650E+01  0.000000E+00
  DP  2.391640E+01  0.000000E+00
  DP  2.426130E+01  0.000000E+00
  DP  2.461120E+01  0.000000E+00
  DP  2.496600E+01  0.000000E+00
  DP  2.532610E+01  0.000000E+00
  DP  2.569130E+01  0.000000E+00
  DP  2.606170E+01  0.000000E+00
  DP  2.643750E+01  0.000000E+00
  DP  2.681880E+01  0.000000E+00
  DP  2.720550E+01  0.000000E+00
  DP  2.759780E+01  0.000000E+00
  DP  2.799570E+01  0.000000E+00
  DP  2.839940E+01  0.000000E+00
  DP  2.880890E+01  0.000000E+00
  DP  2.922440E+01  0.000000E+00
  DP  2.964580E+01  0.000000E+00
  DP  3.007330E+01  0.000000E+00
  DP  3.050690E+01  0.000000E+00
  DP  3.094680E+01  0.000000E+00
  DP  3.139310E+01  0.000000E+00
  DP  3.184580E+01  0.000000E+00
  DP  3.230500E+01  0.000000E+00
  DP  3.277080E+01  0.000000E+00
  DP  3.324340E+01  0.000000E+00
  DP  3.372270E+01  0.000000E+00
  DP  3.420900E+01  0.000000E+00
  DP  3.470230E+01  0.000000E+00
  DP  3.520270E+01  0.000000E+00
  DP  3.571030E+01  0.000000E+00
  DP  3.622530E+01  0.000000E+00
  DP  3.674760E+01  0.000000E+00
  DP  3.727750E+01  0.000000E+00
  DP  3.781510E+01  0.000000E+00
  DP  3.836040E+01  0.000000E+00
  DP  3.891350E+01  0.000000E+00
  DP  3.947460E+01  0.000000E+00
  DP  4.004390E+01  0.000000E+00
  DP  4.062130E+01  0.000000E+00
  DP  4.120700E+01  0.000000E+00
  DP  4.180120E+01  0.000000E+00
  DP  4.240400E+01  0.000000E+00
  DP  4.301550E+01  0.000000E+00
  DP  4.363570E+01  0.000000E+00
  DP  4.426500E+01  7.398893E-10
  DP  4.490330E+01  2.188118E-09
  DP  4.555080E+01  7.190044E-10
  DP  4.620760E+01  7.087833E-10
  DP  4.687390E+01  1.397415E-09
  DP  4.754980E+01  1.377553E-09
  DP  4.823550E+01  2.036958E-09
  DP  4.893100E+01  4.685333E-09
  DP  4.963660E+01  3.299098E-09
  DP  5.035240E+01  3.902635E-09
  DP  5.107850E+01  7.694328E-09
  DP  5.181500E+01  7.584948E-09
  DP  5.256220E+01  1.557733E-08
  DP  5.332010E+01  1.105624E-08
  DP  5.408900E+01  1.513764E-08
  DP  5.486890E+01  1.074414E-08
  DP  5.566010E+01  1.176825E-08
  DP  5.646280E+01  2.088181E-08
  DP  5.727690E+01  2.573121E-08
  DP  5.810290E+01  2.987478E-08
  DP  5.894070E+01  3.222850E-08
  DP  5.979060E+01  4.436893E-08
  DP  6.065280E+01  5.021796E-08
  DP  6.152740E+01  5.376257E-08
  DP  6.241460E+01  6.611959E-08
  DP  6.331460E+01  7.500511E-08
  DP  6.422760E+01  9.078959E-08
  DP  6.515380E+01  1.281075E-07
  DP  6.609330E+01  1.109994E-07
  DP  6.704640E+01  1.348249E-07
  DP  6.801320E+01  1.497595E-07
  DP  6.899390E+01  1.780112E-07
  DP  6.998880E+01  1.867114E-07
  DP  7.099800E+01  2.126685E-07
  DP  7.202180E+01  2.237318E-07
  DP  7.306040E+01  2.685208E-07
  DP  7.411390E+01  2.726545E-07
  DP  7.518260E+01  3.023584E-07
  DP  7.626670E+01  3.611504E-07
  DP  7.736650E+01  3.972299E-07
  DP  7.848210E+01  4.332342E-07
  DP  7.961380E+01  4.731024E-07
  DP  8.076180E+01  5.369196E-07
  DP  8.192640E+01  6.437670E-07
  DP  8.310780E+01  6.909040E-07
  DP  8.430620E+01  7.831876E-07
  DP  8.552190E+01  8.265770E-07
  DP  8.675510E+01  8.675280E-07
  DP  8.800610E+01  9.485729E-07
  DP  8.927510E+01  1.015605E-06
  DP  9.056250E+01  1.037940E-06
  DP  9.186840E+01  1.043129E-06
  DP  9.319310E+01  1.162545E-06
  DP  9.453690E+01  1.232284E-06
  DP  9.590010E+01  1.276980E-06
  DP  9.728300E+01  1.348508E-06
  DP  9.868580E+01  1.431040E-06
  DP  1.001090E+02  1.464180E-06
  DP  1.015520E+02  1.590163E-06
  DP  1.030170E+02  1.657680E-06
  DP  1.045020E+02  1.756648E-06
  DP  1.060090E+02  1.808472E-06
  DP  1.075380E+02  1.899803E-06
  DP  1.090890E+02  2.018040E-06
  DP  1.106620E+02  2.105970E-06
  DP  1.122570E+02  2.248081E-06
  DP  1.138760E+02  2.343348E-06
  DP  1.155180E+02  2.555941E-06
  DP  1.171840E+02  2.661118E-06
  DP  1.188740E+02  3.361016E-06
  DP  1.205880E+02  5.767209E-06
  DP  1.223270E+02  7.578614E-06
  DP  1.240910E+02  4.592156E-06
  DP  1.258800E+02  2.841114E-06
  DP  1.276950E+02  2.873770E-06
  DP  1.295370E+02  2.945080E-06
  DP  1.314040E+02  2.978153E-06
  DP  1.332990E+02  3.198818E-06
  DP  1.352210E+02  3.574779E-06
  DP  1.371710E+02  3.630480E-06
  DP  1.391490E+02  3.245403E-06
  DP  1.411560E+02  3.153813E-06
  DP  1.431910E+02  3.186785E-06
  DP  1.452560E+02  3.173725E-06
  DP  1.473510E+02  3.253876E-06
  DP  1.494750E+02  3.337904E-06
  DP  1.516310E+02  3.312159E-06
  DP  1.538170E+02  3.362153E-06
  DP  1.560350E+02  3.389092E-06
  DP  1.582850E+02  3.416417E-06
  DP  1.605680E+02  3.444451E-06
  DP  1.628830E+02  3.541238E-06
  DP  1.652320E+02  3.624289E-06
  DP  1.676150E+02  3.870323E-06
  DP  1.700320E+02  4.255643E-06
  DP  1.724830E+02  4.345303E-06
  DP  1.749710E+02  4.373696E-06
  DP  1.774940E+02  4.432573E-06
  DP  1.800530E+02  4.350542E-06
  DP  1.826490E+02  4.375744E-06
  DP  1.852830E+02  4.399859E-06
  DP  1.879550E+02  4.410404E-06
  DP  1.906650E+02  4.551946E-06
  DP  1.934150E+02  4.860868E-06
  DP  1.962040E+02  5.448846E-06
  DP  1.990330E+02  5.577662E-06
  DP  2.019030E+02  5.605663E-06
  DP  2.048140E+02  5.638627E-06
  DP  2.077680E+02  5.782091E-06
  DP  2.107640E+02  5.930912E-06
  DP  2.138030E+02  5.980789E-06
  DP  2.168860E+02  5.885330E-06
  DP  2.200130E+02  5.862535E-06
  DP  2.231860E+02  5.863930E-06
  DP  2.264040E+02  5.848054E-06
  DP  2.296690E+02  5.698331E-06
  DP  2.329810E+02  5.656492E-06
  DP  2.363400E+02  5.569983E-06
  DP  2.397480E+02  5.490007E-06
  DP  2.432060E+02  5.457611E-06
  DP  2.467130E+02  5.360598E-06
  DP  2.502700E+02  5.244141E-06
  DP  2.538790E+02  5.171059E-06
  DP  2.575400E+02  5.049137E-06
  DP  2.612540E+02  4.926454E-06
  DP  2.650210E+02  4.861636E-06
  DP  2.688430E+02  4.795541E-06
  DP  2.727190E+02  4.744368E-06
  DP  2.766520E+02  4.686002E-06
  DP  2.806410E+02  4.589231E-06
  DP  2.846880E+02  4.516133E-06
  DP  2.887930E+02  4.490797E-06
  DP  2.929570E+02  4.435272E-06
  DP  2.971820E+02  4.342470E-06
  DP  3.014670E+02  4.280418E-06
  DP  3.058140E+02  4.254356E-06
  DP  3.102240E+02  4.177121E-06
  DP  3.146980E+02  4.123509E-06
  DP  3.192350E+02  4.060397E-06
  DP  3.238390E+02  4.026839E-06
  DP  3.285080E+02  3.960417E-06
  DP  3.332460E+02  3.905936E-06
  DP  3.380510E+02  3.858883E-06
  DP  3.429260E+02  3.860864E-06
  DP  3.478710E+02  3.848940E-06
  DP  3.528870E+02  3.747974E-06
  DP  3.579750E+02  3.718503E-06
  DP  3.631370E+02  3.726140E-06
  DP  3.683740E+02  3.662208E-06
  DP  3.736860E+02  3.656484E-06
  DP  3.790740E+02  3.614529E-06
  DP  3.845400E+02  3.576885E-06
  DP  3.900850E+02  3.560173E-06
  DP  3.957100E+02  3.534763E-06
  DP  4.014170E+02  3.553112E-06
  DP  4.072050E+02  3.468073E-06
  DP  4.130770E+02  3.481042E-06
  DP  4.190330E+02  3.454319E-06
  DP  4.250760E+02  3.429460E-06
  DP  4.312050E+02  3.431842E-06
  DP  4.374230E+02  3.420904E-06
  DP  4.437310E+02  3.399445E-06
  DP  4.501290E+02  3.405955E-06
  DP  4.566200E+02  3.347872E-06
  DP  4.632050E+02  3.384889E-06
  DP  4.698840E+02  3.369197E-06
  DP  4.766600E+02  3.362846E-06
  DP  4.835330E+02  3.327099E-06
  DP  4.905060E+02  3.739326E-06
  DP  4.975790E+02  1.485930E-05
  DP  5.047540E+02  4.634270E-05
  DP  5.120320E+02  5.279595E-05
  DP  5.194160E+02  1.690402E-05
  DP  5.269050E+02  2.405817E-06
  DP  5.345030E+02  2.148611E-06
  DP  5.422110E+02  2.132275E-06
  DP  5.500290E+02  2.097807E-06
  DP  5.579610E+02  2.108369E-06
  DP  5.660070E+02  2.093946E-06
  DP  5.741680E+02  2.084654E-06
  DP  5.824480E+02  2.064408E-06
  DP  5.908470E+02  2.080259E-06
  DP  5.993670E+02  2.050320E-06
  DP  6.080090E+02  2.081980E-06
  DP  6.167770E+02  2.045958E-06
  DP  6.256710E+02  2.067708E-06
  DP  6.346930E+02  2.043317E-06
  DP  6.438450E+02  2.059979E-06
  DP  6.531290E+02  2.060673E-06
  DP  6.625470E+02  2.032354E-06
  DP  6.721010E+02  2.024391E-06
  DP  6.817930E+02  2.045607E-06
  DP  6.916240E+02  2.059428E-06
  DP  7.015970E+02  2.037911E-06
  DP  7.117140E+02  2.063890E-06
  DP  7.219770E+02  2.169961E-06
  DP  7.323880E+02  2.266740E-06
  DP  7.429490E+02  2.141943E-06
  DP  7.536620E+02  2.068210E-06
  DP  7.645300E+02  2.087161E-06
  DP  7.755540E+02  2.252000E-06
  DP  7.867380E+02  2.339562E-06
  DP  7.980820E+02  2.184818E-06
  DP  8.095910E+02  2.229380E-06
  DP  8.212650E+02  1.323791E-05
  DP  8.331070E+02  6.202072E-05
  DP  8.451210E+02  9.447375E-05
  DP  8.573070E+02  4.253320E-05
  DP  8.696700E+02  3.005970E-06
  DP  8.822100E+02  7.817320E-07
  DP  8.949320E+02  7.695490E-07
  DP  9.078360E+02  7.768371E-07
  DP  9.209270E+02  7.688496E-07
  DP  9.342070E+02  7.812749E-07
  DP  9.476780E+02  9.081298E-07
  DP  9.613440E+02  1.519338E-06
  DP  9.752060E+02  1.955696E-06
  DP  9.892680E+02  1.334595E-06
  DP  1.003530E+03  1.563065E-06
  DP  1.018000E+03  6.516742E-06
  DP  1.032680E+03  1.190638E-05
  DP  1.047580E+03  7.040856E-06
  DP  1.062680E+03  1.252631E-06
  DP  1.078000E+03  6.354703E-07
  DP  1.093550E+03  6.359065E-07
  DP  1.109320E+03  6.622295E-07
  DP  1.125310E+03  7.388992E-07
  DP  1.141540E+03  1.011402E-06
  DP  1.158000E+03  1.842038E-06
  DP  1.174700E+03  2.141149E-06
  DP  1.191640E+03  2.244262E-06
  DP  1.208820E+03  1.634458E-05
  DP  1.226250E+03  4.342637E-05
  DP  1.243940E+03  3.576300E-05
  DP  1.261870E+03  7.041424E-06
  DP  1.280070E+03  2.310575E-07
  DP  1.298530E+03  1.742443E-07
  DP  1.317250E+03  4.499671E-07
  DP  1.336250E+03  1.835395E-06
  DP  1.355520E+03  2.844248E-06
  DP  1.375060E+03  1.406757E-06
  DP  1.394890E+03  2.400294E-07
  DP  1.415010E+03  2.067683E-07
  DP  1.435410E+03  2.665563E-07
  DP  1.456110E+03  2.116858E-07
  DP  1.477110E+03  1.465091E-07
  DP  1.498400E+03  1.414729E-07
  DP  1.520010E+03  1.413317E-07
  DP  1.541930E+03  1.406699E-07
  DP  1.564160E+03  1.419442E-07
  DP  1.586720E+03  1.395736E-07
  DP  1.609600E+03  1.392393E-07
  DP  1.632810E+03  1.411696E-07
  DP  1.656360E+03  1.426360E-07
  DP  1.680240E+03  1.405220E-07
  DP  1.704470E+03  3.004366E-07
  DP  1.729050E+03  2.786399E-06
  DP  1.753980E+03  7.512084E-06
  DP  1.779270E+03  6.503765E-06
  DP  1.804930E+03  1.621231E-06
  DP  1.830960E+03  2.049242E-07
  DP  1.857360E+03  8.745220E-08
  DP  1.884140E+03  8.404630E-08
  DP  1.911310E+03  1.586378E-07
  DP  1.938870E+03  3.838971E-07
  DP  1.966830E+03  1.095471E-06
  DP  1.995190E+03  3.320030E-06
  DP  2.023960E+03  4.627769E-06
  DP  2.053150E+03  2.202875E-06
  DP  2.082750E+03  2.433609E-07
  DP  2.112790E+03  4.769010E-08
  DP  2.143250E+03  6.337256E-08
  DP  2.174160E+03  1.354131E-07
  DP  2.205510E+03  1.833807E-07
  DP  2.237310E+03  1.104487E-07
  DP  2.269570E+03  4.957772E-08
  DP  2.302300E+03  4.589724E-08
  DP  2.335500E+03  4.566528E-08
  DP  2.369180E+03  4.595239E-08
  DP  2.403340E+03  4.633133E-08
  DP  2.438000E+03  4.566160E-08
  DP  2.473150E+03  4.748822E-08
  DP  2.508810E+03  4.178534E-07
  DP  2.544990E+03  3.043580E-06
  DP  2.581690E+03  5.991635E-06
  DP  2.618920E+03  3.492222E-06
  DP  2.656680E+03  4.175400E-07
  DP  2.694990E+03  1.811722E-08
  DP  2.733850E+03  1.620370E-08
  DP  2.773270E+03  1.692532E-08
  DP  2.813260E+03  1.644978E-08
  DP  2.853830E+03  1.664690E-08
  DP  2.894980E+03  2.334708E-08
  DP  2.936730E+03  1.206113E-07
  DP  2.979080E+03  3.075133E-07
  DP  3.022030E+03  2.544100E-07
  DP  3.065610E+03  6.993644E-08
  DP  3.109820E+03  1.885589E-07
  DP  3.154660E+03  1.023150E-06
  DP  3.200150E+03  2.532076E-06
  DP  3.246300E+03  2.869475E-06
  DP  3.293110E+03  1.200765E-06
  DP  3.340590E+03  1.223268E-07
  DP  3.388770E+03  1.447401E-07
  DP  3.437630E+03  2.354302E-07
  DP  3.487200E+03  1.136315E-07
  DP  3.537490E+03  8.961139E-09
  DP  3.588500E+03  3.264872E-11
  DP  3.640240E+03  5.738774E-13
  DP  3.692730E+03  1.357975E-14
  DP  3.745980E+03  0.000000E+00
  DP  3.800000E+03  0.000000E+00
  
 EN
