 # final1D_0_1p38_0p6_1p25_core/final1D_0_1p38_0p6_1p25_core_90_100/quickspec.dat                      
 #    1.0000000000000000      =Mpc
  DP  3.000000E+00  1.492974E-08
  DP  3.043260E+00  0.000000E+00
  DP  3.087140E+00  0.000000E+00
  DP  3.131660E+00  0.000000E+00
  DP  3.176820E+00  0.000000E+00
  DP  3.222630E+00  0.000000E+00
  DP  3.269100E+00  0.000000E+00
  DP  3.316240E+00  0.000000E+00
  DP  3.364060E+00  0.000000E+00
  DP  3.412570E+00  0.000000E+00
  DP  3.461780E+00  0.000000E+00
  DP  3.511690E+00  0.000000E+00
  DP  3.562330E+00  0.000000E+00
  DP  3.613700E+00  0.000000E+00
  DP  3.665810E+00  0.000000E+00
  DP  3.718670E+00  0.000000E+00
  DP  3.772290E+00  0.000000E+00
  DP  3.826690E+00  0.000000E+00
  DP  3.881870E+00  0.000000E+00
  DP  3.937850E+00  0.000000E+00
  DP  3.994630E+00  0.000000E+00
  DP  4.052230E+00  0.000000E+00
  DP  4.110660E+00  0.000000E+00
  DP  4.169940E+00  0.000000E+00
  DP  4.230070E+00  0.000000E+00
  DP  4.291070E+00  0.000000E+00
  DP  4.352940E+00  0.000000E+00
  DP  4.415710E+00  0.000000E+00
  DP  4.479390E+00  0.000000E+00
  DP  4.543980E+00  0.000000E+00
  DP  4.609500E+00  0.000000E+00
  DP  4.675970E+00  0.000000E+00
  DP  4.743400E+00  0.000000E+00
  DP  4.811800E+00  0.000000E+00
  DP  4.881180E+00  0.000000E+00
  DP  4.951570E+00  0.000000E+00
  DP  5.022970E+00  0.000000E+00
  DP  5.095400E+00  0.000000E+00
  DP  5.168880E+00  0.000000E+00
  DP  5.243410E+00  0.000000E+00
  DP  5.319020E+00  0.000000E+00
  DP  5.395720E+00  0.000000E+00
  DP  5.473530E+00  0.000000E+00
  DP  5.552450E+00  0.000000E+00
  DP  5.632520E+00  0.000000E+00
  DP  5.713740E+00  0.000000E+00
  DP  5.796130E+00  0.000000E+00
  DP  5.879710E+00  0.000000E+00
  DP  5.964500E+00  0.000000E+00
  DP  6.050500E+00  5.667155E-12
  DP  6.137750E+00  1.010040E-10
  DP  6.226260E+00  7.933577E-10
  DP  6.316040E+00  2.716418E-09
  DP  6.407120E+00  6.141809E-09
  DP  6.499510E+00  1.098981E-08
  DP  6.593230E+00  1.616134E-08
  DP  6.688300E+00  1.931088E-08
  DP  6.784750E+00  3.819184E-09
  DP  6.882580E+00  2.140974E-10
  DP  6.981830E+00  5.123555E-10
  DP  7.082500E+00  1.557157E-09
  DP  7.184630E+00  2.453229E-09
  DP  7.288240E+00  2.767866E-09
  DP  7.393330E+00  2.988773E-09
  DP  7.499940E+00  3.903997E-10
  DP  7.608090E+00  0.000000E+00
  DP  7.717800E+00  7.863219E-12
  DP  7.829090E+00  0.000000E+00
  DP  7.941980E+00  0.000000E+00
  DP  8.056510E+00  0.000000E+00
  DP  8.172680E+00  0.000000E+00
  DP  8.290530E+00  0.000000E+00
  DP  8.410080E+00  0.000000E+00
  DP  8.531350E+00  0.000000E+00
  DP  8.654370E+00  0.000000E+00
  DP  8.779170E+00  0.000000E+00
  DP  8.905760E+00  0.000000E+00
  DP  9.034180E+00  0.000000E+00
  DP  9.164450E+00  0.000000E+00
  DP  9.296600E+00  0.000000E+00
  DP  9.430660E+00  0.000000E+00
  DP  9.566650E+00  0.000000E+00
  DP  9.704600E+00  0.000000E+00
  DP  9.844540E+00  0.000000E+00
  DP  9.986500E+00  0.000000E+00
  DP  1.013050E+01  0.000000E+00
  DP  1.027660E+01  0.000000E+00
  DP  1.042480E+01  0.000000E+00
  DP  1.057510E+01  0.000000E+00
  DP  1.072760E+01  0.000000E+00
  DP  1.088230E+01  0.000000E+00
  DP  1.103920E+01  0.000000E+00
  DP  1.119840E+01  0.000000E+00
  DP  1.135990E+01  0.000000E+00
  DP  1.152370E+01  0.000000E+00
  DP  1.168980E+01  0.000000E+00
  DP  1.185840E+01  0.000000E+00
  DP  1.202940E+01  0.000000E+00
  DP  1.220290E+01  0.000000E+00
  DP  1.237880E+01  0.000000E+00
  DP  1.255730E+01  0.000000E+00
  DP  1.273840E+01  0.000000E+00
  DP  1.292210E+01  0.000000E+00
  DP  1.310840E+01  0.000000E+00
  DP  1.329740E+01  0.000000E+00
  DP  1.348920E+01  2.541744E-12
  DP  1.368370E+01  2.158847E-11
  DP  1.388100E+01  1.575941E-10
  DP  1.408120E+01  1.955955E-09
  DP  1.428420E+01  1.544790E-09
  DP  1.449020E+01  1.246581E-08
  DP  1.469920E+01  3.021662E-08
  DP  1.491110E+01  8.175951E-09
  DP  1.512610E+01  5.169530E-10
  DP  1.534430E+01  3.747657E-11
  DP  1.556550E+01  0.000000E+00
  DP  1.579000E+01  0.000000E+00
  DP  1.601770E+01  0.000000E+00
  DP  1.624860E+01  0.000000E+00
  DP  1.648290E+01  0.000000E+00
  DP  1.672060E+01  0.000000E+00
  DP  1.696170E+01  0.000000E+00
  DP  1.720630E+01  0.000000E+00
  DP  1.745440E+01  0.000000E+00
  DP  1.770610E+01  0.000000E+00
  DP  1.796140E+01  0.000000E+00
  DP  1.822040E+01  0.000000E+00
  DP  1.848320E+01  0.000000E+00
  DP  1.874970E+01  0.000000E+00
  DP  1.902010E+01  0.000000E+00
  DP  1.929430E+01  0.000000E+00
  DP  1.957260E+01  0.000000E+00
  DP  1.985480E+01  0.000000E+00
  DP  2.014110E+01  0.000000E+00
  DP  2.043150E+01  0.000000E+00
  DP  2.072620E+01  0.000000E+00
  DP  2.102500E+01  0.000000E+00
  DP  2.132820E+01  0.000000E+00
  DP  2.163580E+01  0.000000E+00
  DP  2.194770E+01  0.000000E+00
  DP  2.226420E+01  0.000000E+00
  DP  2.258530E+01  0.000000E+00
  DP  2.291100E+01  0.000000E+00
  DP  2.324130E+01  0.000000E+00
  DP  2.357650E+01  0.000000E+00
  DP  2.391640E+01  0.000000E+00
  DP  2.426130E+01  0.000000E+00
  DP  2.461120E+01  0.000000E+00
  DP  2.496600E+01  0.000000E+00
  DP  2.532610E+01  0.000000E+00
  DP  2.569130E+01  0.000000E+00
  DP  2.606170E+01  0.000000E+00
  DP  2.643750E+01  0.000000E+00
  DP  2.681880E+01  0.000000E+00
  DP  2.720550E+01  0.000000E+00
  DP  2.759780E+01  0.000000E+00
  DP  2.799570E+01  0.000000E+00
  DP  2.839940E+01  0.000000E+00
  DP  2.880890E+01  0.000000E+00
  DP  2.922440E+01  0.000000E+00
  DP  2.964580E+01  0.000000E+00
  DP  3.007330E+01  0.000000E+00
  DP  3.050690E+01  0.000000E+00
  DP  3.094680E+01  0.000000E+00
  DP  3.139310E+01  0.000000E+00
  DP  3.184580E+01  0.000000E+00
  DP  3.230500E+01  0.000000E+00
  DP  3.277080E+01  0.000000E+00
  DP  3.324340E+01  0.000000E+00
  DP  3.372270E+01  0.000000E+00
  DP  3.420900E+01  0.000000E+00
  DP  3.470230E+01  0.000000E+00
  DP  3.520270E+01  0.000000E+00
  DP  3.571030E+01  0.000000E+00
  DP  3.622530E+01  0.000000E+00
  DP  3.674760E+01  0.000000E+00
  DP  3.727750E+01  0.000000E+00
  DP  3.781510E+01  0.000000E+00
  DP  3.836040E+01  0.000000E+00
  DP  3.891350E+01  0.000000E+00
  DP  3.947460E+01  1.134636E-09
  DP  4.004390E+01  2.237018E-09
  DP  4.062130E+01  0.000000E+00
  DP  4.120700E+01  1.086931E-09
  DP  4.180120E+01  2.142971E-09
  DP  4.240400E+01  4.225010E-09
  DP  4.301550E+01  1.041241E-09
  DP  4.363570E+01  2.052876E-09
  DP  4.426500E+01  5.059231E-09
  DP  4.490330E+01  3.989855E-09
  DP  4.555080E+01  8.849587E-09
  DP  4.620760E+01  3.877225E-09
  DP  4.687390E+01  5.733167E-09
  DP  4.754980E+01  1.036144E-08
  DP  4.823550E+01  1.578548E-08
  DP  4.893100E+01  1.281501E-08
  DP  4.963660E+01  1.894923E-08
  DP  5.035240E+01  1.779034E-08
  DP  5.107850E+01  2.455243E-08
  DP  5.181500E+01  3.371194E-08
  DP  5.256220E+01  3.919757E-08
  DP  5.332010E+01  4.452042E-08
  DP  5.408900E+01  5.134017E-08
  DP  5.486890E+01  6.122231E-08
  DP  5.566010E+01  5.793857E-08
  DP  5.646280E+01  7.774069E-08
  DP  5.727690E+01  7.350596E-08
  DP  5.810290E+01  1.187128E-07
  DP  5.894070E+01  1.014594E-07
  DP  5.979060E+01  1.251001E-07
  DP  6.065280E+01  1.395677E-07
  DP  6.152740E+01  1.696142E-07
  DP  6.241460E+01  2.260473E-07
  DP  6.331460E+01  2.207120E-07
  DP  6.422760E+01  2.705731E-07
  DP  6.515380E+01  3.079737E-07
  DP  6.609330E+01  3.144379E-07
  DP  6.704640E+01  3.761043E-07
  DP  6.801320E+01  3.970996E-07
  DP  6.899390E+01  4.953461E-07
  DP  6.998880E+01  5.247592E-07
  DP  7.099800E+01  5.633555E-07
  DP  7.202180E+01  6.672089E-07
  DP  7.306040E+01  6.909023E-07
  DP  7.411390E+01  7.517891E-07
  DP  7.518260E+01  8.391845E-07
  DP  7.626670E+01  9.038181E-07
  DP  7.736650E+01  9.974889E-07
  DP  7.848210E+01  1.112350E-06
  DP  7.961380E+01  1.205069E-06
  DP  8.076180E+01  1.334896E-06
  DP  8.192640E+01  1.429761E-06
  DP  8.310780E+01  1.625918E-06
  DP  8.430620E+01  1.763191E-06
  DP  8.552190E+01  1.863613E-06
  DP  8.675510E+01  2.012133E-06
  DP  8.800610E+01  2.192580E-06
  DP  8.927510E+01  2.250513E-06
  DP  9.056250E+01  2.437319E-06
  DP  9.186840E+01  2.510685E-06
  DP  9.319310E+01  2.694617E-06
  DP  9.453690E+01  2.894167E-06
  DP  9.590010E+01  2.960380E-06
  DP  9.728300E+01  3.115308E-06
  DP  9.868580E+01  3.332288E-06
  DP  1.001090E+02  3.490200E-06
  DP  1.015520E+02  3.688697E-06
  DP  1.030170E+02  3.885856E-06
  DP  1.045020E+02  4.023171E-06
  DP  1.060090E+02  4.301751E-06
  DP  1.075380E+02  4.408156E-06
  DP  1.090890E+02  4.607230E-06
  DP  1.106620E+02  4.841231E-06
  DP  1.122570E+02  4.980099E-06
  DP  1.138760E+02  5.351925E-06
  DP  1.155180E+02  5.481626E-06
  DP  1.171840E+02  5.780972E-06
  DP  1.188740E+02  6.260230E-06
  DP  1.205880E+02  7.707748E-06
  DP  1.223270E+02  9.479211E-06
  DP  1.240910E+02  7.950122E-06
  DP  1.258800E+02  6.493095E-06
  DP  1.276950E+02  6.513133E-06
  DP  1.295370E+02  6.682993E-06
  DP  1.314040E+02  6.671362E-06
  DP  1.332990E+02  6.796919E-06
  DP  1.352210E+02  7.142999E-06
  DP  1.371710E+02  7.296198E-06
  DP  1.391490E+02  7.060125E-06
  DP  1.411560E+02  7.125961E-06
  DP  1.431910E+02  7.274982E-06
  DP  1.452560E+02  7.259340E-06
  DP  1.473510E+02  7.267888E-06
  DP  1.494750E+02  7.425156E-06
  DP  1.516310E+02  7.359169E-06
  DP  1.538170E+02  7.534102E-06
  DP  1.560350E+02  7.766825E-06
  DP  1.582850E+02  7.854621E-06
  DP  1.605680E+02  7.764803E-06
  DP  1.628830E+02  7.632210E-06
  DP  1.652320E+02  7.768254E-06
  DP  1.676150E+02  8.023638E-06
  DP  1.700320E+02  8.418083E-06
  DP  1.724830E+02  8.659655E-06
  DP  1.749710E+02  8.763018E-06
  DP  1.774940E+02  8.720653E-06
  DP  1.800530E+02  8.796526E-06
  DP  1.826490E+02  8.712381E-06
  DP  1.852830E+02  8.713384E-06
  DP  1.879550E+02  8.777976E-06
  DP  1.906650E+02  8.832540E-06
  DP  1.934150E+02  9.258111E-06
  DP  1.962040E+02  9.859325E-06
  DP  1.990330E+02  1.015062E-05
  DP  2.019030E+02  1.007040E-05
  DP  2.048140E+02  1.004207E-05
  DP  2.077680E+02  1.020317E-05
  DP  2.107640E+02  1.039093E-05
  DP  2.138030E+02  1.049012E-05
  DP  2.168860E+02  1.035743E-05
  DP  2.200130E+02  1.032743E-05
  DP  2.231860E+02  1.016131E-05
  DP  2.264040E+02  1.016549E-05
  DP  2.296690E+02  1.004324E-05
  DP  2.329810E+02  9.901189E-06
  DP  2.363400E+02  9.882889E-06
  DP  2.397480E+02  9.702483E-06
  DP  2.432060E+02  9.539374E-06
  DP  2.467130E+02  9.399913E-06
  DP  2.502700E+02  9.296047E-06
  DP  2.538790E+02  9.096506E-06
  DP  2.575400E+02  9.010690E-06
  DP  2.612540E+02  8.872983E-06
  DP  2.650210E+02  8.736948E-06
  DP  2.688430E+02  8.687898E-06
  DP  2.727190E+02  8.535902E-06
  DP  2.766520E+02  8.323109E-06
  DP  2.806410E+02  8.225611E-06
  DP  2.846880E+02  8.074259E-06
  DP  2.887930E+02  7.969926E-06
  DP  2.929570E+02  7.830088E-06
  DP  2.971820E+02  7.730075E-06
  DP  3.014670E+02  7.612356E-06
  DP  3.058140E+02  7.570033E-06
  DP  3.102240E+02  7.446406E-06
  DP  3.146980E+02  7.407667E-06
  DP  3.192350E+02  7.314180E-06
  DP  3.238390E+02  7.147620E-06
  DP  3.285080E+02  7.087975E-06
  DP  3.332460E+02  7.013231E-06
  DP  3.380510E+02  6.926554E-06
  DP  3.429260E+02  6.877705E-06
  DP  3.478710E+02  6.748212E-06
  DP  3.528870E+02  6.696764E-06
  DP  3.579750E+02  6.619789E-06
  DP  3.631370E+02  6.601815E-06
  DP  3.683740E+02  6.518815E-06
  DP  3.736860E+02  6.463615E-06
  DP  3.790740E+02  6.358697E-06
  DP  3.845400E+02  6.352806E-06
  DP  3.900850E+02  6.228486E-06
  DP  3.957100E+02  6.204704E-06
  DP  4.014170E+02  6.177038E-06
  DP  4.072050E+02  6.147608E-06
  DP  4.130770E+02  6.064390E-06
  DP  4.190330E+02  6.014012E-06
  DP  4.250760E+02  5.966199E-06
  DP  4.312050E+02  5.926625E-06
  DP  4.374230E+02  5.871751E-06
  DP  4.437310E+02  5.873807E-06
  DP  4.501290E+02  5.852031E-06
  DP  4.566200E+02  5.806650E-06
  DP  4.632050E+02  5.792043E-06
  DP  4.698840E+02  5.790999E-06
  DP  4.766600E+02  5.795386E-06
  DP  4.835330E+02  5.757909E-06
  DP  4.905060E+02  5.944925E-06
  DP  4.975790E+02  1.411754E-05
  DP  5.047540E+02  4.332668E-05
  DP  5.120320E+02  5.890185E-05
  DP  5.194160E+02  2.248215E-05
  DP  5.269050E+02  4.247379E-06
  DP  5.345030E+02  3.827523E-06
  DP  5.422110E+02  3.785902E-06
  DP  5.500290E+02  3.770377E-06
  DP  5.579610E+02  3.777011E-06
  DP  5.660070E+02  3.719480E-06
  DP  5.741680E+02  3.686090E-06
  DP  5.824480E+02  3.676280E-06
  DP  5.908470E+02  3.630999E-06
  DP  5.993670E+02  3.654161E-06
  DP  6.080090E+02  3.634157E-06
  DP  6.167770E+02  3.628567E-06
  DP  6.256710E+02  3.598878E-06
  DP  6.346930E+02  3.574997E-06
  DP  6.438450E+02  3.609941E-06
  DP  6.531290E+02  3.567359E-06
  DP  6.625470E+02  3.572557E-06
  DP  6.721010E+02  3.567234E-06
  DP  6.817930E+02  3.536693E-06
  DP  6.916240E+02  3.550631E-06
  DP  7.015970E+02  3.553923E-06
  DP  7.117140E+02  3.552770E-06
  DP  7.219770E+02  3.650359E-06
  DP  7.323880E+02  3.785409E-06
  DP  7.429490E+02  3.697930E-06
  DP  7.536620E+02  3.539868E-06
  DP  7.645300E+02  3.542726E-06
  DP  7.755540E+02  3.689106E-06
  DP  7.867380E+02  3.818850E-06
  DP  7.980820E+02  3.698239E-06
  DP  8.095910E+02  3.686850E-06
  DP  8.212650E+02  1.184513E-05
  DP  8.331070E+02  5.701222E-05
  DP  8.451210E+02  1.018254E-04
  DP  8.573070E+02  5.365812E-05
  DP  8.696700E+02  4.350032E-06
  DP  8.822100E+02  1.427372E-06
  DP  8.949320E+02  1.406983E-06
  DP  9.078360E+02  1.395945E-06
  DP  9.209270E+02  1.403757E-06
  DP  9.342070E+02  1.387296E-06
  DP  9.476780E+02  1.473981E-06
  DP  9.613440E+02  2.041345E-06
  DP  9.752060E+02  2.656271E-06
  DP  9.892680E+02  2.060246E-06
  DP  1.003530E+03  1.966960E-06
  DP  1.018000E+03  6.479107E-06
  DP  1.032680E+03  1.295589E-05
  DP  1.047580E+03  9.051133E-06
  DP  1.062680E+03  1.949805E-06
  DP  1.078000E+03  1.134653E-06
  DP  1.093550E+03  1.128310E-06
  DP  1.109320E+03  1.162177E-06
  DP  1.125310E+03  1.231916E-06
  DP  1.141540E+03  1.479003E-06
  DP  1.158000E+03  2.294582E-06
  DP  1.174700E+03  2.836126E-06
  DP  1.191640E+03  2.563177E-06
  DP  1.208820E+03  1.484618E-05
  DP  1.226250E+03  4.445992E-05
  DP  1.243940E+03  4.296955E-05
  DP  1.261870E+03  9.318358E-06
  DP  1.280070E+03  4.064082E-07
  DP  1.298530E+03  3.285094E-07
  DP  1.317250E+03  5.505642E-07
  DP  1.336250E+03  1.879715E-06
  DP  1.355520E+03  3.242578E-06
  DP  1.375060E+03  1.885606E-06
  DP  1.394890E+03  3.993632E-07
  DP  1.415010E+03  3.319938E-07
  DP  1.435410E+03  3.984265E-07
  DP  1.456110E+03  3.514775E-07
  DP  1.477110E+03  2.770857E-07
  DP  1.498400E+03  2.710669E-07
  DP  1.520010E+03  2.668237E-07
  DP  1.541930E+03  2.747569E-07
  DP  1.564160E+03  2.723780E-07
  DP  1.586720E+03  2.631279E-07
  DP  1.609600E+03  2.624084E-07
  DP  1.632810E+03  2.687682E-07
  DP  1.656360E+03  2.662722E-07
  DP  1.680240E+03  2.609060E-07
  DP  1.704470E+03  3.975617E-07
  DP  1.729050E+03  2.692035E-06
  DP  1.753980E+03  8.003141E-06
  DP  1.779270E+03  7.949044E-06
  DP  1.804930E+03  2.138333E-06
  DP  1.830960E+03  3.147621E-07
  DP  1.857360E+03  1.644143E-07
  DP  1.884140E+03  1.587389E-07
  DP  1.911310E+03  2.278071E-07
  DP  1.938870E+03  4.594094E-07
  DP  1.966830E+03  1.162921E-06
  DP  1.995190E+03  3.470480E-06
  DP  2.023960E+03  5.353044E-06
  DP  2.053150E+03  2.845702E-06
  DP  2.082750E+03  3.610852E-07
  DP  2.112790E+03  9.417460E-08
  DP  2.143250E+03  1.071974E-07
  DP  2.174160E+03  1.808380E-07
  DP  2.205510E+03  2.511278E-07
  DP  2.237310E+03  1.716665E-07
  DP  2.269570E+03  9.178395E-08
  DP  2.302300E+03  8.961640E-08
  DP  2.335500E+03  9.057902E-08
  DP  2.369180E+03  9.216665E-08
  DP  2.403340E+03  8.904068E-08
  DP  2.438000E+03  9.143885E-08
  DP  2.473150E+03  8.967490E-08
  DP  2.508810E+03  4.143865E-07
  DP  2.544990E+03  3.098045E-06
  DP  2.581690E+03  6.797537E-06
  DP  2.618920E+03  4.460348E-06
  DP  2.656680E+03  5.649983E-07
  DP  2.694990E+03  3.472293E-08
  DP  2.733850E+03  3.237707E-08
  DP  2.773270E+03  3.299775E-08
  DP  2.813260E+03  3.376258E-08
  DP  2.853830E+03  3.157063E-08
  DP  2.894980E+03  3.882247E-08
  DP  2.936730E+03  1.391491E-07
  DP  2.979080E+03  3.463436E-07
  DP  3.022030E+03  3.297820E-07
  DP  3.065610E+03  1.009363E-07
  DP  3.109820E+03  1.965489E-07
  DP  3.154660E+03  1.066309E-06
  DP  3.200150E+03  2.799401E-06
  DP  3.246300E+03  3.427070E-06
  DP  3.293110E+03  1.565003E-06
  DP  3.340590E+03  1.580880E-07
  DP  3.388770E+03  1.525763E-07
  DP  3.437630E+03  2.753970E-07
  DP  3.487200E+03  1.462417E-07
  DP  3.537490E+03  1.166230E-08
  DP  3.588500E+03  4.706516E-11
  DP  3.640240E+03  9.121825E-13
  DP  3.692730E+03  3.714375E-14
  DP  3.745980E+03  0.000000E+00
  DP  3.800000E+03  0.000000E+00
  
 EN
