 # final1D_0_1p38_0p6_1p25_core/final1D_0_1p38_0p6_1p25_core_70_100/quickspec.dat                      
 #    1.0000000000000000      =Mpc
  DP  3.000000E+00  0.000000E+00
  DP  3.043260E+00  0.000000E+00
  DP  3.087140E+00  0.000000E+00
  DP  3.131660E+00  0.000000E+00
  DP  3.176820E+00  0.000000E+00
  DP  3.222630E+00  0.000000E+00
  DP  3.269100E+00  0.000000E+00
  DP  3.316240E+00  0.000000E+00
  DP  3.364060E+00  0.000000E+00
  DP  3.412570E+00  0.000000E+00
  DP  3.461780E+00  0.000000E+00
  DP  3.511690E+00  0.000000E+00
  DP  3.562330E+00  0.000000E+00
  DP  3.613700E+00  0.000000E+00
  DP  3.665810E+00  0.000000E+00
  DP  3.718670E+00  0.000000E+00
  DP  3.772290E+00  0.000000E+00
  DP  3.826690E+00  0.000000E+00
  DP  3.881870E+00  0.000000E+00
  DP  3.937850E+00  0.000000E+00
  DP  3.994630E+00  0.000000E+00
  DP  4.052230E+00  0.000000E+00
  DP  4.110660E+00  0.000000E+00
  DP  4.169940E+00  0.000000E+00
  DP  4.230070E+00  0.000000E+00
  DP  4.291070E+00  0.000000E+00
  DP  4.352940E+00  0.000000E+00
  DP  4.415710E+00  0.000000E+00
  DP  4.479390E+00  0.000000E+00
  DP  4.543980E+00  0.000000E+00
  DP  4.609500E+00  0.000000E+00
  DP  4.675970E+00  0.000000E+00
  DP  4.743400E+00  0.000000E+00
  DP  4.811800E+00  0.000000E+00
  DP  4.881180E+00  0.000000E+00
  DP  4.951570E+00  0.000000E+00
  DP  5.022970E+00  0.000000E+00
  DP  5.095400E+00  0.000000E+00
  DP  5.168880E+00  0.000000E+00
  DP  5.243410E+00  0.000000E+00
  DP  5.319020E+00  0.000000E+00
  DP  5.395720E+00  0.000000E+00
  DP  5.473530E+00  0.000000E+00
  DP  5.552450E+00  0.000000E+00
  DP  5.632520E+00  0.000000E+00
  DP  5.713740E+00  0.000000E+00
  DP  5.796130E+00  0.000000E+00
  DP  5.879710E+00  0.000000E+00
  DP  5.964500E+00  0.000000E+00
  DP  6.050500E+00  6.822689E-12
  DP  6.137750E+00  1.863020E-11
  DP  6.226260E+00  3.151774E-10
  DP  6.316040E+00  1.509829E-09
  DP  6.407120E+00  3.105164E-09
  DP  6.499510E+00  6.298066E-09
  DP  6.593230E+00  8.794938E-09
  DP  6.688300E+00  1.193654E-08
  DP  6.784750E+00  3.857354E-09
  DP  6.882580E+00  1.370450E-10
  DP  6.981830E+00  5.469001E-10
  DP  7.082500E+00  8.150925E-10
  DP  7.184630E+00  1.621999E-09
  DP  7.288240E+00  2.162691E-09
  DP  7.393330E+00  1.697103E-09
  DP  7.499940E+00  2.751956E-10
  DP  7.608090E+00  2.045473E-11
  DP  7.717800E+00  5.348883E-12
  DP  7.829090E+00  3.840935E-11
  DP  7.941980E+00  0.000000E+00
  DP  8.056510E+00  5.123162E-12
  DP  8.172680E+00  0.000000E+00
  DP  8.290530E+00  0.000000E+00
  DP  8.410080E+00  0.000000E+00
  DP  8.531350E+00  0.000000E+00
  DP  8.654370E+00  0.000000E+00
  DP  8.779170E+00  0.000000E+00
  DP  8.905760E+00  0.000000E+00
  DP  9.034180E+00  0.000000E+00
  DP  9.164450E+00  0.000000E+00
  DP  9.296600E+00  0.000000E+00
  DP  9.430660E+00  0.000000E+00
  DP  9.566650E+00  0.000000E+00
  DP  9.704600E+00  0.000000E+00
  DP  9.844540E+00  0.000000E+00
  DP  9.986500E+00  0.000000E+00
  DP  1.013050E+01  0.000000E+00
  DP  1.027660E+01  0.000000E+00
  DP  1.042480E+01  0.000000E+00
  DP  1.057510E+01  0.000000E+00
  DP  1.072760E+01  0.000000E+00
  DP  1.088230E+01  0.000000E+00
  DP  1.103920E+01  0.000000E+00
  DP  1.119840E+01  0.000000E+00
  DP  1.135990E+01  0.000000E+00
  DP  1.152370E+01  0.000000E+00
  DP  1.168980E+01  0.000000E+00
  DP  1.185840E+01  0.000000E+00
  DP  1.202940E+01  0.000000E+00
  DP  1.220290E+01  0.000000E+00
  DP  1.237880E+01  0.000000E+00
  DP  1.255730E+01  0.000000E+00
  DP  1.273840E+01  0.000000E+00
  DP  1.292210E+01  0.000000E+00
  DP  1.310840E+01  0.000000E+00
  DP  1.329740E+01  0.000000E+00
  DP  1.348920E+01  2.229138E-11
  DP  1.368370E+01  2.749307E-11
  DP  1.388100E+01  9.286939E-11
  DP  1.408120E+01  9.375931E-10
  DP  1.428420E+01  8.465378E-10
  DP  1.449020E+01  6.191092E-09
  DP  1.469920E+01  8.064808E-09
  DP  1.491110E+01  3.969442E-09
  DP  1.512610E+01  4.073749E-10
  DP  1.534430E+01  3.580629E-11
  DP  1.556550E+01  0.000000E+00
  DP  1.579000E+01  0.000000E+00
  DP  1.601770E+01  0.000000E+00
  DP  1.624860E+01  0.000000E+00
  DP  1.648290E+01  0.000000E+00
  DP  1.672060E+01  0.000000E+00
  DP  1.696170E+01  0.000000E+00
  DP  1.720630E+01  0.000000E+00
  DP  1.745440E+01  0.000000E+00
  DP  1.770610E+01  0.000000E+00
  DP  1.796140E+01  0.000000E+00
  DP  1.822040E+01  0.000000E+00
  DP  1.848320E+01  0.000000E+00
  DP  1.874970E+01  0.000000E+00
  DP  1.902010E+01  0.000000E+00
  DP  1.929430E+01  0.000000E+00
  DP  1.957260E+01  0.000000E+00
  DP  1.985480E+01  0.000000E+00
  DP  2.014110E+01  0.000000E+00
  DP  2.043150E+01  0.000000E+00
  DP  2.072620E+01  0.000000E+00
  DP  2.102500E+01  0.000000E+00
  DP  2.132820E+01  0.000000E+00
  DP  2.163580E+01  0.000000E+00
  DP  2.194770E+01  0.000000E+00
  DP  2.226420E+01  0.000000E+00
  DP  2.258530E+01  0.000000E+00
  DP  2.291100E+01  0.000000E+00
  DP  2.324130E+01  0.000000E+00
  DP  2.357650E+01  0.000000E+00
  DP  2.391640E+01  0.000000E+00
  DP  2.426130E+01  0.000000E+00
  DP  2.461120E+01  0.000000E+00
  DP  2.496600E+01  0.000000E+00
  DP  2.532610E+01  0.000000E+00
  DP  2.569130E+01  0.000000E+00
  DP  2.606170E+01  0.000000E+00
  DP  2.643750E+01  0.000000E+00
  DP  2.681880E+01  0.000000E+00
  DP  2.720550E+01  0.000000E+00
  DP  2.759780E+01  0.000000E+00
  DP  2.799570E+01  0.000000E+00
  DP  2.839940E+01  0.000000E+00
  DP  2.880890E+01  0.000000E+00
  DP  2.922440E+01  0.000000E+00
  DP  2.964580E+01  0.000000E+00
  DP  3.007330E+01  0.000000E+00
  DP  3.050690E+01  0.000000E+00
  DP  3.094680E+01  0.000000E+00
  DP  3.139310E+01  0.000000E+00
  DP  3.184580E+01  0.000000E+00
  DP  3.230500E+01  0.000000E+00
  DP  3.277080E+01  0.000000E+00
  DP  3.324340E+01  0.000000E+00
  DP  3.372270E+01  0.000000E+00
  DP  3.420900E+01  1.576167E-09
  DP  3.470230E+01  0.000000E+00
  DP  3.520270E+01  3.063359E-09
  DP  3.571030E+01  1.509904E-09
  DP  3.622530E+01  0.000000E+00
  DP  3.674760E+01  1.467280E-09
  DP  3.727750E+01  0.000000E+00
  DP  3.781510E+01  2.851735E-09
  DP  3.836040E+01  2.811192E-09
  DP  3.891350E+01  1.385617E-09
  DP  3.947460E+01  1.365922E-09
  DP  4.004390E+01  2.693004E-09
  DP  4.062130E+01  3.982092E-09
  DP  4.120700E+01  1.308491E-09
  DP  4.180120E+01  3.869688E-09
  DP  4.240400E+01  7.629352E-09
  DP  4.301550E+01  6.267416E-09
  DP  4.363570E+01  7.413993E-09
  DP  4.426500E+01  1.948961E-08
  DP  4.490330E+01  1.681101E-08
  DP  4.555080E+01  1.065348E-08
  DP  4.620760E+01  2.333780E-08
  DP  4.687390E+01  1.725455E-08
  DP  4.754980E+01  3.061671E-08
  DP  4.823550E+01  2.682802E-08
  DP  4.893100E+01  3.856803E-08
  DP  4.963660E+01  4.888250E-08
  DP  5.035240E+01  6.103772E-08
  DP  5.107850E+01  6.861502E-08
  DP  5.181500E+01  8.018549E-08
  DP  5.256220E+01  9.950406E-08
  DP  5.332010E+01  1.092137E-07
  DP  5.408900E+01  1.126455E-07
  DP  5.486890E+01  1.483866E-07
  DP  5.566010E+01  1.569457E-07
  DP  5.646280E+01  1.843057E-07
  DP  5.727690E+01  2.334616E-07
  DP  5.810290E+01  2.440628E-07
  DP  5.894070E+01  2.716969E-07
  DP  5.979060E+01  2.975938E-07
  DP  6.065280E+01  3.307011E-07
  DP  6.152740E+01  4.094280E-07
  DP  6.241460E+01  4.466297E-07
  DP  6.331460E+01  4.862698E-07
  DP  6.422760E+01  5.213700E-07
  DP  6.515380E+01  6.173871E-07
  DP  6.609330E+01  6.902096E-07
  DP  6.704640E+01  7.495497E-07
  DP  6.801320E+01  8.506489E-07
  DP  6.899390E+01  9.162101E-07
  DP  6.998880E+01  9.995361E-07
  DP  7.099800E+01  1.085285E-06
  DP  7.202180E+01  1.130566E-06
  DP  7.306040E+01  1.306327E-06
  DP  7.411390E+01  1.453584E-06
  DP  7.518260E+01  1.451479E-06
  DP  7.626670E+01  1.615532E-06
  DP  7.736650E+01  1.782602E-06
  DP  7.848210E+01  1.956657E-06
  DP  7.961380E+01  2.044579E-06
  DP  8.076180E+01  2.258133E-06
  DP  8.192640E+01  2.404697E-06
  DP  8.310780E+01  2.632474E-06
  DP  8.430620E+01  2.762050E-06
  DP  8.552190E+01  3.007825E-06
  DP  8.675510E+01  3.171084E-06
  DP  8.800610E+01  3.307580E-06
  DP  8.927510E+01  3.558761E-06
  DP  9.056250E+01  3.809992E-06
  DP  9.186840E+01  4.010561E-06
  DP  9.319310E+01  4.159532E-06
  DP  9.453690E+01  4.421493E-06
  DP  9.590010E+01  4.610823E-06
  DP  9.728300E+01  4.959953E-06
  DP  9.868580E+01  5.079820E-06
  DP  1.001090E+02  5.349669E-06
  DP  1.015520E+02  5.660662E-06
  DP  1.030170E+02  5.800316E-06
  DP  1.045020E+02  6.080133E-06
  DP  1.060090E+02  6.234326E-06
  DP  1.075380E+02  6.624008E-06
  DP  1.090890E+02  6.928802E-06
  DP  1.106620E+02  7.226242E-06
  DP  1.122570E+02  7.408737E-06
  DP  1.138760E+02  7.723006E-06
  DP  1.155180E+02  7.993072E-06
  DP  1.171840E+02  8.437636E-06
  DP  1.188740E+02  8.537908E-06
  DP  1.205880E+02  9.625942E-06
  DP  1.223270E+02  1.118968E-05
  DP  1.240910E+02  1.047266E-05
  DP  1.258800E+02  9.296967E-06
  DP  1.276950E+02  9.415120E-06
  DP  1.295370E+02  9.478041E-06
  DP  1.314040E+02  9.679504E-06
  DP  1.332990E+02  9.895841E-06
  DP  1.352210E+02  1.012170E-05
  DP  1.371710E+02  1.028565E-05
  DP  1.391490E+02  1.012212E-05
  DP  1.411560E+02  1.013616E-05
  DP  1.431910E+02  1.018730E-05
  DP  1.452560E+02  1.036779E-05
  DP  1.473510E+02  1.029150E-05
  DP  1.494750E+02  1.047825E-05
  DP  1.516310E+02  1.050165E-05
  DP  1.538170E+02  1.076311E-05
  DP  1.560350E+02  1.148691E-05
  DP  1.582850E+02  1.241751E-05
  DP  1.605680E+02  1.171477E-05
  DP  1.628830E+02  1.077723E-05
  DP  1.652320E+02  1.074047E-05
  DP  1.676150E+02  1.091811E-05
  DP  1.700320E+02  1.130082E-05
  DP  1.724830E+02  1.149401E-05
  DP  1.749710E+02  1.165653E-05
  DP  1.774940E+02  1.170859E-05
  DP  1.800530E+02  1.157356E-05
  DP  1.826490E+02  1.163740E-05
  DP  1.852830E+02  1.156946E-05
  DP  1.879550E+02  1.176132E-05
  DP  1.906650E+02  1.166832E-05
  DP  1.934150E+02  1.206606E-05
  DP  1.962040E+02  1.246113E-05
  DP  1.990330E+02  1.288562E-05
  DP  2.019030E+02  1.284150E-05
  DP  2.048140E+02  1.281476E-05
  DP  2.077680E+02  1.289188E-05
  DP  2.107640E+02  1.314983E-05
  DP  2.138030E+02  1.321025E-05
  DP  2.168860E+02  1.301998E-05
  DP  2.200130E+02  1.302876E-05
  DP  2.231860E+02  1.285771E-05
  DP  2.264040E+02  1.274123E-05
  DP  2.296690E+02  1.258773E-05
  DP  2.329810E+02  1.239838E-05
  DP  2.363400E+02  1.236521E-05
  DP  2.397480E+02  1.223577E-05
  DP  2.432060E+02  1.214895E-05
  DP  2.467130E+02  1.182959E-05
  DP  2.502700E+02  1.164860E-05
  DP  2.538790E+02  1.153278E-05
  DP  2.575400E+02  1.126648E-05
  DP  2.612540E+02  1.122453E-05
  DP  2.650210E+02  1.118241E-05
  DP  2.688430E+02  1.127642E-05
  DP  2.727190E+02  1.112584E-05
  DP  2.766520E+02  1.050892E-05
  DP  2.806410E+02  1.040973E-05
  DP  2.846880E+02  1.021897E-05
  DP  2.887930E+02  1.008268E-05
  DP  2.929570E+02  9.894086E-06
  DP  2.971820E+02  9.808939E-06
  DP  3.014670E+02  9.752285E-06
  DP  3.058140E+02  9.604133E-06
  DP  3.102240E+02  9.422892E-06
  DP  3.146980E+02  9.275742E-06
  DP  3.192350E+02  9.198199E-06
  DP  3.238390E+02  9.055645E-06
  DP  3.285080E+02  8.955290E-06
  DP  3.332460E+02  8.885267E-06
  DP  3.380510E+02  8.755582E-06
  DP  3.429260E+02  8.677871E-06
  DP  3.478710E+02  8.449668E-06
  DP  3.528870E+02  8.467133E-06
  DP  3.579750E+02  8.383405E-06
  DP  3.631370E+02  8.221115E-06
  DP  3.683740E+02  8.239030E-06
  DP  3.736860E+02  8.087745E-06
  DP  3.790740E+02  8.051747E-06
  DP  3.845400E+02  7.975415E-06
  DP  3.900850E+02  7.851371E-06
  DP  3.957100E+02  7.809382E-06
  DP  4.014170E+02  7.688554E-06
  DP  4.072050E+02  7.696333E-06
  DP  4.130770E+02  7.609891E-06
  DP  4.190330E+02  7.540486E-06
  DP  4.250760E+02  7.440047E-06
  DP  4.312050E+02  7.436470E-06
  DP  4.374230E+02  7.341245E-06
  DP  4.437310E+02  7.357498E-06
  DP  4.501290E+02  7.208836E-06
  DP  4.566200E+02  7.203664E-06
  DP  4.632050E+02  7.213582E-06
  DP  4.698840E+02  7.170073E-06
  DP  4.766600E+02  7.338538E-06
  DP  4.835330E+02  7.358158E-06
  DP  4.905060E+02  7.140927E-06
  DP  4.975790E+02  1.204258E-05
  DP  5.047540E+02  3.452197E-05
  DP  5.120320E+02  5.470229E-05
  DP  5.194160E+02  2.493697E-05
  DP  5.269050E+02  5.329614E-06
  DP  5.345030E+02  4.846805E-06
  DP  5.422110E+02  4.827168E-06
  DP  5.500290E+02  4.783967E-06
  DP  5.579610E+02  4.756226E-06
  DP  5.660070E+02  4.728943E-06
  DP  5.741680E+02  4.693472E-06
  DP  5.824480E+02  4.654266E-06
  DP  5.908470E+02  4.624134E-06
  DP  5.993670E+02  4.587744E-06
  DP  6.080090E+02  4.621886E-06
  DP  6.167770E+02  4.535393E-06
  DP  6.256710E+02  4.536872E-06
  DP  6.346930E+02  4.527171E-06
  DP  6.438450E+02  4.495017E-06
  DP  6.531290E+02  4.450379E-06
  DP  6.625470E+02  4.462579E-06
  DP  6.721010E+02  4.389163E-06
  DP  6.817930E+02  4.448249E-06
  DP  6.916240E+02  4.389782E-06
  DP  7.015970E+02  4.414390E-06
  DP  7.117140E+02  4.361296E-06
  DP  7.219770E+02  4.454724E-06
  DP  7.323880E+02  4.648659E-06
  DP  7.429490E+02  4.752549E-06
  DP  7.536620E+02  4.675791E-06
  DP  7.645300E+02  4.420415E-06
  DP  7.755540E+02  4.395823E-06
  DP  7.867380E+02  4.598163E-06
  DP  7.980820E+02  4.689578E-06
  DP  8.095910E+02  4.927565E-06
  DP  8.212650E+02  9.786712E-06
  DP  8.331070E+02  4.418576E-05
  DP  8.451210E+02  9.127507E-05
  DP  8.573070E+02  5.742125E-05
  DP  8.696700E+02  5.224471E-06
  DP  8.822100E+02  1.781173E-06
  DP  8.949320E+02  1.795445E-06
  DP  9.078360E+02  1.782786E-06
  DP  9.209270E+02  1.762313E-06
  DP  9.342070E+02  1.766842E-06
  DP  9.476780E+02  1.826755E-06
  DP  9.613440E+02  2.257381E-06
  DP  9.752060E+02  2.887240E-06
  DP  9.892680E+02  2.473944E-06
  DP  1.003530E+03  2.112471E-06
  DP  1.018000E+03  5.536759E-06
  DP  1.032680E+03  1.181312E-05
  DP  1.047580E+03  9.777604E-06
  DP  1.062680E+03  2.380849E-06
  DP  1.078000E+03  1.455999E-06
  DP  1.093550E+03  1.435452E-06
  DP  1.109320E+03  1.454320E-06
  DP  1.125310E+03  1.498523E-06
  DP  1.141540E+03  1.708467E-06
  DP  1.158000E+03  2.342261E-06
  DP  1.174700E+03  3.004992E-06
  DP  1.191640E+03  2.604147E-06
  DP  1.208820E+03  1.144262E-05
  DP  1.226250E+03  3.777203E-05
  DP  1.243940E+03  4.359349E-05
  DP  1.261870E+03  1.058563E-05
  DP  1.280070E+03  5.235601E-07
  DP  1.298530E+03  4.381894E-07
  DP  1.317250E+03  5.734613E-07
  DP  1.336250E+03  1.642213E-06
  DP  1.355520E+03  3.098822E-06
  DP  1.375060E+03  2.103815E-06
  DP  1.394890E+03  5.001909E-07
  DP  1.415010E+03  4.099569E-07
  DP  1.435410E+03  4.895219E-07
  DP  1.456110E+03  4.514052E-07
  DP  1.477110E+03  3.746370E-07
  DP  1.498400E+03  3.557666E-07
  DP  1.520010E+03  3.647126E-07
  DP  1.541930E+03  3.997142E-07
  DP  1.564160E+03  4.158396E-07
  DP  1.586720E+03  3.737529E-07
  DP  1.609600E+03  3.581155E-07
  DP  1.632810E+03  3.582433E-07
  DP  1.656360E+03  3.533141E-07
  DP  1.680240E+03  3.518886E-07
  DP  1.704470E+03  4.262745E-07
  DP  1.729050E+03  2.185210E-06
  DP  1.753980E+03  7.050348E-06
  DP  1.779270E+03  8.198061E-06
  DP  1.804930E+03  2.402934E-06
  DP  1.830960E+03  3.860346E-07
  DP  1.857360E+03  2.257089E-07
  DP  1.884140E+03  2.159591E-07
  DP  1.911310E+03  2.611258E-07
  DP  1.938870E+03  4.674997E-07
  DP  1.966830E+03  1.047157E-06
  DP  1.995190E+03  3.025824E-06
  DP  2.023960E+03  5.156687E-06
  DP  2.053150E+03  3.140159E-06
  DP  2.082750E+03  4.339545E-07
  DP  2.112790E+03  1.268725E-07
  DP  2.143250E+03  1.375614E-07
  DP  2.174160E+03  2.020021E-07
  DP  2.205510E+03  2.735971E-07
  DP  2.237310E+03  2.145386E-07
  DP  2.269570E+03  1.300578E-07
  DP  2.302300E+03  1.232643E-07
  DP  2.335500E+03  1.274123E-07
  DP  2.369180E+03  1.231733E-07
  DP  2.403340E+03  1.281359E-07
  DP  2.438000E+03  1.237824E-07
  DP  2.473150E+03  1.238000E-07
  DP  2.508810E+03  3.541932E-07
  DP  2.544990E+03  2.618728E-06
  DP  2.581690E+03  6.418894E-06
  DP  2.618920E+03  4.857475E-06
  DP  2.656680E+03  6.622153E-07
  DP  2.694990E+03  4.768133E-08
  DP  2.733850E+03  4.342261E-08
  DP  2.773270E+03  4.409009E-08
  DP  2.813260E+03  4.507242E-08
  DP  2.853830E+03  4.516793E-08
  DP  2.894980E+03  5.119962E-08
  DP  2.936730E+03  1.297611E-07
  DP  2.979080E+03  3.397941E-07
  DP  3.022030E+03  3.535523E-07
  DP  3.065610E+03  1.209389E-07
  DP  3.109820E+03  1.682865E-07
  DP  3.154660E+03  9.275408E-07
  DP  3.200150E+03  2.594704E-06
  DP  3.246300E+03  3.437624E-06
  DP  3.293110E+03  1.745677E-06
  DP  3.340590E+03  1.746470E-07
  DP  3.388770E+03  1.340854E-07
  DP  3.437630E+03  2.745814E-07
  DP  3.487200E+03  1.648638E-07
  DP  3.537490E+03  1.376358E-08
  DP  3.588500E+03  3.810836E-11
  DP  3.640240E+03  1.390288E-12
  DP  3.692730E+03  3.353546E-14
  DP  3.745980E+03  0.000000E+00
  DP  3.800000E+03  0.000000E+00
  
 EN
