 # final1D_0_1p38_0p6_1p25_core/final1D_0_1p38_0p6_1p25_core_200_100/quickspec.dat                     
 #    1.0000000000000000      =Mpc
  DP  3.000000E+00  1.120690E-08
  DP  3.043260E+00  0.000000E+00
  DP  3.087140E+00  0.000000E+00
  DP  3.131660E+00  0.000000E+00
  DP  3.176820E+00  0.000000E+00
  DP  3.222630E+00  0.000000E+00
  DP  3.269100E+00  0.000000E+00
  DP  3.316240E+00  0.000000E+00
  DP  3.364060E+00  0.000000E+00
  DP  3.412570E+00  0.000000E+00
  DP  3.461780E+00  0.000000E+00
  DP  3.511690E+00  0.000000E+00
  DP  3.562330E+00  0.000000E+00
  DP  3.613700E+00  0.000000E+00
  DP  3.665810E+00  0.000000E+00
  DP  3.718670E+00  0.000000E+00
  DP  3.772290E+00  0.000000E+00
  DP  3.826690E+00  0.000000E+00
  DP  3.881870E+00  0.000000E+00
  DP  3.937850E+00  0.000000E+00
  DP  3.994630E+00  0.000000E+00
  DP  4.052230E+00  0.000000E+00
  DP  4.110660E+00  0.000000E+00
  DP  4.169940E+00  0.000000E+00
  DP  4.230070E+00  0.000000E+00
  DP  4.291070E+00  0.000000E+00
  DP  4.352940E+00  0.000000E+00
  DP  4.415710E+00  0.000000E+00
  DP  4.479390E+00  0.000000E+00
  DP  4.543980E+00  0.000000E+00
  DP  4.609500E+00  0.000000E+00
  DP  4.675970E+00  0.000000E+00
  DP  4.743400E+00  0.000000E+00
  DP  4.811800E+00  0.000000E+00
  DP  4.881180E+00  0.000000E+00
  DP  4.951570E+00  0.000000E+00
  DP  5.022970E+00  0.000000E+00
  DP  5.095400E+00  0.000000E+00
  DP  5.168880E+00  0.000000E+00
  DP  5.243410E+00  0.000000E+00
  DP  5.319020E+00  0.000000E+00
  DP  5.395720E+00  0.000000E+00
  DP  5.473530E+00  0.000000E+00
  DP  5.552450E+00  0.000000E+00
  DP  5.632520E+00  0.000000E+00
  DP  5.713740E+00  0.000000E+00
  DP  5.796130E+00  0.000000E+00
  DP  5.879710E+00  3.874425E-12
  DP  5.964500E+00  0.000000E+00
  DP  6.050500E+00  5.906663E-11
  DP  6.137750E+00  7.711700E-10
  DP  6.226260E+00  3.215655E-09
  DP  6.316040E+00  1.191457E-08
  DP  6.407120E+00  2.921507E-08
  DP  6.499510E+00  7.485345E-08
  DP  6.593230E+00  1.322963E-07
  DP  6.688300E+00  2.497023E-08
  DP  6.784750E+00  1.944466E-09
  DP  6.882580E+00  8.515347E-10
  DP  6.981830E+00  3.581021E-09
  DP  7.082500E+00  3.383059E-09
  DP  7.184630E+00  1.418439E-08
  DP  7.288240E+00  2.300456E-08
  DP  7.393330E+00  2.206836E-09
  DP  7.499940E+00  1.494328E-10
  DP  7.608090E+00  0.000000E+00
  DP  7.717800E+00  0.000000E+00
  DP  7.829090E+00  0.000000E+00
  DP  7.941980E+00  0.000000E+00
  DP  8.056510E+00  0.000000E+00
  DP  8.172680E+00  0.000000E+00
  DP  8.290530E+00  0.000000E+00
  DP  8.410080E+00  0.000000E+00
  DP  8.531350E+00  0.000000E+00
  DP  8.654370E+00  0.000000E+00
  DP  8.779170E+00  0.000000E+00
  DP  8.905760E+00  0.000000E+00
  DP  9.034180E+00  0.000000E+00
  DP  9.164450E+00  0.000000E+00
  DP  9.296600E+00  0.000000E+00
  DP  9.430660E+00  0.000000E+00
  DP  9.566650E+00  0.000000E+00
  DP  9.704600E+00  0.000000E+00
  DP  9.844540E+00  0.000000E+00
  DP  9.986500E+00  0.000000E+00
  DP  1.013050E+01  0.000000E+00
  DP  1.027660E+01  0.000000E+00
  DP  1.042480E+01  0.000000E+00
  DP  1.057510E+01  0.000000E+00
  DP  1.072760E+01  0.000000E+00
  DP  1.088230E+01  0.000000E+00
  DP  1.103920E+01  0.000000E+00
  DP  1.119840E+01  0.000000E+00
  DP  1.135990E+01  0.000000E+00
  DP  1.152370E+01  0.000000E+00
  DP  1.168980E+01  0.000000E+00
  DP  1.185840E+01  0.000000E+00
  DP  1.202940E+01  0.000000E+00
  DP  1.220290E+01  0.000000E+00
  DP  1.237880E+01  1.840191E-12
  DP  1.255730E+01  0.000000E+00
  DP  1.273840E+01  0.000000E+00
  DP  1.292210E+01  2.833143E-12
  DP  1.310840E+01  1.088670E-11
  DP  1.329740E+01  0.000000E+00
  DP  1.348920E+01  1.281743E-09
  DP  1.368370E+01  1.323114E-09
  DP  1.388100E+01  2.186113E-09
  DP  1.408120E+01  6.727807E-09
  DP  1.428420E+01  5.407116E-08
  DP  1.449020E+01  1.698549E-07
  DP  1.469920E+01  3.172346E-07
  DP  1.491110E+01  2.627059E-08
  DP  1.512610E+01  4.807849E-10
  DP  1.534430E+01  1.238802E-11
  DP  1.556550E+01  0.000000E+00
  DP  1.579000E+01  0.000000E+00
  DP  1.601770E+01  0.000000E+00
  DP  1.624860E+01  0.000000E+00
  DP  1.648290E+01  0.000000E+00
  DP  1.672060E+01  0.000000E+00
  DP  1.696170E+01  0.000000E+00
  DP  1.720630E+01  0.000000E+00
  DP  1.745440E+01  0.000000E+00
  DP  1.770610E+01  0.000000E+00
  DP  1.796140E+01  0.000000E+00
  DP  1.822040E+01  0.000000E+00
  DP  1.848320E+01  0.000000E+00
  DP  1.874970E+01  0.000000E+00
  DP  1.902010E+01  0.000000E+00
  DP  1.929430E+01  0.000000E+00
  DP  1.957260E+01  0.000000E+00
  DP  1.985480E+01  0.000000E+00
  DP  2.014110E+01  0.000000E+00
  DP  2.043150E+01  0.000000E+00
  DP  2.072620E+01  0.000000E+00
  DP  2.102500E+01  0.000000E+00
  DP  2.132820E+01  0.000000E+00
  DP  2.163580E+01  0.000000E+00
  DP  2.194770E+01  0.000000E+00
  DP  2.226420E+01  0.000000E+00
  DP  2.258530E+01  0.000000E+00
  DP  2.291100E+01  0.000000E+00
  DP  2.324130E+01  0.000000E+00
  DP  2.357650E+01  0.000000E+00
  DP  2.391640E+01  0.000000E+00
  DP  2.426130E+01  0.000000E+00
  DP  2.461120E+01  0.000000E+00
  DP  2.496600E+01  0.000000E+00
  DP  2.532610E+01  0.000000E+00
  DP  2.569130E+01  0.000000E+00
  DP  2.606170E+01  0.000000E+00
  DP  2.643750E+01  0.000000E+00
  DP  2.681880E+01  0.000000E+00
  DP  2.720550E+01  0.000000E+00
  DP  2.759780E+01  0.000000E+00
  DP  2.799570E+01  0.000000E+00
  DP  2.839940E+01  0.000000E+00
  DP  2.880890E+01  0.000000E+00
  DP  2.922440E+01  0.000000E+00
  DP  2.964580E+01  0.000000E+00
  DP  3.007330E+01  0.000000E+00
  DP  3.050690E+01  0.000000E+00
  DP  3.094680E+01  0.000000E+00
  DP  3.139310E+01  0.000000E+00
  DP  3.184580E+01  0.000000E+00
  DP  3.230500E+01  0.000000E+00
  DP  3.277080E+01  0.000000E+00
  DP  3.324340E+01  0.000000E+00
  DP  3.372270E+01  0.000000E+00
  DP  3.420900E+01  0.000000E+00
  DP  3.470230E+01  0.000000E+00
  DP  3.520270E+01  0.000000E+00
  DP  3.571030E+01  0.000000E+00
  DP  3.622530E+01  0.000000E+00
  DP  3.674760E+01  0.000000E+00
  DP  3.727750E+01  0.000000E+00
  DP  3.781510E+01  0.000000E+00
  DP  3.836040E+01  0.000000E+00
  DP  3.891350E+01  0.000000E+00
  DP  3.947460E+01  0.000000E+00
  DP  4.004390E+01  0.000000E+00
  DP  4.062130E+01  0.000000E+00
  DP  4.120700E+01  0.000000E+00
  DP  4.180120E+01  0.000000E+00
  DP  4.240400E+01  0.000000E+00
  DP  4.301550E+01  0.000000E+00
  DP  4.363570E+01  0.000000E+00
  DP  4.426500E+01  3.797651E-10
  DP  4.490330E+01  0.000000E+00
  DP  4.555080E+01  0.000000E+00
  DP  4.620760E+01  0.000000E+00
  DP  4.687390E+01  3.586277E-10
  DP  4.754980E+01  0.000000E+00
  DP  4.823550E+01  6.970097E-10
  DP  4.893100E+01  6.871012E-10
  DP  4.963660E+01  6.773347E-10
  DP  5.035240E+01  3.338530E-10
  DP  5.107850E+01  6.582145E-10
  DP  5.181500E+01  1.622141E-09
  DP  5.256220E+01  1.279270E-09
  DP  5.332010E+01  2.206894E-09
  DP  5.408900E+01  2.486319E-09
  DP  5.486890E+01  9.191180E-10
  DP  5.566010E+01  2.416137E-09
  DP  5.646280E+01  4.465855E-09
  DP  5.727690E+01  2.347935E-09
  DP  5.810290E+01  4.629114E-09
  DP  5.894070E+01  5.989345E-09
  DP  5.979060E+01  8.153423E-09
  DP  6.065280E+01  7.483214E-09
  DP  6.152740E+01  8.469723E-09
  DP  6.241460E+01  1.131193E-08
  DP  6.331460E+01  1.513371E-08
  DP  6.422760E+01  1.491863E-08
  DP  6.515380E+01  1.625459E-08
  DP  6.609330E+01  2.166994E-08
  DP  6.704640E+01  2.557412E-08
  DP  6.801320E+01  3.954601E-08
  DP  6.899390E+01  3.240565E-08
  DP  6.998880E+01  3.487626E-08
  DP  7.099800E+01  3.243765E-08
  DP  7.202180E+01  3.714976E-08
  DP  7.306040E+01  4.992901E-08
  DP  7.411390E+01  4.853907E-08
  DP  7.518260E+01  5.880492E-08
  DP  7.626670E+01  6.175224E-08
  DP  7.736650E+01  7.865601E-08
  DP  7.848210E+01  8.184048E-08
  DP  7.961380E+01  9.712845E-08
  DP  8.076180E+01  1.178246E-07
  DP  8.192640E+01  1.617763E-07
  DP  8.310780E+01  1.881620E-07
  DP  8.430620E+01  1.956072E-07
  DP  8.552190E+01  1.905694E-07
  DP  8.675510E+01  2.019235E-07
  DP  8.800610E+01  2.122841E-07
  DP  8.927510E+01  2.227559E-07
  DP  9.056250E+01  2.264701E-07
  DP  9.186840E+01  2.282040E-07
  DP  9.319310E+01  2.321589E-07
  DP  9.453690E+01  2.292067E-07
  DP  9.590010E+01  2.469832E-07
  DP  9.728300E+01  2.417440E-07
  DP  9.868580E+01  2.655628E-07
  DP  1.001090E+02  2.787477E-07
  DP  1.015520E+02  2.686754E-07
  DP  1.030170E+02  3.072843E-07
  DP  1.045020E+02  3.070804E-07
  DP  1.060090E+02  3.364459E-07
  DP  1.075380E+02  3.570727E-07
  DP  1.090890E+02  3.775432E-07
  DP  1.106620E+02  3.935942E-07
  DP  1.122570E+02  4.485316E-07
  DP  1.138760E+02  4.587050E-07
  DP  1.155180E+02  5.125594E-07
  DP  1.171840E+02  5.661539E-07
  DP  1.188740E+02  1.831827E-06
  DP  1.205880E+02  5.478125E-06
  DP  1.223270E+02  6.205364E-06
  DP  1.240910E+02  2.126167E-06
  DP  1.258800E+02  4.580039E-07
  DP  1.276950E+02  4.421601E-07
  DP  1.295370E+02  4.517603E-07
  DP  1.314040E+02  4.802217E-07
  DP  1.332990E+02  6.967298E-07
  DP  1.352210E+02  1.121575E-06
  DP  1.371710E+02  1.036060E-06
  DP  1.391490E+02  5.765379E-07
  DP  1.411560E+02  4.679200E-07
  DP  1.431910E+02  4.901403E-07
  DP  1.452560E+02  4.814250E-07
  DP  1.473510E+02  4.875541E-07
  DP  1.494750E+02  4.901043E-07
  DP  1.516310E+02  5.033310E-07
  DP  1.538170E+02  5.006655E-07
  DP  1.560350E+02  5.059958E-07
  DP  1.582850E+02  5.191732E-07
  DP  1.605680E+02  5.341513E-07
  DP  1.628830E+02  5.506343E-07
  DP  1.652320E+02  6.089216E-07
  DP  1.676150E+02  7.401709E-07
  DP  1.700320E+02  9.085727E-07
  DP  1.724830E+02  9.285602E-07
  DP  1.749710E+02  9.345181E-07
  DP  1.774940E+02  9.433253E-07
  DP  1.800530E+02  9.287357E-07
  DP  1.826490E+02  9.142631E-07
  DP  1.852830E+02  9.144135E-07
  DP  1.879550E+02  9.473278E-07
  DP  1.906650E+02  9.943888E-07
  DP  1.934150E+02  1.174018E-06
  DP  1.962040E+02  1.377119E-06
  DP  1.990330E+02  1.441585E-06
  DP  2.019030E+02  1.441100E-06
  DP  2.048140E+02  1.456242E-06
  DP  2.077680E+02  1.488646E-06
  DP  2.107640E+02  1.598903E-06
  DP  2.138030E+02  1.619910E-06
  DP  2.168860E+02  1.602480E-06
  DP  2.200130E+02  1.574930E-06
  DP  2.231860E+02  1.572499E-06
  DP  2.264040E+02  1.560132E-06
  DP  2.296690E+02  1.536584E-06
  DP  2.329810E+02  1.514901E-06
  DP  2.363400E+02  1.504673E-06
  DP  2.397480E+02  1.479471E-06
  DP  2.432060E+02  1.446256E-06
  DP  2.467130E+02  1.424823E-06
  DP  2.502700E+02  1.379467E-06
  DP  2.538790E+02  1.368570E-06
  DP  2.575400E+02  1.342157E-06
  DP  2.612540E+02  1.331662E-06
  DP  2.650210E+02  1.291277E-06
  DP  2.688430E+02  1.278994E-06
  DP  2.727190E+02  1.270220E-06
  DP  2.766520E+02  1.243732E-06
  DP  2.806410E+02  1.212205E-06
  DP  2.846880E+02  1.187822E-06
  DP  2.887930E+02  1.175965E-06
  DP  2.929570E+02  1.156144E-06
  DP  2.971820E+02  1.143911E-06
  DP  3.014670E+02  1.117924E-06
  DP  3.058140E+02  1.108749E-06
  DP  3.102240E+02  1.101295E-06
  DP  3.146980E+02  1.080155E-06
  DP  3.192350E+02  1.071381E-06
  DP  3.238390E+02  1.068891E-06
  DP  3.285080E+02  1.046071E-06
  DP  3.332460E+02  1.044065E-06
  DP  3.380510E+02  1.028381E-06
  DP  3.429260E+02  1.015747E-06
  DP  3.478710E+02  1.022323E-06
  DP  3.528870E+02  1.003472E-06
  DP  3.579750E+02  9.944974E-07
  DP  3.631370E+02  9.767827E-07
  DP  3.683740E+02  9.867431E-07
  DP  3.736860E+02  9.789887E-07
  DP  3.790740E+02  9.660870E-07
  DP  3.845400E+02  9.669059E-07
  DP  3.900850E+02  9.626026E-07
  DP  3.957100E+02  9.549234E-07
  DP  4.014170E+02  9.548649E-07
  DP  4.072050E+02  9.410441E-07
  DP  4.130770E+02  9.537202E-07
  DP  4.190330E+02  9.443113E-07
  DP  4.250760E+02  9.395233E-07
  DP  4.312050E+02  9.288778E-07
  DP  4.374230E+02  9.374009E-07
  DP  4.437310E+02  9.369914E-07
  DP  4.501290E+02  9.438601E-07
  DP  4.566200E+02  9.413700E-07
  DP  4.632050E+02  9.317021E-07
  DP  4.698840E+02  9.336156E-07
  DP  4.766600E+02  9.376850E-07
  DP  4.835330E+02  9.428406E-07
  DP  4.905060E+02  1.347421E-06
  DP  4.975790E+02  1.084583E-05
  DP  5.047540E+02  3.220844E-05
  DP  5.120320E+02  3.106100E-05
  DP  5.194160E+02  8.509915E-06
  DP  5.269050E+02  7.114138E-07
  DP  5.345030E+02  5.639730E-07
  DP  5.422110E+02  5.634558E-07
  DP  5.500290E+02  5.617462E-07
  DP  5.579610E+02  5.573066E-07
  DP  5.660070E+02  5.619007E-07
  DP  5.741680E+02  5.556505E-07
  DP  5.824480E+02  5.624063E-07
  DP  5.908470E+02  5.599997E-07
  DP  5.993670E+02  5.534077E-07
  DP  6.080090E+02  5.557892E-07
  DP  6.167770E+02  5.541079E-07
  DP  6.256710E+02  5.530384E-07
  DP  6.346930E+02  5.557992E-07
  DP  6.438450E+02  5.564025E-07
  DP  6.531290E+02  5.575506E-07
  DP  6.625470E+02  5.572573E-07
  DP  6.721010E+02  5.603975E-07
  DP  6.817930E+02  5.614328E-07
  DP  6.916240E+02  5.566816E-07
  DP  7.015970E+02  5.632302E-07
  DP  7.117140E+02  5.863496E-07
  DP  7.219770E+02  6.701836E-07
  DP  7.323880E+02  7.051777E-07
  DP  7.429490E+02  6.229990E-07
  DP  7.536620E+02  5.726140E-07
  DP  7.645300E+02  6.038863E-07
  DP  7.755540E+02  7.132203E-07
  DP  7.867380E+02  7.543995E-07
  DP  7.980820E+02  6.400928E-07
  DP  8.095910E+02  7.225348E-07
  DP  8.212650E+02  9.694796E-06
  DP  8.331070E+02  4.299061E-05
  DP  8.451210E+02  5.719062E-05
  DP  8.573070E+02  2.281538E-05
  DP  8.696700E+02  1.371796E-06
  DP  8.822100E+02  2.113792E-07
  DP  8.949320E+02  2.063146E-07
  DP  9.078360E+02  2.036933E-07
  DP  9.209270E+02  2.059503E-07
  DP  9.342070E+02  2.080017E-07
  DP  9.476780E+02  3.091920E-07
  DP  9.613440E+02  7.240497E-07
  DP  9.752060E+02  9.244825E-07
  DP  9.892680E+02  5.066216E-07
  DP  1.003530E+03  8.459779E-07
  DP  1.018000E+03  4.269823E-06
  DP  1.032680E+03  7.123705E-06
  DP  1.047580E+03  3.650694E-06
  DP  1.062680E+03  4.905480E-07
  DP  1.078000E+03  1.680207E-07
  DP  1.093550E+03  1.701356E-07
  DP  1.109320E+03  1.918345E-07
  DP  1.125310E+03  2.318372E-07
  DP  1.141540E+03  4.387292E-07
  DP  1.158000E+03  9.745600E-07
  DP  1.174700E+03  1.058346E-06
  DP  1.191640E+03  1.334169E-06
  DP  1.208820E+03  1.141672E-05
  DP  1.226250E+03  2.742581E-05
  DP  1.243940E+03  1.993206E-05
  DP  1.261870E+03  3.651596E-06
  DP  1.280070E+03  7.299490E-08
  DP  1.298530E+03  4.744034E-08
  DP  1.317250E+03  2.593510E-07
  DP  1.336250E+03  1.155626E-06
  DP  1.355520E+03  1.634692E-06
  DP  1.375060E+03  7.222147E-07
  DP  1.394890E+03  8.786917E-08
  DP  1.415010E+03  7.784648E-08
  DP  1.435410E+03  1.084191E-07
  DP  1.456110E+03  7.135136E-08
  DP  1.477110E+03  3.830297E-08
  DP  1.498400E+03  3.628199E-08
  DP  1.520010E+03  3.556764E-08
  DP  1.541930E+03  3.532498E-08
  DP  1.564160E+03  3.601209E-08
  DP  1.586720E+03  3.565655E-08
  DP  1.609600E+03  3.651362E-08
  DP  1.632810E+03  3.652791E-08
  DP  1.656360E+03  3.545391E-08
  DP  1.680240E+03  3.537052E-08
  DP  1.704470E+03  1.607544E-07
  DP  1.729050E+03  1.832412E-06
  DP  1.753980E+03  4.604656E-06
  DP  1.779270E+03  3.581347E-06
  DP  1.804930E+03  8.403293E-07
  DP  1.830960E+03  8.377974E-08
  DP  1.857360E+03  2.477929E-08
  DP  1.884140E+03  2.253504E-08
  DP  1.911310E+03  7.529723E-08
  DP  1.938870E+03  2.122139E-07
  DP  1.966830E+03  6.851425E-07
  DP  1.995190E+03  2.063814E-06
  DP  2.023960E+03  2.678665E-06
  DP  2.053150E+03  1.158417E-06
  DP  2.082750E+03  1.132505E-07
  DP  2.112790E+03  1.198083E-08
  DP  2.143250E+03  2.340473E-08
  DP  2.174160E+03  6.781118E-08
  DP  2.205510E+03  9.075533E-08
  DP  2.237310E+03  4.530413E-08
  DP  2.269570E+03  1.369055E-08
  DP  2.302300E+03  1.122319E-08
  DP  2.335500E+03  1.145900E-08
  DP  2.369180E+03  1.114155E-08
  DP  2.403340E+03  1.166088E-08
  DP  2.438000E+03  1.126063E-08
  DP  2.473150E+03  1.309268E-08
  DP  2.508810E+03  2.685785E-07
  DP  2.544990E+03  1.922038E-06
  DP  2.581690E+03  3.486607E-06
  DP  2.618920E+03  1.865451E-06
  DP  2.656680E+03  2.134489E-07
  DP  2.694990E+03  5.189785E-09
  DP  2.733850E+03  4.077877E-09
  DP  2.773270E+03  3.985869E-09
  DP  2.813260E+03  3.806742E-09
  DP  2.853830E+03  4.129116E-09
  DP  2.894980E+03  8.601748E-09
  DP  2.936730E+03  7.303560E-08
  DP  2.979080E+03  1.757910E-07
  DP  3.022030E+03  1.338622E-07
  DP  3.065610E+03  3.325119E-08
  DP  3.109820E+03  1.177268E-07
  DP  3.154660E+03  6.354736E-07
  DP  3.200150E+03  1.511525E-06
  DP  3.246300E+03  1.615824E-06
  DP  3.293110E+03  6.393826E-07
  DP  3.340590E+03  6.683227E-08
  DP  3.388770E+03  8.999159E-08
  DP  3.437630E+03  1.329088E-07
  DP  3.487200E+03  5.930151E-08
  DP  3.537490E+03  4.922100E-09
  DP  3.588500E+03  9.621346E-12
  DP  3.640240E+03  2.860726E-13
  DP  3.692730E+03  1.742560E-14
  DP  3.745980E+03  0.000000E+00
  DP  3.800000E+03  0.000000E+00
  
 EN
