 # final1D_0_1p38_0p6_1p25_core/final1D_0_1p38_0p6_1p25_core_350_100/quickspec.dat                     
 #    1.0000000000000000      =Mpc
  DP  3.000000E+00  0.000000E+00
  DP  3.043260E+00  0.000000E+00
  DP  3.087140E+00  0.000000E+00
  DP  3.131660E+00  0.000000E+00
  DP  3.176820E+00  0.000000E+00
  DP  3.222630E+00  0.000000E+00
  DP  3.269100E+00  0.000000E+00
  DP  3.316240E+00  0.000000E+00
  DP  3.364060E+00  0.000000E+00
  DP  3.412570E+00  0.000000E+00
  DP  3.461780E+00  0.000000E+00
  DP  3.511690E+00  0.000000E+00
  DP  3.562330E+00  0.000000E+00
  DP  3.613700E+00  0.000000E+00
  DP  3.665810E+00  0.000000E+00
  DP  3.718670E+00  0.000000E+00
  DP  3.772290E+00  0.000000E+00
  DP  3.826690E+00  0.000000E+00
  DP  3.881870E+00  0.000000E+00
  DP  3.937850E+00  0.000000E+00
  DP  3.994630E+00  0.000000E+00
  DP  4.052230E+00  0.000000E+00
  DP  4.110660E+00  0.000000E+00
  DP  4.169940E+00  0.000000E+00
  DP  4.230070E+00  0.000000E+00
  DP  4.291070E+00  0.000000E+00
  DP  4.352940E+00  0.000000E+00
  DP  4.415710E+00  0.000000E+00
  DP  4.479390E+00  0.000000E+00
  DP  4.543980E+00  0.000000E+00
  DP  4.609500E+00  0.000000E+00
  DP  4.675970E+00  0.000000E+00
  DP  4.743400E+00  0.000000E+00
  DP  4.811800E+00  0.000000E+00
  DP  4.881180E+00  0.000000E+00
  DP  4.951570E+00  0.000000E+00
  DP  5.022970E+00  0.000000E+00
  DP  5.095400E+00  0.000000E+00
  DP  5.168880E+00  0.000000E+00
  DP  5.243410E+00  0.000000E+00
  DP  5.319020E+00  0.000000E+00
  DP  5.395720E+00  0.000000E+00
  DP  5.473530E+00  0.000000E+00
  DP  5.552450E+00  0.000000E+00
  DP  5.632520E+00  0.000000E+00
  DP  5.713740E+00  0.000000E+00
  DP  5.796130E+00  0.000000E+00
  DP  5.879710E+00  0.000000E+00
  DP  5.964500E+00  5.758937E-13
  DP  6.050500E+00  1.711776E-10
  DP  6.137750E+00  6.782689E-10
  DP  6.226260E+00  4.648024E-09
  DP  6.316040E+00  1.938307E-08
  DP  6.407120E+00  7.279068E-08
  DP  6.499510E+00  2.624794E-07
  DP  6.593230E+00  2.350133E-07
  DP  6.688300E+00  9.556922E-09
  DP  6.784750E+00  7.193511E-10
  DP  6.882580E+00  9.039184E-10
  DP  6.981830E+00  7.143075E-09
  DP  7.082500E+00  2.701243E-08
  DP  7.184630E+00  8.284270E-08
  DP  7.288240E+00  3.018237E-08
  DP  7.393330E+00  9.889073E-10
  DP  7.499940E+00  5.140869E-11
  DP  7.608090E+00  0.000000E+00
  DP  7.717800E+00  0.000000E+00
  DP  7.829090E+00  0.000000E+00
  DP  7.941980E+00  0.000000E+00
  DP  8.056510E+00  0.000000E+00
  DP  8.172680E+00  0.000000E+00
  DP  8.290530E+00  0.000000E+00
  DP  8.410080E+00  0.000000E+00
  DP  8.531350E+00  0.000000E+00
  DP  8.654370E+00  0.000000E+00
  DP  8.779170E+00  0.000000E+00
  DP  8.905760E+00  0.000000E+00
  DP  9.034180E+00  0.000000E+00
  DP  9.164450E+00  0.000000E+00
  DP  9.296600E+00  0.000000E+00
  DP  9.430660E+00  0.000000E+00
  DP  9.566650E+00  0.000000E+00
  DP  9.704600E+00  0.000000E+00
  DP  9.844540E+00  0.000000E+00
  DP  9.986500E+00  0.000000E+00
  DP  1.013050E+01  0.000000E+00
  DP  1.027660E+01  0.000000E+00
  DP  1.042480E+01  0.000000E+00
  DP  1.057510E+01  0.000000E+00
  DP  1.072760E+01  0.000000E+00
  DP  1.088230E+01  0.000000E+00
  DP  1.103920E+01  0.000000E+00
  DP  1.119840E+01  0.000000E+00
  DP  1.135990E+01  0.000000E+00
  DP  1.152370E+01  0.000000E+00
  DP  1.168980E+01  0.000000E+00
  DP  1.185840E+01  0.000000E+00
  DP  1.202940E+01  3.729934E-10
  DP  1.220290E+01  1.103075E-09
  DP  1.237880E+01  0.000000E+00
  DP  1.255730E+01  3.573117E-10
  DP  1.273840E+01  7.044649E-10
  DP  1.292210E+01  1.042436E-09
  DP  1.310840E+01  3.422901E-10
  DP  1.329740E+01  1.379609E-09
  DP  1.348920E+01  1.736276E-09
  DP  1.368370E+01  2.096971E-09
  DP  1.388100E+01  3.671943E-09
  DP  1.408120E+01  4.432882E-08
  DP  1.428420E+01  2.599334E-07
  DP  1.449020E+01  8.939330E-07
  DP  1.469920E+01  1.019616E-06
  DP  1.491110E+01  2.069580E-08
  DP  1.512610E+01  2.543883E-10
  DP  1.534430E+01  1.768739E-11
  DP  1.556550E+01  0.000000E+00
  DP  1.579000E+01  0.000000E+00
  DP  1.601770E+01  0.000000E+00
  DP  1.624860E+01  0.000000E+00
  DP  1.648290E+01  0.000000E+00
  DP  1.672060E+01  0.000000E+00
  DP  1.696170E+01  0.000000E+00
  DP  1.720630E+01  0.000000E+00
  DP  1.745440E+01  0.000000E+00
  DP  1.770610E+01  0.000000E+00
  DP  1.796140E+01  0.000000E+00
  DP  1.822040E+01  0.000000E+00
  DP  1.848320E+01  0.000000E+00
  DP  1.874970E+01  0.000000E+00
  DP  1.902010E+01  0.000000E+00
  DP  1.929430E+01  0.000000E+00
  DP  1.957260E+01  0.000000E+00
  DP  1.985480E+01  0.000000E+00
  DP  2.014110E+01  0.000000E+00
  DP  2.043150E+01  0.000000E+00
  DP  2.072620E+01  0.000000E+00
  DP  2.102500E+01  0.000000E+00
  DP  2.132820E+01  0.000000E+00
  DP  2.163580E+01  0.000000E+00
  DP  2.194770E+01  0.000000E+00
  DP  2.226420E+01  0.000000E+00
  DP  2.258530E+01  0.000000E+00
  DP  2.291100E+01  0.000000E+00
  DP  2.324130E+01  0.000000E+00
  DP  2.357650E+01  0.000000E+00
  DP  2.391640E+01  0.000000E+00
  DP  2.426130E+01  0.000000E+00
  DP  2.461120E+01  0.000000E+00
  DP  2.496600E+01  0.000000E+00
  DP  2.532610E+01  0.000000E+00
  DP  2.569130E+01  0.000000E+00
  DP  2.606170E+01  0.000000E+00
  DP  2.643750E+01  0.000000E+00
  DP  2.681880E+01  0.000000E+00
  DP  2.720550E+01  0.000000E+00
  DP  2.759780E+01  0.000000E+00
  DP  2.799570E+01  0.000000E+00
  DP  2.839940E+01  0.000000E+00
  DP  2.880890E+01  0.000000E+00
  DP  2.922440E+01  0.000000E+00
  DP  2.964580E+01  0.000000E+00
  DP  3.007330E+01  0.000000E+00
  DP  3.050690E+01  0.000000E+00
  DP  3.094680E+01  0.000000E+00
  DP  3.139310E+01  0.000000E+00
  DP  3.184580E+01  0.000000E+00
  DP  3.230500E+01  0.000000E+00
  DP  3.277080E+01  0.000000E+00
  DP  3.324340E+01  0.000000E+00
  DP  3.372270E+01  0.000000E+00
  DP  3.420900E+01  0.000000E+00
  DP  3.470230E+01  0.000000E+00
  DP  3.520270E+01  0.000000E+00
  DP  3.571030E+01  0.000000E+00
  DP  3.622530E+01  0.000000E+00
  DP  3.674760E+01  0.000000E+00
  DP  3.727750E+01  0.000000E+00
  DP  3.781510E+01  0.000000E+00
  DP  3.836040E+01  0.000000E+00
  DP  3.891350E+01  0.000000E+00
  DP  3.947460E+01  0.000000E+00
  DP  4.004390E+01  0.000000E+00
  DP  4.062130E+01  0.000000E+00
  DP  4.120700E+01  0.000000E+00
  DP  4.180120E+01  0.000000E+00
  DP  4.240400E+01  0.000000E+00
  DP  4.301550E+01  0.000000E+00
  DP  4.363570E+01  0.000000E+00
  DP  4.426500E+01  0.000000E+00
  DP  4.490330E+01  9.992353E-11
  DP  4.555080E+01  0.000000E+00
  DP  4.620760E+01  0.000000E+00
  DP  4.687390E+01  0.000000E+00
  DP  4.754980E+01  0.000000E+00
  DP  4.823550E+01  9.302064E-11
  DP  4.893100E+01  9.169788E-11
  DP  4.963660E+01  0.000000E+00
  DP  5.035240E+01  0.000000E+00
  DP  5.107850E+01  8.784326E-11
  DP  5.181500E+01  2.597830E-10
  DP  5.256220E+01  0.000000E+00
  DP  5.332010E+01  5.048995E-10
  DP  5.408900E+01  3.318150E-10
  DP  5.486890E+01  2.453237E-10
  DP  5.566010E+01  4.030607E-10
  DP  5.646280E+01  2.383983E-10
  DP  5.727690E+01  5.483565E-10
  DP  5.810290E+01  4.633384E-10
  DP  5.894070E+01  1.065757E-09
  DP  5.979060E+01  5.253023E-10
  DP  6.065280E+01  1.109651E-09
  DP  6.152740E+01  1.896051E-09
  DP  6.241460E+01  2.372318E-09
  DP  6.331460E+01  2.622054E-09
  DP  6.422760E+01  3.283372E-09
  DP  6.515380E+01  2.961917E-09
  DP  6.609330E+01  6.283877E-09
  DP  6.704640E+01  1.927361E-08
  DP  6.801320E+01  1.959331E-08
  DP  6.899390E+01  9.819969E-09
  DP  6.998880E+01  4.754020E-09
  DP  7.099800E+01  4.613405E-09
  DP  7.202180E+01  5.544697E-09
  DP  7.306040E+01  4.667418E-09
  DP  7.411390E+01  6.659605E-09
  DP  7.518260E+01  6.701744E-09
  DP  7.626670E+01  1.053081E-08
  DP  7.736650E+01  2.151628E-08
  DP  7.848210E+01  2.574374E-08
  DP  7.961380E+01  2.333229E-08
  DP  8.076180E+01  3.283414E-08
  DP  8.192640E+01  5.411127E-08
  DP  8.310780E+01  5.993958E-08
  DP  8.430620E+01  5.598878E-08
  DP  8.552190E+01  5.807845E-08
  DP  8.675510E+01  5.208101E-08
  DP  8.800610E+01  5.226434E-08
  DP  8.927510E+01  5.201726E-08
  DP  9.056250E+01  5.108046E-08
  DP  9.186840E+01  4.968844E-08
  DP  9.319310E+01  4.936180E-08
  DP  9.453690E+01  4.660173E-08
  DP  9.590010E+01  4.632014E-08
  DP  9.728300E+01  4.629958E-08
  DP  9.868580E+01  4.811442E-08
  DP  1.001090E+02  4.939172E-08
  DP  1.015520E+02  4.868956E-08
  DP  1.030170E+02  5.215480E-08
  DP  1.045020E+02  5.182523E-08
  DP  1.060090E+02  5.566649E-08
  DP  1.075380E+02  5.704222E-08
  DP  1.090890E+02  6.231368E-08
  DP  1.106620E+02  6.617240E-08
  DP  1.122570E+02  6.874613E-08
  DP  1.138760E+02  7.689682E-08
  DP  1.155180E+02  7.713254E-08
  DP  1.171840E+02  1.501314E-07
  DP  1.188740E+02  1.637450E-06
  DP  1.205880E+02  4.907845E-06
  DP  1.223270E+02  4.691258E-06
  DP  1.240910E+02  1.255104E-06
  DP  1.258800E+02  4.321580E-08
  DP  1.276950E+02  2.046518E-08
  DP  1.295370E+02  2.337975E-08
  DP  1.314040E+02  4.503122E-08
  DP  1.332990E+02  2.746157E-07
  DP  1.352210E+02  6.283376E-07
  DP  1.371710E+02  4.583231E-07
  DP  1.391490E+02  9.944891E-08
  DP  1.411560E+02  1.948301E-08
  DP  1.431910E+02  1.787891E-08
  DP  1.452560E+02  1.893561E-08
  DP  1.473510E+02  1.854430E-08
  DP  1.494750E+02  1.861090E-08
  DP  1.516310E+02  1.968188E-08
  DP  1.538170E+02  1.974823E-08
  DP  1.560350E+02  1.978391E-08
  DP  1.582850E+02  2.021124E-08
  DP  1.605680E+02  2.161045E-08
  DP  1.628830E+02  2.424259E-08
  DP  1.652320E+02  3.264404E-08
  DP  1.676150E+02  5.181788E-08
  DP  1.700320E+02  7.151314E-08
  DP  1.724830E+02  7.274874E-08
  DP  1.749710E+02  7.322244E-08
  DP  1.774940E+02  7.109266E-08
  DP  1.800530E+02  6.879844E-08
  DP  1.826490E+02  7.013423E-08
  DP  1.852830E+02  6.773531E-08
  DP  1.879550E+02  7.121900E-08
  DP  1.906650E+02  7.970327E-08
  DP  1.934150E+02  1.039628E-07
  DP  1.962040E+02  1.304547E-07
  DP  1.990330E+02  1.323415E-07
  DP  2.019030E+02  1.347171E-07
  DP  2.048140E+02  1.381714E-07
  DP  2.077680E+02  1.478076E-07
  DP  2.107640E+02  1.538941E-07
  DP  2.138030E+02  1.581949E-07
  DP  2.168860E+02  1.557466E-07
  DP  2.200130E+02  1.545793E-07
  DP  2.231860E+02  1.568003E-07
  DP  2.264040E+02  1.554082E-07
  DP  2.296690E+02  1.479454E-07
  DP  2.329810E+02  1.495573E-07
  DP  2.363400E+02  1.453985E-07
  DP  2.397480E+02  1.421990E-07
  DP  2.432060E+02  1.427514E-07
  DP  2.467130E+02  1.390572E-07
  DP  2.502700E+02  1.362546E-07
  DP  2.538790E+02  1.335773E-07
  DP  2.575400E+02  1.298438E-07
  DP  2.612540E+02  1.260661E-07
  DP  2.650210E+02  1.256358E-07
  DP  2.688430E+02  1.245654E-07
  DP  2.727190E+02  1.219892E-07
  DP  2.766520E+02  1.188858E-07
  DP  2.806410E+02  1.174310E-07
  DP  2.846880E+02  1.140627E-07
  DP  2.887930E+02  1.156027E-07
  DP  2.929570E+02  1.109685E-07
  DP  2.971820E+02  1.098137E-07
  DP  3.014670E+02  1.116854E-07
  DP  3.058140E+02  1.078458E-07
  DP  3.102240E+02  1.053215E-07
  DP  3.146980E+02  1.052396E-07
  DP  3.192350E+02  1.041492E-07
  DP  3.238390E+02  1.030788E-07
  DP  3.285080E+02  1.028189E-07
  DP  3.332460E+02  9.991935E-08
  DP  3.380510E+02  1.021228E-07
  DP  3.429260E+02  9.904782E-08
  DP  3.478710E+02  9.939626E-08
  DP  3.528870E+02  9.675159E-08
  DP  3.579750E+02  9.823729E-08
  DP  3.631370E+02  9.768161E-08
  DP  3.683740E+02  9.387211E-08
  DP  3.736860E+02  9.365569E-08
  DP  3.790740E+02  9.359469E-08
  DP  3.845400E+02  9.326046E-08
  DP  3.900850E+02  9.422474E-08
  DP  3.957100E+02  9.336156E-08
  DP  4.014170E+02  9.336825E-08
  DP  4.072050E+02  9.413366E-08
  DP  4.130770E+02  9.239561E-08
  DP  4.190330E+02  9.227779E-08
  DP  4.250760E+02  9.251009E-08
  DP  4.312050E+02  9.022389E-08
  DP  4.374230E+02  9.110879E-08
  DP  4.437310E+02  9.234130E-08
  DP  4.501290E+02  9.179816E-08
  DP  4.566200E+02  8.990552E-08
  DP  4.632050E+02  9.271899E-08
  DP  4.698840E+02  9.213323E-08
  DP  4.766600E+02  9.226860E-08
  DP  4.835330E+02  9.359720E-08
  DP  4.905060E+02  2.482425E-07
  DP  4.975790E+02  3.419425E-06
  DP  5.047540E+02  9.725713E-06
  DP  5.120320E+02  8.620549E-06
  DP  5.194160E+02  2.181291E-06
  DP  5.269050E+02  9.300058E-08
  DP  5.345030E+02  5.603465E-08
  DP  5.422110E+02  5.446005E-08
  DP  5.500290E+02  5.346560E-08
  DP  5.579610E+02  5.381012E-08
  DP  5.660070E+02  5.317707E-08
  DP  5.741680E+02  5.410291E-08
  DP  5.824480E+02  5.264663E-08
  DP  5.908470E+02  5.514808E-08
  DP  5.993670E+02  5.312209E-08
  DP  6.080090E+02  5.468959E-08
  DP  6.167770E+02  5.432485E-08
  DP  6.256710E+02  5.454018E-08
  DP  6.346930E+02  5.273378E-08
  DP  6.438450E+02  5.403941E-08
  DP  6.531290E+02  5.499349E-08
  DP  6.625470E+02  5.437281E-08
  DP  6.721010E+02  5.584338E-08
  DP  6.817930E+02  5.520858E-08
  DP  6.916240E+02  5.438384E-08
  DP  7.015970E+02  5.555752E-08
  DP  7.117140E+02  6.252944E-08
  DP  7.219770E+02  8.700348E-08
  DP  7.323880E+02  9.422557E-08
  DP  7.429490E+02  7.124850E-08
  DP  7.536620E+02  5.682496E-08
  DP  7.645300E+02  6.641247E-08
  DP  7.755540E+02  9.939125E-08
  DP  7.867380E+02  1.076478E-07
  DP  7.980820E+02  7.518560E-08
  DP  8.095910E+02  1.074364E-07
  DP  8.212650E+02  3.023977E-06
  DP  8.331070E+02  1.297887E-05
  DP  8.451210E+02  1.609491E-05
  DP  8.573070E+02  6.054037E-06
  DP  8.696700E+02  3.242219E-07
  DP  8.822100E+02  2.105636E-08
  DP  8.949320E+02  2.009333E-08
  DP  9.078360E+02  2.025260E-08
  DP  9.209270E+02  2.006258E-08
  DP  9.342070E+02  2.087395E-08
  DP  9.476780E+02  5.346025E-08
  DP  9.613440E+02  1.768463E-07
  DP  9.752060E+02  2.243744E-07
  DP  9.892680E+02  1.014309E-07
  DP  1.003530E+03  2.251657E-07
  DP  1.018000E+03  1.256174E-06
  DP  1.032680E+03  1.991919E-06
  DP  1.047580E+03  9.502942E-07
  DP  1.062680E+03  1.012454E-07
  DP  1.078000E+03  1.685204E-08
  DP  1.093550E+03  1.675486E-08
  DP  1.109320E+03  2.199065E-08
  DP  1.125310E+03  3.539266E-08
  DP  1.141540E+03  9.804092E-08
  DP  1.158000E+03  2.529753E-07
  DP  1.174700E+03  2.611333E-07
  DP  1.191640E+03  3.754609E-07
  DP  1.208820E+03  3.436220E-06
  DP  1.226250E+03  7.863437E-06
  DP  1.243940E+03  5.391106E-06
  DP  1.261870E+03  9.580151E-07
  DP  1.280070E+03  1.267254E-08
  DP  1.298530E+03  4.748613E-09
  DP  1.317250E+03  7.052111E-08
  DP  1.336250E+03  3.337452E-07
  DP  1.355520E+03  4.499721E-07
  DP  1.375060E+03  1.841846E-07
  DP  1.394890E+03  1.715119E-08
  DP  1.415010E+03  1.625091E-08
  DP  1.435410E+03  2.302621E-08
  DP  1.456110E+03  1.306452E-08
  DP  1.477110E+03  4.195764E-09
  DP  1.498400E+03  3.225632E-09
  DP  1.520010E+03  3.389811E-09
  DP  1.541930E+03  3.129029E-09
  DP  1.564160E+03  3.381597E-09
  DP  1.586720E+03  3.428098E-09
  DP  1.609600E+03  3.278225E-09
  DP  1.632810E+03  3.550497E-09
  DP  1.656360E+03  3.302466E-09
  DP  1.680240E+03  3.456191E-09
  DP  1.704470E+03  4.305077E-08
  DP  1.729050E+03  5.383711E-07
  DP  1.753980E+03  1.300051E-06
  DP  1.779270E+03  9.662124E-07
  DP  1.804930E+03  2.200101E-07
  DP  1.830960E+03  1.928907E-08
  DP  1.857360E+03  2.884223E-09
  DP  1.884140E+03  2.529461E-09
  DP  1.911310E+03  1.837626E-08
  DP  1.938870E+03  5.780637E-08
  DP  1.966830E+03  1.969868E-07
  DP  1.995190E+03  5.902084E-07
  DP  2.023960E+03  7.346744E-07
  DP  2.053150E+03  3.070821E-07
  DP  2.082750E+03  2.807089E-08
  DP  2.112790E+03  1.292380E-09
  DP  2.143250E+03  4.502955E-09
  DP  2.174160E+03  1.712411E-08
  DP  2.205510E+03  2.334407E-08
  DP  2.237310E+03  9.943470E-09
  DP  2.269570E+03  1.546678E-09
  DP  2.302300E+03  1.028832E-09
  DP  2.335500E+03  1.102825E-09
  DP  2.369180E+03  1.106017E-09
  DP  2.403340E+03  1.030796E-09
  DP  2.438000E+03  1.120264E-09
  DP  2.473150E+03  1.467480E-09
  DP  2.508810E+03  7.861732E-08
  DP  2.544990E+03  5.524585E-07
  DP  2.581690E+03  9.606222E-07
  DP  2.618920E+03  4.948840E-07
  DP  2.656680E+03  5.519379E-08
  DP  2.694990E+03  6.193975E-10
  DP  2.733850E+03  3.761778E-10
  DP  2.773270E+03  3.739017E-10
  DP  2.813260E+03  3.670288E-10
  DP  2.853830E+03  3.786220E-10
  DP  2.894980E+03  1.808330E-09
  DP  2.936730E+03  2.011364E-08
  DP  2.979080E+03  4.791513E-08
  DP  3.022030E+03  3.514056E-08
  DP  3.065610E+03  8.144875E-09
  DP  3.109820E+03  3.380929E-08
  DP  3.154660E+03  1.800801E-07
  DP  3.200150E+03  4.210997E-07
  DP  3.246300E+03  4.385579E-07
  DP  3.293110E+03  1.691446E-07
  DP  3.340590E+03  1.810786E-08
  DP  3.388770E+03  2.521982E-08
  DP  3.437630E+03  3.589737E-08
  DP  3.487200E+03  1.576501E-08
  DP  3.537490E+03  1.224463E-09
  DP  3.588500E+03  2.490940E-12
  DP  3.640240E+03  8.200793E-14
  DP  3.692730E+03  2.790661E-15
  DP  3.745980E+03  0.000000E+00
  DP  3.800000E+03  0.000000E+00
  
 EN
