 # final1D_0_1p38_0p6_1p25_core/final1D_0_1p38_0p6_1p25_core_400_100/quickspec.dat                     
 #    1.0000000000000000      =Mpc
  DP  3.000000E+00  0.000000E+00
  DP  3.043260E+00  0.000000E+00
  DP  3.087140E+00  0.000000E+00
  DP  3.131660E+00  0.000000E+00
  DP  3.176820E+00  0.000000E+00
  DP  3.222630E+00  0.000000E+00
  DP  3.269100E+00  0.000000E+00
  DP  3.316240E+00  0.000000E+00
  DP  3.364060E+00  0.000000E+00
  DP  3.412570E+00  0.000000E+00
  DP  3.461780E+00  0.000000E+00
  DP  3.511690E+00  0.000000E+00
  DP  3.562330E+00  0.000000E+00
  DP  3.613700E+00  0.000000E+00
  DP  3.665810E+00  0.000000E+00
  DP  3.718670E+00  0.000000E+00
  DP  3.772290E+00  0.000000E+00
  DP  3.826690E+00  0.000000E+00
  DP  3.881870E+00  0.000000E+00
  DP  3.937850E+00  0.000000E+00
  DP  3.994630E+00  0.000000E+00
  DP  4.052230E+00  0.000000E+00
  DP  4.110660E+00  0.000000E+00
  DP  4.169940E+00  0.000000E+00
  DP  4.230070E+00  5.263142E-13
  DP  4.291070E+00  0.000000E+00
  DP  4.352940E+00  0.000000E+00
  DP  4.415710E+00  0.000000E+00
  DP  4.479390E+00  0.000000E+00
  DP  4.543980E+00  0.000000E+00
  DP  4.609500E+00  0.000000E+00
  DP  4.675970E+00  0.000000E+00
  DP  4.743400E+00  0.000000E+00
  DP  4.811800E+00  0.000000E+00
  DP  4.881180E+00  0.000000E+00
  DP  4.951570E+00  0.000000E+00
  DP  5.022970E+00  0.000000E+00
  DP  5.095400E+00  0.000000E+00
  DP  5.168880E+00  0.000000E+00
  DP  5.243410E+00  0.000000E+00
  DP  5.319020E+00  0.000000E+00
  DP  5.395720E+00  0.000000E+00
  DP  5.473530E+00  0.000000E+00
  DP  5.552450E+00  4.009768E-13
  DP  5.632520E+00  0.000000E+00
  DP  5.713740E+00  0.000000E+00
  DP  5.796130E+00  0.000000E+00
  DP  5.879710E+00  0.000000E+00
  DP  5.964500E+00  4.490981E-11
  DP  6.050500E+00  8.650964E-11
  DP  6.137750E+00  6.779781E-10
  DP  6.226260E+00  4.105018E-09
  DP  6.316040E+00  2.628630E-08
  DP  6.407120E+00  9.985334E-08
  DP  6.499510E+00  3.345257E-07
  DP  6.593230E+00  2.126677E-07
  DP  6.688300E+00  7.610158E-09
  DP  6.784750E+00  4.845576E-10
  DP  6.882580E+00  1.128285E-09
  DP  6.981830E+00  6.421425E-09
  DP  7.082500E+00  2.686879E-08
  DP  7.184630E+00  8.658318E-08
  DP  7.288240E+00  2.395539E-08
  DP  7.393330E+00  3.850962E-10
  DP  7.499940E+00  2.948138E-11
  DP  7.608090E+00  0.000000E+00
  DP  7.717800E+00  0.000000E+00
  DP  7.829090E+00  0.000000E+00
  DP  7.941980E+00  0.000000E+00
  DP  8.056510E+00  0.000000E+00
  DP  8.172680E+00  0.000000E+00
  DP  8.290530E+00  0.000000E+00
  DP  8.410080E+00  0.000000E+00
  DP  8.531350E+00  0.000000E+00
  DP  8.654370E+00  0.000000E+00
  DP  8.779170E+00  0.000000E+00
  DP  8.905760E+00  0.000000E+00
  DP  9.034180E+00  0.000000E+00
  DP  9.164450E+00  0.000000E+00
  DP  9.296600E+00  0.000000E+00
  DP  9.430660E+00  0.000000E+00
  DP  9.566650E+00  0.000000E+00
  DP  9.704600E+00  0.000000E+00
  DP  9.844540E+00  0.000000E+00
  DP  9.986500E+00  0.000000E+00
  DP  1.013050E+01  0.000000E+00
  DP  1.027660E+01  0.000000E+00
  DP  1.042480E+01  0.000000E+00
  DP  1.057510E+01  0.000000E+00
  DP  1.072760E+01  0.000000E+00
  DP  1.088230E+01  0.000000E+00
  DP  1.103920E+01  0.000000E+00
  DP  1.119840E+01  0.000000E+00
  DP  1.135990E+01  0.000000E+00
  DP  1.152370E+01  0.000000E+00
  DP  1.168980E+01  0.000000E+00
  DP  1.185840E+01  0.000000E+00
  DP  1.202940E+01  0.000000E+00
  DP  1.220290E+01  0.000000E+00
  DP  1.237880E+01  2.349372E-10
  DP  1.255730E+01  0.000000E+00
  DP  1.273840E+01  2.283051E-10
  DP  1.292210E+01  4.502922E-10
  DP  1.310840E+01  6.385069E-12
  DP  1.329740E+01  8.748312E-10
  DP  1.348920E+01  1.358008E-09
  DP  1.368370E+01  2.499137E-09
  DP  1.388100E+01  4.574441E-09
  DP  1.408120E+01  4.567915E-08
  DP  1.428420E+01  3.810703E-07
  DP  1.449020E+01  1.250684E-06
  DP  1.469920E+01  1.161467E-06
  DP  1.491110E+01  2.242842E-08
  DP  1.512610E+01  2.300331E-10
  DP  1.534430E+01  1.604076E-11
  DP  1.556550E+01  0.000000E+00
  DP  1.579000E+01  0.000000E+00
  DP  1.601770E+01  0.000000E+00
  DP  1.624860E+01  0.000000E+00
  DP  1.648290E+01  0.000000E+00
  DP  1.672060E+01  0.000000E+00
  DP  1.696170E+01  0.000000E+00
  DP  1.720630E+01  0.000000E+00
  DP  1.745440E+01  0.000000E+00
  DP  1.770610E+01  0.000000E+00
  DP  1.796140E+01  0.000000E+00
  DP  1.822040E+01  0.000000E+00
  DP  1.848320E+01  0.000000E+00
  DP  1.874970E+01  0.000000E+00
  DP  1.902010E+01  0.000000E+00
  DP  1.929430E+01  0.000000E+00
  DP  1.957260E+01  0.000000E+00
  DP  1.985480E+01  0.000000E+00
  DP  2.014110E+01  0.000000E+00
  DP  2.043150E+01  0.000000E+00
  DP  2.072620E+01  0.000000E+00
  DP  2.102500E+01  0.000000E+00
  DP  2.132820E+01  0.000000E+00
  DP  2.163580E+01  0.000000E+00
  DP  2.194770E+01  0.000000E+00
  DP  2.226420E+01  0.000000E+00
  DP  2.258530E+01  0.000000E+00
  DP  2.291100E+01  0.000000E+00
  DP  2.324130E+01  0.000000E+00
  DP  2.357650E+01  0.000000E+00
  DP  2.391640E+01  0.000000E+00
  DP  2.426130E+01  0.000000E+00
  DP  2.461120E+01  0.000000E+00
  DP  2.496600E+01  0.000000E+00
  DP  2.532610E+01  0.000000E+00
  DP  2.569130E+01  0.000000E+00
  DP  2.606170E+01  0.000000E+00
  DP  2.643750E+01  0.000000E+00
  DP  2.681880E+01  0.000000E+00
  DP  2.720550E+01  0.000000E+00
  DP  2.759780E+01  0.000000E+00
  DP  2.799570E+01  0.000000E+00
  DP  2.839940E+01  0.000000E+00
  DP  2.880890E+01  0.000000E+00
  DP  2.922440E+01  0.000000E+00
  DP  2.964580E+01  0.000000E+00
  DP  3.007330E+01  0.000000E+00
  DP  3.050690E+01  0.000000E+00
  DP  3.094680E+01  0.000000E+00
  DP  3.139310E+01  0.000000E+00
  DP  3.184580E+01  0.000000E+00
  DP  3.230500E+01  0.000000E+00
  DP  3.277080E+01  0.000000E+00
  DP  3.324340E+01  0.000000E+00
  DP  3.372270E+01  0.000000E+00
  DP  3.420900E+01  0.000000E+00
  DP  3.470230E+01  0.000000E+00
  DP  3.520270E+01  0.000000E+00
  DP  3.571030E+01  0.000000E+00
  DP  3.622530E+01  0.000000E+00
  DP  3.674760E+01  0.000000E+00
  DP  3.727750E+01  0.000000E+00
  DP  3.781510E+01  0.000000E+00
  DP  3.836040E+01  0.000000E+00
  DP  3.891350E+01  0.000000E+00
  DP  3.947460E+01  0.000000E+00
  DP  4.004390E+01  0.000000E+00
  DP  4.062130E+01  0.000000E+00
  DP  4.120700E+01  0.000000E+00
  DP  4.180120E+01  0.000000E+00
  DP  4.240400E+01  0.000000E+00
  DP  4.301550E+01  0.000000E+00
  DP  4.363570E+01  0.000000E+00
  DP  4.426500E+01  0.000000E+00
  DP  4.490330E+01  0.000000E+00
  DP  4.555080E+01  6.384626E-11
  DP  4.620760E+01  0.000000E+00
  DP  4.687390E+01  0.000000E+00
  DP  4.754980E+01  0.000000E+00
  DP  4.823550E+01  0.000000E+00
  DP  4.893100E+01  0.000000E+00
  DP  4.963660E+01  1.171812E-10
  DP  5.035240E+01  5.775791E-11
  DP  5.107850E+01  2.277477E-10
  DP  5.181500E+01  5.612749E-11
  DP  5.256220E+01  2.213186E-10
  DP  5.332010E+01  2.181726E-10
  DP  5.408900E+01  3.226067E-10
  DP  5.486890E+01  1.590105E-10
  DP  5.566010E+01  3.657504E-10
  DP  5.646280E+01  1.545225E-10
  DP  5.727690E+01  1.015504E-10
  DP  5.810290E+01  2.502671E-10
  DP  5.894070E+01  6.414448E-10
  DP  5.979060E+01  7.782484E-10
  DP  6.065280E+01  6.712874E-10
  DP  6.152740E+01  1.039887E-09
  DP  6.241460E+01  1.211486E-09
  DP  6.331460E+01  1.561728E-09
  DP  6.422760E+01  2.219236E-09
  DP  6.515380E+01  2.064550E-09
  DP  6.609330E+01  6.468378E-09
  DP  6.704640E+01  1.917559E-08
  DP  6.801320E+01  1.924712E-08
  DP  6.899390E+01  7.251427E-09
  DP  6.998880E+01  2.368524E-09
  DP  7.099800E+01  2.785723E-09
  DP  7.202180E+01  2.988213E-09
  DP  7.306040E+01  3.303936E-09
  DP  7.411390E+01  4.120309E-09
  DP  7.518260E+01  4.216420E-09
  DP  7.626670E+01  8.665420E-09
  DP  7.736650E+01  2.134916E-08
  DP  7.848210E+01  2.464251E-08
  DP  7.961380E+01  1.760717E-08
  DP  8.076180E+01  2.326728E-08
  DP  8.192640E+01  3.860220E-08
  DP  8.310780E+01  4.615678E-08
  DP  8.430620E+01  4.253395E-08
  DP  8.552190E+01  4.074293E-08
  DP  8.675510E+01  3.836590E-08
  DP  8.800610E+01  3.995412E-08
  DP  8.927510E+01  3.785434E-08
  DP  9.056250E+01  3.747665E-08
  DP  9.186840E+01  3.530718E-08
  DP  9.319310E+01  3.620503E-08
  DP  9.453690E+01  3.060927E-08
  DP  9.590010E+01  3.238793E-08
  DP  9.728300E+01  3.453718E-08
  DP  9.868580E+01  3.403757E-08
  DP  1.001090E+02  3.186936E-08
  DP  1.015520E+02  3.419500E-08
  DP  1.030170E+02  3.558619E-08
  DP  1.045020E+02  3.734722E-08
  DP  1.060090E+02  3.923717E-08
  DP  1.075380E+02  3.937597E-08
  DP  1.090890E+02  4.198947E-08
  DP  1.106620E+02  4.297924E-08
  DP  1.122570E+02  4.846671E-08
  DP  1.138760E+02  4.970498E-08
  DP  1.155180E+02  5.389184E-08
  DP  1.171840E+02  1.208728E-07
  DP  1.188740E+02  1.520056E-06
  DP  1.205880E+02  4.521506E-06
  DP  1.223270E+02  4.204462E-06
  DP  1.240910E+02  1.097285E-06
  DP  1.258800E+02  3.041032E-08
  DP  1.276950E+02  1.056064E-08
  DP  1.295370E+02  1.137494E-08
  DP  1.314040E+02  2.963689E-08
  DP  1.332990E+02  2.420590E-07
  DP  1.352210E+02  5.631917E-07
  DP  1.371710E+02  4.099185E-07
  DP  1.391490E+02  7.435601E-08
  DP  1.411560E+02  7.079034E-09
  DP  1.431910E+02  6.422119E-09
  DP  1.452560E+02  6.707485E-09
  DP  1.473510E+02  7.519763E-09
  DP  1.494750E+02  7.417611E-09
  DP  1.516310E+02  7.787372E-09
  DP  1.538170E+02  6.976740E-09
  DP  1.560350E+02  7.026675E-09
  DP  1.582850E+02  7.717006E-09
  DP  1.605680E+02  8.657649E-09
  DP  1.628830E+02  1.028473E-08
  DP  1.652320E+02  1.434491E-08
  DP  1.676150E+02  2.519960E-08
  DP  1.700320E+02  3.371837E-08
  DP  1.724830E+02  3.507096E-08
  DP  1.749710E+02  3.369147E-08
  DP  1.774940E+02  3.398276E-08
  DP  1.800530E+02  3.251427E-08
  DP  1.826490E+02  3.225758E-08
  DP  1.852830E+02  3.191047E-08
  DP  1.879550E+02  3.248118E-08
  DP  1.906650E+02  3.755436E-08
  DP  1.934150E+02  5.147704E-08
  DP  1.962040E+02  6.246468E-08
  DP  1.990330E+02  6.641807E-08
  DP  2.019030E+02  6.544392E-08
  DP  2.048140E+02  6.812495E-08
  DP  2.077680E+02  7.206513E-08
  DP  2.107640E+02  7.757575E-08
  DP  2.138030E+02  7.837107E-08
  DP  2.168860E+02  7.728487E-08
  DP  2.200130E+02  7.571837E-08
  DP  2.231860E+02  7.631148E-08
  DP  2.264040E+02  7.524150E-08
  DP  2.296690E+02  7.645253E-08
  DP  2.329810E+02  7.236085E-08
  DP  2.363400E+02  7.100233E-08
  DP  2.397480E+02  7.153327E-08
  DP  2.432060E+02  6.984068E-08
  DP  2.467130E+02  6.839242E-08
  DP  2.502700E+02  6.592180E-08
  DP  2.538790E+02  6.683353E-08
  DP  2.575400E+02  6.552966E-08
  DP  2.612540E+02  6.412794E-08
  DP  2.650210E+02  6.238847E-08
  DP  2.688430E+02  6.195237E-08
  DP  2.727190E+02  6.026145E-08
  DP  2.766520E+02  5.926684E-08
  DP  2.806410E+02  5.902844E-08
  DP  2.846880E+02  5.825977E-08
  DP  2.887930E+02  5.712135E-08
  DP  2.929570E+02  5.552101E-08
  DP  2.971820E+02  5.472694E-08
  DP  3.014670E+02  5.508399E-08
  DP  3.058140E+02  5.249647E-08
  DP  3.102240E+02  5.279269E-08
  DP  3.146980E+02  5.225173E-08
  DP  3.192350E+02  5.168302E-08
  DP  3.238390E+02  5.149977E-08
  DP  3.285080E+02  4.924440E-08
  DP  3.332460E+02  4.878365E-08
  DP  3.380510E+02  4.928376E-08
  DP  3.429260E+02  4.871095E-08
  DP  3.478710E+02  4.780475E-08
  DP  3.528870E+02  4.807339E-08
  DP  3.579750E+02  4.786992E-08
  DP  3.631370E+02  4.786491E-08
  DP  3.683740E+02  4.846295E-08
  DP  3.736860E+02  4.663691E-08
  DP  3.790740E+02  4.749750E-08
  DP  3.845400E+02  4.669557E-08
  DP  3.900850E+02  4.606386E-08
  DP  3.957100E+02  4.643211E-08
  DP  4.014170E+02  4.644832E-08
  DP  4.072050E+02  4.620967E-08
  DP  4.130770E+02  4.697491E-08
  DP  4.190330E+02  4.518990E-08
  DP  4.250760E+02  4.466573E-08
  DP  4.312050E+02  4.529419E-08
  DP  4.374230E+02  4.601364E-08
  DP  4.437310E+02  4.561656E-08
  DP  4.501290E+02  4.577165E-08
  DP  4.566200E+02  4.546189E-08
  DP  4.632050E+02  4.652160E-08
  DP  4.698840E+02  4.665697E-08
  DP  4.766600E+02  4.528625E-08
  DP  4.835330E+02  4.660783E-08
  DP  4.905060E+02  1.486206E-07
  DP  4.975790E+02  2.225587E-06
  DP  5.047540E+02  6.321354E-06
  DP  5.120320E+02  5.539935E-06
  DP  5.194160E+02  1.389719E-06
  DP  5.269050E+02  5.088945E-08
  DP  5.345030E+02  2.662772E-08
  DP  5.422110E+02  2.744653E-08
  DP  5.500290E+02  2.649478E-08
  DP  5.579610E+02  2.722384E-08
  DP  5.660070E+02  2.696180E-08
  DP  5.741680E+02  2.753961E-08
  DP  5.824480E+02  2.672858E-08
  DP  5.908470E+02  2.638690E-08
  DP  5.993670E+02  2.642150E-08
  DP  6.080090E+02  2.661469E-08
  DP  6.167770E+02  2.708321E-08
  DP  6.256710E+02  2.701202E-08
  DP  6.346930E+02  2.713276E-08
  DP  6.438450E+02  2.720788E-08
  DP  6.531290E+02  2.702096E-08
  DP  6.625470E+02  2.682317E-08
  DP  6.721010E+02  2.733606E-08
  DP  6.817930E+02  2.766429E-08
  DP  6.916240E+02  2.715616E-08
  DP  7.015970E+02  2.774442E-08
  DP  7.117140E+02  3.251043E-08
  DP  7.219770E+02  4.838515E-08
  DP  7.323880E+02  5.309618E-08
  DP  7.429490E+02  3.752896E-08
  DP  7.536620E+02  2.858888E-08
  DP  7.645300E+02  3.416884E-08
  DP  7.755540E+02  5.613225E-08
  DP  7.867380E+02  6.014789E-08
  DP  7.980820E+02  3.997752E-08
  DP  8.095910E+02  6.192505E-08
  DP  8.212650E+02  1.973854E-06
  DP  8.331070E+02  8.434210E-06
  DP  8.451210E+02  1.037405E-05
  DP  8.573070E+02  3.874885E-06
  DP  8.696700E+02  2.049810E-07
  DP  8.822100E+02  1.063067E-08
  DP  8.949320E+02  9.877625E-09
  DP  9.078360E+02  1.007867E-08
  DP  9.209270E+02  9.656609E-09
  DP  9.342070E+02  1.046397E-08
  DP  9.476780E+02  3.238735E-08
  DP  9.613440E+02  1.113754E-07
  DP  9.752060E+02  1.412448E-07
  DP  9.892680E+02  6.182369E-08
  DP  1.003530E+03  1.449197E-07
  DP  1.018000E+03  8.137363E-07
  DP  1.032680E+03  1.281125E-06
  DP  1.047580E+03  6.053093E-07
  DP  1.062680E+03  6.209066E-08
  DP  1.078000E+03  8.290127E-09
  DP  1.093550E+03  8.326150E-09
  DP  1.109320E+03  1.209873E-08
  DP  1.125310E+03  2.010729E-08
  DP  1.141540E+03  6.159214E-08
  DP  1.158000E+03  1.604126E-07
  DP  1.174700E+03  1.664130E-07
  DP  1.191640E+03  2.421234E-07
  DP  1.208820E+03  2.232196E-06
  DP  1.226250E+03  5.078767E-06
  DP  1.243940E+03  3.457687E-06
  DP  1.261870E+03  6.120877E-07
  DP  1.280070E+03  7.720491E-09
  DP  1.298530E+03  2.605509E-09
  DP  1.317250E+03  4.566427E-08
  DP  1.336250E+03  2.161521E-07
  DP  1.355520E+03  2.887064E-07
  DP  1.375060E+03  1.185240E-07
  DP  1.394890E+03  1.057309E-08
  DP  1.415010E+03  9.838686E-09
  DP  1.435410E+03  1.454178E-08
  DP  1.456110E+03  7.623335E-09
  DP  1.477110E+03  2.212518E-09
  DP  1.498400E+03  1.643817E-09
  DP  1.520010E+03  1.649298E-09
  DP  1.541930E+03  1.669127E-09
  DP  1.564160E+03  1.634876E-09
  DP  1.586720E+03  1.721219E-09
  DP  1.609600E+03  1.593689E-09
  DP  1.632810E+03  1.615582E-09
  DP  1.656360E+03  1.695958E-09
  DP  1.680240E+03  1.652516E-09
  DP  1.704470E+03  2.690046E-08
  DP  1.729050E+03  3.496099E-07
  DP  1.753980E+03  8.395271E-07
  DP  1.779270E+03  6.200735E-07
  DP  1.804930E+03  1.392978E-07
  DP  1.830960E+03  1.180226E-08
  DP  1.857360E+03  1.547639E-09
  DP  1.884140E+03  1.420979E-09
  DP  1.911310E+03  1.116879E-08
  DP  1.938870E+03  3.743195E-08
  DP  1.966830E+03  1.276629E-07
  DP  1.995190E+03  3.806734E-07
  DP  2.023960E+03  4.719208E-07
  DP  2.053150E+03  1.967629E-07
  DP  2.082750E+03  1.766241E-08
  DP  2.112790E+03  6.226948E-10
  DP  2.143250E+03  2.631362E-09
  DP  2.174160E+03  1.098922E-08
  DP  2.205510E+03  1.447284E-08
  DP  2.237310E+03  6.265335E-09
  DP  2.269570E+03  9.015286E-10
  DP  2.302300E+03  5.009162E-10
  DP  2.335500E+03  5.167917E-10
  DP  2.369180E+03  5.573016E-10
  DP  2.403340E+03  5.229409E-10
  DP  2.438000E+03  5.424379E-10
  DP  2.473150E+03  8.038595E-10
  DP  2.508810E+03  5.097317E-08
  DP  2.544990E+03  3.553371E-07
  DP  2.581690E+03  6.184282E-07
  DP  2.618920E+03  3.165737E-07
  DP  2.656680E+03  3.520131E-08
  DP  2.694990E+03  3.389226E-10
  DP  2.733850E+03  1.861115E-10
  DP  2.773270E+03  1.773502E-10
  DP  2.813260E+03  1.830632E-10
  DP  2.853830E+03  1.973269E-10
  DP  2.894980E+03  1.138638E-09
  DP  2.936730E+03  1.299725E-08
  DP  2.979080E+03  3.098429E-08
  DP  3.022030E+03  2.272171E-08
  DP  3.065610E+03  5.006747E-09
  DP  3.109820E+03  2.173520E-08
  DP  3.154660E+03  1.159086E-07
  DP  3.200150E+03  2.707953E-07
  DP  3.246300E+03  2.818127E-07
  DP  3.293110E+03  1.089605E-07
  DP  3.340590E+03  1.176976E-08
  DP  3.388770E+03  1.616760E-08
  DP  3.437630E+03  2.320486E-08
  DP  3.487200E+03  1.004174E-08
  DP  3.537490E+03  7.702943E-10
  DP  3.588500E+03  1.430472E-12
  DP  3.640240E+03  4.059536E-14
  DP  3.692730E+03  1.808773E-15
  DP  3.745980E+03  0.000000E+00
  DP  3.800000E+03  0.000000E+00
  
 EN
