 # final1D_0_1p38_0p6_1p25_core/final1D_0_1p38_0p6_1p25_core_175_100/quickspec.dat                     
 #    1.0000000000000000      =Mpc
  DP  3.000000E+00  6.996168E-09
  DP  3.043260E+00  0.000000E+00
  DP  3.087140E+00  0.000000E+00
  DP  3.131660E+00  0.000000E+00
  DP  3.176820E+00  0.000000E+00
  DP  3.222630E+00  0.000000E+00
  DP  3.269100E+00  0.000000E+00
  DP  3.316240E+00  0.000000E+00
  DP  3.364060E+00  0.000000E+00
  DP  3.412570E+00  0.000000E+00
  DP  3.461780E+00  0.000000E+00
  DP  3.511690E+00  0.000000E+00
  DP  3.562330E+00  0.000000E+00
  DP  3.613700E+00  0.000000E+00
  DP  3.665810E+00  0.000000E+00
  DP  3.718670E+00  0.000000E+00
  DP  3.772290E+00  0.000000E+00
  DP  3.826690E+00  0.000000E+00
  DP  3.881870E+00  0.000000E+00
  DP  3.937850E+00  0.000000E+00
  DP  3.994630E+00  0.000000E+00
  DP  4.052230E+00  0.000000E+00
  DP  4.110660E+00  0.000000E+00
  DP  4.169940E+00  0.000000E+00
  DP  4.230070E+00  0.000000E+00
  DP  4.291070E+00  0.000000E+00
  DP  4.352940E+00  0.000000E+00
  DP  4.415710E+00  0.000000E+00
  DP  4.479390E+00  0.000000E+00
  DP  4.543980E+00  0.000000E+00
  DP  4.609500E+00  0.000000E+00
  DP  4.675970E+00  0.000000E+00
  DP  4.743400E+00  0.000000E+00
  DP  4.811800E+00  0.000000E+00
  DP  4.881180E+00  0.000000E+00
  DP  4.951570E+00  0.000000E+00
  DP  5.022970E+00  0.000000E+00
  DP  5.095400E+00  0.000000E+00
  DP  5.168880E+00  0.000000E+00
  DP  5.243410E+00  0.000000E+00
  DP  5.319020E+00  0.000000E+00
  DP  5.395720E+00  0.000000E+00
  DP  5.473530E+00  0.000000E+00
  DP  5.552450E+00  0.000000E+00
  DP  5.632520E+00  0.000000E+00
  DP  5.713740E+00  0.000000E+00
  DP  5.796130E+00  0.000000E+00
  DP  5.879710E+00  0.000000E+00
  DP  5.964500E+00  7.664288E-12
  DP  6.050500E+00  4.545128E-11
  DP  6.137750E+00  6.509765E-10
  DP  6.226260E+00  2.933256E-09
  DP  6.316040E+00  8.434461E-09
  DP  6.407120E+00  2.679911E-08
  DP  6.499510E+00  5.252689E-08
  DP  6.593230E+00  9.569623E-08
  DP  6.688300E+00  2.876711E-08
  DP  6.784750E+00  2.359199E-09
  DP  6.882580E+00  4.751772E-10
  DP  6.981830E+00  3.680608E-09
  DP  7.082500E+00  6.505019E-09
  DP  7.184630E+00  2.116766E-08
  DP  7.288240E+00  1.519396E-08
  DP  7.393330E+00  2.236257E-09
  DP  7.499940E+00  1.536142E-10
  DP  7.608090E+00  0.000000E+00
  DP  7.717800E+00  0.000000E+00
  DP  7.829090E+00  0.000000E+00
  DP  7.941980E+00  0.000000E+00
  DP  8.056510E+00  0.000000E+00
  DP  8.172680E+00  0.000000E+00
  DP  8.290530E+00  0.000000E+00
  DP  8.410080E+00  0.000000E+00
  DP  8.531350E+00  0.000000E+00
  DP  8.654370E+00  0.000000E+00
  DP  8.779170E+00  0.000000E+00
  DP  8.905760E+00  0.000000E+00
  DP  9.034180E+00  0.000000E+00
  DP  9.164450E+00  0.000000E+00
  DP  9.296600E+00  0.000000E+00
  DP  9.430660E+00  0.000000E+00
  DP  9.566650E+00  0.000000E+00
  DP  9.704600E+00  0.000000E+00
  DP  9.844540E+00  0.000000E+00
  DP  9.986500E+00  0.000000E+00
  DP  1.013050E+01  0.000000E+00
  DP  1.027660E+01  0.000000E+00
  DP  1.042480E+01  0.000000E+00
  DP  1.057510E+01  0.000000E+00
  DP  1.072760E+01  0.000000E+00
  DP  1.088230E+01  0.000000E+00
  DP  1.103920E+01  0.000000E+00
  DP  1.119840E+01  0.000000E+00
  DP  1.135990E+01  0.000000E+00
  DP  1.152370E+01  0.000000E+00
  DP  1.168980E+01  0.000000E+00
  DP  1.185840E+01  0.000000E+00
  DP  1.202940E+01  0.000000E+00
  DP  1.220290E+01  0.000000E+00
  DP  1.237880E+01  0.000000E+00
  DP  1.255730E+01  0.000000E+00
  DP  1.273840E+01  0.000000E+00
  DP  1.292210E+01  0.000000E+00
  DP  1.310840E+01  0.000000E+00
  DP  1.329740E+01  1.208319E-12
  DP  1.348920E+01  1.596672E-09
  DP  1.368370E+01  8.837470E-10
  DP  1.388100E+01  6.948296E-10
  DP  1.408120E+01  2.502087E-09
  DP  1.428420E+01  2.935153E-08
  DP  1.449020E+01  1.142114E-07
  DP  1.469920E+01  2.453689E-07
  DP  1.491110E+01  2.119357E-08
  DP  1.512610E+01  5.097159E-10
  DP  1.534430E+01  2.811676E-11
  DP  1.556550E+01  0.000000E+00
  DP  1.579000E+01  0.000000E+00
  DP  1.601770E+01  0.000000E+00
  DP  1.624860E+01  0.000000E+00
  DP  1.648290E+01  0.000000E+00
  DP  1.672060E+01  0.000000E+00
  DP  1.696170E+01  0.000000E+00
  DP  1.720630E+01  0.000000E+00
  DP  1.745440E+01  0.000000E+00
  DP  1.770610E+01  0.000000E+00
  DP  1.796140E+01  0.000000E+00
  DP  1.822040E+01  0.000000E+00
  DP  1.848320E+01  0.000000E+00
  DP  1.874970E+01  0.000000E+00
  DP  1.902010E+01  0.000000E+00
  DP  1.929430E+01  0.000000E+00
  DP  1.957260E+01  0.000000E+00
  DP  1.985480E+01  0.000000E+00
  DP  2.014110E+01  0.000000E+00
  DP  2.043150E+01  0.000000E+00
  DP  2.072620E+01  0.000000E+00
  DP  2.102500E+01  0.000000E+00
  DP  2.132820E+01  0.000000E+00
  DP  2.163580E+01  0.000000E+00
  DP  2.194770E+01  0.000000E+00
  DP  2.226420E+01  0.000000E+00
  DP  2.258530E+01  0.000000E+00
  DP  2.291100E+01  0.000000E+00
  DP  2.324130E+01  0.000000E+00
  DP  2.357650E+01  0.000000E+00
  DP  2.391640E+01  0.000000E+00
  DP  2.426130E+01  0.000000E+00
  DP  2.461120E+01  0.000000E+00
  DP  2.496600E+01  0.000000E+00
  DP  2.532610E+01  0.000000E+00
  DP  2.569130E+01  0.000000E+00
  DP  2.606170E+01  0.000000E+00
  DP  2.643750E+01  0.000000E+00
  DP  2.681880E+01  0.000000E+00
  DP  2.720550E+01  0.000000E+00
  DP  2.759780E+01  0.000000E+00
  DP  2.799570E+01  0.000000E+00
  DP  2.839940E+01  0.000000E+00
  DP  2.880890E+01  0.000000E+00
  DP  2.922440E+01  0.000000E+00
  DP  2.964580E+01  0.000000E+00
  DP  3.007330E+01  0.000000E+00
  DP  3.050690E+01  0.000000E+00
  DP  3.094680E+01  0.000000E+00
  DP  3.139310E+01  0.000000E+00
  DP  3.184580E+01  0.000000E+00
  DP  3.230500E+01  0.000000E+00
  DP  3.277080E+01  0.000000E+00
  DP  3.324340E+01  0.000000E+00
  DP  3.372270E+01  0.000000E+00
  DP  3.420900E+01  0.000000E+00
  DP  3.470230E+01  0.000000E+00
  DP  3.520270E+01  0.000000E+00
  DP  3.571030E+01  0.000000E+00
  DP  3.622530E+01  0.000000E+00
  DP  3.674760E+01  0.000000E+00
  DP  3.727750E+01  0.000000E+00
  DP  3.781510E+01  0.000000E+00
  DP  3.836040E+01  0.000000E+00
  DP  3.891350E+01  0.000000E+00
  DP  3.947460E+01  0.000000E+00
  DP  4.004390E+01  0.000000E+00
  DP  4.062130E+01  0.000000E+00
  DP  4.120700E+01  0.000000E+00
  DP  4.180120E+01  0.000000E+00
  DP  4.240400E+01  0.000000E+00
  DP  4.301550E+01  0.000000E+00
  DP  4.363570E+01  0.000000E+00
  DP  4.426500E+01  0.000000E+00
  DP  4.490330E+01  0.000000E+00
  DP  4.555080E+01  4.607714E-10
  DP  4.620760E+01  4.542220E-10
  DP  4.687390E+01  0.000000E+00
  DP  4.754980E+01  4.413997E-10
  DP  4.823550E+01  4.351260E-10
  DP  4.893100E+01  1.286824E-09
  DP  4.963660E+01  2.537056E-09
  DP  5.035240E+01  8.336645E-10
  DP  5.107850E+01  1.232719E-09
  DP  5.181500E+01  2.835466E-09
  DP  5.256220E+01  7.986161E-10
  DP  5.332010E+01  7.872637E-10
  DP  5.408900E+01  4.656438E-09
  DP  5.486890E+01  3.060167E-09
  DP  5.566010E+01  3.770828E-09
  DP  5.646280E+01  5.947565E-09
  DP  5.727690E+01  8.061658E-09
  DP  5.810290E+01  6.863366E-09
  DP  5.894070E+01  1.032676E-08
  DP  5.979060E+01  1.298823E-08
  DP  6.065280E+01  1.141939E-08
  DP  6.152740E+01  1.228048E-08
  DP  6.241460E+01  1.916766E-08
  DP  6.331460E+01  2.320469E-08
  DP  6.422760E+01  2.352840E-08
  DP  6.515380E+01  2.544886E-08
  DP  6.609330E+01  3.080322E-08
  DP  6.704640E+01  4.413930E-08
  DP  6.801320E+01  5.197631E-08
  DP  6.899390E+01  5.422240E-08
  DP  6.998880E+01  5.278016E-08
  DP  7.099800E+01  6.237602E-08
  DP  7.202180E+01  6.819196E-08
  DP  7.306040E+01  7.009537E-08
  DP  7.411390E+01  7.759480E-08
  DP  7.518260E+01  9.910464E-08
  DP  7.626670E+01  9.714516E-08
  DP  7.736650E+01  1.169246E-07
  DP  7.848210E+01  1.280991E-07
  DP  7.961380E+01  1.471107E-07
  DP  8.076180E+01  1.736009E-07
  DP  8.192640E+01  2.439015E-07
  DP  8.310780E+01  2.596217E-07
  DP  8.430620E+01  2.778353E-07
  DP  8.552190E+01  2.828372E-07
  DP  8.675510E+01  3.112768E-07
  DP  8.800610E+01  3.305457E-07
  DP  8.927510E+01  3.371336E-07
  DP  9.056250E+01  3.230696E-07
  DP  9.186840E+01  3.560624E-07
  DP  9.319310E+01  3.581088E-07
  DP  9.453690E+01  3.827565E-07
  DP  9.590010E+01  3.823237E-07
  DP  9.728300E+01  4.063037E-07
  DP  9.868580E+01  4.143029E-07
  DP  1.001090E+02  4.340916E-07
  DP  1.015520E+02  4.674788E-07
  DP  1.030170E+02  4.882276E-07
  DP  1.045020E+02  5.216950E-07
  DP  1.060090E+02  5.706369E-07
  DP  1.075380E+02  5.950832E-07
  DP  1.090890E+02  6.384250E-07
  DP  1.106620E+02  6.653563E-07
  DP  1.122570E+02  7.069299E-07
  DP  1.138760E+02  7.481526E-07
  DP  1.155180E+02  8.063555E-07
  DP  1.171840E+02  9.088902E-07
  DP  1.188740E+02  1.990298E-06
  DP  1.205880E+02  5.362152E-06
  DP  1.223270E+02  6.457599E-06
  DP  1.240910E+02  2.570430E-06
  DP  1.258800E+02  8.166885E-07
  DP  1.276950E+02  8.080818E-07
  DP  1.295370E+02  8.262477E-07
  DP  1.314040E+02  8.578267E-07
  DP  1.332990E+02  1.053875E-06
  DP  1.352210E+02  1.436964E-06
  DP  1.371710E+02  1.425475E-06
  DP  1.391490E+02  9.850886E-07
  DP  1.411560E+02  8.879000E-07
  DP  1.431910E+02  8.818168E-07
  DP  1.452560E+02  8.807222E-07
  DP  1.473510E+02  9.119569E-07
  DP  1.494750E+02  9.142297E-07
  DP  1.516310E+02  9.233795E-07
  DP  1.538170E+02  9.353370E-07
  DP  1.560350E+02  9.512802E-07
  DP  1.582850E+02  9.714934E-07
  DP  1.605680E+02  9.954249E-07
  DP  1.628830E+02  1.023902E-06
  DP  1.652320E+02  1.092797E-06
  DP  1.676150E+02  1.263686E-06
  DP  1.700320E+02  1.467756E-06
  DP  1.724830E+02  1.538406E-06
  DP  1.749710E+02  1.522638E-06
  DP  1.774940E+02  1.530819E-06
  DP  1.800530E+02  1.533927E-06
  DP  1.826490E+02  1.506244E-06
  DP  1.852830E+02  1.534554E-06
  DP  1.879550E+02  1.545091E-06
  DP  1.906650E+02  1.627565E-06
  DP  1.934150E+02  1.853494E-06
  DP  1.962040E+02  2.133930E-06
  DP  1.990330E+02  2.216788E-06
  DP  2.019030E+02  2.246527E-06
  DP  2.048140E+02  2.261267E-06
  DP  2.077680E+02  2.316634E-06
  DP  2.107640E+02  2.445007E-06
  DP  2.138030E+02  2.491391E-06
  DP  2.168860E+02  2.429456E-06
  DP  2.200130E+02  2.412318E-06
  DP  2.231860E+02  2.407430E-06
  DP  2.264040E+02  2.410638E-06
  DP  2.296690E+02  2.376070E-06
  DP  2.329810E+02  2.360319E-06
  DP  2.363400E+02  2.345236E-06
  DP  2.397480E+02  2.255150E-06
  DP  2.432060E+02  2.239558E-06
  DP  2.467130E+02  2.223406E-06
  DP  2.502700E+02  2.149806E-06
  DP  2.538790E+02  2.126000E-06
  DP  2.575400E+02  2.056795E-06
  DP  2.612540E+02  2.041287E-06
  DP  2.650210E+02  1.988828E-06
  DP  2.688430E+02  1.966584E-06
  DP  2.727190E+02  1.926392E-06
  DP  2.766520E+02  1.905376E-06
  DP  2.806410E+02  1.885999E-06
  DP  2.846880E+02  1.847118E-06
  DP  2.887930E+02  1.830975E-06
  DP  2.929570E+02  1.785735E-06
  DP  2.971820E+02  1.759188E-06
  DP  3.014670E+02  1.748551E-06
  DP  3.058140E+02  1.723984E-06
  DP  3.102240E+02  1.701774E-06
  DP  3.146980E+02  1.681193E-06
  DP  3.192350E+02  1.666453E-06
  DP  3.238390E+02  1.622518E-06
  DP  3.285080E+02  1.626194E-06
  DP  3.332460E+02  1.622033E-06
  DP  3.380510E+02  1.593622E-06
  DP  3.429260E+02  1.567944E-06
  DP  3.478710E+02  1.550305E-06
  DP  3.528870E+02  1.540035E-06
  DP  3.579750E+02  1.538690E-06
  DP  3.631370E+02  1.519889E-06
  DP  3.683740E+02  1.507857E-06
  DP  3.736860E+02  1.505625E-06
  DP  3.790740E+02  1.492139E-06
  DP  3.845400E+02  1.495180E-06
  DP  3.900850E+02  1.470856E-06
  DP  3.957100E+02  1.469787E-06
  DP  4.014170E+02  1.457244E-06
  DP  4.072050E+02  1.448947E-06
  DP  4.130770E+02  1.463896E-06
  DP  4.190330E+02  1.435418E-06
  DP  4.250760E+02  1.433563E-06
  DP  4.312050E+02  1.433505E-06
  DP  4.374230E+02  1.427722E-06
  DP  4.437310E+02  1.422124E-06
  DP  4.501290E+02  1.418063E-06
  DP  4.566200E+02  1.418631E-06
  DP  4.632050E+02  1.423787E-06
  DP  4.698840E+02  1.418857E-06
  DP  4.766600E+02  1.424472E-06
  DP  4.835330E+02  1.430998E-06
  DP  4.905060E+02  1.889258E-06
  DP  4.975790E+02  1.258296E-05
  DP  5.047540E+02  3.786771E-05
  DP  5.120320E+02  3.776702E-05
  DP  5.194160E+02  1.070036E-05
  DP  5.269050E+02  1.041333E-06
  DP  5.345030E+02  8.808809E-07
  DP  5.422110E+02  8.677035E-07
  DP  5.500290E+02  8.682717E-07
  DP  5.579610E+02  8.612694E-07
  DP  5.660070E+02  8.614616E-07
  DP  5.741680E+02  8.584618E-07
  DP  5.824480E+02  8.597152E-07
  DP  5.908470E+02  8.447496E-07
  DP  5.993670E+02  8.603168E-07
  DP  6.080090E+02  8.549272E-07
  DP  6.167770E+02  8.470057E-07
  DP  6.256710E+02  8.518438E-07
  DP  6.346930E+02  8.548854E-07
  DP  6.438450E+02  8.570747E-07
  DP  6.531290E+02  8.509832E-07
  DP  6.625470E+02  8.457356E-07
  DP  6.721010E+02  8.591136E-07
  DP  6.817930E+02  8.583364E-07
  DP  6.916240E+02  8.499470E-07
  DP  7.015970E+02  8.597403E-07
  DP  7.117140E+02  8.822931E-07
  DP  7.219770E+02  9.861916E-07
  DP  7.323880E+02  1.028924E-06
  DP  7.429490E+02  9.386125E-07
  DP  7.536620E+02  8.754830E-07
  DP  7.645300E+02  9.098929E-07
  DP  7.755540E+02  1.031598E-06
  DP  7.867380E+02  1.095196E-06
  DP  7.980820E+02  9.670145E-07
  DP  8.095910E+02  1.038901E-06
  DP  8.212650E+02  1.120740E-05
  DP  8.331070E+02  5.050641E-05
  DP  8.451210E+02  6.918256E-05
  DP  8.573070E+02  2.824394E-05
  DP  8.696700E+02  1.763609E-06
  DP  8.822100E+02  3.217744E-07
  DP  8.949320E+02  3.212664E-07
  DP  9.078360E+02  3.209347E-07
  DP  9.209270E+02  3.167658E-07
  DP  9.342070E+02  3.218229E-07
  DP  9.476780E+02  4.392639E-07
  DP  9.613440E+02  9.312592E-07
  DP  9.752060E+02  1.196479E-06
  DP  9.892680E+02  6.903709E-07
  DP  1.003530E+03  1.046246E-06
  DP  1.018000E+03  5.070854E-06
  DP  1.032680E+03  8.629490E-06
  DP  1.047580E+03  4.560536E-06
  DP  1.062680E+03  6.625997E-07
  DP  1.078000E+03  2.658227E-07
  DP  1.093550E+03  2.574550E-07
  DP  1.109320E+03  2.829608E-07
  DP  1.125310E+03  3.398008E-07
  DP  1.141540E+03  5.783871E-07
  DP  1.158000E+03  1.212932E-06
  DP  1.174700E+03  1.342124E-06
  DP  1.191640E+03  1.611855E-06
  DP  1.208820E+03  1.337403E-05
  DP  1.226250E+03  3.284542E-05
  DP  1.243940E+03  2.449928E-05
  DP  1.261870E+03  4.567522E-06
  DP  1.280070E+03  1.046990E-07
  DP  1.298530E+03  6.983274E-08
  DP  1.317250E+03  3.163389E-07
  DP  1.336250E+03  1.376910E-06
  DP  1.355520E+03  1.996883E-06
  DP  1.375060E+03  9.044114E-07
  DP  1.394890E+03  1.209472E-07
  DP  1.415010E+03  1.064404E-07
  DP  1.435410E+03  1.426603E-07
  DP  1.456110E+03  1.003764E-07
  DP  1.477110E+03  5.947097E-08
  DP  1.498400E+03  5.656910E-08
  DP  1.520010E+03  5.516546E-08
  DP  1.541930E+03  5.635978E-08
  DP  1.564160E+03  5.488796E-08
  DP  1.586720E+03  5.530843E-08
  DP  1.609600E+03  5.576124E-08
  DP  1.632810E+03  5.506845E-08
  DP  1.656360E+03  5.531687E-08
  DP  1.680240E+03  5.670957E-08
  DP  1.704470E+03  1.989672E-07
  DP  1.729050E+03  2.180832E-06
  DP  1.753980E+03  5.544438E-06
  DP  1.779270E+03  4.419379E-06
  DP  1.804930E+03  1.058337E-06
  DP  1.830960E+03  1.129204E-07
  DP  1.857360E+03  3.685714E-08
  DP  1.884140E+03  3.373224E-08
  DP  1.911310E+03  9.468515E-08
  DP  1.938870E+03  2.647397E-07
  DP  1.966830E+03  8.269321E-07
  DP  1.995190E+03  2.485609E-06
  DP  2.023960E+03  3.265582E-06
  DP  2.053150E+03  1.451913E-06
  DP  2.082750E+03  1.471491E-07
  DP  2.112790E+03  1.850327E-08
  DP  2.143250E+03  3.123305E-08
  DP  2.174160E+03  8.475154E-08
  DP  2.205510E+03  1.153395E-07
  DP  2.237310E+03  6.052533E-08
  DP  2.269570E+03  2.006283E-08
  DP  2.302300E+03  1.797124E-08
  DP  2.335500E+03  1.825226E-08
  DP  2.369180E+03  1.813093E-08
  DP  2.403340E+03  1.860287E-08
  DP  2.438000E+03  1.713247E-08
  DP  2.473150E+03  1.981700E-08
  DP  2.508810E+03  3.193019E-07
  DP  2.544990E+03  2.301175E-06
  DP  2.581690E+03  4.246485E-06
  DP  2.618920E+03  2.311361E-06
  DP  2.656680E+03  2.658544E-07
  DP  2.694990E+03  7.575840E-09
  DP  2.733850E+03  6.319950E-09
  DP  2.773270E+03  6.745045E-09
  DP  2.813260E+03  6.006157E-09
  DP  2.853830E+03  6.419596E-09
  DP  2.894980E+03  1.168436E-08
  DP  2.936730E+03  8.778226E-08
  DP  2.979080E+03  2.124329E-07
  DP  3.022030E+03  1.673865E-07
  DP  3.065610E+03  4.099620E-08
  DP  3.109820E+03  1.420102E-07
  DP  3.154660E+03  7.579659E-07
  DP  3.200150E+03  1.834685E-06
  DP  3.246300E+03  1.981424E-06
  DP  3.293110E+03  7.962405E-07
  DP  3.340590E+03  8.266998E-08
  DP  3.388770E+03  1.059816E-07
  DP  3.437630E+03  1.645012E-07
  DP  3.487200E+03  7.288302E-08
  DP  3.537490E+03  5.384747E-09
  DP  3.588500E+03  1.954042E-11
  DP  3.640240E+03  2.830435E-13
  DP  3.692730E+03  8.703022E-15
  DP  3.745980E+03  0.000000E+00
  DP  3.800000E+03  0.000000E+00
  
 EN
