 # final1D_0_1p38_0p6_1p25_core/final1D_0_1p38_0p6_1p25_core_5_100/quickspec.dat                       
 #    1.0000000000000000      =Mpc
  DP  3.000000E+00  0.000000E+00
  DP  3.043260E+00  0.000000E+00
  DP  3.087140E+00  0.000000E+00
  DP  3.131660E+00  0.000000E+00
  DP  3.176820E+00  0.000000E+00
  DP  3.222630E+00  0.000000E+00
  DP  3.269100E+00  0.000000E+00
  DP  3.316240E+00  0.000000E+00
  DP  3.364060E+00  0.000000E+00
  DP  3.412570E+00  0.000000E+00
  DP  3.461780E+00  0.000000E+00
  DP  3.511690E+00  0.000000E+00
  DP  3.562330E+00  0.000000E+00
  DP  3.613700E+00  0.000000E+00
  DP  3.665810E+00  0.000000E+00
  DP  3.718670E+00  0.000000E+00
  DP  3.772290E+00  0.000000E+00
  DP  3.826690E+00  0.000000E+00
  DP  3.881870E+00  0.000000E+00
  DP  3.937850E+00  0.000000E+00
  DP  3.994630E+00  0.000000E+00
  DP  4.052230E+00  0.000000E+00
  DP  4.110660E+00  0.000000E+00
  DP  4.169940E+00  0.000000E+00
  DP  4.230070E+00  0.000000E+00
  DP  4.291070E+00  0.000000E+00
  DP  4.352940E+00  0.000000E+00
  DP  4.415710E+00  0.000000E+00
  DP  4.479390E+00  0.000000E+00
  DP  4.543980E+00  0.000000E+00
  DP  4.609500E+00  0.000000E+00
  DP  4.675970E+00  0.000000E+00
  DP  4.743400E+00  0.000000E+00
  DP  4.811800E+00  0.000000E+00
  DP  4.881180E+00  0.000000E+00
  DP  4.951570E+00  0.000000E+00
  DP  5.022970E+00  0.000000E+00
  DP  5.095400E+00  0.000000E+00
  DP  5.168880E+00  0.000000E+00
  DP  5.243410E+00  0.000000E+00
  DP  5.319020E+00  0.000000E+00
  DP  5.395720E+00  0.000000E+00
  DP  5.473530E+00  0.000000E+00
  DP  5.552450E+00  0.000000E+00
  DP  5.632520E+00  0.000000E+00
  DP  5.713740E+00  0.000000E+00
  DP  5.796130E+00  0.000000E+00
  DP  5.879710E+00  0.000000E+00
  DP  5.964500E+00  0.000000E+00
  DP  6.050500E+00  0.000000E+00
  DP  6.137750E+00  0.000000E+00
  DP  6.226260E+00  0.000000E+00
  DP  6.316040E+00  0.000000E+00
  DP  6.407120E+00  0.000000E+00
  DP  6.499510E+00  0.000000E+00
  DP  6.593230E+00  0.000000E+00
  DP  6.688300E+00  0.000000E+00
  DP  6.784750E+00  0.000000E+00
  DP  6.882580E+00  0.000000E+00
  DP  6.981830E+00  0.000000E+00
  DP  7.082500E+00  0.000000E+00
  DP  7.184630E+00  0.000000E+00
  DP  7.288240E+00  0.000000E+00
  DP  7.393330E+00  0.000000E+00
  DP  7.499940E+00  0.000000E+00
  DP  7.608090E+00  0.000000E+00
  DP  7.717800E+00  0.000000E+00
  DP  7.829090E+00  0.000000E+00
  DP  7.941980E+00  0.000000E+00
  DP  8.056510E+00  0.000000E+00
  DP  8.172680E+00  0.000000E+00
  DP  8.290530E+00  0.000000E+00
  DP  8.410080E+00  0.000000E+00
  DP  8.531350E+00  0.000000E+00
  DP  8.654370E+00  0.000000E+00
  DP  8.779170E+00  0.000000E+00
  DP  8.905760E+00  0.000000E+00
  DP  9.034180E+00  0.000000E+00
  DP  9.164450E+00  0.000000E+00
  DP  9.296600E+00  0.000000E+00
  DP  9.430660E+00  0.000000E+00
  DP  9.566650E+00  0.000000E+00
  DP  9.704600E+00  0.000000E+00
  DP  9.844540E+00  0.000000E+00
  DP  9.986500E+00  0.000000E+00
  DP  1.013050E+01  0.000000E+00
  DP  1.027660E+01  0.000000E+00
  DP  1.042480E+01  0.000000E+00
  DP  1.057510E+01  0.000000E+00
  DP  1.072760E+01  0.000000E+00
  DP  1.088230E+01  0.000000E+00
  DP  1.103920E+01  0.000000E+00
  DP  1.119840E+01  0.000000E+00
  DP  1.135990E+01  0.000000E+00
  DP  1.152370E+01  0.000000E+00
  DP  1.168980E+01  0.000000E+00
  DP  1.185840E+01  0.000000E+00
  DP  1.202940E+01  0.000000E+00
  DP  1.220290E+01  0.000000E+00
  DP  1.237880E+01  0.000000E+00
  DP  1.255730E+01  0.000000E+00
  DP  1.273840E+01  0.000000E+00
  DP  1.292210E+01  0.000000E+00
  DP  1.310840E+01  0.000000E+00
  DP  1.329740E+01  0.000000E+00
  DP  1.348920E+01  0.000000E+00
  DP  1.368370E+01  0.000000E+00
  DP  1.388100E+01  0.000000E+00
  DP  1.408120E+01  0.000000E+00
  DP  1.428420E+01  0.000000E+00
  DP  1.449020E+01  0.000000E+00
  DP  1.469920E+01  0.000000E+00
  DP  1.491110E+01  0.000000E+00
  DP  1.512610E+01  0.000000E+00
  DP  1.534430E+01  0.000000E+00
  DP  1.556550E+01  0.000000E+00
  DP  1.579000E+01  0.000000E+00
  DP  1.601770E+01  0.000000E+00
  DP  1.624860E+01  0.000000E+00
  DP  1.648290E+01  0.000000E+00
  DP  1.672060E+01  0.000000E+00
  DP  1.696170E+01  0.000000E+00
  DP  1.720630E+01  0.000000E+00
  DP  1.745440E+01  0.000000E+00
  DP  1.770610E+01  0.000000E+00
  DP  1.796140E+01  0.000000E+00
  DP  1.822040E+01  0.000000E+00
  DP  1.848320E+01  0.000000E+00
  DP  1.874970E+01  0.000000E+00
  DP  1.902010E+01  0.000000E+00
  DP  1.929430E+01  0.000000E+00
  DP  1.957260E+01  0.000000E+00
  DP  1.985480E+01  0.000000E+00
  DP  2.014110E+01  0.000000E+00
  DP  2.043150E+01  0.000000E+00
  DP  2.072620E+01  0.000000E+00
  DP  2.102500E+01  0.000000E+00
  DP  2.132820E+01  0.000000E+00
  DP  2.163580E+01  0.000000E+00
  DP  2.194770E+01  0.000000E+00
  DP  2.226420E+01  0.000000E+00
  DP  2.258530E+01  0.000000E+00
  DP  2.291100E+01  7.719597E-10
  DP  2.324130E+01  0.000000E+00
  DP  2.357650E+01  0.000000E+00
  DP  2.391640E+01  0.000000E+00
  DP  2.426130E+01  0.000000E+00
  DP  2.461120E+01  0.000000E+00
  DP  2.496600E+01  0.000000E+00
  DP  2.532610E+01  0.000000E+00
  DP  2.569130E+01  0.000000E+00
  DP  2.606170E+01  4.189221E-10
  DP  2.643750E+01  9.266718E-10
  DP  2.681880E+01  0.000000E+00
  DP  2.720550E+01  1.584548E-10
  DP  2.759780E+01  0.000000E+00
  DP  2.799570E+01  1.083263E-09
  DP  2.839940E+01  1.340820E-10
  DP  2.880890E+01  8.338960E-10
  DP  2.922440E+01  5.103334E-09
  DP  2.964580E+01  1.346126E-09
  DP  3.007330E+01  1.306519E-09
  DP  3.050690E+01  1.145365E-09
  DP  3.094680E+01  1.792378E-09
  DP  3.139310E+01  4.067482E-09
  DP  3.184580E+01  7.062757E-10
  DP  3.230500E+01  7.483247E-09
  DP  3.277080E+01  4.264784E-09
  DP  3.324340E+01  3.929792E-09
  DP  3.372270E+01  7.199728E-09
  DP  3.420900E+01  2.853214E-09
  DP  3.470230E+01  1.293417E-08
  DP  3.520270E+01  6.008539E-09
  DP  3.571030E+01  1.279053E-08
  DP  3.622530E+01  3.745944E-08
  DP  3.674760E+01  1.556564E-08
  DP  3.727750E+01  1.161041E-08
  DP  3.781510E+01  2.381292E-08
  DP  3.836040E+01  2.124203E-08
  DP  3.891350E+01  1.433647E-08
  DP  3.947460E+01  1.667715E-08
  DP  4.004390E+01  4.714629E-08
  DP  4.062130E+01  3.370693E-08
  DP  4.120700E+01  1.900831E-08
  DP  4.180120E+01  4.998867E-08
  DP  4.240400E+01  3.565571E-08
  DP  4.301550E+01  6.756075E-08
  DP  4.363570E+01  2.378201E-08
  DP  4.426500E+01  2.663641E-08
  DP  4.490330E+01  3.379525E-08
  DP  4.555080E+01  5.231807E-08
  DP  4.620760E+01  3.809733E-08
  DP  4.687390E+01  4.585955E-08
  DP  4.754980E+01  5.730042E-08
  DP  4.823550E+01  3.025540E-08
  DP  4.893100E+01  3.327007E-08
  DP  4.963660E+01  2.490956E-08
  DP  5.035240E+01  3.287458E-08
  DP  5.107850E+01  5.033561E-08
  DP  5.181500E+01  4.312497E-08
  DP  5.256220E+01  4.312957E-08
  DP  5.332010E+01  3.894204E-08
  DP  5.408900E+01  3.803082E-08
  DP  5.486890E+01  5.022381E-08
  DP  5.566010E+01  4.089200E-08
  DP  5.646280E+01  4.270926E-08
  DP  5.727690E+01  7.606281E-08
  DP  5.810290E+01  3.839598E-08
  DP  5.894070E+01  7.026734E-08
  DP  5.979060E+01  4.350174E-08
  DP  6.065280E+01  4.698569E-08
  DP  6.152740E+01  5.299416E-08
  DP  6.241460E+01  5.016448E-08
  DP  6.331460E+01  4.218952E-08
  DP  6.422760E+01  7.497402E-08
  DP  6.515380E+01  5.813627E-08
  DP  6.609330E+01  4.814709E-08
  DP  6.704640E+01  6.123208E-08
  DP  6.801320E+01  6.493788E-08
  DP  6.899390E+01  4.306255E-08
  DP  6.998880E+01  4.398814E-08
  DP  7.099800E+01  6.950987E-08
  DP  7.202180E+01  4.133445E-08
  DP  7.306040E+01  5.320356E-08
  DP  7.411390E+01  3.594040E-08
  DP  7.518260E+01  5.035023E-08
  DP  7.626670E+01  4.828004E-08
  DP  7.736650E+01  4.751304E-08
  DP  7.848210E+01  4.717245E-08
  DP  7.961380E+01  3.636940E-08
  DP  8.076180E+01  3.070336E-08
  DP  8.192640E+01  4.726779E-08
  DP  8.310780E+01  3.412297E-08
  DP  8.430620E+01  4.752123E-08
  DP  8.552190E+01  3.599739E-08
  DP  8.675510E+01  4.739363E-08
  DP  8.800610E+01  3.123380E-08
  DP  8.927510E+01  3.058596E-08
  DP  9.056250E+01  4.161019E-08
  DP  9.186840E+01  4.599818E-08
  DP  9.319310E+01  3.525312E-08
  DP  9.453690E+01  2.698737E-08
  DP  9.590010E+01  2.837455E-08
  DP  9.728300E+01  4.506055E-08
  DP  9.868580E+01  3.928840E-08
  DP  1.001090E+02  3.165569E-08
  DP  1.015520E+02  3.283498E-08
  DP  1.030170E+02  4.160084E-08
  DP  1.045020E+02  3.553856E-08
  DP  1.060090E+02  2.648759E-08
  DP  1.075380E+02  2.062879E-08
  DP  1.090890E+02  2.602350E-08
  DP  1.106620E+02  3.577687E-08
  DP  1.122570E+02  3.581439E-08
  DP  1.138760E+02  2.689812E-08
  DP  1.155180E+02  2.489369E-08
  DP  1.171840E+02  3.074130E-08
  DP  1.188740E+02  3.754943E-08
  DP  1.205880E+02  2.519910E-08
  DP  1.223270E+02  2.224250E-08
  DP  1.240910E+02  2.531541E-08
  DP  1.258800E+02  3.215204E-08
  DP  1.276950E+02  2.598139E-08
  DP  1.295370E+02  2.537190E-08
  DP  1.314040E+02  1.909178E-08
  DP  1.332990E+02  2.296813E-08
  DP  1.352210E+02  2.136695E-08
  DP  1.371710E+02  1.526407E-08
  DP  1.391490E+02  2.022619E-08
  DP  1.411560E+02  1.687569E-08
  DP  1.431910E+02  1.927720E-08
  DP  1.452560E+02  1.936469E-08
  DP  1.473510E+02  1.833607E-08
  DP  1.494750E+02  1.935023E-08
  DP  1.516310E+02  1.610995E-08
  DP  1.538170E+02  2.716050E-08
  DP  1.560350E+02  2.481054E-08
  DP  1.582850E+02  3.451361E-08
  DP  1.605680E+02  2.727974E-08
  DP  1.628830E+02  3.466452E-08
  DP  1.652320E+02  4.145828E-08
  DP  1.676150E+02  1.869320E-08
  DP  1.700320E+02  9.602963E-09
  DP  1.724830E+02  1.006889E-08
  DP  1.749710E+02  1.342968E-08
  DP  1.774940E+02  1.079595E-08
  DP  1.800530E+02  1.378656E-08
  DP  1.826490E+02  8.744217E-09
  DP  1.852830E+02  8.762684E-09
  DP  1.879550E+02  1.415197E-08
  DP  1.906650E+02  1.280348E-08
  DP  1.934150E+02  1.129873E-08
  DP  1.962040E+02  6.687280E-09
  DP  1.990330E+02  9.587421E-09
  DP  2.019030E+02  1.054067E-08
  DP  2.048140E+02  1.096817E-08
  DP  2.077680E+02  1.083464E-08
  DP  2.107640E+02  1.390288E-08
  DP  2.138030E+02  1.177327E-08
  DP  2.168860E+02  1.090650E-08
  DP  2.200130E+02  1.101889E-08
  DP  2.231860E+02  1.011159E-08
  DP  2.264040E+02  1.773101E-08
  DP  2.296690E+02  1.071790E-08
  DP  2.329810E+02  6.087578E-09
  DP  2.363400E+02  6.700850E-09
  DP  2.397480E+02  7.883391E-09
  DP  2.432060E+02  8.244646E-09
  DP  2.467130E+02  6.170186E-09
  DP  2.502700E+02  7.235250E-09
  DP  2.538790E+02  6.361555E-09
  DP  2.575400E+02  8.778561E-09
  DP  2.612540E+02  7.819986E-09
  DP  2.650210E+02  7.841168E-09
  DP  2.688430E+02  9.628950E-09
  DP  2.727190E+02  1.182065E-08
  DP  2.766520E+02  9.887401E-09
  DP  2.806410E+02  1.143602E-08
  DP  2.846880E+02  8.332367E-09
  DP  2.887930E+02  4.240117E-09
  DP  2.929570E+02  1.171970E-08
  DP  2.971820E+02  6.940935E-09
  DP  3.014670E+02  7.015846E-09
  DP  3.058140E+02  1.164199E-08
  DP  3.102240E+02  8.721740E-09
  DP  3.146980E+02  1.073537E-08
  DP  3.192350E+02  4.888025E-09
  DP  3.238390E+02  3.305800E-09
  DP  3.285080E+02  6.137539E-09
  DP  3.332460E+02  3.649407E-09
  DP  3.380510E+02  6.535535E-09
  DP  3.429260E+02  4.633810E-09
  DP  3.478710E+02  8.663916E-09
  DP  3.528870E+02  4.986651E-09
  DP  3.579750E+02  4.233692E-09
  DP  3.631370E+02  6.190566E-09
  DP  3.683740E+02  4.481764E-09
  DP  3.736860E+02  3.136933E-09
  DP  3.790740E+02  6.685241E-09
  DP  3.845400E+02  4.133921E-09
  DP  3.900850E+02  5.680641E-09
  DP  3.957100E+02  3.442805E-09
  DP  4.014170E+02  7.073979E-09
  DP  4.072050E+02  3.691078E-09
  DP  4.130770E+02  3.856009E-09
  DP  4.190330E+02  3.262182E-09
  DP  4.250760E+02  2.788965E-09
  DP  4.312050E+02  5.409564E-09
  DP  4.374230E+02  5.630764E-09
  DP  4.437310E+02  4.685484E-09
  DP  4.501290E+02  6.132316E-09
  DP  4.566200E+02  4.088916E-09
  DP  4.632050E+02  6.025259E-09
  DP  4.698840E+02  3.791233E-09
  DP  4.766600E+02  6.982581E-09
  DP  4.835330E+02  5.855557E-09
  DP  4.905060E+02  6.271661E-09
  DP  4.975790E+02  9.866344E-09
  DP  5.047540E+02  8.303012E-09
  DP  5.120320E+02  3.148156E-09
  DP  5.194160E+02  2.976114E-09
  DP  5.269050E+02  3.952537E-09
  DP  5.345030E+02  4.593944E-09
  DP  5.422110E+02  2.799577E-09
  DP  5.500290E+02  1.989162E-09
  DP  5.579610E+02  2.083092E-09
  DP  5.660070E+02  4.872683E-09
  DP  5.741680E+02  3.987557E-09
  DP  5.824480E+02  2.184592E-09
  DP  5.908470E+02  3.745944E-09
  DP  5.993670E+02  2.386172E-09
  DP  6.080090E+02  2.167730E-09
  DP  6.167770E+02  2.929153E-09
  DP  6.256710E+02  2.373897E-09
  DP  6.346930E+02  2.317394E-09
  DP  6.438450E+02  3.591792E-09
  DP  6.531290E+02  2.229723E-09
  DP  6.625470E+02  2.799067E-09
  DP  6.721010E+02  1.705158E-09
  DP  6.817930E+02  1.800550E-09
  DP  6.916240E+02  1.542350E-09
  DP  7.015970E+02  1.358869E-09
  DP  7.117140E+02  2.519166E-09
  DP  7.219770E+02  2.072973E-09
  DP  7.323880E+02  2.467977E-09
  DP  7.429490E+02  3.419742E-09
  DP  7.536620E+02  3.473354E-09
  DP  7.645300E+02  6.078880E-09
  DP  7.755540E+02  9.368076E-09
  DP  7.867380E+02  5.090633E-09
  DP  7.980820E+02  1.995320E-09
  DP  8.095910E+02  4.041947E-09
  DP  8.212650E+02  7.285436E-09
  DP  8.331070E+02  1.193487E-08
  DP  8.451210E+02  1.174519E-08
  DP  8.573070E+02  3.458481E-09
  DP  8.696700E+02  2.276124E-09
  DP  8.822100E+02  6.409994E-10
  DP  8.949320E+02  9.567283E-10
  DP  9.078360E+02  1.150938E-09
  DP  9.209270E+02  1.040238E-10
  DP  9.342070E+02  3.726892E-11
  DP  9.476780E+02  6.922276E-11
  DP  9.613440E+02  7.444709E-11
  DP  9.752060E+02  1.184279E-10
  DP  9.892680E+02  1.702217E-10
  DP  1.003530E+03  8.493370E-11
  DP  1.018000E+03  6.876869E-11
  DP  1.032680E+03  1.799589E-10
  DP  1.047580E+03  1.221455E-10
  DP  1.062680E+03  1.625718E-10
  DP  1.078000E+03  8.034334E-10
  DP  1.093550E+03  4.075897E-10
  DP  1.109320E+03  2.020973E-10
  DP  1.125310E+03  4.294147E-10
  DP  1.141540E+03  1.486281E-10
  DP  1.158000E+03  1.455824E-10
  DP  1.174700E+03  1.300218E-10
  DP  1.191640E+03  8.210745E-11
  DP  1.208820E+03  1.986814E-10
  DP  1.226250E+03  6.819622E-10
  DP  1.243940E+03  3.649866E-10
  DP  1.261870E+03  8.674111E-10
  DP  1.280070E+03  8.612109E-10
  DP  1.298530E+03  2.627844E-10
  DP  1.317250E+03  2.040434E-10
  DP  1.336250E+03  1.801837E-10
  DP  1.355520E+03  9.341170E-10
  DP  1.375060E+03  8.498050E-11
  DP  1.394890E+03  1.893160E-10
  DP  1.415010E+03  4.584075E-11
  DP  1.435410E+03  1.197414E-10
  DP  1.456110E+03  1.739351E-10
  DP  1.477110E+03  4.174623E-10
  DP  1.498400E+03  2.065686E-10
  DP  1.520010E+03  2.007453E-10
  DP  1.541930E+03  1.834701E-10
  DP  1.564160E+03  5.104328E-10
  DP  1.586720E+03  1.531278E-09
  DP  1.609600E+03  2.143740E-09
  DP  1.632810E+03  8.959635E-10
  DP  1.656360E+03  1.361108E-10
  DP  1.680240E+03  3.605905E-13
  DP  1.704470E+03  1.341121E-11
  DP  1.729050E+03  9.735824E-12
  DP  1.753980E+03  3.051410E-11
  DP  1.779270E+03  1.866195E-11
  DP  1.804930E+03  4.786834E-11
  DP  1.830960E+03  6.195630E-10
  DP  1.857360E+03  4.469715E-11
  DP  1.884140E+03  1.107003E-11
  DP  1.911310E+03  8.442984E-12
  DP  1.938870E+03  3.478025E-12
  DP  1.966830E+03  1.915044E-10
  DP  1.995190E+03  9.440773E-12
  DP  2.023960E+03  2.649804E-10
  DP  2.053150E+03  1.912504E-11
  DP  2.082750E+03  1.303811E-10
  DP  2.112790E+03  2.359324E-10
  DP  2.143250E+03  1.273203E-11
  DP  2.174160E+03  1.843492E-12
  DP  2.205510E+03  1.056223E-12
  DP  2.237310E+03  3.575097E-10
  DP  2.269570E+03  6.863023E-12
  DP  2.302300E+03  1.714459E-12
  DP  2.335500E+03  5.586620E-12
  DP  2.369180E+03  2.557570E-13
  DP  2.403340E+03  6.983015E-13
  DP  2.438000E+03  0.000000E+00
  DP  2.473150E+03  7.395467E-12
  DP  2.508810E+03  1.650268E-10
  DP  2.544990E+03  5.690084E-12
  DP  2.581690E+03  2.496329E-11
  DP  2.618920E+03  3.971940E-11
  DP  2.656680E+03  6.760128E-10
  DP  2.694990E+03  2.372243E-10
  DP  2.733850E+03  1.103685E-11
  DP  2.773270E+03  1.713849E-12
  DP  2.813260E+03  9.723123E-13
  DP  2.853830E+03  0.000000E+00
  DP  2.894980E+03  4.186104E-13
  DP  2.936730E+03  3.080915E-12
  DP  2.979080E+03  4.797554E-12
  DP  3.022030E+03  2.824469E-12
  DP  3.065610E+03  1.953565E-12
  DP  3.109820E+03  5.467538E-12
  DP  3.154660E+03  1.219675E-11
  DP  3.200150E+03  1.136984E-11
  DP  3.246300E+03  2.717262E-11
  DP  3.293110E+03  3.863855E-10
  DP  3.340590E+03  8.312605E-11
  DP  3.388770E+03  5.733602E-11
  DP  3.437630E+03  5.521033E-12
  DP  3.487200E+03  1.456835E-12
  DP  3.537490E+03  4.872717E-13
  DP  3.588500E+03  5.616016E-12
  DP  3.640240E+03  0.000000E+00
  DP  3.692730E+03  0.000000E+00
  DP  3.745980E+03  0.000000E+00
  DP  3.800000E+03  0.000000E+00
  
 EN
