 # final1D_0_1p38_0p6_1p25_core/final1D_0_1p38_0p6_1p25_core_20_100/quickspec.dat                      
 #    1.0000000000000000      =Mpc
  DP  3.000000E+00  0.000000E+00
  DP  3.043260E+00  0.000000E+00
  DP  3.087140E+00  0.000000E+00
  DP  3.131660E+00  0.000000E+00
  DP  3.176820E+00  0.000000E+00
  DP  3.222630E+00  0.000000E+00
  DP  3.269100E+00  0.000000E+00
  DP  3.316240E+00  0.000000E+00
  DP  3.364060E+00  0.000000E+00
  DP  3.412570E+00  0.000000E+00
  DP  3.461780E+00  0.000000E+00
  DP  3.511690E+00  0.000000E+00
  DP  3.562330E+00  0.000000E+00
  DP  3.613700E+00  0.000000E+00
  DP  3.665810E+00  0.000000E+00
  DP  3.718670E+00  0.000000E+00
  DP  3.772290E+00  0.000000E+00
  DP  3.826690E+00  0.000000E+00
  DP  3.881870E+00  0.000000E+00
  DP  3.937850E+00  0.000000E+00
  DP  3.994630E+00  0.000000E+00
  DP  4.052230E+00  0.000000E+00
  DP  4.110660E+00  0.000000E+00
  DP  4.169940E+00  0.000000E+00
  DP  4.230070E+00  0.000000E+00
  DP  4.291070E+00  0.000000E+00
  DP  4.352940E+00  0.000000E+00
  DP  4.415710E+00  0.000000E+00
  DP  4.479390E+00  0.000000E+00
  DP  4.543980E+00  0.000000E+00
  DP  4.609500E+00  0.000000E+00
  DP  4.675970E+00  0.000000E+00
  DP  4.743400E+00  0.000000E+00
  DP  4.811800E+00  0.000000E+00
  DP  4.881180E+00  0.000000E+00
  DP  4.951570E+00  0.000000E+00
  DP  5.022970E+00  0.000000E+00
  DP  5.095400E+00  0.000000E+00
  DP  5.168880E+00  0.000000E+00
  DP  5.243410E+00  0.000000E+00
  DP  5.319020E+00  0.000000E+00
  DP  5.395720E+00  0.000000E+00
  DP  5.473530E+00  0.000000E+00
  DP  5.552450E+00  0.000000E+00
  DP  5.632520E+00  0.000000E+00
  DP  5.713740E+00  0.000000E+00
  DP  5.796130E+00  0.000000E+00
  DP  5.879710E+00  0.000000E+00
  DP  5.964500E+00  0.000000E+00
  DP  6.050500E+00  0.000000E+00
  DP  6.137750E+00  0.000000E+00
  DP  6.226260E+00  0.000000E+00
  DP  6.316040E+00  0.000000E+00
  DP  6.407120E+00  0.000000E+00
  DP  6.499510E+00  7.422766E-11
  DP  6.593230E+00  2.439091E-10
  DP  6.688300E+00  2.404371E-10
  DP  6.784750E+00  5.688604E-10
  DP  6.882580E+00  0.000000E+00
  DP  6.981830E+00  1.382015E-10
  DP  7.082500E+00  6.532418E-10
  DP  7.184630E+00  8.454097E-10
  DP  7.288240E+00  1.795854E-09
  DP  7.393330E+00  5.872888E-10
  DP  7.499940E+00  4.288482E-11
  DP  7.608090E+00  4.227542E-11
  DP  7.717800E+00  6.250863E-11
  DP  7.829090E+00  8.216603E-11
  DP  7.941980E+00  2.336638E-10
  DP  8.056510E+00  1.796489E-10
  DP  8.172680E+00  1.180611E-10
  DP  8.290530E+00  0.000000E+00
  DP  8.410080E+00  0.000000E+00
  DP  8.531350E+00  0.000000E+00
  DP  8.654370E+00  0.000000E+00
  DP  8.779170E+00  0.000000E+00
  DP  8.905760E+00  0.000000E+00
  DP  9.034180E+00  0.000000E+00
  DP  9.164450E+00  0.000000E+00
  DP  9.296600E+00  0.000000E+00
  DP  9.430660E+00  0.000000E+00
  DP  9.566650E+00  0.000000E+00
  DP  9.704600E+00  0.000000E+00
  DP  9.844540E+00  0.000000E+00
  DP  9.986500E+00  0.000000E+00
  DP  1.013050E+01  0.000000E+00
  DP  1.027660E+01  0.000000E+00
  DP  1.042480E+01  0.000000E+00
  DP  1.057510E+01  0.000000E+00
  DP  1.072760E+01  0.000000E+00
  DP  1.088230E+01  0.000000E+00
  DP  1.103920E+01  0.000000E+00
  DP  1.119840E+01  0.000000E+00
  DP  1.135990E+01  0.000000E+00
  DP  1.152370E+01  0.000000E+00
  DP  1.168980E+01  0.000000E+00
  DP  1.185840E+01  0.000000E+00
  DP  1.202940E+01  0.000000E+00
  DP  1.220290E+01  0.000000E+00
  DP  1.237880E+01  0.000000E+00
  DP  1.255730E+01  0.000000E+00
  DP  1.273840E+01  0.000000E+00
  DP  1.292210E+01  0.000000E+00
  DP  1.310840E+01  0.000000E+00
  DP  1.329740E+01  0.000000E+00
  DP  1.348920E+01  0.000000E+00
  DP  1.368370E+01  0.000000E+00
  DP  1.388100E+01  0.000000E+00
  DP  1.408120E+01  1.141956E-11
  DP  1.428420E+01  4.328791E-11
  DP  1.449020E+01  8.451005E-11
  DP  1.469920E+01  1.428257E-10
  DP  1.491110E+01  1.028891E-10
  DP  1.512610E+01  2.699781E-10
  DP  1.534430E+01  0.000000E+00
  DP  1.556550E+01  0.000000E+00
  DP  1.579000E+01  0.000000E+00
  DP  1.601770E+01  0.000000E+00
  DP  1.624860E+01  0.000000E+00
  DP  1.648290E+01  0.000000E+00
  DP  1.672060E+01  0.000000E+00
  DP  1.696170E+01  0.000000E+00
  DP  1.720630E+01  0.000000E+00
  DP  1.745440E+01  0.000000E+00
  DP  1.770610E+01  0.000000E+00
  DP  1.796140E+01  0.000000E+00
  DP  1.822040E+01  0.000000E+00
  DP  1.848320E+01  0.000000E+00
  DP  1.874970E+01  0.000000E+00
  DP  1.902010E+01  0.000000E+00
  DP  1.929430E+01  0.000000E+00
  DP  1.957260E+01  0.000000E+00
  DP  1.985480E+01  0.000000E+00
  DP  2.014110E+01  0.000000E+00
  DP  2.043150E+01  0.000000E+00
  DP  2.072620E+01  0.000000E+00
  DP  2.102500E+01  0.000000E+00
  DP  2.132820E+01  0.000000E+00
  DP  2.163580E+01  0.000000E+00
  DP  2.194770E+01  0.000000E+00
  DP  2.226420E+01  0.000000E+00
  DP  2.258530E+01  0.000000E+00
  DP  2.291100E+01  0.000000E+00
  DP  2.324130E+01  0.000000E+00
  DP  2.357650E+01  0.000000E+00
  DP  2.391640E+01  0.000000E+00
  DP  2.426130E+01  0.000000E+00
  DP  2.461120E+01  0.000000E+00
  DP  2.496600E+01  0.000000E+00
  DP  2.532610E+01  0.000000E+00
  DP  2.569130E+01  0.000000E+00
  DP  2.606170E+01  8.060045E-09
  DP  2.643750E+01  2.383640E-08
  DP  2.681880E+01  7.832528E-09
  DP  2.720550E+01  0.000000E+00
  DP  2.759780E+01  7.611437E-09
  DP  2.799570E+01  1.500645E-08
  DP  2.839940E+01  2.958633E-08
  DP  2.880890E+01  0.000000E+00
  DP  2.922440E+01  2.875115E-08
  DP  2.964580E+01  4.251373E-08
  DP  3.007330E+01  1.396981E-08
  DP  3.050690E+01  4.819923E-08
  DP  3.094680E+01  6.112655E-08
  DP  3.139310E+01  1.094444E-07
  DP  3.184580E+01  1.003956E-07
  DP  3.230500E+01  9.103275E-08
  DP  3.277080E+01  1.410534E-07
  DP  3.324340E+01  1.642889E-07
  DP  3.372270E+01  1.868744E-07
  DP  3.420900E+01  2.555506E-07
  DP  3.470230E+01  3.026626E-07
  DP  3.520270E+01  3.110345E-07
  DP  3.571030E+01  3.589519E-07
  DP  3.622530E+01  4.543632E-07
  DP  3.674760E+01  3.964946E-07
  DP  3.727750E+01  5.814504E-07
  DP  3.781510E+01  5.377151E-07
  DP  3.836040E+01  6.631838E-07
  DP  3.891350E+01  9.432501E-07
  DP  3.947460E+01  7.910974E-07
  DP  4.004390E+01  1.053257E-06
  DP  4.062130E+01  1.095505E-06
  DP  4.120700E+01  1.250015E-06
  DP  4.180120E+01  1.307505E-06
  DP  4.240400E+01  1.633581E-06
  DP  4.301550E+01  1.741047E-06
  DP  4.363570E+01  1.883459E-06
  DP  4.426500E+01  1.872704E-06
  DP  4.490330E+01  2.221041E-06
  DP  4.555080E+01  2.296487E-06
  DP  4.620760E+01  2.623858E-06
  DP  4.687390E+01  2.857350E-06
  DP  4.754980E+01  3.301923E-06
  DP  4.823550E+01  3.293358E-06
  DP  4.893100E+01  3.483958E-06
  DP  4.963660E+01  3.911685E-06
  DP  5.035240E+01  4.166568E-06
  DP  5.107850E+01  4.271344E-06
  DP  5.181500E+01  4.564188E-06
  DP  5.256220E+01  4.952048E-06
  DP  5.332010E+01  5.281759E-06
  DP  5.408900E+01  5.446105E-06
  DP  5.486890E+01  5.745442E-06
  DP  5.566010E+01  6.151752E-06
  DP  5.646280E+01  6.598389E-06
  DP  5.727690E+01  6.815987E-06
  DP  5.810290E+01  7.128376E-06
  DP  5.894070E+01  7.353671E-06
  DP  5.979060E+01  7.593647E-06
  DP  6.065280E+01  7.944156E-06
  DP  6.152740E+01  8.214773E-06
  DP  6.241460E+01  8.515681E-06
  DP  6.331460E+01  8.872983E-06
  DP  6.422760E+01  9.202878E-06
  DP  6.515380E+01  9.533525E-06
  DP  6.609330E+01  9.932106E-06
  DP  6.704640E+01  9.878878E-06
  DP  6.801320E+01  1.006914E-05
  DP  6.899390E+01  1.042235E-05
  DP  6.998880E+01  1.096975E-05
  DP  7.099800E+01  1.125703E-05
  DP  7.202180E+01  1.116027E-05
  DP  7.306040E+01  1.159612E-05
  DP  7.411390E+01  1.142683E-05
  DP  7.518260E+01  1.174185E-05
  DP  7.626670E+01  1.201576E-05
  DP  7.736650E+01  1.234390E-05
  DP  7.848210E+01  1.225557E-05
  DP  7.961380E+01  1.251160E-05
  DP  8.076180E+01  1.310463E-05
  DP  8.192640E+01  1.296985E-05
  DP  8.310780E+01  1.299767E-05
  DP  8.430620E+01  1.298957E-05
  DP  8.552190E+01  1.314992E-05
  DP  8.675510E+01  1.325721E-05
  DP  8.800610E+01  1.338806E-05
  DP  8.927510E+01  1.328570E-05
  DP  9.056250E+01  1.340177E-05
  DP  9.186840E+01  1.351975E-05
  DP  9.319310E+01  1.351215E-05
  DP  9.453690E+01  1.393338E-05
  DP  9.590010E+01  1.373626E-05
  DP  9.728300E+01  1.362412E-05
  DP  9.868580E+01  1.367868E-05
  DP  1.001090E+02  1.373759E-05
  DP  1.015520E+02  1.377177E-05
  DP  1.030170E+02  1.379149E-05
  DP  1.045020E+02  1.371921E-05
  DP  1.060090E+02  1.399930E-05
  DP  1.075380E+02  1.398276E-05
  DP  1.090890E+02  1.374938E-05
  DP  1.106620E+02  1.344547E-05
  DP  1.122570E+02  1.354950E-05
  DP  1.138760E+02  1.374520E-05
  DP  1.155180E+02  1.368495E-05
  DP  1.171840E+02  1.344614E-05
  DP  1.188740E+02  1.349118E-05
  DP  1.205880E+02  1.301806E-05
  DP  1.223270E+02  1.341731E-05
  DP  1.240910E+02  1.319780E-05
  DP  1.258800E+02  1.285662E-05
  DP  1.276950E+02  1.276763E-05
  DP  1.295370E+02  1.264739E-05
  DP  1.314040E+02  1.250258E-05
  DP  1.332990E+02  1.213257E-05
  DP  1.352210E+02  1.246456E-05
  DP  1.371710E+02  1.197523E-05
  DP  1.391490E+02  1.212831E-05
  DP  1.411560E+02  1.194874E-05
  DP  1.431910E+02  1.185950E-05
  DP  1.452560E+02  1.187178E-05
  DP  1.473510E+02  1.172422E-05
  DP  1.494750E+02  1.142775E-05
  DP  1.516310E+02  1.123522E-05
  DP  1.538170E+02  1.130399E-05
  DP  1.560350E+02  1.117648E-05
  DP  1.582850E+02  1.316203E-05
  DP  1.605680E+02  1.828735E-05
  DP  1.628830E+02  1.085285E-05
  DP  1.652320E+02  8.831036E-06
  DP  1.676150E+02  8.682717E-06
  DP  1.700320E+02  8.824936E-06
  DP  1.724830E+02  8.740708E-06
  DP  1.749710E+02  8.550442E-06
  DP  1.774940E+02  8.393600E-06
  DP  1.800530E+02  8.456353E-06
  DP  1.826490E+02  8.323242E-06
  DP  1.852830E+02  8.275354E-06
  DP  1.879550E+02  8.110858E-06
  DP  1.906650E+02  7.991167E-06
  DP  1.934150E+02  7.958486E-06
  DP  1.962040E+02  7.992771E-06
  DP  1.990330E+02  7.805680E-06
  DP  2.019030E+02  7.776434E-06
  DP  2.048140E+02  7.688521E-06
  DP  2.077680E+02  7.675226E-06
  DP  2.107640E+02  7.563256E-06
  DP  2.138030E+02  7.439011E-06
  DP  2.168860E+02  7.331569E-06
  DP  2.200130E+02  7.371745E-06
  DP  2.231860E+02  7.218830E-06
  DP  2.264040E+02  7.042393E-06
  DP  2.296690E+02  7.121934E-06
  DP  2.329810E+02  6.919568E-06
  DP  2.363400E+02  6.780341E-06
  DP  2.397480E+02  6.858035E-06
  DP  2.432060E+02  6.783173E-06
  DP  2.467130E+02  6.697708E-06
  DP  2.502700E+02  6.594478E-06
  DP  2.538790E+02  6.470392E-06
  DP  2.575400E+02  6.386105E-06
  DP  2.612540E+02  6.430709E-06
  DP  2.650210E+02  6.327713E-06
  DP  2.688430E+02  6.670601E-06
  DP  2.727190E+02  8.527296E-06
  DP  2.766520E+02  7.428666E-06
  DP  2.806410E+02  5.487568E-06
  DP  2.846880E+02  5.370182E-06
  DP  2.887930E+02  5.266744E-06
  DP  2.929570E+02  5.187579E-06
  DP  2.971820E+02  5.137384E-06
  DP  3.014670E+02  5.131719E-06
  DP  3.058140E+02  5.151656E-06
  DP  3.102240E+02  4.960287E-06
  DP  3.146980E+02  4.938913E-06
  DP  3.192350E+02  4.805025E-06
  DP  3.238390E+02  4.710009E-06
  DP  3.285080E+02  4.704661E-06
  DP  3.332460E+02  4.684656E-06
  DP  3.380510E+02  4.599810E-06
  DP  3.429260E+02  4.561606E-06
  DP  3.478710E+02  4.551044E-06
  DP  3.528870E+02  4.493287E-06
  DP  3.579750E+02  4.413713E-06
  DP  3.631370E+02  4.324337E-06
  DP  3.683740E+02  4.308461E-06
  DP  3.736860E+02  4.235354E-06
  DP  3.790740E+02  4.208490E-06
  DP  3.845400E+02  4.178567E-06
  DP  3.900850E+02  4.117501E-06
  DP  3.957100E+02  4.105210E-06
  DP  4.014170E+02  3.993264E-06
  DP  4.072050E+02  4.004779E-06
  DP  4.130770E+02  3.903262E-06
  DP  4.190330E+02  3.901808E-06
  DP  4.250760E+02  3.750815E-06
  DP  4.312050E+02  3.712587E-06
  DP  4.374230E+02  3.752445E-06
  DP  4.437310E+02  3.648797E-06
  DP  4.501290E+02  3.599597E-06
  DP  4.566200E+02  3.581748E-06
  DP  4.632050E+02  3.588291E-06
  DP  4.698840E+02  3.508424E-06
  DP  4.766600E+02  3.956348E-06
  DP  4.835330E+02  5.855699E-06
  DP  4.905060E+02  5.539567E-06
  DP  4.975790E+02  3.112417E-06
  DP  5.047540E+02  3.130825E-06
  DP  5.120320E+02  3.965497E-06
  DP  5.194160E+02  4.948113E-06
  DP  5.269050E+02  2.852378E-06
  DP  5.345030E+02  2.630903E-06
  DP  5.422110E+02  2.656781E-06
  DP  5.500290E+02  2.566461E-06
  DP  5.579610E+02  2.597462E-06
  DP  5.660070E+02  2.501084E-06
  DP  5.741680E+02  2.496379E-06
  DP  5.824480E+02  2.493421E-06
  DP  5.908470E+02  2.480244E-06
  DP  5.993670E+02  2.454892E-06
  DP  6.080090E+02  2.382721E-06
  DP  6.167770E+02  2.386264E-06
  DP  6.256710E+02  2.369911E-06
  DP  6.346930E+02  2.378434E-06
  DP  6.438450E+02  2.321229E-06
  DP  6.531290E+02  2.307534E-06
  DP  6.625470E+02  2.274920E-06
  DP  6.721010E+02  2.278338E-06
  DP  6.817930E+02  2.303932E-06
  DP  6.916240E+02  2.192814E-06
  DP  7.015970E+02  2.214857E-06
  DP  7.117140E+02  2.216788E-06
  DP  7.219770E+02  2.230433E-06
  DP  7.323880E+02  2.209668E-06
  DP  7.429490E+02  2.768350E-06
  DP  7.536620E+02  5.314456E-06
  DP  7.645300E+02  5.695039E-06
  DP  7.755540E+02  1.932274E-06
  DP  7.867380E+02  1.702100E-06
  DP  7.980820E+02  2.048657E-06
  DP  8.095910E+02  4.291749E-06
  DP  8.212650E+02  9.758636E-06
  DP  8.331070E+02  3.838018E-06
  DP  8.451210E+02  3.095362E-06
  DP  8.573070E+02  6.770999E-06
  DP  8.696700E+02  2.121663E-06
  DP  8.822100E+02  6.380790E-07
  DP  8.949320E+02  5.934354E-07
  DP  9.078360E+02  6.067273E-07
  DP  9.209270E+02  5.611119E-07
  DP  9.342070E+02  5.924102E-07
  DP  9.476780E+02  5.863370E-07
  DP  9.613440E+02  5.778390E-07
  DP  9.752060E+02  5.994426E-07
  DP  9.892680E+02  6.404279E-07
  DP  1.003530E+03  5.702191E-07
  DP  1.018000E+03  5.770050E-07
  DP  1.032680E+03  7.622784E-07
  DP  1.047580E+03  1.342575E-06
  DP  1.062680E+03  8.244571E-07
  DP  1.078000E+03  5.114564E-07
  DP  1.093550E+03  5.046479E-07
  DP  1.109320E+03  4.820032E-07
  DP  1.125310E+03  4.954438E-07
  DP  1.141540E+03  4.864202E-07
  DP  1.158000E+03  4.892712E-07
  DP  1.174700E+03  5.412455E-07
  DP  1.191640E+03  5.879990E-07
  DP  1.208820E+03  5.176758E-07
  DP  1.226250E+03  1.116879E-06
  DP  1.243940E+03  3.439237E-06
  DP  1.261870E+03  3.215597E-06
  DP  1.280070E+03  3.115400E-07
  DP  1.298530E+03  2.203443E-07
  DP  1.317250E+03  2.289000E-07
  DP  1.336250E+03  2.360093E-07
  DP  1.355520E+03  3.085753E-07
  DP  1.375060E+03  4.761339E-07
  DP  1.394890E+03  2.858094E-07
  DP  1.415010E+03  2.084328E-07
  DP  1.435410E+03  2.132225E-07
  DP  1.456110E+03  2.194310E-07
  DP  1.477110E+03  2.128916E-07
  DP  1.498400E+03  2.052108E-07
  DP  1.520010E+03  1.986054E-07
  DP  1.541930E+03  3.587572E-07
  DP  1.564160E+03  1.029726E-06
  DP  1.586720E+03  1.378222E-06
  DP  1.609600E+03  2.048999E-07
  DP  1.632810E+03  1.323231E-07
  DP  1.656360E+03  1.266987E-07
  DP  1.680240E+03  1.233245E-07
  DP  1.704470E+03  1.366532E-07
  DP  1.729050E+03  1.431057E-07
  DP  1.753980E+03  2.981036E-07
  DP  1.779270E+03  8.444321E-07
  DP  1.804930E+03  7.792436E-07
  DP  1.830960E+03  1.329230E-07
  DP  1.857360E+03  8.874905E-08
  DP  1.884140E+03  7.967636E-08
  DP  1.911310E+03  7.884385E-08
  DP  1.938870E+03  8.985873E-08
  DP  1.966830E+03  1.121692E-07
  DP  1.995190E+03  1.733519E-07
  DP  2.023960E+03  3.839222E-07
  DP  2.053150E+03  6.369167E-07
  DP  2.082750E+03  2.233642E-07
  DP  2.112790E+03  5.842463E-08
  DP  2.143250E+03  5.116812E-08
  DP  2.174160E+03  5.431357E-08
  DP  2.205510E+03  6.144265E-08
  DP  2.237310E+03  6.925417E-08
  DP  2.269570E+03  5.328294E-08
  DP  2.302300E+03  5.063810E-08
  DP  2.335500E+03  5.235617E-08
  DP  2.369180E+03  5.218839E-08
  DP  2.403340E+03  5.106701E-08
  DP  2.438000E+03  4.885476E-08
  DP  2.473150E+03  5.058186E-08
  DP  2.508810E+03  5.314172E-08
  DP  2.544990E+03  8.974342E-08
  DP  2.581690E+03  3.829637E-07
  DP  2.618920E+03  9.350027E-07
  DP  2.656680E+03  3.678594E-07
  DP  2.694990E+03  2.435506E-08
  DP  2.733850E+03  2.068385E-08
  DP  2.773270E+03  2.048331E-08
  DP  2.813260E+03  1.918947E-08
  DP  2.853830E+03  1.813945E-08
  DP  2.894980E+03  2.068736E-08
  DP  2.936730E+03  2.210136E-08
  DP  2.979080E+03  3.325888E-08
  DP  3.022030E+03  6.380640E-08
  DP  3.065610E+03  5.170374E-08
  DP  3.109820E+03  2.180924E-08
  DP  3.154660E+03  3.900981E-08
  DP  3.200150E+03  1.599288E-07
  DP  3.246300E+03  3.985000E-07
  DP  3.293110E+03  4.795566E-07
  DP  3.340590E+03  1.080656E-07
  DP  3.388770E+03  6.187324E-09
  DP  3.437630E+03  2.182938E-08
  DP  3.487200E+03  4.462755E-08
  DP  3.537490E+03  1.014209E-08
  DP  3.588500E+03  4.804573E-11
  DP  3.640240E+03  1.475937E-12
  DP  3.692730E+03  4.355321E-14
  DP  3.745980E+03  0.000000E+00
  DP  3.800000E+03  0.000000E+00
  
 EN
