 # final1D_0_1p38_0p6_1p25_core/final1D_0_1p38_0p6_1p25_core_80_100/quickspec.dat                      
 #    1.0000000000000000      =Mpc
  DP  3.000000E+00  0.000000E+00
  DP  3.043260E+00  0.000000E+00
  DP  3.087140E+00  0.000000E+00
  DP  3.131660E+00  0.000000E+00
  DP  3.176820E+00  0.000000E+00
  DP  3.222630E+00  0.000000E+00
  DP  3.269100E+00  0.000000E+00
  DP  3.316240E+00  0.000000E+00
  DP  3.364060E+00  0.000000E+00
  DP  3.412570E+00  0.000000E+00
  DP  3.461780E+00  0.000000E+00
  DP  3.511690E+00  0.000000E+00
  DP  3.562330E+00  0.000000E+00
  DP  3.613700E+00  0.000000E+00
  DP  3.665810E+00  0.000000E+00
  DP  3.718670E+00  0.000000E+00
  DP  3.772290E+00  0.000000E+00
  DP  3.826690E+00  0.000000E+00
  DP  3.881870E+00  0.000000E+00
  DP  3.937850E+00  0.000000E+00
  DP  3.994630E+00  0.000000E+00
  DP  4.052230E+00  0.000000E+00
  DP  4.110660E+00  0.000000E+00
  DP  4.169940E+00  0.000000E+00
  DP  4.230070E+00  0.000000E+00
  DP  4.291070E+00  0.000000E+00
  DP  4.352940E+00  0.000000E+00
  DP  4.415710E+00  0.000000E+00
  DP  4.479390E+00  0.000000E+00
  DP  4.543980E+00  0.000000E+00
  DP  4.609500E+00  0.000000E+00
  DP  4.675970E+00  0.000000E+00
  DP  4.743400E+00  0.000000E+00
  DP  4.811800E+00  0.000000E+00
  DP  4.881180E+00  0.000000E+00
  DP  4.951570E+00  0.000000E+00
  DP  5.022970E+00  0.000000E+00
  DP  5.095400E+00  0.000000E+00
  DP  5.168880E+00  0.000000E+00
  DP  5.243410E+00  0.000000E+00
  DP  5.319020E+00  0.000000E+00
  DP  5.395720E+00  0.000000E+00
  DP  5.473530E+00  0.000000E+00
  DP  5.552450E+00  0.000000E+00
  DP  5.632520E+00  0.000000E+00
  DP  5.713740E+00  0.000000E+00
  DP  5.796130E+00  0.000000E+00
  DP  5.879710E+00  0.000000E+00
  DP  5.964500E+00  0.000000E+00
  DP  6.050500E+00  6.207278E-12
  DP  6.137750E+00  6.119749E-12
  DP  6.226260E+00  5.396729E-10
  DP  6.316040E+00  1.857304E-09
  DP  6.407120E+00  4.315747E-09
  DP  6.499510E+00  9.373591E-09
  DP  6.593230E+00  1.586603E-08
  DP  6.688300E+00  1.601360E-08
  DP  6.784750E+00  4.233842E-09
  DP  6.882580E+00  8.605675E-11
  DP  6.981830E+00  5.608228E-10
  DP  7.082500E+00  9.135529E-10
  DP  7.184630E+00  2.561915E-09
  DP  7.288240E+00  4.724749E-09
  DP  7.393330E+00  2.647456E-09
  DP  7.499940E+00  2.993453E-10
  DP  7.608090E+00  0.000000E+00
  DP  7.717800E+00  0.000000E+00
  DP  7.829090E+00  0.000000E+00
  DP  7.941980E+00  0.000000E+00
  DP  8.056510E+00  0.000000E+00
  DP  8.172680E+00  0.000000E+00
  DP  8.290530E+00  0.000000E+00
  DP  8.410080E+00  0.000000E+00
  DP  8.531350E+00  0.000000E+00
  DP  8.654370E+00  0.000000E+00
  DP  8.779170E+00  0.000000E+00
  DP  8.905760E+00  0.000000E+00
  DP  9.034180E+00  0.000000E+00
  DP  9.164450E+00  0.000000E+00
  DP  9.296600E+00  0.000000E+00
  DP  9.430660E+00  0.000000E+00
  DP  9.566650E+00  0.000000E+00
  DP  9.704600E+00  0.000000E+00
  DP  9.844540E+00  0.000000E+00
  DP  9.986500E+00  0.000000E+00
  DP  1.013050E+01  0.000000E+00
  DP  1.027660E+01  0.000000E+00
  DP  1.042480E+01  0.000000E+00
  DP  1.057510E+01  0.000000E+00
  DP  1.072760E+01  0.000000E+00
  DP  1.088230E+01  0.000000E+00
  DP  1.103920E+01  0.000000E+00
  DP  1.119840E+01  0.000000E+00
  DP  1.135990E+01  0.000000E+00
  DP  1.152370E+01  0.000000E+00
  DP  1.168980E+01  0.000000E+00
  DP  1.185840E+01  0.000000E+00
  DP  1.202940E+01  0.000000E+00
  DP  1.220290E+01  0.000000E+00
  DP  1.237880E+01  0.000000E+00
  DP  1.255730E+01  0.000000E+00
  DP  1.273840E+01  0.000000E+00
  DP  1.292210E+01  0.000000E+00
  DP  1.310840E+01  0.000000E+00
  DP  1.329740E+01  4.999661E-12
  DP  1.348920E+01  0.000000E+00
  DP  1.368370E+01  3.646457E-11
  DP  1.388100E+01  8.402791E-11
  DP  1.408120E+01  4.379738E-10
  DP  1.428420E+01  2.080694E-09
  DP  1.449020E+01  6.557453E-09
  DP  1.469920E+01  1.297436E-08
  DP  1.491110E+01  4.750945E-09
  DP  1.512610E+01  4.896565E-10
  DP  1.534430E+01  3.860095E-11
  DP  1.556550E+01  0.000000E+00
  DP  1.579000E+01  0.000000E+00
  DP  1.601770E+01  0.000000E+00
  DP  1.624860E+01  0.000000E+00
  DP  1.648290E+01  0.000000E+00
  DP  1.672060E+01  0.000000E+00
  DP  1.696170E+01  0.000000E+00
  DP  1.720630E+01  0.000000E+00
  DP  1.745440E+01  0.000000E+00
  DP  1.770610E+01  0.000000E+00
  DP  1.796140E+01  0.000000E+00
  DP  1.822040E+01  0.000000E+00
  DP  1.848320E+01  0.000000E+00
  DP  1.874970E+01  0.000000E+00
  DP  1.902010E+01  0.000000E+00
  DP  1.929430E+01  0.000000E+00
  DP  1.957260E+01  0.000000E+00
  DP  1.985480E+01  0.000000E+00
  DP  2.014110E+01  0.000000E+00
  DP  2.043150E+01  0.000000E+00
  DP  2.072620E+01  0.000000E+00
  DP  2.102500E+01  0.000000E+00
  DP  2.132820E+01  0.000000E+00
  DP  2.163580E+01  0.000000E+00
  DP  2.194770E+01  0.000000E+00
  DP  2.226420E+01  0.000000E+00
  DP  2.258530E+01  0.000000E+00
  DP  2.291100E+01  0.000000E+00
  DP  2.324130E+01  0.000000E+00
  DP  2.357650E+01  0.000000E+00
  DP  2.391640E+01  0.000000E+00
  DP  2.426130E+01  0.000000E+00
  DP  2.461120E+01  0.000000E+00
  DP  2.496600E+01  0.000000E+00
  DP  2.532610E+01  0.000000E+00
  DP  2.569130E+01  0.000000E+00
  DP  2.606170E+01  0.000000E+00
  DP  2.643750E+01  0.000000E+00
  DP  2.681880E+01  0.000000E+00
  DP  2.720550E+01  0.000000E+00
  DP  2.759780E+01  0.000000E+00
  DP  2.799570E+01  0.000000E+00
  DP  2.839940E+01  0.000000E+00
  DP  2.880890E+01  0.000000E+00
  DP  2.922440E+01  0.000000E+00
  DP  2.964580E+01  0.000000E+00
  DP  3.007330E+01  0.000000E+00
  DP  3.050690E+01  0.000000E+00
  DP  3.094680E+01  0.000000E+00
  DP  3.139310E+01  0.000000E+00
  DP  3.184580E+01  0.000000E+00
  DP  3.230500E+01  0.000000E+00
  DP  3.277080E+01  0.000000E+00
  DP  3.324340E+01  0.000000E+00
  DP  3.372270E+01  0.000000E+00
  DP  3.420900E+01  0.000000E+00
  DP  3.470230E+01  0.000000E+00
  DP  3.520270E+01  0.000000E+00
  DP  3.571030E+01  0.000000E+00
  DP  3.622530E+01  4.062878E-09
  DP  3.674760E+01  0.000000E+00
  DP  3.727750E+01  0.000000E+00
  DP  3.781510E+01  0.000000E+00
  DP  3.836040E+01  2.557829E-09
  DP  3.891350E+01  0.000000E+00
  DP  3.947460E+01  2.485625E-09
  DP  4.004390E+01  3.675444E-09
  DP  4.062130E+01  2.415468E-09
  DP  4.120700E+01  5.952821E-09
  DP  4.180120E+01  7.041850E-09
  DP  4.240400E+01  2.313918E-09
  DP  4.301550E+01  2.281020E-09
  DP  4.363570E+01  4.497198E-09
  DP  4.426500E+01  4.433275E-09
  DP  4.490330E+01  5.462817E-09
  DP  4.555080E+01  1.184738E-08
  DP  4.620760E+01  2.017272E-08
  DP  4.687390E+01  1.779268E-08
  DP  4.754980E+01  8.254021E-09
  DP  4.823550E+01  2.949550E-08
  DP  4.893100E+01  2.105519E-08
  DP  4.963660E+01  2.174431E-08
  DP  5.035240E+01  3.218079E-08
  DP  5.107850E+01  3.361668E-08
  DP  5.181500E+01  4.734116E-08
  DP  5.256220E+01  6.066864E-08
  DP  5.332010E+01  5.796606E-08
  DP  5.408900E+01  7.346844E-08
  DP  5.486890E+01  8.225945E-08
  DP  5.566010E+01  8.461618E-08
  DP  5.646280E+01  9.818381E-08
  DP  5.727690E+01  1.139198E-07
  DP  5.810290E+01  1.714049E-07
  DP  5.894070E+01  1.489916E-07
  DP  5.979060E+01  1.714893E-07
  DP  6.065280E+01  2.305253E-07
  DP  6.152740E+01  2.591429E-07
  DP  6.241460E+01  2.967374E-07
  DP  6.331460E+01  3.316379E-07
  DP  6.422760E+01  3.742819E-07
  DP  6.515380E+01  4.352238E-07
  DP  6.609330E+01  4.260681E-07
  DP  6.704640E+01  5.246489E-07
  DP  6.801320E+01  5.432577E-07
  DP  6.899390E+01  6.740967E-07
  DP  6.998880E+01  6.771316E-07
  DP  7.099800E+01  7.911952E-07
  DP  7.202180E+01  8.480669E-07
  DP  7.306040E+01  9.165945E-07
  DP  7.411390E+01  1.013115E-06
  DP  7.518260E+01  1.085828E-06
  DP  7.626670E+01  1.199186E-06
  DP  7.736650E+01  1.368729E-06
  DP  7.848210E+01  1.470313E-06
  DP  7.961380E+01  1.549979E-06
  DP  8.076180E+01  1.696644E-06
  DP  8.192640E+01  1.860488E-06
  DP  8.310780E+01  2.074385E-06
  DP  8.430620E+01  2.200234E-06
  DP  8.552190E+01  2.334799E-06
  DP  8.675510E+01  2.560177E-06
  DP  8.800610E+01  2.708137E-06
  DP  8.927510E+01  2.846897E-06
  DP  9.056250E+01  2.987954E-06
  DP  9.186840E+01  3.264538E-06
  DP  9.319310E+01  3.373224E-06
  DP  9.453690E+01  3.583077E-06
  DP  9.590010E+01  3.736092E-06
  DP  9.728300E+01  3.844168E-06
  DP  9.868580E+01  4.076131E-06
  DP  1.001090E+02  4.390509E-06
  DP  1.015520E+02  4.579287E-06
  DP  1.030170E+02  4.662137E-06
  DP  1.045020E+02  5.067069E-06
  DP  1.060090E+02  5.157414E-06
  DP  1.075380E+02  5.489732E-06
  DP  1.090890E+02  5.633781E-06
  DP  1.106620E+02  5.986680E-06
  DP  1.122570E+02  6.122682E-06
  DP  1.138760E+02  6.516291E-06
  DP  1.155180E+02  6.695218E-06
  DP  1.171840E+02  7.012913E-06
  DP  1.188740E+02  7.336265E-06
  DP  1.205880E+02  8.508578E-06
  DP  1.223270E+02  1.034188E-05
  DP  1.240910E+02  9.195023E-06
  DP  1.258800E+02  7.905752E-06
  DP  1.276950E+02  7.857320E-06
  DP  1.295370E+02  8.097095E-06
  DP  1.314040E+02  8.194251E-06
  DP  1.332990E+02  8.388168E-06
  DP  1.352210E+02  8.606093E-06
  DP  1.371710E+02  8.762935E-06
  DP  1.391490E+02  8.670517E-06
  DP  1.411560E+02  8.574507E-06
  DP  1.431910E+02  8.715974E-06
  DP  1.452560E+02  8.722575E-06
  DP  1.473510E+02  8.819087E-06
  DP  1.494750E+02  8.943926E-06
  DP  1.516310E+02  8.989382E-06
  DP  1.538170E+02  9.099682E-06
  DP  1.560350E+02  9.441024E-06
  DP  1.582850E+02  9.879213E-06
  DP  1.605680E+02  9.425983E-06
  DP  1.628830E+02  9.181905E-06
  DP  1.652320E+02  9.330725E-06
  DP  1.676150E+02  9.509209E-06
  DP  1.700320E+02  9.942384E-06
  DP  1.724830E+02  1.017125E-05
  DP  1.749710E+02  1.022975E-05
  DP  1.774940E+02  1.032768E-05
  DP  1.800530E+02  1.025891E-05
  DP  1.826490E+02  1.026860E-05
  DP  1.852830E+02  1.024771E-05
  DP  1.879550E+02  1.040681E-05
  DP  1.906650E+02  1.035734E-05
  DP  1.934150E+02  1.063535E-05
  DP  1.962040E+02  1.121291E-05
  DP  1.990330E+02  1.150963E-05
  DP  2.019030E+02  1.156370E-05
  DP  2.048140E+02  1.161826E-05
  DP  2.077680E+02  1.165645E-05
  DP  2.107640E+02  1.173859E-05
  DP  2.138030E+02  1.198576E-05
  DP  2.168860E+02  1.189368E-05
  DP  2.200130E+02  1.170792E-05
  DP  2.231860E+02  1.152935E-05
  DP  2.264040E+02  1.156428E-05
  DP  2.296690E+02  1.136959E-05
  DP  2.329810E+02  1.134235E-05
  DP  2.363400E+02  1.114222E-05
  DP  2.397480E+02  1.103109E-05
  DP  2.432060E+02  1.091686E-05
  DP  2.467130E+02  1.065381E-05
  DP  2.502700E+02  1.058772E-05
  DP  2.538790E+02  1.037188E-05
  DP  2.575400E+02  1.020460E-05
  DP  2.612540E+02  1.013725E-05
  DP  2.650210E+02  1.004073E-05
  DP  2.688430E+02  9.902108E-06
  DP  2.727190E+02  9.869770E-06
  DP  2.766520E+02  9.508123E-06
  DP  2.806410E+02  9.403338E-06
  DP  2.846880E+02  9.274238E-06
  DP  2.887930E+02  9.105531E-06
  DP  2.929570E+02  8.983199E-06
  DP  2.971820E+02  8.880420E-06
  DP  3.014670E+02  8.743716E-06
  DP  3.058140E+02  8.589966E-06
  DP  3.102240E+02  8.478162E-06
  DP  3.146980E+02  8.369618E-06
  DP  3.192350E+02  8.277017E-06
  DP  3.238390E+02  8.189095E-06
  DP  3.285080E+02  8.133135E-06
  DP  3.332460E+02  8.036665E-06
  DP  3.380510E+02  7.904306E-06
  DP  3.429260E+02  7.802605E-06
  DP  3.478710E+02  7.675694E-06
  DP  3.528870E+02  7.624355E-06
  DP  3.579750E+02  7.509803E-06
  DP  3.631370E+02  7.459416E-06
  DP  3.683740E+02  7.415079E-06
  DP  3.736860E+02  7.287090E-06
  DP  3.790740E+02  7.262315E-06
  DP  3.845400E+02  7.161516E-06
  DP  3.900850E+02  7.143133E-06
  DP  3.957100E+02  7.064486E-06
  DP  4.014170E+02  7.047465E-06
  DP  4.072050E+02  7.030076E-06
  DP  4.130770E+02  6.862906E-06
  DP  4.190330E+02  6.856389E-06
  DP  4.250760E+02  6.802743E-06
  DP  4.312050E+02  6.726194E-06
  DP  4.374230E+02  6.680846E-06
  DP  4.437310E+02  6.635548E-06
  DP  4.501290E+02  6.597194E-06
  DP  4.566200E+02  6.562115E-06
  DP  4.632050E+02  6.507417E-06
  DP  4.698840E+02  6.502111E-06
  DP  4.766600E+02  6.581568E-06
  DP  4.835330E+02  6.535485E-06
  DP  4.905060E+02  6.571909E-06
  DP  4.975790E+02  1.322621E-05
  DP  5.047540E+02  3.962214E-05
  DP  5.120320E+02  5.800968E-05
  DP  5.194160E+02  2.399617E-05
  DP  5.269050E+02  4.813088E-06
  DP  5.345030E+02  4.356165E-06
  DP  5.422110E+02  4.337172E-06
  DP  5.500290E+02  4.308152E-06
  DP  5.579610E+02  4.292936E-06
  DP  5.660070E+02  4.262152E-06
  DP  5.741680E+02  4.212350E-06
  DP  5.824480E+02  4.181843E-06
  DP  5.908470E+02  4.204571E-06
  DP  5.993670E+02  4.136094E-06
  DP  6.080090E+02  4.165699E-06
  DP  6.167770E+02  4.123835E-06
  DP  6.256710E+02  4.118822E-06
  DP  6.346930E+02  4.084771E-06
  DP  6.438450E+02  4.055709E-06
  DP  6.531290E+02  4.057514E-06
  DP  6.625470E+02  4.059670E-06
  DP  6.721010E+02  3.987282E-06
  DP  6.817930E+02  4.013010E-06
  DP  6.916240E+02  4.010812E-06
  DP  7.015970E+02  4.041403E-06
  DP  7.117140E+02  3.992362E-06
  DP  7.219770E+02  4.103798E-06
  DP  7.323880E+02  4.245215E-06
  DP  7.429490E+02  4.191419E-06
  DP  7.536620E+02  4.105009E-06
  DP  7.645300E+02  4.032546E-06
  DP  7.755540E+02  4.082364E-06
  DP  7.867380E+02  4.255969E-06
  DP  7.980820E+02  4.188202E-06
  DP  8.095910E+02  4.251222E-06
  DP  8.212650E+02  1.091218E-05
  DP  8.331070E+02  5.159553E-05
  DP  8.451210E+02  9.844284E-05
  DP  8.573070E+02  5.610852E-05
  DP  8.696700E+02  4.783700E-06
  DP  8.822100E+02  1.619409E-06
  DP  8.949320E+02  1.619100E-06
  DP  9.078360E+02  1.607928E-06
  DP  9.209270E+02  1.600658E-06
  DP  9.342070E+02  1.588985E-06
  DP  9.476780E+02  1.655883E-06
  DP  9.613440E+02  2.178734E-06
  DP  9.752060E+02  2.797479E-06
  DP  9.892680E+02  2.265787E-06
  DP  1.003530E+03  2.083359E-06
  DP  1.018000E+03  6.124253E-06
  DP  1.032680E+03  1.265274E-05
  DP  1.047580E+03  9.495756E-06
  DP  1.062680E+03  2.182821E-06
  DP  1.078000E+03  1.287893E-06
  DP  1.093550E+03  1.287233E-06
  DP  1.109320E+03  1.314532E-06
  DP  1.125310E+03  1.363799E-06
  DP  1.141540E+03  1.600683E-06
  DP  1.158000E+03  2.388412E-06
  DP  1.174700E+03  2.946041E-06
  DP  1.191640E+03  2.612135E-06
  DP  1.208820E+03  1.341530E-05
  DP  1.226250E+03  4.201646E-05
  DP  1.243940E+03  4.390266E-05
  DP  1.261870E+03  9.985501E-06
  DP  1.280070E+03  4.710359E-07
  DP  1.298530E+03  3.820989E-07
  DP  1.317250E+03  5.728095E-07
  DP  1.336250E+03  1.796205E-06
  DP  1.355520E+03  3.234047E-06
  DP  1.375060E+03  2.022294E-06
  DP  1.394890E+03  4.461961E-07
  DP  1.415010E+03  3.748985E-07
  DP  1.435410E+03  4.503523E-07
  DP  1.456110E+03  4.078095E-07
  DP  1.477110E+03  3.250316E-07
  DP  1.498400E+03  3.108440E-07
  DP  1.520010E+03  3.167984E-07
  DP  1.541930E+03  3.259173E-07
  DP  1.564160E+03  3.326832E-07
  DP  1.586720E+03  3.177184E-07
  DP  1.609600E+03  3.093491E-07
  DP  1.632810E+03  3.080004E-07
  DP  1.656360E+03  3.123890E-07
  DP  1.680240E+03  3.103342E-07
  DP  1.704470E+03  4.167662E-07
  DP  1.729050E+03  2.479768E-06
  DP  1.753980E+03  7.676329E-06
  DP  1.779270E+03  8.148426E-06
  DP  1.804930E+03  2.281388E-06
  DP  1.830960E+03  3.460662E-07
  DP  1.857360E+03  1.905911E-07
  DP  1.884140E+03  1.852291E-07
  DP  1.911310E+03  2.473442E-07
  DP  1.938870E+03  4.751972E-07
  DP  1.966830E+03  1.113896E-06
  DP  1.995190E+03  3.314457E-06
  DP  2.023960E+03  5.330500E-06
  DP  2.053150E+03  2.996260E-06
  DP  2.082750E+03  3.946003E-07
  DP  2.112790E+03  1.119578E-07
  DP  2.143250E+03  1.196846E-07
  DP  2.174160E+03  1.920175E-07
  DP  2.205510E+03  2.688041E-07
  DP  2.237310E+03  1.944040E-07
  DP  2.269570E+03  1.150947E-07
  DP  2.302300E+03  1.085427E-07
  DP  2.335500E+03  1.055872E-07
  DP  2.369180E+03  1.064069E-07
  DP  2.403340E+03  1.088436E-07
  DP  2.438000E+03  1.056257E-07
  DP  2.473150E+03  1.102866E-07
  DP  2.508810E+03  3.935934E-07
  DP  2.544990E+03  2.914346E-06
  DP  2.581690E+03  6.728492E-06
  DP  2.618920E+03  4.708872E-06
  DP  2.656680E+03  6.187600E-07
  DP  2.694990E+03  4.159089E-08
  DP  2.733850E+03  4.029605E-08
  DP  2.773270E+03  3.970912E-08
  DP  2.813260E+03  3.858591E-08
  DP  2.853830E+03  3.932458E-08
  DP  2.894980E+03  4.445341E-08
  DP  2.936730E+03  1.328537E-07
  DP  2.979080E+03  3.488813E-07
  DP  3.022030E+03  3.435677E-07
  DP  3.065610E+03  1.069509E-07
  DP  3.109820E+03  1.857939E-07
  DP  3.154660E+03  1.011276E-06
  DP  3.200150E+03  2.752833E-06
  DP  3.246300E+03  3.485470E-06
  DP  3.293110E+03  1.655632E-06
  DP  3.340590E+03  1.644995E-07
  DP  3.388770E+03  1.495573E-07
  DP  3.437630E+03  2.773640E-07
  DP  3.487200E+03  1.561510E-07
  DP  3.537490E+03  1.307455E-08
  DP  3.588500E+03  5.181237E-11
  DP  3.640240E+03  6.185887E-13
  DP  3.692730E+03  1.017042E-14
  DP  3.745980E+03  0.000000E+00
  DP  3.800000E+03  0.000000E+00
  
 EN
