 # final1D_0_1p38_0p6_1p25_core/final1D_0_1p38_0p6_1p25_core_10_100/quickspec.dat                      
 #    1.0000000000000000      =Mpc
  DP  3.000000E+00  0.000000E+00
  DP  3.043260E+00  0.000000E+00
  DP  3.087140E+00  0.000000E+00
  DP  3.131660E+00  0.000000E+00
  DP  3.176820E+00  0.000000E+00
  DP  3.222630E+00  0.000000E+00
  DP  3.269100E+00  0.000000E+00
  DP  3.316240E+00  0.000000E+00
  DP  3.364060E+00  0.000000E+00
  DP  3.412570E+00  0.000000E+00
  DP  3.461780E+00  0.000000E+00
  DP  3.511690E+00  0.000000E+00
  DP  3.562330E+00  0.000000E+00
  DP  3.613700E+00  0.000000E+00
  DP  3.665810E+00  0.000000E+00
  DP  3.718670E+00  0.000000E+00
  DP  3.772290E+00  0.000000E+00
  DP  3.826690E+00  0.000000E+00
  DP  3.881870E+00  0.000000E+00
  DP  3.937850E+00  0.000000E+00
  DP  3.994630E+00  0.000000E+00
  DP  4.052230E+00  0.000000E+00
  DP  4.110660E+00  0.000000E+00
  DP  4.169940E+00  0.000000E+00
  DP  4.230070E+00  0.000000E+00
  DP  4.291070E+00  0.000000E+00
  DP  4.352940E+00  0.000000E+00
  DP  4.415710E+00  0.000000E+00
  DP  4.479390E+00  0.000000E+00
  DP  4.543980E+00  0.000000E+00
  DP  4.609500E+00  0.000000E+00
  DP  4.675970E+00  0.000000E+00
  DP  4.743400E+00  0.000000E+00
  DP  4.811800E+00  0.000000E+00
  DP  4.881180E+00  0.000000E+00
  DP  4.951570E+00  0.000000E+00
  DP  5.022970E+00  0.000000E+00
  DP  5.095400E+00  0.000000E+00
  DP  5.168880E+00  0.000000E+00
  DP  5.243410E+00  0.000000E+00
  DP  5.319020E+00  0.000000E+00
  DP  5.395720E+00  0.000000E+00
  DP  5.473530E+00  0.000000E+00
  DP  5.552450E+00  0.000000E+00
  DP  5.632520E+00  0.000000E+00
  DP  5.713740E+00  0.000000E+00
  DP  5.796130E+00  0.000000E+00
  DP  5.879710E+00  0.000000E+00
  DP  5.964500E+00  0.000000E+00
  DP  6.050500E+00  0.000000E+00
  DP  6.137750E+00  0.000000E+00
  DP  6.226260E+00  0.000000E+00
  DP  6.316040E+00  0.000000E+00
  DP  6.407120E+00  0.000000E+00
  DP  6.499510E+00  0.000000E+00
  DP  6.593230E+00  0.000000E+00
  DP  6.688300E+00  0.000000E+00
  DP  6.784750E+00  0.000000E+00
  DP  6.882580E+00  0.000000E+00
  DP  6.981830E+00  0.000000E+00
  DP  7.082500E+00  0.000000E+00
  DP  7.184630E+00  1.552185E-10
  DP  7.288240E+00  2.040159E-10
  DP  7.393330E+00  0.000000E+00
  DP  7.499940E+00  0.000000E+00
  DP  7.608090E+00  0.000000E+00
  DP  7.717800E+00  0.000000E+00
  DP  7.829090E+00  0.000000E+00
  DP  7.941980E+00  0.000000E+00
  DP  8.056510E+00  4.613572E-11
  DP  8.172680E+00  4.548002E-11
  DP  8.290530E+00  0.000000E+00
  DP  8.410080E+00  0.000000E+00
  DP  8.531350E+00  0.000000E+00
  DP  8.654370E+00  0.000000E+00
  DP  8.779170E+00  0.000000E+00
  DP  8.905760E+00  0.000000E+00
  DP  9.034180E+00  0.000000E+00
  DP  9.164450E+00  0.000000E+00
  DP  9.296600E+00  0.000000E+00
  DP  9.430660E+00  0.000000E+00
  DP  9.566650E+00  0.000000E+00
  DP  9.704600E+00  0.000000E+00
  DP  9.844540E+00  0.000000E+00
  DP  9.986500E+00  0.000000E+00
  DP  1.013050E+01  0.000000E+00
  DP  1.027660E+01  0.000000E+00
  DP  1.042480E+01  0.000000E+00
  DP  1.057510E+01  0.000000E+00
  DP  1.072760E+01  0.000000E+00
  DP  1.088230E+01  0.000000E+00
  DP  1.103920E+01  0.000000E+00
  DP  1.119840E+01  0.000000E+00
  DP  1.135990E+01  0.000000E+00
  DP  1.152370E+01  0.000000E+00
  DP  1.168980E+01  0.000000E+00
  DP  1.185840E+01  0.000000E+00
  DP  1.202940E+01  0.000000E+00
  DP  1.220290E+01  0.000000E+00
  DP  1.237880E+01  0.000000E+00
  DP  1.255730E+01  0.000000E+00
  DP  1.273840E+01  0.000000E+00
  DP  1.292210E+01  0.000000E+00
  DP  1.310840E+01  0.000000E+00
  DP  1.329740E+01  0.000000E+00
  DP  1.348920E+01  0.000000E+00
  DP  1.368370E+01  0.000000E+00
  DP  1.388100E+01  0.000000E+00
  DP  1.408120E+01  0.000000E+00
  DP  1.428420E+01  0.000000E+00
  DP  1.449020E+01  0.000000E+00
  DP  1.469920E+01  2.529010E-11
  DP  1.491110E+01  0.000000E+00
  DP  1.512610E+01  2.457440E-11
  DP  1.534430E+01  0.000000E+00
  DP  1.556550E+01  0.000000E+00
  DP  1.579000E+01  0.000000E+00
  DP  1.601770E+01  0.000000E+00
  DP  1.624860E+01  0.000000E+00
  DP  1.648290E+01  0.000000E+00
  DP  1.672060E+01  0.000000E+00
  DP  1.696170E+01  0.000000E+00
  DP  1.720630E+01  0.000000E+00
  DP  1.745440E+01  0.000000E+00
  DP  1.770610E+01  0.000000E+00
  DP  1.796140E+01  0.000000E+00
  DP  1.822040E+01  0.000000E+00
  DP  1.848320E+01  0.000000E+00
  DP  1.874970E+01  0.000000E+00
  DP  1.902010E+01  0.000000E+00
  DP  1.929430E+01  0.000000E+00
  DP  1.957260E+01  0.000000E+00
  DP  1.985480E+01  0.000000E+00
  DP  2.014110E+01  0.000000E+00
  DP  2.043150E+01  0.000000E+00
  DP  2.072620E+01  0.000000E+00
  DP  2.102500E+01  0.000000E+00
  DP  2.132820E+01  0.000000E+00
  DP  2.163580E+01  0.000000E+00
  DP  2.194770E+01  0.000000E+00
  DP  2.226420E+01  0.000000E+00
  DP  2.258530E+01  0.000000E+00
  DP  2.291100E+01  0.000000E+00
  DP  2.324130E+01  0.000000E+00
  DP  2.357650E+01  0.000000E+00
  DP  2.391640E+01  0.000000E+00
  DP  2.426130E+01  0.000000E+00
  DP  2.461120E+01  0.000000E+00
  DP  2.496600E+01  1.944842E-08
  DP  2.532610E+01  2.173955E-08
  DP  2.569130E+01  1.889943E-08
  DP  2.606170E+01  0.000000E+00
  DP  2.643750E+01  5.285185E-10
  DP  2.681880E+01  0.000000E+00
  DP  2.720550E+01  3.512502E-10
  DP  2.759780E+01  1.559614E-09
  DP  2.799570E+01  4.641339E-08
  DP  2.839940E+01  3.569691E-08
  DP  2.880890E+01  0.000000E+00
  DP  2.922440E+01  8.092157E-08
  DP  2.964580E+01  1.644753E-08
  DP  3.007330E+01  7.896109E-08
  DP  3.050690E+01  4.874563E-08
  DP  3.094680E+01  7.730802E-08
  DP  3.139310E+01  2.354770E-08
  DP  3.184580E+01  6.210386E-08
  DP  3.230500E+01  9.282344E-08
  DP  3.277080E+01  5.871275E-08
  DP  3.324340E+01  1.162486E-07
  DP  3.372270E+01  1.892583E-07
  DP  3.420900E+01  1.366941E-07
  DP  3.470230E+01  1.806274E-07
  DP  3.520270E+01  2.177222E-07
  DP  3.571030E+01  2.810857E-07
  DP  3.622530E+01  2.581702E-07
  DP  3.674760E+01  3.625784E-07
  DP  3.727750E+01  3.190153E-07
  DP  3.781510E+01  3.784047E-07
  DP  3.836040E+01  4.852679E-07
  DP  3.891350E+01  4.609787E-07
  DP  3.947460E+01  4.242006E-07
  DP  4.004390E+01  3.458238E-07
  DP  4.062130E+01  6.383882E-07
  DP  4.120700E+01  6.905714E-07
  DP  4.180120E+01  6.221375E-07
  DP  4.240400E+01  7.881076E-07
  DP  4.301550E+01  5.861315E-07
  DP  4.363570E+01  8.822680E-07
  DP  4.426500E+01  8.148919E-07
  DP  4.490330E+01  9.264545E-07
  DP  4.555080E+01  9.655188E-07
  DP  4.620760E+01  9.541129E-07
  DP  4.687390E+01  8.466213E-07
  DP  4.754980E+01  9.903696E-07
  DP  4.823550E+01  1.149986E-06
  DP  4.893100E+01  9.151405E-07
  DP  4.963660E+01  9.168284E-07
  DP  5.035240E+01  1.379107E-06
  DP  5.107850E+01  1.248211E-06
  DP  5.181500E+01  1.364092E-06
  DP  5.256220E+01  1.172915E-06
  DP  5.332010E+01  1.513204E-06
  DP  5.408900E+01  1.347238E-06
  DP  5.486890E+01  1.436630E-06
  DP  5.566010E+01  1.484117E-06
  DP  5.646280E+01  1.336659E-06
  DP  5.727690E+01  1.466227E-06
  DP  5.810290E+01  1.712854E-06
  DP  5.894070E+01  1.800450E-06
  DP  5.979060E+01  1.574562E-06
  DP  6.065280E+01  1.716414E-06
  DP  6.152740E+01  1.673899E-06
  DP  6.241460E+01  1.695490E-06
  DP  6.331460E+01  1.881512E-06
  DP  6.422760E+01  1.744866E-06
  DP  6.515380E+01  1.723107E-06
  DP  6.609330E+01  1.787532E-06
  DP  6.704640E+01  1.818833E-06
  DP  6.801320E+01  1.738465E-06
  DP  6.899390E+01  1.684469E-06
  DP  6.998880E+01  1.576100E-06
  DP  7.099800E+01  1.598227E-06
  DP  7.202180E+01  1.766224E-06
  DP  7.306040E+01  1.866454E-06
  DP  7.411390E+01  1.655248E-06
  DP  7.518260E+01  1.577479E-06
  DP  7.626670E+01  1.873331E-06
  DP  7.736650E+01  1.494612E-06
  DP  7.848210E+01  1.618548E-06
  DP  7.961380E+01  1.660537E-06
  DP  8.076180E+01  1.670456E-06
  DP  8.192640E+01  1.620103E-06
  DP  8.310780E+01  1.710957E-06
  DP  8.430620E+01  1.656577E-06
  DP  8.552190E+01  1.698666E-06
  DP  8.675510E+01  1.460269E-06
  DP  8.800610E+01  1.547807E-06
  DP  8.927510E+01  1.533083E-06
  DP  9.056250E+01  1.540754E-06
  DP  9.186840E+01  1.509829E-06
  DP  9.319310E+01  1.569783E-06
  DP  9.453690E+01  1.442855E-06
  DP  9.590010E+01  1.582943E-06
  DP  9.728300E+01  1.359847E-06
  DP  9.868580E+01  1.473463E-06
  DP  1.001090E+02  1.419993E-06
  DP  1.015520E+02  1.387121E-06
  DP  1.030170E+02  1.441092E-06
  DP  1.045020E+02  1.151640E-06
  DP  1.060090E+02  1.300745E-06
  DP  1.075380E+02  1.271549E-06
  DP  1.090890E+02  1.458297E-06
  DP  1.106620E+02  1.214970E-06
  DP  1.122570E+02  1.237573E-06
  DP  1.138760E+02  1.119227E-06
  DP  1.155180E+02  1.171494E-06
  DP  1.171840E+02  1.181095E-06
  DP  1.188740E+02  1.207099E-06
  DP  1.205880E+02  1.105624E-06
  DP  1.223270E+02  1.076612E-06
  DP  1.240910E+02  1.050048E-06
  DP  1.258800E+02  1.049772E-06
  DP  1.276950E+02  9.297969E-07
  DP  1.295370E+02  1.017209E-06
  DP  1.314040E+02  9.767493E-07
  DP  1.332990E+02  9.434506E-07
  DP  1.352210E+02  9.540460E-07
  DP  1.371710E+02  1.004775E-06
  DP  1.391490E+02  9.620678E-07
  DP  1.411560E+02  9.415622E-07
  DP  1.431910E+02  8.964231E-07
  DP  1.452560E+02  9.078959E-07
  DP  1.473510E+02  9.047039E-07
  DP  1.494750E+02  8.834880E-07
  DP  1.516310E+02  8.559633E-07
  DP  1.538170E+02  8.270842E-07
  DP  1.560350E+02  8.601079E-07
  DP  1.582850E+02  7.803884E-07
  DP  1.605680E+02  9.151238E-07
  DP  1.628830E+02  1.002243E-06
  DP  1.652320E+02  6.922994E-07
  DP  1.676150E+02  6.793201E-07
  DP  1.700320E+02  6.156440E-07
  DP  1.724830E+02  6.481388E-07
  DP  1.749710E+02  6.641548E-07
  DP  1.774940E+02  6.069839E-07
  DP  1.800530E+02  6.422395E-07
  DP  1.826490E+02  5.595176E-07
  DP  1.852830E+02  5.350780E-07
  DP  1.879550E+02  6.374674E-07
  DP  1.906650E+02  5.070887E-07
  DP  1.934150E+02  5.217134E-07
  DP  1.962040E+02  5.983697E-07
  DP  1.990330E+02  4.895512E-07
  DP  2.019030E+02  5.757742E-07
  DP  2.048140E+02  5.121190E-07
  DP  2.077680E+02  5.141688E-07
  DP  2.107640E+02  4.836234E-07
  DP  2.138030E+02  5.140693E-07
  DP  2.168860E+02  4.861260E-07
  DP  2.200130E+02  4.699121E-07
  DP  2.231860E+02  5.328879E-07
  DP  2.264040E+02  4.381885E-07
  DP  2.296690E+02  4.674855E-07
  DP  2.329810E+02  3.819393E-07
  DP  2.363400E+02  4.463958E-07
  DP  2.397480E+02  4.182336E-07
  DP  2.432060E+02  4.073507E-07
  DP  2.467130E+02  4.609929E-07
  DP  2.502700E+02  4.010511E-07
  DP  2.538790E+02  4.045840E-07
  DP  2.575400E+02  3.973419E-07
  DP  2.612540E+02  3.675703E-07
  DP  2.650210E+02  4.008731E-07
  DP  2.688430E+02  4.068393E-07
  DP  2.727190E+02  4.001888E-07
  DP  2.766520E+02  4.511846E-07
  DP  2.806410E+02  3.845815E-07
  DP  2.846880E+02  3.566089E-07
  DP  2.887930E+02  3.577462E-07
  DP  2.929570E+02  3.752570E-07
  DP  2.971820E+02  3.105498E-07
  DP  3.014670E+02  3.242871E-07
  DP  3.058140E+02  2.848535E-07
  DP  3.102240E+02  3.226460E-07
  DP  3.146980E+02  3.121751E-07
  DP  3.192350E+02  3.010282E-07
  DP  3.238390E+02  3.403841E-07
  DP  3.285080E+02  2.715449E-07
  DP  3.332460E+02  3.264387E-07
  DP  3.380510E+02  2.720195E-07
  DP  3.429260E+02  2.842117E-07
  DP  3.478710E+02  3.014518E-07
  DP  3.528870E+02  2.529686E-07
  DP  3.579750E+02  2.864962E-07
  DP  3.631370E+02  3.179516E-07
  DP  3.683740E+02  2.703316E-07
  DP  3.736860E+02  2.461217E-07
  DP  3.790740E+02  2.573330E-07
  DP  3.845400E+02  2.790285E-07
  DP  3.900850E+02  2.568517E-07
  DP  3.957100E+02  2.656422E-07
  DP  4.014170E+02  2.528608E-07
  DP  4.072050E+02  2.778353E-07
  DP  4.130770E+02  2.607840E-07
  DP  4.190330E+02  2.529971E-07
  DP  4.250760E+02  2.649069E-07
  DP  4.312050E+02  2.347367E-07
  DP  4.374230E+02  2.429607E-07
  DP  4.437310E+02  2.450472E-07
  DP  4.501290E+02  2.201546E-07
  DP  4.566200E+02  2.072413E-07
  DP  4.632050E+02  2.372251E-07
  DP  4.698840E+02  1.967879E-07
  DP  4.766600E+02  2.351002E-07
  DP  4.835330E+02  2.929755E-07
  DP  4.905060E+02  3.222758E-07
  DP  4.975790E+02  2.161538E-07
  DP  5.047540E+02  1.641995E-07
  DP  5.120320E+02  1.819803E-07
  DP  5.194160E+02  2.005063E-07
  DP  5.269050E+02  1.778958E-07
  DP  5.345030E+02  1.701833E-07
  DP  5.422110E+02  1.662593E-07
  DP  5.500290E+02  1.721845E-07
  DP  5.579610E+02  1.558978E-07
  DP  5.660070E+02  1.723483E-07
  DP  5.741680E+02  1.560416E-07
  DP  5.824480E+02  1.557057E-07
  DP  5.908470E+02  1.492231E-07
  DP  5.993670E+02  1.576334E-07
  DP  6.080090E+02  1.589210E-07
  DP  6.167770E+02  1.525195E-07
  DP  6.256710E+02  1.500537E-07
  DP  6.346930E+02  1.489916E-07
  DP  6.438450E+02  1.690109E-07
  DP  6.531290E+02  1.415155E-07
  DP  6.625470E+02  1.483624E-07
  DP  6.721010E+02  1.502250E-07
  DP  6.817930E+02  1.407041E-07
  DP  6.916240E+02  1.364534E-07
  DP  7.015970E+02  1.285462E-07
  DP  7.117140E+02  1.428249E-07
  DP  7.219770E+02  1.073094E-07
  DP  7.323880E+02  1.131561E-07
  DP  7.429490E+02  1.410760E-07
  DP  7.536620E+02  1.795829E-07
  DP  7.645300E+02  3.592720E-07
  DP  7.755540E+02  1.842080E-07
  DP  7.867380E+02  9.856986E-08
  DP  7.980820E+02  9.298972E-08
  DP  8.095910E+02  1.454445E-07
  DP  8.212650E+02  3.170190E-07
  DP  8.331070E+02  4.541903E-07
  DP  8.451210E+02  9.339332E-08
  DP  8.573070E+02  9.292120E-08
  DP  8.696700E+02  9.435927E-08
  DP  8.822100E+02  4.255768E-08
  DP  8.949320E+02  2.674496E-08
  DP  9.078360E+02  3.396103E-08
  DP  9.209270E+02  2.530154E-08
  DP  9.342070E+02  3.532916E-08
  DP  9.476780E+02  3.168243E-08
  DP  9.613440E+02  2.979281E-08
  DP  9.752060E+02  2.886663E-08
  DP  9.892680E+02  2.862882E-08
  DP  1.003530E+03  3.430363E-08
  DP  1.018000E+03  3.044566E-08
  DP  1.032680E+03  3.021370E-08
  DP  1.047580E+03  3.472134E-08
  DP  1.062680E+03  4.278455E-08
  DP  1.078000E+03  2.980760E-08
  DP  1.093550E+03  2.456045E-08
  DP  1.109320E+03  2.425997E-08
  DP  1.125310E+03  3.065757E-08
  DP  1.141540E+03  2.632916E-08
  DP  1.158000E+03  2.419688E-08
  DP  1.174700E+03  2.590242E-08
  DP  1.191640E+03  2.584268E-08
  DP  1.208820E+03  2.837613E-08
  DP  1.226250E+03  2.889195E-08
  DP  1.243940E+03  4.663725E-08
  DP  1.261870E+03  9.440606E-08
  DP  1.280070E+03  3.009638E-08
  DP  1.298530E+03  1.733184E-08
  DP  1.317250E+03  1.331085E-08
  DP  1.336250E+03  1.780755E-08
  DP  1.355520E+03  1.287166E-08
  DP  1.375060E+03  2.050261E-08
  DP  1.394890E+03  2.174164E-08
  DP  1.415010E+03  1.585058E-08
  DP  1.435410E+03  1.551893E-08
  DP  1.456110E+03  1.531847E-08
  DP  1.477110E+03  1.793607E-08
  DP  1.498400E+03  1.344363E-08
  DP  1.520010E+03  1.418840E-08
  DP  1.541930E+03  1.892266E-08
  DP  1.564160E+03  3.619927E-08
  DP  1.586720E+03  1.291060E-07
  DP  1.609600E+03  4.718523E-08
  DP  1.632810E+03  8.832039E-09
  DP  1.656360E+03  6.447020E-09
  DP  1.680240E+03  6.518622E-09
  DP  1.704470E+03  8.583532E-09
  DP  1.729050E+03  7.432000E-09
  DP  1.753980E+03  6.295634E-09
  DP  1.779270E+03  1.466219E-08
  DP  1.804930E+03  2.733631E-08
  DP  1.830960E+03  1.102858E-08
  DP  1.857360E+03  5.338371E-09
  DP  1.884140E+03  5.181863E-09
  DP  1.911310E+03  6.055391E-09
  DP  1.938870E+03  4.030549E-09
  DP  1.966830E+03  5.615623E-09
  DP  1.995190E+03  6.004344E-09
  DP  2.023960E+03  6.944912E-09
  DP  2.053150E+03  1.365094E-08
  DP  2.082750E+03  1.743713E-08
  DP  2.112790E+03  3.985552E-09
  DP  2.143250E+03  2.973214E-09
  DP  2.174160E+03  1.788334E-09
  DP  2.205510E+03  3.352819E-09
  DP  2.237310E+03  4.778920E-09
  DP  2.269570E+03  4.284772E-09
  DP  2.302300E+03  1.717300E-09
  DP  2.335500E+03  3.688847E-09
  DP  2.369180E+03  4.100171E-09
  DP  2.403340E+03  2.236884E-09
  DP  2.438000E+03  4.251766E-09
  DP  2.473150E+03  2.857208E-09
  DP  2.508810E+03  3.131778E-09
  DP  2.544990E+03  3.655707E-09
  DP  2.581690E+03  4.883203E-09
  DP  2.618920E+03  1.580938E-08
  DP  2.656680E+03  2.734601E-08
  DP  2.694990E+03  2.356567E-09
  DP  2.733850E+03  1.286640E-09
  DP  2.773270E+03  8.798114E-10
  DP  2.813260E+03  1.588834E-09
  DP  2.853830E+03  1.062022E-09
  DP  2.894980E+03  1.006948E-09
  DP  2.936730E+03  3.335397E-10
  DP  2.979080E+03  6.568616E-10
  DP  3.022030E+03  1.987391E-09
  DP  3.065610E+03  3.876423E-09
  DP  3.109820E+03  1.545099E-09
  DP  3.154660E+03  1.261070E-09
  DP  3.200150E+03  2.855269E-09
  DP  3.246300E+03  9.142548E-09
  DP  3.293110E+03  1.865418E-08
  DP  3.340590E+03  1.268173E-08
  DP  3.388770E+03  5.109525E-10
  DP  3.437630E+03  2.035279E-10
  DP  3.487200E+03  5.699584E-10
  DP  3.537490E+03  7.054743E-10
  DP  3.588500E+03  3.684794E-11
  DP  3.640240E+03  8.460364E-13
  DP  3.692730E+03  1.006689E-13
  DP  3.745980E+03  0.000000E+00
  DP  3.800000E+03  0.000000E+00
  
 EN
