 # final1D_0_1p38_0p6_1p25_edge/final1D_0_1p38_0p6_1p25_edge_90_100/quickspec.dat                      
 #    1.0000000000000000      =Mpc
  DP  3.000000E+00  0.000000E+00
  DP  3.043260E+00  0.000000E+00
  DP  3.087140E+00  0.000000E+00
  DP  3.131660E+00  0.000000E+00
  DP  3.176820E+00  0.000000E+00
  DP  3.222630E+00  0.000000E+00
  DP  3.269100E+00  0.000000E+00
  DP  3.316240E+00  0.000000E+00
  DP  3.364060E+00  0.000000E+00
  DP  3.412570E+00  0.000000E+00
  DP  3.461780E+00  0.000000E+00
  DP  3.511690E+00  0.000000E+00
  DP  3.562330E+00  0.000000E+00
  DP  3.613700E+00  0.000000E+00
  DP  3.665810E+00  0.000000E+00
  DP  3.718670E+00  0.000000E+00
  DP  3.772290E+00  0.000000E+00
  DP  3.826690E+00  0.000000E+00
  DP  3.881870E+00  0.000000E+00
  DP  3.937850E+00  0.000000E+00
  DP  3.994630E+00  0.000000E+00
  DP  4.052230E+00  0.000000E+00
  DP  4.110660E+00  0.000000E+00
  DP  4.169940E+00  0.000000E+00
  DP  4.230070E+00  0.000000E+00
  DP  4.291070E+00  0.000000E+00
  DP  4.352940E+00  0.000000E+00
  DP  4.415710E+00  0.000000E+00
  DP  4.479390E+00  0.000000E+00
  DP  4.543980E+00  0.000000E+00
  DP  4.609500E+00  0.000000E+00
  DP  4.675970E+00  0.000000E+00
  DP  4.743400E+00  0.000000E+00
  DP  4.811800E+00  0.000000E+00
  DP  4.881180E+00  0.000000E+00
  DP  4.951570E+00  0.000000E+00
  DP  5.022970E+00  0.000000E+00
  DP  5.095400E+00  0.000000E+00
  DP  5.168880E+00  0.000000E+00
  DP  5.243410E+00  0.000000E+00
  DP  5.319020E+00  0.000000E+00
  DP  5.395720E+00  0.000000E+00
  DP  5.473530E+00  0.000000E+00
  DP  5.552450E+00  0.000000E+00
  DP  5.632520E+00  0.000000E+00
  DP  5.713740E+00  0.000000E+00
  DP  5.796130E+00  7.732456E-09
  DP  5.879710E+00  0.000000E+00
  DP  5.964500E+00  7.514189E-09
  DP  6.050500E+00  0.000000E+00
  DP  6.137750E+00  1.460420E-08
  DP  6.226260E+00  6.406468E-07
  DP  6.316040E+00  3.980831E-06
  DP  6.407120E+00  9.212571E-06
  DP  6.499510E+00  1.555661E-05
  DP  6.593230E+00  2.211390E-05
  DP  6.688300E+00  2.762827E-05
  DP  6.784750E+00  1.281518E-05
  DP  6.882580E+00  1.562847E-07
  DP  6.981830E+00  8.794437E-07
  DP  7.082500E+00  1.866772E-06
  DP  7.184630E+00  2.844565E-06
  DP  7.288240E+00  3.874133E-06
  DP  7.393330E+00  4.334331E-06
  DP  7.499940E+00  1.225048E-06
  DP  7.608090E+00  0.000000E+00
  DP  7.717800E+00  0.000000E+00
  DP  7.829090E+00  0.000000E+00
  DP  7.941980E+00  0.000000E+00
  DP  8.056510E+00  0.000000E+00
  DP  8.172680E+00  0.000000E+00
  DP  8.290530E+00  0.000000E+00
  DP  8.410080E+00  0.000000E+00
  DP  8.531350E+00  0.000000E+00
  DP  8.654370E+00  0.000000E+00
  DP  8.779170E+00  0.000000E+00
  DP  8.905760E+00  0.000000E+00
  DP  9.034180E+00  0.000000E+00
  DP  9.164450E+00  0.000000E+00
  DP  9.296600E+00  0.000000E+00
  DP  9.430660E+00  0.000000E+00
  DP  9.566650E+00  0.000000E+00
  DP  9.704600E+00  0.000000E+00
  DP  9.844540E+00  0.000000E+00
  DP  9.986500E+00  0.000000E+00
  DP  1.013050E+01  0.000000E+00
  DP  1.027660E+01  0.000000E+00
  DP  1.042480E+01  0.000000E+00
  DP  1.057510E+01  0.000000E+00
  DP  1.072760E+01  0.000000E+00
  DP  1.088230E+01  0.000000E+00
  DP  1.103920E+01  0.000000E+00
  DP  1.119840E+01  0.000000E+00
  DP  1.135990E+01  0.000000E+00
  DP  1.152370E+01  0.000000E+00
  DP  1.168980E+01  0.000000E+00
  DP  1.185840E+01  0.000000E+00
  DP  1.202940E+01  0.000000E+00
  DP  1.220290E+01  0.000000E+00
  DP  1.237880E+01  0.000000E+00
  DP  1.255730E+01  0.000000E+00
  DP  1.273840E+01  0.000000E+00
  DP  1.292210E+01  0.000000E+00
  DP  1.310840E+01  0.000000E+00
  DP  1.329740E+01  0.000000E+00
  DP  1.348920E+01  0.000000E+00
  DP  1.368370E+01  3.275309E-09
  DP  1.388100E+01  3.228749E-09
  DP  1.408120E+01  7.320564E-08
  DP  1.428420E+01  1.506052E-07
  DP  1.449020E+01  3.000221E-07
  DP  1.469920E+01  5.732198E-07
  DP  1.491110E+01  6.533070E-07
  DP  1.512610E+01  5.481501E-07
  DP  1.534430E+01  1.226761E-07
  DP  1.556550E+01  0.000000E+00
  DP  1.579000E+01  0.000000E+00
  DP  1.601770E+01  0.000000E+00
  DP  1.624860E+01  0.000000E+00
  DP  1.648290E+01  0.000000E+00
  DP  1.672060E+01  0.000000E+00
  DP  1.696170E+01  0.000000E+00
  DP  1.720630E+01  0.000000E+00
  DP  1.745440E+01  0.000000E+00
  DP  1.770610E+01  0.000000E+00
  DP  1.796140E+01  0.000000E+00
  DP  1.822040E+01  0.000000E+00
  DP  1.848320E+01  0.000000E+00
  DP  1.874970E+01  0.000000E+00
  DP  1.902010E+01  0.000000E+00
  DP  1.929430E+01  0.000000E+00
  DP  1.957260E+01  0.000000E+00
  DP  1.985480E+01  0.000000E+00
  DP  2.014110E+01  0.000000E+00
  DP  2.043150E+01  0.000000E+00
  DP  2.072620E+01  0.000000E+00
  DP  2.102500E+01  0.000000E+00
  DP  2.132820E+01  0.000000E+00
  DP  2.163580E+01  0.000000E+00
  DP  2.194770E+01  0.000000E+00
  DP  2.226420E+01  0.000000E+00
  DP  2.258530E+01  0.000000E+00
  DP  2.291100E+01  0.000000E+00
  DP  2.324130E+01  0.000000E+00
  DP  2.357650E+01  0.000000E+00
  DP  2.391640E+01  0.000000E+00
  DP  2.426130E+01  0.000000E+00
  DP  2.461120E+01  0.000000E+00
  DP  2.496600E+01  0.000000E+00
  DP  2.532610E+01  0.000000E+00
  DP  2.569130E+01  0.000000E+00
  DP  2.606170E+01  0.000000E+00
  DP  2.643750E+01  0.000000E+00
  DP  2.681880E+01  0.000000E+00
  DP  2.720550E+01  0.000000E+00
  DP  2.759780E+01  0.000000E+00
  DP  2.799570E+01  0.000000E+00
  DP  2.839940E+01  0.000000E+00
  DP  2.880890E+01  0.000000E+00
  DP  2.922440E+01  0.000000E+00
  DP  2.964580E+01  0.000000E+00
  DP  3.007330E+01  0.000000E+00
  DP  3.050690E+01  0.000000E+00
  DP  3.094680E+01  0.000000E+00
  DP  3.139310E+01  0.000000E+00
  DP  3.184580E+01  0.000000E+00
  DP  3.230500E+01  0.000000E+00
  DP  3.277080E+01  0.000000E+00
  DP  3.324340E+01  0.000000E+00
  DP  3.372270E+01  0.000000E+00
  DP  3.420900E+01  0.000000E+00
  DP  3.470230E+01  0.000000E+00
  DP  3.520270E+01  0.000000E+00
  DP  3.571030E+01  0.000000E+00
  DP  3.622530E+01  0.000000E+00
  DP  3.674760E+01  0.000000E+00
  DP  3.727750E+01  0.000000E+00
  DP  3.781510E+01  0.000000E+00
  DP  3.836040E+01  0.000000E+00
  DP  3.891350E+01  0.000000E+00
  DP  3.947460E+01  0.000000E+00
  DP  4.004390E+01  0.000000E+00
  DP  4.062130E+01  0.000000E+00
  DP  4.120700E+01  4.350550E-09
  DP  4.180120E+01  0.000000E+00
  DP  4.240400E+01  2.113875E-09
  DP  4.301550E+01  2.083827E-09
  DP  4.363570E+01  0.000000E+00
  DP  4.426500E+01  0.000000E+00
  DP  4.490330E+01  3.992437E-09
  DP  4.555080E+01  1.967846E-09
  DP  4.620760E+01  2.909801E-09
  DP  4.687390E+01  5.736885E-09
  DP  4.754980E+01  1.225324E-08
  DP  4.823550E+01  1.393739E-08
  DP  4.893100E+01  9.159510E-09
  DP  4.963660E+01  1.083514E-08
  DP  5.035240E+01  1.513163E-08
  DP  5.107850E+01  2.720069E-08
  DP  5.181500E+01  2.508412E-08
  DP  5.256220E+01  3.325428E-08
  DP  5.332010E+01  3.782484E-08
  DP  5.408900E+01  3.977296E-08
  DP  5.486890E+01  4.247496E-08
  DP  5.566010E+01  4.750769E-08
  DP  5.646280E+01  6.429522E-08
  DP  5.727690E+01  6.572878E-08
  DP  5.810290E+01  7.867890E-08
  DP  5.894070E+01  9.809106E-08
  DP  5.979060E+01  1.132221E-07
  DP  6.065280E+01  1.263577E-07
  DP  6.152740E+01  1.689959E-07
  DP  6.241460E+01  1.622852E-07
  DP  6.331460E+01  2.017422E-07
  DP  6.422760E+01  2.281822E-07
  DP  6.515380E+01  2.696514E-07
  DP  6.609330E+01  2.963329E-07
  DP  6.704640E+01  3.141797E-07
  DP  6.801320E+01  4.006509E-07
  DP  6.899390E+01  4.008021E-07
  DP  6.998880E+01  4.341676E-07
  DP  7.099800E+01  4.810214E-07
  DP  7.202180E+01  5.687719E-07
  DP  7.306040E+01  6.208038E-07
  DP  7.411390E+01  6.712423E-07
  DP  7.518260E+01  7.409856E-07
  DP  7.626670E+01  8.390174E-07
  DP  7.736650E+01  8.854349E-07
  DP  7.848210E+01  1.016532E-06
  DP  7.961380E+01  1.106752E-06
  DP  8.076180E+01  1.161592E-06
  DP  8.192640E+01  1.278292E-06
  DP  8.310780E+01  1.457144E-06
  DP  8.430620E+01  1.591350E-06
  DP  8.552190E+01  1.697270E-06
  DP  8.675510E+01  1.804611E-06
  DP  8.800610E+01  1.902301E-06
  DP  8.927510E+01  2.068845E-06
  DP  9.056250E+01  2.122081E-06
  DP  9.186840E+01  2.215835E-06
  DP  9.319310E+01  2.416763E-06
  DP  9.453690E+01  2.550618E-06
  DP  9.590010E+01  2.716025E-06
  DP  9.728300E+01  2.909049E-06
  DP  9.868580E+01  2.994155E-06
  DP  1.001090E+02  3.100226E-06
  DP  1.015520E+02  3.256992E-06
  DP  1.030170E+02  3.506469E-06
  DP  1.045020E+02  3.599070E-06
  DP  1.060090E+02  3.842422E-06
  DP  1.075380E+02  3.999724E-06
  DP  1.090890E+02  4.122465E-06
  DP  1.106620E+02  4.368198E-06
  DP  1.122570E+02  4.539713E-06
  DP  1.138760E+02  4.640796E-06
  DP  1.155180E+02  5.038391E-06
  DP  1.171840E+02  5.421564E-06
  DP  1.188740E+02  5.851864E-06
  DP  1.205880E+02  7.266559E-06
  DP  1.223270E+02  9.084557E-06
  DP  1.240910E+02  7.593145E-06
  DP  1.258800E+02  6.026412E-06
  DP  1.276950E+02  6.004286E-06
  DP  1.295370E+02  6.037258E-06
  DP  1.314040E+02  6.083016E-06
  DP  1.332990E+02  6.269630E-06
  DP  1.352210E+02  6.482424E-06
  DP  1.371710E+02  6.661903E-06
  DP  1.391490E+02  6.481505E-06
  DP  1.411560E+02  6.374665E-06
  DP  1.431910E+02  6.441864E-06
  DP  1.452560E+02  6.495635E-06
  DP  1.473510E+02  6.506038E-06
  DP  1.494750E+02  6.555080E-06
  DP  1.516310E+02  6.671629E-06
  DP  1.538170E+02  6.690639E-06
  DP  1.560350E+02  6.908162E-06
  DP  1.582850E+02  7.090072E-06
  DP  1.605680E+02  6.939982E-06
  DP  1.628830E+02  6.929061E-06
  DP  1.652320E+02  6.960396E-06
  DP  1.676150E+02  7.189275E-06
  DP  1.700320E+02  7.627831E-06
  DP  1.724830E+02  7.905409E-06
  DP  1.749710E+02  7.927034E-06
  DP  1.774940E+02  7.834617E-06
  DP  1.800530E+02  7.884360E-06
  DP  1.826490E+02  7.978365E-06
  DP  1.852830E+02  7.798586E-06
  DP  1.879550E+02  7.866161E-06
  DP  1.906650E+02  7.947164E-06
  DP  1.934150E+02  8.349204E-06
  DP  1.962040E+02  8.876242E-06
  DP  1.990330E+02  9.182489E-06
  DP  2.019030E+02  9.190678E-06
  DP  2.048140E+02  9.179314E-06
  DP  2.077680E+02  9.217418E-06
  DP  2.107640E+02  9.465173E-06
  DP  2.138030E+02  9.605888E-06
  DP  2.168860E+02  9.512134E-06
  DP  2.200130E+02  9.420970E-06
  DP  2.231860E+02  9.274823E-06
  DP  2.264040E+02  9.249003E-06
  DP  2.296690E+02  9.045284E-06
  DP  2.329810E+02  9.011275E-06
  DP  2.363400E+02  8.915599E-06
  DP  2.397480E+02  8.761347E-06
  DP  2.432060E+02  8.649795E-06
  DP  2.467130E+02  8.482675E-06
  DP  2.502700E+02  8.393600E-06
  DP  2.538790E+02  8.253244E-06
  DP  2.575400E+02  8.110407E-06
  DP  2.612540E+02  7.978064E-06
  DP  2.650210E+02  7.777629E-06
  DP  2.688430E+02  7.702993E-06
  DP  2.727190E+02  7.695490E-06
  DP  2.766520E+02  7.504120E-06
  DP  2.806410E+02  7.343284E-06
  DP  2.846880E+02  7.190545E-06
  DP  2.887930E+02  7.094125E-06
  DP  2.929570E+02  7.023609E-06
  DP  2.971820E+02  6.927649E-06
  DP  3.014670E+02  6.801105E-06
  DP  3.058140E+02  6.752966E-06
  DP  3.102240E+02  6.626599E-06
  DP  3.146980E+02  6.555163E-06
  DP  3.192350E+02  6.422094E-06
  DP  3.238390E+02  6.326811E-06
  DP  3.285080E+02  6.235262E-06
  DP  3.332460E+02  6.178090E-06
  DP  3.380510E+02  6.144875E-06
  DP  3.429260E+02  6.117242E-06
  DP  3.478710E+02  5.952821E-06
  DP  3.528870E+02  5.924962E-06
  DP  3.579750E+02  5.866721E-06
  DP  3.631370E+02  5.824674E-06
  DP  3.683740E+02  5.735089E-06
  DP  3.736860E+02  5.673171E-06
  DP  3.790740E+02  5.607810E-06
  DP  3.845400E+02  5.598945E-06
  DP  3.900850E+02  5.491436E-06
  DP  3.957100E+02  5.511382E-06
  DP  4.014170E+02  5.422934E-06
  DP  4.072050E+02  5.377870E-06
  DP  4.130770E+02  5.375697E-06
  DP  4.190330E+02  5.316378E-06
  DP  4.250760E+02  5.272125E-06
  DP  4.312050E+02  5.210023E-06
  DP  4.374230E+02  5.227855E-06
  DP  4.437310E+02  5.180568E-06
  DP  4.501290E+02  5.116570E-06
  DP  4.566200E+02  5.127541E-06
  DP  4.632050E+02  5.091970E-06
  DP  4.698840E+02  5.092488E-06
  DP  4.766600E+02  5.413584E-06
  DP  4.835330E+02  6.517085E-06
  DP  4.905060E+02  7.530383E-06
  DP  4.975790E+02  1.565396E-05
  DP  5.047540E+02  4.189681E-05
  DP  5.120320E+02  5.838411E-05
  DP  5.194160E+02  2.467200E-05
  DP  5.269050E+02  6.306764E-06
  DP  5.345030E+02  5.325444E-06
  DP  5.422110E+02  3.665166E-06
  DP  5.500290E+02  3.320548E-06
  DP  5.579610E+02  3.280013E-06
  DP  5.660070E+02  3.293550E-06
  DP  5.741680E+02  3.236871E-06
  DP  5.824480E+02  3.238074E-06
  DP  5.908470E+02  3.224688E-06
  DP  5.993670E+02  3.215948E-06
  DP  6.080090E+02  3.183309E-06
  DP  6.167770E+02  3.173123E-06
  DP  6.256710E+02  3.184253E-06
  DP  6.346930E+02  3.142273E-06
  DP  6.438450E+02  3.134677E-06
  DP  6.531290E+02  3.134661E-06
  DP  6.625470E+02  3.140928E-06
  DP  6.721010E+02  3.098111E-06
  DP  6.817930E+02  3.113562E-06
  DP  6.916240E+02  3.102966E-06
  DP  7.015970E+02  3.108824E-06
  DP  7.117140E+02  3.130157E-06
  DP  7.219770E+02  3.197540E-06
  DP  7.323880E+02  3.327108E-06
  DP  7.429490E+02  3.240339E-06
  DP  7.536620E+02  3.150570E-06
  DP  7.645300E+02  3.127784E-06
  DP  7.755540E+02  3.259541E-06
  DP  7.867380E+02  3.605513E-06
  DP  7.980820E+02  5.135947E-06
  DP  8.095910E+02  6.843696E-06
  DP  8.212650E+02  1.490635E-05
  DP  8.331070E+02  5.643507E-05
  DP  8.451210E+02  9.698055E-05
  DP  8.573070E+02  5.768855E-05
  DP  8.696700E+02  8.358170E-06
  DP  8.822100E+02  5.065899E-06
  DP  8.949320E+02  2.236065E-06
  DP  9.078360E+02  1.260736E-06
  DP  9.209270E+02  1.243590E-06
  DP  9.342070E+02  1.266961E-06
  DP  9.476780E+02  1.355911E-06
  DP  9.613440E+02  1.880308E-06
  DP  9.752060E+02  2.575795E-06
  DP  9.892680E+02  2.353057E-06
  DP  1.003530E+03  2.265144E-06
  DP  1.018000E+03  6.501768E-06
  DP  1.032680E+03  1.203798E-05
  DP  1.047580E+03  9.369079E-06
  DP  1.062680E+03  2.285507E-06
  DP  1.078000E+03  1.472511E-06
  DP  1.093550E+03  1.191908E-06
  DP  1.109320E+03  1.056992E-06
  DP  1.125310E+03  1.130324E-06
  DP  1.141540E+03  1.389903E-06
  DP  1.158000E+03  2.488399E-06
  DP  1.174700E+03  4.048957E-06
  DP  1.191640E+03  4.244421E-06
  DP  1.208820E+03  1.598427E-05
  DP  1.226250E+03  4.098124E-05
  DP  1.243940E+03  4.329660E-05
  DP  1.261870E+03  1.117941E-05
  DP  1.280070E+03  2.312339E-06
  DP  1.298530E+03  1.562396E-06
  DP  1.317250E+03  7.243865E-07
  DP  1.336250E+03  1.821532E-06
  DP  1.355520E+03  2.992985E-06
  DP  1.375060E+03  1.980480E-06
  DP  1.394890E+03  4.786082E-07
  DP  1.415010E+03  4.058324E-07
  DP  1.435410E+03  3.889692E-07
  DP  1.456110E+03  3.227270E-07
  DP  1.477110E+03  2.523419E-07
  DP  1.498400E+03  2.389247E-07
  DP  1.520010E+03  2.363085E-07
  DP  1.541930E+03  2.411574E-07
  DP  1.564160E+03  2.420482E-07
  DP  1.586720E+03  2.310885E-07
  DP  1.609600E+03  2.359366E-07
  DP  1.632810E+03  2.337457E-07
  DP  1.656360E+03  2.916661E-07
  DP  1.680240E+03  4.759426E-07
  DP  1.704470E+03  6.534557E-07
  DP  1.729050E+03  2.850156E-06
  DP  1.753980E+03  7.315643E-06
  DP  1.779270E+03  7.890569E-06
  DP  1.804930E+03  2.419203E-06
  DP  1.830960E+03  6.200978E-07
  DP  1.857360E+03  3.749520E-07
  DP  1.884140E+03  1.985218E-07
  DP  1.911310E+03  3.133566E-07
  DP  1.938870E+03  5.948735E-07
  DP  1.966830E+03  1.271098E-06
  DP  1.995190E+03  3.347914E-06
  DP  2.023960E+03  4.973164E-06
  DP  2.053150E+03  3.002511E-06
  DP  2.082750E+03  5.377987E-07
  DP  2.112790E+03  2.542371E-07
  DP  2.143250E+03  1.553188E-07
  DP  2.174160E+03  1.690494E-07
  DP  2.205510E+03  2.278948E-07
  DP  2.237310E+03  1.664674E-07
  DP  2.269570E+03  9.078290E-08
  DP  2.302300E+03  8.560302E-08
  DP  2.335500E+03  7.974170E-08
  DP  2.369180E+03  7.905944E-08
  DP  2.403340E+03  8.669933E-08
  DP  2.438000E+03  1.594199E-07
  DP  2.473150E+03  2.812838E-07
  DP  2.508810E+03  5.988844E-07
  DP  2.544990E+03  3.120071E-06
  DP  2.581690E+03  6.118044E-06
  DP  2.618920E+03  4.637437E-06
  DP  2.656680E+03  7.911726E-07
  DP  2.694990E+03  2.578327E-07
  DP  2.733850E+03  1.253040E-07
  DP  2.773270E+03  3.694429E-08
  DP  2.813260E+03  3.108983E-08
  DP  2.853830E+03  3.833941E-08
  DP  2.894980E+03  4.436065E-08
  DP  2.936730E+03  1.403072E-07
  DP  2.979080E+03  3.221530E-07
  DP  3.022030E+03  3.486858E-07
  DP  3.065610E+03  1.859870E-07
  DP  3.109820E+03  3.166489E-07
  DP  3.154660E+03  1.098271E-06
  DP  3.200150E+03  2.678941E-06
  DP  3.246300E+03  3.201818E-06
  DP  3.293110E+03  1.693543E-06
  DP  3.340590E+03  2.849938E-07
  DP  3.388770E+03  2.489736E-07
  DP  3.437630E+03  2.789834E-07
  DP  3.487200E+03  1.556756E-07
  DP  3.537490E+03  2.124621E-08
  DP  3.588500E+03  7.966834E-09
  DP  3.640240E+03  2.794805E-09
  DP  3.692730E+03  1.213692E-10
  DP  3.745980E+03  0.000000E+00
  DP  3.800000E+03  0.000000E+00
  
 EN
