 # final1D_0_1p38_0p6_1p25_edge/final1D_0_1p38_0p6_1p25_edge_50_100/quickspec.dat                      
 #    1.0000000000000000      =Mpc
  DP  3.000000E+00  0.000000E+00
  DP  3.043260E+00  0.000000E+00
  DP  3.087140E+00  0.000000E+00
  DP  3.131660E+00  0.000000E+00
  DP  3.176820E+00  0.000000E+00
  DP  3.222630E+00  0.000000E+00
  DP  3.269100E+00  0.000000E+00
  DP  3.316240E+00  0.000000E+00
  DP  3.364060E+00  0.000000E+00
  DP  3.412570E+00  0.000000E+00
  DP  3.461780E+00  0.000000E+00
  DP  3.511690E+00  0.000000E+00
  DP  3.562330E+00  0.000000E+00
  DP  3.613700E+00  0.000000E+00
  DP  3.665810E+00  0.000000E+00
  DP  3.718670E+00  0.000000E+00
  DP  3.772290E+00  0.000000E+00
  DP  3.826690E+00  0.000000E+00
  DP  3.881870E+00  0.000000E+00
  DP  3.937850E+00  0.000000E+00
  DP  3.994630E+00  0.000000E+00
  DP  4.052230E+00  0.000000E+00
  DP  4.110660E+00  0.000000E+00
  DP  4.169940E+00  0.000000E+00
  DP  4.230070E+00  0.000000E+00
  DP  4.291070E+00  0.000000E+00
  DP  4.352940E+00  0.000000E+00
  DP  4.415710E+00  0.000000E+00
  DP  4.479390E+00  0.000000E+00
  DP  4.543980E+00  0.000000E+00
  DP  4.609500E+00  0.000000E+00
  DP  4.675970E+00  0.000000E+00
  DP  4.743400E+00  0.000000E+00
  DP  4.811800E+00  0.000000E+00
  DP  4.881180E+00  0.000000E+00
  DP  4.951570E+00  0.000000E+00
  DP  5.022970E+00  0.000000E+00
  DP  5.095400E+00  0.000000E+00
  DP  5.168880E+00  0.000000E+00
  DP  5.243410E+00  0.000000E+00
  DP  5.319020E+00  0.000000E+00
  DP  5.395720E+00  0.000000E+00
  DP  5.473530E+00  0.000000E+00
  DP  5.552450E+00  0.000000E+00
  DP  5.632520E+00  0.000000E+00
  DP  5.713740E+00  0.000000E+00
  DP  5.796130E+00  0.000000E+00
  DP  5.879710E+00  0.000000E+00
  DP  5.964500E+00  0.000000E+00
  DP  6.050500E+00  0.000000E+00
  DP  6.137750E+00  1.110671E-08
  DP  6.226260E+00  1.094886E-08
  DP  6.316040E+00  4.749006E-07
  DP  6.407120E+00  2.415226E-06
  DP  6.499510E+00  4.845702E-06
  DP  6.593230E+00  7.434047E-06
  DP  6.688300E+00  1.081417E-05
  DP  6.784750E+00  8.871981E-06
  DP  6.882580E+00  2.377139E-07
  DP  6.981830E+00  5.663094E-07
  DP  7.082500E+00  1.212773E-06
  DP  7.184630E+00  1.802781E-06
  DP  7.288240E+00  2.628321E-06
  DP  7.393330E+00  2.028510E-06
  DP  7.499940E+00  9.089404E-07
  DP  7.608090E+00  0.000000E+00
  DP  7.717800E+00  8.832875E-09
  DP  7.829090E+00  6.095107E-08
  DP  7.941980E+00  6.866817E-08
  DP  8.056510E+00  1.015379E-07
  DP  8.172680E+00  2.502371E-08
  DP  8.290530E+00  0.000000E+00
  DP  8.410080E+00  0.000000E+00
  DP  8.531350E+00  0.000000E+00
  DP  8.654370E+00  0.000000E+00
  DP  8.779170E+00  0.000000E+00
  DP  8.905760E+00  0.000000E+00
  DP  9.034180E+00  0.000000E+00
  DP  9.164450E+00  0.000000E+00
  DP  9.296600E+00  0.000000E+00
  DP  9.430660E+00  0.000000E+00
  DP  9.566650E+00  0.000000E+00
  DP  9.704600E+00  0.000000E+00
  DP  9.844540E+00  0.000000E+00
  DP  9.986500E+00  0.000000E+00
  DP  1.013050E+01  0.000000E+00
  DP  1.027660E+01  0.000000E+00
  DP  1.042480E+01  0.000000E+00
  DP  1.057510E+01  0.000000E+00
  DP  1.072760E+01  0.000000E+00
  DP  1.088230E+01  0.000000E+00
  DP  1.103920E+01  0.000000E+00
  DP  1.119840E+01  0.000000E+00
  DP  1.135990E+01  0.000000E+00
  DP  1.152370E+01  0.000000E+00
  DP  1.168980E+01  0.000000E+00
  DP  1.185840E+01  0.000000E+00
  DP  1.202940E+01  0.000000E+00
  DP  1.220290E+01  0.000000E+00
  DP  1.237880E+01  0.000000E+00
  DP  1.255730E+01  0.000000E+00
  DP  1.273840E+01  0.000000E+00
  DP  1.292210E+01  0.000000E+00
  DP  1.310840E+01  0.000000E+00
  DP  1.329740E+01  0.000000E+00
  DP  1.348920E+01  0.000000E+00
  DP  1.368370E+01  0.000000E+00
  DP  1.388100E+01  0.000000E+00
  DP  1.408120E+01  0.000000E+00
  DP  1.428420E+01  3.817931E-08
  DP  1.449020E+01  1.129096E-07
  DP  1.469920E+01  1.623194E-07
  DP  1.491110E+01  2.057297E-07
  DP  1.512610E+01  2.704068E-07
  DP  1.534430E+01  8.441145E-08
  DP  1.556550E+01  0.000000E+00
  DP  1.579000E+01  0.000000E+00
  DP  1.601770E+01  0.000000E+00
  DP  1.624860E+01  0.000000E+00
  DP  1.648290E+01  0.000000E+00
  DP  1.672060E+01  0.000000E+00
  DP  1.696170E+01  0.000000E+00
  DP  1.720630E+01  0.000000E+00
  DP  1.745440E+01  0.000000E+00
  DP  1.770610E+01  0.000000E+00
  DP  1.796140E+01  0.000000E+00
  DP  1.822040E+01  0.000000E+00
  DP  1.848320E+01  0.000000E+00
  DP  1.874970E+01  0.000000E+00
  DP  1.902010E+01  0.000000E+00
  DP  1.929430E+01  0.000000E+00
  DP  1.957260E+01  0.000000E+00
  DP  1.985480E+01  0.000000E+00
  DP  2.014110E+01  0.000000E+00
  DP  2.043150E+01  0.000000E+00
  DP  2.072620E+01  0.000000E+00
  DP  2.102500E+01  0.000000E+00
  DP  2.132820E+01  0.000000E+00
  DP  2.163580E+01  0.000000E+00
  DP  2.194770E+01  0.000000E+00
  DP  2.226420E+01  0.000000E+00
  DP  2.258530E+01  0.000000E+00
  DP  2.291100E+01  0.000000E+00
  DP  2.324130E+01  0.000000E+00
  DP  2.357650E+01  0.000000E+00
  DP  2.391640E+01  0.000000E+00
  DP  2.426130E+01  0.000000E+00
  DP  2.461120E+01  0.000000E+00
  DP  2.496600E+01  0.000000E+00
  DP  2.532610E+01  0.000000E+00
  DP  2.569130E+01  0.000000E+00
  DP  2.606170E+01  0.000000E+00
  DP  2.643750E+01  0.000000E+00
  DP  2.681880E+01  0.000000E+00
  DP  2.720550E+01  0.000000E+00
  DP  2.759780E+01  0.000000E+00
  DP  2.799570E+01  0.000000E+00
  DP  2.839940E+01  0.000000E+00
  DP  2.880890E+01  0.000000E+00
  DP  2.922440E+01  0.000000E+00
  DP  2.964580E+01  0.000000E+00
  DP  3.007330E+01  0.000000E+00
  DP  3.050690E+01  0.000000E+00
  DP  3.094680E+01  0.000000E+00
  DP  3.139310E+01  0.000000E+00
  DP  3.184580E+01  0.000000E+00
  DP  3.230500E+01  0.000000E+00
  DP  3.277080E+01  0.000000E+00
  DP  3.324340E+01  2.050645E-09
  DP  3.372270E+01  0.000000E+00
  DP  3.420900E+01  0.000000E+00
  DP  3.470230E+01  1.964428E-09
  DP  3.520270E+01  0.000000E+00
  DP  3.571030E+01  0.000000E+00
  DP  3.622530E+01  1.881846E-09
  DP  3.674760E+01  1.113052E-08
  DP  3.727750E+01  1.828718E-09
  DP  3.781510E+01  5.408177E-09
  DP  3.836040E+01  3.554199E-09
  DP  3.891350E+01  7.007356E-09
  DP  3.947460E+01  5.180811E-09
  DP  4.004390E+01  5.107169E-09
  DP  4.062130E+01  1.174736E-08
  DP  4.120700E+01  8.271669E-09
  DP  4.180120E+01  1.304655E-08
  DP  4.240400E+01  2.250688E-08
  DP  4.301550E+01  3.011092E-08
  DP  4.363570E+01  1.093583E-08
  DP  4.426500E+01  4.004127E-08
  DP  4.490330E+01  4.554470E-08
  DP  4.555080E+01  5.986304E-08
  DP  4.620760E+01  6.196273E-08
  DP  4.687390E+01  7.126229E-08
  DP  4.754980E+01  8.888693E-08
  DP  4.823550E+01  9.751616E-08
  DP  4.893100E+01  1.100619E-07
  DP  4.963660E+01  1.428324E-07
  DP  5.035240E+01  1.323231E-07
  DP  5.107850E+01  1.761695E-07
  DP  5.181500E+01  1.828752E-07
  DP  5.256220E+01  2.322257E-07
  DP  5.332010E+01  2.493095E-07
  DP  5.408900E+01  2.986993E-07
  DP  5.486890E+01  2.981804E-07
  DP  5.566010E+01  3.772257E-07
  DP  5.646280E+01  4.599993E-07
  DP  5.727690E+01  4.676000E-07
  DP  5.810290E+01  5.608220E-07
  DP  5.894070E+01  5.933302E-07
  DP  5.979060E+01  6.389723E-07
  DP  6.065280E+01  7.745467E-07
  DP  6.152740E+01  8.764021E-07
  DP  6.241460E+01  9.089404E-07
  DP  6.331460E+01  1.068005E-06
  DP  6.422760E+01  1.207191E-06
  DP  6.515380E+01  1.235677E-06
  DP  6.609330E+01  1.415222E-06
  DP  6.704640E+01  1.607702E-06
  DP  6.801320E+01  1.648379E-06
  DP  6.899390E+01  1.724043E-06
  DP  6.998880E+01  1.949279E-06
  DP  7.099800E+01  2.081705E-06
  DP  7.202180E+01  2.284187E-06
  DP  7.306040E+01  2.321589E-06
  DP  7.411390E+01  2.473334E-06
  DP  7.518260E+01  2.775587E-06
  DP  7.626670E+01  3.022966E-06
  DP  7.736650E+01  3.115450E-06
  DP  7.848210E+01  3.380778E-06
  DP  7.961380E+01  3.571596E-06
  DP  8.076180E+01  3.850427E-06
  DP  8.192640E+01  4.006927E-06
  DP  8.310780E+01  4.244379E-06
  DP  8.430620E+01  4.484856E-06
  DP  8.552190E+01  4.793335E-06
  DP  8.675510E+01  4.978186E-06
  DP  8.800610E+01  5.254068E-06
  DP  8.927510E+01  5.421756E-06
  DP  9.056250E+01  5.853535E-06
  DP  9.186840E+01  6.137029E-06
  DP  9.319310E+01  6.303639E-06
  DP  9.453690E+01  6.544250E-06
  DP  9.590010E+01  6.862931E-06
  DP  9.728300E+01  7.178471E-06
  DP  9.868580E+01  7.615631E-06
  DP  1.001090E+02  7.827982E-06
  DP  1.015520E+02  8.253018E-06
  DP  1.030170E+02  8.443569E-06
  DP  1.045020E+02  8.608767E-06
  DP  1.060090E+02  8.997905E-06
  DP  1.075380E+02  9.379858E-06
  DP  1.090890E+02  9.453892E-06
  DP  1.106620E+02  9.865342E-06
  DP  1.122570E+02  9.894755E-06
  DP  1.138760E+02  1.057360E-05
  DP  1.155180E+02  1.065707E-05
  DP  1.171840E+02  1.112016E-05
  DP  1.188740E+02  1.144772E-05
  DP  1.205880E+02  1.191991E-05
  DP  1.223270E+02  1.271766E-05
  DP  1.240910E+02  1.284417E-05
  DP  1.258800E+02  1.215706E-05
  DP  1.276950E+02  1.228708E-05
  DP  1.295370E+02  1.235083E-05
  DP  1.314040E+02  1.244943E-05
  DP  1.332990E+02  1.263393E-05
  DP  1.352210E+02  1.264079E-05
  DP  1.371710E+02  1.293759E-05
  DP  1.391490E+02  1.300051E-05
  DP  1.411560E+02  1.283841E-05
  DP  1.431910E+02  1.288712E-05
  DP  1.452560E+02  1.294411E-05
  DP  1.473510E+02  1.303160E-05
  DP  1.494750E+02  1.359103E-05
  DP  1.516310E+02  1.444075E-05
  DP  1.538170E+02  1.509344E-05
  DP  1.560350E+02  1.755445E-05
  DP  1.582850E+02  2.247571E-05
  DP  1.605680E+02  2.104391E-05
  DP  1.628830E+02  1.448278E-05
  DP  1.652320E+02  1.393154E-05
  DP  1.676150E+02  1.274549E-05
  DP  1.700320E+02  1.279270E-05
  DP  1.724830E+02  1.311265E-05
  DP  1.749710E+02  1.304246E-05
  DP  1.774940E+02  1.293575E-05
  DP  1.800530E+02  1.301965E-05
  DP  1.826490E+02  1.285462E-05
  DP  1.852830E+02  1.297377E-05
  DP  1.879550E+02  1.290926E-05
  DP  1.906650E+02  1.304355E-05
  DP  1.934150E+02  1.323189E-05
  DP  1.962040E+02  1.346594E-05
  DP  1.990330E+02  1.384589E-05
  DP  2.019030E+02  1.383686E-05
  DP  2.048140E+02  1.383085E-05
  DP  2.077680E+02  1.368621E-05
  DP  2.107640E+02  1.386619E-05
  DP  2.138030E+02  1.371980E-05
  DP  2.168860E+02  1.379818E-05
  DP  2.200130E+02  1.379600E-05
  DP  2.231860E+02  1.349636E-05
  DP  2.264040E+02  1.353580E-05
  DP  2.296690E+02  1.342282E-05
  DP  2.329810E+02  1.312326E-05
  DP  2.363400E+02  1.302408E-05
  DP  2.397480E+02  1.294687E-05
  DP  2.432060E+02  1.268039E-05
  DP  2.467130E+02  1.254787E-05
  DP  2.502700E+02  1.244333E-05
  DP  2.538790E+02  1.223318E-05
  DP  2.575400E+02  1.236729E-05
  DP  2.612540E+02  1.234507E-05
  DP  2.650210E+02  1.254001E-05
  DP  2.688430E+02  1.379157E-05
  DP  2.727190E+02  1.436872E-05
  DP  2.766520E+02  1.187671E-05
  DP  2.806410E+02  1.126514E-05
  DP  2.846880E+02  1.090566E-05
  DP  2.887930E+02  1.059574E-05
  DP  2.929570E+02  1.036528E-05
  DP  2.971820E+02  1.028506E-05
  DP  3.014670E+02  1.014426E-05
  DP  3.058140E+02  1.011527E-05
  DP  3.102240E+02  9.818047E-06
  DP  3.146980E+02  9.709669E-06
  DP  3.192350E+02  9.702650E-06
  DP  3.238390E+02  9.507788E-06
  DP  3.285080E+02  9.363647E-06
  DP  3.332460E+02  9.269726E-06
  DP  3.380510E+02  9.115474E-06
  DP  3.429260E+02  9.101520E-06
  DP  3.478710E+02  8.978269E-06
  DP  3.528870E+02  8.882175E-06
  DP  3.579750E+02  8.767363E-06
  DP  3.631370E+02  8.584618E-06
  DP  3.683740E+02  8.555957E-06
  DP  3.736860E+02  8.465211E-06
  DP  3.790740E+02  8.432539E-06
  DP  3.845400E+02  8.316248E-06
  DP  3.900850E+02  8.231477E-06
  DP  3.957100E+02  8.113198E-06
  DP  4.014170E+02  8.032905E-06
  DP  4.072050E+02  7.963416E-06
  DP  4.130770E+02  7.871776E-06
  DP  4.190330E+02  7.758736E-06
  DP  4.250760E+02  7.815899E-06
  DP  4.312050E+02  7.649114E-06
  DP  4.374230E+02  7.605119E-06
  DP  4.437310E+02  7.569448E-06
  DP  4.501290E+02  7.493049E-06
  DP  4.566200E+02  7.528002E-06
  DP  4.632050E+02  7.585901E-06
  DP  4.698840E+02  7.812565E-06
  DP  4.766600E+02  8.828112E-06
  DP  4.835330E+02  1.056750E-05
  DP  4.905060E+02  1.049505E-05
  DP  4.975790E+02  1.248152E-05
  DP  5.047540E+02  2.411040E-05
  DP  5.120320E+02  4.216144E-05
  DP  5.194160E+02  2.719568E-05
  DP  5.269050E+02  9.213490E-06
  DP  5.345030E+02  7.924887E-06
  DP  5.422110E+02  5.448562E-06
  DP  5.500290E+02  5.057760E-06
  DP  5.579610E+02  4.891852E-06
  DP  5.660070E+02  4.865480E-06
  DP  5.741680E+02  4.913193E-06
  DP  5.824480E+02  4.859531E-06
  DP  5.908470E+02  4.789198E-06
  DP  5.993670E+02  4.761949E-06
  DP  6.080090E+02  4.783508E-06
  DP  6.167770E+02  4.722685E-06
  DP  6.256710E+02  4.734199E-06
  DP  6.346930E+02  4.641874E-06
  DP  6.438450E+02  4.685191E-06
  DP  6.531290E+02  4.596568E-06
  DP  6.625470E+02  4.598840E-06
  DP  6.721010E+02  4.601230E-06
  DP  6.817930E+02  4.587134E-06
  DP  6.916240E+02  4.550275E-06
  DP  7.015970E+02  4.587134E-06
  DP  7.117140E+02  4.654809E-06
  DP  7.219770E+02  4.733623E-06
  DP  7.323880E+02  5.055755E-06
  DP  7.429490E+02  5.994927E-06
  DP  7.536620E+02  6.872875E-06
  DP  7.645300E+02  5.397106E-06
  DP  7.755540E+02  4.855979E-06
  DP  7.867380E+02  5.136657E-06
  DP  7.980820E+02  7.207508E-06
  DP  8.095910E+02  1.172438E-05
  DP  8.212650E+02  1.455072E-05
  DP  8.331070E+02  3.037154E-05
  DP  8.451210E+02  6.604171E-05
  DP  8.573070E+02  5.806056E-05
  DP  8.696700E+02  1.127266E-05
  DP  8.822100E+02  7.205293E-06
  DP  8.949320E+02  3.248737E-06
  DP  9.078360E+02  1.849533E-06
  DP  9.209270E+02  1.809291E-06
  DP  9.342070E+02  1.835228E-06
  DP  9.476780E+02  1.851330E-06
  DP  9.613440E+02  2.128766E-06
  DP  9.752060E+02  2.701227E-06
  DP  9.892680E+02  2.887206E-06
  DP  1.003530E+03  2.540942E-06
  DP  1.018000E+03  4.364129E-06
  DP  1.032680E+03  8.639266E-06
  DP  1.047580E+03  9.474364E-06
  DP  1.062680E+03  3.124775E-06
  DP  1.078000E+03  2.112463E-06
  DP  1.093550E+03  1.718804E-06
  DP  1.109320E+03  1.502266E-06
  DP  1.125310E+03  1.561168E-06
  DP  1.141540E+03  1.671885E-06
  DP  1.158000E+03  2.338585E-06
  DP  1.174700E+03  4.050227E-06
  DP  1.191640E+03  4.656229E-06
  DP  1.208820E+03  8.867970E-06
  DP  1.226250E+03  2.548070E-05
  DP  1.243940E+03  3.841545E-05
  DP  1.261870E+03  1.368119E-05
  DP  1.280070E+03  3.285085E-06
  DP  1.298530E+03  2.224082E-06
  DP  1.317250E+03  8.372793E-07
  DP  1.336250E+03  1.247768E-06
  DP  1.355520E+03  2.387935E-06
  DP  1.375060E+03  2.187934E-06
  DP  1.394890E+03  7.030987E-07
  DP  1.415010E+03  5.767218E-07
  DP  1.435410E+03  5.188414E-07
  DP  1.456110E+03  4.749557E-07
  DP  1.477110E+03  4.114652E-07
  DP  1.498400E+03  4.105953E-07
  DP  1.520010E+03  4.495844E-07
  DP  1.541930E+03  6.013327E-07
  DP  1.564160E+03  7.884318E-07
  DP  1.586720E+03  5.743904E-07
  DP  1.609600E+03  3.972893E-07
  DP  1.632810E+03  3.883082E-07
  DP  1.656360E+03  4.214874E-07
  DP  1.680240E+03  6.017563E-07
  DP  1.704470E+03  7.823587E-07
  DP  1.729050E+03  1.741181E-06
  DP  1.753980E+03  4.925259E-06
  DP  1.779270E+03  7.339942E-06
  DP  1.804930E+03  2.905121E-06
  DP  1.830960E+03  8.538242E-07
  DP  1.857360E+03  5.504271E-07
  DP  1.884140E+03  2.984996E-07
  DP  1.911310E+03  3.481811E-07
  DP  1.938870E+03  5.920801E-07
  DP  1.966830E+03  9.938289E-07
  DP  1.995190E+03  2.214824E-06
  DP  2.023960E+03  4.058725E-06
  DP  2.053150E+03  3.295856E-06
  DP  2.082750E+03  7.353387E-07
  DP  2.112790E+03  3.802171E-07
  DP  2.143250E+03  2.282984E-07
  DP  2.174160E+03  1.893152E-07
  DP  2.205510E+03  2.451658E-07
  DP  2.237310E+03  2.271795E-07
  DP  2.269570E+03  1.466670E-07
  DP  2.302300E+03  1.386427E-07
  DP  2.335500E+03  1.367852E-07
  DP  2.369180E+03  1.279078E-07
  DP  2.403340E+03  1.335740E-07
  DP  2.438000E+03  1.955362E-07
  DP  2.473150E+03  3.578632E-07
  DP  2.508810E+03  5.254962E-07
  DP  2.544990E+03  1.869103E-06
  DP  2.581690E+03  4.714713E-06
  DP  2.618920E+03  4.953360E-06
  DP  2.656680E+03  1.056014E-06
  DP  2.694990E+03  3.725580E-07
  DP  2.733850E+03  1.890895E-07
  DP  2.773270E+03  5.794634E-08
  DP  2.813260E+03  5.032592E-08
  DP  2.853830E+03  5.783738E-08
  DP  2.894980E+03  6.440928E-08
  DP  2.936730E+03  1.126330E-07
  DP  2.979080E+03  2.562993E-07
  DP  3.022030E+03  3.581840E-07
  DP  3.065610E+03  2.286418E-07
  DP  3.109820E+03  2.778812E-07
  DP  3.154660E+03  7.461705E-07
  DP  3.200150E+03  1.983647E-06
  DP  3.246300E+03  2.878357E-06
  DP  3.293110E+03  1.929768E-06
  DP  3.340590E+03  3.788167E-07
  DP  3.388770E+03  2.355313E-07
  DP  3.437630E+03  2.599041E-07
  DP  3.487200E+03  1.757860E-07
  DP  3.537490E+03  2.814108E-08
  DP  3.588500E+03  1.302892E-08
  DP  3.640240E+03  4.119900E-09
  DP  3.692730E+03  2.030666E-10
  DP  3.745980E+03  0.000000E+00
  DP  3.800000E+03  0.000000E+00
  
 EN
