 # final1D_0_1p38_0p6_1p25_edge/final1D_0_1p38_0p6_1p25_edge_300_100/quickspec.dat                     
 #    1.0000000000000000      =Mpc
  DP  3.000000E+00  0.000000E+00
  DP  3.043260E+00  0.000000E+00
  DP  3.087140E+00  0.000000E+00
  DP  3.131660E+00  0.000000E+00
  DP  3.176820E+00  0.000000E+00
  DP  3.222630E+00  0.000000E+00
  DP  3.269100E+00  0.000000E+00
  DP  3.316240E+00  0.000000E+00
  DP  3.364060E+00  0.000000E+00
  DP  3.412570E+00  0.000000E+00
  DP  3.461780E+00  0.000000E+00
  DP  3.511690E+00  0.000000E+00
  DP  3.562330E+00  0.000000E+00
  DP  3.613700E+00  0.000000E+00
  DP  3.665810E+00  0.000000E+00
  DP  3.718670E+00  0.000000E+00
  DP  3.772290E+00  0.000000E+00
  DP  3.826690E+00  0.000000E+00
  DP  3.881870E+00  0.000000E+00
  DP  3.937850E+00  0.000000E+00
  DP  3.994630E+00  0.000000E+00
  DP  4.052230E+00  0.000000E+00
  DP  4.110660E+00  1.691831E-09
  DP  4.169940E+00  1.667782E-09
  DP  4.230070E+00  3.288144E-09
  DP  4.291070E+00  0.000000E+00
  DP  4.352940E+00  0.000000E+00
  DP  4.415710E+00  0.000000E+00
  DP  4.479390E+00  0.000000E+00
  DP  4.543980E+00  0.000000E+00
  DP  4.609500E+00  0.000000E+00
  DP  4.675970E+00  0.000000E+00
  DP  4.743400E+00  0.000000E+00
  DP  4.811800E+00  0.000000E+00
  DP  4.881180E+00  0.000000E+00
  DP  4.951570E+00  0.000000E+00
  DP  5.022970E+00  0.000000E+00
  DP  5.095400E+00  0.000000E+00
  DP  5.168880E+00  0.000000E+00
  DP  5.243410E+00  0.000000E+00
  DP  5.319020E+00  0.000000E+00
  DP  5.395720E+00  0.000000E+00
  DP  5.473530E+00  0.000000E+00
  DP  5.552450E+00  0.000000E+00
  DP  5.632520E+00  0.000000E+00
  DP  5.713740E+00  0.000000E+00
  DP  5.796130E+00  0.000000E+00
  DP  5.879710E+00  3.631868E-09
  DP  5.964500E+00  5.829946E-09
  DP  6.050500E+00  1.781591E-07
  DP  6.137750E+00  1.756264E-06
  DP  6.226260E+00  5.711324E-06
  DP  6.316040E+00  1.000497E-05
  DP  6.407120E+00  1.377077E-05
  DP  6.499510E+00  1.589837E-05
  DP  6.593230E+00  1.713698E-05
  DP  6.688300E+00  1.480892E-05
  DP  6.784750E+00  3.306727E-06
  DP  6.882580E+00  9.986671E-07
  DP  6.981830E+00  1.584021E-06
  DP  7.082500E+00  1.933503E-06
  DP  7.184630E+00  2.229121E-06
  DP  7.288240E+00  2.340273E-06
  DP  7.393330E+00  1.646223E-06
  DP  7.499940E+00  2.494382E-07
  DP  7.608090E+00  0.000000E+00
  DP  7.717800E+00  0.000000E+00
  DP  7.829090E+00  0.000000E+00
  DP  7.941980E+00  0.000000E+00
  DP  8.056510E+00  0.000000E+00
  DP  8.172680E+00  0.000000E+00
  DP  8.290530E+00  0.000000E+00
  DP  8.410080E+00  0.000000E+00
  DP  8.531350E+00  0.000000E+00
  DP  8.654370E+00  0.000000E+00
  DP  8.779170E+00  0.000000E+00
  DP  8.905760E+00  0.000000E+00
  DP  9.034180E+00  0.000000E+00
  DP  9.164450E+00  0.000000E+00
  DP  9.296600E+00  0.000000E+00
  DP  9.430660E+00  0.000000E+00
  DP  9.566650E+00  0.000000E+00
  DP  9.704600E+00  0.000000E+00
  DP  9.844540E+00  0.000000E+00
  DP  9.986500E+00  0.000000E+00
  DP  1.013050E+01  0.000000E+00
  DP  1.027660E+01  0.000000E+00
  DP  1.042480E+01  0.000000E+00
  DP  1.057510E+01  0.000000E+00
  DP  1.072760E+01  0.000000E+00
  DP  1.088230E+01  0.000000E+00
  DP  1.103920E+01  0.000000E+00
  DP  1.119840E+01  0.000000E+00
  DP  1.135990E+01  0.000000E+00
  DP  1.152370E+01  0.000000E+00
  DP  1.168980E+01  0.000000E+00
  DP  1.185840E+01  0.000000E+00
  DP  1.202940E+01  0.000000E+00
  DP  1.220290E+01  5.699100E-10
  DP  1.237880E+01  0.000000E+00
  DP  1.255730E+01  0.000000E+00
  DP  1.273840E+01  0.000000E+00
  DP  1.292210E+01  5.381898E-10
  DP  1.310840E+01  3.183234E-09
  DP  1.329740E+01  3.137986E-09
  DP  1.348920E+01  1.959139E-08
  DP  1.368370E+01  1.641594E-07
  DP  1.388100E+01  4.692285E-07
  DP  1.408120E+01  7.153611E-07
  DP  1.428420E+01  1.015095E-06
  DP  1.449020E+01  1.539860E-06
  DP  1.469920E+01  1.764402E-06
  DP  1.491110E+01  1.242838E-06
  DP  1.512610E+01  6.822973E-07
  DP  1.534430E+01  6.526569E-08
  DP  1.556550E+01  0.000000E+00
  DP  1.579000E+01  0.000000E+00
  DP  1.601770E+01  0.000000E+00
  DP  1.624860E+01  0.000000E+00
  DP  1.648290E+01  0.000000E+00
  DP  1.672060E+01  0.000000E+00
  DP  1.696170E+01  0.000000E+00
  DP  1.720630E+01  0.000000E+00
  DP  1.745440E+01  0.000000E+00
  DP  1.770610E+01  0.000000E+00
  DP  1.796140E+01  0.000000E+00
  DP  1.822040E+01  0.000000E+00
  DP  1.848320E+01  0.000000E+00
  DP  1.874970E+01  0.000000E+00
  DP  1.902010E+01  0.000000E+00
  DP  1.929430E+01  0.000000E+00
  DP  1.957260E+01  0.000000E+00
  DP  1.985480E+01  0.000000E+00
  DP  2.014110E+01  0.000000E+00
  DP  2.043150E+01  0.000000E+00
  DP  2.072620E+01  0.000000E+00
  DP  2.102500E+01  0.000000E+00
  DP  2.132820E+01  0.000000E+00
  DP  2.163580E+01  0.000000E+00
  DP  2.194770E+01  0.000000E+00
  DP  2.226420E+01  0.000000E+00
  DP  2.258530E+01  0.000000E+00
  DP  2.291100E+01  0.000000E+00
  DP  2.324130E+01  0.000000E+00
  DP  2.357650E+01  0.000000E+00
  DP  2.391640E+01  0.000000E+00
  DP  2.426130E+01  0.000000E+00
  DP  2.461120E+01  0.000000E+00
  DP  2.496600E+01  0.000000E+00
  DP  2.532610E+01  0.000000E+00
  DP  2.569130E+01  0.000000E+00
  DP  2.606170E+01  0.000000E+00
  DP  2.643750E+01  0.000000E+00
  DP  2.681880E+01  0.000000E+00
  DP  2.720550E+01  0.000000E+00
  DP  2.759780E+01  0.000000E+00
  DP  2.799570E+01  0.000000E+00
  DP  2.839940E+01  0.000000E+00
  DP  2.880890E+01  0.000000E+00
  DP  2.922440E+01  0.000000E+00
  DP  2.964580E+01  0.000000E+00
  DP  3.007330E+01  0.000000E+00
  DP  3.050690E+01  0.000000E+00
  DP  3.094680E+01  0.000000E+00
  DP  3.139310E+01  0.000000E+00
  DP  3.184580E+01  0.000000E+00
  DP  3.230500E+01  0.000000E+00
  DP  3.277080E+01  0.000000E+00
  DP  3.324340E+01  0.000000E+00
  DP  3.372270E+01  0.000000E+00
  DP  3.420900E+01  0.000000E+00
  DP  3.470230E+01  0.000000E+00
  DP  3.520270E+01  0.000000E+00
  DP  3.571030E+01  0.000000E+00
  DP  3.622530E+01  0.000000E+00
  DP  3.674760E+01  0.000000E+00
  DP  3.727750E+01  0.000000E+00
  DP  3.781510E+01  0.000000E+00
  DP  3.836040E+01  0.000000E+00
  DP  3.891350E+01  0.000000E+00
  DP  3.947460E+01  0.000000E+00
  DP  4.004390E+01  0.000000E+00
  DP  4.062130E+01  0.000000E+00
  DP  4.120700E+01  0.000000E+00
  DP  4.180120E+01  0.000000E+00
  DP  4.240400E+01  0.000000E+00
  DP  4.301550E+01  0.000000E+00
  DP  4.363570E+01  0.000000E+00
  DP  4.426500E+01  0.000000E+00
  DP  4.490330E+01  0.000000E+00
  DP  4.555080E+01  1.526766E-10
  DP  4.620760E+01  1.505066E-10
  DP  4.687390E+01  0.000000E+00
  DP  4.754980E+01  1.462575E-10
  DP  4.823550E+01  0.000000E+00
  DP  4.893100E+01  2.842585E-10
  DP  4.963660E+01  1.401092E-10
  DP  5.035240E+01  0.000000E+00
  DP  5.107850E+01  1.361543E-10
  DP  5.181500E+01  4.026555E-10
  DP  5.256220E+01  1.323105E-10
  DP  5.332010E+01  9.130097E-10
  DP  5.408900E+01  3.857271E-10
  DP  5.486890E+01  7.604885E-10
  DP  5.566010E+01  6.247320E-10
  DP  5.646280E+01  1.478042E-09
  DP  5.727690E+01  9.713597E-10
  DP  5.810290E+01  1.316629E-09
  DP  5.894070E+01  1.297912E-09
  DP  5.979060E+01  1.744724E-09
  DP  6.065280E+01  2.293228E-09
  DP  6.152740E+01  2.034568E-09
  DP  6.241460E+01  5.571236E-09
  DP  6.331460E+01  6.260932E-09
  DP  6.422760E+01  6.496772E-09
  DP  6.515380E+01  5.763976E-09
  DP  6.609330E+01  1.000104E-08
  DP  6.704640E+01  1.514416E-08
  DP  6.801320E+01  2.300690E-08
  DP  6.899390E+01  1.391031E-08
  DP  6.998880E+01  1.083096E-08
  DP  7.099800E+01  8.424016E-09
  DP  7.202180E+01  8.400869E-09
  DP  7.306040E+01  1.142265E-08
  DP  7.411390E+01  1.041575E-08
  DP  7.518260E+01  1.276529E-08
  DP  7.626670E+01  1.732558E-08
  DP  7.736650E+01  2.543908E-08
  DP  7.848210E+01  3.244016E-08
  DP  7.961380E+01  3.598962E-08
  DP  8.076180E+01  4.084713E-08
  DP  8.192640E+01  6.901361E-08
  DP  8.310780E+01  8.301149E-08
  DP  8.430620E+01  8.141900E-08
  DP  8.552190E+01  7.994091E-08
  DP  8.675510E+01  7.735715E-08
  DP  8.800610E+01  7.380778E-08
  DP  8.927510E+01  7.764594E-08
  DP  9.056250E+01  7.733025E-08
  DP  9.186840E+01  7.335438E-08
  DP  9.319310E+01  7.044599E-08
  DP  9.453690E+01  6.724573E-08
  DP  9.590010E+01  6.823992E-08
  DP  9.728300E+01  7.159594E-08
  DP  9.868580E+01  6.666599E-08
  DP  1.001090E+02  7.107963E-08
  DP  1.015520E+02  6.986851E-08
  DP  1.030170E+02  7.777011E-08
  DP  1.045020E+02  8.012516E-08
  DP  1.060090E+02  8.666172E-08
  DP  1.075380E+02  8.656312E-08
  DP  1.090890E+02  9.482136E-08
  DP  1.106620E+02  1.018086E-07
  DP  1.122570E+02  1.116821E-07
  DP  1.138760E+02  1.451052E-07
  DP  1.155180E+02  2.557896E-07
  DP  1.171840E+02  3.525805E-07
  DP  1.188740E+02  1.830097E-06
  DP  1.205880E+02  4.771868E-06
  DP  1.223270E+02  4.964390E-06
  DP  1.240910E+02  1.611429E-06
  DP  1.258800E+02  2.453496E-07
  DP  1.276950E+02  1.906780E-07
  DP  1.295370E+02  9.203547E-08
  DP  1.314040E+02  9.679504E-08
  DP  1.332990E+02  3.328445E-07
  DP  1.352210E+02  6.414874E-07
  DP  1.371710E+02  5.347320E-07
  DP  1.391490E+02  1.597190E-07
  DP  1.411560E+02  7.245636E-08
  DP  1.431910E+02  6.819430E-08
  DP  1.452560E+02  5.970360E-08
  DP  1.473510E+02  5.555109E-08
  DP  1.494750E+02  5.699467E-08
  DP  1.516310E+02  5.740061E-08
  DP  1.538170E+02  5.877684E-08
  DP  1.560350E+02  6.177439E-08
  DP  1.582850E+02  6.225828E-08
  DP  1.605680E+02  6.233198E-08
  DP  1.628830E+02  6.733230E-08
  DP  1.652320E+02  8.295843E-08
  DP  1.676150E+02  1.154590E-07
  DP  1.700320E+02  1.508116E-07
  DP  1.724830E+02  1.579768E-07
  DP  1.749710E+02  1.619493E-07
  DP  1.774940E+02  1.536752E-07
  DP  1.800530E+02  1.514792E-07
  DP  1.826490E+02  1.490710E-07
  DP  1.852830E+02  1.490150E-07
  DP  1.879550E+02  1.566666E-07
  DP  1.906650E+02  1.662668E-07
  DP  1.934150E+02  2.136963E-07
  DP  1.962040E+02  2.574750E-07
  DP  1.990330E+02  2.733372E-07
  DP  2.019030E+02  2.720412E-07
  DP  2.048140E+02  2.809337E-07
  DP  2.077680E+02  2.984670E-07
  DP  2.107640E+02  3.124007E-07
  DP  2.138030E+02  3.199804E-07
  DP  2.168860E+02  3.113503E-07
  DP  2.200130E+02  3.098429E-07
  DP  2.231860E+02  3.128786E-07
  DP  2.264040E+02  3.059273E-07
  DP  2.296690E+02  3.052931E-07
  DP  2.329810E+02  3.054059E-07
  DP  2.363400E+02  2.950411E-07
  DP  2.397480E+02  2.910143E-07
  DP  2.432060E+02  2.851392E-07
  DP  2.467130E+02  2.798933E-07
  DP  2.502700E+02  2.734784E-07
  DP  2.538790E+02  2.711613E-07
  DP  2.575400E+02  2.671153E-07
  DP  2.612540E+02  2.572444E-07
  DP  2.650210E+02  2.534232E-07
  DP  2.688430E+02  2.499613E-07
  DP  2.727190E+02  2.422220E-07
  DP  2.766520E+02  2.417866E-07
  DP  2.806410E+02  2.323419E-07
  DP  2.846880E+02  2.335969E-07
  DP  2.887930E+02  2.324329E-07
  DP  2.929570E+02  2.264074E-07
  DP  2.971820E+02  2.206944E-07
  DP  3.014670E+02  2.217757E-07
  DP  3.058140E+02  2.159407E-07
  DP  3.102240E+02  2.135726E-07
  DP  3.146980E+02  2.113441E-07
  DP  3.192350E+02  2.087972E-07
  DP  3.238390E+02  2.046793E-07
  DP  3.285080E+02  2.034134E-07
  DP  3.332460E+02  2.027148E-07
  DP  3.380510E+02  1.968840E-07
  DP  3.429260E+02  1.957543E-07
  DP  3.478710E+02  1.955855E-07
  DP  3.528870E+02  1.941140E-07
  DP  3.579750E+02  1.911267E-07
  DP  3.631370E+02  1.937438E-07
  DP  3.683740E+02  1.946571E-07
  DP  3.736860E+02  1.865025E-07
  DP  3.790740E+02  1.876590E-07
  DP  3.845400E+02  1.869847E-07
  DP  3.900850E+02  1.881345E-07
  DP  3.957100E+02  1.872846E-07
  DP  4.014170E+02  1.858098E-07
  DP  4.072050E+02  1.825819E-07
  DP  4.130770E+02  1.851054E-07
  DP  4.190330E+02  1.829370E-07
  DP  4.250760E+02  1.827691E-07
  DP  4.312050E+02  1.809266E-07
  DP  4.374230E+02  1.798528E-07
  DP  4.437310E+02  1.857672E-07
  DP  4.501290E+02  1.822385E-07
  DP  4.566200E+02  1.824507E-07
  DP  4.632050E+02  1.840475E-07
  DP  4.698840E+02  1.834175E-07
  DP  4.766600E+02  2.706173E-07
  DP  4.835330E+02  5.294795E-07
  DP  4.905060E+02  7.984615E-07
  DP  4.975790E+02  5.439855E-06
  DP  5.047540E+02  1.329907E-05
  DP  5.120320E+02  1.261438E-05
  DP  5.194160E+02  3.806174E-06
  DP  5.269050E+02  5.685070E-07
  DP  5.345030E+02  4.102185E-07
  DP  5.422110E+02  1.529799E-07
  DP  5.500290E+02  1.088862E-07
  DP  5.579610E+02  1.080614E-07
  DP  5.660070E+02  1.091118E-07
  DP  5.741680E+02  1.055747E-07
  DP  5.824480E+02  1.085143E-07
  DP  5.908470E+02  1.090374E-07
  DP  5.993670E+02  1.074548E-07
  DP  6.080090E+02  1.084634E-07
  DP  6.167770E+02  1.078601E-07
  DP  6.256710E+02  1.090616E-07
  DP  6.346930E+02  1.073888E-07
  DP  6.438450E+02  1.110002E-07
  DP  6.531290E+02  1.080004E-07
  DP  6.625470E+02  1.080372E-07
  DP  6.721010E+02  1.084366E-07
  DP  6.817930E+02  1.104755E-07
  DP  6.916240E+02  1.102774E-07
  DP  7.015970E+02  1.137686E-07
  DP  7.117140E+02  1.235167E-07
  DP  7.219770E+02  1.537161E-07
  DP  7.323880E+02  1.629311E-07
  DP  7.429490E+02  1.365011E-07
  DP  7.536620E+02  1.170408E-07
  DP  7.645300E+02  1.304020E-07
  DP  7.755540E+02  1.715553E-07
  DP  7.867380E+02  2.446419E-07
  DP  7.980820E+02  5.875102E-07
  DP  8.095910E+02  8.066755E-07
  DP  8.212650E+02  5.104595E-06
  DP  8.331070E+02  1.858984E-05
  DP  8.451210E+02  2.235973E-05
  DP  8.573070E+02  1.008661E-05
  DP  8.696700E+02  1.148791E-06
  DP  8.822100E+02  6.217664E-07
  DP  8.949320E+02  1.926291E-07
  DP  9.078360E+02  4.470601E-08
  DP  9.209270E+02  4.484773E-08
  DP  9.342070E+02  4.947419E-08
  DP  9.476780E+02  9.787297E-08
  DP  9.613440E+02  2.708287E-07
  DP  9.752060E+02  3.649432E-07
  DP  9.892680E+02  2.449820E-07
  DP  1.003530E+03  4.237101E-07
  DP  1.018000E+03  1.895800E-06
  DP  1.032680E+03  2.691166E-06
  DP  1.047580E+03  1.553714E-06
  DP  1.062680E+03  2.379805E-07
  DP  1.078000E+03  1.070320E-07
  DP  1.093550E+03  6.250420E-08
  DP  1.109320E+03  5.236712E-08
  DP  1.125310E+03  6.913218E-08
  DP  1.141540E+03  1.686867E-07
  DP  1.158000E+03  4.643704E-07
  DP  1.174700E+03  6.578092E-07
  DP  1.191640E+03  8.664418E-07
  DP  1.208820E+03  5.451486E-06
  DP  1.226250E+03  1.056265E-05
  DP  1.243940E+03  8.259879E-06
  DP  1.261870E+03  1.788827E-06
  DP  1.280070E+03  3.255764E-07
  DP  1.298530E+03  2.062386E-07
  DP  1.317250E+03  1.448721E-07
  DP  1.336250E+03  4.860057E-07
  DP  1.355520E+03  6.192688E-07
  DP  1.375060E+03  3.073545E-07
  DP  1.394890E+03  4.512180E-08
  DP  1.415010E+03  4.149004E-08
  DP  1.435410E+03  3.915470E-08
  DP  1.456110E+03  2.218751E-08
  DP  1.477110E+03  9.330140E-09
  DP  1.498400E+03  7.293157E-09
  DP  1.520010E+03  6.713618E-09
  DP  1.541930E+03  6.999953E-09
  DP  1.564160E+03  6.713710E-09
  DP  1.586720E+03  6.977927E-09
  DP  1.609600E+03  7.096498E-09
  DP  1.632810E+03  7.662751E-09
  DP  1.656360E+03  2.085490E-08
  DP  1.680240E+03  5.258195E-08
  DP  1.704470E+03  1.134611E-07
  DP  1.729050E+03  8.656897E-07
  DP  1.753980E+03  1.763717E-06
  DP  1.779270E+03  1.464564E-06
  DP  1.804930E+03  3.850611E-07
  DP  1.830960E+03  8.146237E-08
  DP  1.857360E+03  3.975266E-08
  DP  1.884140E+03  1.585409E-08
  DP  1.911310E+03  4.926178E-08
  DP  1.938870E+03  1.111891E-07
  DP  1.966830E+03  3.238116E-07
  DP  1.995190E+03  8.623557E-07
  DP  2.023960E+03  1.017501E-06
  DP  2.053150E+03  5.097568E-07
  DP  2.082750E+03  7.323589E-08
  DP  2.112790E+03  2.840087E-08
  DP  2.143250E+03  1.673614E-08
  DP  2.174160E+03  2.609252E-08
  DP  2.205510E+03  3.247408E-08
  DP  2.237310E+03  1.733844E-08
  DP  2.269570E+03  4.087737E-09
  DP  2.302300E+03  2.759518E-09
  DP  2.335500E+03  2.480470E-09
  DP  2.369180E+03  2.239725E-09
  DP  2.403340E+03  3.712612E-09
  DP  2.438000E+03  1.956741E-08
  DP  2.473150E+03  3.656810E-08
  DP  2.508810E+03  1.518970E-07
  DP  2.544990E+03  8.520277E-07
  DP  2.581690E+03  1.287743E-06
  DP  2.618920E+03  7.977613E-07
  DP  2.656680E+03  1.207074E-07
  DP  2.694990E+03  3.515895E-08
  DP  2.733850E+03  1.582534E-08
  DP  2.773270E+03  1.910206E-09
  DP  2.813260E+03  1.273103E-09
  DP  2.853830E+03  2.522676E-09
  DP  2.894980E+03  4.759359E-09
  DP  2.936730E+03  3.298672E-08
  DP  2.979080E+03  6.656923E-08
  DP  3.022030E+03  5.922046E-08
  DP  3.065610E+03  2.858938E-08
  DP  3.109820E+03  7.310362E-08
  DP  3.154660E+03  2.796518E-07
  DP  3.200150E+03  6.137363E-07
  DP  3.246300E+03  6.202883E-07
  DP  3.293110E+03  2.830945E-07
  DP  3.340590E+03  4.881432E-08
  DP  3.388770E+03  5.270871E-08
  DP  3.437630E+03  5.426928E-08
  DP  3.487200E+03  2.631053E-08
  DP  3.537490E+03  3.319729E-09
  DP  3.588500E+03  1.260945E-09
  DP  3.640240E+03  4.088381E-10
  DP  3.692730E+03  2.448291E-11
  DP  3.745980E+03  0.000000E+00
  DP  3.800000E+03  0.000000E+00
  
 EN
