 # final1D_0_1p38_0p6_1p25_edge/final1D_0_1p38_0p6_1p25_edge_100_100/quickspec.dat                     
 #    1.0000000000000000      =Mpc
  DP  3.000000E+00  0.000000E+00
  DP  3.043260E+00  0.000000E+00
  DP  3.087140E+00  0.000000E+00
  DP  3.131660E+00  0.000000E+00
  DP  3.176820E+00  0.000000E+00
  DP  3.222630E+00  0.000000E+00
  DP  3.269100E+00  0.000000E+00
  DP  3.316240E+00  0.000000E+00
  DP  3.364060E+00  0.000000E+00
  DP  3.412570E+00  0.000000E+00
  DP  3.461780E+00  0.000000E+00
  DP  3.511690E+00  0.000000E+00
  DP  3.562330E+00  0.000000E+00
  DP  3.613700E+00  0.000000E+00
  DP  3.665810E+00  0.000000E+00
  DP  3.718670E+00  0.000000E+00
  DP  3.772290E+00  0.000000E+00
  DP  3.826690E+00  0.000000E+00
  DP  3.881870E+00  0.000000E+00
  DP  3.937850E+00  0.000000E+00
  DP  3.994630E+00  0.000000E+00
  DP  4.052230E+00  0.000000E+00
  DP  4.110660E+00  0.000000E+00
  DP  4.169940E+00  0.000000E+00
  DP  4.230070E+00  0.000000E+00
  DP  4.291070E+00  0.000000E+00
  DP  4.352940E+00  0.000000E+00
  DP  4.415710E+00  0.000000E+00
  DP  4.479390E+00  0.000000E+00
  DP  4.543980E+00  0.000000E+00
  DP  4.609500E+00  0.000000E+00
  DP  4.675970E+00  0.000000E+00
  DP  4.743400E+00  0.000000E+00
  DP  4.811800E+00  0.000000E+00
  DP  4.881180E+00  0.000000E+00
  DP  4.951570E+00  0.000000E+00
  DP  5.022970E+00  0.000000E+00
  DP  5.095400E+00  0.000000E+00
  DP  5.168880E+00  0.000000E+00
  DP  5.243410E+00  0.000000E+00
  DP  5.319020E+00  0.000000E+00
  DP  5.395720E+00  0.000000E+00
  DP  5.473530E+00  0.000000E+00
  DP  5.552450E+00  0.000000E+00
  DP  5.632520E+00  0.000000E+00
  DP  5.713740E+00  0.000000E+00
  DP  5.796130E+00  0.000000E+00
  DP  5.879710E+00  0.000000E+00
  DP  5.964500E+00  0.000000E+00
  DP  6.050500E+00  0.000000E+00
  DP  6.137750E+00  7.342064E-08
  DP  6.226260E+00  9.935365E-07
  DP  6.316040E+00  4.741410E-06
  DP  6.407120E+00  1.075467E-05
  DP  6.499510E+00  1.821599E-05
  DP  6.593230E+00  2.496020E-05
  DP  6.688300E+00  3.047307E-05
  DP  6.784750E+00  1.229961E-05
  DP  6.882580E+00  3.452322E-07
  DP  6.981830E+00  8.684138E-07
  DP  7.082500E+00  2.018709E-06
  DP  7.184630E+00  3.096465E-06
  DP  7.288240E+00  4.368006E-06
  DP  7.393330E+00  4.166894E-06
  DP  7.499940E+00  1.174402E-06
  DP  7.608090E+00  0.000000E+00
  DP  7.717800E+00  0.000000E+00
  DP  7.829090E+00  0.000000E+00
  DP  7.941980E+00  5.158291E-09
  DP  8.056510E+00  0.000000E+00
  DP  8.172680E+00  0.000000E+00
  DP  8.290530E+00  0.000000E+00
  DP  8.410080E+00  0.000000E+00
  DP  8.531350E+00  0.000000E+00
  DP  8.654370E+00  0.000000E+00
  DP  8.779170E+00  0.000000E+00
  DP  8.905760E+00  0.000000E+00
  DP  9.034180E+00  0.000000E+00
  DP  9.164450E+00  0.000000E+00
  DP  9.296600E+00  0.000000E+00
  DP  9.430660E+00  0.000000E+00
  DP  9.566650E+00  0.000000E+00
  DP  9.704600E+00  0.000000E+00
  DP  9.844540E+00  0.000000E+00
  DP  9.986500E+00  0.000000E+00
  DP  1.013050E+01  0.000000E+00
  DP  1.027660E+01  0.000000E+00
  DP  1.042480E+01  0.000000E+00
  DP  1.057510E+01  0.000000E+00
  DP  1.072760E+01  0.000000E+00
  DP  1.088230E+01  0.000000E+00
  DP  1.103920E+01  0.000000E+00
  DP  1.119840E+01  0.000000E+00
  DP  1.135990E+01  0.000000E+00
  DP  1.152370E+01  0.000000E+00
  DP  1.168980E+01  0.000000E+00
  DP  1.185840E+01  0.000000E+00
  DP  1.202940E+01  0.000000E+00
  DP  1.220290E+01  0.000000E+00
  DP  1.237880E+01  0.000000E+00
  DP  1.255730E+01  0.000000E+00
  DP  1.273840E+01  0.000000E+00
  DP  1.292210E+01  0.000000E+00
  DP  1.310840E+01  0.000000E+00
  DP  1.329740E+01  0.000000E+00
  DP  1.348920E+01  0.000000E+00
  DP  1.368370E+01  0.000000E+00
  DP  1.388100E+01  2.361037E-08
  DP  1.408120E+01  8.437134E-08
  DP  1.428420E+01  1.520031E-07
  DP  1.449020E+01  4.240836E-07
  DP  1.469920E+01  6.268419E-07
  DP  1.491110E+01  7.765538E-07
  DP  1.512610E+01  5.877141E-07
  DP  1.534430E+01  1.228139E-07
  DP  1.556550E+01  0.000000E+00
  DP  1.579000E+01  0.000000E+00
  DP  1.601770E+01  0.000000E+00
  DP  1.624860E+01  0.000000E+00
  DP  1.648290E+01  0.000000E+00
  DP  1.672060E+01  0.000000E+00
  DP  1.696170E+01  0.000000E+00
  DP  1.720630E+01  0.000000E+00
  DP  1.745440E+01  0.000000E+00
  DP  1.770610E+01  0.000000E+00
  DP  1.796140E+01  0.000000E+00
  DP  1.822040E+01  0.000000E+00
  DP  1.848320E+01  0.000000E+00
  DP  1.874970E+01  0.000000E+00
  DP  1.902010E+01  0.000000E+00
  DP  1.929430E+01  0.000000E+00
  DP  1.957260E+01  0.000000E+00
  DP  1.985480E+01  0.000000E+00
  DP  2.014110E+01  0.000000E+00
  DP  2.043150E+01  0.000000E+00
  DP  2.072620E+01  0.000000E+00
  DP  2.102500E+01  0.000000E+00
  DP  2.132820E+01  0.000000E+00
  DP  2.163580E+01  0.000000E+00
  DP  2.194770E+01  0.000000E+00
  DP  2.226420E+01  0.000000E+00
  DP  2.258530E+01  0.000000E+00
  DP  2.291100E+01  0.000000E+00
  DP  2.324130E+01  0.000000E+00
  DP  2.357650E+01  0.000000E+00
  DP  2.391640E+01  0.000000E+00
  DP  2.426130E+01  0.000000E+00
  DP  2.461120E+01  0.000000E+00
  DP  2.496600E+01  0.000000E+00
  DP  2.532610E+01  0.000000E+00
  DP  2.569130E+01  0.000000E+00
  DP  2.606170E+01  0.000000E+00
  DP  2.643750E+01  0.000000E+00
  DP  2.681880E+01  0.000000E+00
  DP  2.720550E+01  0.000000E+00
  DP  2.759780E+01  0.000000E+00
  DP  2.799570E+01  0.000000E+00
  DP  2.839940E+01  0.000000E+00
  DP  2.880890E+01  0.000000E+00
  DP  2.922440E+01  0.000000E+00
  DP  2.964580E+01  0.000000E+00
  DP  3.007330E+01  0.000000E+00
  DP  3.050690E+01  0.000000E+00
  DP  3.094680E+01  0.000000E+00
  DP  3.139310E+01  0.000000E+00
  DP  3.184580E+01  0.000000E+00
  DP  3.230500E+01  0.000000E+00
  DP  3.277080E+01  0.000000E+00
  DP  3.324340E+01  0.000000E+00
  DP  3.372270E+01  0.000000E+00
  DP  3.420900E+01  0.000000E+00
  DP  3.470230E+01  0.000000E+00
  DP  3.520270E+01  0.000000E+00
  DP  3.571030E+01  0.000000E+00
  DP  3.622530E+01  0.000000E+00
  DP  3.674760E+01  0.000000E+00
  DP  3.727750E+01  0.000000E+00
  DP  3.781510E+01  0.000000E+00
  DP  3.836040E+01  0.000000E+00
  DP  3.891350E+01  0.000000E+00
  DP  3.947460E+01  0.000000E+00
  DP  4.004390E+01  0.000000E+00
  DP  4.062130E+01  0.000000E+00
  DP  4.120700E+01  0.000000E+00
  DP  4.180120E+01  9.800415E-10
  DP  4.240400E+01  9.661121E-10
  DP  4.301550E+01  0.000000E+00
  DP  4.363570E+01  1.877685E-09
  DP  4.426500E+01  9.254936E-10
  DP  4.490330E+01  9.123413E-10
  DP  4.555080E+01  2.698118E-09
  DP  4.620760E+01  1.773176E-09
  DP  4.687390E+01  4.369919E-09
  DP  4.754980E+01  1.723124E-09
  DP  4.823550E+01  7.643824E-09
  DP  4.893100E+01  5.860688E-09
  DP  4.963660E+01  8.253394E-09
  DP  5.035240E+01  1.627214E-08
  DP  5.107850E+01  1.924904E-08
  DP  5.181500E+01  1.185958E-08
  DP  5.256220E+01  2.026446E-08
  DP  5.332010E+01  2.151302E-08
  DP  5.408900E+01  2.423682E-08
  DP  5.486890E+01  2.986542E-08
  DP  5.566010E+01  3.974514E-08
  DP  5.646280E+01  4.425913E-08
  DP  5.727690E+01  6.008063E-08
  DP  5.810290E+01  5.781640E-08
  DP  5.894070E+01  6.533521E-08
  DP  5.979060E+01  7.742484E-08
  DP  6.065280E+01  8.915766E-08
  DP  6.152740E+01  1.052020E-07
  DP  6.241460E+01  1.188031E-07
  DP  6.331460E+01  1.397607E-07
  DP  6.422760E+01  1.658390E-07
  DP  6.515380E+01  2.100105E-07
  DP  6.609330E+01  2.256203E-07
  DP  6.704640E+01  2.492987E-07
  DP  6.801320E+01  2.994439E-07
  DP  6.899390E+01  3.212338E-07
  DP  6.998880E+01  3.576409E-07
  DP  7.099800E+01  3.675595E-07
  DP  7.202180E+01  4.514403E-07
  DP  7.306040E+01  4.883111E-07
  DP  7.411390E+01  5.361091E-07
  DP  7.518260E+01  5.928522E-07
  DP  7.626670E+01  6.376036E-07
  DP  7.736650E+01  7.625082E-07
  DP  7.848210E+01  7.892524E-07
  DP  7.961380E+01  8.397861E-07
  DP  8.076180E+01  1.000998E-06
  DP  8.192640E+01  1.096574E-06
  DP  8.310780E+01  1.129915E-06
  DP  8.430620E+01  1.295648E-06
  DP  8.552190E+01  1.377637E-06
  DP  8.675510E+01  1.472920E-06
  DP  8.800610E+01  1.551717E-06
  DP  8.927510E+01  1.650635E-06
  DP  9.056250E+01  1.721695E-06
  DP  9.186840E+01  1.903688E-06
  DP  9.319310E+01  1.991761E-06
  DP  9.453690E+01  2.045389E-06
  DP  9.590010E+01  2.183898E-06
  DP  9.728300E+01  2.270258E-06
  DP  9.868580E+01  2.417181E-06
  DP  1.001090E+02  2.576781E-06
  DP  1.015520E+02  2.669482E-06
  DP  1.030170E+02  2.857200E-06
  DP  1.045020E+02  2.919510E-06
  DP  1.060090E+02  3.085227E-06
  DP  1.075380E+02  3.262023E-06
  DP  1.090890E+02  3.435084E-06
  DP  1.106620E+02  3.531395E-06
  DP  1.122570E+02  3.768714E-06
  DP  1.138760E+02  3.873573E-06
  DP  1.155180E+02  4.218258E-06
  DP  1.171840E+02  4.481422E-06
  DP  1.188740E+02  5.085301E-06
  DP  1.205880E+02  6.697315E-06
  DP  1.223270E+02  8.594144E-06
  DP  1.240910E+02  6.625671E-06
  DP  1.258800E+02  5.016364E-06
  DP  1.276950E+02  4.975813E-06
  DP  1.295370E+02  4.906792E-06
  DP  1.314040E+02  5.027461E-06
  DP  1.332990E+02  5.109768E-06
  DP  1.352210E+02  5.378029E-06
  DP  1.371710E+02  5.619166E-06
  DP  1.391490E+02  5.365303E-06
  DP  1.411560E+02  5.300326E-06
  DP  1.431910E+02  5.263535E-06
  DP  1.452560E+02  5.307721E-06
  DP  1.473510E+02  5.317281E-06
  DP  1.494750E+02  5.406966E-06
  DP  1.516310E+02  5.391883E-06
  DP  1.538170E+02  5.542567E-06
  DP  1.560350E+02  5.635853E-06
  DP  1.582850E+02  5.667389E-06
  DP  1.605680E+02  5.632126E-06
  DP  1.628830E+02  5.635744E-06
  DP  1.652320E+02  5.820696E-06
  DP  1.676150E+02  6.024115E-06
  DP  1.700320E+02  6.456262E-06
  DP  1.724830E+02  6.666716E-06
  DP  1.749710E+02  6.654834E-06
  DP  1.774940E+02  6.646060E-06
  DP  1.800530E+02  6.596016E-06
  DP  1.826490E+02  6.615811E-06
  DP  1.852830E+02  6.626039E-06
  DP  1.879550E+02  6.624969E-06
  DP  1.906650E+02  6.818929E-06
  DP  1.934150E+02  7.088844E-06
  DP  1.962040E+02  7.672853E-06
  DP  1.990330E+02  7.974404E-06
  DP  2.019030E+02  7.969182E-06
  DP  2.048140E+02  7.965656E-06
  DP  2.077680E+02  7.960701E-06
  DP  2.107640E+02  8.153975E-06
  DP  2.138030E+02  8.301299E-06
  DP  2.168860E+02  8.224700E-06
  DP  2.200130E+02  8.118412E-06
  DP  2.231860E+02  8.130954E-06
  DP  2.264040E+02  8.013803E-06
  DP  2.296690E+02  7.844393E-06
  DP  2.329810E+02  7.834843E-06
  DP  2.363400E+02  7.809674E-06
  DP  2.397480E+02  7.537670E-06
  DP  2.432060E+02  7.471240E-06
  DP  2.467130E+02  7.418162E-06
  DP  2.502700E+02  7.205385E-06
  DP  2.538790E+02  7.088326E-06
  DP  2.575400E+02  6.979556E-06
  DP  2.612540E+02  6.882250E-06
  DP  2.650210E+02  6.735486E-06
  DP  2.688430E+02  6.684506E-06
  DP  2.727190E+02  6.600495E-06
  DP  2.766520E+02  6.430910E-06
  DP  2.806410E+02  6.343949E-06
  DP  2.846880E+02  6.258158E-06
  DP  2.887930E+02  6.170253E-06
  DP  2.929570E+02  6.035713E-06
  DP  2.971820E+02  5.979527E-06
  DP  3.014670E+02  5.891505E-06
  DP  3.058140E+02  5.759998E-06
  DP  3.102240E+02  5.695448E-06
  DP  3.146980E+02  5.652331E-06
  DP  3.192350E+02  5.565521E-06
  DP  3.238390E+02  5.491386E-06
  DP  3.285080E+02  5.454820E-06
  DP  3.332460E+02  5.357908E-06
  DP  3.380510E+02  5.329765E-06
  DP  3.429260E+02  5.225373E-06
  DP  3.478710E+02  5.173883E-06
  DP  3.528870E+02  5.155291E-06
  DP  3.579750E+02  5.061930E-06
  DP  3.631370E+02  5.024152E-06
  DP  3.683740E+02  4.977927E-06
  DP  3.736860E+02  4.910193E-06
  DP  3.790740E+02  4.874003E-06
  DP  3.845400E+02  4.809754E-06
  DP  3.900850E+02  4.785563E-06
  DP  3.957100E+02  4.751036E-06
  DP  4.014170E+02  4.682826E-06
  DP  4.072050E+02  4.659605E-06
  DP  4.130770E+02  4.640679E-06
  DP  4.190330E+02  4.571082E-06
  DP  4.250760E+02  4.585529E-06
  DP  4.312050E+02  4.540139E-06
  DP  4.374230E+02  4.528809E-06
  DP  4.437310E+02  4.469815E-06
  DP  4.501290E+02  4.486277E-06
  DP  4.566200E+02  4.441865E-06
  DP  4.632050E+02  4.416103E-06
  DP  4.698840E+02  4.427016E-06
  DP  4.766600E+02  4.674913E-06
  DP  4.835330E+02  5.882188E-06
  DP  4.905060E+02  6.748254E-06
  DP  4.975790E+02  1.586261E-05
  DP  5.047540E+02  4.319458E-05
  DP  5.120320E+02  5.728112E-05
  DP  5.194160E+02  2.295752E-05
  DP  5.269050E+02  5.625249E-06
  DP  5.345030E+02  4.670351E-06
  DP  5.422110E+02  3.134945E-06
  DP  5.500290E+02  2.858562E-06
  DP  5.579610E+02  2.828037E-06
  DP  5.660070E+02  2.814359E-06
  DP  5.741680E+02  2.818219E-06
  DP  5.824480E+02  2.791304E-06
  DP  5.908470E+02  2.787745E-06
  DP  5.993670E+02  2.758390E-06
  DP  6.080090E+02  2.775186E-06
  DP  6.167770E+02  2.752541E-06
  DP  6.256710E+02  2.732929E-06
  DP  6.346930E+02  2.729395E-06
  DP  6.438450E+02  2.712599E-06
  DP  6.531290E+02  2.715382E-06
  DP  6.625470E+02  2.708505E-06
  DP  6.721010E+02  2.696606E-06
  DP  6.817930E+02  2.675908E-06
  DP  6.916240E+02  2.672156E-06
  DP  7.015970E+02  2.712574E-06
  DP  7.117140E+02  2.723362E-06
  DP  7.219770E+02  2.827486E-06
  DP  7.323880E+02  2.922393E-06
  DP  7.429490E+02  2.836026E-06
  DP  7.536620E+02  2.699806E-06
  DP  7.645300E+02  2.729562E-06
  DP  7.755540E+02  2.881666E-06
  DP  7.867380E+02  3.204793E-06
  DP  7.980820E+02  4.704276E-06
  DP  8.095910E+02  6.220113E-06
  DP  8.212650E+02  1.529632E-05
  DP  8.331070E+02  5.867097E-05
  DP  8.451210E+02  9.578313E-05
  DP  8.573070E+02  5.435267E-05
  DP  8.696700E+02  7.541012E-06
  DP  8.822100E+02  4.533120E-06
  DP  8.949320E+02  1.971380E-06
  DP  9.078360E+02  1.088995E-06
  DP  9.209270E+02  1.062749E-06
  DP  9.342070E+02  1.097418E-06
  DP  9.476780E+02  1.190203E-06
  DP  9.613440E+02  1.745459E-06
  DP  9.752060E+02  2.393250E-06
  DP  9.892680E+02  2.130512E-06
  DP  1.003530E+03  2.135709E-06
  DP  1.018000E+03  6.607915E-06
  DP  1.032680E+03  1.184045E-05
  DP  1.047580E+03  8.736112E-06
  DP  1.062680E+03  2.051431E-06
  DP  1.078000E+03  1.297720E-06
  DP  1.093550E+03  1.028966E-06
  DP  1.109320E+03  9.316603E-07
  DP  1.125310E+03  1.000230E-06
  DP  1.141540E+03  1.271733E-06
  DP  1.158000E+03  2.386164E-06
  DP  1.174700E+03  3.818724E-06
  DP  1.191640E+03  4.055525E-06
  DP  1.208820E+03  1.671091E-05
  DP  1.226250E+03  4.121671E-05
  DP  1.243940E+03  4.154661E-05
  DP  1.261870E+03  1.037247E-05
  DP  1.280070E+03  2.108344E-06
  DP  1.298530E+03  1.409414E-06
  DP  1.317250E+03  6.894784E-07
  DP  1.336250E+03  1.830172E-06
  DP  1.355520E+03  2.908163E-06
  DP  1.375060E+03  1.833598E-06
  DP  1.394890E+03  4.234903E-07
  DP  1.415010E+03  3.640900E-07
  DP  1.435410E+03  3.465508E-07
  DP  1.456110E+03  2.847406E-07
  DP  1.477110E+03  2.136578E-07
  DP  1.498400E+03  2.001997E-07
  DP  1.520010E+03  2.041303E-07
  DP  1.541930E+03  1.999348E-07
  DP  1.564160E+03  2.023505E-07
  DP  1.586720E+03  1.980697E-07
  DP  1.609600E+03  1.991627E-07
  DP  1.632810E+03  1.975040E-07
  DP  1.656360E+03  2.604631E-07
  DP  1.680240E+03  4.299019E-07
  DP  1.704470E+03  6.070181E-07
  DP  1.729050E+03  2.926003E-06
  DP  1.753980E+03  7.269350E-06
  DP  1.779270E+03  7.487626E-06
  DP  1.804930E+03  2.237469E-06
  DP  1.830960E+03  5.647418E-07
  DP  1.857360E+03  3.324183E-07
  DP  1.884140E+03  1.740061E-07
  DP  1.911310E+03  2.911672E-07
  DP  1.938870E+03  5.721678E-07
  DP  1.966830E+03  1.282420E-06
  DP  1.995190E+03  3.368361E-06
  DP  2.023960E+03  4.823282E-06
  DP  2.053150E+03  2.827026E-06
  DP  2.082750E+03  4.878917E-07
  DP  2.112790E+03  2.284396E-07
  DP  2.143250E+03  1.375121E-07
  DP  2.174160E+03  1.581882E-07
  DP  2.205510E+03  2.123877E-07
  DP  2.237310E+03  1.481752E-07
  DP  2.269570E+03  7.662909E-08
  DP  2.302300E+03  7.199377E-08
  DP  2.335500E+03  6.703257E-08
  DP  2.369180E+03  6.586406E-08
  DP  2.403340E+03  7.154698E-08
  DP  2.438000E+03  1.423787E-07
  DP  2.473150E+03  2.547677E-07
  DP  2.508810E+03  5.931990E-07
  DP  2.544990E+03  3.162653E-06
  DP  2.581690E+03  5.922990E-06
  DP  2.618920E+03  4.354620E-06
  DP  2.656680E+03  7.256323E-07
  DP  2.694990E+03  2.329828E-07
  DP  2.733850E+03  1.143978E-07
  DP  2.773270E+03  3.023843E-08
  DP  2.813260E+03  2.621694E-08
  DP  2.853830E+03  3.286055E-08
  DP  2.894980E+03  3.935591E-08
  DP  2.936730E+03  1.379542E-07
  DP  2.979080E+03  3.085895E-07
  DP  3.022030E+03  3.264204E-07
  DP  3.065610E+03  1.745067E-07
  DP  3.109820E+03  3.100944E-07
  DP  3.154660E+03  1.102064E-06
  DP  3.200150E+03  2.646069E-06
  DP  3.246300E+03  3.076720E-06
  DP  3.293110E+03  1.581690E-06
  DP  3.340590E+03  2.680429E-07
  DP  3.388770E+03  2.437018E-07
  DP  3.437630E+03  2.697692E-07
  DP  3.487200E+03  1.481109E-07
  DP  3.537490E+03  1.918161E-08
  DP  3.588500E+03  7.338129E-09
  DP  3.640240E+03  2.610915E-09
  DP  3.692730E+03  1.775031E-10
  DP  3.745980E+03  0.000000E+00
  DP  3.800000E+03  0.000000E+00
  
 EN
