 # final1D_0_1p38_0p6_1p25_edge/final1D_0_1p38_0p6_1p25_edge_250_100/quickspec.dat                     
 #    1.0000000000000000      =Mpc
  DP  3.000000E+00  7.202803E-09
  DP  3.043260E+00  0.000000E+00
  DP  3.087140E+00  0.000000E+00
  DP  3.131660E+00  0.000000E+00
  DP  3.176820E+00  0.000000E+00
  DP  3.222630E+00  0.000000E+00
  DP  3.269100E+00  0.000000E+00
  DP  3.316240E+00  0.000000E+00
  DP  3.364060E+00  0.000000E+00
  DP  3.412570E+00  0.000000E+00
  DP  3.461780E+00  0.000000E+00
  DP  3.511690E+00  0.000000E+00
  DP  3.562330E+00  0.000000E+00
  DP  3.613700E+00  0.000000E+00
  DP  3.665810E+00  0.000000E+00
  DP  3.718670E+00  0.000000E+00
  DP  3.772290E+00  0.000000E+00
  DP  3.826690E+00  0.000000E+00
  DP  3.881870E+00  0.000000E+00
  DP  3.937850E+00  0.000000E+00
  DP  3.994630E+00  0.000000E+00
  DP  4.052230E+00  0.000000E+00
  DP  4.110660E+00  2.628337E-09
  DP  4.169940E+00  2.590969E-09
  DP  4.230070E+00  0.000000E+00
  DP  4.291070E+00  2.517838E-09
  DP  4.352940E+00  0.000000E+00
  DP  4.415710E+00  0.000000E+00
  DP  4.479390E+00  0.000000E+00
  DP  4.543980E+00  0.000000E+00
  DP  4.609500E+00  0.000000E+00
  DP  4.675970E+00  0.000000E+00
  DP  4.743400E+00  0.000000E+00
  DP  4.811800E+00  0.000000E+00
  DP  4.881180E+00  0.000000E+00
  DP  4.951570E+00  0.000000E+00
  DP  5.022970E+00  0.000000E+00
  DP  5.095400E+00  0.000000E+00
  DP  5.168880E+00  0.000000E+00
  DP  5.243410E+00  0.000000E+00
  DP  5.319020E+00  0.000000E+00
  DP  5.395720E+00  0.000000E+00
  DP  5.473530E+00  0.000000E+00
  DP  5.552450E+00  0.000000E+00
  DP  5.632520E+00  0.000000E+00
  DP  5.713740E+00  0.000000E+00
  DP  5.796130E+00  0.000000E+00
  DP  5.879710E+00  7.350153E-09
  DP  5.964500E+00  5.434256E-09
  DP  6.050500E+00  8.749816E-08
  DP  6.137750E+00  1.551333E-06
  DP  6.226260E+00  5.688195E-06
  DP  6.316040E+00  1.176608E-05
  DP  6.407120E+00  1.774371E-05
  DP  6.499510E+00  2.116683E-05
  DP  6.593230E+00  2.432581E-05
  DP  6.688300E+00  2.124278E-05
  DP  6.784750E+00  4.952441E-06
  DP  6.882580E+00  1.081884E-06
  DP  6.981830E+00  1.882531E-06
  DP  7.082500E+00  2.619447E-06
  DP  7.184630E+00  3.041800E-06
  DP  7.288240E+00  3.331235E-06
  DP  7.393330E+00  2.405441E-06
  DP  7.499940E+00  3.702267E-07
  DP  7.608090E+00  0.000000E+00
  DP  7.717800E+00  0.000000E+00
  DP  7.829090E+00  0.000000E+00
  DP  7.941980E+00  0.000000E+00
  DP  8.056510E+00  0.000000E+00
  DP  8.172680E+00  0.000000E+00
  DP  8.290530E+00  0.000000E+00
  DP  8.410080E+00  0.000000E+00
  DP  8.531350E+00  0.000000E+00
  DP  8.654370E+00  0.000000E+00
  DP  8.779170E+00  0.000000E+00
  DP  8.905760E+00  0.000000E+00
  DP  9.034180E+00  0.000000E+00
  DP  9.164450E+00  0.000000E+00
  DP  9.296600E+00  0.000000E+00
  DP  9.430660E+00  0.000000E+00
  DP  9.566650E+00  0.000000E+00
  DP  9.704600E+00  0.000000E+00
  DP  9.844540E+00  0.000000E+00
  DP  9.986500E+00  0.000000E+00
  DP  1.013050E+01  0.000000E+00
  DP  1.027660E+01  0.000000E+00
  DP  1.042480E+01  0.000000E+00
  DP  1.057510E+01  0.000000E+00
  DP  1.072760E+01  0.000000E+00
  DP  1.088230E+01  0.000000E+00
  DP  1.103920E+01  0.000000E+00
  DP  1.119840E+01  0.000000E+00
  DP  1.135990E+01  0.000000E+00
  DP  1.152370E+01  0.000000E+00
  DP  1.168980E+01  0.000000E+00
  DP  1.185840E+01  0.000000E+00
  DP  1.202940E+01  0.000000E+00
  DP  1.220290E+01  0.000000E+00
  DP  1.237880E+01  0.000000E+00
  DP  1.255730E+01  0.000000E+00
  DP  1.273840E+01  0.000000E+00
  DP  1.292210E+01  8.361011E-10
  DP  1.310840E+01  8.242181E-10
  DP  1.329740E+01  1.624999E-09
  DP  1.348920E+01  8.009516E-09
  DP  1.368370E+01  1.002753E-07
  DP  1.388100E+01  4.153507E-07
  DP  1.408120E+01  5.825066E-07
  DP  1.428420E+01  9.180818E-07
  DP  1.449020E+01  1.347430E-06
  DP  1.469920E+01  1.587247E-06
  DP  1.491110E+01  1.313772E-06
  DP  1.512610E+01  7.214159E-07
  DP  1.534430E+01  9.223935E-08
  DP  1.556550E+01  0.000000E+00
  DP  1.579000E+01  0.000000E+00
  DP  1.601770E+01  0.000000E+00
  DP  1.624860E+01  0.000000E+00
  DP  1.648290E+01  0.000000E+00
  DP  1.672060E+01  0.000000E+00
  DP  1.696170E+01  0.000000E+00
  DP  1.720630E+01  0.000000E+00
  DP  1.745440E+01  0.000000E+00
  DP  1.770610E+01  0.000000E+00
  DP  1.796140E+01  0.000000E+00
  DP  1.822040E+01  0.000000E+00
  DP  1.848320E+01  0.000000E+00
  DP  1.874970E+01  0.000000E+00
  DP  1.902010E+01  0.000000E+00
  DP  1.929430E+01  0.000000E+00
  DP  1.957260E+01  0.000000E+00
  DP  1.985480E+01  0.000000E+00
  DP  2.014110E+01  0.000000E+00
  DP  2.043150E+01  0.000000E+00
  DP  2.072620E+01  0.000000E+00
  DP  2.102500E+01  0.000000E+00
  DP  2.132820E+01  0.000000E+00
  DP  2.163580E+01  0.000000E+00
  DP  2.194770E+01  0.000000E+00
  DP  2.226420E+01  0.000000E+00
  DP  2.258530E+01  0.000000E+00
  DP  2.291100E+01  0.000000E+00
  DP  2.324130E+01  0.000000E+00
  DP  2.357650E+01  0.000000E+00
  DP  2.391640E+01  0.000000E+00
  DP  2.426130E+01  0.000000E+00
  DP  2.461120E+01  0.000000E+00
  DP  2.496600E+01  0.000000E+00
  DP  2.532610E+01  0.000000E+00
  DP  2.569130E+01  0.000000E+00
  DP  2.606170E+01  0.000000E+00
  DP  2.643750E+01  0.000000E+00
  DP  2.681880E+01  0.000000E+00
  DP  2.720550E+01  0.000000E+00
  DP  2.759780E+01  0.000000E+00
  DP  2.799570E+01  0.000000E+00
  DP  2.839940E+01  0.000000E+00
  DP  2.880890E+01  0.000000E+00
  DP  2.922440E+01  0.000000E+00
  DP  2.964580E+01  0.000000E+00
  DP  3.007330E+01  0.000000E+00
  DP  3.050690E+01  0.000000E+00
  DP  3.094680E+01  0.000000E+00
  DP  3.139310E+01  0.000000E+00
  DP  3.184580E+01  0.000000E+00
  DP  3.230500E+01  0.000000E+00
  DP  3.277080E+01  0.000000E+00
  DP  3.324340E+01  0.000000E+00
  DP  3.372270E+01  0.000000E+00
  DP  3.420900E+01  0.000000E+00
  DP  3.470230E+01  0.000000E+00
  DP  3.520270E+01  0.000000E+00
  DP  3.571030E+01  0.000000E+00
  DP  3.622530E+01  0.000000E+00
  DP  3.674760E+01  0.000000E+00
  DP  3.727750E+01  0.000000E+00
  DP  3.781510E+01  0.000000E+00
  DP  3.836040E+01  0.000000E+00
  DP  3.891350E+01  0.000000E+00
  DP  3.947460E+01  0.000000E+00
  DP  4.004390E+01  0.000000E+00
  DP  4.062130E+01  0.000000E+00
  DP  4.120700E+01  0.000000E+00
  DP  4.180120E+01  0.000000E+00
  DP  4.240400E+01  0.000000E+00
  DP  4.301550E+01  0.000000E+00
  DP  4.363570E+01  0.000000E+00
  DP  4.426500E+01  0.000000E+00
  DP  4.490330E+01  0.000000E+00
  DP  4.555080E+01  0.000000E+00
  DP  4.620760E+01  0.000000E+00
  DP  4.687390E+01  0.000000E+00
  DP  4.754980E+01  0.000000E+00
  DP  4.823550E+01  0.000000E+00
  DP  4.893100E+01  0.000000E+00
  DP  4.963660E+01  4.353316E-10
  DP  5.035240E+01  2.145720E-10
  DP  5.107850E+01  0.000000E+00
  DP  5.181500E+01  6.255450E-10
  DP  5.256220E+01  6.166526E-10
  DP  5.332010E+01  8.105159E-10
  DP  5.408900E+01  7.989947E-10
  DP  5.486890E+01  1.181455E-09
  DP  5.566010E+01  1.941098E-09
  DP  5.646280E+01  1.530810E-09
  DP  5.727690E+01  1.953474E-09
  DP  5.810290E+01  1.673548E-09
  DP  5.894070E+01  2.749591E-09
  DP  5.979060E+01  2.891209E-09
  DP  6.065280E+01  5.165828E-09
  DP  6.152740E+01  3.687594E-09
  DP  6.241460E+01  6.404830E-09
  DP  6.331460E+01  1.109175E-08
  DP  6.422760E+01  1.160698E-08
  DP  6.515380E+01  8.291306E-09
  DP  6.609330E+01  1.683734E-08
  DP  6.704640E+01  2.497750E-08
  DP  6.801320E+01  2.541669E-08
  DP  6.899390E+01  1.910474E-08
  DP  6.998880E+01  1.788835E-08
  DP  7.099800E+01  1.597851E-08
  DP  7.202180E+01  1.680140E-08
  DP  7.306040E+01  2.247780E-08
  DP  7.411390E+01  2.361606E-08
  DP  7.518260E+01  2.557971E-08
  DP  7.626670E+01  3.116595E-08
  DP  7.736650E+01  3.993983E-08
  DP  7.848210E+01  5.066058E-08
  DP  7.961380E+01  5.037472E-08
  DP  8.076180E+01  7.150662E-08
  DP  8.192640E+01  1.031665E-07
  DP  8.310780E+01  1.183017E-07
  DP  8.430620E+01  1.208804E-07
  DP  8.552190E+01  1.149685E-07
  DP  8.675510E+01  1.145741E-07
  DP  8.800610E+01  1.170533E-07
  DP  8.927510E+01  1.201743E-07
  DP  9.056250E+01  1.269468E-07
  DP  9.186840E+01  1.228215E-07
  DP  9.319310E+01  1.113219E-07
  DP  9.453690E+01  1.212689E-07
  DP  9.590010E+01  1.170876E-07
  DP  9.728300E+01  1.200556E-07
  DP  9.868580E+01  1.277640E-07
  DP  1.001090E+02  1.208419E-07
  DP  1.015520E+02  1.336308E-07
  DP  1.030170E+02  1.391733E-07
  DP  1.045020E+02  1.484142E-07
  DP  1.060090E+02  1.497169E-07
  DP  1.075380E+02  1.643667E-07
  DP  1.090890E+02  1.843082E-07
  DP  1.106620E+02  1.792537E-07
  DP  1.122570E+02  1.965514E-07
  DP  1.138760E+02  2.300005E-07
  DP  1.155180E+02  3.781223E-07
  DP  1.171840E+02  4.822255E-07
  DP  1.188740E+02  1.918587E-06
  DP  1.205880E+02  5.003254E-06
  DP  1.223270E+02  5.476655E-06
  DP  1.240910E+02  1.886208E-06
  DP  1.258800E+02  3.577888E-07
  DP  1.276950E+02  2.944395E-07
  DP  1.295370E+02  2.034961E-07
  DP  1.314040E+02  2.034953E-07
  DP  1.332990E+02  4.326577E-07
  DP  1.352210E+02  7.656049E-07
  DP  1.371710E+02  6.961323E-07
  DP  1.391490E+02  2.718849E-07
  DP  1.411560E+02  1.788083E-07
  DP  1.431910E+02  1.734697E-07
  DP  1.452560E+02  1.646040E-07
  DP  1.473510E+02  1.600642E-07
  DP  1.494750E+02  1.623428E-07
  DP  1.516310E+02  1.706169E-07
  DP  1.538170E+02  1.736343E-07
  DP  1.560350E+02  1.736326E-07
  DP  1.582850E+02  1.804085E-07
  DP  1.605680E+02  1.775716E-07
  DP  1.628830E+02  1.965782E-07
  DP  1.652320E+02  2.185269E-07
  DP  1.676150E+02  2.773197E-07
  DP  1.700320E+02  3.642555E-07
  DP  1.724830E+02  3.819000E-07
  DP  1.749710E+02  3.698298E-07
  DP  1.774940E+02  3.631349E-07
  DP  1.800530E+02  3.620345E-07
  DP  1.826490E+02  3.557792E-07
  DP  1.852830E+02  3.549402E-07
  DP  1.879550E+02  3.717182E-07
  DP  1.906650E+02  3.993498E-07
  DP  1.934150E+02  4.787293E-07
  DP  1.962040E+02  5.737688E-07
  DP  1.990330E+02  5.947941E-07
  DP  2.019030E+02  5.939744E-07
  DP  2.048140E+02  6.080350E-07
  DP  2.077680E+02  6.307115E-07
  DP  2.107640E+02  6.721849E-07
  DP  2.138030E+02  6.793292E-07
  DP  2.168860E+02  6.653154E-07
  DP  2.200130E+02  6.771751E-07
  DP  2.231860E+02  6.640461E-07
  DP  2.264040E+02  6.645166E-07
  DP  2.296690E+02  6.554445E-07
  DP  2.329810E+02  6.510751E-07
  DP  2.363400E+02  6.426071E-07
  DP  2.397480E+02  6.254765E-07
  DP  2.432060E+02  6.122339E-07
  DP  2.467130E+02  6.022076E-07
  DP  2.502700E+02  5.872019E-07
  DP  2.538790E+02  5.827297E-07
  DP  2.575400E+02  5.649206E-07
  DP  2.612540E+02  5.636329E-07
  DP  2.650210E+02  5.509444E-07
  DP  2.688430E+02  5.292087E-07
  DP  2.727190E+02  5.232534E-07
  DP  2.766520E+02  5.236328E-07
  DP  2.806410E+02  5.085661E-07
  DP  2.846880E+02  5.021871E-07
  DP  2.887930E+02  4.918131E-07
  DP  2.929570E+02  4.934935E-07
  DP  2.971820E+02  4.759727E-07
  DP  3.014670E+02  4.736188E-07
  DP  3.058140E+02  4.648483E-07
  DP  3.102240E+02  4.601138E-07
  DP  3.146980E+02  4.510116E-07
  DP  3.192350E+02  4.459070E-07
  DP  3.238390E+02  4.462771E-07
  DP  3.285080E+02  4.367622E-07
  DP  3.332460E+02  4.352790E-07
  DP  3.380510E+02  4.298334E-07
  DP  3.429260E+02  4.273374E-07
  DP  3.478710E+02  4.210228E-07
  DP  3.528870E+02  4.203125E-07
  DP  3.579750E+02  4.183806E-07
  DP  3.631370E+02  4.170036E-07
  DP  3.683740E+02  4.129693E-07
  DP  3.736860E+02  4.049350E-07
  DP  3.790740E+02  4.075212E-07
  DP  3.845400E+02  4.050445E-07
  DP  3.900850E+02  4.019962E-07
  DP  3.957100E+02  3.991685E-07
  DP  4.014170E+02  3.941449E-07
  DP  4.072050E+02  3.958194E-07
  DP  4.130770E+02  3.959197E-07
  DP  4.190330E+02  3.944131E-07
  DP  4.250760E+02  3.903153E-07
  DP  4.312050E+02  3.988476E-07
  DP  4.374230E+02  3.921378E-07
  DP  4.437310E+02  3.946605E-07
  DP  4.501290E+02  3.925848E-07
  DP  4.566200E+02  3.919147E-07
  DP  4.632050E+02  3.914952E-07
  DP  4.698840E+02  3.913983E-07
  DP  4.766600E+02  5.262541E-07
  DP  4.835330E+02  9.226024E-07
  DP  4.905060E+02  1.313204E-06
  DP  4.975790E+02  8.030390E-06
  DP  5.047540E+02  2.000585E-05
  DP  5.120320E+02  1.948468E-05
  DP  5.194160E+02  5.984256E-06
  DP  5.269050E+02  9.509543E-07
  DP  5.345030E+02  7.054852E-07
  DP  5.422110E+02  3.088678E-07
  DP  5.500290E+02  2.353968E-07
  DP  5.579610E+02  2.301985E-07
  DP  5.660070E+02  2.365900E-07
  DP  5.741680E+02  2.297582E-07
  DP  5.824480E+02  2.306882E-07
  DP  5.908470E+02  2.340231E-07
  DP  5.993670E+02  2.303490E-07
  DP  6.080090E+02  2.341234E-07
  DP  6.167770E+02  2.348127E-07
  DP  6.256710E+02  2.322934E-07
  DP  6.346930E+02  2.304400E-07
  DP  6.438450E+02  2.367989E-07
  DP  6.531290E+02  2.355790E-07
  DP  6.625470E+02  2.314636E-07
  DP  6.721010E+02  2.310793E-07
  DP  6.817930E+02  2.359015E-07
  DP  6.916240E+02  2.356132E-07
  DP  7.015970E+02  2.397837E-07
  DP  7.117140E+02  2.562542E-07
  DP  7.219770E+02  3.017593E-07
  DP  7.323880E+02  3.190420E-07
  DP  7.429490E+02  2.762668E-07
  DP  7.536620E+02  2.442492E-07
  DP  7.645300E+02  2.671755E-07
  DP  7.755540E+02  3.325236E-07
  DP  7.867380E+02  4.491198E-07
  DP  7.980820E+02  9.579065E-07
  DP  8.095910E+02  1.320273E-06
  DP  8.212650E+02  7.583812E-06
  DP  8.331070E+02  2.784461E-05
  DP  8.451210E+02  3.431892E-05
  DP  8.573070E+02  1.570493E-05
  DP  8.696700E+02  1.814848E-06
  DP  8.822100E+02  9.894588E-07
  DP  8.949320E+02  3.264680E-07
  DP  9.078360E+02  9.553579E-08
  DP  9.209270E+02  9.398910E-08
  DP  9.342070E+02  9.940546E-08
  DP  9.476780E+02  1.712286E-07
  DP  9.613440E+02  4.285641E-07
  DP  9.752060E+02  5.787481E-07
  DP  9.892680E+02  4.040743E-07
  DP  1.003530E+03  6.525424E-07
  DP  1.018000E+03  2.858136E-06
  DP  1.032680E+03  4.132216E-06
  DP  1.047580E+03  2.434620E-06
  DP  1.062680E+03  3.911133E-07
  DP  1.078000E+03  1.826103E-07
  DP  1.093550E+03  1.165762E-07
  DP  1.109320E+03  1.001650E-07
  DP  1.125310E+03  1.256308E-07
  DP  1.141540E+03  2.711588E-07
  DP  1.158000E+03  7.177744E-07
  DP  1.174700E+03  1.036094E-06
  DP  1.191640E+03  1.328980E-06
  DP  1.208820E+03  8.150073E-06
  DP  1.226250E+03  1.611437E-05
  DP  1.243940E+03  1.280356E-05
  DP  1.261870E+03  2.793168E-06
  DP  1.280070E+03  5.107069E-07
  DP  1.298530E+03  3.295915E-07
  DP  1.317250E+03  2.243569E-07
  DP  1.336250E+03  7.393696E-07
  DP  1.355520E+03  9.530600E-07
  DP  1.375060E+03  4.861478E-07
  DP  1.394890E+03  7.435334E-08
  DP  1.415010E+03  6.899138E-08
  DP  1.435410E+03  6.410203E-08
  DP  1.456110E+03  3.899184E-08
  DP  1.477110E+03  1.805932E-08
  DP  1.498400E+03  1.621239E-08
  DP  1.520010E+03  1.520449E-08
  DP  1.541930E+03  1.486173E-08
  DP  1.564160E+03  1.498891E-08
  DP  1.586720E+03  1.505116E-08
  DP  1.609600E+03  1.417018E-08
  DP  1.632810E+03  1.600006E-08
  DP  1.656360E+03  3.708910E-08
  DP  1.680240E+03  8.556625E-08
  DP  1.704470E+03  1.763943E-07
  DP  1.729050E+03  1.302976E-06
  DP  1.753980E+03  2.692160E-06
  DP  1.779270E+03  2.270032E-06
  DP  1.804930E+03  5.991977E-07
  DP  1.830960E+03  1.281768E-07
  DP  1.857360E+03  6.529326E-08
  DP  1.884140E+03  2.593526E-08
  DP  1.911310E+03  7.786110E-08
  DP  1.938870E+03  1.724987E-07
  DP  1.966830E+03  4.931501E-07
  DP  1.995190E+03  1.313003E-06
  DP  2.023960E+03  1.570301E-06
  DP  2.053150E+03  7.919522E-07
  DP  2.082750E+03  1.179900E-07
  DP  2.112790E+03  4.786976E-08
  DP  2.143250E+03  2.754972E-08
  DP  2.174160E+03  4.126994E-08
  DP  2.205510E+03  5.087090E-08
  DP  2.237310E+03  2.782171E-08
  DP  2.269570E+03  7.401743E-09
  DP  2.302300E+03  6.161587E-09
  DP  2.335500E+03  5.204333E-09
  DP  2.369180E+03  4.907812E-09
  DP  2.403340E+03  6.990494E-09
  DP  2.438000E+03  3.122570E-08
  DP  2.473150E+03  5.841728E-08
  DP  2.508810E+03  2.298760E-07
  DP  2.544990E+03  1.293625E-06
  DP  2.581690E+03  1.982836E-06
  DP  2.618920E+03  1.246356E-06
  DP  2.656680E+03  1.900329E-07
  DP  2.694990E+03  5.595393E-08
  DP  2.733850E+03  2.497666E-08
  DP  2.773270E+03  3.373784E-09
  DP  2.813260E+03  2.573104E-09
  DP  2.853830E+03  4.033306E-09
  DP  2.894980E+03  7.735573E-09
  DP  2.936730E+03  4.999912E-08
  DP  2.979080E+03  1.031865E-07
  DP  3.022030E+03  9.197614E-08
  DP  3.065610E+03  4.553016E-08
  DP  3.109820E+03  1.121133E-07
  DP  3.154660E+03  4.266781E-07
  DP  3.200150E+03  9.397406E-07
  DP  3.246300E+03  9.569121E-07
  DP  3.293110E+03  4.430225E-07
  DP  3.340590E+03  7.612289E-08
  DP  3.388770E+03  8.096586E-08
  DP  3.437630E+03  8.349539E-08
  DP  3.487200E+03  4.103104E-08
  DP  3.537490E+03  5.170842E-09
  DP  3.588500E+03  2.102661E-09
  DP  3.640240E+03  7.123171E-10
  DP  3.692730E+03  2.925802E-11
  DP  3.745980E+03  0.000000E+00
  DP  3.800000E+03  0.000000E+00
  
 EN
