 # final1D_0_1p38_0p6_1p25_edge/final1D_0_1p38_0p6_1p25_edge_175_100/quickspec.dat                     
 #    1.0000000000000000      =Mpc
  DP  3.000000E+00  0.000000E+00
  DP  3.043260E+00  0.000000E+00
  DP  3.087140E+00  0.000000E+00
  DP  3.131660E+00  0.000000E+00
  DP  3.176820E+00  0.000000E+00
  DP  3.222630E+00  0.000000E+00
  DP  3.269100E+00  0.000000E+00
  DP  3.316240E+00  0.000000E+00
  DP  3.364060E+00  0.000000E+00
  DP  3.412570E+00  0.000000E+00
  DP  3.461780E+00  0.000000E+00
  DP  3.511690E+00  0.000000E+00
  DP  3.562330E+00  0.000000E+00
  DP  3.613700E+00  0.000000E+00
  DP  3.665810E+00  0.000000E+00
  DP  3.718670E+00  0.000000E+00
  DP  3.772290E+00  0.000000E+00
  DP  3.826690E+00  0.000000E+00
  DP  3.881870E+00  0.000000E+00
  DP  3.937850E+00  0.000000E+00
  DP  3.994630E+00  0.000000E+00
  DP  4.052230E+00  0.000000E+00
  DP  4.110660E+00  0.000000E+00
  DP  4.169940E+00  0.000000E+00
  DP  4.230070E+00  0.000000E+00
  DP  4.291070E+00  0.000000E+00
  DP  4.352940E+00  0.000000E+00
  DP  4.415710E+00  0.000000E+00
  DP  4.479390E+00  0.000000E+00
  DP  4.543980E+00  0.000000E+00
  DP  4.609500E+00  0.000000E+00
  DP  4.675970E+00  0.000000E+00
  DP  4.743400E+00  0.000000E+00
  DP  4.811800E+00  0.000000E+00
  DP  4.881180E+00  0.000000E+00
  DP  4.951570E+00  0.000000E+00
  DP  5.022970E+00  0.000000E+00
  DP  5.095400E+00  0.000000E+00
  DP  5.168880E+00  0.000000E+00
  DP  5.243410E+00  0.000000E+00
  DP  5.319020E+00  0.000000E+00
  DP  5.395720E+00  0.000000E+00
  DP  5.473530E+00  0.000000E+00
  DP  5.552450E+00  0.000000E+00
  DP  5.632520E+00  0.000000E+00
  DP  5.713740E+00  0.000000E+00
  DP  5.796130E+00  0.000000E+00
  DP  5.879710E+00  0.000000E+00
  DP  5.964500E+00  7.042368E-09
  DP  6.050500E+00  2.429790E-08
  DP  6.137750E+00  7.664815E-07
  DP  6.226260E+00  4.175960E-06
  DP  6.316040E+00  1.090032E-05
  DP  6.407120E+00  1.936009E-05
  DP  6.499510E+00  2.713318E-05
  DP  6.593230E+00  3.457912E-05
  DP  6.688300E+00  3.180777E-05
  DP  6.784750E+00  8.342336E-06
  DP  6.882580E+00  8.940834E-07
  DP  6.981830E+00  2.226004E-06
  DP  7.082500E+00  3.219992E-06
  DP  7.184630E+00  4.258292E-06
  DP  7.288240E+00  5.081608E-06
  DP  7.393330E+00  4.238296E-06
  DP  7.499940E+00  6.972754E-07
  DP  7.608090E+00  0.000000E+00
  DP  7.717800E+00  0.000000E+00
  DP  7.829090E+00  0.000000E+00
  DP  7.941980E+00  0.000000E+00
  DP  8.056510E+00  0.000000E+00
  DP  8.172680E+00  0.000000E+00
  DP  8.290530E+00  0.000000E+00
  DP  8.410080E+00  0.000000E+00
  DP  8.531350E+00  0.000000E+00
  DP  8.654370E+00  0.000000E+00
  DP  8.779170E+00  0.000000E+00
  DP  8.905760E+00  0.000000E+00
  DP  9.034180E+00  0.000000E+00
  DP  9.164450E+00  0.000000E+00
  DP  9.296600E+00  0.000000E+00
  DP  9.430660E+00  0.000000E+00
  DP  9.566650E+00  0.000000E+00
  DP  9.704600E+00  0.000000E+00
  DP  9.844540E+00  0.000000E+00
  DP  9.986500E+00  0.000000E+00
  DP  1.013050E+01  0.000000E+00
  DP  1.027660E+01  0.000000E+00
  DP  1.042480E+01  0.000000E+00
  DP  1.057510E+01  0.000000E+00
  DP  1.072760E+01  0.000000E+00
  DP  1.088230E+01  0.000000E+00
  DP  1.103920E+01  0.000000E+00
  DP  1.119840E+01  0.000000E+00
  DP  1.135990E+01  0.000000E+00
  DP  1.152370E+01  0.000000E+00
  DP  1.168980E+01  0.000000E+00
  DP  1.185840E+01  0.000000E+00
  DP  1.202940E+01  0.000000E+00
  DP  1.220290E+01  0.000000E+00
  DP  1.237880E+01  0.000000E+00
  DP  1.255730E+01  0.000000E+00
  DP  1.273840E+01  1.648722E-09
  DP  1.292210E+01  1.625283E-09
  DP  1.310840E+01  0.000000E+00
  DP  1.329740E+01  3.158818E-09
  DP  1.348920E+01  1.556956E-09
  DP  1.368370E+01  2.916168E-08
  DP  1.388100E+01  1.452490E-07
  DP  1.408120E+01  3.196236E-07
  DP  1.428420E+01  6.005848E-07
  DP  1.449020E+01  9.497511E-07
  DP  1.469920E+01  1.222315E-06
  DP  1.491110E+01  1.214427E-06
  DP  1.512610E+01  8.150281E-07
  DP  1.534430E+01  7.527994E-08
  DP  1.556550E+01  0.000000E+00
  DP  1.579000E+01  0.000000E+00
  DP  1.601770E+01  0.000000E+00
  DP  1.624860E+01  0.000000E+00
  DP  1.648290E+01  0.000000E+00
  DP  1.672060E+01  0.000000E+00
  DP  1.696170E+01  0.000000E+00
  DP  1.720630E+01  0.000000E+00
  DP  1.745440E+01  0.000000E+00
  DP  1.770610E+01  0.000000E+00
  DP  1.796140E+01  0.000000E+00
  DP  1.822040E+01  0.000000E+00
  DP  1.848320E+01  0.000000E+00
  DP  1.874970E+01  0.000000E+00
  DP  1.902010E+01  0.000000E+00
  DP  1.929430E+01  0.000000E+00
  DP  1.957260E+01  0.000000E+00
  DP  1.985480E+01  0.000000E+00
  DP  2.014110E+01  0.000000E+00
  DP  2.043150E+01  0.000000E+00
  DP  2.072620E+01  0.000000E+00
  DP  2.102500E+01  0.000000E+00
  DP  2.132820E+01  0.000000E+00
  DP  2.163580E+01  0.000000E+00
  DP  2.194770E+01  0.000000E+00
  DP  2.226420E+01  0.000000E+00
  DP  2.258530E+01  0.000000E+00
  DP  2.291100E+01  0.000000E+00
  DP  2.324130E+01  0.000000E+00
  DP  2.357650E+01  0.000000E+00
  DP  2.391640E+01  0.000000E+00
  DP  2.426130E+01  0.000000E+00
  DP  2.461120E+01  0.000000E+00
  DP  2.496600E+01  0.000000E+00
  DP  2.532610E+01  0.000000E+00
  DP  2.569130E+01  0.000000E+00
  DP  2.606170E+01  0.000000E+00
  DP  2.643750E+01  0.000000E+00
  DP  2.681880E+01  0.000000E+00
  DP  2.720550E+01  0.000000E+00
  DP  2.759780E+01  0.000000E+00
  DP  2.799570E+01  0.000000E+00
  DP  2.839940E+01  0.000000E+00
  DP  2.880890E+01  0.000000E+00
  DP  2.922440E+01  0.000000E+00
  DP  2.964580E+01  0.000000E+00
  DP  3.007330E+01  0.000000E+00
  DP  3.050690E+01  0.000000E+00
  DP  3.094680E+01  0.000000E+00
  DP  3.139310E+01  0.000000E+00
  DP  3.184580E+01  0.000000E+00
  DP  3.230500E+01  0.000000E+00
  DP  3.277080E+01  0.000000E+00
  DP  3.324340E+01  0.000000E+00
  DP  3.372270E+01  0.000000E+00
  DP  3.420900E+01  0.000000E+00
  DP  3.470230E+01  0.000000E+00
  DP  3.520270E+01  0.000000E+00
  DP  3.571030E+01  0.000000E+00
  DP  3.622530E+01  0.000000E+00
  DP  3.674760E+01  0.000000E+00
  DP  3.727750E+01  0.000000E+00
  DP  3.781510E+01  0.000000E+00
  DP  3.836040E+01  0.000000E+00
  DP  3.891350E+01  0.000000E+00
  DP  3.947460E+01  0.000000E+00
  DP  4.004390E+01  0.000000E+00
  DP  4.062130E+01  0.000000E+00
  DP  4.120700E+01  0.000000E+00
  DP  4.180120E+01  0.000000E+00
  DP  4.240400E+01  4.952859E-10
  DP  4.301550E+01  0.000000E+00
  DP  4.363570E+01  0.000000E+00
  DP  4.426500E+01  0.000000E+00
  DP  4.490330E+01  0.000000E+00
  DP  4.555080E+01  9.221428E-10
  DP  4.620760E+01  4.545161E-10
  DP  4.687390E+01  0.000000E+00
  DP  4.754980E+01  0.000000E+00
  DP  4.823550E+01  8.708119E-10
  DP  4.893100E+01  1.287651E-09
  DP  4.963660E+01  4.231168E-10
  DP  5.035240E+01  4.171022E-10
  DP  5.107850E+01  1.644694E-09
  DP  5.181500E+01  2.837296E-09
  DP  5.256220E+01  4.395238E-09
  DP  5.332010E+01  3.938867E-09
  DP  5.408900E+01  4.271168E-09
  DP  5.486890E+01  1.913841E-09
  DP  5.566010E+01  5.659910E-09
  DP  5.646280E+01  3.347672E-09
  DP  5.727690E+01  7.333524E-09
  DP  5.810290E+01  9.036594E-09
  DP  5.894070E+01  6.413863E-09
  DP  5.979060E+01  1.475293E-08
  DP  6.065280E+01  1.523574E-08
  DP  6.152740E+01  2.048072E-08
  DP  6.241460E+01  2.187207E-08
  DP  6.331460E+01  2.321973E-08
  DP  6.422760E+01  3.727736E-08
  DP  6.515380E+01  3.674751E-08
  DP  6.609330E+01  4.289819E-08
  DP  6.704640E+01  5.450509E-08
  DP  6.801320E+01  5.959740E-08
  DP  6.899390E+01  6.118546E-08
  DP  6.998880E+01  6.068878E-08
  DP  7.099800E+01  6.751638E-08
  DP  7.202180E+01  7.465148E-08
  DP  7.306040E+01  8.048948E-08
  DP  7.411390E+01  1.008820E-07
  DP  7.518260E+01  1.044759E-07
  DP  7.626670E+01  1.120782E-07
  DP  7.736650E+01  1.408888E-07
  DP  7.848210E+01  1.602948E-07
  DP  7.961380E+01  1.675127E-07
  DP  8.076180E+01  1.995203E-07
  DP  8.192640E+01  2.460992E-07
  DP  8.310780E+01  2.844582E-07
  DP  8.430620E+01  2.986910E-07
  DP  8.552190E+01  2.990311E-07
  DP  8.675510E+01  3.317858E-07
  DP  8.800610E+01  3.468341E-07
  DP  8.927510E+01  3.634633E-07
  DP  9.056250E+01  3.617955E-07
  DP  9.186840E+01  3.835177E-07
  DP  9.319310E+01  3.902201E-07
  DP  9.453690E+01  4.134355E-07
  DP  9.590010E+01  4.266113E-07
  DP  9.728300E+01  4.354954E-07
  DP  9.868580E+01  4.346882E-07
  DP  1.001090E+02  4.764389E-07
  DP  1.015520E+02  5.058771E-07
  DP  1.030170E+02  5.394640E-07
  DP  1.045020E+02  5.448370E-07
  DP  1.060090E+02  6.016778E-07
  DP  1.075380E+02  6.043517E-07
  DP  1.090890E+02  6.644297E-07
  DP  1.106620E+02  7.084758E-07
  DP  1.122570E+02  7.564108E-07
  DP  1.138760E+02  7.959489E-07
  DP  1.155180E+02  9.810693E-07
  DP  1.171840E+02  1.119512E-06
  DP  1.188740E+02  2.174473E-06
  DP  1.205880E+02  5.127416E-06
  DP  1.223270E+02  6.319441E-06
  DP  1.240910E+02  2.766069E-06
  DP  1.258800E+02  1.060318E-06
  DP  1.276950E+02  1.033478E-06
  DP  1.295370E+02  8.923788E-07
  DP  1.314040E+02  8.996986E-07
  DP  1.332990E+02  1.098588E-06
  DP  1.352210E+02  1.464932E-06
  DP  1.371710E+02  1.465884E-06
  DP  1.391490E+02  1.046062E-06
  DP  1.411560E+02  9.209897E-07
  DP  1.431910E+02  9.111798E-07
  DP  1.452560E+02  9.230453E-07
  DP  1.473510E+02  9.303986E-07
  DP  1.494750E+02  9.229784E-07
  DP  1.516310E+02  9.615247E-07
  DP  1.538170E+02  9.562270E-07
  DP  1.560350E+02  9.498179E-07
  DP  1.582850E+02  9.743929E-07
  DP  1.605680E+02  1.007416E-06
  DP  1.628830E+02  1.030913E-06
  DP  1.652320E+02  1.085436E-06
  DP  1.676150E+02  1.256249E-06
  DP  1.700320E+02  1.460938E-06
  DP  1.724830E+02  1.515678E-06
  DP  1.749710E+02  1.511884E-06
  DP  1.774940E+02  1.501473E-06
  DP  1.800530E+02  1.478143E-06
  DP  1.826490E+02  1.479321E-06
  DP  1.852830E+02  1.481736E-06
  DP  1.879550E+02  1.507798E-06
  DP  1.906650E+02  1.571086E-06
  DP  1.934150E+02  1.761553E-06
  DP  1.962040E+02  2.043200E-06
  DP  1.990330E+02  2.155446E-06
  DP  2.019030E+02  2.139219E-06
  DP  2.048140E+02  2.184834E-06
  DP  2.077680E+02  2.230450E-06
  DP  2.107640E+02  2.321271E-06
  DP  2.138030E+02  2.363110E-06
  DP  2.168860E+02  2.341167E-06
  DP  2.200130E+02  2.317402E-06
  DP  2.231860E+02  2.303765E-06
  DP  2.264040E+02  2.289577E-06
  DP  2.296690E+02  2.265737E-06
  DP  2.329810E+02  2.220230E-06
  DP  2.363400E+02  2.177523E-06
  DP  2.397480E+02  2.152430E-06
  DP  2.432060E+02  2.122716E-06
  DP  2.467130E+02  2.058408E-06
  DP  2.502700E+02  2.024190E-06
  DP  2.538790E+02  1.987449E-06
  DP  2.575400E+02  1.955337E-06
  DP  2.612540E+02  1.928071E-06
  DP  2.650210E+02  1.871017E-06
  DP  2.688430E+02  1.839021E-06
  DP  2.727190E+02  1.833247E-06
  DP  2.766520E+02  1.804611E-06
  DP  2.806410E+02  1.762288E-06
  DP  2.846880E+02  1.728998E-06
  DP  2.887930E+02  1.687527E-06
  DP  2.929570E+02  1.673188E-06
  DP  2.971820E+02  1.671425E-06
  DP  3.014670E+02  1.615273E-06
  DP  3.058140E+02  1.628885E-06
  DP  3.102240E+02  1.590781E-06
  DP  3.146980E+02  1.596806E-06
  DP  3.192350E+02  1.567460E-06
  DP  3.238390E+02  1.541347E-06
  DP  3.285080E+02  1.522764E-06
  DP  3.332460E+02  1.499718E-06
  DP  3.380510E+02  1.500395E-06
  DP  3.429260E+02  1.473572E-06
  DP  3.478710E+02  1.445262E-06
  DP  3.528870E+02  1.444067E-06
  DP  3.579750E+02  1.429009E-06
  DP  3.631370E+02  1.417963E-06
  DP  3.683740E+02  1.418205E-06
  DP  3.736860E+02  1.409406E-06
  DP  3.790740E+02  1.396738E-06
  DP  3.845400E+02  1.375071E-06
  DP  3.900850E+02  1.354148E-06
  DP  3.957100E+02  1.359705E-06
  DP  4.014170E+02  1.354800E-06
  DP  4.072050E+02  1.348165E-06
  DP  4.130770E+02  1.346527E-06
  DP  4.190330E+02  1.347246E-06
  DP  4.250760E+02  1.320640E-06
  DP  4.312050E+02  1.327960E-06
  DP  4.374230E+02  1.311098E-06
  DP  4.437310E+02  1.310396E-06
  DP  4.501290E+02  1.317256E-06
  DP  4.566200E+02  1.316345E-06
  DP  4.632050E+02  1.323013E-06
  DP  4.698840E+02  1.306001E-06
  DP  4.766600E+02  1.514951E-06
  DP  4.835330E+02  2.271662E-06
  DP  4.905060E+02  2.899598E-06
  DP  4.975790E+02  1.313237E-05
  DP  5.047540E+02  3.415681E-05
  DP  5.120320E+02  3.607251E-05
  DP  5.194160E+02  1.190145E-05
  DP  5.269050E+02  2.186088E-06
  DP  5.345030E+02  1.725605E-06
  DP  5.422110E+02  9.489823E-07
  DP  5.500290E+02  8.034108E-07
  DP  5.579610E+02  8.056185E-07
  DP  5.660070E+02  8.030632E-07
  DP  5.741680E+02  7.923316E-07
  DP  5.824480E+02  7.878803E-07
  DP  5.908470E+02  7.963107E-07
  DP  5.993670E+02  7.864598E-07
  DP  6.080090E+02  7.948701E-07
  DP  6.167770E+02  7.928822E-07
  DP  6.256710E+02  7.793405E-07
  DP  6.346930E+02  7.915210E-07
  DP  6.438450E+02  7.922589E-07
  DP  6.531290E+02  7.872403E-07
  DP  6.625470E+02  7.853142E-07
  DP  6.721010E+02  7.902651E-07
  DP  6.817930E+02  7.885146E-07
  DP  6.916240E+02  7.930435E-07
  DP  7.015970E+02  7.925981E-07
  DP  7.117140E+02  8.163801E-07
  DP  7.219770E+02  9.089821E-07
  DP  7.323880E+02  9.423727E-07
  DP  7.429490E+02  8.719400E-07
  DP  7.536620E+02  8.080960E-07
  DP  7.645300E+02  8.463205E-07
  DP  7.755540E+02  9.472192E-07
  DP  7.867380E+02  1.169714E-06
  DP  7.980820E+02  2.106572E-06
  DP  8.095910E+02  2.826801E-06
  DP  8.212650E+02  1.254102E-05
  DP  8.331070E+02  4.746140E-05
  DP  8.451210E+02  6.285657E-05
  DP  8.573070E+02  3.019724E-05
  DP  8.696700E+02  3.679881E-06
  DP  8.822100E+02  2.078655E-06
  DP  8.949320E+02  7.651478E-07
  DP  9.078360E+02  3.116896E-07
  DP  9.209270E+02  3.093908E-07
  DP  9.342070E+02  3.145223E-07
  DP  9.476780E+02  4.320260E-07
  DP  9.613440E+02  8.811232E-07
  DP  9.752060E+02  1.182716E-06
  DP  9.892680E+02  9.065923E-07
  DP  1.003530E+03  1.226109E-06
  DP  1.018000E+03  4.963212E-06
  DP  1.032680E+03  7.609548E-06
  DP  1.047580E+03  4.757036E-06
  DP  1.062680E+03  8.606845E-07
  DP  1.078000E+03  4.624777E-07
  DP  1.093550E+03  3.305766E-07
  DP  1.109320E+03  2.969279E-07
  DP  1.125310E+03  3.446999E-07
  DP  1.141540E+03  5.846274E-07
  DP  1.158000E+03  1.381288E-06
  DP  1.174700E+03  2.048790E-06
  DP  1.191640E+03  2.463106E-06
  DP  1.208820E+03  1.381129E-05
  DP  1.226250E+03  2.885067E-05
  DP  1.243940E+03  2.423858E-05
  DP  1.261870E+03  5.470195E-06
  DP  1.280070E+03  1.019340E-06
  DP  1.298530E+03  6.667760E-07
  DP  1.317250E+03  4.135383E-07
  DP  1.336250E+03  1.311156E-06
  DP  1.355520E+03  1.787014E-06
  DP  1.375060E+03  9.493416E-07
  DP  1.394890E+03  1.666194E-07
  DP  1.415010E+03  1.486791E-07
  DP  1.435410E+03  1.450066E-07
  DP  1.456110E+03  1.016942E-07
  DP  1.477110E+03  5.651387E-08
  DP  1.498400E+03  5.455313E-08
  DP  1.520010E+03  5.309117E-08
  DP  1.541930E+03  5.132939E-08
  DP  1.564160E+03  5.239344E-08
  DP  1.586720E+03  5.350939E-08
  DP  1.609600E+03  5.188231E-08
  DP  1.632810E+03  5.364810E-08
  DP  1.656360E+03  8.988045E-08
  DP  1.680240E+03  1.849182E-07
  DP  1.704470E+03  3.387739E-07
  DP  1.729050E+03  2.261100E-06
  DP  1.753980E+03  4.891267E-06
  DP  1.779270E+03  4.323410E-06
  DP  1.804930E+03  1.175254E-06
  DP  1.830960E+03  2.645267E-07
  DP  1.857360E+03  1.419500E-07
  DP  1.884140E+03  6.373771E-08
  DP  1.911310E+03  1.528980E-07
  DP  1.938870E+03  3.273086E-07
  DP  1.966830E+03  8.757086E-07
  DP  1.995190E+03  2.353032E-06
  DP  2.023960E+03  2.941671E-06
  DP  2.053150E+03  1.534103E-06
  DP  2.082750E+03  2.354110E-07
  DP  2.112790E+03  9.947982E-08
  DP  2.143250E+03  5.908910E-08
  DP  2.174160E+03  8.170068E-08
  DP  2.205510E+03  1.028030E-07
  DP  2.237310E+03  6.111217E-08
  DP  2.269570E+03  2.204697E-08
  DP  2.302300E+03  1.968473E-08
  DP  2.335500E+03  1.749946E-08
  DP  2.369180E+03  1.687895E-08
  DP  2.403340E+03  2.154995E-08
  DP  2.438000E+03  6.537022E-08
  DP  2.473150E+03  1.200615E-07
  DP  2.508810E+03  4.130813E-07
  DP  2.544990E+03  2.296337E-06
  DP  2.581690E+03  3.698482E-06
  DP  2.618920E+03  2.391620E-06
  DP  2.656680E+03  3.711567E-07
  DP  2.694990E+03  1.116854E-07
  DP  2.733850E+03  5.247734E-08
  DP  2.773270E+03  9.102773E-09
  DP  2.813260E+03  7.450450E-09
  DP  2.853830E+03  1.061538E-08
  DP  2.894980E+03  1.638193E-08
  DP  2.936730E+03  9.020717E-08
  DP  2.979080E+03  1.911109E-07
  DP  3.022030E+03  1.777162E-07
  DP  3.065610E+03  9.074363E-08
  DP  3.109820E+03  2.045406E-07
  DP  3.154660E+03  7.639864E-07
  DP  3.200150E+03  1.729666E-06
  DP  3.246300E+03  1.810970E-06
  DP  3.293110E+03  8.531056E-07
  DP  3.340590E+03  1.446757E-07
  DP  3.388770E+03  1.495005E-07
  DP  3.437630E+03  1.577253E-07
  DP  3.487200E+03  7.938716E-08
  DP  3.537490E+03  9.477790E-09
  DP  3.588500E+03  4.092943E-09
  DP  3.640240E+03  1.263502E-09
  DP  3.692730E+03  8.531139E-11
  DP  3.745980E+03  0.000000E+00
  DP  3.800000E+03  0.000000E+00
  
 EN
