 # final1D_0_1p38_0p6_1p25_edge/final1D_0_1p38_0p6_1p25_edge_80_100/quickspec.dat                      
 #    1.0000000000000000      =Mpc
  DP  3.000000E+00  0.000000E+00
  DP  3.043260E+00  0.000000E+00
  DP  3.087140E+00  0.000000E+00
  DP  3.131660E+00  0.000000E+00
  DP  3.176820E+00  0.000000E+00
  DP  3.222630E+00  0.000000E+00
  DP  3.269100E+00  0.000000E+00
  DP  3.316240E+00  0.000000E+00
  DP  3.364060E+00  0.000000E+00
  DP  3.412570E+00  0.000000E+00
  DP  3.461780E+00  0.000000E+00
  DP  3.511690E+00  0.000000E+00
  DP  3.562330E+00  0.000000E+00
  DP  3.613700E+00  0.000000E+00
  DP  3.665810E+00  0.000000E+00
  DP  3.718670E+00  0.000000E+00
  DP  3.772290E+00  0.000000E+00
  DP  3.826690E+00  0.000000E+00
  DP  3.881870E+00  0.000000E+00
  DP  3.937850E+00  0.000000E+00
  DP  3.994630E+00  0.000000E+00
  DP  4.052230E+00  0.000000E+00
  DP  4.110660E+00  0.000000E+00
  DP  4.169940E+00  0.000000E+00
  DP  4.230070E+00  0.000000E+00
  DP  4.291070E+00  0.000000E+00
  DP  4.352940E+00  0.000000E+00
  DP  4.415710E+00  0.000000E+00
  DP  4.479390E+00  0.000000E+00
  DP  4.543980E+00  0.000000E+00
  DP  4.609500E+00  0.000000E+00
  DP  4.675970E+00  0.000000E+00
  DP  4.743400E+00  0.000000E+00
  DP  4.811800E+00  0.000000E+00
  DP  4.881180E+00  0.000000E+00
  DP  4.951570E+00  0.000000E+00
  DP  5.022970E+00  0.000000E+00
  DP  5.095400E+00  0.000000E+00
  DP  5.168880E+00  0.000000E+00
  DP  5.243410E+00  0.000000E+00
  DP  5.319020E+00  0.000000E+00
  DP  5.395720E+00  0.000000E+00
  DP  5.473530E+00  0.000000E+00
  DP  5.552450E+00  0.000000E+00
  DP  5.632520E+00  0.000000E+00
  DP  5.713740E+00  0.000000E+00
  DP  5.796130E+00  0.000000E+00
  DP  5.879710E+00  0.000000E+00
  DP  5.964500E+00  0.000000E+00
  DP  6.050500E+00  0.000000E+00
  DP  6.137750E+00  0.000000E+00
  DP  6.226260E+00  2.759602E-07
  DP  6.316040E+00  2.673744E-06
  DP  6.407120E+00  7.186977E-06
  DP  6.499510E+00  1.330099E-05
  DP  6.593230E+00  1.880133E-05
  DP  6.688300E+00  2.368633E-05
  DP  6.784750E+00  1.198208E-05
  DP  6.882580E+00  1.854505E-07
  DP  6.981830E+00  6.328181E-07
  DP  7.082500E+00  1.698181E-06
  DP  7.184630E+00  2.425654E-06
  DP  7.288240E+00  3.307237E-06
  DP  7.393330E+00  3.738298E-06
  DP  7.499940E+00  1.387664E-06
  DP  7.608090E+00  0.000000E+00
  DP  7.717800E+00  0.000000E+00
  DP  7.829090E+00  0.000000E+00
  DP  7.941980E+00  6.181257E-09
  DP  8.056510E+00  6.093394E-09
  DP  8.172680E+00  0.000000E+00
  DP  8.290530E+00  0.000000E+00
  DP  8.410080E+00  0.000000E+00
  DP  8.531350E+00  0.000000E+00
  DP  8.654370E+00  0.000000E+00
  DP  8.779170E+00  0.000000E+00
  DP  8.905760E+00  0.000000E+00
  DP  9.034180E+00  0.000000E+00
  DP  9.164450E+00  0.000000E+00
  DP  9.296600E+00  0.000000E+00
  DP  9.430660E+00  0.000000E+00
  DP  9.566650E+00  0.000000E+00
  DP  9.704600E+00  0.000000E+00
  DP  9.844540E+00  0.000000E+00
  DP  9.986500E+00  0.000000E+00
  DP  1.013050E+01  0.000000E+00
  DP  1.027660E+01  0.000000E+00
  DP  1.042480E+01  0.000000E+00
  DP  1.057510E+01  0.000000E+00
  DP  1.072760E+01  0.000000E+00
  DP  1.088230E+01  0.000000E+00
  DP  1.103920E+01  0.000000E+00
  DP  1.119840E+01  0.000000E+00
  DP  1.135990E+01  0.000000E+00
  DP  1.152370E+01  0.000000E+00
  DP  1.168980E+01  0.000000E+00
  DP  1.185840E+01  0.000000E+00
  DP  1.202940E+01  0.000000E+00
  DP  1.220290E+01  0.000000E+00
  DP  1.237880E+01  0.000000E+00
  DP  1.255730E+01  0.000000E+00
  DP  1.273840E+01  0.000000E+00
  DP  1.292210E+01  0.000000E+00
  DP  1.310840E+01  0.000000E+00
  DP  1.329740E+01  0.000000E+00
  DP  1.348920E+01  0.000000E+00
  DP  1.368370E+01  0.000000E+00
  DP  1.388100E+01  3.536584E-09
  DP  1.408120E+01  5.229467E-08
  DP  1.428420E+01  1.890219E-07
  DP  1.449020E+01  2.608684E-07
  DP  1.469920E+01  3.606925E-07
  DP  1.491110E+01  5.596856E-07
  DP  1.512610E+01  5.843299E-07
  DP  1.534430E+01  9.598033E-08
  DP  1.556550E+01  0.000000E+00
  DP  1.579000E+01  0.000000E+00
  DP  1.601770E+01  0.000000E+00
  DP  1.624860E+01  0.000000E+00
  DP  1.648290E+01  0.000000E+00
  DP  1.672060E+01  0.000000E+00
  DP  1.696170E+01  0.000000E+00
  DP  1.720630E+01  0.000000E+00
  DP  1.745440E+01  0.000000E+00
  DP  1.770610E+01  0.000000E+00
  DP  1.796140E+01  0.000000E+00
  DP  1.822040E+01  0.000000E+00
  DP  1.848320E+01  0.000000E+00
  DP  1.874970E+01  0.000000E+00
  DP  1.902010E+01  0.000000E+00
  DP  1.929430E+01  0.000000E+00
  DP  1.957260E+01  0.000000E+00
  DP  1.985480E+01  0.000000E+00
  DP  2.014110E+01  0.000000E+00
  DP  2.043150E+01  0.000000E+00
  DP  2.072620E+01  0.000000E+00
  DP  2.102500E+01  0.000000E+00
  DP  2.132820E+01  0.000000E+00
  DP  2.163580E+01  0.000000E+00
  DP  2.194770E+01  0.000000E+00
  DP  2.226420E+01  0.000000E+00
  DP  2.258530E+01  0.000000E+00
  DP  2.291100E+01  0.000000E+00
  DP  2.324130E+01  0.000000E+00
  DP  2.357650E+01  0.000000E+00
  DP  2.391640E+01  0.000000E+00
  DP  2.426130E+01  0.000000E+00
  DP  2.461120E+01  0.000000E+00
  DP  2.496600E+01  0.000000E+00
  DP  2.532610E+01  0.000000E+00
  DP  2.569130E+01  0.000000E+00
  DP  2.606170E+01  0.000000E+00
  DP  2.643750E+01  0.000000E+00
  DP  2.681880E+01  0.000000E+00
  DP  2.720550E+01  0.000000E+00
  DP  2.759780E+01  0.000000E+00
  DP  2.799570E+01  0.000000E+00
  DP  2.839940E+01  0.000000E+00
  DP  2.880890E+01  0.000000E+00
  DP  2.922440E+01  0.000000E+00
  DP  2.964580E+01  0.000000E+00
  DP  3.007330E+01  0.000000E+00
  DP  3.050690E+01  0.000000E+00
  DP  3.094680E+01  0.000000E+00
  DP  3.139310E+01  0.000000E+00
  DP  3.184580E+01  0.000000E+00
  DP  3.230500E+01  0.000000E+00
  DP  3.277080E+01  0.000000E+00
  DP  3.324340E+01  0.000000E+00
  DP  3.372270E+01  0.000000E+00
  DP  3.420900E+01  0.000000E+00
  DP  3.470230E+01  0.000000E+00
  DP  3.520270E+01  0.000000E+00
  DP  3.571030E+01  0.000000E+00
  DP  3.622530E+01  0.000000E+00
  DP  3.674760E+01  0.000000E+00
  DP  3.727750E+01  0.000000E+00
  DP  3.781510E+01  0.000000E+00
  DP  3.836040E+01  0.000000E+00
  DP  3.891350E+01  0.000000E+00
  DP  3.947460E+01  0.000000E+00
  DP  4.004390E+01  0.000000E+00
  DP  4.062130E+01  0.000000E+00
  DP  4.120700E+01  2.382671E-09
  DP  4.180120E+01  1.174402E-09
  DP  4.240400E+01  0.000000E+00
  DP  4.301550E+01  2.282499E-09
  DP  4.363570E+01  3.375088E-09
  DP  4.426500E+01  3.327108E-09
  DP  4.490330E+01  4.373086E-09
  DP  4.555080E+01  7.544112E-09
  DP  4.620760E+01  1.806099E-08
  DP  4.687390E+01  7.331160E-09
  DP  4.754980E+01  1.342149E-08
  DP  4.823550E+01  9.159678E-09
  DP  4.893100E+01  2.809178E-08
  DP  4.963660E+01  1.384622E-08
  DP  5.035240E+01  2.242399E-08
  DP  5.107850E+01  3.075517E-08
  DP  5.181500E+01  5.116160E-08
  DP  5.256220E+01  4.576446E-08
  DP  5.332010E+01  4.971743E-08
  DP  5.408900E+01  5.082586E-08
  DP  5.486890E+01  6.620808E-08
  DP  5.566010E+01  8.114267E-08
  DP  5.646280E+01  1.013064E-07
  DP  5.727690E+01  1.208495E-07
  DP  5.810290E+01  1.140619E-07
  DP  5.894070E+01  1.374278E-07
  DP  5.979060E+01  1.650318E-07
  DP  6.065280E+01  1.651145E-07
  DP  6.152740E+01  2.305871E-07
  DP  6.241460E+01  2.414666E-07
  DP  6.331460E+01  2.581936E-07
  DP  6.422760E+01  3.110846E-07
  DP  6.515380E+01  3.684469E-07
  DP  6.609330E+01  3.973762E-07
  DP  6.704640E+01  4.525007E-07
  DP  6.801320E+01  4.981161E-07
  DP  6.899390E+01  5.777646E-07
  DP  6.998880E+01  6.005547E-07
  DP  7.099800E+01  6.541100E-07
  DP  7.202180E+01  7.490174E-07
  DP  7.306040E+01  7.733910E-07
  DP  7.411390E+01  8.553951E-07
  DP  7.518260E+01  9.663878E-07
  DP  7.626670E+01  1.084600E-06
  DP  7.736650E+01  1.106025E-06
  DP  7.848210E+01  1.240389E-06
  DP  7.961380E+01  1.369556E-06
  DP  8.076180E+01  1.480733E-06
  DP  8.192640E+01  1.648906E-06
  DP  8.310780E+01  1.823488E-06
  DP  8.430620E+01  1.985820E-06
  DP  8.552190E+01  2.068410E-06
  DP  8.675510E+01  2.249969E-06
  DP  8.800610E+01  2.328867E-06
  DP  8.927510E+01  2.469623E-06
  DP  9.056250E+01  2.677053E-06
  DP  9.186840E+01  2.805844E-06
  DP  9.319310E+01  2.902506E-06
  DP  9.453690E+01  3.106944E-06
  DP  9.590010E+01  3.250600E-06
  DP  9.728300E+01  3.516262E-06
  DP  9.868580E+01  3.623269E-06
  DP  1.001090E+02  3.787682E-06
  DP  1.015520E+02  4.052341E-06
  DP  1.030170E+02  4.131773E-06
  DP  1.045020E+02  4.340481E-06
  DP  1.060090E+02  4.562709E-06
  DP  1.075380E+02  4.786190E-06
  DP  1.090890E+02  4.979439E-06
  DP  1.106620E+02  5.215797E-06
  DP  1.122570E+02  5.450241E-06
  DP  1.138760E+02  5.722296E-06
  DP  1.155180E+02  6.022510E-06
  DP  1.171840E+02  6.425929E-06
  DP  1.188740E+02  6.842476E-06
  DP  1.205880E+02  8.074384E-06
  DP  1.223270E+02  9.687275E-06
  DP  1.240910E+02  8.677286E-06
  DP  1.258800E+02  7.266217E-06
  DP  1.276950E+02  7.283723E-06
  DP  1.295370E+02  7.199778E-06
  DP  1.314040E+02  7.197096E-06
  DP  1.332990E+02  7.353963E-06
  DP  1.352210E+02  7.681736E-06
  DP  1.371710E+02  7.880232E-06
  DP  1.391490E+02  7.758059E-06
  DP  1.411560E+02  7.704514E-06
  DP  1.431910E+02  7.701038E-06
  DP  1.452560E+02  7.765504E-06
  DP  1.473510E+02  7.759304E-06
  DP  1.494750E+02  7.902459E-06
  DP  1.516310E+02  8.044762E-06
  DP  1.538170E+02  8.170687E-06
  DP  1.560350E+02  8.526293E-06
  DP  1.582850E+02  8.855603E-06
  DP  1.605680E+02  8.585453E-06
  DP  1.628830E+02  8.193841E-06
  DP  1.652320E+02  8.359006E-06
  DP  1.676150E+02  8.539663E-06
  DP  1.700320E+02  8.889528E-06
  DP  1.724830E+02  9.220509E-06
  DP  1.749710E+02  9.358133E-06
  DP  1.774940E+02  9.158257E-06
  DP  1.800530E+02  9.215663E-06
  DP  1.826490E+02  9.173549E-06
  DP  1.852830E+02  9.199369E-06
  DP  1.879550E+02  9.199452E-06
  DP  1.906650E+02  9.342674E-06
  DP  1.934150E+02  9.589677E-06
  DP  1.962040E+02  1.015262E-05
  DP  1.990330E+02  1.053106E-05
  DP  2.019030E+02  1.051494E-05
  DP  2.048140E+02  1.061070E-05
  DP  2.077680E+02  1.059733E-05
  DP  2.107640E+02  1.067312E-05
  DP  2.138030E+02  1.086856E-05
  DP  2.168860E+02  1.079236E-05
  DP  2.200130E+02  1.059541E-05
  DP  2.231860E+02  1.060117E-05
  DP  2.264040E+02  1.047165E-05
  DP  2.296690E+02  1.036846E-05
  DP  2.329810E+02  1.031289E-05
  DP  2.363400E+02  1.019582E-05
  DP  2.397480E+02  1.009054E-05
  DP  2.432060E+02  9.882973E-06
  DP  2.467130E+02  9.719195E-06
  DP  2.502700E+02  9.537536E-06
  DP  2.538790E+02  9.306158E-06
  DP  2.575400E+02  9.272985E-06
  DP  2.612540E+02  9.104612E-06
  DP  2.650210E+02  8.986458E-06
  DP  2.688430E+02  8.951530E-06
  DP  2.727190E+02  8.861452E-06
  DP  2.766520E+02  8.531139E-06
  DP  2.806410E+02  8.438221E-06
  DP  2.846880E+02  8.320226E-06
  DP  2.887930E+02  8.190348E-06
  DP  2.929570E+02  8.018240E-06
  DP  2.971820E+02  7.928630E-06
  DP  3.014670E+02  7.818532E-06
  DP  3.058140E+02  7.693359E-06
  DP  3.102240E+02  7.583987E-06
  DP  3.146980E+02  7.460160E-06
  DP  3.192350E+02  7.385883E-06
  DP  3.238390E+02  7.313453E-06
  DP  3.285080E+02  7.219540E-06
  DP  3.332460E+02  7.129321E-06
  DP  3.380510E+02  7.042284E-06
  DP  3.429260E+02  7.025297E-06
  DP  3.478710E+02  6.867803E-06
  DP  3.528870E+02  6.742137E-06
  DP  3.579750E+02  6.660791E-06
  DP  3.631370E+02  6.573948E-06
  DP  3.683740E+02  6.582521E-06
  DP  3.736860E+02  6.500849E-06
  DP  3.790740E+02  6.408123E-06
  DP  3.845400E+02  6.360418E-06
  DP  3.900850E+02  6.365073E-06
  DP  3.957100E+02  6.239332E-06
  DP  4.014170E+02  6.165423E-06
  DP  4.072050E+02  6.144917E-06
  DP  4.130770E+02  6.060146E-06
  DP  4.190330E+02  6.081896E-06
  DP  4.250760E+02  6.029078E-06
  DP  4.312050E+02  5.960325E-06
  DP  4.374230E+02  5.974012E-06
  DP  4.437310E+02  5.836364E-06
  DP  4.501290E+02  5.815540E-06
  DP  4.566200E+02  5.818189E-06
  DP  4.632050E+02  5.811053E-06
  DP  4.698840E+02  5.813234E-06
  DP  4.766600E+02  6.069630E-06
  DP  4.835330E+02  7.284274E-06
  DP  4.905060E+02  8.326735E-06
  DP  4.975790E+02  1.497955E-05
  DP  5.047540E+02  3.938767E-05
  DP  5.120320E+02  5.810101E-05
  DP  5.194160E+02  2.620282E-05
  DP  5.269050E+02  7.110620E-06
  DP  5.345030E+02  5.998445E-06
  DP  5.422110E+02  4.157443E-06
  DP  5.500290E+02  3.803425E-06
  DP  5.579610E+02  3.727184E-06
  DP  5.660070E+02  3.731613E-06
  DP  5.741680E+02  3.712210E-06
  DP  5.824480E+02  3.704866E-06
  DP  5.908470E+02  3.651905E-06
  DP  5.993670E+02  3.678619E-06
  DP  6.080090E+02  3.625692E-06
  DP  6.167770E+02  3.633012E-06
  DP  6.256710E+02  3.632745E-06
  DP  6.346930E+02  3.590957E-06
  DP  6.438450E+02  3.615624E-06
  DP  6.531290E+02  3.576217E-06
  DP  6.625470E+02  3.565772E-06
  DP  6.721010E+02  3.551332E-06
  DP  6.817930E+02  3.498456E-06
  DP  6.916240E+02  3.551266E-06
  DP  7.015970E+02  3.555318E-06
  DP  7.117140E+02  3.551942E-06
  DP  7.219770E+02  3.617453E-06
  DP  7.323880E+02  3.760767E-06
  DP  7.429490E+02  3.730594E-06
  DP  7.536620E+02  3.648045E-06
  DP  7.645300E+02  3.576509E-06
  DP  7.755540E+02  3.620178E-06
  DP  7.867380E+02  3.996431E-06
  DP  7.980820E+02  5.584372E-06
  DP  8.095910E+02  7.586511E-06
  DP  8.212650E+02  1.436062E-05
  DP  8.331070E+02  5.243272E-05
  DP  8.451210E+02  9.538539E-05
  DP  8.573070E+02  6.040066E-05
  DP  8.696700E+02  9.100935E-06
  DP  8.822100E+02  5.612406E-06
  DP  8.949320E+02  2.509933E-06
  DP  9.078360E+02  1.452097E-06
  DP  9.209270E+02  1.419692E-06
  DP  9.342070E+02  1.442053E-06
  DP  9.476780E+02  1.525279E-06
  DP  9.613440E+02  1.998947E-06
  DP  9.752060E+02  2.717471E-06
  DP  9.892680E+02  2.579538E-06
  DP  1.003530E+03  2.382529E-06
  DP  1.018000E+03  6.265051E-06
  DP  1.032680E+03  1.187437E-05
  DP  1.047580E+03  9.823979E-06
  DP  1.062680E+03  2.547476E-06
  DP  1.078000E+03  1.643901E-06
  DP  1.093550E+03  1.336149E-06
  DP  1.109320E+03  1.206046E-06
  DP  1.125310E+03  1.265650E-06
  DP  1.141540E+03  1.515502E-06
  DP  1.158000E+03  2.561506E-06
  DP  1.174700E+03  4.243042E-06
  DP  1.191640E+03  4.433876E-06
  DP  1.208820E+03  1.484727E-05
  DP  1.226250E+03  3.955220E-05
  DP  1.243940E+03  4.463523E-05
  DP  1.261870E+03  1.201041E-05
  DP  1.280070E+03  2.566703E-06
  DP  1.298530E+03  1.728764E-06
  DP  1.317250E+03  7.670789E-07
  DP  1.336250E+03  1.761494E-06
  DP  1.355520E+03  3.047056E-06
  DP  1.375060E+03  2.107107E-06
  DP  1.394890E+03  5.337845E-07
  DP  1.415010E+03  4.459629E-07
  DP  1.435410E+03  4.315138E-07
  DP  1.456110E+03  3.711977E-07
  DP  1.477110E+03  2.876143E-07
  DP  1.498400E+03  2.870143E-07
  DP  1.520010E+03  2.774183E-07
  DP  1.541930E+03  2.904428E-07
  DP  1.564160E+03  2.910068E-07
  DP  1.586720E+03  2.828848E-07
  DP  1.609600E+03  2.725977E-07
  DP  1.632810E+03  2.670293E-07
  DP  1.656360E+03  3.275376E-07
  DP  1.680240E+03  5.185055E-07
  DP  1.704470E+03  6.933807E-07
  DP  1.729050E+03  2.699748E-06
  DP  1.753980E+03  7.150436E-06
  DP  1.779270E+03  8.148886E-06
  DP  1.804930E+03  2.591262E-06
  DP  1.830960E+03  6.824953E-07
  DP  1.857360E+03  4.150942E-07
  DP  1.884140E+03  2.280978E-07
  DP  1.911310E+03  3.285135E-07
  DP  1.938870E+03  6.161863E-07
  DP  1.966830E+03  1.254770E-06
  DP  1.995190E+03  3.256733E-06
  DP  2.023960E+03  5.038107E-06
  DP  2.053150E+03  3.203748E-06
  DP  2.082750E+03  5.921678E-07
  DP  2.112790E+03  2.913402E-07
  DP  2.143250E+03  1.780321E-07
  DP  2.174160E+03  1.840083E-07
  DP  2.205510E+03  2.424159E-07
  DP  2.237310E+03  1.835687E-07
  DP  2.269570E+03  1.069376E-07
  DP  2.302300E+03  1.012471E-07
  DP  2.335500E+03  9.211318E-08
  DP  2.369180E+03  9.544555E-08
  DP  2.403340E+03  9.886649E-08
  DP  2.438000E+03  1.667097E-07
  DP  2.473150E+03  3.083029E-07
  DP  2.508810E+03  5.886324E-07
  DP  2.544990E+03  2.982356E-06
  DP  2.581690E+03  6.126317E-06
  DP  2.618920E+03  4.912834E-06
  DP  2.656680E+03  8.582195E-07
  DP  2.694990E+03  2.852044E-07
  DP  2.733850E+03  1.379542E-07
  DP  2.773270E+03  4.208181E-08
  DP  2.813260E+03  3.671475E-08
  DP  2.853830E+03  4.400385E-08
  DP  2.894980E+03  5.044390E-08
  DP  2.936730E+03  1.406908E-07
  DP  2.979080E+03  3.228348E-07
  DP  3.022030E+03  3.651237E-07
  DP  3.065610E+03  2.006083E-07
  DP  3.109820E+03  3.250274E-07
  DP  3.154660E+03  1.066718E-06
  DP  3.200150E+03  2.653815E-06
  DP  3.246300E+03  3.288570E-06
  DP  3.293110E+03  1.805280E-06
  DP  3.340590E+03  3.134702E-07
  DP  3.388770E+03  2.548872E-07
  DP  3.437630E+03  2.878106E-07
  DP  3.487200E+03  1.676648E-07
  DP  3.537490E+03  2.276023E-08
  DP  3.588500E+03  9.509460E-09
  DP  3.640240E+03  2.751095E-09
  DP  3.692730E+03  1.861165E-10
  DP  3.745980E+03  0.000000E+00
  DP  3.800000E+03  0.000000E+00
  
 EN
