 # final1D_0_1p38_0p6_1p25_edge/final1D_0_1p38_0p6_1p25_edge_30_100/quickspec.dat                      
 #    1.0000000000000000      =Mpc
  DP  3.000000E+00  0.000000E+00
  DP  3.043260E+00  0.000000E+00
  DP  3.087140E+00  0.000000E+00
  DP  3.131660E+00  0.000000E+00
  DP  3.176820E+00  0.000000E+00
  DP  3.222630E+00  0.000000E+00
  DP  3.269100E+00  0.000000E+00
  DP  3.316240E+00  0.000000E+00
  DP  3.364060E+00  0.000000E+00
  DP  3.412570E+00  0.000000E+00
  DP  3.461780E+00  0.000000E+00
  DP  3.511690E+00  0.000000E+00
  DP  3.562330E+00  0.000000E+00
  DP  3.613700E+00  0.000000E+00
  DP  3.665810E+00  0.000000E+00
  DP  3.718670E+00  0.000000E+00
  DP  3.772290E+00  0.000000E+00
  DP  3.826690E+00  0.000000E+00
  DP  3.881870E+00  0.000000E+00
  DP  3.937850E+00  0.000000E+00
  DP  3.994630E+00  0.000000E+00
  DP  4.052230E+00  0.000000E+00
  DP  4.110660E+00  0.000000E+00
  DP  4.169940E+00  0.000000E+00
  DP  4.230070E+00  0.000000E+00
  DP  4.291070E+00  0.000000E+00
  DP  4.352940E+00  0.000000E+00
  DP  4.415710E+00  0.000000E+00
  DP  4.479390E+00  0.000000E+00
  DP  4.543980E+00  0.000000E+00
  DP  4.609500E+00  0.000000E+00
  DP  4.675970E+00  0.000000E+00
  DP  4.743400E+00  0.000000E+00
  DP  4.811800E+00  0.000000E+00
  DP  4.881180E+00  0.000000E+00
  DP  4.951570E+00  0.000000E+00
  DP  5.022970E+00  0.000000E+00
  DP  5.095400E+00  0.000000E+00
  DP  5.168880E+00  0.000000E+00
  DP  5.243410E+00  0.000000E+00
  DP  5.319020E+00  0.000000E+00
  DP  5.395720E+00  0.000000E+00
  DP  5.473530E+00  0.000000E+00
  DP  5.552450E+00  0.000000E+00
  DP  5.632520E+00  0.000000E+00
  DP  5.713740E+00  0.000000E+00
  DP  5.796130E+00  0.000000E+00
  DP  5.879710E+00  0.000000E+00
  DP  5.964500E+00  0.000000E+00
  DP  6.050500E+00  0.000000E+00
  DP  6.137750E+00  0.000000E+00
  DP  6.226260E+00  0.000000E+00
  DP  6.316040E+00  3.708233E-08
  DP  6.407120E+00  2.741645E-07
  DP  6.499510E+00  8.828697E-07
  DP  6.593230E+00  1.793932E-06
  DP  6.688300E+00  3.116637E-06
  DP  6.784750E+00  3.348499E-06
  DP  6.882580E+00  3.062690E-07
  DP  6.981830E+00  8.889695E-07
  DP  7.082500E+00  1.636932E-06
  DP  7.184630E+00  2.021149E-06
  DP  7.288240E+00  3.502809E-06
  DP  7.393330E+00  1.789863E-06
  DP  7.499940E+00  4.372017E-07
  DP  7.608090E+00  1.539242E-08
  DP  7.717800E+00  3.034723E-08
  DP  7.829090E+00  1.645371E-07
  DP  7.941980E+00  2.949057E-07
  DP  8.056510E+00  3.924637E-07
  DP  8.172680E+00  7.164524E-08
  DP  8.290530E+00  0.000000E+00
  DP  8.410080E+00  0.000000E+00
  DP  8.531350E+00  0.000000E+00
  DP  8.654370E+00  0.000000E+00
  DP  8.779170E+00  0.000000E+00
  DP  8.905760E+00  0.000000E+00
  DP  9.034180E+00  0.000000E+00
  DP  9.164450E+00  0.000000E+00
  DP  9.296600E+00  0.000000E+00
  DP  9.430660E+00  0.000000E+00
  DP  9.566650E+00  0.000000E+00
  DP  9.704600E+00  0.000000E+00
  DP  9.844540E+00  0.000000E+00
  DP  9.986500E+00  0.000000E+00
  DP  1.013050E+01  0.000000E+00
  DP  1.027660E+01  0.000000E+00
  DP  1.042480E+01  0.000000E+00
  DP  1.057510E+01  0.000000E+00
  DP  1.072760E+01  0.000000E+00
  DP  1.088230E+01  0.000000E+00
  DP  1.103920E+01  0.000000E+00
  DP  1.119840E+01  0.000000E+00
  DP  1.135990E+01  0.000000E+00
  DP  1.152370E+01  0.000000E+00
  DP  1.168980E+01  0.000000E+00
  DP  1.185840E+01  0.000000E+00
  DP  1.202940E+01  0.000000E+00
  DP  1.220290E+01  0.000000E+00
  DP  1.237880E+01  0.000000E+00
  DP  1.255730E+01  0.000000E+00
  DP  1.273840E+01  0.000000E+00
  DP  1.292210E+01  0.000000E+00
  DP  1.310840E+01  0.000000E+00
  DP  1.329740E+01  0.000000E+00
  DP  1.348920E+01  0.000000E+00
  DP  1.368370E+01  0.000000E+00
  DP  1.388100E+01  0.000000E+00
  DP  1.408120E+01  0.000000E+00
  DP  1.428420E+01  2.459496E-08
  DP  1.449020E+01  1.616359E-08
  DP  1.469920E+01  5.576835E-08
  DP  1.491110E+01  1.020978E-07
  DP  1.512610E+01  8.516182E-08
  DP  1.534430E+01  6.105569E-08
  DP  1.556550E+01  0.000000E+00
  DP  1.579000E+01  0.000000E+00
  DP  1.601770E+01  0.000000E+00
  DP  1.624860E+01  0.000000E+00
  DP  1.648290E+01  0.000000E+00
  DP  1.672060E+01  0.000000E+00
  DP  1.696170E+01  0.000000E+00
  DP  1.720630E+01  0.000000E+00
  DP  1.745440E+01  0.000000E+00
  DP  1.770610E+01  0.000000E+00
  DP  1.796140E+01  0.000000E+00
  DP  1.822040E+01  0.000000E+00
  DP  1.848320E+01  0.000000E+00
  DP  1.874970E+01  0.000000E+00
  DP  1.902010E+01  0.000000E+00
  DP  1.929430E+01  0.000000E+00
  DP  1.957260E+01  0.000000E+00
  DP  1.985480E+01  0.000000E+00
  DP  2.014110E+01  0.000000E+00
  DP  2.043150E+01  0.000000E+00
  DP  2.072620E+01  0.000000E+00
  DP  2.102500E+01  0.000000E+00
  DP  2.132820E+01  0.000000E+00
  DP  2.163580E+01  0.000000E+00
  DP  2.194770E+01  0.000000E+00
  DP  2.226420E+01  0.000000E+00
  DP  2.258530E+01  0.000000E+00
  DP  2.291100E+01  0.000000E+00
  DP  2.324130E+01  0.000000E+00
  DP  2.357650E+01  0.000000E+00
  DP  2.391640E+01  0.000000E+00
  DP  2.426130E+01  0.000000E+00
  DP  2.461120E+01  0.000000E+00
  DP  2.496600E+01  0.000000E+00
  DP  2.532610E+01  0.000000E+00
  DP  2.569130E+01  0.000000E+00
  DP  2.606170E+01  0.000000E+00
  DP  2.643750E+01  0.000000E+00
  DP  2.681880E+01  0.000000E+00
  DP  2.720550E+01  0.000000E+00
  DP  2.759780E+01  0.000000E+00
  DP  2.799570E+01  0.000000E+00
  DP  2.839940E+01  0.000000E+00
  DP  2.880890E+01  0.000000E+00
  DP  2.922440E+01  0.000000E+00
  DP  2.964580E+01  0.000000E+00
  DP  3.007330E+01  0.000000E+00
  DP  3.050690E+01  0.000000E+00
  DP  3.094680E+01  0.000000E+00
  DP  3.139310E+01  0.000000E+00
  DP  3.184580E+01  0.000000E+00
  DP  3.230500E+01  0.000000E+00
  DP  3.277080E+01  0.000000E+00
  DP  3.324340E+01  0.000000E+00
  DP  3.372270E+01  0.000000E+00
  DP  3.420900E+01  6.846545E-09
  DP  3.470230E+01  0.000000E+00
  DP  3.520270E+01  0.000000E+00
  DP  3.571030E+01  0.000000E+00
  DP  3.622530E+01  9.698222E-09
  DP  3.674760E+01  6.373571E-09
  DP  3.727750E+01  6.282967E-09
  DP  3.781510E+01  0.000000E+00
  DP  3.836040E+01  3.052805E-09
  DP  3.891350E+01  1.805648E-08
  DP  3.947460E+01  2.076641E-08
  DP  4.004390E+01  3.509360E-08
  DP  4.062130E+01  1.153161E-08
  DP  4.120700E+01  6.309071E-08
  DP  4.180120E+01  7.003788E-08
  DP  4.240400E+01  6.904227E-08
  DP  4.301550E+01  8.167303E-08
  DP  4.363570E+01  1.180845E-07
  DP  4.426500E+01  1.375706E-07
  DP  4.490330E+01  1.877743E-07
  DP  4.555080E+01  2.236692E-07
  DP  4.620760E+01  1.886300E-07
  DP  4.687390E+01  2.223523E-07
  DP  4.754980E+01  2.957121E-07
  DP  4.823550E+01  4.060288E-07
  DP  4.893100E+01  4.140414E-07
  DP  4.963660E+01  5.478251E-07
  DP  5.035240E+01  5.124917E-07
  DP  5.107850E+01  6.406945E-07
  DP  5.181500E+01  8.476241E-07
  DP  5.256220E+01  8.936405E-07
  DP  5.332010E+01  9.152575E-07
  DP  5.408900E+01  1.116729E-06
  DP  5.486890E+01  1.288244E-06
  DP  5.566010E+01  1.344714E-06
  DP  5.646280E+01  1.670113E-06
  DP  5.727690E+01  1.786763E-06
  DP  5.810290E+01  1.919941E-06
  DP  5.894070E+01  2.198413E-06
  DP  5.979060E+01  2.219871E-06
  DP  6.065280E+01  2.480160E-06
  DP  6.152740E+01  2.764657E-06
  DP  6.241460E+01  3.085862E-06
  DP  6.331460E+01  3.392853E-06
  DP  6.422760E+01  3.550631E-06
  DP  6.515380E+01  3.905301E-06
  DP  6.609330E+01  4.119164E-06
  DP  6.704640E+01  4.370680E-06
  DP  6.801320E+01  4.887231E-06
  DP  6.899390E+01  5.104738E-06
  DP  6.998880E+01  5.518568E-06
  DP  7.099800E+01  5.683950E-06
  DP  7.202180E+01  6.204529E-06
  DP  7.306040E+01  6.415234E-06
  DP  7.411390E+01  6.786507E-06
  DP  7.518260E+01  7.123354E-06
  DP  7.626670E+01  7.779183E-06
  DP  7.736650E+01  8.005915E-06
  DP  7.848210E+01  8.266229E-06
  DP  7.961380E+01  8.880420E-06
  DP  8.076180E+01  9.013197E-06
  DP  8.192640E+01  9.547396E-06
  DP  8.310780E+01  9.687275E-06
  DP  8.430620E+01  1.019390E-05
  DP  8.552190E+01  1.060117E-05
  DP  8.675510E+01  1.070119E-05
  DP  8.800610E+01  1.088494E-05
  DP  8.927510E+01  1.157381E-05
  DP  9.056250E+01  1.188799E-05
  DP  9.186840E+01  1.226460E-05
  DP  9.319310E+01  1.272476E-05
  DP  9.453690E+01  1.317524E-05
  DP  9.590010E+01  1.334261E-05
  DP  9.728300E+01  1.405604E-05
  DP  9.868580E+01  1.449339E-05
  DP  1.001090E+02  1.505525E-05
  DP  1.015520E+02  1.562287E-05
  DP  1.030170E+02  1.563658E-05
  DP  1.045020E+02  1.586787E-05
  DP  1.060090E+02  1.583729E-05
  DP  1.075380E+02  1.602237E-05
  DP  1.090890E+02  1.629570E-05
  DP  1.106620E+02  1.645505E-05
  DP  1.122570E+02  1.649165E-05
  DP  1.138760E+02  1.692424E-05
  DP  1.155180E+02  1.675344E-05
  DP  1.171840E+02  1.722965E-05
  DP  1.188740E+02  1.737354E-05
  DP  1.205880E+02  1.766099E-05
  DP  1.223270E+02  1.793581E-05
  DP  1.240910E+02  1.796306E-05
  DP  1.258800E+02  1.788760E-05
  DP  1.276950E+02  1.780521E-05
  DP  1.295370E+02  1.766801E-05
  DP  1.314040E+02  1.773293E-05
  DP  1.332990E+02  1.798996E-05
  DP  1.352210E+02  1.825677E-05
  DP  1.371710E+02  1.804302E-05
  DP  1.391490E+02  1.826045E-05
  DP  1.411560E+02  1.777764E-05
  DP  1.431910E+02  1.781407E-05
  DP  1.452560E+02  1.807603E-05
  DP  1.473510E+02  1.814321E-05
  DP  1.494750E+02  1.925389E-05
  DP  1.516310E+02  2.384869E-05
  DP  1.538170E+02  2.918675E-05
  DP  1.560350E+02  3.334979E-05
  DP  1.582850E+02  4.267040E-05
  DP  1.605680E+02  4.912959E-05
  DP  1.628830E+02  3.319938E-05
  DP  1.652320E+02  2.809345E-05
  DP  1.676150E+02  1.636230E-05
  DP  1.700320E+02  1.394800E-05
  DP  1.724830E+02  1.398903E-05
  DP  1.749710E+02  1.377361E-05
  DP  1.774940E+02  1.397883E-05
  DP  1.800530E+02  1.382533E-05
  DP  1.826490E+02  1.379249E-05
  DP  1.852830E+02  1.370559E-05
  DP  1.879550E+02  1.367651E-05
  DP  1.906650E+02  1.385767E-05
  DP  1.934150E+02  1.366022E-05
  DP  1.962040E+02  1.370258E-05
  DP  1.990330E+02  1.391825E-05
  DP  2.019030E+02  1.406314E-05
  DP  2.048140E+02  1.384982E-05
  DP  2.077680E+02  1.366515E-05
  DP  2.107640E+02  1.356379E-05
  DP  2.138030E+02  1.356571E-05
  DP  2.168860E+02  1.364651E-05
  DP  2.200130E+02  1.333918E-05
  DP  2.231860E+02  1.320866E-05
  DP  2.264040E+02  1.307822E-05
  DP  2.296690E+02  1.304463E-05
  DP  2.329810E+02  1.279537E-05
  DP  2.363400E+02  1.276947E-05
  DP  2.397480E+02  1.272176E-05
  DP  2.432060E+02  1.242286E-05
  DP  2.467130E+02  1.238267E-05
  DP  2.502700E+02  1.223485E-05
  DP  2.538790E+02  1.222625E-05
  DP  2.575400E+02  1.279905E-05
  DP  2.612540E+02  1.388842E-05
  DP  2.650210E+02  1.494855E-05
  DP  2.688430E+02  1.704072E-05
  DP  2.727190E+02  2.108202E-05
  DP  2.766520E+02  1.603190E-05
  DP  2.806410E+02  1.381338E-05
  DP  2.846880E+02  1.119578E-05
  DP  2.887930E+02  9.752452E-06
  DP  2.929570E+02  9.768997E-06
  DP  2.971820E+02  9.575639E-06
  DP  3.014670E+02  9.574135E-06
  DP  3.058140E+02  9.380861E-06
  DP  3.102240E+02  9.229450E-06
  DP  3.146980E+02  9.181236E-06
  DP  3.192350E+02  8.954204E-06
  DP  3.238390E+02  8.843487E-06
  DP  3.285080E+02  8.740374E-06
  DP  3.332460E+02  8.611608E-06
  DP  3.380510E+02  8.453763E-06
  DP  3.429260E+02  8.454431E-06
  DP  3.478710E+02  8.355906E-06
  DP  3.528870E+02  8.298191E-06
  DP  3.579750E+02  8.217012E-06
  DP  3.631370E+02  8.071927E-06
  DP  3.683740E+02  8.012976E-06
  DP  3.736860E+02  7.903955E-06
  DP  3.790740E+02  7.786720E-06
  DP  3.845400E+02  7.638986E-06
  DP  3.900850E+02  7.654712E-06
  DP  3.957100E+02  7.577093E-06
  DP  4.014170E+02  7.501848E-06
  DP  4.072050E+02  7.378789E-06
  DP  4.130770E+02  7.377352E-06
  DP  4.190330E+02  7.277924E-06
  DP  4.250760E+02  7.079101E-06
  DP  4.312050E+02  7.107394E-06
  DP  4.374230E+02  7.119385E-06
  DP  4.437310E+02  7.088418E-06
  DP  4.501290E+02  6.958975E-06
  DP  4.566200E+02  7.269050E-06
  DP  4.632050E+02  8.035253E-06
  DP  4.698840E+02  8.745387E-06
  DP  4.766600E+02  1.049497E-05
  DP  4.835330E+02  1.447443E-05
  DP  4.905060E+02  1.256341E-05
  DP  4.975790E+02  1.142023E-05
  DP  5.047540E+02  1.250625E-05
  DP  5.120320E+02  1.769098E-05
  DP  5.194160E+02  1.787816E-05
  DP  5.269050E+02  9.430161E-06
  DP  5.345030E+02  7.923608E-06
  DP  5.422110E+02  5.336591E-06
  DP  5.500290E+02  4.718841E-06
  DP  5.579610E+02  4.726353E-06
  DP  5.660070E+02  4.660073E-06
  DP  5.741680E+02  4.616221E-06
  DP  5.824480E+02  4.588771E-06
  DP  5.908470E+02  4.489327E-06
  DP  5.993670E+02  4.533689E-06
  DP  6.080090E+02  4.475389E-06
  DP  6.167770E+02  4.428002E-06
  DP  6.256710E+02  4.410154E-06
  DP  6.346930E+02  4.362967E-06
  DP  6.438450E+02  4.375459E-06
  DP  6.531290E+02  4.311603E-06
  DP  6.625470E+02  4.313608E-06
  DP  6.721010E+02  4.291323E-06
  DP  6.817930E+02  4.263865E-06
  DP  6.916240E+02  4.241279E-06
  DP  7.015970E+02  4.232664E-06
  DP  7.117140E+02  4.565425E-06
  DP  7.219770E+02  5.315284E-06
  DP  7.323880E+02  6.000325E-06
  DP  7.429490E+02  7.974822E-06
  DP  7.536620E+02  1.204467E-05
  DP  7.645300E+02  9.679337E-06
  DP  7.755540E+02  6.951129E-06
  DP  7.867380E+02  7.307947E-06
  DP  7.980820E+02  8.493454E-06
  DP  8.095910E+02  1.577395E-05
  DP  8.212650E+02  2.258735E-05
  DP  8.331070E+02  1.672587E-05
  DP  8.451210E+02  2.682192E-05
  DP  8.573070E+02  3.298129E-05
  DP  8.696700E+02  1.100911E-05
  DP  8.822100E+02  7.493442E-06
  DP  8.949320E+02  3.041533E-06
  DP  9.078360E+02  1.417294E-06
  DP  9.209270E+02  1.404493E-06
  DP  9.342070E+02  1.391867E-06
  DP  9.476780E+02  1.425065E-06
  DP  9.613440E+02  1.475235E-06
  DP  9.752060E+02  1.683650E-06
  DP  9.892680E+02  2.019010E-06
  DP  1.003530E+03  1.963985E-06
  DP  1.018000E+03  2.369577E-06
  DP  1.032680E+03  3.675611E-06
  DP  1.047580E+03  5.273687E-06
  DP  1.062680E+03  2.646545E-06
  DP  1.078000E+03  1.879749E-06
  DP  1.093550E+03  1.401894E-06
  DP  1.109320E+03  1.184237E-06
  DP  1.125310E+03  1.201283E-06
  DP  1.141540E+03  1.235535E-06
  DP  1.158000E+03  1.421506E-06
  DP  1.174700E+03  2.398639E-06
  DP  1.191640E+03  3.570944E-06
  DP  1.208820E+03  4.475004E-06
  DP  1.226250E+03  9.222932E-06
  DP  1.243940E+03  1.794024E-05
  DP  1.261870E+03  1.069342E-05
  DP  1.280070E+03  3.609933E-06
  DP  1.298530E+03  2.401923E-06
  DP  1.317250E+03  7.709035E-07
  DP  1.336250E+03  7.003538E-07
  DP  1.355520E+03  1.140786E-06
  DP  1.375060E+03  1.422182E-06
  DP  1.394890E+03  6.682550E-07
  DP  1.415010E+03  5.488428E-07
  DP  1.435410E+03  4.488458E-07
  DP  1.456110E+03  4.166468E-07
  DP  1.477110E+03  4.331072E-07
  DP  1.498400E+03  5.372948E-07
  DP  1.520010E+03  6.177915E-07
  DP  1.541930E+03  1.008903E-06
  DP  1.564160E+03  1.853837E-06
  DP  1.586720E+03  1.599597E-06
  DP  1.609600E+03  6.067499E-07
  DP  1.632810E+03  5.069266E-07
  DP  1.656360E+03  3.452481E-07
  DP  1.680240E+03  4.405725E-07
  DP  1.704470E+03  6.505395E-07
  DP  1.729050E+03  9.085309E-07
  DP  1.753980E+03  1.946279E-06
  DP  1.779270E+03  3.689524E-06
  DP  1.804930E+03  2.279959E-06
  DP  1.830960E+03  8.236373E-07
  DP  1.857360E+03  5.482094E-07
  DP  1.884140E+03  2.617341E-07
  DP  1.911310E+03  2.589047E-07
  DP  1.938870E+03  3.989755E-07
  DP  1.966830E+03  6.017764E-07
  DP  1.995190E+03  9.737996E-07
  DP  2.023960E+03  1.859435E-06
  DP  2.053150E+03  2.114552E-06
  DP  2.082750E+03  7.213616E-07
  DP  2.112790E+03  3.899727E-07
  DP  2.143250E+03  2.177932E-07
  DP  2.174160E+03  1.370175E-07
  DP  2.205510E+03  1.602998E-07
  DP  2.237310E+03  1.763634E-07
  DP  2.269570E+03  1.226978E-07
  DP  2.302300E+03  1.161158E-07
  DP  2.335500E+03  1.120038E-07
  DP  2.369180E+03  1.093808E-07
  DP  2.403340E+03  1.084224E-07
  DP  2.438000E+03  1.424748E-07
  DP  2.473150E+03  2.782205E-07
  DP  2.508810E+03  4.091564E-07
  DP  2.544990E+03  7.667455E-07
  DP  2.581690E+03  1.982327E-06
  DP  2.618920E+03  3.076194E-06
  DP  2.656680E+03  9.857487E-07
  DP  2.694990E+03  4.022226E-07
  DP  2.733850E+03  2.012901E-07
  DP  2.773270E+03  5.239110E-08
  DP  2.813260E+03  4.229271E-08
  DP  2.853830E+03  5.122870E-08
  DP  2.894980E+03  5.649966E-08
  DP  2.936730E+03  6.603269E-08
  DP  2.979080E+03  1.221120E-07
  DP  3.022030E+03  2.182695E-07
  DP  3.065610E+03  1.838662E-07
  DP  3.109820E+03  2.033975E-07
  DP  3.154660E+03  3.828434E-07
  DP  3.200150E+03  8.744217E-07
  DP  3.246300E+03  1.509043E-06
  DP  3.293110E+03  1.381848E-06
  DP  3.340590E+03  3.801528E-07
  DP  3.388770E+03  1.972818E-07
  DP  3.437630E+03  1.476446E-07
  DP  3.487200E+03  1.194690E-07
  DP  3.537490E+03  2.767765E-08
  DP  3.588500E+03  1.416342E-08
  DP  3.640240E+03  4.246443E-09
  DP  3.692730E+03  1.902769E-10
  DP  3.745980E+03  0.000000E+00
  DP  3.800000E+03  0.000000E+00
  
 EN
