 # final1D_0_1p38_0p6_1p25_edge/final1D_0_1p38_0p6_1p25_edge_20_100/quickspec.dat                      
 #    1.0000000000000000      =Mpc
  DP  3.000000E+00  0.000000E+00
  DP  3.043260E+00  0.000000E+00
  DP  3.087140E+00  0.000000E+00
  DP  3.131660E+00  0.000000E+00
  DP  3.176820E+00  0.000000E+00
  DP  3.222630E+00  0.000000E+00
  DP  3.269100E+00  0.000000E+00
  DP  3.316240E+00  0.000000E+00
  DP  3.364060E+00  0.000000E+00
  DP  3.412570E+00  0.000000E+00
  DP  3.461780E+00  0.000000E+00
  DP  3.511690E+00  0.000000E+00
  DP  3.562330E+00  0.000000E+00
  DP  3.613700E+00  0.000000E+00
  DP  3.665810E+00  0.000000E+00
  DP  3.718670E+00  0.000000E+00
  DP  3.772290E+00  0.000000E+00
  DP  3.826690E+00  0.000000E+00
  DP  3.881870E+00  0.000000E+00
  DP  3.937850E+00  0.000000E+00
  DP  3.994630E+00  0.000000E+00
  DP  4.052230E+00  0.000000E+00
  DP  4.110660E+00  0.000000E+00
  DP  4.169940E+00  0.000000E+00
  DP  4.230070E+00  0.000000E+00
  DP  4.291070E+00  0.000000E+00
  DP  4.352940E+00  0.000000E+00
  DP  4.415710E+00  0.000000E+00
  DP  4.479390E+00  0.000000E+00
  DP  4.543980E+00  0.000000E+00
  DP  4.609500E+00  0.000000E+00
  DP  4.675970E+00  0.000000E+00
  DP  4.743400E+00  0.000000E+00
  DP  4.811800E+00  0.000000E+00
  DP  4.881180E+00  0.000000E+00
  DP  4.951570E+00  0.000000E+00
  DP  5.022970E+00  0.000000E+00
  DP  5.095400E+00  0.000000E+00
  DP  5.168880E+00  0.000000E+00
  DP  5.243410E+00  0.000000E+00
  DP  5.319020E+00  0.000000E+00
  DP  5.395720E+00  0.000000E+00
  DP  5.473530E+00  0.000000E+00
  DP  5.552450E+00  0.000000E+00
  DP  5.632520E+00  0.000000E+00
  DP  5.713740E+00  0.000000E+00
  DP  5.796130E+00  0.000000E+00
  DP  5.879710E+00  0.000000E+00
  DP  5.964500E+00  0.000000E+00
  DP  6.050500E+00  0.000000E+00
  DP  6.137750E+00  0.000000E+00
  DP  6.226260E+00  0.000000E+00
  DP  6.316040E+00  0.000000E+00
  DP  6.407120E+00  0.000000E+00
  DP  6.499510E+00  6.468027E-08
  DP  6.593230E+00  6.057279E-07
  DP  6.688300E+00  5.028355E-07
  DP  6.784750E+00  7.125510E-07
  DP  6.882580E+00  6.108025E-08
  DP  6.981830E+00  3.612716E-07
  DP  7.082500E+00  8.606594E-07
  DP  7.184630E+00  1.696861E-06
  DP  7.288240E+00  2.509106E-06
  DP  7.393330E+00  1.250935E-06
  DP  7.499940E+00  3.082879E-07
  DP  7.608090E+00  0.000000E+00
  DP  7.717800E+00  2.723504E-08
  DP  7.829090E+00  8.054380E-08
  DP  7.941980E+00  3.705283E-07
  DP  8.056510E+00  3.913506E-07
  DP  8.172680E+00  1.028765E-07
  DP  8.290530E+00  0.000000E+00
  DP  8.410080E+00  0.000000E+00
  DP  8.531350E+00  0.000000E+00
  DP  8.654370E+00  0.000000E+00
  DP  8.779170E+00  0.000000E+00
  DP  8.905760E+00  0.000000E+00
  DP  9.034180E+00  0.000000E+00
  DP  9.164450E+00  0.000000E+00
  DP  9.296600E+00  0.000000E+00
  DP  9.430660E+00  0.000000E+00
  DP  9.566650E+00  0.000000E+00
  DP  9.704600E+00  0.000000E+00
  DP  9.844540E+00  0.000000E+00
  DP  9.986500E+00  0.000000E+00
  DP  1.013050E+01  0.000000E+00
  DP  1.027660E+01  0.000000E+00
  DP  1.042480E+01  0.000000E+00
  DP  1.057510E+01  0.000000E+00
  DP  1.072760E+01  0.000000E+00
  DP  1.088230E+01  0.000000E+00
  DP  1.103920E+01  0.000000E+00
  DP  1.119840E+01  0.000000E+00
  DP  1.135990E+01  0.000000E+00
  DP  1.152370E+01  0.000000E+00
  DP  1.168980E+01  0.000000E+00
  DP  1.185840E+01  0.000000E+00
  DP  1.202940E+01  0.000000E+00
  DP  1.220290E+01  0.000000E+00
  DP  1.237880E+01  0.000000E+00
  DP  1.255730E+01  0.000000E+00
  DP  1.273840E+01  0.000000E+00
  DP  1.292210E+01  0.000000E+00
  DP  1.310840E+01  0.000000E+00
  DP  1.329740E+01  0.000000E+00
  DP  1.348920E+01  0.000000E+00
  DP  1.368370E+01  0.000000E+00
  DP  1.388100E+01  0.000000E+00
  DP  1.408120E+01  0.000000E+00
  DP  1.428420E+01  0.000000E+00
  DP  1.449020E+01  2.901194E-08
  DP  1.469920E+01  4.289936E-08
  DP  1.491110E+01  5.638602E-08
  DP  1.512610E+01  4.168841E-08
  DP  1.534430E+01  1.369857E-08
  DP  1.556550E+01  0.000000E+00
  DP  1.579000E+01  0.000000E+00
  DP  1.601770E+01  0.000000E+00
  DP  1.624860E+01  0.000000E+00
  DP  1.648290E+01  0.000000E+00
  DP  1.672060E+01  0.000000E+00
  DP  1.696170E+01  0.000000E+00
  DP  1.720630E+01  0.000000E+00
  DP  1.745440E+01  0.000000E+00
  DP  1.770610E+01  0.000000E+00
  DP  1.796140E+01  0.000000E+00
  DP  1.822040E+01  0.000000E+00
  DP  1.848320E+01  0.000000E+00
  DP  1.874970E+01  0.000000E+00
  DP  1.902010E+01  0.000000E+00
  DP  1.929430E+01  0.000000E+00
  DP  1.957260E+01  0.000000E+00
  DP  1.985480E+01  0.000000E+00
  DP  2.014110E+01  0.000000E+00
  DP  2.043150E+01  0.000000E+00
  DP  2.072620E+01  0.000000E+00
  DP  2.102500E+01  0.000000E+00
  DP  2.132820E+01  0.000000E+00
  DP  2.163580E+01  0.000000E+00
  DP  2.194770E+01  0.000000E+00
  DP  2.226420E+01  0.000000E+00
  DP  2.258530E+01  0.000000E+00
  DP  2.291100E+01  0.000000E+00
  DP  2.324130E+01  0.000000E+00
  DP  2.357650E+01  0.000000E+00
  DP  2.391640E+01  0.000000E+00
  DP  2.426130E+01  0.000000E+00
  DP  2.461120E+01  0.000000E+00
  DP  2.496600E+01  0.000000E+00
  DP  2.532610E+01  0.000000E+00
  DP  2.569130E+01  0.000000E+00
  DP  2.606170E+01  0.000000E+00
  DP  2.643750E+01  0.000000E+00
  DP  2.681880E+01  0.000000E+00
  DP  2.720550E+01  0.000000E+00
  DP  2.759780E+01  0.000000E+00
  DP  2.799570E+01  0.000000E+00
  DP  2.839940E+01  0.000000E+00
  DP  2.880890E+01  0.000000E+00
  DP  2.922440E+01  0.000000E+00
  DP  2.964580E+01  0.000000E+00
  DP  3.007330E+01  0.000000E+00
  DP  3.050690E+01  0.000000E+00
  DP  3.094680E+01  0.000000E+00
  DP  3.139310E+01  0.000000E+00
  DP  3.184580E+01  0.000000E+00
  DP  3.230500E+01  0.000000E+00
  DP  3.277080E+01  0.000000E+00
  DP  3.324340E+01  0.000000E+00
  DP  3.372270E+01  0.000000E+00
  DP  3.420900E+01  0.000000E+00
  DP  3.470230E+01  0.000000E+00
  DP  3.520270E+01  0.000000E+00
  DP  3.571030E+01  0.000000E+00
  DP  3.622530E+01  0.000000E+00
  DP  3.674760E+01  0.000000E+00
  DP  3.727750E+01  0.000000E+00
  DP  3.781510E+01  5.558493E-09
  DP  3.836040E+01  0.000000E+00
  DP  3.891350E+01  5.401593E-09
  DP  3.947460E+01  1.597441E-08
  DP  4.004390E+01  3.149467E-08
  DP  4.062130E+01  1.034899E-08
  DP  4.120700E+01  2.550476E-08
  DP  4.180120E+01  2.514219E-08
  DP  4.240400E+01  2.974175E-08
  DP  4.301550E+01  2.931894E-08
  DP  4.363570E+01  6.262143E-08
  DP  4.426500E+01  5.698272E-08
  DP  4.490330E+01  1.404317E-07
  DP  4.555080E+01  8.543841E-08
  DP  4.620760E+01  1.450175E-07
  DP  4.687390E+01  1.800584E-07
  DP  4.754980E+01  2.387075E-07
  DP  4.823550E+01  2.440302E-07
  DP  4.893100E+01  2.847925E-07
  DP  4.963660E+01  3.676046E-07
  DP  5.035240E+01  4.054831E-07
  DP  5.107850E+01  5.829587E-07
  DP  5.181500E+01  5.638644E-07
  DP  5.256220E+01  7.329915E-07
  DP  5.332010E+01  7.411202E-07
  DP  5.408900E+01  9.170540E-07
  DP  5.486890E+01  1.017543E-06
  DP  5.566010E+01  1.311315E-06
  DP  5.646280E+01  1.441017E-06
  DP  5.727690E+01  1.592536E-06
  DP  5.810290E+01  1.898082E-06
  DP  5.894070E+01  1.925347E-06
  DP  5.979060E+01  2.253170E-06
  DP  6.065280E+01  2.578226E-06
  DP  6.152740E+01  2.650497E-06
  DP  6.241460E+01  2.903809E-06
  DP  6.331460E+01  3.297352E-06
  DP  6.422760E+01  3.694872E-06
  DP  6.515380E+01  3.913481E-06
  DP  6.609330E+01  4.526294E-06
  DP  6.704640E+01  4.613121E-06
  DP  6.801320E+01  4.937225E-06
  DP  6.899390E+01  5.398167E-06
  DP  6.998880E+01  5.458288E-06
  DP  7.099800E+01  5.971823E-06
  DP  7.202180E+01  6.277953E-06
  DP  7.306040E+01  6.548270E-06
  DP  7.411390E+01  7.068731E-06
  DP  7.518260E+01  7.714474E-06
  DP  7.626670E+01  7.758001E-06
  DP  7.736650E+01  8.157000E-06
  DP  7.848210E+01  8.845409E-06
  DP  7.961380E+01  9.080128E-06
  DP  8.076180E+01  9.551073E-06
  DP  8.192640E+01  9.416625E-06
  DP  8.310780E+01  1.017886E-05
  DP  8.430620E+01  1.039227E-05
  DP  8.552190E+01  1.078074E-05
  DP  8.675510E+01  1.094953E-05
  DP  8.800610E+01  1.152643E-05
  DP  8.927510E+01  1.191373E-05
  DP  9.056250E+01  1.223786E-05
  DP  9.186840E+01  1.263953E-05
  DP  9.319310E+01  1.308992E-05
  DP  9.453690E+01  1.338990E-05
  DP  9.590010E+01  1.412381E-05
  DP  9.728300E+01  1.476446E-05
  DP  9.868580E+01  1.552386E-05
  DP  1.001090E+02  1.651630E-05
  DP  1.015520E+02  1.695541E-05
  DP  1.030170E+02  1.700496E-05
  DP  1.045020E+02  1.689842E-05
  DP  1.060090E+02  1.648463E-05
  DP  1.075380E+02  1.654705E-05
  DP  1.090890E+02  1.665969E-05
  DP  1.106620E+02  1.646140E-05
  DP  1.122570E+02  1.626637E-05
  DP  1.138760E+02  1.638578E-05
  DP  1.155180E+02  1.633038E-05
  DP  1.171840E+02  1.609231E-05
  DP  1.188740E+02  1.637074E-05
  DP  1.205880E+02  1.654930E-05
  DP  1.223270E+02  1.657955E-05
  DP  1.240910E+02  1.665267E-05
  DP  1.258800E+02  1.678687E-05
  DP  1.276950E+02  1.663871E-05
  DP  1.295370E+02  1.639773E-05
  DP  1.314040E+02  1.625609E-05
  DP  1.332990E+02  1.681427E-05
  DP  1.352210E+02  1.640424E-05
  DP  1.371710E+02  1.689549E-05
  DP  1.391490E+02  1.688597E-05
  DP  1.411560E+02  1.674809E-05
  DP  1.431910E+02  1.679581E-05
  DP  1.452560E+02  1.666470E-05
  DP  1.473510E+02  1.656451E-05
  DP  1.494750E+02  1.779142E-05
  DP  1.516310E+02  2.418025E-05
  DP  1.538170E+02  3.705166E-05
  DP  1.560350E+02  4.874279E-05
  DP  1.582850E+02  5.834241E-05
  DP  1.605680E+02  6.651817E-05
  DP  1.628830E+02  6.311285E-05
  DP  1.652320E+02  5.148832E-05
  DP  1.676150E+02  1.805263E-05
  DP  1.700320E+02  1.094310E-05
  DP  1.724830E+02  1.094418E-05
  DP  1.749710E+02  1.095120E-05
  DP  1.774940E+02  1.063777E-05
  DP  1.800530E+02  1.075233E-05
  DP  1.826490E+02  1.047683E-05
  DP  1.852830E+02  1.049547E-05
  DP  1.879550E+02  1.073637E-05
  DP  1.906650E+02  1.057050E-05
  DP  1.934150E+02  1.054260E-05
  DP  1.962040E+02  1.072283E-05
  DP  1.990330E+02  1.084859E-05
  DP  2.019030E+02  1.102365E-05
  DP  2.048140E+02  1.055931E-05
  DP  2.077680E+02  1.039962E-05
  DP  2.107640E+02  1.055680E-05
  DP  2.138030E+02  1.037915E-05
  DP  2.168860E+02  1.022899E-05
  DP  2.200130E+02  1.012747E-05
  DP  2.231860E+02  1.000480E-05
  DP  2.264040E+02  9.888404E-06
  DP  2.296690E+02  9.683348E-06
  DP  2.329810E+02  9.633964E-06
  DP  2.363400E+02  9.462332E-06
  DP  2.397480E+02  9.356796E-06
  DP  2.432060E+02  9.411277E-06
  DP  2.467130E+02  9.155750E-06
  DP  2.502700E+02  9.074363E-06
  DP  2.538790E+02  9.010105E-06
  DP  2.575400E+02  9.833087E-06
  DP  2.612540E+02  1.275376E-05
  DP  2.650210E+02  1.559112E-05
  DP  2.688430E+02  1.783847E-05
  DP  2.727190E+02  2.037460E-05
  DP  2.766520E+02  2.001479E-05
  DP  2.806410E+02  1.791559E-05
  DP  2.846880E+02  1.115668E-05
  DP  2.887930E+02  7.158257E-06
  DP  2.929570E+02  6.806269E-06
  DP  2.971820E+02  6.804431E-06
  DP  3.014670E+02  6.616446E-06
  DP  3.058140E+02  6.466606E-06
  DP  3.102240E+02  6.429055E-06
  DP  3.146980E+02  6.334573E-06
  DP  3.192350E+02  6.259720E-06
  DP  3.238390E+02  6.193766E-06
  DP  3.285080E+02  6.048222E-06
  DP  3.332460E+02  5.963333E-06
  DP  3.380510E+02  5.987808E-06
  DP  3.429260E+02  5.814981E-06
  DP  3.478710E+02  5.690953E-06
  DP  3.528870E+02  5.684594E-06
  DP  3.579750E+02  5.520097E-06
  DP  3.631370E+02  5.536082E-06
  DP  3.683740E+02  5.574253E-06
  DP  3.736860E+02  5.461397E-06
  DP  3.790740E+02  5.388557E-06
  DP  3.845400E+02  5.289689E-06
  DP  3.900850E+02  5.169530E-06
  DP  3.957100E+02  5.214627E-06
  DP  4.014170E+02  5.162227E-06
  DP  4.072050E+02  5.199469E-06
  DP  4.130770E+02  5.018445E-06
  DP  4.190330E+02  5.052947E-06
  DP  4.250760E+02  4.969437E-06
  DP  4.312050E+02  4.887482E-06
  DP  4.374230E+02  4.848108E-06
  DP  4.437310E+02  4.759334E-06
  DP  4.501290E+02  4.777366E-06
  DP  4.566200E+02  5.288870E-06
  DP  4.632050E+02  6.989993E-06
  DP  4.698840E+02  8.762684E-06
  DP  4.766600E+02  1.030403E-05
  DP  4.835330E+02  1.284609E-05
  DP  4.905060E+02  1.359964E-05
  DP  4.975790E+02  1.253082E-05
  DP  5.047540E+02  1.006447E-05
  DP  5.120320E+02  8.391594E-06
  DP  5.194160E+02  9.403506E-06
  DP  5.269050E+02  7.473914E-06
  DP  5.345030E+02  6.360845E-06
  DP  5.422110E+02  3.757166E-06
  DP  5.500290E+02  3.291402E-06
  DP  5.579610E+02  3.186342E-06
  DP  5.660070E+02  3.160506E-06
  DP  5.741680E+02  3.178956E-06
  DP  5.824480E+02  3.120531E-06
  DP  5.908470E+02  3.156002E-06
  DP  5.993670E+02  3.072885E-06
  DP  6.080090E+02  3.021253E-06
  DP  6.167770E+02  3.038517E-06
  DP  6.256710E+02  3.018145E-06
  DP  6.346930E+02  3.025473E-06
  DP  6.438450E+02  2.969437E-06
  DP  6.531290E+02  2.970215E-06
  DP  6.625470E+02  2.931351E-06
  DP  6.721010E+02  2.919594E-06
  DP  6.817930E+02  2.859239E-06
  DP  6.916240E+02  2.878040E-06
  DP  7.015970E+02  2.930499E-06
  DP  7.117140E+02  3.471090E-06
  DP  7.219770E+02  4.999803E-06
  DP  7.323880E+02  6.689419E-06
  DP  7.429490E+02  8.172951E-06
  DP  7.536620E+02  1.126664E-05
  DP  7.645300E+02  1.214711E-05
  DP  7.755540E+02  1.014067E-05
  DP  7.867380E+02  1.086923E-05
  DP  7.980820E+02  1.035442E-05
  DP  8.095910E+02  1.449682E-05
  DP  8.212650E+02  2.247087E-05
  DP  8.331070E+02  1.823613E-05
  DP  8.451210E+02  1.780897E-05
  DP  8.573070E+02  1.573769E-05
  DP  8.696700E+02  8.554536E-06
  DP  8.822100E+02  6.656488E-06
  DP  8.949320E+02  2.299303E-06
  DP  9.078360E+02  7.465399E-07
  DP  9.209270E+02  7.199394E-07
  DP  9.342070E+02  7.306317E-07
  DP  9.476780E+02  7.247984E-07
  DP  9.613440E+02  7.443205E-07
  DP  9.752060E+02  8.008931E-07
  DP  9.892680E+02  9.872026E-07
  DP  1.003530E+03  1.098396E-06
  DP  1.018000E+03  1.325203E-06
  DP  1.032680E+03  1.560917E-06
  DP  1.047580E+03  2.111611E-06
  DP  1.062680E+03  1.703930E-06
  DP  1.078000E+03  1.306318E-06
  DP  1.093550E+03  8.886520E-07
  DP  1.109320E+03  6.035312E-07
  DP  1.125310E+03  5.897036E-07
  DP  1.141540E+03  6.680913E-07
  DP  1.158000E+03  7.087131E-07
  DP  1.174700E+03  1.091511E-06
  DP  1.191640E+03  2.045623E-06
  DP  1.208820E+03  2.851752E-06
  DP  1.226250E+03  3.834617E-06
  DP  1.243940E+03  6.238479E-06
  DP  1.261870E+03  6.121061E-06
  DP  1.280070E+03  3.302875E-06
  DP  1.298530E+03  2.180356E-06
  DP  1.317250E+03  5.604593E-07
  DP  1.336250E+03  4.025585E-07
  DP  1.355520E+03  5.195283E-07
  DP  1.375060E+03  6.755975E-07
  DP  1.394890E+03  4.797195E-07
  DP  1.415010E+03  4.047963E-07
  DP  1.435410E+03  2.967725E-07
  DP  1.456110E+03  2.605592E-07
  DP  1.477110E+03  3.122219E-07
  DP  1.498400E+03  5.440256E-07
  DP  1.520010E+03  7.976552E-07
  DP  1.541930E+03  1.055254E-06
  DP  1.564160E+03  1.793189E-06
  DP  1.586720E+03  2.187517E-06
  DP  1.609600E+03  1.010783E-06
  DP  1.632810E+03  7.978566E-07
  DP  1.656360E+03  2.750652E-07
  DP  1.680240E+03  2.199140E-07
  DP  1.704470E+03  3.897521E-07
  DP  1.729050E+03  5.464973E-07
  DP  1.753980E+03  7.840399E-07
  DP  1.779270E+03  1.346252E-06
  DP  1.804930E+03  1.295514E-06
  DP  1.830960E+03  6.521714E-07
  DP  1.857360E+03  4.484748E-07
  DP  1.884140E+03  1.668342E-07
  DP  1.911310E+03  1.412840E-07
  DP  1.938870E+03  2.085983E-07
  DP  1.966830E+03  3.248904E-07
  DP  1.995190E+03  4.436074E-07
  DP  2.023960E+03  6.891609E-07
  DP  2.053150E+03  9.415872E-07
  DP  2.082750E+03  5.227780E-07
  DP  2.112790E+03  3.353454E-07
  DP  2.143250E+03  1.595611E-07
  DP  2.174160E+03  7.285193E-08
  DP  2.205510E+03  7.637532E-08
  DP  2.237310E+03  8.850673E-08
  DP  2.269570E+03  6.892236E-08
  DP  2.302300E+03  7.104904E-08
  DP  2.335500E+03  6.232371E-08
  DP  2.369180E+03  6.155554E-08
  DP  2.403340E+03  5.715218E-08
  DP  2.438000E+03  7.459240E-08
  DP  2.473150E+03  1.531128E-07
  DP  2.508810E+03  2.804908E-07
  DP  2.544990E+03  3.956406E-07
  DP  2.581690E+03  6.986692E-07
  DP  2.618920E+03  1.284902E-06
  DP  2.656680E+03  7.238032E-07
  DP  2.694990E+03  3.821231E-07
  DP  2.733850E+03  1.906346E-07
  DP  2.773270E+03  3.350387E-08
  DP  2.813260E+03  2.339596E-08
  DP  2.853830E+03  2.512105E-08
  DP  2.894980E+03  3.409264E-08
  DP  2.936730E+03  3.808898E-08
  DP  2.979080E+03  5.154414E-08
  DP  3.022030E+03  9.099013E-08
  DP  3.065610E+03  1.092881E-07
  DP  3.109820E+03  1.292197E-07
  DP  3.154660E+03  2.138759E-07
  DP  3.200150E+03  3.449540E-07
  DP  3.246300E+03  5.980688E-07
  DP  3.293110E+03  6.896631E-07
  DP  3.340590E+03  3.195217E-07
  DP  3.388770E+03  1.743696E-07
  DP  3.437630E+03  8.153273E-08
  DP  3.487200E+03  6.252902E-08
  DP  3.537490E+03  2.452594E-08
  DP  3.588500E+03  1.160565E-08
  DP  3.640240E+03  3.868710E-09
  DP  3.692730E+03  1.707632E-10
  DP  3.745980E+03  0.000000E+00
  DP  3.800000E+03  0.000000E+00
  
 EN
