 # final1D_0_1p38_0p6_1p25_edge/final1D_0_1p38_0p6_1p25_edge_125_100/quickspec.dat                     
 #    1.0000000000000000      =Mpc
  DP  3.000000E+00  0.000000E+00
  DP  3.043260E+00  0.000000E+00
  DP  3.087140E+00  0.000000E+00
  DP  3.131660E+00  0.000000E+00
  DP  3.176820E+00  0.000000E+00
  DP  3.222630E+00  0.000000E+00
  DP  3.269100E+00  0.000000E+00
  DP  3.316240E+00  0.000000E+00
  DP  3.364060E+00  0.000000E+00
  DP  3.412570E+00  0.000000E+00
  DP  3.461780E+00  0.000000E+00
  DP  3.511690E+00  0.000000E+00
  DP  3.562330E+00  0.000000E+00
  DP  3.613700E+00  0.000000E+00
  DP  3.665810E+00  0.000000E+00
  DP  3.718670E+00  0.000000E+00
  DP  3.772290E+00  0.000000E+00
  DP  3.826690E+00  0.000000E+00
  DP  3.881870E+00  0.000000E+00
  DP  3.937850E+00  0.000000E+00
  DP  3.994630E+00  0.000000E+00
  DP  4.052230E+00  0.000000E+00
  DP  4.110660E+00  0.000000E+00
  DP  4.169940E+00  0.000000E+00
  DP  4.230070E+00  0.000000E+00
  DP  4.291070E+00  0.000000E+00
  DP  4.352940E+00  0.000000E+00
  DP  4.415710E+00  0.000000E+00
  DP  4.479390E+00  0.000000E+00
  DP  4.543980E+00  0.000000E+00
  DP  4.609500E+00  0.000000E+00
  DP  4.675970E+00  0.000000E+00
  DP  4.743400E+00  0.000000E+00
  DP  4.811800E+00  0.000000E+00
  DP  4.881180E+00  0.000000E+00
  DP  4.951570E+00  0.000000E+00
  DP  5.022970E+00  0.000000E+00
  DP  5.095400E+00  0.000000E+00
  DP  5.168880E+00  0.000000E+00
  DP  5.243410E+00  0.000000E+00
  DP  5.319020E+00  0.000000E+00
  DP  5.395720E+00  0.000000E+00
  DP  5.473530E+00  0.000000E+00
  DP  5.552450E+00  0.000000E+00
  DP  5.632520E+00  0.000000E+00
  DP  5.713740E+00  0.000000E+00
  DP  5.796130E+00  5.654186E-09
  DP  5.879710E+00  0.000000E+00
  DP  5.964500E+00  0.000000E+00
  DP  6.050500E+00  5.416475E-09
  DP  6.137750E+00  2.189188E-07
  DP  6.226260E+00  2.226497E-06
  DP  6.316040E+00  7.419925E-06
  DP  6.407120E+00  1.519772E-05
  DP  6.499510E+00  2.386064E-05
  DP  6.593230E+00  3.177844E-05
  DP  6.688300E+00  3.508934E-05
  DP  6.784750E+00  1.109518E-05
  DP  6.882580E+00  5.618740E-07
  DP  6.981830E+00  1.497704E-06
  DP  7.082500E+00  2.771710E-06
  DP  7.184630E+00  4.091113E-06
  DP  7.288240E+00  5.110244E-06
  DP  7.393330E+00  4.867101E-06
  DP  7.499940E+00  1.053098E-06
  DP  7.608090E+00  0.000000E+00
  DP  7.717800E+00  0.000000E+00
  DP  7.829090E+00  0.000000E+00
  DP  7.941980E+00  0.000000E+00
  DP  8.056510E+00  0.000000E+00
  DP  8.172680E+00  0.000000E+00
  DP  8.290530E+00  0.000000E+00
  DP  8.410080E+00  0.000000E+00
  DP  8.531350E+00  0.000000E+00
  DP  8.654370E+00  0.000000E+00
  DP  8.779170E+00  0.000000E+00
  DP  8.905760E+00  0.000000E+00
  DP  9.034180E+00  0.000000E+00
  DP  9.164450E+00  0.000000E+00
  DP  9.296600E+00  0.000000E+00
  DP  9.430660E+00  0.000000E+00
  DP  9.566650E+00  0.000000E+00
  DP  9.704600E+00  0.000000E+00
  DP  9.844540E+00  0.000000E+00
  DP  9.986500E+00  0.000000E+00
  DP  1.013050E+01  0.000000E+00
  DP  1.027660E+01  0.000000E+00
  DP  1.042480E+01  0.000000E+00
  DP  1.057510E+01  0.000000E+00
  DP  1.072760E+01  0.000000E+00
  DP  1.088230E+01  0.000000E+00
  DP  1.103920E+01  0.000000E+00
  DP  1.119840E+01  0.000000E+00
  DP  1.135990E+01  0.000000E+00
  DP  1.152370E+01  0.000000E+00
  DP  1.168980E+01  0.000000E+00
  DP  1.185840E+01  0.000000E+00
  DP  1.202940E+01  0.000000E+00
  DP  1.220290E+01  0.000000E+00
  DP  1.237880E+01  0.000000E+00
  DP  1.255730E+01  0.000000E+00
  DP  1.273840E+01  0.000000E+00
  DP  1.292210E+01  0.000000E+00
  DP  1.310840E+01  0.000000E+00
  DP  1.329740E+01  0.000000E+00
  DP  1.348920E+01  0.000000E+00
  DP  1.368370E+01  2.394996E-09
  DP  1.388100E+01  4.013611E-08
  DP  1.408120E+01  1.698992E-07
  DP  1.428420E+01  3.964628E-07
  DP  1.449020E+01  6.084996E-07
  DP  1.469920E+01  8.837805E-07
  DP  1.491110E+01  9.898097E-07
  DP  1.512610E+01  6.781477E-07
  DP  1.534430E+01  1.089263E-07
  DP  1.556550E+01  0.000000E+00
  DP  1.579000E+01  0.000000E+00
  DP  1.601770E+01  0.000000E+00
  DP  1.624860E+01  0.000000E+00
  DP  1.648290E+01  0.000000E+00
  DP  1.672060E+01  0.000000E+00
  DP  1.696170E+01  0.000000E+00
  DP  1.720630E+01  0.000000E+00
  DP  1.745440E+01  0.000000E+00
  DP  1.770610E+01  0.000000E+00
  DP  1.796140E+01  0.000000E+00
  DP  1.822040E+01  0.000000E+00
  DP  1.848320E+01  0.000000E+00
  DP  1.874970E+01  0.000000E+00
  DP  1.902010E+01  0.000000E+00
  DP  1.929430E+01  0.000000E+00
  DP  1.957260E+01  0.000000E+00
  DP  1.985480E+01  0.000000E+00
  DP  2.014110E+01  0.000000E+00
  DP  2.043150E+01  0.000000E+00
  DP  2.072620E+01  0.000000E+00
  DP  2.102500E+01  0.000000E+00
  DP  2.132820E+01  0.000000E+00
  DP  2.163580E+01  0.000000E+00
  DP  2.194770E+01  0.000000E+00
  DP  2.226420E+01  0.000000E+00
  DP  2.258530E+01  0.000000E+00
  DP  2.291100E+01  0.000000E+00
  DP  2.324130E+01  0.000000E+00
  DP  2.357650E+01  0.000000E+00
  DP  2.391640E+01  0.000000E+00
  DP  2.426130E+01  0.000000E+00
  DP  2.461120E+01  0.000000E+00
  DP  2.496600E+01  0.000000E+00
  DP  2.532610E+01  0.000000E+00
  DP  2.569130E+01  0.000000E+00
  DP  2.606170E+01  0.000000E+00
  DP  2.643750E+01  0.000000E+00
  DP  2.681880E+01  0.000000E+00
  DP  2.720550E+01  0.000000E+00
  DP  2.759780E+01  0.000000E+00
  DP  2.799570E+01  0.000000E+00
  DP  2.839940E+01  0.000000E+00
  DP  2.880890E+01  0.000000E+00
  DP  2.922440E+01  0.000000E+00
  DP  2.964580E+01  0.000000E+00
  DP  3.007330E+01  0.000000E+00
  DP  3.050690E+01  0.000000E+00
  DP  3.094680E+01  0.000000E+00
  DP  3.139310E+01  0.000000E+00
  DP  3.184580E+01  0.000000E+00
  DP  3.230500E+01  0.000000E+00
  DP  3.277080E+01  0.000000E+00
  DP  3.324340E+01  0.000000E+00
  DP  3.372270E+01  0.000000E+00
  DP  3.420900E+01  0.000000E+00
  DP  3.470230E+01  0.000000E+00
  DP  3.520270E+01  0.000000E+00
  DP  3.571030E+01  0.000000E+00
  DP  3.622530E+01  0.000000E+00
  DP  3.674760E+01  0.000000E+00
  DP  3.727750E+01  0.000000E+00
  DP  3.781510E+01  0.000000E+00
  DP  3.836040E+01  0.000000E+00
  DP  3.891350E+01  0.000000E+00
  DP  3.947460E+01  0.000000E+00
  DP  4.004390E+01  0.000000E+00
  DP  4.062130E+01  0.000000E+00
  DP  4.120700E+01  7.953105E-10
  DP  4.180120E+01  0.000000E+00
  DP  4.240400E+01  0.000000E+00
  DP  4.301550E+01  0.000000E+00
  DP  4.363570E+01  7.510446E-10
  DP  4.426500E+01  0.000000E+00
  DP  4.490330E+01  7.298446E-10
  DP  4.555080E+01  0.000000E+00
  DP  4.620760E+01  0.000000E+00
  DP  4.687390E+01  6.991605E-10
  DP  4.754980E+01  2.067667E-09
  DP  4.823550E+01  4.076549E-09
  DP  4.893100E+01  2.679067E-09
  DP  4.963660E+01  1.980739E-09
  DP  5.035240E+01  5.206890E-09
  DP  5.107850E+01  8.982530E-09
  DP  5.181500E+01  8.222352E-09
  DP  5.256220E+01  8.729009E-09
  DP  5.332010E+01  3.687811E-09
  DP  5.408900E+01  9.088484E-09
  DP  5.486890E+01  1.552945E-08
  DP  5.566010E+01  1.589745E-08
  DP  5.646280E+01  1.683232E-08
  DP  5.727690E+01  2.460348E-08
  DP  5.810290E+01  2.933014E-08
  DP  5.894070E+01  3.169330E-08
  DP  5.979060E+01  4.659012E-08
  DP  6.065280E+01  5.403281E-08
  DP  6.152740E+01  5.912386E-08
  DP  6.241460E+01  7.298555E-08
  DP  6.331460E+01  8.074743E-08
  DP  6.422760E+01  9.541714E-08
  DP  6.515380E+01  9.355793E-08
  DP  6.609330E+01  1.165252E-07
  DP  6.704640E+01  1.446858E-07
  DP  6.801320E+01  1.619025E-07
  DP  6.899390E+01  1.695766E-07
  DP  6.998880E+01  1.952613E-07
  DP  7.099800E+01  2.178734E-07
  DP  7.202180E+01  2.429882E-07
  DP  7.306040E+01  2.601932E-07
  DP  7.411390E+01  2.914229E-07
  DP  7.518260E+01  3.251845E-07
  DP  7.626670E+01  3.785969E-07
  DP  7.736650E+01  4.147232E-07
  DP  7.848210E+01  4.455560E-07
  DP  7.961380E+01  5.065105E-07
  DP  8.076180E+01  5.734813E-07
  DP  8.192640E+01  5.876330E-07
  DP  8.310780E+01  7.267621E-07
  DP  8.430620E+01  7.922931E-07
  DP  8.552190E+01  8.151451E-07
  DP  8.675510E+01  8.788755E-07
  DP  8.800610E+01  9.638476E-07
  DP  8.927510E+01  9.879547E-07
  DP  9.056250E+01  1.093976E-06
  DP  9.186840E+01  1.095864E-06
  DP  9.319310E+01  1.173867E-06
  DP  9.453690E+01  1.196972E-06
  DP  9.590010E+01  1.263051E-06
  DP  9.728300E+01  1.320440E-06
  DP  9.868580E+01  1.414111E-06
  DP  1.001090E+02  1.468015E-06
  DP  1.015520E+02  1.542400E-06
  DP  1.030170E+02  1.679063E-06
  DP  1.045020E+02  1.697989E-06
  DP  1.060090E+02  1.783830E-06
  DP  1.075380E+02  1.950432E-06
  DP  1.090890E+02  1.984750E-06
  DP  1.106620E+02  2.055634E-06
  DP  1.122570E+02  2.186338E-06
  DP  1.138760E+02  2.326385E-06
  DP  1.155180E+02  2.600094E-06
  DP  1.171840E+02  2.799476E-06
  DP  1.188740E+02  3.428282E-06
  DP  1.205880E+02  5.716321E-06
  DP  1.223270E+02  7.534378E-06
  DP  1.240910E+02  4.695352E-06
  DP  1.258800E+02  3.021061E-06
  DP  1.276950E+02  2.971610E-06
  DP  1.295370E+02  2.881282E-06
  DP  1.314040E+02  2.870101E-06
  DP  1.332990E+02  3.008201E-06
  DP  1.352210E+02  3.316529E-06
  DP  1.371710E+02  3.460570E-06
  DP  1.391490E+02  3.141630E-06
  DP  1.411560E+02  3.098362E-06
  DP  1.431910E+02  3.001316E-06
  DP  1.452560E+02  3.092613E-06
  DP  1.473510E+02  3.062523E-06
  DP  1.494750E+02  3.118183E-06
  DP  1.516310E+02  3.130190E-06
  DP  1.538170E+02  3.141671E-06
  DP  1.560350E+02  3.200364E-06
  DP  1.582850E+02  3.229593E-06
  DP  1.605680E+02  3.228549E-06
  DP  1.628830E+02  3.312836E-06
  DP  1.652320E+02  3.447735E-06
  DP  1.676150E+02  3.631366E-06
  DP  1.700320E+02  3.970152E-06
  DP  1.724830E+02  4.186681E-06
  DP  1.749710E+02  4.108343E-06
  DP  1.774940E+02  4.124253E-06
  DP  1.800530E+02  4.111786E-06
  DP  1.826490E+02  4.124069E-06
  DP  1.852830E+02  4.114794E-06
  DP  1.879550E+02  4.143347E-06
  DP  1.906650E+02  4.195588E-06
  DP  1.934150E+02  4.538961E-06
  DP  1.962040E+02  5.014835E-06
  DP  1.990330E+02  5.191088E-06
  DP  2.019030E+02  5.250583E-06
  DP  2.048140E+02  5.294694E-06
  DP  2.077680E+02  5.295438E-06
  DP  2.107640E+02  5.481150E-06
  DP  2.138030E+02  5.532949E-06
  DP  2.168860E+02  5.506853E-06
  DP  2.200130E+02  5.451595E-06
  DP  2.231860E+02  5.401467E-06
  DP  2.264040E+02  5.376307E-06
  DP  2.296690E+02  5.288862E-06
  DP  2.329810E+02  5.231732E-06
  DP  2.363400E+02  5.132003E-06
  DP  2.397480E+02  5.071664E-06
  DP  2.432060E+02  4.970490E-06
  DP  2.467130E+02  4.911421E-06
  DP  2.502700E+02  4.793092E-06
  DP  2.538790E+02  4.725960E-06
  DP  2.575400E+02  4.666307E-06
  DP  2.612540E+02  4.540758E-06
  DP  2.650210E+02  4.538025E-06
  DP  2.688430E+02  4.409936E-06
  DP  2.727190E+02  4.312213E-06
  DP  2.766520E+02  4.281388E-06
  DP  2.806410E+02  4.217297E-06
  DP  2.846880E+02  4.112538E-06
  DP  2.887930E+02  4.099620E-06
  DP  2.929570E+02  4.007194E-06
  DP  2.971820E+02  3.966091E-06
  DP  3.014670E+02  3.890736E-06
  DP  3.058140E+02  3.846984E-06
  DP  3.102240E+02  3.791342E-06
  DP  3.146980E+02  3.748668E-06
  DP  3.192350E+02  3.657136E-06
  DP  3.238390E+02  3.658699E-06
  DP  3.285080E+02  3.581163E-06
  DP  3.332460E+02  3.568947E-06
  DP  3.380510E+02  3.510045E-06
  DP  3.429260E+02  3.457060E-06
  DP  3.478710E+02  3.484292E-06
  DP  3.528870E+02  3.423703E-06
  DP  3.579750E+02  3.402830E-06
  DP  3.631370E+02  3.357523E-06
  DP  3.683740E+02  3.295104E-06
  DP  3.736860E+02  3.283214E-06
  DP  3.790740E+02  3.245645E-06
  DP  3.845400E+02  3.229276E-06
  DP  3.900850E+02  3.197197E-06
  DP  3.957100E+02  3.200489E-06
  DP  4.014170E+02  3.179875E-06
  DP  4.072050E+02  3.153370E-06
  DP  4.130770E+02  3.108022E-06
  DP  4.190330E+02  3.111414E-06
  DP  4.250760E+02  3.053841E-06
  DP  4.312050E+02  3.068080E-06
  DP  4.374230E+02  3.050616E-06
  DP  4.437310E+02  3.042402E-06
  DP  4.501290E+02  2.996929E-06
  DP  4.566200E+02  3.017677E-06
  DP  4.632050E+02  3.024428E-06
  DP  4.698840E+02  2.977877E-06
  DP  4.766600E+02  3.250441E-06
  DP  4.835330E+02  4.331156E-06
  DP  4.905060E+02  5.137401E-06
  DP  4.975790E+02  1.572791E-05
  DP  5.047540E+02  4.286034E-05
  DP  5.120320E+02  5.109124E-05
  DP  5.194160E+02  1.864382E-05
  DP  5.269050E+02  4.125164E-06
  DP  5.345030E+02  3.355785E-06
  DP  5.422110E+02  2.140974E-06
  DP  5.500290E+02  1.921144E-06
  DP  5.579610E+02  1.900613E-06
  DP  5.660070E+02  1.868167E-06
  DP  5.741680E+02  1.868142E-06
  DP  5.824480E+02  1.884846E-06
  DP  5.908470E+02  1.870507E-06
  DP  5.993670E+02  1.843099E-06
  DP  6.080090E+02  1.867298E-06
  DP  6.167770E+02  1.845247E-06
  DP  6.256710E+02  1.852157E-06
  DP  6.346930E+02  1.822259E-06
  DP  6.438450E+02  1.818825E-06
  DP  6.531290E+02  1.835453E-06
  DP  6.625470E+02  1.813318E-06
  DP  6.721010E+02  1.833640E-06
  DP  6.817930E+02  1.828660E-06
  DP  6.916240E+02  1.821524E-06
  DP  7.015970E+02  1.845171E-06
  DP  7.117140E+02  1.853319E-06
  DP  7.219770E+02  1.966492E-06
  DP  7.323880E+02  2.036190E-06
  DP  7.429490E+02  1.957459E-06
  DP  7.536620E+02  1.846015E-06
  DP  7.645300E+02  1.890620E-06
  DP  7.755540E+02  2.022544E-06
  DP  7.867380E+02  2.302086E-06
  DP  7.980820E+02  3.630405E-06
  DP  8.095910E+02  4.793585E-06
  DP  8.212650E+02  1.523582E-05
  DP  8.331070E+02  5.889708E-05
  DP  8.451210E+02  8.727422E-05
  DP  8.573070E+02  4.543106E-05
  DP  8.696700E+02  5.926784E-06
  DP  8.822100E+02  3.508366E-06
  DP  8.949320E+02  1.435042E-06
  DP  9.078360E+02  7.095963E-07
  DP  9.209270E+02  7.140760E-07
  DP  9.342070E+02  7.236428E-07
  DP  9.476780E+02  8.460782E-07
  DP  9.613440E+02  1.420369E-06
  DP  9.752060E+02  1.930845E-06
  DP  9.892680E+02  1.594024E-06
  DP  1.003530E+03  1.811747E-06
  DP  1.018000E+03  6.393249E-06
  DP  1.032680E+03  1.066108E-05
  DP  1.047580E+03  7.300995E-06
  DP  1.062680E+03  1.523541E-06
  DP  1.078000E+03  9.122159E-07
  DP  1.093550E+03  7.113954E-07
  DP  1.109320E+03  6.305194E-07
  DP  1.125310E+03  7.005961E-07
  DP  1.141540E+03  9.902860E-07
  DP  1.158000E+03  2.027658E-06
  DP  1.174700E+03  3.158809E-06
  DP  1.191640E+03  3.472987E-06
  DP  1.208820E+03  1.692466E-05
  DP  1.226250E+03  3.869345E-05
  DP  1.243940E+03  3.567727E-05
  DP  1.261870E+03  8.426689E-06
  DP  1.280070E+03  1.644243E-06
  DP  1.298530E+03  1.093249E-06
  DP  1.317250E+03  5.960032E-07
  DP  1.336250E+03  1.747181E-06
  DP  1.355520E+03  2.593083E-06
  DP  1.375060E+03  1.482145E-06
  DP  1.394890E+03  3.032082E-07
  DP  1.415010E+03  2.721632E-07
  DP  1.435410E+03  2.584184E-07
  DP  1.456110E+03  2.012492E-07
  DP  1.477110E+03  1.391424E-07
  DP  1.498400E+03  1.342107E-07
  DP  1.520010E+03  1.322596E-07
  DP  1.541930E+03  1.261764E-07
  DP  1.564160E+03  1.290149E-07
  DP  1.586720E+03  1.283782E-07
  DP  1.609600E+03  1.257268E-07
  DP  1.632810E+03  1.279604E-07
  DP  1.656360E+03  1.796423E-07
  DP  1.680240E+03  3.221388E-07
  DP  1.704470E+03  5.093148E-07
  DP  1.729050E+03  2.864495E-06
  DP  1.753980E+03  6.709206E-06
  DP  1.779270E+03  6.382386E-06
  DP  1.804930E+03  1.820312E-06
  DP  1.830960E+03  4.327889E-07
  DP  1.857360E+03  2.462245E-07
  DP  1.884140E+03  1.245035E-07
  DP  1.911310E+03  2.357453E-07
  DP  1.938870E+03  4.850882E-07
  DP  1.966830E+03  1.181789E-06
  DP  1.995190E+03  3.140034E-06
  DP  2.023960E+03  4.219679E-06
  DP  2.053150E+03  2.334449E-06
  DP  2.082750E+03  3.845881E-07
  DP  2.112790E+03  1.731772E-07
  DP  2.143250E+03  1.031072E-07
  DP  2.174160E+03  1.316103E-07
  DP  2.205510E+03  1.679798E-07
  DP  2.237310E+03  1.091419E-07
  DP  2.269570E+03  4.998834E-08
  DP  2.302300E+03  4.709340E-08
  DP  2.335500E+03  4.226079E-08
  DP  2.369180E+03  4.177924E-08
  DP  2.403340E+03  4.721531E-08
  DP  2.438000E+03  1.107412E-07
  DP  2.473150E+03  1.978224E-07
  DP  2.508810E+03  5.506093E-07
  DP  2.544990E+03  3.024854E-06
  DP  2.581690E+03  5.250633E-06
  DP  2.618920E+03  3.611429E-06
  DP  2.656680E+03  5.815164E-07
  DP  2.694990E+03  1.805230E-07
  DP  2.733850E+03  8.621468E-08
  DP  2.773270E+03  2.066196E-08
  DP  2.813260E+03  1.717099E-08
  DP  2.853830E+03  2.265119E-08
  DP  2.894980E+03  3.047541E-08
  DP  2.936730E+03  1.243682E-07
  DP  2.979080E+03  2.711622E-07
  DP  3.022030E+03  2.713234E-07
  DP  3.065610E+03  1.427213E-07
  DP  3.109820E+03  2.782180E-07
  DP  3.154660E+03  1.025030E-06
  DP  3.200150E+03  2.394578E-06
  DP  3.246300E+03  2.651450E-06
  DP  3.293110E+03  1.295982E-06
  DP  3.340590E+03  2.210955E-07
  DP  3.388770E+03  2.114769E-07
  DP  3.437630E+03  2.317043E-07
  DP  3.487200E+03  1.198200E-07
  DP  3.537490E+03  1.591107E-08
  DP  3.588500E+03  6.422938E-09
  DP  3.640240E+03  2.115663E-09
  DP  3.692730E+03  8.874822E-11
  DP  3.745980E+03  0.000000E+00
  DP  3.800000E+03  0.000000E+00
  
 EN
