 # final1D_0_1p38_0p6_1p25_edge/final1D_0_1p38_0p6_1p25_edge_60_100/quickspec.dat                      
 #    1.0000000000000000      =Mpc
  DP  3.000000E+00  0.000000E+00
  DP  3.043260E+00  0.000000E+00
  DP  3.087140E+00  0.000000E+00
  DP  3.131660E+00  0.000000E+00
  DP  3.176820E+00  0.000000E+00
  DP  3.222630E+00  0.000000E+00
  DP  3.269100E+00  0.000000E+00
  DP  3.316240E+00  0.000000E+00
  DP  3.364060E+00  0.000000E+00
  DP  3.412570E+00  0.000000E+00
  DP  3.461780E+00  0.000000E+00
  DP  3.511690E+00  0.000000E+00
  DP  3.562330E+00  0.000000E+00
  DP  3.613700E+00  0.000000E+00
  DP  3.665810E+00  0.000000E+00
  DP  3.718670E+00  0.000000E+00
  DP  3.772290E+00  0.000000E+00
  DP  3.826690E+00  0.000000E+00
  DP  3.881870E+00  0.000000E+00
  DP  3.937850E+00  0.000000E+00
  DP  3.994630E+00  0.000000E+00
  DP  4.052230E+00  0.000000E+00
  DP  4.110660E+00  0.000000E+00
  DP  4.169940E+00  0.000000E+00
  DP  4.230070E+00  0.000000E+00
  DP  4.291070E+00  0.000000E+00
  DP  4.352940E+00  0.000000E+00
  DP  4.415710E+00  0.000000E+00
  DP  4.479390E+00  0.000000E+00
  DP  4.543980E+00  0.000000E+00
  DP  4.609500E+00  0.000000E+00
  DP  4.675970E+00  0.000000E+00
  DP  4.743400E+00  0.000000E+00
  DP  4.811800E+00  0.000000E+00
  DP  4.881180E+00  0.000000E+00
  DP  4.951570E+00  0.000000E+00
  DP  5.022970E+00  0.000000E+00
  DP  5.095400E+00  0.000000E+00
  DP  5.168880E+00  0.000000E+00
  DP  5.243410E+00  0.000000E+00
  DP  5.319020E+00  0.000000E+00
  DP  5.395720E+00  0.000000E+00
  DP  5.473530E+00  0.000000E+00
  DP  5.552450E+00  0.000000E+00
  DP  5.632520E+00  0.000000E+00
  DP  5.713740E+00  0.000000E+00
  DP  5.796130E+00  0.000000E+00
  DP  5.879710E+00  0.000000E+00
  DP  5.964500E+00  0.000000E+00
  DP  6.050500E+00  1.978817E-08
  DP  6.137750E+00  0.000000E+00
  DP  6.226260E+00  5.768872E-08
  DP  6.316040E+00  1.052070E-06
  DP  6.407120E+00  3.382307E-06
  DP  6.499510E+00  7.534244E-06
  DP  6.593230E+00  1.143126E-05
  DP  6.688300E+00  1.477741E-05
  DP  6.784750E+00  1.044684E-05
  DP  6.882580E+00  1.130725E-07
  DP  6.981830E+00  5.401793E-07
  DP  7.082500E+00  1.200239E-06
  DP  7.184630E+00  1.841428E-06
  DP  7.288240E+00  2.373789E-06
  DP  7.393330E+00  2.769186E-06
  DP  7.499940E+00  1.141421E-06
  DP  7.608090E+00  1.573693E-08
  DP  7.717800E+00  1.551324E-08
  DP  7.829090E+00  3.823186E-08
  DP  7.941980E+00  2.261300E-08
  DP  8.056510E+00  2.229163E-08
  DP  8.172680E+00  7.324909E-09
  DP  8.290530E+00  0.000000E+00
  DP  8.410080E+00  0.000000E+00
  DP  8.531350E+00  0.000000E+00
  DP  8.654370E+00  0.000000E+00
  DP  8.779170E+00  0.000000E+00
  DP  8.905760E+00  0.000000E+00
  DP  9.034180E+00  0.000000E+00
  DP  9.164450E+00  0.000000E+00
  DP  9.296600E+00  0.000000E+00
  DP  9.430660E+00  0.000000E+00
  DP  9.566650E+00  0.000000E+00
  DP  9.704600E+00  0.000000E+00
  DP  9.844540E+00  0.000000E+00
  DP  9.986500E+00  0.000000E+00
  DP  1.013050E+01  0.000000E+00
  DP  1.027660E+01  0.000000E+00
  DP  1.042480E+01  0.000000E+00
  DP  1.057510E+01  0.000000E+00
  DP  1.072760E+01  0.000000E+00
  DP  1.088230E+01  0.000000E+00
  DP  1.103920E+01  0.000000E+00
  DP  1.119840E+01  0.000000E+00
  DP  1.135990E+01  0.000000E+00
  DP  1.152370E+01  0.000000E+00
  DP  1.168980E+01  0.000000E+00
  DP  1.185840E+01  0.000000E+00
  DP  1.202940E+01  0.000000E+00
  DP  1.220290E+01  0.000000E+00
  DP  1.237880E+01  0.000000E+00
  DP  1.255730E+01  0.000000E+00
  DP  1.273840E+01  0.000000E+00
  DP  1.292210E+01  0.000000E+00
  DP  1.310840E+01  0.000000E+00
  DP  1.329740E+01  0.000000E+00
  DP  1.348920E+01  0.000000E+00
  DP  1.368370E+01  0.000000E+00
  DP  1.388100E+01  0.000000E+00
  DP  1.408120E+01  8.502729E-09
  DP  1.428420E+01  5.448194E-08
  DP  1.449020E+01  1.115467E-07
  DP  1.469920E+01  2.402842E-07
  DP  1.491110E+01  3.211786E-07
  DP  1.512610E+01  4.313851E-07
  DP  1.534430E+01  8.583114E-08
  DP  1.556550E+01  0.000000E+00
  DP  1.579000E+01  0.000000E+00
  DP  1.601770E+01  0.000000E+00
  DP  1.624860E+01  0.000000E+00
  DP  1.648290E+01  0.000000E+00
  DP  1.672060E+01  0.000000E+00
  DP  1.696170E+01  0.000000E+00
  DP  1.720630E+01  0.000000E+00
  DP  1.745440E+01  0.000000E+00
  DP  1.770610E+01  0.000000E+00
  DP  1.796140E+01  0.000000E+00
  DP  1.822040E+01  0.000000E+00
  DP  1.848320E+01  0.000000E+00
  DP  1.874970E+01  0.000000E+00
  DP  1.902010E+01  0.000000E+00
  DP  1.929430E+01  0.000000E+00
  DP  1.957260E+01  0.000000E+00
  DP  1.985480E+01  0.000000E+00
  DP  2.014110E+01  0.000000E+00
  DP  2.043150E+01  0.000000E+00
  DP  2.072620E+01  0.000000E+00
  DP  2.102500E+01  0.000000E+00
  DP  2.132820E+01  0.000000E+00
  DP  2.163580E+01  0.000000E+00
  DP  2.194770E+01  0.000000E+00
  DP  2.226420E+01  0.000000E+00
  DP  2.258530E+01  0.000000E+00
  DP  2.291100E+01  0.000000E+00
  DP  2.324130E+01  0.000000E+00
  DP  2.357650E+01  0.000000E+00
  DP  2.391640E+01  0.000000E+00
  DP  2.426130E+01  0.000000E+00
  DP  2.461120E+01  0.000000E+00
  DP  2.496600E+01  0.000000E+00
  DP  2.532610E+01  0.000000E+00
  DP  2.569130E+01  0.000000E+00
  DP  2.606170E+01  0.000000E+00
  DP  2.643750E+01  0.000000E+00
  DP  2.681880E+01  0.000000E+00
  DP  2.720550E+01  0.000000E+00
  DP  2.759780E+01  0.000000E+00
  DP  2.799570E+01  0.000000E+00
  DP  2.839940E+01  0.000000E+00
  DP  2.880890E+01  0.000000E+00
  DP  2.922440E+01  0.000000E+00
  DP  2.964580E+01  0.000000E+00
  DP  3.007330E+01  0.000000E+00
  DP  3.050690E+01  0.000000E+00
  DP  3.094680E+01  0.000000E+00
  DP  3.139310E+01  0.000000E+00
  DP  3.184580E+01  0.000000E+00
  DP  3.230500E+01  0.000000E+00
  DP  3.277080E+01  0.000000E+00
  DP  3.324340E+01  0.000000E+00
  DP  3.372270E+01  0.000000E+00
  DP  3.420900E+01  0.000000E+00
  DP  3.470230E+01  0.000000E+00
  DP  3.520270E+01  0.000000E+00
  DP  3.571030E+01  0.000000E+00
  DP  3.622530E+01  0.000000E+00
  DP  3.674760E+01  0.000000E+00
  DP  3.727750E+01  1.605906E-09
  DP  3.781510E+01  1.583077E-09
  DP  3.836040E+01  0.000000E+00
  DP  3.891350E+01  0.000000E+00
  DP  3.947460E+01  1.516522E-09
  DP  4.004390E+01  2.989926E-09
  DP  4.062130E+01  4.421142E-09
  DP  4.120700E+01  8.716559E-09
  DP  4.180120E+01  7.160564E-09
  DP  4.240400E+01  2.823508E-09
  DP  4.301550E+01  1.113353E-08
  DP  4.363570E+01  1.234716E-08
  DP  4.426500E+01  1.352402E-08
  DP  4.490330E+01  1.999766E-08
  DP  4.555080E+01  2.365608E-08
  DP  4.620760E+01  2.072872E-08
  DP  4.687390E+01  4.214531E-08
  DP  4.754980E+01  3.525136E-08
  DP  4.823550E+01  4.716108E-08
  DP  4.893100E+01  6.117192E-08
  DP  4.963660E+01  6.512656E-08
  DP  5.035240E+01  6.420080E-08
  DP  5.107850E+01  8.438388E-08
  DP  5.181500E+01  9.127173E-08
  DP  5.256220E+01  1.002252E-07
  DP  5.332010E+01  1.403415E-07
  DP  5.408900E+01  1.571613E-07
  DP  5.486890E+01  1.832947E-07
  DP  5.566010E+01  2.076942E-07
  DP  5.646280E+01  2.512774E-07
  DP  5.727690E+01  2.738829E-07
  DP  5.810290E+01  2.750937E-07
  DP  5.894070E+01  3.646240E-07
  DP  5.979060E+01  4.165114E-07
  DP  6.065280E+01  4.193257E-07
  DP  6.152740E+01  4.738344E-07
  DP  6.241460E+01  5.246472E-07
  DP  6.331460E+01  6.060664E-07
  DP  6.422760E+01  6.887932E-07
  DP  6.515380E+01  8.069011E-07
  DP  6.609330E+01  8.351026E-07
  DP  6.704640E+01  9.098512E-07
  DP  6.801320E+01  1.019022E-06
  DP  6.899390E+01  1.155050E-06
  DP  6.998880E+01  1.178914E-06
  DP  7.099800E+01  1.306627E-06
  DP  7.202180E+01  1.437441E-06
  DP  7.306040E+01  1.523390E-06
  DP  7.411390E+01  1.746688E-06
  DP  7.518260E+01  1.791960E-06
  DP  7.626670E+01  1.935892E-06
  DP  7.736650E+01  2.080760E-06
  DP  7.848210E+01  2.208457E-06
  DP  7.961380E+01  2.413070E-06
  DP  8.076180E+01  2.607715E-06
  DP  8.192640E+01  2.858269E-06
  DP  8.310780E+01  3.027570E-06
  DP  8.430620E+01  3.147019E-06
  DP  8.552190E+01  3.366331E-06
  DP  8.675510E+01  3.558845E-06
  DP  8.800610E+01  3.834475E-06
  DP  8.927510E+01  4.029321E-06
  DP  9.056250E+01  4.278622E-06
  DP  9.186840E+01  4.536053E-06
  DP  9.319310E+01  4.734049E-06
  DP  9.453690E+01  4.918340E-06
  DP  9.590010E+01  5.201742E-06
  DP  9.728300E+01  5.481158E-06
  DP  9.868580E+01  5.583010E-06
  DP  1.001090E+02  5.940095E-06
  DP  1.015520E+02  6.232028E-06
  DP  1.030170E+02  6.479358E-06
  DP  1.045020E+02  6.622287E-06
  DP  1.060090E+02  7.001290E-06
  DP  1.075380E+02  7.244040E-06
  DP  1.090890E+02  7.469460E-06
  DP  1.106620E+02  7.750313E-06
  DP  1.122570E+02  8.044018E-06
  DP  1.138760E+02  8.256327E-06
  DP  1.155180E+02  8.593977E-06
  DP  1.171840E+02  8.988547E-06
  DP  1.188740E+02  9.451803E-06
  DP  1.205880E+02  1.007257E-05
  DP  1.223270E+02  1.125545E-05
  DP  1.240910E+02  1.101680E-05
  DP  1.258800E+02  1.018538E-05
  DP  1.276950E+02  1.016298E-05
  DP  1.295370E+02  1.027228E-05
  DP  1.314040E+02  1.030570E-05
  DP  1.332990E+02  1.040497E-05
  DP  1.352210E+02  1.063652E-05
  DP  1.371710E+02  1.079060E-05
  DP  1.391490E+02  1.078024E-05
  DP  1.411560E+02  1.084116E-05
  DP  1.431910E+02  1.082202E-05
  DP  1.452560E+02  1.093031E-05
  DP  1.473510E+02  1.085879E-05
  DP  1.494750E+02  1.118985E-05
  DP  1.516310E+02  1.171377E-05
  DP  1.538170E+02  1.184530E-05
  DP  1.560350E+02  1.331587E-05
  DP  1.582850E+02  1.584531E-05
  DP  1.605680E+02  1.438460E-05
  DP  1.628830E+02  1.170383E-05
  DP  1.652320E+02  1.145616E-05
  DP  1.676150E+02  1.137477E-05
  DP  1.700320E+02  1.149501E-05
  DP  1.724830E+02  1.187103E-05
  DP  1.749710E+02  1.188223E-05
  DP  1.774940E+02  1.173491E-05
  DP  1.800530E+02  1.180753E-05
  DP  1.826490E+02  1.186343E-05
  DP  1.852830E+02  1.181739E-05
  DP  1.879550E+02  1.174753E-05
  DP  1.906650E+02  1.185340E-05
  DP  1.934150E+02  1.214887E-05
  DP  1.962040E+02  1.253843E-05
  DP  1.990330E+02  1.294110E-05
  DP  2.019030E+02  1.298856E-05
  DP  2.048140E+02  1.288629E-05
  DP  2.077680E+02  1.292656E-05
  DP  2.107640E+02  1.303644E-05
  DP  2.138030E+02  1.305641E-05
  DP  2.168860E+02  1.303210E-05
  DP  2.200130E+02  1.284885E-05
  DP  2.231860E+02  1.272084E-05
  DP  2.264040E+02  1.268449E-05
  DP  2.296690E+02  1.259165E-05
  DP  2.329810E+02  1.235844E-05
  DP  2.363400E+02  1.229685E-05
  DP  2.397480E+02  1.213709E-05
  DP  2.432060E+02  1.210558E-05
  DP  2.467130E+02  1.180402E-05
  DP  2.502700E+02  1.163890E-05
  DP  2.538790E+02  1.156620E-05
  DP  2.575400E+02  1.138196E-05
  DP  2.612540E+02  1.127441E-05
  DP  2.650210E+02  1.138053E-05
  DP  2.688430E+02  1.190604E-05
  DP  2.727190E+02  1.190964E-05
  DP  2.766520E+02  1.074439E-05
  DP  2.806410E+02  1.043188E-05
  DP  2.846880E+02  1.009329E-05
  DP  2.887930E+02  9.943470E-06
  DP  2.929570E+02  9.868183E-06
  DP  2.971820E+02  9.682930E-06
  DP  3.014670E+02  9.608311E-06
  DP  3.058140E+02  9.466176E-06
  DP  3.102240E+02  9.338663E-06
  DP  3.146980E+02  9.190762E-06
  DP  3.192350E+02  9.080379E-06
  DP  3.238390E+02  8.964983E-06
  DP  3.285080E+02  8.845743E-06
  DP  3.332460E+02  8.670517E-06
  DP  3.380510E+02  8.592305E-06
  DP  3.429260E+02  8.621468E-06
  DP  3.478710E+02  8.507659E-06
  DP  3.528870E+02  8.313491E-06
  DP  3.579750E+02  8.217029E-06
  DP  3.631370E+02  8.209601E-06
  DP  3.683740E+02  8.050076E-06
  DP  3.736860E+02  8.057797E-06
  DP  3.790740E+02  7.903520E-06
  DP  3.845400E+02  7.816777E-06
  DP  3.900850E+02  7.715803E-06
  DP  3.957100E+02  7.640298E-06
  DP  4.014170E+02  7.591349E-06
  DP  4.072050E+02  7.498539E-06
  DP  4.130770E+02  7.473036E-06
  DP  4.190330E+02  7.381697E-06
  DP  4.250760E+02  7.403773E-06
  DP  4.312050E+02  7.218838E-06
  DP  4.374230E+02  7.196052E-06
  DP  4.437310E+02  7.180927E-06
  DP  4.501290E+02  7.089145E-06
  DP  4.566200E+02  7.069876E-06
  DP  4.632050E+02  7.104963E-06
  DP  4.698840E+02  7.278366E-06
  DP  4.766600E+02  7.762062E-06
  DP  4.835330E+02  9.119318E-06
  DP  4.905060E+02  9.736743E-06
  DP  4.975790E+02  1.342667E-05
  DP  5.047540E+02  3.039243E-05
  DP  5.120320E+02  5.079945E-05
  DP  5.194160E+02  2.791313E-05
  DP  5.269050E+02  8.635673E-06
  DP  5.345030E+02  7.321308E-06
  DP  5.422110E+02  5.154873E-06
  DP  5.500290E+02  4.721130E-06
  DP  5.579610E+02  4.608725E-06
  DP  5.660070E+02  4.584334E-06
  DP  5.741680E+02  4.576588E-06
  DP  5.824480E+02  4.553601E-06
  DP  5.908470E+02  4.517186E-06
  DP  5.993670E+02  4.504601E-06
  DP  6.080090E+02  4.493463E-06
  DP  6.167770E+02  4.443970E-06
  DP  6.256710E+02  4.443218E-06
  DP  6.346930E+02  4.433901E-06
  DP  6.438450E+02  4.394478E-06
  DP  6.531290E+02  4.331181E-06
  DP  6.625470E+02  4.333638E-06
  DP  6.721010E+02  4.323460E-06
  DP  6.817930E+02  4.335785E-06
  DP  6.916240E+02  4.281947E-06
  DP  7.015970E+02  4.307609E-06
  DP  7.117140E+02  4.317143E-06
  DP  7.219770E+02  4.405767E-06
  DP  7.323880E+02  4.646871E-06
  DP  7.429490E+02  5.070286E-06
  DP  7.536620E+02  5.202578E-06
  DP  7.645300E+02  4.555598E-06
  DP  7.755540E+02  4.426999E-06
  DP  7.867380E+02  4.732653E-06
  DP  7.980820E+02  6.582370E-06
  DP  8.095910E+02  9.731144E-06
  DP  8.212650E+02  1.374528E-05
  DP  8.331070E+02  3.918086E-05
  DP  8.451210E+02  8.085197E-05
  DP  8.573070E+02  6.171180E-05
  DP  8.696700E+02  1.067345E-05
  DP  8.822100E+02  6.724957E-06
  DP  8.949320E+02  3.049931E-06
  DP  9.078360E+02  1.764185E-06
  DP  9.209270E+02  1.754760E-06
  DP  9.342070E+02  1.760467E-06
  DP  9.476780E+02  1.810135E-06
  DP  9.613440E+02  2.175559E-06
  DP  9.752060E+02  2.825338E-06
  DP  9.892680E+02  2.920948E-06
  DP  1.003530E+03  2.559994E-06
  DP  1.018000E+03  5.178989E-06
  DP  1.032680E+03  1.032860E-05
  DP  1.047580E+03  1.006246E-05
  DP  1.062680E+03  2.982832E-06
  DP  1.078000E+03  2.007671E-06
  DP  1.093550E+03  1.636004E-06
  DP  1.109320E+03  1.466787E-06
  DP  1.125310E+03  1.510965E-06
  DP  1.141540E+03  1.692265E-06
  DP  1.158000E+03  2.494633E-06
  DP  1.174700E+03  4.344968E-06
  DP  1.191640E+03  4.675440E-06
  DP  1.208820E+03  1.120648E-05
  DP  1.226250E+03  3.198266E-05
  DP  1.243940E+03  4.296746E-05
  DP  1.261870E+03  1.336943E-05
  DP  1.280070E+03  3.060384E-06
  DP  1.298530E+03  2.079340E-06
  DP  1.317250E+03  8.307090E-07
  DP  1.336250E+03  1.494905E-06
  DP  1.355520E+03  2.777266E-06
  DP  1.375060E+03  2.256454E-06
  DP  1.394890E+03  6.556717E-07
  DP  1.415010E+03  5.341806E-07
  DP  1.435410E+03  5.057593E-07
  DP  1.456110E+03  4.548871E-07
  DP  1.477110E+03  3.793473E-07
  DP  1.498400E+03  3.612941E-07
  DP  1.520010E+03  3.723708E-07
  DP  1.541930E+03  4.555230E-07
  DP  1.564160E+03  5.135220E-07
  DP  1.586720E+03  4.212325E-07
  DP  1.609600E+03  3.596221E-07
  DP  1.632810E+03  3.566248E-07
  DP  1.656360E+03  3.912002E-07
  DP  1.680240E+03  5.985652E-07
  DP  1.704470E+03  7.749829E-07
  DP  1.729050E+03  2.112329E-06
  DP  1.753980E+03  6.011865E-06
  DP  1.779270E+03  8.026696E-06
  DP  1.804930E+03  2.879335E-06
  DP  1.830960E+03  8.056619E-07
  DP  1.857360E+03  5.065339E-07
  DP  1.884140E+03  2.808117E-07
  DP  1.911310E+03  3.553873E-07
  DP  1.938870E+03  6.229313E-07
  DP  1.966830E+03  1.128193E-06
  DP  1.995190E+03  2.699472E-06
  DP  2.023960E+03  4.664794E-06
  DP  2.053150E+03  3.391708E-06
  DP  2.082750E+03  7.089738E-07
  DP  2.112790E+03  3.476020E-07
  DP  2.143250E+03  2.160736E-07
  DP  2.174160E+03  1.946730E-07
  DP  2.205510E+03  2.599225E-07
  DP  2.237310E+03  2.226639E-07
  DP  2.269570E+03  1.354858E-07
  DP  2.302300E+03  1.298572E-07
  DP  2.335500E+03  1.227488E-07
  DP  2.369180E+03  1.234749E-07
  DP  2.403340E+03  1.243473E-07
  DP  2.438000E+03  1.946379E-07
  DP  2.473150E+03  3.537670E-07
  DP  2.508810E+03  5.501397E-07
  DP  2.544990E+03  2.359725E-06
  DP  2.581690E+03  5.513371E-06
  DP  2.618920E+03  5.142231E-06
  DP  2.656680E+03  9.893501E-07
  DP  2.694990E+03  3.425842E-07
  DP  2.733850E+03  1.732474E-07
  DP  2.773270E+03  5.440214E-08
  DP  2.813260E+03  4.711947E-08
  DP  2.853830E+03  5.437958E-08
  DP  2.894980E+03  6.122699E-08
  DP  2.936730E+03  1.236078E-07
  DP  2.979080E+03  2.977117E-07
  DP  3.022030E+03  3.767636E-07
  DP  3.065610E+03  2.258509E-07
  DP  3.109820E+03  3.023292E-07
  DP  3.154660E+03  9.011024E-07
  DP  3.200150E+03  2.342587E-06
  DP  3.246300E+03  3.195225E-06
  DP  3.293110E+03  1.946496E-06
  DP  3.340590E+03  3.561961E-07
  DP  3.388770E+03  2.473467E-07
  DP  3.437630E+03  2.768960E-07
  DP  3.487200E+03  1.798202E-07
  DP  3.537490E+03  2.596693E-08
  DP  3.588500E+03  1.111573E-08
  DP  3.640240E+03  3.897488E-09
  DP  3.692730E+03  2.431696E-10
  DP  3.745980E+03  0.000000E+00
  DP  3.800000E+03  0.000000E+00
  
 EN
