 # final1D_0_1p38_0p6_1p25_edge/final1D_0_1p38_0p6_1p25_edge_200_100/quickspec.dat                     
 #    1.0000000000000000      =Mpc
  DP  3.000000E+00  5.607058E-09
  DP  3.043260E+00  0.000000E+00
  DP  3.087140E+00  0.000000E+00
  DP  3.131660E+00  0.000000E+00
  DP  3.176820E+00  0.000000E+00
  DP  3.222630E+00  0.000000E+00
  DP  3.269100E+00  0.000000E+00
  DP  3.316240E+00  0.000000E+00
  DP  3.364060E+00  0.000000E+00
  DP  3.412570E+00  0.000000E+00
  DP  3.461780E+00  0.000000E+00
  DP  3.511690E+00  0.000000E+00
  DP  3.562330E+00  0.000000E+00
  DP  3.613700E+00  0.000000E+00
  DP  3.665810E+00  0.000000E+00
  DP  3.718670E+00  0.000000E+00
  DP  3.772290E+00  0.000000E+00
  DP  3.826690E+00  0.000000E+00
  DP  3.881870E+00  0.000000E+00
  DP  3.937850E+00  0.000000E+00
  DP  3.994630E+00  0.000000E+00
  DP  4.052230E+00  0.000000E+00
  DP  4.110660E+00  0.000000E+00
  DP  4.169940E+00  0.000000E+00
  DP  4.230070E+00  0.000000E+00
  DP  4.291070E+00  0.000000E+00
  DP  4.352940E+00  0.000000E+00
  DP  4.415710E+00  0.000000E+00
  DP  4.479390E+00  0.000000E+00
  DP  4.543980E+00  0.000000E+00
  DP  4.609500E+00  0.000000E+00
  DP  4.675970E+00  0.000000E+00
  DP  4.743400E+00  0.000000E+00
  DP  4.811800E+00  0.000000E+00
  DP  4.881180E+00  0.000000E+00
  DP  4.951570E+00  0.000000E+00
  DP  5.022970E+00  0.000000E+00
  DP  5.095400E+00  0.000000E+00
  DP  5.168880E+00  0.000000E+00
  DP  5.243410E+00  0.000000E+00
  DP  5.319020E+00  0.000000E+00
  DP  5.395720E+00  0.000000E+00
  DP  5.473530E+00  0.000000E+00
  DP  5.552450E+00  0.000000E+00
  DP  5.632520E+00  0.000000E+00
  DP  5.713740E+00  0.000000E+00
  DP  5.796130E+00  0.000000E+00
  DP  5.879710E+00  2.860885E-09
  DP  5.964500E+00  2.820216E-09
  DP  6.050500E+00  4.726219E-08
  DP  6.137750E+00  1.140092E-06
  DP  6.226260E+00  5.192576E-06
  DP  6.316040E+00  1.221689E-05
  DP  6.407120E+00  1.985068E-05
  DP  6.499510E+00  2.579321E-05
  DP  6.593230E+00  3.149559E-05
  DP  6.688300E+00  2.895303E-05
  DP  6.784750E+00  6.994004E-06
  DP  6.882580E+00  1.060702E-06
  DP  6.981830E+00  2.274854E-06
  DP  7.082500E+00  3.258313E-06
  DP  7.184630E+00  4.122331E-06
  DP  7.288240E+00  4.536028E-06
  DP  7.393330E+00  3.579125E-06
  DP  7.499940E+00  5.427680E-07
  DP  7.608090E+00  0.000000E+00
  DP  7.717800E+00  0.000000E+00
  DP  7.829090E+00  0.000000E+00
  DP  7.941980E+00  0.000000E+00
  DP  8.056510E+00  0.000000E+00
  DP  8.172680E+00  0.000000E+00
  DP  8.290530E+00  0.000000E+00
  DP  8.410080E+00  0.000000E+00
  DP  8.531350E+00  0.000000E+00
  DP  8.654370E+00  0.000000E+00
  DP  8.779170E+00  0.000000E+00
  DP  8.905760E+00  0.000000E+00
  DP  9.034180E+00  0.000000E+00
  DP  9.164450E+00  0.000000E+00
  DP  9.296600E+00  0.000000E+00
  DP  9.430660E+00  0.000000E+00
  DP  9.566650E+00  0.000000E+00
  DP  9.704600E+00  0.000000E+00
  DP  9.844540E+00  0.000000E+00
  DP  9.986500E+00  0.000000E+00
  DP  1.013050E+01  0.000000E+00
  DP  1.027660E+01  0.000000E+00
  DP  1.042480E+01  0.000000E+00
  DP  1.057510E+01  0.000000E+00
  DP  1.072760E+01  0.000000E+00
  DP  1.088230E+01  0.000000E+00
  DP  1.103920E+01  0.000000E+00
  DP  1.119840E+01  0.000000E+00
  DP  1.135990E+01  0.000000E+00
  DP  1.152370E+01  0.000000E+00
  DP  1.168980E+01  0.000000E+00
  DP  1.185840E+01  0.000000E+00
  DP  1.202940E+01  0.000000E+00
  DP  1.220290E+01  0.000000E+00
  DP  1.237880E+01  0.000000E+00
  DP  1.255730E+01  0.000000E+00
  DP  1.273840E+01  0.000000E+00
  DP  1.292210E+01  0.000000E+00
  DP  1.310840E+01  1.283231E-09
  DP  1.329740E+01  2.529987E-09
  DP  1.348920E+01  3.741030E-09
  DP  1.368370E+01  3.442003E-08
  DP  1.388100E+01  1.987374E-07
  DP  1.408120E+01  4.319733E-07
  DP  1.428420E+01  7.751291E-07
  DP  1.449020E+01  1.033136E-06
  DP  1.469920E+01  1.381564E-06
  DP  1.491110E+01  1.360515E-06
  DP  1.512610E+01  8.240367E-07
  DP  1.534430E+01  7.344889E-08
  DP  1.556550E+01  0.000000E+00
  DP  1.579000E+01  0.000000E+00
  DP  1.601770E+01  0.000000E+00
  DP  1.624860E+01  0.000000E+00
  DP  1.648290E+01  0.000000E+00
  DP  1.672060E+01  0.000000E+00
  DP  1.696170E+01  0.000000E+00
  DP  1.720630E+01  0.000000E+00
  DP  1.745440E+01  0.000000E+00
  DP  1.770610E+01  0.000000E+00
  DP  1.796140E+01  0.000000E+00
  DP  1.822040E+01  0.000000E+00
  DP  1.848320E+01  0.000000E+00
  DP  1.874970E+01  0.000000E+00
  DP  1.902010E+01  0.000000E+00
  DP  1.929430E+01  0.000000E+00
  DP  1.957260E+01  0.000000E+00
  DP  1.985480E+01  0.000000E+00
  DP  2.014110E+01  0.000000E+00
  DP  2.043150E+01  0.000000E+00
  DP  2.072620E+01  0.000000E+00
  DP  2.102500E+01  0.000000E+00
  DP  2.132820E+01  0.000000E+00
  DP  2.163580E+01  0.000000E+00
  DP  2.194770E+01  0.000000E+00
  DP  2.226420E+01  0.000000E+00
  DP  2.258530E+01  0.000000E+00
  DP  2.291100E+01  0.000000E+00
  DP  2.324130E+01  0.000000E+00
  DP  2.357650E+01  0.000000E+00
  DP  2.391640E+01  0.000000E+00
  DP  2.426130E+01  0.000000E+00
  DP  2.461120E+01  0.000000E+00
  DP  2.496600E+01  0.000000E+00
  DP  2.532610E+01  0.000000E+00
  DP  2.569130E+01  0.000000E+00
  DP  2.606170E+01  0.000000E+00
  DP  2.643750E+01  0.000000E+00
  DP  2.681880E+01  0.000000E+00
  DP  2.720550E+01  0.000000E+00
  DP  2.759780E+01  0.000000E+00
  DP  2.799570E+01  0.000000E+00
  DP  2.839940E+01  0.000000E+00
  DP  2.880890E+01  0.000000E+00
  DP  2.922440E+01  0.000000E+00
  DP  2.964580E+01  0.000000E+00
  DP  3.007330E+01  0.000000E+00
  DP  3.050690E+01  0.000000E+00
  DP  3.094680E+01  0.000000E+00
  DP  3.139310E+01  0.000000E+00
  DP  3.184580E+01  0.000000E+00
  DP  3.230500E+01  0.000000E+00
  DP  3.277080E+01  0.000000E+00
  DP  3.324340E+01  0.000000E+00
  DP  3.372270E+01  0.000000E+00
  DP  3.420900E+01  0.000000E+00
  DP  3.470230E+01  0.000000E+00
  DP  3.520270E+01  0.000000E+00
  DP  3.571030E+01  0.000000E+00
  DP  3.622530E+01  0.000000E+00
  DP  3.674760E+01  0.000000E+00
  DP  3.727750E+01  0.000000E+00
  DP  3.781510E+01  0.000000E+00
  DP  3.836040E+01  0.000000E+00
  DP  3.891350E+01  0.000000E+00
  DP  3.947460E+01  0.000000E+00
  DP  4.004390E+01  0.000000E+00
  DP  4.062130E+01  0.000000E+00
  DP  4.120700E+01  0.000000E+00
  DP  4.180120E+01  0.000000E+00
  DP  4.240400E+01  0.000000E+00
  DP  4.301550E+01  0.000000E+00
  DP  4.363570E+01  0.000000E+00
  DP  4.426500E+01  0.000000E+00
  DP  4.490330E+01  0.000000E+00
  DP  4.555080E+01  0.000000E+00
  DP  4.620760E+01  0.000000E+00
  DP  4.687390E+01  0.000000E+00
  DP  4.754980E+01  1.061279E-09
  DP  4.823550E+01  0.000000E+00
  DP  4.893100E+01  3.437733E-10
  DP  4.963660E+01  0.000000E+00
  DP  5.035240E+01  1.670347E-09
  DP  5.107850E+01  3.293207E-10
  DP  5.181500E+01  1.623194E-09
  DP  5.256220E+01  6.400494E-10
  DP  5.332010E+01  9.464254E-10
  DP  5.408900E+01  2.487931E-09
  DP  5.486890E+01  4.291983E-09
  DP  5.566010E+01  2.719911E-09
  DP  5.646280E+01  1.787498E-09
  DP  5.727690E+01  5.286272E-09
  DP  5.810290E+01  6.948163E-09
  DP  5.894070E+01  4.280870E-09
  DP  5.979060E+01  7.033369E-09
  DP  6.065280E+01  9.984080E-09
  DP  6.152740E+01  6.288047E-09
  DP  6.241460E+01  1.266686E-08
  DP  6.331460E+01  1.992571E-08
  DP  6.422760E+01  1.885673E-08
  DP  6.515380E+01  2.478498E-08
  DP  6.609330E+01  2.494165E-08
  DP  6.704640E+01  3.637884E-08
  DP  6.801320E+01  4.031359E-08
  DP  6.899390E+01  3.413291E-08
  DP  6.998880E+01  3.821423E-08
  DP  7.099800E+01  4.383105E-08
  DP  7.202180E+01  4.460933E-08
  DP  7.306040E+01  5.226376E-08
  DP  7.411390E+01  5.220176E-08
  DP  7.518260E+01  5.929048E-08
  DP  7.626670E+01  6.462328E-08
  DP  7.736650E+01  8.175074E-08
  DP  7.848210E+01  9.987841E-08
  DP  7.961380E+01  1.105022E-07
  DP  8.076180E+01  1.322587E-07
  DP  8.192640E+01  1.655758E-07
  DP  8.310780E+01  2.001754E-07
  DP  8.430620E+01  2.103322E-07
  DP  8.552190E+01  2.020413E-07
  DP  8.675510E+01  2.188051E-07
  DP  8.800610E+01  2.152589E-07
  DP  8.927510E+01  2.420799E-07
  DP  9.056250E+01  2.340339E-07
  DP  9.186840E+01  2.341860E-07
  DP  9.319310E+01  2.532385E-07
  DP  9.453690E+01  2.499947E-07
  DP  9.590010E+01  2.651149E-07
  DP  9.728300E+01  2.661820E-07
  DP  9.868580E+01  2.722192E-07
  DP  1.001090E+02  2.811125E-07
  DP  1.015520E+02  2.895395E-07
  DP  1.030170E+02  3.143134E-07
  DP  1.045020E+02  3.269192E-07
  DP  1.060090E+02  3.659083E-07
  DP  1.075380E+02  3.674333E-07
  DP  1.090890E+02  3.938207E-07
  DP  1.106620E+02  4.123819E-07
  DP  1.122570E+02  4.351494E-07
  DP  1.138760E+02  5.030603E-07
  DP  1.155180E+02  6.767013E-07
  DP  1.171840E+02  7.809098E-07
  DP  1.188740E+02  2.028853E-06
  DP  1.205880E+02  5.119377E-06
  DP  1.223270E+02  6.058591E-06
  DP  1.240910E+02  2.358071E-06
  DP  1.258800E+02  6.969479E-07
  DP  1.276950E+02  6.346405E-07
  DP  1.295370E+02  5.326907E-07
  DP  1.314040E+02  5.066876E-07
  DP  1.332990E+02  7.390663E-07
  DP  1.352210E+02  1.088118E-06
  DP  1.371710E+02  1.060059E-06
  DP  1.391490E+02  6.254640E-07
  DP  1.411560E+02  5.367057E-07
  DP  1.431910E+02  5.104228E-07
  DP  1.452560E+02  4.978679E-07
  DP  1.473510E+02  5.118391E-07
  DP  1.494750E+02  5.192016E-07
  DP  1.516310E+02  5.258321E-07
  DP  1.538170E+02  5.412514E-07
  DP  1.560350E+02  5.405353E-07
  DP  1.582850E+02  5.363556E-07
  DP  1.605680E+02  5.593171E-07
  DP  1.628830E+02  5.880909E-07
  DP  1.652320E+02  6.453287E-07
  DP  1.676150E+02  7.452756E-07
  DP  1.700320E+02  8.937408E-07
  DP  1.724830E+02  9.453642E-07
  DP  1.749710E+02  9.264128E-07
  DP  1.774940E+02  9.158508E-07
  DP  1.800530E+02  9.154748E-07
  DP  1.826490E+02  9.134359E-07
  DP  1.852830E+02  9.007181E-07
  DP  1.879550E+02  8.963395E-07
  DP  1.906650E+02  9.952244E-07
  DP  1.934150E+02  1.129505E-06
  DP  1.962040E+02  1.325019E-06
  DP  1.990330E+02  1.382634E-06
  DP  2.019030E+02  1.391566E-06
  DP  2.048140E+02  1.411261E-06
  DP  2.077680E+02  1.465726E-06
  DP  2.107640E+02  1.523775E-06
  DP  2.138030E+02  1.528120E-06
  DP  2.168860E+02  1.522914E-06
  DP  2.200130E+02  1.497512E-06
  DP  2.231860E+02  1.516831E-06
  DP  2.264040E+02  1.513689E-06
  DP  2.296690E+02  1.482220E-06
  DP  2.329810E+02  1.465249E-06
  DP  2.363400E+02  1.446757E-06
  DP  2.397480E+02  1.432945E-06
  DP  2.432060E+02  1.377511E-06
  DP  2.467130E+02  1.339634E-06
  DP  2.502700E+02  1.322203E-06
  DP  2.538790E+02  1.294645E-06
  DP  2.575400E+02  1.279195E-06
  DP  2.612540E+02  1.243431E-06
  DP  2.650210E+02  1.233178E-06
  DP  2.688430E+02  1.214987E-06
  DP  2.727190E+02  1.182382E-06
  DP  2.766520E+02  1.183861E-06
  DP  2.806410E+02  1.149977E-06
  DP  2.846880E+02  1.137602E-06
  DP  2.887930E+02  1.112233E-06
  DP  2.929570E+02  1.109158E-06
  DP  2.971820E+02  1.081642E-06
  DP  3.014670E+02  1.064504E-06
  DP  3.058140E+02  1.059774E-06
  DP  3.102240E+02  1.035534E-06
  DP  3.146980E+02  1.029384E-06
  DP  3.192350E+02  1.023267E-06
  DP  3.238390E+02  1.012964E-06
  DP  3.285080E+02  9.903111E-07
  DP  3.332460E+02  9.739250E-07
  DP  3.380510E+02  9.746185E-07
  DP  3.429260E+02  9.625859E-07
  DP  3.478710E+02  9.639312E-07
  DP  3.528870E+02  9.387295E-07
  DP  3.579750E+02  9.358717E-07
  DP  3.631370E+02  9.298972E-07
  DP  3.683740E+02  9.101102E-07
  DP  3.736860E+02  9.116644E-07
  DP  3.790740E+02  8.993310E-07
  DP  3.845400E+02  8.984452E-07
  DP  3.900850E+02  8.972169E-07
  DP  3.957100E+02  8.906909E-07
  DP  4.014170E+02  8.886019E-07
  DP  4.072050E+02  8.983199E-07
  DP  4.130770E+02  8.870811E-07
  DP  4.190330E+02  8.734859E-07
  DP  4.250760E+02  8.804046E-07
  DP  4.312050E+02  8.726503E-07
  DP  4.374230E+02  8.819087E-07
  DP  4.437310E+02  8.783908E-07
  DP  4.501290E+02  8.660156E-07
  DP  4.566200E+02  8.702354E-07
  DP  4.632050E+02  8.763436E-07
  DP  4.698840E+02  8.778728E-07
  DP  4.766600E+02  1.059524E-06
  DP  4.835330E+02  1.661365E-06
  DP  4.905060E+02  2.201638E-06
  DP  4.975790E+02  1.134619E-05
  DP  5.047540E+02  2.900183E-05
  DP  5.120320E+02  2.960020E-05
  DP  5.194160E+02  9.443782E-06
  DP  5.269050E+02  1.643224E-06
  DP  5.345030E+02  1.268708E-06
  DP  5.422110E+02  6.510383E-07
  DP  5.500290E+02  5.216691E-07
  DP  5.579610E+02  5.271406E-07
  DP  5.660070E+02  5.225289E-07
  DP  5.741680E+02  5.208611E-07
  DP  5.824480E+02  5.151214E-07
  DP  5.908470E+02  5.170842E-07
  DP  5.993670E+02  5.218555E-07
  DP  6.080090E+02  5.189342E-07
  DP  6.167770E+02  5.249898E-07
  DP  6.256710E+02  5.208703E-07
  DP  6.346930E+02  5.226342E-07
  DP  6.438450E+02  5.215981E-07
  DP  6.531290E+02  5.219607E-07
  DP  6.625470E+02  5.164566E-07
  DP  6.721010E+02  5.249229E-07
  DP  6.817930E+02  5.167031E-07
  DP  6.916240E+02  5.242068E-07
  DP  7.015970E+02  5.229083E-07
  DP  7.117140E+02  5.536601E-07
  DP  7.219770E+02  6.170604E-07
  DP  7.323880E+02  6.516676E-07
  DP  7.429490E+02  5.872988E-07
  DP  7.536620E+02  5.410600E-07
  DP  7.645300E+02  5.676572E-07
  DP  7.755540E+02  6.606736E-07
  DP  7.867380E+02  8.417164E-07
  DP  7.980820E+02  1.620111E-06
  DP  8.095910E+02  2.184333E-06
  DP  8.212650E+02  1.080121E-05
  DP  8.331070E+02  4.040668E-05
  DP  8.451210E+02  5.169898E-05
  DP  8.573070E+02  2.432147E-05
  DP  8.696700E+02  2.903977E-06
  DP  8.822100E+02  1.606583E-06
  DP  8.949320E+02  5.668809E-07
  DP  9.078360E+02  2.077970E-07
  DP  9.209270E+02  2.108527E-07
  DP  9.342070E+02  2.139211E-07
  DP  9.476780E+02  3.168394E-07
  DP  9.613440E+02  6.952173E-07
  DP  9.752060E+02  9.360556E-07
  DP  9.892680E+02  6.842041E-07
  DP  1.003530E+03  9.971463E-07
  DP  1.018000E+03  4.188335E-06
  DP  1.032680E+03  6.274502E-06
  DP  1.047580E+03  3.814505E-06
  DP  1.062680E+03  6.541251E-07
  DP  1.078000E+03  3.354540E-07
  DP  1.093550E+03  2.283886E-07
  DP  1.109320E+03  1.986538E-07
  DP  1.125310E+03  2.393266E-07
  DP  1.141540E+03  4.541276E-07
  DP  1.158000E+03  1.120765E-06
  DP  1.174700E+03  1.632996E-06
  DP  1.191640E+03  2.008857E-06
  DP  1.208820E+03  1.178029E-05
  DP  1.226250E+03  2.399993E-05
  DP  1.243940E+03  1.968406E-05
  DP  1.261870E+03  4.363552E-06
  DP  1.280070E+03  8.091597E-07
  DP  1.298530E+03  5.243857E-07
  DP  1.317250E+03  3.373592E-07
  DP  1.336250E+03  1.099716E-06
  DP  1.355520E+03  1.460528E-06
  DP  1.375060E+03  7.628759E-07
  DP  1.394890E+03  1.280941E-07
  DP  1.415010E+03  1.188916E-07
  DP  1.435410E+03  1.081233E-07
  DP  1.456110E+03  7.207842E-08
  DP  1.477110E+03  3.943855E-08
  DP  1.498400E+03  3.430973E-08
  DP  1.520010E+03  3.330768E-08
  DP  1.541930E+03  3.468090E-08
  DP  1.564160E+03  3.329648E-08
  DP  1.586720E+03  3.496333E-08
  DP  1.609600E+03  3.350304E-08
  DP  1.632810E+03  3.564836E-08
  DP  1.656360E+03  6.726444E-08
  DP  1.680240E+03  1.425918E-07
  DP  1.704470E+03  2.723170E-07
  DP  1.729050E+03  1.909195E-06
  DP  1.753980E+03  4.046818E-06
  DP  1.779270E+03  3.505575E-06
  DP  1.804930E+03  9.426317E-07
  DP  1.830960E+03  2.055492E-07
  DP  1.857360E+03  1.087834E-07
  DP  1.884140E+03  4.828530E-08
  DP  1.911310E+03  1.242077E-07
  DP  1.938870E+03  2.648993E-07
  DP  1.966830E+03  7.352793E-07
  DP  1.995190E+03  1.952772E-06
  DP  2.023960E+03  2.396667E-06
  DP  2.053150E+03  1.234064E-06
  DP  2.082750E+03  1.861558E-07
  DP  2.112790E+03  7.681635E-08
  DP  2.143250E+03  4.532109E-08
  DP  2.174160E+03  6.427676E-08
  DP  2.205510E+03  8.183129E-08
  DP  2.237310E+03  4.638807E-08
  DP  2.269570E+03  1.482337E-08
  DP  2.302300E+03  1.264714E-08
  DP  2.335500E+03  1.137260E-08
  DP  2.369180E+03  1.030328E-08
  DP  2.403340E+03  1.427931E-08
  DP  2.438000E+03  5.196119E-08
  DP  2.473150E+03  9.397406E-08
  DP  2.508810E+03  3.458280E-07
  DP  2.544990E+03  1.912939E-06
  DP  2.581690E+03  3.027269E-06
  DP  2.618920E+03  1.932241E-06
  DP  2.656680E+03  2.955717E-07
  DP  2.694990E+03  8.794604E-08
  DP  2.733850E+03  4.030165E-08
  DP  2.773270E+03  6.623482E-09
  DP  2.813260E+03  4.914931E-09
  DP  2.853830E+03  7.626678E-09
  DP  2.894980E+03  1.300845E-08
  DP  2.936730E+03  7.540260E-08
  DP  2.979080E+03  1.569290E-07
  DP  3.022030E+03  1.443783E-07
  DP  3.065610E+03  7.227428E-08
  DP  3.109820E+03  1.679397E-07
  DP  3.154660E+03  6.362808E-07
  DP  3.200150E+03  1.420511E-06
  DP  3.246300E+03  1.475360E-06
  DP  3.293110E+03  6.846403E-07
  DP  3.340590E+03  1.180803E-07
  DP  3.388770E+03  1.230529E-07
  DP  3.437630E+03  1.287091E-07
  DP  3.487200E+03  6.454214E-08
  DP  3.537490E+03  7.902910E-09
  DP  3.588500E+03  3.328286E-09
  DP  3.640240E+03  1.081291E-09
  DP  3.692730E+03  5.010733E-11
  DP  3.745980E+03  0.000000E+00
  DP  3.800000E+03  0.000000E+00
  
 EN
