 # final1D_0_1p38_0p6_1p25_edge/final1D_0_1p38_0p6_1p25_edge_150_100/quickspec.dat                     
 #    1.0000000000000000      =Mpc
  DP  3.000000E+00  0.000000E+00
  DP  3.043260E+00  0.000000E+00
  DP  3.087140E+00  0.000000E+00
  DP  3.131660E+00  0.000000E+00
  DP  3.176820E+00  0.000000E+00
  DP  3.222630E+00  0.000000E+00
  DP  3.269100E+00  0.000000E+00
  DP  3.316240E+00  0.000000E+00
  DP  3.364060E+00  0.000000E+00
  DP  3.412570E+00  0.000000E+00
  DP  3.461780E+00  0.000000E+00
  DP  3.511690E+00  0.000000E+00
  DP  3.562330E+00  0.000000E+00
  DP  3.613700E+00  0.000000E+00
  DP  3.665810E+00  0.000000E+00
  DP  3.718670E+00  0.000000E+00
  DP  3.772290E+00  0.000000E+00
  DP  3.826690E+00  0.000000E+00
  DP  3.881870E+00  0.000000E+00
  DP  3.937850E+00  0.000000E+00
  DP  3.994630E+00  0.000000E+00
  DP  4.052230E+00  0.000000E+00
  DP  4.110660E+00  0.000000E+00
  DP  4.169940E+00  0.000000E+00
  DP  4.230070E+00  0.000000E+00
  DP  4.291070E+00  0.000000E+00
  DP  4.352940E+00  0.000000E+00
  DP  4.415710E+00  0.000000E+00
  DP  4.479390E+00  0.000000E+00
  DP  4.543980E+00  0.000000E+00
  DP  4.609500E+00  0.000000E+00
  DP  4.675970E+00  0.000000E+00
  DP  4.743400E+00  0.000000E+00
  DP  4.811800E+00  0.000000E+00
  DP  4.881180E+00  0.000000E+00
  DP  4.951570E+00  0.000000E+00
  DP  5.022970E+00  0.000000E+00
  DP  5.095400E+00  0.000000E+00
  DP  5.168880E+00  0.000000E+00
  DP  5.243410E+00  0.000000E+00
  DP  5.319020E+00  0.000000E+00
  DP  5.395720E+00  0.000000E+00
  DP  5.473530E+00  0.000000E+00
  DP  5.552450E+00  0.000000E+00
  DP  5.632520E+00  0.000000E+00
  DP  5.713740E+00  0.000000E+00
  DP  5.796130E+00  0.000000E+00
  DP  5.879710E+00  0.000000E+00
  DP  5.964500E+00  4.397895E-09
  DP  6.050500E+00  1.300611E-08
  DP  6.137750E+00  4.316491E-07
  DP  6.226260E+00  3.113411E-06
  DP  6.316040E+00  9.834592E-06
  DP  6.407120E+00  1.807193E-05
  DP  6.499510E+00  2.738177E-05
  DP  6.593230E+00  3.492356E-05
  DP  6.688300E+00  3.505692E-05
  DP  6.784750E+00  9.758301E-06
  DP  6.882580E+00  7.508156E-07
  DP  6.981830E+00  1.878537E-06
  DP  7.082500E+00  3.322395E-06
  DP  7.184630E+00  4.384618E-06
  DP  7.288240E+00  5.339842E-06
  DP  7.393330E+00  4.474486E-06
  DP  7.499940E+00  8.918691E-07
  DP  7.608090E+00  0.000000E+00
  DP  7.717800E+00  0.000000E+00
  DP  7.829090E+00  0.000000E+00
  DP  7.941980E+00  0.000000E+00
  DP  8.056510E+00  0.000000E+00
  DP  8.172680E+00  0.000000E+00
  DP  8.290530E+00  0.000000E+00
  DP  8.410080E+00  0.000000E+00
  DP  8.531350E+00  0.000000E+00
  DP  8.654370E+00  0.000000E+00
  DP  8.779170E+00  0.000000E+00
  DP  8.905760E+00  0.000000E+00
  DP  9.034180E+00  0.000000E+00
  DP  9.164450E+00  0.000000E+00
  DP  9.296600E+00  0.000000E+00
  DP  9.430660E+00  0.000000E+00
  DP  9.566650E+00  0.000000E+00
  DP  9.704600E+00  0.000000E+00
  DP  9.844540E+00  0.000000E+00
  DP  9.986500E+00  0.000000E+00
  DP  1.013050E+01  0.000000E+00
  DP  1.027660E+01  0.000000E+00
  DP  1.042480E+01  0.000000E+00
  DP  1.057510E+01  0.000000E+00
  DP  1.072760E+01  0.000000E+00
  DP  1.088230E+01  0.000000E+00
  DP  1.103920E+01  0.000000E+00
  DP  1.119840E+01  0.000000E+00
  DP  1.135990E+01  0.000000E+00
  DP  1.152370E+01  0.000000E+00
  DP  1.168980E+01  0.000000E+00
  DP  1.185840E+01  0.000000E+00
  DP  1.202940E+01  0.000000E+00
  DP  1.220290E+01  0.000000E+00
  DP  1.237880E+01  0.000000E+00
  DP  1.255730E+01  0.000000E+00
  DP  1.273840E+01  0.000000E+00
  DP  1.292210E+01  0.000000E+00
  DP  1.310840E+01  0.000000E+00
  DP  1.329740E+01  3.945301E-09
  DP  1.348920E+01  1.944608E-09
  DP  1.368370E+01  3.833932E-09
  DP  1.388100E+01  9.070686E-08
  DP  1.408120E+01  2.144308E-07
  DP  1.428420E+01  4.778252E-07
  DP  1.449020E+01  8.066863E-07
  DP  1.469920E+01  9.957174E-07
  DP  1.491110E+01  1.250224E-06
  DP  1.512610E+01  7.509711E-07
  DP  1.534430E+01  1.111181E-07
  DP  1.556550E+01  0.000000E+00
  DP  1.579000E+01  0.000000E+00
  DP  1.601770E+01  0.000000E+00
  DP  1.624860E+01  0.000000E+00
  DP  1.648290E+01  0.000000E+00
  DP  1.672060E+01  0.000000E+00
  DP  1.696170E+01  0.000000E+00
  DP  1.720630E+01  0.000000E+00
  DP  1.745440E+01  0.000000E+00
  DP  1.770610E+01  0.000000E+00
  DP  1.796140E+01  0.000000E+00
  DP  1.822040E+01  0.000000E+00
  DP  1.848320E+01  0.000000E+00
  DP  1.874970E+01  0.000000E+00
  DP  1.902010E+01  0.000000E+00
  DP  1.929430E+01  0.000000E+00
  DP  1.957260E+01  0.000000E+00
  DP  1.985480E+01  0.000000E+00
  DP  2.014110E+01  0.000000E+00
  DP  2.043150E+01  0.000000E+00
  DP  2.072620E+01  0.000000E+00
  DP  2.102500E+01  0.000000E+00
  DP  2.132820E+01  0.000000E+00
  DP  2.163580E+01  0.000000E+00
  DP  2.194770E+01  0.000000E+00
  DP  2.226420E+01  0.000000E+00
  DP  2.258530E+01  0.000000E+00
  DP  2.291100E+01  0.000000E+00
  DP  2.324130E+01  0.000000E+00
  DP  2.357650E+01  0.000000E+00
  DP  2.391640E+01  0.000000E+00
  DP  2.426130E+01  0.000000E+00
  DP  2.461120E+01  0.000000E+00
  DP  2.496600E+01  0.000000E+00
  DP  2.532610E+01  0.000000E+00
  DP  2.569130E+01  0.000000E+00
  DP  2.606170E+01  0.000000E+00
  DP  2.643750E+01  0.000000E+00
  DP  2.681880E+01  0.000000E+00
  DP  2.720550E+01  0.000000E+00
  DP  2.759780E+01  0.000000E+00
  DP  2.799570E+01  0.000000E+00
  DP  2.839940E+01  0.000000E+00
  DP  2.880890E+01  0.000000E+00
  DP  2.922440E+01  0.000000E+00
  DP  2.964580E+01  0.000000E+00
  DP  3.007330E+01  0.000000E+00
  DP  3.050690E+01  0.000000E+00
  DP  3.094680E+01  0.000000E+00
  DP  3.139310E+01  0.000000E+00
  DP  3.184580E+01  0.000000E+00
  DP  3.230500E+01  0.000000E+00
  DP  3.277080E+01  0.000000E+00
  DP  3.324340E+01  0.000000E+00
  DP  3.372270E+01  0.000000E+00
  DP  3.420900E+01  0.000000E+00
  DP  3.470230E+01  0.000000E+00
  DP  3.520270E+01  0.000000E+00
  DP  3.571030E+01  0.000000E+00
  DP  3.622530E+01  0.000000E+00
  DP  3.674760E+01  0.000000E+00
  DP  3.727750E+01  0.000000E+00
  DP  3.781510E+01  0.000000E+00
  DP  3.836040E+01  0.000000E+00
  DP  3.891350E+01  0.000000E+00
  DP  3.947460E+01  0.000000E+00
  DP  4.004390E+01  0.000000E+00
  DP  4.062130E+01  0.000000E+00
  DP  4.120700E+01  0.000000E+00
  DP  4.180120E+01  0.000000E+00
  DP  4.240400E+01  0.000000E+00
  DP  4.301550E+01  6.098090E-10
  DP  4.363570E+01  0.000000E+00
  DP  4.426500E+01  0.000000E+00
  DP  4.490330E+01  5.841720E-10
  DP  4.555080E+01  0.000000E+00
  DP  4.620760E+01  1.135363E-09
  DP  4.687390E+01  5.596129E-10
  DP  4.754980E+01  1.103318E-09
  DP  4.823550E+01  1.087633E-09
  DP  4.893100E+01  5.360857E-10
  DP  4.963660E+01  2.113859E-09
  DP  5.035240E+01  3.125720E-09
  DP  5.107850E+01  5.135479E-09
  DP  5.181500E+01  4.049985E-09
  DP  5.256220E+01  2.495260E-09
  DP  5.332010E+01  4.919577E-09
  DP  5.408900E+01  6.304533E-09
  DP  5.486890E+01  5.736844E-09
  DP  5.566010E+01  7.069124E-09
  DP  5.646280E+01  9.291535E-09
  DP  5.727690E+01  1.402187E-08
  DP  5.810290E+01  1.354382E-08
  DP  5.894070E+01  1.958195E-08
  DP  5.979060E+01  1.579384E-08
  DP  6.065280E+01  2.335401E-08
  DP  6.152740E+01  3.453308E-08
  DP  6.241460E+01  2.983944E-08
  DP  6.331460E+01  4.267283E-08
  DP  6.422760E+01  5.881110E-08
  DP  6.515380E+01  6.642976E-08
  DP  6.609330E+01  6.671170E-08
  DP  6.704640E+01  9.115892E-08
  DP  6.801320E+01  1.010474E-07
  DP  6.899390E+01  1.110345E-07
  DP  6.998880E+01  1.071907E-07
  DP  7.099800E+01  1.069334E-07
  DP  7.202180E+01  1.362153E-07
  DP  7.306040E+01  1.558210E-07
  DP  7.411390E+01  1.776736E-07
  DP  7.518260E+01  1.824749E-07
  DP  7.626670E+01  1.931255E-07
  DP  7.736650E+01  2.173320E-07
  DP  7.848210E+01  2.690723E-07
  DP  7.961380E+01  2.836828E-07
  DP  8.076180E+01  3.316178E-07
  DP  8.192640E+01  3.868184E-07
  DP  8.310780E+01  4.325223E-07
  DP  8.430620E+01  4.944052E-07
  DP  8.552190E+01  4.915541E-07
  DP  8.675510E+01  5.313704E-07
  DP  8.800610E+01  5.466452E-07
  DP  8.927510E+01  5.899995E-07
  DP  9.056250E+01  5.905702E-07
  DP  9.186840E+01  6.338509E-07
  DP  9.319310E+01  6.625847E-07
  DP  9.453690E+01  7.050198E-07
  DP  9.590010E+01  7.201232E-07
  DP  9.728300E+01  7.521242E-07
  DP  9.868580E+01  7.758460E-07
  DP  1.001090E+02  8.198328E-07
  DP  1.015520E+02  8.749398E-07
  DP  1.030170E+02  9.037764E-07
  DP  1.045020E+02  9.510462E-07
  DP  1.060090E+02  1.021496E-06
  DP  1.075380E+02  1.082110E-06
  DP  1.090890E+02  1.127851E-06
  DP  1.106620E+02  1.193136E-06
  DP  1.122570E+02  1.278743E-06
  DP  1.138760E+02  1.348265E-06
  DP  1.155180E+02  1.555235E-06
  DP  1.171840E+02  1.703103E-06
  DP  1.188740E+02  2.618318E-06
  DP  1.205880E+02  5.316930E-06
  DP  1.223270E+02  6.806662E-06
  DP  1.240910E+02  3.507723E-06
  DP  1.258800E+02  1.761494E-06
  DP  1.276950E+02  1.729575E-06
  DP  1.295370E+02  1.610727E-06
  DP  1.314040E+02  1.619183E-06
  DP  1.332990E+02  1.777705E-06
  DP  1.352210E+02  2.113984E-06
  DP  1.371710E+02  2.200377E-06
  DP  1.391490E+02  1.769541E-06
  DP  1.411560E+02  1.701632E-06
  DP  1.431910E+02  1.697538E-06
  DP  1.452560E+02  1.683140E-06
  DP  1.473510E+02  1.702668E-06
  DP  1.494750E+02  1.735733E-06
  DP  1.516310E+02  1.732357E-06
  DP  1.538170E+02  1.732374E-06
  DP  1.560350E+02  1.784791E-06
  DP  1.582850E+02  1.784992E-06
  DP  1.605680E+02  1.813226E-06
  DP  1.628830E+02  1.858658E-06
  DP  1.652320E+02  1.982678E-06
  DP  1.676150E+02  2.122256E-06
  DP  1.700320E+02  2.380131E-06
  DP  1.724830E+02  2.497449E-06
  DP  1.749710E+02  2.517604E-06
  DP  1.774940E+02  2.531374E-06
  DP  1.800530E+02  2.476810E-06
  DP  1.826490E+02  2.466089E-06
  DP  1.852830E+02  2.479041E-06
  DP  1.879550E+02  2.472022E-06
  DP  1.906650E+02  2.594236E-06
  DP  1.934150E+02  2.855520E-06
  DP  1.962040E+02  3.196320E-06
  DP  1.990330E+02  3.345909E-06
  DP  2.019030E+02  3.355560E-06
  DP  2.048140E+02  3.384371E-06
  DP  2.077680E+02  3.427747E-06
  DP  2.107640E+02  3.548659E-06
  DP  2.138030E+02  3.669486E-06
  DP  2.168860E+02  3.583528E-06
  DP  2.200130E+02  3.547606E-06
  DP  2.231860E+02  3.543311E-06
  DP  2.264040E+02  3.492122E-06
  DP  2.296690E+02  3.457779E-06
  DP  2.329810E+02  3.438769E-06
  DP  2.363400E+02  3.339474E-06
  DP  2.397480E+02  3.327910E-06
  DP  2.432060E+02  3.277573E-06
  DP  2.467130E+02  3.182674E-06
  DP  2.502700E+02  3.109576E-06
  DP  2.538790E+02  3.045260E-06
  DP  2.575400E+02  3.013499E-06
  DP  2.612540E+02  2.945447E-06
  DP  2.650210E+02  2.913594E-06
  DP  2.688430E+02  2.865631E-06
  DP  2.727190E+02  2.825923E-06
  DP  2.766520E+02  2.786216E-06
  DP  2.806410E+02  2.718056E-06
  DP  2.846880E+02  2.675992E-06
  DP  2.887930E+02  2.609904E-06
  DP  2.929570E+02  2.612620E-06
  DP  2.971820E+02  2.580449E-06
  DP  3.014670E+02  2.526327E-06
  DP  3.058140E+02  2.498945E-06
  DP  3.102240E+02  2.455652E-06
  DP  3.146980E+02  2.474144E-06
  DP  3.192350E+02  2.376320E-06
  DP  3.238390E+02  2.336354E-06
  DP  3.285080E+02  2.352924E-06
  DP  3.332460E+02  2.303072E-06
  DP  3.380510E+02  2.288382E-06
  DP  3.429260E+02  2.266698E-06
  DP  3.478710E+02  2.230817E-06
  DP  3.528870E+02  2.219913E-06
  DP  3.579750E+02  2.184199E-06
  DP  3.631370E+02  2.174974E-06
  DP  3.683740E+02  2.171807E-06
  DP  3.736860E+02  2.148611E-06
  DP  3.790740E+02  2.134515E-06
  DP  3.845400E+02  2.117544E-06
  DP  3.900850E+02  2.075362E-06
  DP  3.957100E+02  2.092576E-06
  DP  4.014170E+02  2.074293E-06
  DP  4.072050E+02  2.067382E-06
  DP  4.130770E+02  2.036816E-06
  DP  4.190330E+02  2.039657E-06
  DP  4.250760E+02  2.045707E-06
  DP  4.312050E+02  2.009517E-06
  DP  4.374230E+02  2.014706E-06
  DP  4.437310E+02  1.995847E-06
  DP  4.501290E+02  1.974506E-06
  DP  4.566200E+02  2.008707E-06
  DP  4.632050E+02  1.994468E-06
  DP  4.698840E+02  1.992003E-06
  DP  4.766600E+02  2.239825E-06
  DP  4.835330E+02  3.123413E-06
  DP  4.905060E+02  3.873105E-06
  DP  4.975790E+02  1.469954E-05
  DP  5.047540E+02  3.914083E-05
  DP  5.120320E+02  4.346581E-05
  DP  5.194160E+02  1.491353E-05
  DP  5.269050E+02  2.992358E-06
  DP  5.345030E+02  2.412753E-06
  DP  5.422110E+02  1.426469E-06
  DP  5.500290E+02  1.238459E-06
  DP  5.579610E+02  1.232877E-06
  DP  5.660070E+02  1.226543E-06
  DP  5.741680E+02  1.228114E-06
  DP  5.824480E+02  1.221613E-06
  DP  5.908470E+02  1.224204E-06
  DP  5.993670E+02  1.202804E-06
  DP  6.080090E+02  1.220276E-06
  DP  6.167770E+02  1.207133E-06
  DP  6.256710E+02  1.213441E-06
  DP  6.346930E+02  1.214026E-06
  DP  6.438450E+02  1.199019E-06
  DP  6.531290E+02  1.211954E-06
  DP  6.625470E+02  1.213140E-06
  DP  6.721010E+02  1.196637E-06
  DP  6.817930E+02  1.208244E-06
  DP  6.916240E+02  1.227229E-06
  DP  7.015970E+02  1.205261E-06
  DP  7.117140E+02  1.238242E-06
  DP  7.219770E+02  1.332464E-06
  DP  7.323880E+02  1.382283E-06
  DP  7.429490E+02  1.298455E-06
  DP  7.536620E+02  1.228850E-06
  DP  7.645300E+02  1.258873E-06
  DP  7.755540E+02  1.397691E-06
  DP  7.867380E+02  1.639079E-06
  DP  7.980820E+02  2.766211E-06
  DP  8.095910E+02  3.674525E-06
  DP  8.212650E+02  1.415991E-05
  DP  8.331070E+02  5.416425E-05
  DP  8.451210E+02  7.497561E-05
  DP  8.573070E+02  3.716146E-05
  DP  8.696700E+02  4.661728E-06
  DP  8.822100E+02  2.680103E-06
  DP  8.949320E+02  1.041575E-06
  DP  9.078360E+02  4.762334E-07
  DP  9.209270E+02  4.686303E-07
  DP  9.342070E+02  4.873811E-07
  DP  9.476780E+02  6.053210E-07
  DP  9.613440E+02  1.120121E-06
  DP  9.752060E+02  1.516121E-06
  DP  9.892680E+02  1.193763E-06
  DP  1.003530E+03  1.486139E-06
  DP  1.018000E+03  5.752160E-06
  DP  1.032680E+03  9.149233E-06
  DP  1.047580E+03  5.911250E-06
  DP  1.062680E+03  1.145691E-06
  DP  1.078000E+03  6.497089E-07
  DP  1.093550E+03  4.766353E-07
  DP  1.109320E+03  4.271486E-07
  DP  1.125310E+03  4.863583E-07
  DP  1.141540E+03  7.590079E-07
  DP  1.158000E+03  1.683617E-06
  DP  1.174700E+03  2.569661E-06
  DP  1.191640E+03  2.963079E-06
  DP  1.208820E+03  1.569858E-05
  DP  1.226250E+03  3.404434E-05
  DP  1.243940E+03  2.959435E-05
  DP  1.261870E+03  6.796685E-06
  DP  1.280070E+03  1.301689E-06
  DP  1.298530E+03  8.615284E-07
  DP  1.317250E+03  5.027729E-07
  DP  1.336250E+03  1.540127E-06
  DP  1.355520E+03  2.172927E-06
  DP  1.375060E+03  1.198375E-06
  DP  1.394890E+03  2.276784E-07
  DP  1.415010E+03  2.019285E-07
  DP  1.435410E+03  1.922214E-07
  DP  1.456110E+03  1.405671E-07
  DP  1.477110E+03  8.972169E-08
  DP  1.498400E+03  8.533145E-08
  DP  1.520010E+03  8.285824E-08
  DP  1.541930E+03  7.952261E-08
  DP  1.564160E+03  8.106312E-08
  DP  1.586720E+03  7.929708E-08
  DP  1.609600E+03  8.122590E-08
  DP  1.632810E+03  8.277301E-08
  DP  1.656360E+03  1.287208E-07
  DP  1.680240E+03  2.452068E-07
  DP  1.704470E+03  4.143096E-07
  DP  1.729050E+03  2.599484E-06
  DP  1.753980E+03  5.812039E-06
  DP  1.779270E+03  5.272509E-06
  DP  1.804930E+03  1.464531E-06
  DP  1.830960E+03  3.376324E-07
  DP  1.857360E+03  1.872328E-07
  DP  1.884140E+03  8.929888E-08
  DP  1.911310E+03  1.958437E-07
  DP  1.938870E+03  4.038454E-07
  DP  1.966830E+03  1.033069E-06
  DP  1.995190E+03  2.764298E-06
  DP  2.023960E+03  3.555686E-06
  DP  2.053150E+03  1.905677E-06
  DP  2.082750E+03  2.997756E-07
  DP  2.112790E+03  1.310513E-07
  DP  2.143250E+03  7.767309E-08
  DP  2.174160E+03  1.037690E-07
  DP  2.205510E+03  1.325153E-07
  DP  2.237310E+03  8.148075E-08
  DP  2.269570E+03  3.335581E-08
  DP  2.302300E+03  3.007883E-08
  DP  2.335500E+03  2.704678E-08
  DP  2.369180E+03  2.587894E-08
  DP  2.403340E+03  3.200498E-08
  DP  2.438000E+03  8.620214E-08
  DP  2.473150E+03  1.539075E-07
  DP  2.508810E+03  4.848718E-07
  DP  2.544990E+03  2.683203E-06
  DP  2.581690E+03  4.477286E-06
  DP  2.618920E+03  2.950611E-06
  DP  2.656680E+03  4.663215E-07
  DP  2.694990E+03  1.435895E-07
  DP  2.733850E+03  6.651232E-08
  DP  2.773270E+03  1.371721E-08
  DP  2.813260E+03  1.087191E-08
  DP  2.853830E+03  1.516697E-08
  DP  2.894980E+03  2.259044E-08
  DP  2.936730E+03  1.085344E-07
  DP  2.979080E+03  2.319241E-07
  DP  3.022030E+03  2.205900E-07
  DP  3.065610E+03  1.122160E-07
  DP  3.109820E+03  2.432180E-07
  DP  3.154660E+03  9.007431E-07
  DP  3.200150E+03  2.064333E-06
  DP  3.246300E+03  2.209050E-06
  DP  3.293110E+03  1.056699E-06
  DP  3.340590E+03  1.820045E-07
  DP  3.388770E+03  1.791133E-07
  DP  3.437630E+03  1.930653E-07
  DP  3.487200E+03  9.913639E-08
  DP  3.537490E+03  1.248461E-08
  DP  3.588500E+03  4.706733E-09
  DP  3.640240E+03  1.527652E-09
  DP  3.692730E+03  9.944891E-11
  DP  3.745980E+03  0.000000E+00
  DP  3.800000E+03  0.000000E+00
  
 EN
