 # final1D_0_1p38_0p6_1p25_edge/final1D_0_1p38_0p6_1p25_edge_15_100/quickspec.dat                      
 #    1.0000000000000000      =Mpc
  DP  3.000000E+00  0.000000E+00
  DP  3.043260E+00  0.000000E+00
  DP  3.087140E+00  0.000000E+00
  DP  3.131660E+00  0.000000E+00
  DP  3.176820E+00  0.000000E+00
  DP  3.222630E+00  0.000000E+00
  DP  3.269100E+00  0.000000E+00
  DP  3.316240E+00  0.000000E+00
  DP  3.364060E+00  0.000000E+00
  DP  3.412570E+00  0.000000E+00
  DP  3.461780E+00  0.000000E+00
  DP  3.511690E+00  0.000000E+00
  DP  3.562330E+00  0.000000E+00
  DP  3.613700E+00  0.000000E+00
  DP  3.665810E+00  0.000000E+00
  DP  3.718670E+00  0.000000E+00
  DP  3.772290E+00  0.000000E+00
  DP  3.826690E+00  0.000000E+00
  DP  3.881870E+00  0.000000E+00
  DP  3.937850E+00  0.000000E+00
  DP  3.994630E+00  0.000000E+00
  DP  4.052230E+00  0.000000E+00
  DP  4.110660E+00  0.000000E+00
  DP  4.169940E+00  0.000000E+00
  DP  4.230070E+00  0.000000E+00
  DP  4.291070E+00  0.000000E+00
  DP  4.352940E+00  0.000000E+00
  DP  4.415710E+00  0.000000E+00
  DP  4.479390E+00  0.000000E+00
  DP  4.543980E+00  0.000000E+00
  DP  4.609500E+00  0.000000E+00
  DP  4.675970E+00  0.000000E+00
  DP  4.743400E+00  0.000000E+00
  DP  4.811800E+00  0.000000E+00
  DP  4.881180E+00  0.000000E+00
  DP  4.951570E+00  0.000000E+00
  DP  5.022970E+00  0.000000E+00
  DP  5.095400E+00  0.000000E+00
  DP  5.168880E+00  0.000000E+00
  DP  5.243410E+00  0.000000E+00
  DP  5.319020E+00  0.000000E+00
  DP  5.395720E+00  0.000000E+00
  DP  5.473530E+00  0.000000E+00
  DP  5.552450E+00  0.000000E+00
  DP  5.632520E+00  0.000000E+00
  DP  5.713740E+00  0.000000E+00
  DP  5.796130E+00  0.000000E+00
  DP  5.879710E+00  0.000000E+00
  DP  5.964500E+00  0.000000E+00
  DP  6.050500E+00  0.000000E+00
  DP  6.137750E+00  0.000000E+00
  DP  6.226260E+00  0.000000E+00
  DP  6.316040E+00  0.000000E+00
  DP  6.407120E+00  0.000000E+00
  DP  6.499510E+00  0.000000E+00
  DP  6.593230E+00  1.414512E-07
  DP  6.688300E+00  9.296047E-08
  DP  6.784750E+00  1.832779E-07
  DP  6.882580E+00  4.516810E-08
  DP  6.981830E+00  4.452602E-08
  DP  7.082500E+00  3.511449E-07
  DP  7.184630E+00  8.653805E-07
  DP  7.288240E+00  1.578197E-06
  DP  7.393330E+00  6.307166E-07
  DP  7.499940E+00  0.000000E+00
  DP  7.608090E+00  0.000000E+00
  DP  7.717800E+00  0.000000E+00
  DP  7.829090E+00  7.941490E-08
  DP  7.941980E+00  0.000000E+00
  DP  8.056510E+00  1.157598E-07
  DP  8.172680E+00  1.901900E-07
  DP  8.290530E+00  0.000000E+00
  DP  8.410080E+00  0.000000E+00
  DP  8.531350E+00  0.000000E+00
  DP  8.654370E+00  0.000000E+00
  DP  8.779170E+00  0.000000E+00
  DP  8.905760E+00  0.000000E+00
  DP  9.034180E+00  0.000000E+00
  DP  9.164450E+00  0.000000E+00
  DP  9.296600E+00  0.000000E+00
  DP  9.430660E+00  0.000000E+00
  DP  9.566650E+00  0.000000E+00
  DP  9.704600E+00  0.000000E+00
  DP  9.844540E+00  0.000000E+00
  DP  9.986500E+00  0.000000E+00
  DP  1.013050E+01  0.000000E+00
  DP  1.027660E+01  0.000000E+00
  DP  1.042480E+01  0.000000E+00
  DP  1.057510E+01  0.000000E+00
  DP  1.072760E+01  0.000000E+00
  DP  1.088230E+01  0.000000E+00
  DP  1.103920E+01  0.000000E+00
  DP  1.119840E+01  0.000000E+00
  DP  1.135990E+01  0.000000E+00
  DP  1.152370E+01  0.000000E+00
  DP  1.168980E+01  0.000000E+00
  DP  1.185840E+01  0.000000E+00
  DP  1.202940E+01  0.000000E+00
  DP  1.220290E+01  0.000000E+00
  DP  1.237880E+01  0.000000E+00
  DP  1.255730E+01  0.000000E+00
  DP  1.273840E+01  0.000000E+00
  DP  1.292210E+01  0.000000E+00
  DP  1.310840E+01  0.000000E+00
  DP  1.329740E+01  0.000000E+00
  DP  1.348920E+01  0.000000E+00
  DP  1.368370E+01  0.000000E+00
  DP  1.388100E+01  0.000000E+00
  DP  1.408120E+01  0.000000E+00
  DP  1.428420E+01  0.000000E+00
  DP  1.449020E+01  0.000000E+00
  DP  1.469920E+01  2.114903E-08
  DP  1.491110E+01  4.169676E-08
  DP  1.512610E+01  4.110407E-08
  DP  1.534430E+01  0.000000E+00
  DP  1.556550E+01  0.000000E+00
  DP  1.579000E+01  0.000000E+00
  DP  1.601770E+01  0.000000E+00
  DP  1.624860E+01  0.000000E+00
  DP  1.648290E+01  0.000000E+00
  DP  1.672060E+01  0.000000E+00
  DP  1.696170E+01  0.000000E+00
  DP  1.720630E+01  0.000000E+00
  DP  1.745440E+01  0.000000E+00
  DP  1.770610E+01  0.000000E+00
  DP  1.796140E+01  0.000000E+00
  DP  1.822040E+01  0.000000E+00
  DP  1.848320E+01  0.000000E+00
  DP  1.874970E+01  0.000000E+00
  DP  1.902010E+01  0.000000E+00
  DP  1.929430E+01  0.000000E+00
  DP  1.957260E+01  0.000000E+00
  DP  1.985480E+01  0.000000E+00
  DP  2.014110E+01  0.000000E+00
  DP  2.043150E+01  0.000000E+00
  DP  2.072620E+01  0.000000E+00
  DP  2.102500E+01  0.000000E+00
  DP  2.132820E+01  0.000000E+00
  DP  2.163580E+01  0.000000E+00
  DP  2.194770E+01  0.000000E+00
  DP  2.226420E+01  0.000000E+00
  DP  2.258530E+01  0.000000E+00
  DP  2.291100E+01  0.000000E+00
  DP  2.324130E+01  0.000000E+00
  DP  2.357650E+01  0.000000E+00
  DP  2.391640E+01  0.000000E+00
  DP  2.426130E+01  0.000000E+00
  DP  2.461120E+01  0.000000E+00
  DP  2.496600E+01  0.000000E+00
  DP  2.532610E+01  0.000000E+00
  DP  2.569130E+01  0.000000E+00
  DP  2.606170E+01  0.000000E+00
  DP  2.643750E+01  0.000000E+00
  DP  2.681880E+01  0.000000E+00
  DP  2.720550E+01  0.000000E+00
  DP  2.759780E+01  0.000000E+00
  DP  2.799570E+01  0.000000E+00
  DP  2.839940E+01  0.000000E+00
  DP  2.880890E+01  0.000000E+00
  DP  2.922440E+01  0.000000E+00
  DP  2.964580E+01  0.000000E+00
  DP  3.007330E+01  0.000000E+00
  DP  3.050690E+01  0.000000E+00
  DP  3.094680E+01  0.000000E+00
  DP  3.139310E+01  0.000000E+00
  DP  3.184580E+01  0.000000E+00
  DP  3.230500E+01  0.000000E+00
  DP  3.277080E+01  0.000000E+00
  DP  3.324340E+01  0.000000E+00
  DP  3.372270E+01  0.000000E+00
  DP  3.420900E+01  0.000000E+00
  DP  3.470230E+01  0.000000E+00
  DP  3.520270E+01  0.000000E+00
  DP  3.571030E+01  0.000000E+00
  DP  3.622530E+01  0.000000E+00
  DP  3.674760E+01  0.000000E+00
  DP  3.727750E+01  0.000000E+00
  DP  3.781510E+01  0.000000E+00
  DP  3.836040E+01  0.000000E+00
  DP  3.891350E+01  0.000000E+00
  DP  3.947460E+01  0.000000E+00
  DP  4.004390E+01  0.000000E+00
  DP  4.062130E+01  7.652958E-09
  DP  4.120700E+01  7.544171E-09
  DP  4.180120E+01  0.000000E+00
  DP  4.240400E+01  1.466244E-08
  DP  4.301550E+01  0.000000E+00
  DP  4.363570E+01  7.124274E-09
  DP  4.426500E+01  1.404601E-08
  DP  4.490330E+01  2.076950E-08
  DP  4.555080E+01  2.047428E-08
  DP  4.620760E+01  3.363874E-08
  DP  4.687390E+01  6.590033E-08
  DP  4.754980E+01  5.884051E-08
  DP  4.823550E+01  7.032700E-08
  DP  4.893100E+01  8.328339E-08
  DP  4.963660E+01  1.002076E-07
  DP  5.035240E+01  1.605229E-07
  DP  5.107850E+01  2.130161E-07
  DP  5.181500E+01  1.679906E-07
  DP  5.256220E+01  1.892600E-07
  DP  5.332010E+01  2.686061E-07
  DP  5.408900E+01  2.471395E-07
  DP  5.486890E+01  4.357001E-07
  DP  5.566010E+01  5.361793E-07
  DP  5.646280E+01  4.792516E-07
  DP  5.727690E+01  6.732193E-07
  DP  5.810290E+01  8.012399E-07
  DP  5.894070E+01  8.590383E-07
  DP  5.979060E+01  1.050533E-06
  DP  6.065280E+01  1.028874E-06
  DP  6.152740E+01  1.210667E-06
  DP  6.241460E+01  1.436455E-06
  DP  6.331460E+01  1.635511E-06
  DP  6.422760E+01  1.711676E-06
  DP  6.515380E+01  2.067850E-06
  DP  6.609330E+01  2.211565E-06
  DP  6.704640E+01  2.525801E-06
  DP  6.801320E+01  2.753452E-06
  DP  6.899390E+01  3.039979E-06
  DP  6.998880E+01  3.276529E-06
  DP  7.099800E+01  3.438702E-06
  DP  7.202180E+01  3.941909E-06
  DP  7.306040E+01  4.431344E-06
  DP  7.411390E+01  4.530856E-06
  DP  7.518260E+01  4.861962E-06
  DP  7.626670E+01  5.317607E-06
  DP  7.736650E+01  5.505149E-06
  DP  7.848210E+01  5.652598E-06
  DP  7.961380E+01  6.139218E-06
  DP  8.076180E+01  6.657399E-06
  DP  8.192640E+01  7.105255E-06
  DP  8.310780E+01  7.272868E-06
  DP  8.430620E+01  7.301103E-06
  DP  8.552190E+01  7.797842E-06
  DP  8.675510E+01  8.450504E-06
  DP  8.800610E+01  8.353115E-06
  DP  8.927510E+01  8.559383E-06
  DP  9.056250E+01  9.240229E-06
  DP  9.186840E+01  9.077287E-06
  DP  9.319310E+01  9.631875E-06
  DP  9.453690E+01  1.058279E-05
  DP  9.590010E+01  1.113537E-05
  DP  9.728300E+01  1.233730E-05
  DP  9.868580E+01  1.286281E-05
  DP  1.001090E+02  1.411646E-05
  DP  1.015520E+02  1.498815E-05
  DP  1.030170E+02  1.544899E-05
  DP  1.045020E+02  1.486883E-05
  DP  1.060090E+02  1.487953E-05
  DP  1.075380E+02  1.441460E-05
  DP  1.090890E+02  1.409874E-05
  DP  1.106620E+02  1.401668E-05
  DP  1.122570E+02  1.410417E-05
  DP  1.138760E+02  1.393638E-05
  DP  1.155180E+02  1.410367E-05
  DP  1.171840E+02  1.391533E-05
  DP  1.188740E+02  1.351649E-05
  DP  1.205880E+02  1.396563E-05
  DP  1.223270E+02  1.417921E-05
  DP  1.240910E+02  1.428082E-05
  DP  1.258800E+02  1.424288E-05
  DP  1.276950E+02  1.427923E-05
  DP  1.295370E+02  1.397800E-05
  DP  1.314040E+02  1.424865E-05
  DP  1.332990E+02  1.493568E-05
  DP  1.352210E+02  1.495423E-05
  DP  1.371710E+02  1.496960E-05
  DP  1.391490E+02  1.512711E-05
  DP  1.411560E+02  1.532548E-05
  DP  1.431910E+02  1.526774E-05
  DP  1.452560E+02  1.542175E-05
  DP  1.473510E+02  1.516229E-05
  DP  1.494750E+02  1.611839E-05
  DP  1.516310E+02  2.128565E-05
  DP  1.538170E+02  3.623094E-05
  DP  1.560350E+02  5.431975E-05
  DP  1.582850E+02  6.996987E-05
  DP  1.605680E+02  8.180555E-05
  DP  1.628830E+02  8.666674E-05
  DP  1.652320E+02  7.383518E-05
  DP  1.676150E+02  2.084955E-05
  DP  1.700320E+02  8.314034E-06
  DP  1.724830E+02  8.269062E-06
  DP  1.749710E+02  8.182602E-06
  DP  1.774940E+02  8.375551E-06
  DP  1.800530E+02  8.291122E-06
  DP  1.826490E+02  8.015767E-06
  DP  1.852830E+02  8.182235E-06
  DP  1.879550E+02  8.117618E-06
  DP  1.906650E+02  8.304943E-06
  DP  1.934150E+02  8.407220E-06
  DP  1.962040E+02  8.586623E-06
  DP  1.990330E+02  8.743382E-06
  DP  2.019030E+02  8.795105E-06
  DP  2.048140E+02  8.901561E-06
  DP  2.077680E+02  8.551862E-06
  DP  2.107640E+02  8.570663E-06
  DP  2.138030E+02  8.419253E-06
  DP  2.168860E+02  8.348060E-06
  DP  2.200130E+02  8.345553E-06
  DP  2.231860E+02  8.089842E-06
  DP  2.264040E+02  8.212759E-06
  DP  2.296690E+02  8.010135E-06
  DP  2.329810E+02  7.784498E-06
  DP  2.363400E+02  7.682120E-06
  DP  2.397480E+02  7.556429E-06
  DP  2.432060E+02  7.435209E-06
  DP  2.467130E+02  7.269885E-06
  DP  2.502700E+02  7.204901E-06
  DP  2.538790E+02  7.091226E-06
  DP  2.575400E+02  7.820896E-06
  DP  2.612540E+02  1.085018E-05
  DP  2.650210E+02  1.541916E-05
  DP  2.688430E+02  1.863613E-05
  DP  2.727190E+02  2.154193E-05
  DP  2.766520E+02  2.310233E-05
  DP  2.806410E+02  2.276884E-05
  DP  2.846880E+02  1.152267E-05
  DP  2.887930E+02  5.372689E-06
  DP  2.929570E+02  4.734893E-06
  DP  2.971820E+02  4.796100E-06
  DP  3.014670E+02  4.677604E-06
  DP  3.058140E+02  4.631245E-06
  DP  3.102240E+02  4.518422E-06
  DP  3.146980E+02  4.311511E-06
  DP  3.192350E+02  4.460574E-06
  DP  3.238390E+02  4.288808E-06
  DP  3.285080E+02  4.362516E-06
  DP  3.332460E+02  4.170395E-06
  DP  3.380510E+02  4.199190E-06
  DP  3.429260E+02  4.189330E-06
  DP  3.478710E+02  4.073624E-06
  DP  3.528870E+02  4.121512E-06
  DP  3.579750E+02  3.907783E-06
  DP  3.631370E+02  3.987933E-06
  DP  3.683740E+02  3.820922E-06
  DP  3.736860E+02  3.730059E-06
  DP  3.790740E+02  3.774262E-06
  DP  3.845400E+02  3.733702E-06
  DP  3.900850E+02  3.681469E-06
  DP  3.957100E+02  3.675711E-06
  DP  4.014170E+02  3.600934E-06
  DP  4.072050E+02  3.591358E-06
  DP  4.130770E+02  3.613936E-06
  DP  4.190330E+02  3.569323E-06
  DP  4.250760E+02  3.464697E-06
  DP  4.312050E+02  3.417520E-06
  DP  4.374230E+02  3.412924E-06
  DP  4.437310E+02  3.444560E-06
  DP  4.501290E+02  3.352518E-06
  DP  4.566200E+02  3.932625E-06
  DP  4.632050E+02  5.708784E-06
  DP  4.698840E+02  8.623223E-06
  DP  4.766600E+02  1.075216E-05
  DP  4.835330E+02  1.285604E-05
  DP  4.905060E+02  1.438644E-05
  DP  4.975790E+02  1.485396E-05
  DP  5.047540E+02  1.016048E-05
  DP  5.120320E+02  5.895198E-06
  DP  5.194160E+02  5.900020E-06
  DP  5.269050E+02  5.966425E-06
  DP  5.345030E+02  5.002936E-06
  DP  5.422110E+02  2.749290E-06
  DP  5.500290E+02  2.268403E-06
  DP  5.579610E+02  2.237402E-06
  DP  5.660070E+02  2.246351E-06
  DP  5.741680E+02  2.133211E-06
  DP  5.824480E+02  2.157243E-06
  DP  5.908470E+02  2.083033E-06
  DP  5.993670E+02  2.192288E-06
  DP  6.080090E+02  2.161646E-06
  DP  6.167770E+02  2.151694E-06
  DP  6.256710E+02  2.137581E-06
  DP  6.346930E+02  2.063622E-06
  DP  6.438450E+02  2.049467E-06
  DP  6.531290E+02  2.050320E-06
  DP  6.625470E+02  2.063363E-06
  DP  6.721010E+02  2.063723E-06
  DP  6.817930E+02  2.016369E-06
  DP  6.916240E+02  2.007253E-06
  DP  7.015970E+02  2.066505E-06
  DP  7.117140E+02  2.503766E-06
  DP  7.219770E+02  4.190232E-06
  DP  7.323880E+02  7.067728E-06
  DP  7.429490E+02  9.227278E-06
  DP  7.536620E+02  1.111515E-05
  DP  7.645300E+02  1.295372E-05
  DP  7.755540E+02  1.308658E-05
  DP  7.867380E+02  1.335489E-05
  DP  7.980820E+02  1.233329E-05
  DP  8.095910E+02  1.526950E-05
  DP  8.212650E+02  2.062202E-05
  DP  8.331070E+02  2.157143E-05
  DP  8.451210E+02  2.042883E-05
  DP  8.573070E+02  1.153654E-05
  DP  8.696700E+02  6.672874E-06
  DP  8.822100E+02  5.734838E-06
  DP  8.949320E+02  1.889408E-06
  DP  9.078360E+02  4.041311E-07
  DP  9.209270E+02  3.618732E-07
  DP  9.342070E+02  3.837308E-07
  DP  9.476780E+02  3.844611E-07
  DP  9.613440E+02  3.900772E-07
  DP  9.752060E+02  4.112095E-07
  DP  9.892680E+02  4.830611E-07
  DP  1.003530E+03  6.250662E-07
  DP  1.018000E+03  8.275697E-07
  DP  1.032680E+03  9.090072E-07
  DP  1.047580E+03  1.107847E-06
  DP  1.062680E+03  1.076202E-06
  DP  1.078000E+03  9.611904E-07
  DP  1.093550E+03  5.685956E-07
  DP  1.109320E+03  3.163823E-07
  DP  1.125310E+03  3.257803E-07
  DP  1.141540E+03  3.564368E-07
  DP  1.158000E+03  3.782702E-07
  DP  1.174700E+03  5.622692E-07
  DP  1.191640E+03  1.153771E-06
  DP  1.208820E+03  1.905310E-06
  DP  1.226250E+03  2.505028E-06
  DP  1.243940E+03  3.223644E-06
  DP  1.261870E+03  3.691713E-06
  DP  1.280070E+03  2.865205E-06
  DP  1.298530E+03  1.891405E-06
  DP  1.317250E+03  4.326276E-07
  DP  1.336250E+03  2.760145E-07
  DP  1.355520E+03  3.036194E-07
  DP  1.375060E+03  3.563415E-07
  DP  1.394890E+03  3.263828E-07
  DP  1.415010E+03  2.824812E-07
  DP  1.435410E+03  1.916064E-07
  DP  1.456110E+03  1.516639E-07
  DP  1.477110E+03  2.129919E-07
  DP  1.498400E+03  4.965393E-07
  DP  1.520010E+03  8.863290E-07
  DP  1.541930E+03  1.197807E-06
  DP  1.564160E+03  1.627748E-06
  DP  1.586720E+03  2.050269E-06
  DP  1.609600E+03  1.503344E-06
  DP  1.632810E+03  1.174135E-06
  DP  1.656360E+03  2.662371E-07
  DP  1.680240E+03  1.048586E-07
  DP  1.704470E+03  2.222545E-07
  DP  1.729050E+03  3.657654E-07
  DP  1.753980E+03  4.485232E-07
  DP  1.779270E+03  6.399875E-07
  DP  1.804930E+03  7.411912E-07
  DP  1.830960E+03  5.260610E-07
  DP  1.857360E+03  3.731145E-07
  DP  1.884140E+03  1.033720E-07
  DP  1.911310E+03  6.768400E-08
  DP  1.938870E+03  1.168336E-07
  DP  1.966830E+03  1.944491E-07
  DP  1.995190E+03  2.797571E-07
  DP  2.023960E+03  3.630455E-07
  DP  2.053150E+03  4.808517E-07
  DP  2.082750E+03  3.834083E-07
  DP  2.112790E+03  2.698553E-07
  DP  2.143250E+03  1.234356E-07
  DP  2.174160E+03  3.946630E-08
  DP  2.205510E+03  3.768237E-08
  DP  2.237310E+03  4.109062E-08
  DP  2.269570E+03  4.225603E-08
  DP  2.302300E+03  3.717132E-08
  DP  2.335500E+03  3.041892E-08
  DP  2.369180E+03  3.190612E-08
  DP  2.403340E+03  2.755758E-08
  DP  2.438000E+03  3.777488E-08
  DP  2.473150E+03  7.871492E-08
  DP  2.508810E+03  1.753815E-07
  DP  2.544990E+03  2.711237E-07
  DP  2.581690E+03  3.660387E-07
  DP  2.618920E+03  5.863955E-07
  DP  2.656680E+03  4.979097E-07
  DP  2.694990E+03  3.354365E-07
  DP  2.733850E+03  1.497595E-07
  DP  2.773270E+03  2.164086E-08
  DP  2.813260E+03  1.093976E-08
  DP  2.853830E+03  1.372539E-08
  DP  2.894980E+03  1.546319E-08
  DP  2.936730E+03  2.205148E-08
  DP  2.979080E+03  2.391177E-08
  DP  3.022030E+03  4.203969E-08
  DP  3.065610E+03  5.964085E-08
  DP  3.109820E+03  8.621718E-08
  DP  3.154660E+03  1.446615E-07
  DP  3.200150E+03  1.916557E-07
  DP  3.246300E+03  2.877772E-07
  DP  3.293110E+03  3.542943E-07
  DP  3.340590E+03  2.497650E-07
  DP  3.388770E+03  1.515511E-07
  DP  3.437630E+03  6.120910E-08
  DP  3.487200E+03  2.653338E-08
  DP  3.537490E+03  2.013336E-08
  DP  3.588500E+03  1.286222E-08
  DP  3.640240E+03  4.355347E-09
  DP  3.692730E+03  2.525550E-10
  DP  3.745980E+03  0.000000E+00
  DP  3.800000E+03  0.000000E+00
  
 EN
