 # final1D_0_1p38_0p6_1p25_edge/final1D_0_1p38_0p6_1p25_edge_400_100/quickspec.dat                     
 #    1.0000000000000000      =Mpc
  DP  3.000000E+00  0.000000E+00
  DP  3.043260E+00  0.000000E+00
  DP  3.087140E+00  0.000000E+00
  DP  3.131660E+00  0.000000E+00
  DP  3.176820E+00  0.000000E+00
  DP  3.222630E+00  0.000000E+00
  DP  3.269100E+00  0.000000E+00
  DP  3.316240E+00  0.000000E+00
  DP  3.364060E+00  0.000000E+00
  DP  3.412570E+00  0.000000E+00
  DP  3.461780E+00  0.000000E+00
  DP  3.511690E+00  0.000000E+00
  DP  3.562330E+00  0.000000E+00
  DP  3.613700E+00  0.000000E+00
  DP  3.665810E+00  0.000000E+00
  DP  3.718670E+00  0.000000E+00
  DP  3.772290E+00  0.000000E+00
  DP  3.826690E+00  0.000000E+00
  DP  3.881870E+00  0.000000E+00
  DP  3.937850E+00  0.000000E+00
  DP  3.994630E+00  0.000000E+00
  DP  4.052230E+00  0.000000E+00
  DP  4.110660E+00  7.079469E-10
  DP  4.169940E+00  0.000000E+00
  DP  4.230070E+00  3.439813E-09
  DP  4.291070E+00  1.356371E-09
  DP  4.352940E+00  1.337085E-09
  DP  4.415710E+00  0.000000E+00
  DP  4.479390E+00  0.000000E+00
  DP  4.543980E+00  0.000000E+00
  DP  4.609500E+00  0.000000E+00
  DP  4.675970E+00  0.000000E+00
  DP  4.743400E+00  0.000000E+00
  DP  4.811800E+00  0.000000E+00
  DP  4.881180E+00  0.000000E+00
  DP  4.951570E+00  0.000000E+00
  DP  5.022970E+00  0.000000E+00
  DP  5.095400E+00  0.000000E+00
  DP  5.168880E+00  0.000000E+00
  DP  5.243410E+00  0.000000E+00
  DP  5.319020E+00  0.000000E+00
  DP  5.395720E+00  0.000000E+00
  DP  5.473530E+00  0.000000E+00
  DP  5.552450E+00  0.000000E+00
  DP  5.632520E+00  0.000000E+00
  DP  5.713740E+00  0.000000E+00
  DP  5.796130E+00  0.000000E+00
  DP  5.879710E+00  4.949450E-10
  DP  5.964500E+00  2.439542E-09
  DP  6.050500E+00  2.226907E-07
  DP  6.137750E+00  1.467012E-06
  DP  6.226260E+00  3.801979E-06
  DP  6.316040E+00  5.884277E-06
  DP  6.407120E+00  7.046981E-06
  DP  6.499510E+00  7.950172E-06
  DP  6.593230E+00  8.267391E-06
  DP  6.688300E+00  6.819948E-06
  DP  6.784750E+00  1.571571E-06
  DP  6.882580E+00  6.267809E-07
  DP  6.981830E+00  8.540164E-07
  DP  7.082500E+00  9.740754E-07
  DP  7.184630E+00  1.076545E-06
  DP  7.288240E+00  1.048335E-06
  DP  7.393330E+00  7.255112E-07
  DP  7.499940E+00  9.428908E-08
  DP  7.608090E+00  0.000000E+00
  DP  7.717800E+00  0.000000E+00
  DP  7.829090E+00  0.000000E+00
  DP  7.941980E+00  0.000000E+00
  DP  8.056510E+00  0.000000E+00
  DP  8.172680E+00  0.000000E+00
  DP  8.290530E+00  0.000000E+00
  DP  8.410080E+00  0.000000E+00
  DP  8.531350E+00  0.000000E+00
  DP  8.654370E+00  0.000000E+00
  DP  8.779170E+00  0.000000E+00
  DP  8.905760E+00  0.000000E+00
  DP  9.034180E+00  0.000000E+00
  DP  9.164450E+00  0.000000E+00
  DP  9.296600E+00  0.000000E+00
  DP  9.430660E+00  0.000000E+00
  DP  9.566650E+00  0.000000E+00
  DP  9.704600E+00  0.000000E+00
  DP  9.844540E+00  0.000000E+00
  DP  9.986500E+00  0.000000E+00
  DP  1.013050E+01  0.000000E+00
  DP  1.027660E+01  0.000000E+00
  DP  1.042480E+01  0.000000E+00
  DP  1.057510E+01  0.000000E+00
  DP  1.072760E+01  0.000000E+00
  DP  1.088230E+01  0.000000E+00
  DP  1.103920E+01  0.000000E+00
  DP  1.119840E+01  0.000000E+00
  DP  1.135990E+01  0.000000E+00
  DP  1.152370E+01  0.000000E+00
  DP  1.168980E+01  0.000000E+00
  DP  1.185840E+01  2.454065E-10
  DP  1.202940E+01  0.000000E+00
  DP  1.220290E+01  0.000000E+00
  DP  1.237880E+01  0.000000E+00
  DP  1.255730E+01  2.317477E-10
  DP  1.273840E+01  2.284530E-10
  DP  1.292210E+01  1.126029E-09
  DP  1.310840E+01  2.220047E-10
  DP  1.329740E+01  2.407338E-09
  DP  1.348920E+01  3.581247E-08
  DP  1.368370E+01  2.454457E-07
  DP  1.388100E+01  6.006300E-07
  DP  1.408120E+01  7.609139E-07
  DP  1.428420E+01  1.173942E-06
  DP  1.449020E+01  1.978968E-06
  DP  1.469920E+01  1.981491E-06
  DP  1.491110E+01  1.027838E-06
  DP  1.512610E+01  5.577411E-07
  DP  1.534430E+01  4.874162E-08
  DP  1.556550E+01  0.000000E+00
  DP  1.579000E+01  0.000000E+00
  DP  1.601770E+01  0.000000E+00
  DP  1.624860E+01  0.000000E+00
  DP  1.648290E+01  0.000000E+00
  DP  1.672060E+01  0.000000E+00
  DP  1.696170E+01  0.000000E+00
  DP  1.720630E+01  0.000000E+00
  DP  1.745440E+01  0.000000E+00
  DP  1.770610E+01  0.000000E+00
  DP  1.796140E+01  0.000000E+00
  DP  1.822040E+01  0.000000E+00
  DP  1.848320E+01  0.000000E+00
  DP  1.874970E+01  0.000000E+00
  DP  1.902010E+01  0.000000E+00
  DP  1.929430E+01  0.000000E+00
  DP  1.957260E+01  0.000000E+00
  DP  1.985480E+01  0.000000E+00
  DP  2.014110E+01  0.000000E+00
  DP  2.043150E+01  0.000000E+00
  DP  2.072620E+01  0.000000E+00
  DP  2.102500E+01  0.000000E+00
  DP  2.132820E+01  0.000000E+00
  DP  2.163580E+01  0.000000E+00
  DP  2.194770E+01  0.000000E+00
  DP  2.226420E+01  0.000000E+00
  DP  2.258530E+01  0.000000E+00
  DP  2.291100E+01  0.000000E+00
  DP  2.324130E+01  0.000000E+00
  DP  2.357650E+01  0.000000E+00
  DP  2.391640E+01  0.000000E+00
  DP  2.426130E+01  0.000000E+00
  DP  2.461120E+01  0.000000E+00
  DP  2.496600E+01  0.000000E+00
  DP  2.532610E+01  0.000000E+00
  DP  2.569130E+01  0.000000E+00
  DP  2.606170E+01  0.000000E+00
  DP  2.643750E+01  0.000000E+00
  DP  2.681880E+01  0.000000E+00
  DP  2.720550E+01  0.000000E+00
  DP  2.759780E+01  0.000000E+00
  DP  2.799570E+01  0.000000E+00
  DP  2.839940E+01  0.000000E+00
  DP  2.880890E+01  0.000000E+00
  DP  2.922440E+01  0.000000E+00
  DP  2.964580E+01  0.000000E+00
  DP  3.007330E+01  0.000000E+00
  DP  3.050690E+01  0.000000E+00
  DP  3.094680E+01  0.000000E+00
  DP  3.139310E+01  0.000000E+00
  DP  3.184580E+01  0.000000E+00
  DP  3.230500E+01  0.000000E+00
  DP  3.277080E+01  0.000000E+00
  DP  3.324340E+01  0.000000E+00
  DP  3.372270E+01  0.000000E+00
  DP  3.420900E+01  0.000000E+00
  DP  3.470230E+01  0.000000E+00
  DP  3.520270E+01  0.000000E+00
  DP  3.571030E+01  0.000000E+00
  DP  3.622530E+01  0.000000E+00
  DP  3.674760E+01  0.000000E+00
  DP  3.727750E+01  0.000000E+00
  DP  3.781510E+01  0.000000E+00
  DP  3.836040E+01  0.000000E+00
  DP  3.891350E+01  0.000000E+00
  DP  3.947460E+01  0.000000E+00
  DP  4.004390E+01  0.000000E+00
  DP  4.062130E+01  0.000000E+00
  DP  4.120700E+01  0.000000E+00
  DP  4.180120E+01  0.000000E+00
  DP  4.240400E+01  0.000000E+00
  DP  4.301550E+01  0.000000E+00
  DP  4.363570E+01  0.000000E+00
  DP  4.426500E+01  0.000000E+00
  DP  4.490330E+01  0.000000E+00
  DP  4.555080E+01  6.388762E-11
  DP  4.620760E+01  6.297949E-11
  DP  4.687390E+01  6.208423E-11
  DP  4.754980E+01  0.000000E+00
  DP  4.823550E+01  6.033172E-11
  DP  4.893100E+01  0.000000E+00
  DP  4.963660E+01  0.000000E+00
  DP  5.035240E+01  5.779534E-11
  DP  5.107850E+01  1.139474E-10
  DP  5.181500E+01  1.123280E-10
  DP  5.256220E+01  1.107312E-10
  DP  5.332010E+01  1.637358E-10
  DP  5.408900E+01  5.380268E-10
  DP  5.486890E+01  2.121513E-10
  DP  5.566010E+01  3.659877E-10
  DP  5.646280E+01  3.092446E-10
  DP  5.727690E+01  2.540407E-10
  DP  5.810290E+01  4.507727E-10
  DP  5.894070E+01  4.443644E-10
  DP  5.979060E+01  9.734403E-10
  DP  6.065280E+01  5.757617E-10
  DP  6.152740E+01  1.040556E-09
  DP  6.241460E+01  1.771781E-09
  DP  6.331460E+01  2.022369E-09
  DP  6.422760E+01  2.582647E-09
  DP  6.515380E+01  3.541389E-09
  DP  6.609330E+01  7.397147E-09
  DP  6.704640E+01  1.679764E-08
  DP  6.801320E+01  1.993908E-08
  DP  6.899390E+01  9.028823E-09
  DP  6.998880E+01  3.801603E-09
  DP  7.099800E+01  3.320105E-09
  DP  7.202180E+01  2.464785E-09
  DP  7.306040E+01  3.624698E-09
  DP  7.411390E+01  4.005097E-09
  DP  7.518260E+01  4.619973E-09
  DP  7.626670E+01  9.081465E-09
  DP  7.736650E+01  1.741565E-08
  DP  7.848210E+01  2.202566E-08
  DP  7.961380E+01  1.750891E-08
  DP  8.076180E+01  2.333488E-08
  DP  8.192640E+01  3.530818E-08
  DP  8.310780E+01  4.347149E-08
  DP  8.430620E+01  4.246251E-08
  DP  8.552190E+01  4.081679E-08
  DP  8.675510E+01  3.911409E-08
  DP  8.800610E+01  3.802932E-08
  DP  8.927510E+01  3.690017E-08
  DP  9.056250E+01  3.634349E-08
  DP  9.186840E+01  3.563683E-08
  DP  9.319310E+01  3.103952E-08
  DP  9.453690E+01  3.259917E-08
  DP  9.590010E+01  3.210550E-08
  DP  9.728300E+01  3.200857E-08
  DP  9.868580E+01  3.246723E-08
  DP  1.001090E+02  3.241266E-08
  DP  1.015520E+02  3.352050E-08
  DP  1.030170E+02  3.613058E-08
  DP  1.045020E+02  3.676029E-08
  DP  1.060090E+02  3.758135E-08
  DP  1.075380E+02  3.896853E-08
  DP  1.090890E+02  3.906629E-08
  DP  1.106620E+02  4.316073E-08
  DP  1.122570E+02  4.674337E-08
  DP  1.138760E+02  7.254017E-08
  DP  1.155180E+02  1.598845E-07
  DP  1.171840E+02  2.451516E-07
  DP  1.188740E+02  1.610928E-06
  DP  1.205880E+02  4.105285E-06
  DP  1.223270E+02  4.000492E-06
  DP  1.240910E+02  1.236863E-06
  DP  1.258800E+02  1.579484E-07
  DP  1.276950E+02  1.140076E-07
  DP  1.295370E+02  4.018165E-08
  DP  1.314040E+02  4.252610E-08
  DP  1.332990E+02  2.519241E-07
  DP  1.352210E+02  4.952984E-07
  DP  1.371710E+02  3.949546E-07
  DP  1.391490E+02  9.307161E-08
  DP  1.411560E+02  2.163100E-08
  DP  1.431910E+02  1.577236E-08
  DP  1.452560E+02  9.155750E-09
  DP  1.473510E+02  8.334372E-09
  DP  1.494750E+02  8.215901E-09
  DP  1.516310E+02  8.482925E-09
  DP  1.538170E+02  8.702939E-09
  DP  1.560350E+02  9.550070E-09
  DP  1.582850E+02  9.872946E-09
  DP  1.605680E+02  9.524417E-09
  DP  1.628830E+02  1.070194E-08
  DP  1.652320E+02  1.432009E-08
  DP  1.676150E+02  2.399558E-08
  DP  1.700320E+02  3.438343E-08
  DP  1.724830E+02  3.606457E-08
  DP  1.749710E+02  3.465333E-08
  DP  1.774940E+02  3.315852E-08
  DP  1.800530E+02  3.369907E-08
  DP  1.826490E+02  3.231657E-08
  DP  1.852830E+02  3.113010E-08
  DP  1.879550E+02  3.321200E-08
  DP  1.906650E+02  3.672494E-08
  DP  1.934150E+02  5.065423E-08
  DP  1.962040E+02  6.338843E-08
  DP  1.990330E+02  6.473751E-08
  DP  2.019030E+02  6.527739E-08
  DP  2.048140E+02  6.566979E-08
  DP  2.077680E+02  6.955867E-08
  DP  2.107640E+02  7.470671E-08
  DP  2.138030E+02  7.498079E-08
  DP  2.168860E+02  7.446389E-08
  DP  2.200130E+02  7.337686E-08
  DP  2.231860E+02  7.262958E-08
  DP  2.264040E+02  7.310554E-08
  DP  2.296690E+02  7.320046E-08
  DP  2.329810E+02  7.198533E-08
  DP  2.363400E+02  7.114221E-08
  DP  2.397480E+02  6.963830E-08
  DP  2.432060E+02  6.824602E-08
  DP  2.467130E+02  6.734658E-08
  DP  2.502700E+02  6.625053E-08
  DP  2.538790E+02  6.543097E-08
  DP  2.575400E+02  6.338183E-08
  DP  2.612540E+02  6.184115E-08
  DP  2.650210E+02  6.066521E-08
  DP  2.688430E+02  5.850811E-08
  DP  2.727190E+02  5.784983E-08
  DP  2.766520E+02  5.812858E-08
  DP  2.806410E+02  5.742116E-08
  DP  2.846880E+02  5.507522E-08
  DP  2.887930E+02  5.487041E-08
  DP  2.929570E+02  5.371077E-08
  DP  2.971820E+02  5.336090E-08
  DP  3.014670E+02  5.022974E-08
  DP  3.058140E+02  5.186852E-08
  DP  3.102240E+02  5.034940E-08
  DP  3.146980E+02  5.068815E-08
  DP  3.192350E+02  5.101462E-08
  DP  3.238390E+02  4.951012E-08
  DP  3.285080E+02  4.893907E-08
  DP  3.332460E+02  4.826324E-08
  DP  3.380510E+02  4.931986E-08
  DP  3.429260E+02  4.687380E-08
  DP  3.478710E+02  4.638615E-08
  DP  3.528870E+02  4.794981E-08
  DP  3.579750E+02  4.651784E-08
  DP  3.631370E+02  4.693380E-08
  DP  3.683740E+02  4.573388E-08
  DP  3.736860E+02  4.555172E-08
  DP  3.790740E+02  4.580140E-08
  DP  3.845400E+02  4.623039E-08
  DP  3.900850E+02  4.583373E-08
  DP  3.957100E+02  4.501050E-08
  DP  4.014170E+02  4.538326E-08
  DP  4.072050E+02  4.348720E-08
  DP  4.130770E+02  4.514879E-08
  DP  4.190330E+02  4.420791E-08
  DP  4.250760E+02  4.374072E-08
  DP  4.312050E+02  4.388411E-08
  DP  4.374230E+02  4.475188E-08
  DP  4.437310E+02  4.443920E-08
  DP  4.501290E+02  4.474929E-08
  DP  4.566200E+02  4.355840E-08
  DP  4.632050E+02  4.420657E-08
  DP  4.698840E+02  4.466966E-08
  DP  4.766600E+02  8.182945E-08
  DP  4.835330E+02  1.888029E-07
  DP  4.905060E+02  3.052814E-07
  DP  4.975790E+02  2.371959E-06
  DP  5.047540E+02  5.660002E-06
  DP  5.120320E+02  5.222783E-06
  DP  5.194160E+02  1.547865E-06
  DP  5.269050E+02  2.125156E-07
  DP  5.345030E+02  1.494921E-07
  DP  5.422110E+02  4.488942E-08
  DP  5.500290E+02  2.655001E-08
  DP  5.579610E+02  2.649645E-08
  DP  5.660070E+02  2.570806E-08
  DP  5.741680E+02  2.563127E-08
  DP  5.824480E+02  2.616789E-08
  DP  5.908470E+02  2.581268E-08
  DP  5.993670E+02  2.563720E-08
  DP  6.080090E+02  2.596994E-08
  DP  6.167770E+02  2.648985E-08
  DP  6.256710E+02  2.608417E-08
  DP  6.346930E+02  2.673501E-08
  DP  6.438450E+02  2.662764E-08
  DP  6.531290E+02  2.626800E-08
  DP  6.625470E+02  2.587468E-08
  DP  6.721010E+02  2.682501E-08
  DP  6.817930E+02  2.666248E-08
  DP  6.916240E+02  2.680253E-08
  DP  7.015970E+02  2.693472E-08
  DP  7.117140E+02  3.230679E-08
  DP  7.219770E+02  4.615786E-08
  DP  7.323880E+02  4.929195E-08
  DP  7.429490E+02  3.735908E-08
  DP  7.536620E+02  2.930657E-08
  DP  7.645300E+02  3.514491E-08
  DP  7.755540E+02  5.302775E-08
  DP  7.867380E+02  8.459278E-08
  DP  7.980820E+02  2.246777E-07
  DP  8.095910E+02  3.147537E-07
  DP  8.212650E+02  2.203117E-06
  DP  8.331070E+02  7.938524E-06
  DP  8.451210E+02  9.308916E-06
  DP  8.573070E+02  4.132776E-06
  DP  8.696700E+02  4.596108E-07
  DP  8.822100E+02  2.481105E-07
  DP  8.949320E+02  7.214059E-08
  DP  9.078360E+02  1.177694E-08
  DP  9.209270E+02  1.253199E-08
  DP  9.342070E+02  1.299725E-08
  DP  9.476780E+02  3.410058E-08
  DP  9.613440E+02  1.068607E-07
  DP  9.752060E+02  1.442546E-07
  DP  9.892680E+02  9.414368E-08
  DP  1.003530E+03  1.750882E-07
  DP  1.018000E+03  7.992010E-07
  DP  1.032680E+03  1.114565E-06
  DP  1.047580E+03  6.320218E-07
  DP  1.062680E+03  9.151238E-08
  DP  1.078000E+03  3.763692E-08
  DP  1.093550E+03  2.022034E-08
  DP  1.109320E+03  1.613518E-08
  DP  1.125310E+03  2.337457E-08
  DP  1.141540E+03  6.597779E-08
  DP  1.158000E+03  1.886926E-07
  DP  1.174700E+03  2.680963E-07
  DP  1.191640E+03  3.613434E-07
  DP  1.208820E+03  2.331465E-06
  DP  1.226250E+03  4.425871E-06
  DP  1.243940E+03  3.402144E-06
  DP  1.261870E+03  7.303852E-07
  DP  1.280070E+03  1.308700E-07
  DP  1.298530E+03  8.301441E-08
  DP  1.317250E+03  6.039030E-08
  DP  1.336250E+03  2.055392E-07
  DP  1.355520E+03  2.543649E-07
  DP  1.375060E+03  1.245136E-07
  DP  1.394890E+03  1.773009E-08
  DP  1.415010E+03  1.602012E-08
  DP  1.435410E+03  1.484167E-08
  DP  1.456110E+03  8.181541E-09
  DP  1.477110E+03  2.475615E-09
  DP  1.498400E+03  1.979970E-09
  DP  1.520010E+03  1.713514E-09
  DP  1.541930E+03  1.646424E-09
  DP  1.564160E+03  1.599029E-09
  DP  1.586720E+03  1.695323E-09
  DP  1.609600E+03  1.688655E-09
  DP  1.632810E+03  2.042498E-09
  DP  1.656360E+03  7.669085E-09
  DP  1.680240E+03  2.049024E-08
  DP  1.704470E+03  4.696321E-08
  DP  1.729050E+03  3.670957E-07
  DP  1.753980E+03  7.350746E-07
  DP  1.779270E+03  6.016586E-07
  DP  1.804930E+03  1.570568E-07
  DP  1.830960E+03  3.234799E-08
  DP  1.857360E+03  1.573501E-08
  DP  1.884140E+03  5.771839E-09
  DP  1.911310E+03  2.017756E-08
  DP  1.938870E+03  4.569227E-08
  DP  1.966830E+03  1.361200E-07
  DP  1.995190E+03  3.610259E-07
  DP  2.023960E+03  4.219637E-07
  DP  2.053150E+03  2.077334E-07
  DP  2.082750E+03  2.953469E-08
  DP  2.112790E+03  1.120949E-08
  DP  2.143250E+03  6.493897E-09
  DP  2.174160E+03  1.067562E-08
  DP  2.205510E+03  1.290726E-08
  DP  2.237310E+03  6.525775E-09
  DP  2.269570E+03  1.165495E-09
  DP  2.302300E+03  8.369618E-10
  DP  2.335500E+03  5.918704E-10
  DP  2.369180E+03  5.466068E-10
  DP  2.403340E+03  1.196337E-09
  DP  2.438000E+03  7.801744E-09
  DP  2.473150E+03  1.455072E-08
  DP  2.508810E+03  6.428729E-08
  DP  2.544990E+03  3.578423E-07
  DP  2.581690E+03  5.340845E-07
  DP  2.618920E+03  3.262023E-07
  DP  2.656680E+03  4.897617E-08
  DP  2.694990E+03  1.422609E-08
  DP  2.733850E+03  6.169726E-09
  DP  2.773270E+03  6.799777E-10
  DP  2.813260E+03  3.837743E-10
  DP  2.853830E+03  8.866633E-10
  DP  2.894980E+03  1.771263E-09
  DP  2.936730E+03  1.359847E-08
  DP  2.979080E+03  2.734316E-08
  DP  3.022030E+03  2.402241E-08
  DP  3.065610E+03  1.175463E-08
  DP  3.109820E+03  3.060844E-08
  DP  3.154660E+03  1.170441E-07
  DP  3.200150E+03  2.555114E-07
  DP  3.246300E+03  2.549900E-07
  DP  3.293110E+03  1.160247E-07
  DP  3.340590E+03  1.974489E-08
  DP  3.388770E+03  2.216746E-08
  DP  3.437630E+03  2.245758E-08
  DP  3.487200E+03  1.077665E-08
  DP  3.537490E+03  1.360398E-09
  DP  3.588500E+03  5.121241E-10
  DP  3.640240E+03  1.774739E-10
  DP  3.692730E+03  9.456817E-12
  DP  3.745980E+03  0.000000E+00
  DP  3.800000E+03  0.000000E+00
  
 EN
