 # final1D_0_1p38_0p6_1p25_edge/final1D_0_1p38_0p6_1p25_edge_10_100/quickspec.dat                      
 #    1.0000000000000000      =Mpc
  DP  3.000000E+00  0.000000E+00
  DP  3.043260E+00  0.000000E+00
  DP  3.087140E+00  0.000000E+00
  DP  3.131660E+00  0.000000E+00
  DP  3.176820E+00  0.000000E+00
  DP  3.222630E+00  0.000000E+00
  DP  3.269100E+00  0.000000E+00
  DP  3.316240E+00  0.000000E+00
  DP  3.364060E+00  0.000000E+00
  DP  3.412570E+00  0.000000E+00
  DP  3.461780E+00  0.000000E+00
  DP  3.511690E+00  0.000000E+00
  DP  3.562330E+00  0.000000E+00
  DP  3.613700E+00  0.000000E+00
  DP  3.665810E+00  0.000000E+00
  DP  3.718670E+00  0.000000E+00
  DP  3.772290E+00  0.000000E+00
  DP  3.826690E+00  0.000000E+00
  DP  3.881870E+00  0.000000E+00
  DP  3.937850E+00  0.000000E+00
  DP  3.994630E+00  0.000000E+00
  DP  4.052230E+00  0.000000E+00
  DP  4.110660E+00  0.000000E+00
  DP  4.169940E+00  0.000000E+00
  DP  4.230070E+00  0.000000E+00
  DP  4.291070E+00  0.000000E+00
  DP  4.352940E+00  0.000000E+00
  DP  4.415710E+00  0.000000E+00
  DP  4.479390E+00  0.000000E+00
  DP  4.543980E+00  0.000000E+00
  DP  4.609500E+00  0.000000E+00
  DP  4.675970E+00  0.000000E+00
  DP  4.743400E+00  0.000000E+00
  DP  4.811800E+00  0.000000E+00
  DP  4.881180E+00  0.000000E+00
  DP  4.951570E+00  0.000000E+00
  DP  5.022970E+00  0.000000E+00
  DP  5.095400E+00  0.000000E+00
  DP  5.168880E+00  0.000000E+00
  DP  5.243410E+00  0.000000E+00
  DP  5.319020E+00  0.000000E+00
  DP  5.395720E+00  0.000000E+00
  DP  5.473530E+00  0.000000E+00
  DP  5.552450E+00  0.000000E+00
  DP  5.632520E+00  0.000000E+00
  DP  5.713740E+00  0.000000E+00
  DP  5.796130E+00  0.000000E+00
  DP  5.879710E+00  0.000000E+00
  DP  5.964500E+00  0.000000E+00
  DP  6.050500E+00  0.000000E+00
  DP  6.137750E+00  0.000000E+00
  DP  6.226260E+00  0.000000E+00
  DP  6.316040E+00  0.000000E+00
  DP  6.407120E+00  0.000000E+00
  DP  6.499510E+00  0.000000E+00
  DP  6.593230E+00  0.000000E+00
  DP  6.688300E+00  0.000000E+00
  DP  6.784750E+00  0.000000E+00
  DP  6.882580E+00  0.000000E+00
  DP  6.981830E+00  0.000000E+00
  DP  7.082500E+00  0.000000E+00
  DP  7.184630E+00  1.352510E-07
  DP  7.288240E+00  3.999857E-07
  DP  7.393330E+00  0.000000E+00
  DP  7.499940E+00  0.000000E+00
  DP  7.608090E+00  0.000000E+00
  DP  7.717800E+00  0.000000E+00
  DP  7.829090E+00  0.000000E+00
  DP  7.941980E+00  6.117685E-08
  DP  8.056510E+00  0.000000E+00
  DP  8.172680E+00  0.000000E+00
  DP  8.290530E+00  0.000000E+00
  DP  8.410080E+00  0.000000E+00
  DP  8.531350E+00  0.000000E+00
  DP  8.654370E+00  0.000000E+00
  DP  8.779170E+00  0.000000E+00
  DP  8.905760E+00  0.000000E+00
  DP  9.034180E+00  0.000000E+00
  DP  9.164450E+00  0.000000E+00
  DP  9.296600E+00  0.000000E+00
  DP  9.430660E+00  0.000000E+00
  DP  9.566650E+00  0.000000E+00
  DP  9.704600E+00  0.000000E+00
  DP  9.844540E+00  0.000000E+00
  DP  9.986500E+00  0.000000E+00
  DP  1.013050E+01  0.000000E+00
  DP  1.027660E+01  0.000000E+00
  DP  1.042480E+01  0.000000E+00
  DP  1.057510E+01  0.000000E+00
  DP  1.072760E+01  0.000000E+00
  DP  1.088230E+01  0.000000E+00
  DP  1.103920E+01  0.000000E+00
  DP  1.119840E+01  0.000000E+00
  DP  1.135990E+01  0.000000E+00
  DP  1.152370E+01  0.000000E+00
  DP  1.168980E+01  0.000000E+00
  DP  1.185840E+01  0.000000E+00
  DP  1.202940E+01  0.000000E+00
  DP  1.220290E+01  0.000000E+00
  DP  1.237880E+01  0.000000E+00
  DP  1.255730E+01  0.000000E+00
  DP  1.273840E+01  0.000000E+00
  DP  1.292210E+01  0.000000E+00
  DP  1.310840E+01  0.000000E+00
  DP  1.329740E+01  0.000000E+00
  DP  1.348920E+01  0.000000E+00
  DP  1.368370E+01  0.000000E+00
  DP  1.388100E+01  0.000000E+00
  DP  1.408120E+01  0.000000E+00
  DP  1.428420E+01  0.000000E+00
  DP  1.449020E+01  0.000000E+00
  DP  1.469920E+01  0.000000E+00
  DP  1.491110E+01  3.258405E-08
  DP  1.512610E+01  3.212087E-08
  DP  1.534430E+01  0.000000E+00
  DP  1.556550E+01  0.000000E+00
  DP  1.579000E+01  0.000000E+00
  DP  1.601770E+01  0.000000E+00
  DP  1.624860E+01  0.000000E+00
  DP  1.648290E+01  0.000000E+00
  DP  1.672060E+01  0.000000E+00
  DP  1.696170E+01  0.000000E+00
  DP  1.720630E+01  0.000000E+00
  DP  1.745440E+01  0.000000E+00
  DP  1.770610E+01  0.000000E+00
  DP  1.796140E+01  0.000000E+00
  DP  1.822040E+01  0.000000E+00
  DP  1.848320E+01  0.000000E+00
  DP  1.874970E+01  0.000000E+00
  DP  1.902010E+01  0.000000E+00
  DP  1.929430E+01  0.000000E+00
  DP  1.957260E+01  0.000000E+00
  DP  1.985480E+01  0.000000E+00
  DP  2.014110E+01  0.000000E+00
  DP  2.043150E+01  0.000000E+00
  DP  2.072620E+01  0.000000E+00
  DP  2.102500E+01  0.000000E+00
  DP  2.132820E+01  0.000000E+00
  DP  2.163580E+01  0.000000E+00
  DP  2.194770E+01  0.000000E+00
  DP  2.226420E+01  0.000000E+00
  DP  2.258530E+01  0.000000E+00
  DP  2.291100E+01  0.000000E+00
  DP  2.324130E+01  0.000000E+00
  DP  2.357650E+01  0.000000E+00
  DP  2.391640E+01  0.000000E+00
  DP  2.426130E+01  0.000000E+00
  DP  2.461120E+01  0.000000E+00
  DP  2.496600E+01  0.000000E+00
  DP  2.532610E+01  0.000000E+00
  DP  2.569130E+01  0.000000E+00
  DP  2.606170E+01  0.000000E+00
  DP  2.643750E+01  0.000000E+00
  DP  2.681880E+01  0.000000E+00
  DP  2.720550E+01  0.000000E+00
  DP  2.759780E+01  0.000000E+00
  DP  2.799570E+01  0.000000E+00
  DP  2.839940E+01  0.000000E+00
  DP  2.880890E+01  0.000000E+00
  DP  2.922440E+01  0.000000E+00
  DP  2.964580E+01  0.000000E+00
  DP  3.007330E+01  0.000000E+00
  DP  3.050690E+01  0.000000E+00
  DP  3.094680E+01  0.000000E+00
  DP  3.139310E+01  0.000000E+00
  DP  3.184580E+01  0.000000E+00
  DP  3.230500E+01  0.000000E+00
  DP  3.277080E+01  0.000000E+00
  DP  3.324340E+01  0.000000E+00
  DP  3.372270E+01  0.000000E+00
  DP  3.420900E+01  0.000000E+00
  DP  3.470230E+01  0.000000E+00
  DP  3.520270E+01  0.000000E+00
  DP  3.571030E+01  0.000000E+00
  DP  3.622530E+01  0.000000E+00
  DP  3.674760E+01  0.000000E+00
  DP  3.727750E+01  0.000000E+00
  DP  3.781510E+01  0.000000E+00
  DP  3.836040E+01  0.000000E+00
  DP  3.891350E+01  0.000000E+00
  DP  3.947460E+01  0.000000E+00
  DP  4.004390E+01  0.000000E+00
  DP  4.062130E+01  0.000000E+00
  DP  4.120700E+01  0.000000E+00
  DP  4.180120E+01  1.162319E-08
  DP  4.240400E+01  1.145799E-08
  DP  4.301550E+01  1.129514E-08
  DP  4.363570E+01  0.000000E+00
  DP  4.426500E+01  0.000000E+00
  DP  4.490330E+01  1.082027E-08
  DP  4.555080E+01  0.000000E+00
  DP  4.620760E+01  3.154448E-08
  DP  4.687390E+01  1.036536E-08
  DP  4.754980E+01  3.065406E-08
  DP  4.823550E+01  2.014556E-08
  DP  4.893100E+01  3.971840E-08
  DP  4.963660E+01  4.894225E-08
  DP  5.035240E+01  1.929859E-08
  DP  5.107850E+01  1.902427E-08
  DP  5.181500E+01  3.750765E-08
  DP  5.256220E+01  1.016800E-07
  DP  5.332010E+01  5.566390E-08
  DP  5.408900E+01  1.167751E-07
  DP  5.486890E+01  1.682455E-07
  DP  5.566010E+01  1.745827E-07
  DP  5.646280E+01  2.323368E-07
  DP  5.727690E+01  1.951034E-07
  DP  5.810290E+01  2.635340E-07
  DP  5.894070E+01  3.956782E-07
  DP  5.979060E+01  3.744331E-07
  DP  6.065280E+01  3.942953E-07
  DP  6.152740E+01  5.290809E-07
  DP  6.241460E+01  5.710389E-07
  DP  6.331460E+01  6.219344E-07
  DP  6.422760E+01  7.882463E-07
  DP  6.515380E+01  9.740336E-07
  DP  6.609330E+01  1.054686E-06
  DP  6.704640E+01  1.196980E-06
  DP  6.801320E+01  1.240180E-06
  DP  6.899390E+01  1.526323E-06
  DP  6.998880E+01  1.507363E-06
  DP  7.099800E+01  1.937789E-06
  DP  7.202180E+01  2.097807E-06
  DP  7.306040E+01  2.356692E-06
  DP  7.411390E+01  2.468295E-06
  DP  7.518260E+01  2.713660E-06
  DP  7.626670E+01  3.162144E-06
  DP  7.736650E+01  3.518585E-06
  DP  7.848210E+01  3.908643E-06
  DP  7.961380E+01  3.917768E-06
  DP  8.076180E+01  4.175166E-06
  DP  8.192640E+01  4.827803E-06
  DP  8.310780E+01  5.173641E-06
  DP  8.430620E+01  5.005009E-06
  DP  8.552190E+01  5.676789E-06
  DP  8.675510E+01  5.813151E-06
  DP  8.800610E+01  6.187316E-06
  DP  8.927510E+01  6.784168E-06
  DP  9.056250E+01  7.514474E-06
  DP  9.186840E+01  7.474707E-06
  DP  9.319310E+01  8.005689E-06
  DP  9.453690E+01  8.202214E-06
  DP  9.590010E+01  9.374009E-06
  DP  9.728300E+01  1.037756E-05
  DP  9.868580E+01  1.158826E-05
  DP  1.001090E+02  1.261137E-05
  DP  1.015520E+02  1.418105E-05
  DP  1.030170E+02  1.456216E-05
  DP  1.045020E+02  1.500211E-05
  DP  1.060090E+02  1.407409E-05
  DP  1.075380E+02  1.437273E-05
  DP  1.090890E+02  1.451604E-05
  DP  1.106620E+02  1.413835E-05
  DP  1.122570E+02  1.461063E-05
  DP  1.138760E+02  1.422040E-05
  DP  1.155180E+02  1.460269E-05
  DP  1.171840E+02  1.453877E-05
  DP  1.188740E+02  1.447284E-05
  DP  1.205880E+02  1.444618E-05
  DP  1.223270E+02  1.458389E-05
  DP  1.240910E+02  1.566950E-05
  DP  1.258800E+02  1.515285E-05
  DP  1.276950E+02  1.586094E-05
  DP  1.295370E+02  1.527677E-05
  DP  1.314040E+02  1.599539E-05
  DP  1.332990E+02  1.662660E-05
  DP  1.352210E+02  1.699877E-05
  DP  1.371710E+02  1.720483E-05
  DP  1.391490E+02  1.777321E-05
  DP  1.411560E+02  1.797551E-05
  DP  1.431910E+02  1.824967E-05
  DP  1.452560E+02  1.812976E-05
  DP  1.473510E+02  1.844169E-05
  DP  1.494750E+02  1.840216E-05
  DP  1.516310E+02  2.136955E-05
  DP  1.538170E+02  3.109283E-05
  DP  1.560350E+02  4.944219E-05
  DP  1.582850E+02  7.105506E-05
  DP  1.605680E+02  9.051802E-05
  DP  1.628830E+02  1.060067E-04
  DP  1.652320E+02  9.756212E-05
  DP  1.676150E+02  2.897919E-05
  DP  1.700320E+02  8.082222E-06
  DP  1.724830E+02  8.460197E-06
  DP  1.749710E+02  8.593475E-06
  DP  1.774940E+02  8.447830E-06
  DP  1.800530E+02  8.544342E-06
  DP  1.826490E+02  8.471812E-06
  DP  1.852830E+02  8.394686E-06
  DP  1.879550E+02  8.387751E-06
  DP  1.906650E+02  8.879167E-06
  DP  1.934150E+02  8.899890E-06
  DP  1.962040E+02  8.999827E-06
  DP  1.990330E+02  9.045284E-06
  DP  2.019030E+02  9.304403E-06
  DP  2.048140E+02  9.306325E-06
  DP  2.077680E+02  9.347520E-06
  DP  2.107640E+02  9.300810E-06
  DP  2.138030E+02  9.290700E-06
  DP  2.168860E+02  8.981778E-06
  DP  2.200130E+02  9.008685E-06
  DP  2.231860E+02  8.751905E-06
  DP  2.264040E+02  8.512004E-06
  DP  2.296690E+02  8.545261E-06
  DP  2.329810E+02  8.301876E-06
  DP  2.363400E+02  8.321671E-06
  DP  2.397480E+02  7.951651E-06
  DP  2.432060E+02  8.004411E-06
  DP  2.467130E+02  7.668984E-06
  DP  2.502700E+02  7.639755E-06
  DP  2.538790E+02  7.695899E-06
  DP  2.575400E+02  7.824464E-06
  DP  2.612540E+02  9.742926E-06
  DP  2.650210E+02  1.407183E-05
  DP  2.688430E+02  1.979143E-05
  DP  2.727190E+02  2.437829E-05
  DP  2.766520E+02  2.747594E-05
  DP  2.806410E+02  2.983818E-05
  DP  2.846880E+02  1.543512E-05
  DP  2.887930E+02  5.518794E-06
  DP  2.929570E+02  4.739722E-06
  DP  2.971820E+02  4.579922E-06
  DP  3.014670E+02  4.616781E-06
  DP  3.058140E+02  4.518188E-06
  DP  3.102240E+02  4.455059E-06
  DP  3.146980E+02  4.310450E-06
  DP  3.192350E+02  4.254916E-06
  DP  3.238390E+02  4.166560E-06
  DP  3.285080E+02  4.190299E-06
  DP  3.332460E+02  4.029864E-06
  DP  3.380510E+02  4.016277E-06
  DP  3.429260E+02  3.921194E-06
  DP  3.478710E+02  3.834592E-06
  DP  3.528870E+02  3.820320E-06
  DP  3.579750E+02  3.756522E-06
  DP  3.631370E+02  3.676940E-06
  DP  3.683740E+02  3.826412E-06
  DP  3.736860E+02  3.653033E-06
  DP  3.790740E+02  3.636806E-06
  DP  3.845400E+02  3.562596E-06
  DP  3.900850E+02  3.555134E-06
  DP  3.957100E+02  3.519237E-06
  DP  4.014170E+02  3.491428E-06
  DP  4.072050E+02  3.439680E-06
  DP  4.130770E+02  3.391900E-06
  DP  4.190330E+02  3.272618E-06
  DP  4.250760E+02  3.417770E-06
  DP  4.312050E+02  3.303042E-06
  DP  4.374230E+02  3.370743E-06
  DP  4.437310E+02  3.262039E-06
  DP  4.501290E+02  3.298697E-06
  DP  4.566200E+02  3.559296E-06
  DP  4.632050E+02  4.908380E-06
  DP  4.698840E+02  7.636605E-06
  DP  4.766600E+02  1.121751E-05
  DP  4.835330E+02  1.425065E-05
  DP  4.905060E+02  1.665660E-05
  DP  4.975790E+02  1.822802E-05
  DP  5.047540E+02  1.204208E-05
  DP  5.120320E+02  4.712833E-06
  DP  5.194160E+02  4.322716E-06
  DP  5.269050E+02  4.592949E-06
  DP  5.345030E+02  4.081888E-06
  DP  5.422110E+02  2.452569E-06
  DP  5.500290E+02  2.070558E-06
  DP  5.579610E+02  2.035237E-06
  DP  5.660070E+02  2.061583E-06
  DP  5.741680E+02  2.044337E-06
  DP  5.824480E+02  2.118763E-06
  DP  5.908470E+02  2.070967E-06
  DP  5.993670E+02  2.033750E-06
  DP  6.080090E+02  2.041788E-06
  DP  6.167770E+02  2.017856E-06
  DP  6.256710E+02  1.998454E-06
  DP  6.346930E+02  1.997209E-06
  DP  6.438450E+02  1.952596E-06
  DP  6.531290E+02  1.981274E-06
  DP  6.625470E+02  2.026271E-06
  DP  6.721010E+02  2.064968E-06
  DP  6.817930E+02  2.048256E-06
  DP  6.916240E+02  1.981850E-06
  DP  7.015970E+02  2.009033E-06
  DP  7.117140E+02  2.154168E-06
  DP  7.219770E+02  3.476396E-06
  DP  7.323880E+02  6.376378E-06
  DP  7.429490E+02  9.835427E-06
  DP  7.536620E+02  1.264496E-05
  DP  7.645300E+02  1.478652E-05
  DP  7.755540E+02  1.703930E-05
  DP  7.867380E+02  1.552444E-05
  DP  7.980820E+02  1.252581E-05
  DP  8.095910E+02  1.684001E-05
  DP  8.212650E+02  2.148285E-05
  DP  8.331070E+02  2.495602E-05
  DP  8.451210E+02  2.612143E-05
  DP  8.573070E+02  1.144880E-05
  DP  8.696700E+02  4.622814E-06
  DP  8.822100E+02  4.110608E-06
  DP  8.949320E+02  1.415272E-06
  DP  9.078360E+02  2.151110E-07
  DP  9.209270E+02  2.078036E-07
  DP  9.342070E+02  2.071661E-07
  DP  9.476780E+02  2.109914E-07
  DP  9.613440E+02  2.172225E-07
  DP  9.752060E+02  2.389865E-07
  DP  9.892680E+02  2.532770E-07
  DP  1.003530E+03  3.339717E-07
  DP  1.018000E+03  4.473768E-07
  DP  1.032680E+03  5.511466E-07
  DP  1.047580E+03  5.843216E-07
  DP  1.062680E+03  6.748120E-07
  DP  1.078000E+03  6.652310E-07
  DP  1.093550E+03  3.732858E-07
  DP  1.109320E+03  1.888648E-07
  DP  1.125310E+03  1.700604E-07
  DP  1.141540E+03  1.850202E-07
  DP  1.158000E+03  2.250070E-07
  DP  1.174700E+03  2.744260E-07
  DP  1.191640E+03  5.066793E-07
  DP  1.208820E+03  9.339081E-07
  DP  1.226250E+03  1.453977E-06
  DP  1.243940E+03  1.733385E-06
  DP  1.261870E+03  2.060982E-06
  DP  1.280070E+03  2.056704E-06
  DP  1.298530E+03  1.449941E-06
  DP  1.317250E+03  2.954438E-07
  DP  1.336250E+03  1.689566E-07
  DP  1.355520E+03  1.784340E-07
  DP  1.375060E+03  1.955537E-07
  DP  1.394890E+03  2.120969E-07
  DP  1.415010E+03  2.035346E-07
  DP  1.435410E+03  1.268574E-07
  DP  1.456110E+03  9.954667E-08
  DP  1.477110E+03  1.414796E-07
  DP  1.498400E+03  3.271398E-07
  DP  1.520010E+03  7.651311E-07
  DP  1.541930E+03  1.301714E-06
  DP  1.564160E+03  1.755353E-06
  DP  1.586720E+03  2.079825E-06
  DP  1.609600E+03  2.182035E-06
  DP  1.632810E+03  1.792186E-06
  DP  1.656360E+03  3.674634E-07
  DP  1.680240E+03  3.842389E-08
  DP  1.704470E+03  7.798252E-08
  DP  1.729050E+03  1.577111E-07
  DP  1.753980E+03  2.430058E-07
  DP  1.779270E+03  3.095596E-07
  DP  1.804930E+03  3.751693E-07
  DP  1.830960E+03  3.670731E-07
  DP  1.857360E+03  2.730113E-07
  DP  1.884140E+03  6.557603E-08
  DP  1.911310E+03  3.135496E-08
  DP  1.938870E+03  4.305077E-08
  DP  1.966830E+03  8.652051E-08
  DP  1.995190E+03  1.425182E-07
  DP  2.023960E+03  1.874025E-07
  DP  2.053150E+03  2.155998E-07
  DP  2.082750E+03  2.316918E-07
  DP  2.112790E+03  2.004253E-07
  DP  2.143250E+03  8.455768E-08
  DP  2.174160E+03  2.101901E-08
  DP  2.205510E+03  1.567944E-08
  DP  2.237310E+03  1.952195E-08
  DP  2.269570E+03  1.459793E-08
  DP  2.302300E+03  1.627264E-08
  DP  2.335500E+03  1.164442E-08
  DP  2.369180E+03  1.312493E-08
  DP  2.403340E+03  1.051243E-08
  DP  2.438000E+03  1.096090E-08
  DP  2.473150E+03  2.590852E-08
  DP  2.508810E+03  8.015165E-08
  DP  2.544990E+03  1.494830E-07
  DP  2.581690E+03  1.916933E-07
  DP  2.618920E+03  2.541427E-07
  DP  2.656680E+03  2.748789E-07
  DP  2.694990E+03  2.572185E-07
  DP  2.733850E+03  1.249673E-07
  DP  2.773270E+03  1.283139E-08
  DP  2.813260E+03  3.972216E-09
  DP  2.853830E+03  3.575256E-09
  DP  2.894980E+03  7.552351E-09
  DP  2.936730E+03  8.601581E-09
  DP  2.979080E+03  1.240933E-08
  DP  3.022030E+03  1.672052E-08
  DP  3.065610E+03  2.425771E-08
  DP  3.109820E+03  3.958687E-08
  DP  3.154660E+03  6.992491E-08
  DP  3.200150E+03  1.013257E-07
  DP  3.246300E+03  1.408011E-07
  DP  3.293110E+03  1.535214E-07
  DP  3.340590E+03  1.650468E-07
  DP  3.388770E+03  1.246857E-07
  DP  3.437630E+03  5.116411E-08
  DP  3.487200E+03  1.492774E-08
  DP  3.537490E+03  8.538743E-09
  DP  3.588500E+03  9.741673E-09
  DP  3.640240E+03  5.071882E-09
  DP  3.692730E+03  1.315735E-10
  DP  3.745980E+03  0.000000E+00
  DP  3.800000E+03  0.000000E+00
  
 EN
