 # final1D_0_1p38_0p6_1p25_edge/final1D_0_1p38_0p6_1p25_edge_40_100/quickspec.dat                      
 #    1.0000000000000000      =Mpc
  DP  3.000000E+00  0.000000E+00
  DP  3.043260E+00  0.000000E+00
  DP  3.087140E+00  0.000000E+00
  DP  3.131660E+00  0.000000E+00
  DP  3.176820E+00  0.000000E+00
  DP  3.222630E+00  0.000000E+00
  DP  3.269100E+00  0.000000E+00
  DP  3.316240E+00  0.000000E+00
  DP  3.364060E+00  0.000000E+00
  DP  3.412570E+00  0.000000E+00
  DP  3.461780E+00  0.000000E+00
  DP  3.511690E+00  0.000000E+00
  DP  3.562330E+00  0.000000E+00
  DP  3.613700E+00  0.000000E+00
  DP  3.665810E+00  0.000000E+00
  DP  3.718670E+00  0.000000E+00
  DP  3.772290E+00  0.000000E+00
  DP  3.826690E+00  0.000000E+00
  DP  3.881870E+00  0.000000E+00
  DP  3.937850E+00  0.000000E+00
  DP  3.994630E+00  0.000000E+00
  DP  4.052230E+00  0.000000E+00
  DP  4.110660E+00  0.000000E+00
  DP  4.169940E+00  0.000000E+00
  DP  4.230070E+00  0.000000E+00
  DP  4.291070E+00  0.000000E+00
  DP  4.352940E+00  0.000000E+00
  DP  4.415710E+00  0.000000E+00
  DP  4.479390E+00  0.000000E+00
  DP  4.543980E+00  0.000000E+00
  DP  4.609500E+00  0.000000E+00
  DP  4.675970E+00  0.000000E+00
  DP  4.743400E+00  0.000000E+00
  DP  4.811800E+00  0.000000E+00
  DP  4.881180E+00  0.000000E+00
  DP  4.951570E+00  0.000000E+00
  DP  5.022970E+00  0.000000E+00
  DP  5.095400E+00  0.000000E+00
  DP  5.168880E+00  0.000000E+00
  DP  5.243410E+00  0.000000E+00
  DP  5.319020E+00  0.000000E+00
  DP  5.395720E+00  0.000000E+00
  DP  5.473530E+00  0.000000E+00
  DP  5.552450E+00  0.000000E+00
  DP  5.632520E+00  0.000000E+00
  DP  5.713740E+00  0.000000E+00
  DP  5.796130E+00  0.000000E+00
  DP  5.879710E+00  0.000000E+00
  DP  5.964500E+00  0.000000E+00
  DP  6.050500E+00  0.000000E+00
  DP  6.137750E+00  0.000000E+00
  DP  6.226260E+00  0.000000E+00
  DP  6.316040E+00  3.022339E-07
  DP  6.407120E+00  1.114030E-06
  DP  6.499510E+00  2.477319E-06
  DP  6.593230E+00  4.405859E-06
  DP  6.688300E+00  6.154978E-06
  DP  6.784750E+00  6.422236E-06
  DP  6.882580E+00  2.291198E-07
  DP  6.981830E+00  7.845764E-07
  DP  7.082500E+00  1.347630E-06
  DP  7.184630E+00  2.379705E-06
  DP  7.288240E+00  3.108857E-06
  DP  7.393330E+00  1.706337E-06
  DP  7.499940E+00  8.521029E-07
  DP  7.608090E+00  0.000000E+00
  DP  7.717800E+00  5.376968E-08
  DP  7.829090E+00  8.480836E-08
  DP  7.941980E+00  1.358552E-07
  DP  8.056510E+00  1.957342E-07
  DP  8.172680E+00  5.077689E-08
  DP  8.290530E+00  0.000000E+00
  DP  8.410080E+00  0.000000E+00
  DP  8.531350E+00  0.000000E+00
  DP  8.654370E+00  0.000000E+00
  DP  8.779170E+00  0.000000E+00
  DP  8.905760E+00  0.000000E+00
  DP  9.034180E+00  0.000000E+00
  DP  9.164450E+00  0.000000E+00
  DP  9.296600E+00  0.000000E+00
  DP  9.430660E+00  0.000000E+00
  DP  9.566650E+00  0.000000E+00
  DP  9.704600E+00  0.000000E+00
  DP  9.844540E+00  0.000000E+00
  DP  9.986500E+00  0.000000E+00
  DP  1.013050E+01  0.000000E+00
  DP  1.027660E+01  0.000000E+00
  DP  1.042480E+01  0.000000E+00
  DP  1.057510E+01  0.000000E+00
  DP  1.072760E+01  0.000000E+00
  DP  1.088230E+01  0.000000E+00
  DP  1.103920E+01  0.000000E+00
  DP  1.119840E+01  0.000000E+00
  DP  1.135990E+01  0.000000E+00
  DP  1.152370E+01  0.000000E+00
  DP  1.168980E+01  0.000000E+00
  DP  1.185840E+01  0.000000E+00
  DP  1.202940E+01  0.000000E+00
  DP  1.220290E+01  0.000000E+00
  DP  1.237880E+01  0.000000E+00
  DP  1.255730E+01  0.000000E+00
  DP  1.273840E+01  0.000000E+00
  DP  1.292210E+01  0.000000E+00
  DP  1.310840E+01  0.000000E+00
  DP  1.329740E+01  0.000000E+00
  DP  1.348920E+01  0.000000E+00
  DP  1.368370E+01  0.000000E+00
  DP  1.388100E+01  0.000000E+00
  DP  1.408120E+01  0.000000E+00
  DP  1.428420E+01  2.324146E-08
  DP  1.449020E+01  6.300548E-08
  DP  1.469920E+01  6.210988E-08
  DP  1.491110E+01  1.447184E-07
  DP  1.512610E+01  1.975308E-07
  DP  1.534430E+01  5.408971E-08
  DP  1.556550E+01  0.000000E+00
  DP  1.579000E+01  0.000000E+00
  DP  1.601770E+01  0.000000E+00
  DP  1.624860E+01  0.000000E+00
  DP  1.648290E+01  0.000000E+00
  DP  1.672060E+01  0.000000E+00
  DP  1.696170E+01  0.000000E+00
  DP  1.720630E+01  0.000000E+00
  DP  1.745440E+01  0.000000E+00
  DP  1.770610E+01  0.000000E+00
  DP  1.796140E+01  0.000000E+00
  DP  1.822040E+01  0.000000E+00
  DP  1.848320E+01  0.000000E+00
  DP  1.874970E+01  0.000000E+00
  DP  1.902010E+01  0.000000E+00
  DP  1.929430E+01  0.000000E+00
  DP  1.957260E+01  0.000000E+00
  DP  1.985480E+01  0.000000E+00
  DP  2.014110E+01  0.000000E+00
  DP  2.043150E+01  0.000000E+00
  DP  2.072620E+01  0.000000E+00
  DP  2.102500E+01  0.000000E+00
  DP  2.132820E+01  0.000000E+00
  DP  2.163580E+01  0.000000E+00
  DP  2.194770E+01  0.000000E+00
  DP  2.226420E+01  0.000000E+00
  DP  2.258530E+01  0.000000E+00
  DP  2.291100E+01  0.000000E+00
  DP  2.324130E+01  0.000000E+00
  DP  2.357650E+01  0.000000E+00
  DP  2.391640E+01  0.000000E+00
  DP  2.426130E+01  0.000000E+00
  DP  2.461120E+01  0.000000E+00
  DP  2.496600E+01  0.000000E+00
  DP  2.532610E+01  0.000000E+00
  DP  2.569130E+01  0.000000E+00
  DP  2.606170E+01  0.000000E+00
  DP  2.643750E+01  0.000000E+00
  DP  2.681880E+01  0.000000E+00
  DP  2.720550E+01  0.000000E+00
  DP  2.759780E+01  0.000000E+00
  DP  2.799570E+01  0.000000E+00
  DP  2.839940E+01  0.000000E+00
  DP  2.880890E+01  0.000000E+00
  DP  2.922440E+01  0.000000E+00
  DP  2.964580E+01  0.000000E+00
  DP  3.007330E+01  0.000000E+00
  DP  3.050690E+01  0.000000E+00
  DP  3.094680E+01  0.000000E+00
  DP  3.139310E+01  0.000000E+00
  DP  3.184580E+01  0.000000E+00
  DP  3.230500E+01  0.000000E+00
  DP  3.277080E+01  0.000000E+00
  DP  3.324340E+01  2.496638E-09
  DP  3.372270E+01  0.000000E+00
  DP  3.420900E+01  0.000000E+00
  DP  3.470230E+01  0.000000E+00
  DP  3.520270E+01  0.000000E+00
  DP  3.571030E+01  0.000000E+00
  DP  3.622530E+01  0.000000E+00
  DP  3.674760E+01  6.775678E-09
  DP  3.727750E+01  6.679358E-09
  DP  3.781510E+01  0.000000E+00
  DP  3.836040E+01  1.730886E-08
  DP  3.891350E+01  1.066426E-08
  DP  3.947460E+01  6.307592E-09
  DP  4.004390E+01  1.658114E-08
  DP  4.062130E+01  1.838863E-08
  DP  4.120700E+01  3.222624E-08
  DP  4.180120E+01  2.779706E-08
  DP  4.240400E+01  4.893205E-08
  DP  4.301550E+01  4.630702E-08
  DP  4.363570E+01  5.896301E-08
  DP  4.426500E+01  7.874985E-08
  DP  4.490330E+01  6.838866E-08
  DP  4.555080E+01  1.184346E-07
  DP  4.620760E+01  1.169915E-07
  DP  4.687390E+01  1.736218E-07
  DP  4.754980E+01  1.492640E-07
  DP  4.823550E+01  1.875512E-07
  DP  4.893100E+01  2.357712E-07
  DP  4.963660E+01  2.606436E-07
  DP  5.035240E+01  2.966972E-07
  DP  5.107850E+01  3.363515E-07
  DP  5.181500E+01  4.404914E-07
  DP  5.256220E+01  4.626524E-07
  DP  5.332010E+01  4.934334E-07
  DP  5.408900E+01  6.527463E-07
  DP  5.486890E+01  6.685843E-07
  DP  5.566010E+01  7.936410E-07
  DP  5.646280E+01  8.363936E-07
  DP  5.727690E+01  9.215913E-07
  DP  5.810290E+01  1.053574E-06
  DP  5.894070E+01  1.167951E-06
  DP  5.979060E+01  1.332748E-06
  DP  6.065280E+01  1.392953E-06
  DP  6.152740E+01  1.576802E-06
  DP  6.241460E+01  1.711409E-06
  DP  6.331460E+01  1.946630E-06
  DP  6.422760E+01  2.053679E-06
  DP  6.515380E+01  2.234937E-06
  DP  6.609330E+01  2.371750E-06
  DP  6.704640E+01  2.693205E-06
  DP  6.801320E+01  2.835533E-06
  DP  6.899390E+01  3.049998E-06
  DP  6.998880E+01  3.256190E-06
  DP  7.099800E+01  3.541380E-06
  DP  7.202180E+01  3.712528E-06
  DP  7.306040E+01  3.969182E-06
  DP  7.411390E+01  4.371624E-06
  DP  7.518260E+01  4.512757E-06
  DP  7.626670E+01  4.821636E-06
  DP  7.736650E+01  5.081274E-06
  DP  7.848210E+01  5.254878E-06
  DP  7.961380E+01  5.510037E-06
  DP  8.076180E+01  5.963241E-06
  DP  8.192640E+01  6.146271E-06
  DP  8.310780E+01  6.558798E-06
  DP  8.430620E+01  6.786641E-06
  DP  8.552190E+01  7.129705E-06
  DP  8.675510E+01  7.321208E-06
  DP  8.800610E+01  7.737420E-06
  DP  8.927510E+01  7.988668E-06
  DP  9.056250E+01  8.193315E-06
  DP  9.186840E+01  8.698594E-06
  DP  9.319310E+01  8.942422E-06
  DP  9.453690E+01  9.362060E-06
  DP  9.590010E+01  9.661706E-06
  DP  9.728300E+01  1.003864E-05
  DP  9.868580E+01  1.067846E-05
  DP  1.001090E+02  1.099658E-05
  DP  1.015520E+02  1.143050E-05
  DP  1.030170E+02  1.143644E-05
  DP  1.045020E+02  1.165236E-05
  DP  1.060090E+02  1.190287E-05
  DP  1.075380E+02  1.225641E-05
  DP  1.090890E+02  1.241802E-05
  DP  1.106620E+02  1.272067E-05
  DP  1.122570E+02  1.305232E-05
  DP  1.138760E+02  1.343536E-05
  DP  1.155180E+02  1.347597E-05
  DP  1.171840E+02  1.397825E-05
  DP  1.188740E+02  1.418940E-05
  DP  1.205880E+02  1.457737E-05
  DP  1.223270E+02  1.497144E-05
  DP  1.240910E+02  1.540286E-05
  DP  1.258800E+02  1.498147E-05
  DP  1.276950E+02  1.522613E-05
  DP  1.295370E+02  1.510480E-05
  DP  1.314040E+02  1.503946E-05
  DP  1.332990E+02  1.526808E-05
  DP  1.352210E+02  1.547873E-05
  DP  1.371710E+02  1.541757E-05
  DP  1.391490E+02  1.555369E-05
  DP  1.411560E+02  1.575390E-05
  DP  1.431910E+02  1.555812E-05
  DP  1.452560E+02  1.572173E-05
  DP  1.473510E+02  1.574270E-05
  DP  1.494750E+02  1.672328E-05
  DP  1.516310E+02  1.861215E-05
  DP  1.538170E+02  2.053954E-05
  DP  1.560350E+02  2.373496E-05
  DP  1.582850E+02  3.221488E-05
  DP  1.605680E+02  3.303026E-05
  DP  1.628830E+02  2.022903E-05
  DP  1.652320E+02  1.816794E-05
  DP  1.676150E+02  1.428324E-05
  DP  1.700320E+02  1.382642E-05
  DP  1.724830E+02  1.399521E-05
  DP  1.749710E+02  1.406540E-05
  DP  1.774940E+02  1.397156E-05
  DP  1.800530E+02  1.380787E-05
  DP  1.826490E+02  1.380269E-05
  DP  1.852830E+02  1.390555E-05
  DP  1.879550E+02  1.374537E-05
  DP  1.906650E+02  1.387488E-05
  DP  1.934150E+02  1.396947E-05
  DP  1.962040E+02  1.401376E-05
  DP  1.990330E+02  1.425182E-05
  DP  2.019030E+02  1.425801E-05
  DP  2.048140E+02  1.434098E-05
  DP  2.077680E+02  1.425249E-05
  DP  2.107640E+02  1.416208E-05
  DP  2.138030E+02  1.435285E-05
  DP  2.168860E+02  1.409047E-05
  DP  2.200130E+02  1.414545E-05
  DP  2.231860E+02  1.387589E-05
  DP  2.264040E+02  1.382625E-05
  DP  2.296690E+02  1.356053E-05
  DP  2.329810E+02  1.351566E-05
  DP  2.363400E+02  1.342299E-05
  DP  2.397480E+02  1.320607E-05
  DP  2.432060E+02  1.305458E-05
  DP  2.467130E+02  1.288010E-05
  DP  2.502700E+02  1.275409E-05
  DP  2.538790E+02  1.277732E-05
  DP  2.575400E+02  1.287868E-05
  DP  2.612540E+02  1.318384E-05
  DP  2.650210E+02  1.374052E-05
  DP  2.688430E+02  1.583269E-05
  DP  2.727190E+02  1.783437E-05
  DP  2.766520E+02  1.344539E-05
  DP  2.806410E+02  1.225232E-05
  DP  2.846880E+02  1.134377E-05
  DP  2.887930E+02  1.066560E-05
  DP  2.929570E+02  1.068039E-05
  DP  2.971820E+02  1.037063E-05
  DP  3.014670E+02  1.034013E-05
  DP  3.058140E+02  1.022281E-05
  DP  3.102240E+02  9.993690E-06
  DP  3.146980E+02  9.861080E-06
  DP  3.192350E+02  9.809440E-06
  DP  3.238390E+02  9.607141E-06
  DP  3.285080E+02  9.566865E-06
  DP  3.332460E+02  9.328887E-06
  DP  3.380510E+02  9.323957E-06
  DP  3.429260E+02  9.156920E-06
  DP  3.478710E+02  9.032082E-06
  DP  3.528870E+02  8.985622E-06
  DP  3.579750E+02  8.766110E-06
  DP  3.631370E+02  8.743883E-06
  DP  3.683740E+02  8.686728E-06
  DP  3.736860E+02  8.558965E-06
  DP  3.790740E+02  8.506740E-06
  DP  3.845400E+02  8.367362E-06
  DP  3.900850E+02  8.296144E-06
  DP  3.957100E+02  8.207654E-06
  DP  4.014170E+02  8.144750E-06
  DP  4.072050E+02  8.132876E-06
  DP  4.130770E+02  7.942627E-06
  DP  4.190330E+02  7.901983E-06
  DP  4.250760E+02  7.739868E-06
  DP  4.312050E+02  7.758068E-06
  DP  4.374230E+02  7.696943E-06
  DP  4.437310E+02  7.560164E-06
  DP  4.501290E+02  7.598259E-06
  DP  4.566200E+02  7.760299E-06
  DP  4.632050E+02  7.944507E-06
  DP  4.698840E+02  8.224332E-06
  DP  4.766600E+02  1.011067E-05
  DP  4.835330E+02  1.279754E-05
  DP  4.905060E+02  1.130592E-05
  DP  4.975790E+02  1.170140E-05
  DP  5.047540E+02  1.755336E-05
  DP  5.120320E+02  3.036687E-05
  DP  5.194160E+02  2.408767E-05
  DP  5.269050E+02  9.613241E-06
  DP  5.345030E+02  8.264132E-06
  DP  5.422110E+02  5.642697E-06
  DP  5.500290E+02  5.119093E-06
  DP  5.579610E+02  5.057284E-06
  DP  5.660070E+02  5.069350E-06
  DP  5.741680E+02  4.981002E-06
  DP  5.824480E+02  5.002727E-06
  DP  5.908470E+02  4.904929E-06
  DP  5.993670E+02  4.900559E-06
  DP  6.080090E+02  4.822789E-06
  DP  6.167770E+02  4.801147E-06
  DP  6.256710E+02  4.793569E-06
  DP  6.346930E+02  4.778511E-06
  DP  6.438450E+02  4.778085E-06
  DP  6.531290E+02  4.724389E-06
  DP  6.625470E+02  4.657700E-06
  DP  6.721010E+02  4.675975E-06
  DP  6.817930E+02  4.607121E-06
  DP  6.916240E+02  4.604088E-06
  DP  7.015970E+02  4.602617E-06
  DP  7.117140E+02  4.785179E-06
  DP  7.219770E+02  5.040204E-06
  DP  7.323880E+02  5.472401E-06
  DP  7.429490E+02  7.180501E-06
  DP  7.536620E+02  9.502023E-06
  DP  7.645300E+02  6.961357E-06
  DP  7.755540E+02  5.503536E-06
  DP  7.867380E+02  5.730894E-06
  DP  7.980820E+02  7.819818E-06
  DP  8.095910E+02  1.421355E-05
  DP  8.212650E+02  1.771154E-05
  DP  8.331070E+02  2.185528E-05
  DP  8.451210E+02  4.642083E-05
  DP  8.573070E+02  4.896807E-05
  DP  8.696700E+02  1.161367E-05
  DP  8.822100E+02  7.559446E-06
  DP  8.949320E+02  3.283122E-06
  DP  9.078360E+02  1.793623E-06
  DP  9.209270E+02  1.738290E-06
  DP  9.342070E+02  1.760107E-06
  DP  9.476780E+02  1.783655E-06
  DP  9.613440E+02  1.923150E-06
  DP  9.752060E+02  2.323343E-06
  DP  9.892680E+02  2.677913E-06
  DP  1.003530E+03  2.423557E-06
  DP  1.018000E+03  3.386068E-06
  DP  1.032680E+03  6.273750E-06
  DP  1.047580E+03  7.916071E-06
  DP  1.062680E+03  3.049137E-06
  DP  1.078000E+03  2.107441E-06
  DP  1.093550E+03  1.684761E-06
  DP  1.109320E+03  1.466762E-06
  DP  1.125310E+03  1.491203E-06
  DP  1.141540E+03  1.553614E-06
  DP  1.158000E+03  1.987549E-06
  DP  1.174700E+03  3.441259E-06
  DP  1.191640E+03  4.404087E-06
  DP  1.208820E+03  6.513960E-06
  DP  1.226250E+03  1.738992E-05
  DP  1.243940E+03  3.004015E-05
  DP  1.261870E+03  1.297335E-05
  DP  1.280070E+03  3.512101E-06
  DP  1.298530E+03  2.379671E-06
  DP  1.317250E+03  8.464626E-07
  DP  1.336250E+03  9.867848E-07
  DP  1.355520E+03  1.827557E-06
  DP  1.375060E+03  1.960676E-06
  DP  1.394890E+03  7.210984E-07
  DP  1.415010E+03  5.822342E-07
  DP  1.435410E+03  5.039193E-07
  DP  1.456110E+03  4.815478E-07
  DP  1.477110E+03  4.368156E-07
  DP  1.498400E+03  4.634938E-07
  DP  1.520010E+03  5.240573E-07
  DP  1.541930E+03  8.146713E-07
  DP  1.564160E+03  1.297444E-06
  DP  1.586720E+03  9.364065E-07
  DP  1.609600E+03  4.720612E-07
  DP  1.632810E+03  4.339161E-07
  DP  1.656360E+03  4.020622E-07
  DP  1.680240E+03  5.632686E-07
  DP  1.704470E+03  7.506418E-07
  DP  1.729050E+03  1.313663E-06
  DP  1.753980E+03  3.495523E-06
  DP  1.779270E+03  5.920943E-06
  DP  1.804930E+03  2.765426E-06
  DP  1.830960E+03  8.726503E-07
  DP  1.857360E+03  5.723783E-07
  DP  1.884140E+03  2.970641E-07
  DP  1.911310E+03  3.177828E-07
  DP  1.938870E+03  5.203054E-07
  DP  1.966830E+03  8.374297E-07
  DP  1.995190E+03  1.607126E-06
  DP  2.023960E+03  3.117773E-06
  DP  2.053150E+03  2.924432E-06
  DP  2.082750E+03  7.599011E-07
  DP  2.112790E+03  4.085406E-07
  DP  2.143250E+03  2.328616E-07
  DP  2.174160E+03  1.710331E-07
  DP  2.205510E+03  2.226389E-07
  DP  2.237310E+03  2.126576E-07
  DP  2.269570E+03  1.458322E-07
  DP  2.302300E+03  1.372656E-07
  DP  2.335500E+03  1.332907E-07
  DP  2.369180E+03  1.325554E-07
  DP  2.403340E+03  1.372030E-07
  DP  2.438000E+03  1.830306E-07
  DP  2.473150E+03  3.300393E-07
  DP  2.508810E+03  4.735244E-07
  DP  2.544990E+03  1.308257E-06
  DP  2.581690E+03  3.494955E-06
  DP  2.618920E+03  4.360218E-06
  DP  2.656680E+03  1.061889E-06
  DP  2.694990E+03  4.005991E-07
  DP  2.733850E+03  1.988260E-07
  DP  2.773270E+03  5.784239E-08
  DP  2.813260E+03  4.902873E-08
  DP  2.853830E+03  5.775632E-08
  DP  2.894980E+03  6.372593E-08
  DP  2.936730E+03  9.458822E-08
  DP  2.979080E+03  1.992454E-07
  DP  3.022030E+03  3.153320E-07
  DP  3.065610E+03  2.167345E-07
  DP  3.109820E+03  2.497131E-07
  DP  3.154660E+03  5.715544E-07
  DP  3.200150E+03  1.471508E-06
  DP  3.246300E+03  2.326084E-06
  DP  3.293110E+03  1.778875E-06
  DP  3.340590E+03  3.820195E-07
  DP  3.388770E+03  2.142921E-07
  DP  3.437630E+03  2.121128E-07
  DP  3.487200E+03  1.648304E-07
  DP  3.537490E+03  2.921073E-08
  DP  3.588500E+03  1.254160E-08
  DP  3.640240E+03  4.149555E-09
  DP  3.692730E+03  2.247563E-10
  DP  3.745980E+03  0.000000E+00
  DP  3.800000E+03  0.000000E+00
  
 EN
