 # final1D_0_1p38_0p6_1p25_edge/final1D_0_1p38_0p6_1p25_edge_70_100/quickspec.dat                      
 #    1.0000000000000000      =Mpc
  DP  3.000000E+00  0.000000E+00
  DP  3.043260E+00  0.000000E+00
  DP  3.087140E+00  0.000000E+00
  DP  3.131660E+00  0.000000E+00
  DP  3.176820E+00  0.000000E+00
  DP  3.222630E+00  0.000000E+00
  DP  3.269100E+00  0.000000E+00
  DP  3.316240E+00  0.000000E+00
  DP  3.364060E+00  0.000000E+00
  DP  3.412570E+00  0.000000E+00
  DP  3.461780E+00  0.000000E+00
  DP  3.511690E+00  0.000000E+00
  DP  3.562330E+00  0.000000E+00
  DP  3.613700E+00  0.000000E+00
  DP  3.665810E+00  0.000000E+00
  DP  3.718670E+00  0.000000E+00
  DP  3.772290E+00  0.000000E+00
  DP  3.826690E+00  0.000000E+00
  DP  3.881870E+00  0.000000E+00
  DP  3.937850E+00  0.000000E+00
  DP  3.994630E+00  0.000000E+00
  DP  4.052230E+00  0.000000E+00
  DP  4.110660E+00  0.000000E+00
  DP  4.169940E+00  0.000000E+00
  DP  4.230070E+00  0.000000E+00
  DP  4.291070E+00  0.000000E+00
  DP  4.352940E+00  0.000000E+00
  DP  4.415710E+00  0.000000E+00
  DP  4.479390E+00  0.000000E+00
  DP  4.543980E+00  0.000000E+00
  DP  4.609500E+00  0.000000E+00
  DP  4.675970E+00  0.000000E+00
  DP  4.743400E+00  0.000000E+00
  DP  4.811800E+00  0.000000E+00
  DP  4.881180E+00  0.000000E+00
  DP  4.951570E+00  0.000000E+00
  DP  5.022970E+00  0.000000E+00
  DP  5.095400E+00  0.000000E+00
  DP  5.168880E+00  0.000000E+00
  DP  5.243410E+00  0.000000E+00
  DP  5.319020E+00  0.000000E+00
  DP  5.395720E+00  0.000000E+00
  DP  5.473530E+00  0.000000E+00
  DP  5.552450E+00  0.000000E+00
  DP  5.632520E+00  0.000000E+00
  DP  5.713740E+00  0.000000E+00
  DP  5.796130E+00  0.000000E+00
  DP  5.879710E+00  0.000000E+00
  DP  5.964500E+00  0.000000E+00
  DP  6.050500E+00  8.917270E-09
  DP  6.137750E+00  0.000000E+00
  DP  6.226260E+00  1.993081E-07
  DP  6.316040E+00  1.742652E-06
  DP  6.407120E+00  6.063095E-06
  DP  6.499510E+00  9.861916E-06
  DP  6.593230E+00  1.483624E-05
  DP  6.688300E+00  1.982043E-05
  DP  6.784750E+00  1.154665E-05
  DP  6.882580E+00  1.411061E-07
  DP  6.981830E+00  5.486732E-07
  DP  7.082500E+00  1.287434E-06
  DP  7.184630E+00  2.147759E-06
  DP  7.288240E+00  2.768685E-06
  DP  7.393330E+00  3.240163E-06
  DP  7.499940E+00  1.093483E-06
  DP  7.608090E+00  0.000000E+00
  DP  7.717800E+00  6.990870E-09
  DP  7.829090E+00  0.000000E+00
  DP  7.941980E+00  2.038061E-08
  DP  8.056510E+00  2.678782E-08
  DP  8.172680E+00  0.000000E+00
  DP  8.290530E+00  0.000000E+00
  DP  8.410080E+00  0.000000E+00
  DP  8.531350E+00  0.000000E+00
  DP  8.654370E+00  0.000000E+00
  DP  8.779170E+00  0.000000E+00
  DP  8.905760E+00  0.000000E+00
  DP  9.034180E+00  0.000000E+00
  DP  9.164450E+00  0.000000E+00
  DP  9.296600E+00  0.000000E+00
  DP  9.430660E+00  0.000000E+00
  DP  9.566650E+00  0.000000E+00
  DP  9.704600E+00  0.000000E+00
  DP  9.844540E+00  0.000000E+00
  DP  9.986500E+00  0.000000E+00
  DP  1.013050E+01  0.000000E+00
  DP  1.027660E+01  0.000000E+00
  DP  1.042480E+01  0.000000E+00
  DP  1.057510E+01  0.000000E+00
  DP  1.072760E+01  0.000000E+00
  DP  1.088230E+01  0.000000E+00
  DP  1.103920E+01  0.000000E+00
  DP  1.119840E+01  0.000000E+00
  DP  1.135990E+01  0.000000E+00
  DP  1.152370E+01  0.000000E+00
  DP  1.168980E+01  0.000000E+00
  DP  1.185840E+01  0.000000E+00
  DP  1.202940E+01  0.000000E+00
  DP  1.220290E+01  0.000000E+00
  DP  1.237880E+01  0.000000E+00
  DP  1.255730E+01  0.000000E+00
  DP  1.273840E+01  0.000000E+00
  DP  1.292210E+01  0.000000E+00
  DP  1.310840E+01  0.000000E+00
  DP  1.329740E+01  0.000000E+00
  DP  1.348920E+01  3.999799E-09
  DP  1.368370E+01  0.000000E+00
  DP  1.388100E+01  0.000000E+00
  DP  1.408120E+01  3.065314E-08
  DP  1.428420E+01  7.932073E-08
  DP  1.449020E+01  2.010679E-07
  DP  1.469920E+01  3.303502E-07
  DP  1.491110E+01  4.124955E-07
  DP  1.512610E+01  4.244663E-07
  DP  1.534430E+01  9.142214E-08
  DP  1.556550E+01  0.000000E+00
  DP  1.579000E+01  0.000000E+00
  DP  1.601770E+01  0.000000E+00
  DP  1.624860E+01  0.000000E+00
  DP  1.648290E+01  0.000000E+00
  DP  1.672060E+01  0.000000E+00
  DP  1.696170E+01  0.000000E+00
  DP  1.720630E+01  0.000000E+00
  DP  1.745440E+01  0.000000E+00
  DP  1.770610E+01  0.000000E+00
  DP  1.796140E+01  0.000000E+00
  DP  1.822040E+01  0.000000E+00
  DP  1.848320E+01  0.000000E+00
  DP  1.874970E+01  0.000000E+00
  DP  1.902010E+01  0.000000E+00
  DP  1.929430E+01  0.000000E+00
  DP  1.957260E+01  0.000000E+00
  DP  1.985480E+01  0.000000E+00
  DP  2.014110E+01  0.000000E+00
  DP  2.043150E+01  0.000000E+00
  DP  2.072620E+01  0.000000E+00
  DP  2.102500E+01  0.000000E+00
  DP  2.132820E+01  0.000000E+00
  DP  2.163580E+01  0.000000E+00
  DP  2.194770E+01  0.000000E+00
  DP  2.226420E+01  0.000000E+00
  DP  2.258530E+01  0.000000E+00
  DP  2.291100E+01  0.000000E+00
  DP  2.324130E+01  0.000000E+00
  DP  2.357650E+01  0.000000E+00
  DP  2.391640E+01  0.000000E+00
  DP  2.426130E+01  0.000000E+00
  DP  2.461120E+01  0.000000E+00
  DP  2.496600E+01  0.000000E+00
  DP  2.532610E+01  0.000000E+00
  DP  2.569130E+01  0.000000E+00
  DP  2.606170E+01  0.000000E+00
  DP  2.643750E+01  0.000000E+00
  DP  2.681880E+01  0.000000E+00
  DP  2.720550E+01  0.000000E+00
  DP  2.759780E+01  0.000000E+00
  DP  2.799570E+01  0.000000E+00
  DP  2.839940E+01  0.000000E+00
  DP  2.880890E+01  0.000000E+00
  DP  2.922440E+01  0.000000E+00
  DP  2.964580E+01  0.000000E+00
  DP  3.007330E+01  0.000000E+00
  DP  3.050690E+01  0.000000E+00
  DP  3.094680E+01  0.000000E+00
  DP  3.139310E+01  0.000000E+00
  DP  3.184580E+01  0.000000E+00
  DP  3.230500E+01  0.000000E+00
  DP  3.277080E+01  0.000000E+00
  DP  3.324340E+01  1.623002E-09
  DP  3.372270E+01  0.000000E+00
  DP  3.420900E+01  0.000000E+00
  DP  3.470230E+01  0.000000E+00
  DP  3.520270E+01  0.000000E+00
  DP  3.571030E+01  0.000000E+00
  DP  3.622530E+01  0.000000E+00
  DP  3.674760E+01  0.000000E+00
  DP  3.727750E+01  1.447359E-09
  DP  3.781510E+01  0.000000E+00
  DP  3.836040E+01  0.000000E+00
  DP  3.891350E+01  0.000000E+00
  DP  3.947460E+01  2.733606E-09
  DP  4.004390E+01  1.347380E-09
  DP  4.062130E+01  2.656447E-09
  DP  4.120700E+01  3.928029E-09
  DP  4.180120E+01  0.000000E+00
  DP  4.240400E+01  2.544769E-09
  DP  4.301550E+01  5.017183E-09
  DP  4.363570E+01  6.182327E-09
  DP  4.426500E+01  6.094447E-09
  DP  4.490330E+01  6.007820E-09
  DP  4.555080E+01  1.184479E-08
  DP  4.620760E+01  1.167642E-08
  DP  4.687390E+01  1.611471E-08
  DP  4.754980E+01  2.496313E-08
  DP  4.823550E+01  2.013403E-08
  DP  4.893100E+01  2.756644E-08
  DP  4.963660E+01  3.478343E-08
  DP  5.035240E+01  5.250500E-08
  DP  5.107850E+01  4.225194E-08
  DP  5.181500E+01  6.143572E-08
  DP  5.256220E+01  6.158888E-08
  DP  5.332010E+01  9.511799E-08
  DP  5.408900E+01  7.281801E-08
  DP  5.486890E+01  1.061997E-07
  DP  5.566010E+01  1.221379E-07
  DP  5.646280E+01  1.356905E-07
  DP  5.727690E+01  1.648480E-07
  DP  5.810290E+01  1.829337E-07
  DP  5.894070E+01  2.105411E-07
  DP  5.979060E+01  2.427417E-07
  DP  6.065280E+01  2.608183E-07
  DP  6.152740E+01  3.051652E-07
  DP  6.241460E+01  3.874141E-07
  DP  6.331460E+01  4.263823E-07
  DP  6.422760E+01  4.679050E-07
  DP  6.515380E+01  5.258463E-07
  DP  6.609330E+01  5.689841E-07
  DP  6.704640E+01  6.443761E-07
  DP  6.801320E+01  7.028046E-07
  DP  6.899390E+01  7.788851E-07
  DP  6.998880E+01  8.453596E-07
  DP  7.099800E+01  9.347688E-07
  DP  7.202180E+01  9.783704E-07
  DP  7.306040E+01  1.126029E-06
  DP  7.411390E+01  1.207734E-06
  DP  7.518260E+01  1.304672E-06
  DP  7.626670E+01  1.436814E-06
  DP  7.736650E+01  1.529448E-06
  DP  7.848210E+01  1.605931E-06
  DP  7.961380E+01  1.828493E-06
  DP  8.076180E+01  1.902936E-06
  DP  8.192640E+01  2.070583E-06
  DP  8.310780E+01  2.266648E-06
  DP  8.430620E+01  2.507894E-06
  DP  8.552190E+01  2.688225E-06
  DP  8.675510E+01  2.719627E-06
  DP  8.800610E+01  2.835190E-06
  DP  8.927510E+01  3.165244E-06
  DP  9.056250E+01  3.352008E-06
  DP  9.186840E+01  3.546478E-06
  DP  9.319310E+01  3.593413E-06
  DP  9.453690E+01  3.863320E-06
  DP  9.590010E+01  4.070140E-06
  DP  9.728300E+01  4.300765E-06
  DP  9.868580E+01  4.564840E-06
  DP  1.001090E+02  4.710326E-06
  DP  1.015520E+02  4.789240E-06
  DP  1.030170E+02  5.110269E-06
  DP  1.045020E+02  5.419926E-06
  DP  1.060090E+02  5.699751E-06
  DP  1.075380E+02  5.933703E-06
  DP  1.090890E+02  6.105769E-06
  DP  1.106620E+02  6.328849E-06
  DP  1.122570E+02  6.552949E-06
  DP  1.138760E+02  6.907778E-06
  DP  1.155180E+02  7.257000E-06
  DP  1.171840E+02  7.553413E-06
  DP  1.188740E+02  7.896259E-06
  DP  1.205880E+02  8.864126E-06
  DP  1.223270E+02  1.040104E-05
  DP  1.240910E+02  9.770417E-06
  DP  1.258800E+02  8.516767E-06
  DP  1.276950E+02  8.556876E-06
  DP  1.295370E+02  8.516767E-06
  DP  1.314040E+02  8.736363E-06
  DP  1.332990E+02  8.865714E-06
  DP  1.352210E+02  9.089487E-06
  DP  1.371710E+02  9.295880E-06
  DP  1.391490E+02  9.092662E-06
  DP  1.411560E+02  9.150402E-06
  DP  1.431910E+02  9.254100E-06
  DP  1.452560E+02  9.208393E-06
  DP  1.473510E+02  9.352868E-06
  DP  1.494750E+02  9.456232E-06
  DP  1.516310E+02  9.614745E-06
  DP  1.538170E+02  9.806348E-06
  DP  1.560350E+02  1.056407E-05
  DP  1.582850E+02  1.158333E-05
  DP  1.605680E+02  1.080297E-05
  DP  1.628830E+02  9.875870E-06
  DP  1.652320E+02  9.838185E-06
  DP  1.676150E+02  9.925672E-06
  DP  1.700320E+02  1.020861E-05
  DP  1.724830E+02  1.053934E-05
  DP  1.749710E+02  1.057126E-05
  DP  1.774940E+02  1.056140E-05
  DP  1.800530E+02  1.058646E-05
  DP  1.826490E+02  1.041968E-05
  DP  1.852830E+02  1.052329E-05
  DP  1.879550E+02  1.055655E-05
  DP  1.906650E+02  1.067103E-05
  DP  1.934150E+02  1.088277E-05
  DP  1.962040E+02  1.139833E-05
  DP  1.990330E+02  1.175488E-05
  DP  2.019030E+02  1.171762E-05
  DP  2.048140E+02  1.180126E-05
  DP  2.077680E+02  1.179115E-05
  DP  2.107640E+02  1.201275E-05
  DP  2.138030E+02  1.210834E-05
  DP  2.168860E+02  1.203406E-05
  DP  2.200130E+02  1.185039E-05
  DP  2.231860E+02  1.184872E-05
  DP  2.264040E+02  1.177694E-05
  DP  2.296690E+02  1.142516E-05
  DP  2.329810E+02  1.152267E-05
  DP  2.363400E+02  1.136742E-05
  DP  2.397480E+02  1.115450E-05
  DP  2.432060E+02  1.102808E-05
  DP  2.467130E+02  1.081032E-05
  DP  2.502700E+02  1.076954E-05
  DP  2.538790E+02  1.051176E-05
  DP  2.575400E+02  1.039854E-05
  DP  2.612540E+02  1.025331E-05
  DP  2.650210E+02  1.011661E-05
  DP  2.688430E+02  1.035517E-05
  DP  2.727190E+02  1.024395E-05
  DP  2.766520E+02  9.625859E-06
  DP  2.806410E+02  9.476370E-06
  DP  2.846880E+02  9.350445E-06
  DP  2.887930E+02  9.144135E-06
  DP  2.929570E+02  9.023976E-06
  DP  2.971820E+02  8.868722E-06
  DP  3.014670E+02  8.737783E-06
  DP  3.058140E+02  8.637929E-06
  DP  3.102240E+02  8.530722E-06
  DP  3.146980E+02  8.489443E-06
  DP  3.192350E+02  8.363435E-06
  DP  3.238390E+02  8.231076E-06
  DP  3.285080E+02  8.039740E-06
  DP  3.332460E+02  8.029562E-06
  DP  3.380510E+02  7.863236E-06
  DP  3.429260E+02  7.804343E-06
  DP  3.478710E+02  7.614152E-06
  DP  3.528870E+02  7.647217E-06
  DP  3.579750E+02  7.525178E-06
  DP  3.631370E+02  7.441977E-06
  DP  3.683740E+02  7.321049E-06
  DP  3.736860E+02  7.339240E-06
  DP  3.790740E+02  7.223426E-06
  DP  3.845400E+02  7.098437E-06
  DP  3.900850E+02  7.004741E-06
  DP  3.957100E+02  6.993945E-06
  DP  4.014170E+02  6.971635E-06
  DP  4.072050E+02  6.852653E-06
  DP  4.130770E+02  6.813364E-06
  DP  4.190330E+02  6.804013E-06
  DP  4.250760E+02  6.712465E-06
  DP  4.312050E+02  6.667978E-06
  DP  4.374230E+02  6.635314E-06
  DP  4.437310E+02  6.574691E-06
  DP  4.501290E+02  6.469422E-06
  DP  4.566200E+02  6.448023E-06
  DP  4.632050E+02  6.477670E-06
  DP  4.698840E+02  6.520979E-06
  DP  4.766600E+02  6.921189E-06
  DP  4.835330E+02  8.077693E-06
  DP  4.905060E+02  9.118315E-06
  DP  4.975790E+02  1.430555E-05
  DP  5.047540E+02  3.541681E-05
  DP  5.120320E+02  5.572097E-05
  DP  5.194160E+02  2.740358E-05
  DP  5.269050E+02  7.881185E-06
  DP  5.345030E+02  6.695953E-06
  DP  5.422110E+02  4.657758E-06
  DP  5.500290E+02  4.258668E-06
  DP  5.579610E+02  4.228402E-06
  DP  5.660070E+02  4.193382E-06
  DP  5.741680E+02  4.212634E-06
  DP  5.824480E+02  4.151118E-06
  DP  5.908470E+02  4.099645E-06
  DP  5.993670E+02  4.141809E-06
  DP  6.080090E+02  4.073549E-06
  DP  6.167770E+02  4.091147E-06
  DP  6.256710E+02  4.025627E-06
  DP  6.346930E+02  4.033616E-06
  DP  6.438450E+02  4.029763E-06
  DP  6.531290E+02  3.964094E-06
  DP  6.625470E+02  3.965782E-06
  DP  6.721010E+02  3.957852E-06
  DP  6.817930E+02  3.950657E-06
  DP  6.916240E+02  3.947189E-06
  DP  7.015970E+02  3.921512E-06
  DP  7.117140E+02  3.952838E-06
  DP  7.219770E+02  4.030348E-06
  DP  7.323880E+02  4.190633E-06
  DP  7.429490E+02  4.290863E-06
  DP  7.536620E+02  4.300289E-06
  DP  7.645300E+02  3.996339E-06
  DP  7.755540E+02  4.080760E-06
  DP  7.867380E+02  4.364647E-06
  DP  7.980820E+02  6.001595E-06
  DP  8.095910E+02  8.499554E-06
  DP  8.212650E+02  1.388483E-05
  DP  8.331070E+02  4.675716E-05
  DP  8.451210E+02  9.049880E-05
  DP  8.573070E+02  6.205974E-05
  DP  8.696700E+02  9.910130E-06
  DP  8.822100E+02  6.175559E-06
  DP  8.949320E+02  2.810030E-06
  DP  9.078360E+02  1.615791E-06
  DP  9.209270E+02  1.585768E-06
  DP  9.342070E+02  1.602764E-06
  DP  9.476780E+02  1.656451E-06
  DP  9.613440E+02  2.106781E-06
  DP  9.752060E+02  2.790544E-06
  DP  9.892680E+02  2.771885E-06
  DP  1.003530E+03  2.472456E-06
  DP  1.018000E+03  5.816176E-06
  DP  1.032680E+03  1.134527E-05
  DP  1.047580E+03  1.010457E-05
  DP  1.062680E+03  2.781536E-06
  DP  1.078000E+03  1.837158E-06
  DP  1.093550E+03  1.493434E-06
  DP  1.109320E+03  1.339901E-06
  DP  1.125310E+03  1.396195E-06
  DP  1.141540E+03  1.613426E-06
  DP  1.158000E+03  2.581201E-06
  DP  1.174700E+03  4.370922E-06
  DP  1.191640E+03  4.572385E-06
  DP  1.208820E+03  1.323389E-05
  DP  1.226250E+03  3.660487E-05
  DP  1.243940E+03  4.475715E-05
  DP  1.261870E+03  1.278626E-05
  DP  1.280070E+03  2.796953E-06
  DP  1.298530E+03  1.911109E-06
  DP  1.317250E+03  8.055600E-07
  DP  1.336250E+03  1.660771E-06
  DP  1.355520E+03  2.964858E-06
  DP  1.375060E+03  2.194970E-06
  DP  1.394890E+03  5.944741E-07
  DP  1.415010E+03  4.962193E-07
  DP  1.435410E+03  4.693923E-07
  DP  1.456110E+03  4.188043E-07
  DP  1.477110E+03  3.277540E-07
  DP  1.498400E+03  3.215363E-07
  DP  1.520010E+03  3.299466E-07
  DP  1.541930E+03  3.544873E-07
  DP  1.564160E+03  3.761310E-07
  DP  1.586720E+03  3.404142E-07
  DP  1.609600E+03  3.122394E-07
  DP  1.632810E+03  3.142908E-07
  DP  1.656360E+03  3.652081E-07
  DP  1.680240E+03  5.647543E-07
  DP  1.704470E+03  7.406832E-07
  DP  1.729050E+03  2.457357E-06
  DP  1.753980E+03  6.725350E-06
  DP  1.779270E+03  8.212550E-06
  DP  1.804930E+03  2.735553E-06
  DP  1.830960E+03  7.543603E-07
  DP  1.857360E+03  4.663182E-07
  DP  1.884140E+03  2.509682E-07
  DP  1.911310E+03  3.484326E-07
  DP  1.938870E+03  6.244145E-07
  DP  1.966830E+03  1.212213E-06
  DP  1.995190E+03  3.039670E-06
  DP  2.023960E+03  4.955491E-06
  DP  2.053150E+03  3.337728E-06
  DP  2.082750E+03  6.511403E-07
  DP  2.112790E+03  3.201851E-07
  DP  2.143250E+03  1.960718E-07
  DP  2.174160E+03  1.903204E-07
  DP  2.205510E+03  2.562684E-07
  DP  2.237310E+03  2.051773E-07
  DP  2.269570E+03  1.163172E-07
  DP  2.302300E+03  1.146125E-07
  DP  2.335500E+03  1.118893E-07
  DP  2.369180E+03  1.098530E-07
  DP  2.403340E+03  1.118425E-07
  DP  2.438000E+03  1.842681E-07
  DP  2.473150E+03  3.315752E-07
  DP  2.508810E+03  5.746712E-07
  DP  2.544990E+03  2.737024E-06
  DP  2.581690E+03  5.962731E-06
  DP  2.618920E+03  5.092504E-06
  DP  2.656680E+03  9.356796E-07
  DP  2.694990E+03  3.095011E-07
  DP  2.733850E+03  1.599488E-07
  DP  2.773270E+03  4.895654E-08
  DP  2.813260E+03  4.154368E-08
  DP  2.853830E+03  4.740600E-08
  DP  2.894980E+03  5.837625E-08
  DP  2.936730E+03  1.342424E-07
  DP  2.979080E+03  3.134134E-07
  DP  3.022030E+03  3.795219E-07
  DP  3.065610E+03  2.120736E-07
  DP  3.109820E+03  3.140242E-07
  DP  3.154660E+03  1.011602E-06
  DP  3.200150E+03  2.565768E-06
  DP  3.246300E+03  3.307287E-06
  DP  3.293110E+03  1.899277E-06
  DP  3.340590E+03  3.320005E-07
  DP  3.388770E+03  2.530071E-07
  DP  3.437630E+03  2.902932E-07
  DP  3.487200E+03  1.746345E-07
  DP  3.537490E+03  2.356074E-08
  DP  3.588500E+03  1.038634E-08
  DP  3.640240E+03  3.927720E-09
  DP  3.692730E+03  1.314983E-10
  DP  3.745980E+03  0.000000E+00
  DP  3.800000E+03  0.000000E+00
  
 EN
